#
# There is insufficient memory for the Java Runtime Environment to continue.
# Native memory allocation (malloc) failed to allocate 416176 bytes for Chunk::new
# Possible reasons:
#   The system is out of physical RAM or swap space
#   In 32 bit mode, the process size limit was hit
# Possible solutions:
#   Reduce memory load on the system
#   Increase physical memory or swap space
#   Check if swap backing store is full
#   Use 64 bit Java on a 64 bit OS
#   Decrease Java heap size (-Xmx/-Xms)
#   Decrease number of Java threads
#   Decrease Java thread stack sizes (-Xss)
#   Set larger code cache with -XX:ReservedCodeCacheSize=
# This output file may be truncated or incomplete.
#
#  Out of Memory Error (allocation.cpp:390), pid=6840, tid=5764
#
# JRE version: Java(TM) SE Runtime Environment (8.0_66-b18) (build 1.8.0_66-b18)
# Java VM: Java HotSpot(TM) 64-Bit Server VM (25.66-b18 mixed mode windows-amd64 compressed oops)
# Failed to write core dump. Minidumps are not enabled by default on client versions of Windows
#

---------------  T H R E A D  ---------------

Current thread (0x0000000014b50000):  JavaThread "C2 CompilerThread1" daemon [_thread_in_native, id=5764, stack(0x00000000162a0000,0x00000000163a0000)]

Stack: [0x00000000162a0000,0x00000000163a0000]
[error occurred during error reporting (printing stack bounds), id 0xc0000005]

Native frames: (J=compiled Java code, j=interpreted, Vv=VM code, C=native code)


Current CompileTask:
C2:  18909 2140       4       com.android.dx.ssa.SsaBasicBlock::newFromRop (183 bytes)


---------------  P R O C E S S  ---------------

Java Threads: ( => current thread )
  0x0000000016724000 JavaThread "pool-2-thread-4" [_thread_in_Java, id=5632, stack(0x0000000016ea0000,0x0000000016fa0000)]
  0x0000000016723800 JavaThread "pool-2-thread-3" [_thread_blocked, id=4560, stack(0x0000000016da0000,0x0000000016ea0000)]
  0x0000000016722000 JavaThread "pool-2-thread-2" [_thread_blocked, id=7536, stack(0x0000000016ca0000,0x0000000016da0000)]
  0x0000000016715000 JavaThread "pool-3-thread-1" [_thread_blocked, id=4152, stack(0x0000000016ba0000,0x0000000016ca0000)]
  0x0000000016714800 JavaThread "pool-2-thread-1" [_thread_in_Java, id=2416, stack(0x0000000016aa0000,0x0000000016ba0000)]
  0x00000000164a1800 JavaThread "Service Thread" daemon [_thread_blocked, id=8040, stack(0x00000000168a0000,0x00000000169a0000)]
  0x0000000014ba9000 JavaThread "C1 CompilerThread2" daemon [_thread_blocked, id=4224, stack(0x00000000163a0000,0x00000000164a0000)]
=>0x0000000014b50000 JavaThread "C2 CompilerThread1" daemon [_thread_in_native, id=5764, stack(0x00000000162a0000,0x00000000163a0000)]
  0x0000000014b4d000 JavaThread "C2 CompilerThread0" daemon [_thread_in_native, id=3060, stack(0x00000000161a0000,0x00000000162a0000)]
  0x0000000014b4b000 JavaThread "Attach Listener" daemon [_thread_blocked, id=2868, stack(0x00000000160a0000,0x00000000161a0000)]
  0x0000000014b49800 JavaThread "Signal Dispatcher" daemon [_thread_blocked, id=7044, stack(0x0000000015fa0000,0x00000000160a0000)]
  0x0000000002476000 JavaThread "Finalizer" daemon [_thread_blocked, id=4772, stack(0x0000000015da0000,0x0000000015ea0000)]
  0x000000000246d000 JavaThread "Reference Handler" daemon [_thread_blocked, id=1032, stack(0x0000000015ca0000,0x0000000015da0000)]
  0x0000000002380800 JavaThread "main" [_thread_in_vm, id=2372, stack(0x0000000002280000,0x0000000002380000)]

Other Threads:
  0x0000000014b18000 VMThread [stack: 0x0000000015ba0000,0x0000000015ca0000] [id=8036]
  0x00000000164a5800 WatcherThread [stack: 0x00000000169a0000,0x0000000016aa0000] [id=5712]

VM state:not at safepoint (normal execution)

VM Mutex/Monitor currently owned by a thread:  ([mutex/lock_event])
[0x000000000050e1f0] CompiledIC_lock - owner thread: 0x0000000000000000

Heap:
 PSYoungGen      total 74752K, used 46298K [0x00000000eab00000, 0x00000000eff00000, 0x0000000100000000)
  eden space 64512K, 55% used [0x00000000eab00000,0x00000000ece37118,0x00000000eea00000)
  from space 10240K, 99% used [0x00000000eea00000,0x00000000ef3ffa88,0x00000000ef400000)
  to   space 9216K, 0% used [0x00000000ef400000,0x00000000ef400000,0x00000000efd00000)
 ParOldGen       total 44032K, used 20335K [0x00000000c0000000, 0x00000000c2b00000, 0x00000000eab00000)
  object space 44032K, 46% used [0x00000000c0000000,0x00000000c13dbf70,0x00000000c2b00000)
 Metaspace       used 6405K, capacity 7216K, committed 7296K, reserved 1056768K
  class space    used 602K, capacity 616K, committed 640K, reserved 1048576K

Card table byte_map: [0x0000000011840000,0x0000000011a50000] byte_map_base: 0x0000000011240000

Marking Bits: (ParMarkBitMap*) 0x00000000706fa5b0
 Begin Bits: [0x0000000011fb0000, 0x0000000012fb0000)
 End Bits:   [0x0000000012fb0000, 0x0000000013fb0000)

Polling page: 0x00000000004f0000

CodeCache: size=245760Kb used=9321Kb max_used=9321Kb free=236438Kb
 bounds [0x0000000002480000, 0x0000000002db0000, 0x0000000011480000]
 total_blobs=2361 nmethods=2091 adapters=182
 compilation: enabled

Compilation events (10 events):
Event: 18.886 Thread 0x0000000014ba9000 2159       1       com.android.dx.cf.attrib.AttExceptions::getExceptions (5 bytes)
Event: 18.887 Thread 0x0000000014ba9000 nmethod 2159 0x0000000002d83c90 code [0x0000000002d83de0, 0x0000000002d83ef0]
Event: 18.889 Thread 0x0000000014ba9000 2160       2       com.android.dx.rop.cst.CstArray$List::<init> (6 bytes)
Event: 18.890 Thread 0x0000000014ba9000 nmethod 2160 0x0000000002d83910 code [0x0000000002d83a80, 0x0000000002d83be8]
Event: 18.890 Thread 0x0000000014ba9000 2161       2       com.android.dx.rop.cst.CstArray::<init> (28 bytes)
Event: 18.890 Thread 0x0000000014ba9000 nmethod 2161 0x0000000002d93b10 code [0x0000000002d93ca0, 0x0000000002d93f98]
Event: 18.892 Thread 0x0000000014ba9000 2162       2       com.android.dx.rop.cst.CstLiteral32::getLongBits (6 bytes)
Event: 18.892 Thread 0x0000000014ba9000 nmethod 2162 0x0000000002d937d0 code [0x0000000002d93920, 0x0000000002d93a70]
Event: 18.898 Thread 0x0000000014ba9000 2165       2       com.android.dx.dex.file.AnnotationsDirectoryItem::addMethodAnnotations (44 bytes)
Event: 18.899 Thread 0x0000000014ba9000 nmethod 2165 0x0000000002d92ed0 code [0x0000000002d93060, 0x0000000002d934a8]

GC Heap History (10 events):
Event: 5.868 GC heap before
{Heap before GC invocations=3 (full 0):
 PSYoungGen      total 18944K, used 18941K [0x00000000eab00000, 0x00000000ed000000, 0x0000000100000000)
  eden space 16384K, 100% used [0x00000000eab00000,0x00000000ebb00000,0x00000000ebb00000)
  from space 2560K, 99% used [0x00000000ecd80000,0x00000000ecfff5b8,0x00000000ed000000)
  to   space 2560K, 0% used [0x00000000ebb00000,0x00000000ebb00000,0x00000000ebd80000)
 ParOldGen       total 44032K, used 2175K [0x00000000c0000000, 0x00000000c2b00000, 0x00000000eab00000)
  object space 44032K, 4% used [0x00000000c0000000,0x00000000c021fe38,0x00000000c2b00000)
 Metaspace       used 6123K, capacity 7024K, committed 7296K, reserved 1056768K
  class space    used 601K, capacity 616K, committed 640K, reserved 1048576K
Event: 6.525 GC heap after
Heap after GC invocations=3 (full 0):
 PSYoungGen      total 18944K, used 2545K [0x00000000eab00000, 0x00000000ed000000, 0x0000000100000000)
  eden space 16384K, 0% used [0x00000000eab00000,0x00000000eab00000,0x00000000ebb00000)
  from space 2560K, 99% used [0x00000000ebb00000,0x00000000ebd7c5d0,0x00000000ebd80000)
  to   space 2560K, 0% used [0x00000000ecd80000,0x00000000ecd80000,0x00000000ed000000)
 ParOldGen       total 44032K, used 5179K [0x00000000c0000000, 0x00000000c2b00000, 0x00000000eab00000)
  object space 44032K, 11% used [0x00000000c0000000,0x00000000c050ee58,0x00000000c2b00000)
 Metaspace       used 6123K, capacity 7024K, committed 7296K, reserved 1056768K
  class space    used 601K, capacity 616K, committed 640K, reserved 1048576K
}
Event: 7.366 GC heap before
{Heap before GC invocations=4 (full 0):
 PSYoungGen      total 18944K, used 18929K [0x00000000eab00000, 0x00000000ed000000, 0x0000000100000000)
  eden space 16384K, 100% used [0x00000000eab00000,0x00000000ebb00000,0x00000000ebb00000)
  from space 2560K, 99% used [0x00000000ebb00000,0x00000000ebd7c5d0,0x00000000ebd80000)
  to   space 2560K, 0% used [0x00000000ecd80000,0x00000000ecd80000,0x00000000ed000000)
 ParOldGen       total 44032K, used 5179K [0x00000000c0000000, 0x00000000c2b00000, 0x00000000eab00000)
  object space 44032K, 11% used [0x00000000c0000000,0x00000000c050ee58,0x00000000c2b00000)
 Metaspace       used 6135K, capacity 7024K, committed 7296K, reserved 1056768K
  class space    used 601K, capacity 616K, committed 640K, reserved 1048576K
Event: 7.726 GC heap after
Heap after GC invocations=4 (full 0):
 PSYoungGen      total 35328K, used 2540K [0x00000000eab00000, 0x00000000ed000000, 0x0000000100000000)
  eden space 32768K, 0% used [0x00000000eab00000,0x00000000eab00000,0x00000000ecb00000)
  from space 2560K, 99% used [0x00000000ecd80000,0x00000000ecffb338,0x00000000ed000000)
  to   space 2560K, 0% used [0x00000000ecb00000,0x00000000ecb00000,0x00000000ecd80000)
 ParOldGen       total 44032K, used 7666K [0x00000000c0000000, 0x00000000c2b00000, 0x00000000eab00000)
  object space 44032K, 17% used [0x00000000c0000000,0x00000000c077cbf0,0x00000000c2b00000)
 Metaspace       used 6135K, capacity 7024K, committed 7296K, reserved 1056768K
  class space    used 601K, capacity 616K, committed 640K, reserved 1048576K
}
Event: 9.333 GC heap before
{Heap before GC invocations=5 (full 0):
 PSYoungGen      total 35328K, used 35308K [0x00000000eab00000, 0x00000000ed000000, 0x0000000100000000)
  eden space 32768K, 100% used [0x00000000eab00000,0x00000000ecb00000,0x00000000ecb00000)
  from space 2560K, 99% used [0x00000000ecd80000,0x00000000ecffb338,0x00000000ed000000)
  to   space 2560K, 0% used [0x00000000ecb00000,0x00000000ecb00000,0x00000000ecd80000)
 ParOldGen       total 44032K, used 7666K [0x00000000c0000000, 0x00000000c2b00000, 0x00000000eab00000)
  object space 44032K, 17% used [0x00000000c0000000,0x00000000c077cbf0,0x00000000c2b00000)
 Metaspace       used 6231K, capacity 7088K, committed 7296K, reserved 1056768K
  class space    used 602K, capacity 616K, committed 640K, reserved 1048576K
Event: 9.436 GC heap after
Heap after GC invocations=5 (full 0):
 PSYoungGen      total 35328K, used 2540K [0x00000000eab00000, 0x00000000efd00000, 0x0000000100000000)
  eden space 32768K, 0% used [0x00000000eab00000,0x00000000eab00000,0x00000000ecb00000)
  from space 2560K, 99% used [0x00000000ecb00000,0x00000000ecd7b338,0x00000000ecd80000)
  to   space 9216K, 0% used [0x00000000ef400000,0x00000000ef400000,0x00000000efd00000)
 ParOldGen       total 44032K, used 13043K [0x00000000c0000000, 0x00000000c2b00000, 0x00000000eab00000)
  object space 44032K, 29% used [0x00000000c0000000,0x00000000c0cbcda8,0x00000000c2b00000)
 Metaspace       used 6231K, capacity 7088K, committed 7296K, reserved 1056768K
  class space    used 602K, capacity 616K, committed 640K, reserved 1048576K
}
Event: 12.939 GC heap before
{Heap before GC invocations=6 (full 0):
 PSYoungGen      total 35328K, used 35308K [0x00000000eab00000, 0x00000000efd00000, 0x0000000100000000)
  eden space 32768K, 100% used [0x00000000eab00000,0x00000000ecb00000,0x00000000ecb00000)
  from space 2560K, 99% used [0x00000000ecb00000,0x00000000ecd7b338,0x00000000ecd80000)
  to   space 9216K, 0% used [0x00000000ef400000,0x00000000ef400000,0x00000000efd00000)
 ParOldGen       total 44032K, used 13043K [0x00000000c0000000, 0x00000000c2b00000, 0x00000000eab00000)
  object space 44032K, 29% used [0x00000000c0000000,0x00000000c0cbcda8,0x00000000c2b00000)
 Metaspace       used 6261K, capacity 7152K, committed 7296K, reserved 1056768K
  class space    used 602K, capacity 616K, committed 640K, reserved 1048576K
Event: 13.052 GC heap after
Heap after GC invocations=6 (full 0):
 PSYoungGen      total 73728K, used 7420K [0x00000000eab00000, 0x00000000eff00000, 0x0000000100000000)
  eden space 64512K, 0% used [0x00000000eab00000,0x00000000eab00000,0x00000000eea00000)
  from space 9216K, 80% used [0x00000000ef400000,0x00000000efb3f348,0x00000000efd00000)
  to   space 10240K, 0% used [0x00000000eea00000,0x00000000eea00000,0x00000000ef400000)
 ParOldGen       total 44032K, used 13043K [0x00000000c0000000, 0x00000000c2b00000, 0x00000000eab00000)
  object space 44032K, 29% used [0x00000000c0000000,0x00000000c0cbcda8,0x00000000c2b00000)
 Metaspace       used 6261K, capacity 7152K, committed 7296K, reserved 1056768K
  class space    used 602K, capacity 616K, committed 640K, reserved 1048576K
}
Event: 17.841 GC heap before
{Heap before GC invocations=7 (full 0):
 PSYoungGen      total 73728K, used 71932K [0x00000000eab00000, 0x00000000eff00000, 0x0000000100000000)
  eden space 64512K, 100% used [0x00000000eab00000,0x00000000eea00000,0x00000000eea00000)
  from space 9216K, 80% used [0x00000000ef400000,0x00000000efb3f348,0x00000000efd00000)
  to   space 10240K, 0% used [0x00000000eea00000,0x00000000eea00000,0x00000000ef400000)
 ParOldGen       total 44032K, used 13043K [0x00000000c0000000, 0x00000000c2b00000, 0x00000000eab00000)
  object space 44032K, 29% used [0x00000000c0000000,0x00000000c0cbcda8,0x00000000c2b00000)
 Metaspace       used 6375K, capacity 7152K, committed 7296K, reserved 1056768K
  class space    used 602K, capacity 616K, committed 640K, reserved 1048576K
Event: 18.577 GC heap after
Heap after GC invocations=7 (full 0):
 PSYoungGen      total 74752K, used 10238K [0x00000000eab00000, 0x00000000eff00000, 0x0000000100000000)
  eden space 64512K, 0% used [0x00000000eab00000,0x00000000eab00000,0x00000000eea00000)
  from space 10240K, 99% used [0x00000000eea00000,0x00000000ef3ffa88,0x00000000ef400000)
  to   space 9216K, 0% used [0x00000000ef400000,0x00000000ef400000,0x00000000efd00000)
 ParOldGen       total 44032K, used 20335K [0x00000000c0000000, 0x00000000c2b00000, 0x00000000eab00000)
  object space 44032K, 46% used [0x00000000c0000000,0x00000000c13dbf70,0x00000000c2b00000)
 Metaspace       used 6375K, capacity 7152K, committed 7296K, reserved 1056768K
  class space    used 602K, capacity 616K, committed 640K, reserved 1048576K
}

Deoptimization events (10 events):
Event: 15.007 Thread 0x0000000016714800 Uncommon trap: reason=null_check action=make_not_entrant pc=0x0000000002c9916c method=com.android.dx.cf.code.Ropper$CatchInfo.getSetup(Lcom/android/dx/rop/type/Type;)Lcom/android/dx/cf/code/Ropper$ExceptionHandlerSetup; @ 10
Event: 15.021 Thread 0x0000000016724000 Uncommon trap: reason=bimorphic action=maybe_recompile pc=0x0000000002c794e0 method=com.android.dx.cf.code.BytecodeArray.parseInstruction(ILcom/android/dx/cf/code/BytecodeArray$Visitor;)I @ 1130
Event: 15.022 Thread 0x0000000016724000 Uncommon trap: reason=bimorphic action=maybe_recompile pc=0x0000000002c794e0 method=com.android.dx.cf.code.BytecodeArray.parseInstruction(ILcom/android/dx/cf/code/BytecodeArray$Visitor;)I @ 1130
Event: 15.074 Thread 0x0000000016714800 Uncommon trap: reason=unstable_if action=reinterpret pc=0x0000000002cb82fc method=com.android.dx.cf.code.Ropper.isSynchronized()Z @ 12
Event: 15.107 Thread 0x0000000016724000 Uncommon trap: reason=unstable_if action=reinterpret pc=0x0000000002c6f5dc method=com.android.dx.dex.code.RopTranslator.pickOrder()V @ 279
Event: 15.972 Thread 0x0000000016714800 Uncommon trap: reason=unstable_if action=reinterpret pc=0x0000000002b8b264 method=com.android.dx.ssa.SCCP.simulateStmt(Lcom/android/dx/ssa/SsaInsn;)V @ 53
Event: 15.979 Thread 0x0000000016714800 Uncommon trap: reason=unstable_if action=reinterpret pc=0x0000000002bef7ac method=com.android.dx.ssa.SCCP.simulateBranch(Lcom/android/dx/ssa/SsaInsn;)V @ 548
Event: 15.989 Thread 0x0000000016714800 Uncommon trap: reason=class_check action=maybe_recompile pc=0x000000000295f580 method=java.util.HashMap.putVal(ILjava/lang/Object;Ljava/lang/Object;ZZ)Ljava/lang/Object; @ 203
Event: 15.992 Thread 0x0000000016714800 Uncommon trap: reason=bimorphic action=maybe_recompile pc=0x0000000002b0c288 method=com.android.dx.rop.code.RegisterSpec.withSimpleType()Lcom/android/dx/rop/code/RegisterSpec; @ 21
Event: 18.853 Thread 0x0000000016714800 Uncommon trap: reason=unstable_if action=reinterpret pc=0x00000000028eccb4 method=com.android.dx.rop.code.LocalItem.compareHandlesNulls(Lcom/android/dx/rop/cst/CstString;Lcom/android/dx/rop/cst/CstString;)I @ 14

Internal exceptions (6 events):
Event: 0.085 Thread 0x0000000002380800 Exception <a 'java/lang/NoSuchMethodError': Method sun.misc.Unsafe.defineClass(Ljava/lang/String;[BII)Ljava/lang/Class; name or signature does not match> (0x00000000eab0d730) thrown at [C:\re\workspace\8-2-build-windows-amd64-cygwin\jdk8u66\5298\hotspot\sr-Ò•Ñk¿µ?
Event: 0.085 Thread 0x0000000002380800 Exception <a 'java/lang/NoSuchMethodError': Method sun.misc.Unsafe.prefetchRead(Ljava/lang/Object;J)V name or signature does not match> (0x00000000eab0da18) thrown at [C:\re\workspace\8-2-build-windows-amd64-cygwin\jdk8u66\5298\hotspot\src\share\vm\prims\jþËæÆ_@
Event: 3.382 Thread 0x0000000016723800 Implicit null exception at 0x000000000278d762 to 0x000000000278d869
Event: 7.864 Thread 0x0000000016723800 Implicit null exception at 0x0000000002ab8745 to 0x0000000002abb37d
Event: 15.007 Thread 0x0000000016714800 Implicit null exception at 0x0000000002c947e0 to 0x0000000002c9912d
Event: 18.853 Thread 0x0000000016714800 Implicit null exception at 0x00000000028ecae5 to 0x00000000028ecca1

Events (10 events):
Event: 18.603 Thread 0x0000000016714800 DEOPT UNPACKING pc=0x00000000024c787f sp=0x0000000016b9e7a0 mode 0
Event: 18.852 Thread 0x0000000016714800 DEOPT PACKING pc=0x0000000002d10962 sp=0x0000000016b9e770
Event: 18.852 Thread 0x0000000016714800 DEOPT UNPACKING pc=0x00000000024c787f sp=0x0000000016b9e530 mode 0
Event: 18.853 Thread 0x0000000016714800 Uncommon trap: trap_request=0xffffff65 fr.pc=0x00000000028eccb4
Event: 18.853 Thread 0x0000000016714800 DEOPT PACKING pc=0x00000000028eccb4 sp=0x0000000016b9e930
Event: 18.853 Thread 0x0000000016714800 DEOPT UNPACKING pc=0x00000000024c582a sp=0x0000000016b9e870 mode 2
Event: 18.888 Thread 0x0000000016714800 DEOPT PACKING pc=0x000000000290ff45 sp=0x0000000016b9ea40
Event: 18.888 Thread 0x0000000016714800 DEOPT UNPACKING pc=0x00000000024c787f sp=0x0000000016b9e7a0 mode 0
Event: 18.893 Thread 0x0000000016724000 DEOPT PACKING pc=0x00000000028f369d sp=0x0000000016f9ea20
Event: 18.893 Thread 0x0000000016724000 DEOPT UNPACKING pc=0x00000000024c787f sp=0x0000000016f9e860 mode 0


Dynamic libraries:
0x00007ff70ceb0000 - 0x00007ff70cee7000 	C:\Program Files\Java\jdk1.8.0_66\bin\java.exe
0x00007ffc330c0000 - 0x00007ffc33281000 	C:\Windows\SYSTEM32\ntdll.dll
0x00007ffc31ad0000 - 0x00007ffc31b7d000 	C:\Windows\system32\KERNEL32.DLL
0x00007ffc30130000 - 0x00007ffc30318000 	C:\Windows\system32\KERNELBASE.dll
0x00007ffc304c0000 - 0x00007ffc30567000 	C:\Windows\system32\ADVAPI32.dll
0x00007ffc32ed0000 - 0x00007ffc32f6d000 	C:\Windows\system32\msvcrt.dll
0x00007ffc31dd0000 - 0x00007ffc31e2b000 	C:\Windows\system32\sechost.dll
0x00007ffc320b0000 - 0x00007ffc321cc000 	C:\Windows\system32\RPCRT4.dll
0x00007ffc31f50000 - 0x00007ffc320a6000 	C:\Windows\system32\USER32.dll
0x00007ffc32800000 - 0x00007ffc32986000 	C:\Windows\system32\GDI32.dll
0x00007ffc24db0000 - 0x00007ffc25024000 	C:\Windows\WinSxS\amd64_microsoft.windows.common-controls_6595b64144ccf1df_6.0.10586.0_none_8c15ae12515e1c22\COMCTL32.dll
0x00007ffc32aa0000 - 0x00007ffc32d1d000 	C:\Windows\system32\combase.dll
0x00007ffc30390000 - 0x00007ffc303fa000 	C:\Windows\system32\bcryptPrimitives.dll
0x00007ffc329f0000 - 0x00007ffc32a2b000 	C:\Windows\system32\IMM32.DLL
0x000000006fa70000 - 0x000000006fb42000 	C:\Program Files\Java\jdk1.8.0_66\jre\bin\msvcr100.dll
0x000000006fef0000 - 0x0000000070779000 	C:\Program Files\Java\jdk1.8.0_66\jre\bin\server\jvm.dll
0x00007ffc31e30000 - 0x00007ffc31e38000 	C:\Windows\system32\PSAPI.DLL
0x00007ffc2bf40000 - 0x00007ffc2bf49000 	C:\Windows\SYSTEM32\WSOCK32.dll
0x00007ffc2de10000 - 0x00007ffc2de33000 	C:\Windows\SYSTEM32\WINMM.dll
0x00007ffc233d0000 - 0x00007ffc233da000 	C:\Windows\SYSTEM32\VERSION.dll
0x00007ffc31c30000 - 0x00007ffc31c9b000 	C:\Windows\system32\WS2_32.dll
0x00007ffc2ddb0000 - 0x00007ffc2dddc000 	C:\Windows\SYSTEM32\WINMMBASE.dll
0x00007ffc30340000 - 0x00007ffc30383000 	C:\Windows\system32\cfgmgr32.dll
0x000000006fee0000 - 0x000000006feef000 	C:\Program Files\Java\jdk1.8.0_66\jre\bin\verify.dll
0x000000006feb0000 - 0x000000006fed9000 	C:\Program Files\Java\jdk1.8.0_66\jre\bin\java.dll
0x000000006fe90000 - 0x000000006fea6000 	C:\Program Files\Java\jdk1.8.0_66\jre\bin\zip.dll
0x00007ffc30570000 - 0x00007ffc31acc000 	C:\Windows\system32\SHELL32.dll
0x00007ffc2fae0000 - 0x00007ffc30124000 	C:\Windows\system32\windows.storage.dll
0x00007ffc32a30000 - 0x00007ffc32a82000 	C:\Windows\system32\shlwapi.dll
0x00007ffc2f760000 - 0x00007ffc2f76f000 	C:\Windows\system32\kernel.appcore.dll
0x00007ffc30400000 - 0x00007ffc304b5000 	C:\Windows\system32\shcore.dll
0x00007ffc2f710000 - 0x00007ffc2f75b000 	C:\Windows\system32\powrprof.dll
0x00007ffc2f6f0000 - 0x00007ffc2f704000 	C:\Windows\system32\profapi.dll

VM Arguments:
jvm_args: -Djava.awt.headless=true -Xmx1024M -Dfile.encoding=windows-1252 -Duser.country=IT -Duser.language=it -Duser.variant 
java_command: com.android.dx.command.Main --dex --force-jumbo --num-threads=4 --multi-dex --output C:\Users\Davide\AndroidStudioProjects\MioMeteo\app\build\intermediates\transforms\dex\debug\folders\1000\10\com.android.support-support-v4-23.4.0_aaab4edea211bdf5334c61199a8744e711966bf7 C:\Users\Davide\AndroidStudioProjects\MioMeteo\app\build\intermediates\exploded-aar\com.android.support\support-v4\23.4.0\jars\classes.jar
java_class_path (initial): C:\Users\Davide\AppData\Local\Android\sdk\build-tools\23.0.3\lib\dx.jar
Launcher Type: SUN_STANDARD

Environment Variables:
PATH=C:\ProgramData\Oracle\Java\javapath;C:\Program Files (x86)\Intel\iCLS Client\;C:\Program Files\Intel\iCLS Client\;C:\Windows\system32;C:\Windows;C:\Windows\System32\Wbem;C:\Windows\System32\WindowsPowerShell\v1.0\;c:\Program Files\Intel\WiFi\bin\;c:\Program Files\Common Files\Intel\WirelessCommon\;C:\Program Files\Intel\Intel(R) Management Engine Components\DAL;C:\Program Files (x86)\Intel\Intel(R) Management Engine Components\DAL;C:\Program Files\Intel\Intel(R) Management Engine Components\IPT;C:\Program Files (x86)\Intel\Intel(R) Management Engine Components\IPT;C:\Program Files\Hewlett-Packard\SimplePass\;C:\Program Files\Java\jdk1.8.0_66\bin;C:\Program Files\TortoiseSVN\bin;C:\Program Files (x86)\MySQL\MySQL Fabric 1.5 & MySQL Utilities 1.5\;C:\Program Files (x86)\MySQL\MySQL Fabric 1.5 & MySQL Utilities 1.5\Doctrine extensions for PHP\;C:\Program Files (x86)\Skype\Phone\
USERNAME=Davide
OS=Windows_NT
PROCESSOR_IDENTIFIER=Intel64 Family 6 Model 61 Stepping 4, GenuineIntel



---------------  S Y S T E M  ---------------

OS: Windows 10.0 , 64 bit Build 10586 (10.0.10586.0)

CPU:total 4 (2 cores per cpu, 2 threads per core) family 6 model 61 stepping 4, cmov, cx8, fxsr, mmx, sse, sse2, sse3, ssse3, sse4.1, sse4.2, popcnt, avx, avx2, aes, clmul, erms, 3dnowpref, lzcnt, ht, tsc, tscinvbit, bmi1, bmi2, adx

Memory: 4k page, physical 4109328k(179540k free), swap 5157904k(5768k free)

vm_info: Java HotSpot(TM) 64-Bit Server VM (25.66-b18) for windows-amd64 JRE (1.8.0_66-b18), built on Nov  9 2015 10:51:13 by "java_re" with MS VC++ 10.0 (VS2010)

time: Fri May 20 23:18:56 2016
elapsed time: 18 seconds (0d 0h 0m 18s)

