#
# There is insufficient memory for the Java Runtime Environment to continue.
# Native memory allocation (malloc) failed to allocate 265776 bytes for Chunk::new
# Possible reasons:
#   The system is out of physical RAM or swap space
#   In 32 bit mode, the process size limit was hit
# Possible solutions:
#   Reduce memory load on the system
#   Increase physical memory or swap space
#   Check if swap backing store is full
#   Use 64 bit Java on a 64 bit OS
#   Decrease Java heap size (-Xmx/-Xms)
#   Decrease number of Java threads
#   Decrease Java thread stack sizes (-Xss)
#   Set larger code cache with -XX:ReservedCodeCacheSize=
# This output file may be truncated or incomplete.
#
#  Out of Memory Error (allocation.cpp:390), pid=7664, tid=7560
#
# JRE version: Java(TM) SE Runtime Environment (8.0_66-b18) (build 1.8.0_66-b18)
# Java VM: Java HotSpot(TM) 64-Bit Server VM (25.66-b18 mixed mode windows-amd64 compressed oops)
# Failed to write core dump. Minidumps are not enabled by default on client versions of Windows
#

---------------  T H R E A D  ---------------

Current thread (0x000000001498d000):  JavaThread "C2 CompilerThread0" daemon [_thread_in_native, id=7560, stack(0x0000000016000000,0x0000000016100000)]

Stack: [0x0000000016000000,0x0000000016100000]
[error occurred during error reporting (printing stack bounds), id 0xc0000005]

Native frames: (J=compiled Java code, j=interpreted, Vv=VM code, C=native code)


Current CompileTask:
C2:  36540 2443       4       com.android.dx.ssa.back.InterferenceGraph::add (46 bytes)


---------------  P R O C E S S  ---------------

Java Threads: ( => current thread )
  0x00000000164d8800 JavaThread "pool-2-thread-4" [_thread_in_Java, id=6356, stack(0x0000000016d00000,0x0000000016e00000)]
  0x00000000164d7800 JavaThread "pool-2-thread-3" [_thread_in_Java, id=5036, stack(0x0000000016c00000,0x0000000016d00000)]
  0x00000000164d5000 JavaThread "pool-2-thread-2" [_thread_in_Java, id=624, stack(0x0000000016b00000,0x0000000016c00000)]
  0x0000000016461800 JavaThread "pool-3-thread-1" [_thread_blocked, id=5068, stack(0x0000000016a00000,0x0000000016b00000)]
  0x0000000016461000 JavaThread "pool-2-thread-1" [_thread_in_Java, id=220, stack(0x0000000016900000,0x0000000016a00000)]
  0x000000001620d800 JavaThread "Service Thread" daemon [_thread_blocked, id=7736, stack(0x0000000016700000,0x0000000016800000)]
  0x00000000149ec000 JavaThread "C1 CompilerThread2" daemon [_thread_in_vm, id=7740, stack(0x0000000016600000,0x0000000016700000)]
  0x00000000149e1800 JavaThread "C2 CompilerThread1" daemon [_thread_in_native, id=4884, stack(0x0000000016100000,0x0000000016200000)]
=>0x000000001498d000 JavaThread "C2 CompilerThread0" daemon [_thread_in_native, id=7560, stack(0x0000000016000000,0x0000000016100000)]
  0x000000001498b000 JavaThread "Attach Listener" daemon [_thread_blocked, id=5992, stack(0x0000000015f00000,0x0000000016000000)]
  0x0000000014989800 JavaThread "Signal Dispatcher" daemon [_thread_blocked, id=5412, stack(0x0000000015e00000,0x0000000015f00000)]
  0x00000000022b0800 JavaThread "Finalizer" daemon [_thread_blocked, id=5220, stack(0x0000000015c00000,0x0000000015d00000)]
  0x00000000022ad000 JavaThread "Reference Handler" daemon [_thread_blocked, id=6544, stack(0x0000000015b00000,0x0000000015c00000)]
  0x00000000021c0800 JavaThread "main" [_thread_in_Java, id=4984, stack(0x00000000020c0000,0x00000000021c0000)]

Other Threads:
  0x0000000014958000 VMThread [stack: 0x0000000015a00000,0x0000000015b00000] [id=6572]
  0x0000000016219800 WatcherThread [stack: 0x0000000016800000,0x0000000016900000] [id=7624]

VM state:not at safepoint (normal execution)

VM Mutex/Monitor currently owned by a thread: None

Heap:
 PSYoungGen      total 206848K, used 144557K [0x00000000eab00000, 0x0000000100000000, 0x0000000100000000)
  eden space 116736K, 46% used [0x00000000eab00000,0x00000000ee02c3e0,0x00000000f1d00000)
  from space 90112K, 99% used [0x00000000fa800000,0x00000000fffff340,0x0000000100000000)
  to   space 116224K, 0% used [0x00000000f1d00000,0x00000000f1d00000,0x00000000f8e80000)
 ParOldGen       total 250368K, used 191152K [0x00000000c0000000, 0x00000000cf480000, 0x00000000eab00000)
  object space 250368K, 76% used [0x00000000c0000000,0x00000000cbaac368,0x00000000cf480000)
 Metaspace       used 6530K, capacity 7256K, committed 7424K, reserved 1056768K
  class space    used 624K, capacity 656K, committed 768K, reserved 1048576K

Card table byte_map: [0x0000000011680000,0x0000000011890000] byte_map_base: 0x0000000011080000

Marking Bits: (ParMarkBitMap*) 0x00000000706fa5b0
 Begin Bits: [0x0000000011df0000, 0x0000000012df0000)
 End Bits:   [0x0000000012df0000, 0x0000000013df0000)

Polling page: 0x0000000000820000

CodeCache: size=245760Kb used=8638Kb max_used=10077Kb free=237121Kb
 bounds [0x00000000022c0000, 0x0000000002cc0000, 0x00000000112c0000]
 total_blobs=2135 nmethods=1865 adapters=182
 compilation: enabled

Compilation events (10 events):
Event: 36.407 Thread 0x000000001498d000 2438       4       com.android.dx.dex.file.OffsettedItem::<init> (44 bytes)
Event: 36.409 Thread 0x000000001498d000 nmethod 2438 0x0000000002598450 code [0x0000000002598580, 0x0000000002598658]
Event: 36.515 Thread 0x00000000149ec000 2439       3       com.android.dx.ssa.SsaBasicBlock::checkRegUsed (39 bytes)
Event: 36.515 Thread 0x00000000149ec000 nmethod 2439 0x00000000025e2d50 code [0x00000000025e2f00, 0x00000000025e34b8]
Event: 36.518 Thread 0x00000000149ec000 2440       3       com.android.dx.rop.type.Type::isArray (19 bytes)
Event: 36.518 Thread 0x00000000149e1800 2441   !   4       com.android.dx.cf.code.Merger::mergeStack (192 bytes)
Event: 36.518 Thread 0x000000001498d000 2442       4       com.android.dx.cf.code.Frame::mergeSubroutineLists (90 bytes)
Event: 36.519 Thread 0x00000000149ec000 nmethod 2440 0x00000000025e13d0 code [0x00000000025e1560, 0x00000000025e1908]
Event: 36.519 Thread 0x000000001498d000 nmethod 2442 0x00000000025e2ad0 code [0x00000000025e2c00, 0x00000000025e2c98]
Event: 36.524 Thread 0x000000001498d000 2443       4       com.android.dx.ssa.back.InterferenceGraph::add (46 bytes)

GC Heap History (10 events):
Event: 26.539 GC heap before
{Heap before GC invocations=8 (full 1):
 PSYoungGen      total 145920K, used 16869K [0x00000000eab00000, 0x0000000100000000, 0x0000000100000000)
  eden space 129024K, 0% used [0x00000000eab00000,0x00000000eab00000,0x00000000f2900000)
  from space 16896K, 99% used [0x00000000f2900000,0x00000000f39796e0,0x00000000f3980000)
  to   space 55808K, 0% used [0x00000000fc980000,0x00000000fc980000,0x0000000100000000)
 ParOldGen       total 92672K, used 92272K [0x00000000c0000000, 0x00000000c5a80000, 0x00000000eab00000)
  object space 92672K, 99% used [0x00000000c0000000,0x00000000c5a1c1f8,0x00000000c5a80000)
 Metaspace       used 6514K, capacity 7256K, committed 7424K, reserved 1056768K
  class space    used 623K, capacity 656K, committed 768K, reserved 1048576K
Event: 29.629 GC heap after
Heap after GC invocations=8 (full 1):
 PSYoungGen      total 145920K, used 11669K [0x00000000eab00000, 0x0000000100000000, 0x0000000100000000)
  eden space 129024K, 0% used [0x00000000eab00000,0x00000000eab00000,0x00000000f2900000)
  from space 16896K, 69% used [0x00000000f2900000,0x00000000f3465620,0x00000000f3980000)
  to   space 55808K, 0% used [0x00000000fc980000,0x00000000fc980000,0x0000000100000000)
 ParOldGen       total 159232K, used 92547K [0x00000000c0000000, 0x00000000c9b80000, 0x00000000eab00000)
  object space 159232K, 58% used [0x00000000c0000000,0x00000000c5a60e30,0x00000000c9b80000)
 Metaspace       used 6514K, capacity 7256K, committed 7424K, reserved 1056768K
  class space    used 623K, capacity 656K, committed 768K, reserved 1048576K
}
Event: 30.011 GC heap before
{Heap before GC invocations=9 (full 1):
 PSYoungGen      total 145920K, used 140693K [0x00000000eab00000, 0x0000000100000000, 0x0000000100000000)
  eden space 129024K, 100% used [0x00000000eab00000,0x00000000f2900000,0x00000000f2900000)
  from space 16896K, 69% used [0x00000000f2900000,0x00000000f3465620,0x00000000f3980000)
  to   space 55808K, 0% used [0x00000000fc980000,0x00000000fc980000,0x0000000100000000)
 ParOldGen       total 159232K, used 92547K [0x00000000c0000000, 0x00000000c9b80000, 0x00000000eab00000)
  object space 159232K, 58% used [0x00000000c0000000,0x00000000c5a60e30,0x00000000c9b80000)
 Metaspace       used 6514K, capacity 7256K, committed 7424K, reserved 1056768K
  class space    used 623K, capacity 656K, committed 768K, reserved 1048576K
Event: 30.266 GC heap after
Heap after GC invocations=9 (full 1):
 PSYoungGen      total 235008K, used 55776K [0x00000000eab00000, 0x0000000100000000, 0x0000000100000000)
  eden space 179200K, 0% used [0x00000000eab00000,0x00000000eab00000,0x00000000f5a00000)
  from space 55808K, 99% used [0x00000000fc980000,0x00000000ffff8148,0x0000000100000000)
  to   space 84992K, 0% used [0x00000000f5a00000,0x00000000f5a00000,0x00000000fad00000)
 ParOldGen       total 159232K, used 132562K [0x00000000c0000000, 0x00000000c9b80000, 0x00000000eab00000)
  object space 159232K, 83% used [0x00000000c0000000,0x00000000c8174890,0x00000000c9b80000)
 Metaspace       used 6514K, capacity 7256K, committed 7424K, reserved 1056768K
  class space    used 623K, capacity 656K, committed 768K, reserved 1048576K
}
Event: 30.266 GC heap before
{Heap before GC invocations=10 (full 2):
 PSYoungGen      total 235008K, used 55776K [0x00000000eab00000, 0x0000000100000000, 0x0000000100000000)
  eden space 179200K, 0% used [0x00000000eab00000,0x00000000eab00000,0x00000000f5a00000)
  from space 55808K, 99% used [0x00000000fc980000,0x00000000ffff8148,0x0000000100000000)
  to   space 84992K, 0% used [0x00000000f5a00000,0x00000000f5a00000,0x00000000fad00000)
 ParOldGen       total 159232K, used 132562K [0x00000000c0000000, 0x00000000c9b80000, 0x00000000eab00000)
  object space 159232K, 83% used [0x00000000c0000000,0x00000000c8174890,0x00000000c9b80000)
 Metaspace       used 6514K, capacity 7256K, committed 7424K, reserved 1056768K
  class space    used 623K, capacity 656K, committed 768K, reserved 1048576K
Event: 31.548 GC heap after
Heap after GC invocations=10 (full 2):
 PSYoungGen      total 235008K, used 25916K [0x00000000eab00000, 0x0000000100000000, 0x0000000100000000)
  eden space 179200K, 0% used [0x00000000eab00000,0x00000000eab00000,0x00000000f5a00000)
  from space 55808K, 46% used [0x00000000fc980000,0x00000000fe2cf3c8,0x0000000100000000)
  to   space 84992K, 0% used [0x00000000f5a00000,0x00000000f5a00000,0x00000000fad00000)
 ParOldGen       total 250368K, used 159058K [0x00000000c0000000, 0x00000000cf480000, 0x00000000eab00000)
  object space 250368K, 63% used [0x00000000c0000000,0x00000000c9b54bf8,0x00000000cf480000)
 Metaspace       used 6514K, capacity 7256K, committed 7424K, reserved 1056768K
  class space    used 623K, capacity 656K, committed 768K, reserved 1048576K
}
Event: 32.856 GC heap before
{Heap before GC invocations=11 (full 2):
 PSYoungGen      total 235008K, used 205116K [0x00000000eab00000, 0x0000000100000000, 0x0000000100000000)
  eden space 179200K, 100% used [0x00000000eab00000,0x00000000f5a00000,0x00000000f5a00000)
  from space 55808K, 46% used [0x00000000fc980000,0x00000000fe2cf3c8,0x0000000100000000)
  to   space 84992K, 0% used [0x00000000f5a00000,0x00000000f5a00000,0x00000000fad00000)
 ParOldGen       total 250368K, used 159058K [0x00000000c0000000, 0x00000000cf480000, 0x00000000eab00000)
  object space 250368K, 63% used [0x00000000c0000000,0x00000000c9b54bf8,0x00000000cf480000)
 Metaspace       used 6523K, capacity 7256K, committed 7424K, reserved 1056768K
  class space    used 624K, capacity 656K, committed 768K, reserved 1048576K
Event: 33.160 GC heap after
Heap after GC invocations=11 (full 2):
 PSYoungGen      total 259072K, used 79521K [0x00000000eab00000, 0x0000000100000000, 0x0000000100000000)
  eden space 179200K, 0% used [0x00000000eab00000,0x00000000eab00000,0x00000000f5a00000)
  from space 79872K, 99% used [0x00000000f5a00000,0x00000000fa7a8728,0x00000000fa800000)
  to   space 90112K, 0% used [0x00000000fa800000,0x00000000fa800000,0x0000000100000000)
 ParOldGen       total 250368K, used 159074K [0x00000000c0000000, 0x00000000cf480000, 0x00000000eab00000)
  object space 250368K, 63% used [0x00000000c0000000,0x00000000c9b58bf8,0x00000000cf480000)
 Metaspace       used 6523K, capacity 7256K, committed 7424K, reserved 1056768K
  class space    used 624K, capacity 656K, committed 768K, reserved 1048576K
}
Event: 34.666 GC heap before
{Heap before GC invocations=12 (full 2):
 PSYoungGen      total 259072K, used 258721K [0x00000000eab00000, 0x0000000100000000, 0x0000000100000000)
  eden space 179200K, 100% used [0x00000000eab00000,0x00000000f5a00000,0x00000000f5a00000)
  from space 79872K, 99% used [0x00000000f5a00000,0x00000000fa7a8728,0x00000000fa800000)
  to   space 90112K, 0% used [0x00000000fa800000,0x00000000fa800000,0x0000000100000000)
 ParOldGen       total 250368K, used 159074K [0x00000000c0000000, 0x00000000cf480000, 0x00000000eab00000)
  object space 250368K, 63% used [0x00000000c0000000,0x00000000c9b58bf8,0x00000000cf480000)
 Metaspace       used 6527K, capacity 7256K, committed 7424K, reserved 1056768K
  class space    used 624K, capacity 656K, committed 768K, reserved 1048576K
Event: 35.266 GC heap after
Heap after GC invocations=12 (full 2):
 PSYoungGen      total 206848K, used 90108K [0x00000000eab00000, 0x0000000100000000, 0x0000000100000000)
  eden space 116736K, 0% used [0x00000000eab00000,0x00000000eab00000,0x00000000f1d00000)
  from space 90112K, 99% used [0x00000000fa800000,0x00000000fffff340,0x0000000100000000)
  to   space 116224K, 0% used [0x00000000f1d00000,0x00000000f1d00000,0x00000000f8e80000)
 ParOldGen       total 250368K, used 191152K [0x00000000c0000000, 0x00000000cf480000, 0x00000000eab00000)
  object space 250368K, 76% used [0x00000000c0000000,0x00000000cbaac368,0x00000000cf480000)
 Metaspace       used 6527K, capacity 7256K, committed 7424K, reserved 1056768K
  class space    used 624K, capacity 656K, committed 768K, reserved 1048576K
}

Deoptimization events (10 events):
Event: 34.350 Thread 0x00000000021c0800 Uncommon trap: reason=unstable_if action=reinterpret pc=0x0000000002ad69e0 method=com.android.dx.cf.code.Ropper.isSynchronized()Z @ 12
Event: 34.350 Thread 0x00000000021c0800 Uncommon trap: reason=class_check action=maybe_recompile pc=0x0000000002c3dcd4 method=com.android.dx.cf.code.Ropper.processBlock(Lcom/android/dx/cf/code/ByteBlock;Lcom/android/dx/cf/code/Frame;[I)V @ 693
Event: 34.384 Thread 0x00000000021c0800 Uncommon trap: reason=unstable_if action=reinterpret pc=0x0000000002ac6718 method=com.android.dx.cf.code.Merger.mergeType(Lcom/android/dx/rop/type/TypeBearer;Lcom/android/dx/rop/type/TypeBearer;)Lcom/android/dx/rop/type/TypeBearer; @ 126
Event: 34.599 Thread 0x00000000021c0800 Uncommon trap: reason=unstable_if action=reinterpret pc=0x00000000025465c4 method=com.android.dx.rop.code.BasicBlockList.preferredSuccessorOf(Lcom/android/dx/rop/code/BasicBlock;)Lcom/android/dx/rop/code/BasicBlock; @ 58
Event: 34.614 Thread 0x00000000021c0800 Uncommon trap: reason=unstable_if action=reinterpret pc=0x00000000029fe074 method=com.android.dx.rop.code.BasicBlockList.preferredSuccessorOf(Lcom/android/dx/rop/code/BasicBlock;)Lcom/android/dx/rop/code/BasicBlock; @ 58
Event: 35.386 Thread 0x00000000021c0800 Uncommon trap: reason=class_check action=maybe_recompile pc=0x0000000002b537e8 method=com.android.dx.cf.code.BaseMachine.addResult(Lcom/android/dx/rop/type/TypeBearer;)V @ 23
Event: 35.401 Thread 0x00000000021c0800 Uncommon trap: reason=class_check action=maybe_recompile pc=0x000000000255ed4c method=java.util.HashMap.putVal(ILjava/lang/Object;Ljava/lang/Object;ZZ)Ljava/lang/Object; @ 203
Event: 35.401 Thread 0x00000000021c0800 Uncommon trap: reason=bimorphic action=maybe_recompile pc=0x0000000002aebca8 method=com.android.dx.cf.code.BytecodeArray.parseInstruction(ILcom/android/dx/cf/code/BytecodeArray$Visitor;)I @ 2135
Event: 35.402 Thread 0x00000000021c0800 Uncommon trap: reason=bimorphic action=maybe_recompile pc=0x0000000002aebca8 method=com.android.dx.cf.code.BytecodeArray.parseInstruction(ILcom/android/dx/cf/code/BytecodeArray$Visitor;)I @ 2135
Event: 36.386 Thread 0x00000000021c0800 Uncommon trap: reason=speculate_class_check action=maybe_recompile pc=0x0000000002b4a494 method=com.android.dx.rop.cst.TypedConstant.getBasicType()I @ 1

Internal exceptions (6 events):
Event: 0.052 Thread 0x00000000021c0800 Exception <a 'java/lang/NoSuchMethodError': Method sun.misc.Unsafe.defineClass(Ljava/lang/String;[BII)Ljava/lang/Class; name or signature does not match> (0x00000000eab0d888) thrown at [C:\re\workspace\8-2-build-windows-amd64-cygwin\jdk8u66\5298\hotspot\srTò?¦ª?
Event: 0.052 Thread 0x00000000021c0800 Exception <a 'java/lang/NoSuchMethodError': Method sun.misc.Unsafe.prefetchRead(Ljava/lang/Object;J)V name or signature does not match> (0x00000000eab0db70) thrown at [C:\re\workspace\8-2-build-windows-amd64-cygwin\jdk8u66\5298\hotspot\src\share\vm\prims\j¨¸H
Event: 2.010 Thread 0x00000000164d5000 Implicit null exception at 0x00000000025c2da2 to 0x00000000025c2e9a
Event: 14.379 Thread 0x0000000016461000 Exception <a 'java/lang/ArrayIndexOutOfBoundsException': 18> (0x00000000eea29cb0) thrown at [C:\re\workspace\8-2-build-windows-amd64-cygwin\jdk8u66\5298\hotspot\src\share\vm\interpreter\interpreterRuntime.cpp, line 366]
Event: 14.380 Thread 0x0000000016461000 Exception <a 'java/lang/ArrayIndexOutOfBoundsException': 145> (0x00000000eea2b830) thrown at [C:\re\workspace\8-2-build-windows-amd64-cygwin\jdk8u66\5298\hotspot\src\share\vm\interpreter\interpreterRuntime.cpp, line 366]
Event: 14.382 Thread 0x0000000016461000 Exception <a 'java/lang/ArrayIndexOutOfBoundsException'> (0x00000000eea2cb18) thrown at [C:\re\workspace\8-2-build-windows-amd64-cygwin\jdk8u66\5298\hotspot\src\share\vm\runtime\sharedRuntime.cpp, line 605]

Events (10 events):
Event: 35.875 Thread 0x00000000021c0800 DEOPT UNPACKING pc=0x000000000230787f sp=0x00000000021be078 mode 0
Event: 36.114 Thread 0x00000000164d7800 DEOPT PACKING pc=0x00000000027af50d sp=0x0000000016cfee30
Event: 36.114 Thread 0x00000000164d7800 DEOPT UNPACKING pc=0x000000000230787f sp=0x0000000016cfebe0 mode 0
Event: 36.133 Thread 0x00000000164d7800 DEOPT PACKING pc=0x0000000002731f47 sp=0x0000000016cfef70
Event: 36.133 Thread 0x00000000164d7800 DEOPT UNPACKING pc=0x000000000230787f sp=0x0000000016cfecc8 mode 0
Event: 36.213 Thread 0x00000000021c0800 DEOPT PACKING pc=0x0000000002a65a0f sp=0x00000000021be3b0
Event: 36.213 Thread 0x00000000021c0800 DEOPT UNPACKING pc=0x000000000230787f sp=0x00000000021be1e0 mode 0
Event: 36.386 Thread 0x00000000021c0800 Uncommon trap: trap_request=0xffffff76 fr.pc=0x0000000002b4a494
Event: 36.386 Thread 0x00000000021c0800 DEOPT PACKING pc=0x0000000002b4a494 sp=0x00000000021be0d0
Event: 36.386 Thread 0x00000000021c0800 DEOPT UNPACKING pc=0x000000000230582a sp=0x00000000021be060 mode 2


Dynamic libraries:
0x00007ff70ceb0000 - 0x00007ff70cee7000 	C:\Program Files\Java\jdk1.8.0_66\bin\java.exe
0x00007ffc330c0000 - 0x00007ffc33281000 	C:\Windows\SYSTEM32\ntdll.dll
0x00007ffc31ad0000 - 0x00007ffc31b7d000 	C:\Windows\system32\KERNEL32.DLL
0x00007ffc30130000 - 0x00007ffc30318000 	C:\Windows\system32\KERNELBASE.dll
0x00007ffc304c0000 - 0x00007ffc30567000 	C:\Windows\system32\ADVAPI32.dll
0x00007ffc32ed0000 - 0x00007ffc32f6d000 	C:\Windows\system32\msvcrt.dll
0x00007ffc31dd0000 - 0x00007ffc31e2b000 	C:\Windows\system32\sechost.dll
0x00007ffc320b0000 - 0x00007ffc321cc000 	C:\Windows\system32\RPCRT4.dll
0x00007ffc31f50000 - 0x00007ffc320a6000 	C:\Windows\system32\USER32.dll
0x00007ffc32800000 - 0x00007ffc32986000 	C:\Windows\system32\GDI32.dll
0x00007ffc24db0000 - 0x00007ffc25024000 	C:\Windows\WinSxS\amd64_microsoft.windows.common-controls_6595b64144ccf1df_6.0.10586.0_none_8c15ae12515e1c22\COMCTL32.dll
0x00007ffc32aa0000 - 0x00007ffc32d1d000 	C:\Windows\system32\combase.dll
0x00007ffc30390000 - 0x00007ffc303fa000 	C:\Windows\system32\bcryptPrimitives.dll
0x00007ffc329f0000 - 0x00007ffc32a2b000 	C:\Windows\system32\IMM32.DLL
0x000000006fa70000 - 0x000000006fb42000 	C:\Program Files\Java\jdk1.8.0_66\jre\bin\msvcr100.dll
0x000000006fef0000 - 0x0000000070779000 	C:\Program Files\Java\jdk1.8.0_66\jre\bin\server\jvm.dll
0x00007ffc31e30000 - 0x00007ffc31e38000 	C:\Windows\system32\PSAPI.DLL
0x00007ffc2bf40000 - 0x00007ffc2bf49000 	C:\Windows\SYSTEM32\WSOCK32.dll
0x00007ffc31c30000 - 0x00007ffc31c9b000 	C:\Windows\system32\WS2_32.dll
0x00007ffc2de10000 - 0x00007ffc2de33000 	C:\Windows\SYSTEM32\WINMM.dll
0x00007ffc233d0000 - 0x00007ffc233da000 	C:\Windows\SYSTEM32\VERSION.dll
0x00007ffc2ddb0000 - 0x00007ffc2dddc000 	C:\Windows\SYSTEM32\WINMMBASE.dll
0x00007ffc30340000 - 0x00007ffc30383000 	C:\Windows\system32\cfgmgr32.dll
0x000000006fee0000 - 0x000000006feef000 	C:\Program Files\Java\jdk1.8.0_66\jre\bin\verify.dll
0x000000006feb0000 - 0x000000006fed9000 	C:\Program Files\Java\jdk1.8.0_66\jre\bin\java.dll
0x000000006fe90000 - 0x000000006fea6000 	C:\Program Files\Java\jdk1.8.0_66\jre\bin\zip.dll
0x00007ffc30570000 - 0x00007ffc31acc000 	C:\Windows\system32\SHELL32.dll
0x00007ffc2fae0000 - 0x00007ffc30124000 	C:\Windows\system32\windows.storage.dll
0x00007ffc32a30000 - 0x00007ffc32a82000 	C:\Windows\system32\shlwapi.dll
0x00007ffc2f760000 - 0x00007ffc2f76f000 	C:\Windows\system32\kernel.appcore.dll
0x00007ffc30400000 - 0x00007ffc304b5000 	C:\Windows\system32\shcore.dll
0x00007ffc2f710000 - 0x00007ffc2f75b000 	C:\Windows\system32\powrprof.dll
0x00007ffc2f6f0000 - 0x00007ffc2f704000 	C:\Windows\system32\profapi.dll

VM Arguments:
jvm_args: -Djava.awt.headless=true -Xmx1024M -Dfile.encoding=windows-1252 -Duser.country=IT -Duser.language=it -Duser.variant 
java_command: com.android.dx.command.Main --dex --force-jumbo --num-threads=4 --multi-dex --output C:\Users\Davide\AndroidStudioProjects\MioMeteo\app\build\intermediates\transforms\dex\debug\folders\1000\10\com.google.android.gms-play-services-ads-8.4.0_a6fd10e450791d362247a31607fa8d6fc799376c C:\Users\Davide\AndroidStudioProjects\MioMeteo\app\build\intermediates\exploded-aar\com.google.android.gms\play-services-ads\8.4.0\jars\classes.jar
java_class_path (initial): C:\Users\Davide\AppData\Local\Android\sdk\build-tools\23.0.3\lib\dx.jar
Launcher Type: SUN_STANDARD

Environment Variables:
PATH=C:\ProgramData\Oracle\Java\javapath;C:\Program Files (x86)\Intel\iCLS Client\;C:\Program Files\Intel\iCLS Client\;C:\Windows\system32;C:\Windows;C:\Windows\System32\Wbem;C:\Windows\System32\WindowsPowerShell\v1.0\;c:\Program Files\Intel\WiFi\bin\;c:\Program Files\Common Files\Intel\WirelessCommon\;C:\Program Files\Intel\Intel(R) Management Engine Components\DAL;C:\Program Files (x86)\Intel\Intel(R) Management Engine Components\DAL;C:\Program Files\Intel\Intel(R) Management Engine Components\IPT;C:\Program Files (x86)\Intel\Intel(R) Management Engine Components\IPT;C:\Program Files\Hewlett-Packard\SimplePass\;C:\Program Files\Java\jdk1.8.0_66\bin;C:\Program Files\TortoiseSVN\bin;C:\Program Files (x86)\MySQL\MySQL Fabric 1.5 & MySQL Utilities 1.5\;C:\Program Files (x86)\MySQL\MySQL Fabric 1.5 & MySQL Utilities 1.5\Doctrine extensions for PHP\;C:\Program Files (x86)\Skype\Phone\
USERNAME=Davide
OS=Windows_NT
PROCESSOR_IDENTIFIER=Intel64 Family 6 Model 61 Stepping 4, GenuineIntel



---------------  S Y S T E M  ---------------

OS: Windows 10.0 , 64 bit Build 10586 (10.0.10586.0)

CPU:total 4 (2 cores per cpu, 2 threads per core) family 6 model 61 stepping 4, cmov, cx8, fxsr, mmx, sse, sse2, sse3, ssse3, sse4.1, sse4.2, popcnt, avx, avx2, aes, clmul, erms, 3dnowpref, lzcnt, ht, tsc, tscinvbit, bmi1, bmi2, adx

Memory: 4k page, physical 4109328k(150716k free), swap 5157904k(5228k free)

vm_info: Java HotSpot(TM) 64-Bit Server VM (25.66-b18) for windows-amd64 JRE (1.8.0_66-b18), built on Nov  9 2015 10:51:13 by "java_re" with MS VC++ 10.0 (VS2010)

time: Fri May 20 22:20:39 2016
elapsed time: 36 seconds (0d 0h 0m 36s)

