#
# There is insufficient memory for the Java Runtime Environment to continue.
# Native memory allocation (malloc) failed to allocate 1787696 bytes for Chunk::new
# Possible reasons:
#   The system is out of physical RAM or swap space
#   In 32 bit mode, the process size limit was hit
# Possible solutions:
#   Reduce memory load on the system
#   Increase physical memory or swap space
#   Check if swap backing store is full
#   Use 64 bit Java on a 64 bit OS
#   Decrease Java heap size (-Xmx/-Xms)
#   Decrease number of Java threads
#   Decrease Java thread stack sizes (-Xss)
#   Set larger code cache with -XX:ReservedCodeCacheSize=
# This output file may be truncated or incomplete.
#
#  Out of Memory Error (allocation.cpp:390), pid=6968, tid=7592
#
# JRE version: Java(TM) SE Runtime Environment (8.0_66-b18) (build 1.8.0_66-b18)
# Java VM: Java HotSpot(TM) 64-Bit Server VM (25.66-b18 mixed mode windows-amd64 compressed oops)
# Failed to write core dump. Minidumps are not enabled by default on client versions of Windows
#

---------------  T H R E A D  ---------------

Current thread (0x000000001495d000):  JavaThread "C2 CompilerThread0" daemon [_thread_in_native, id=7592, stack(0x0000000015fd0000,0x00000000160d0000)]

Stack: [0x0000000015fd0000,0x00000000160d0000]
[error occurred during error reporting (printing stack bounds), id 0xc0000005]

Native frames: (J=compiled Java code, j=interpreted, Vv=VM code, C=native code)


Current CompileTask:
C2:   2576 1416   !   4       com.android.dx.cf.code.BytecodeArray::parseInstruction (2764 bytes)


---------------  P R O C E S S  ---------------

Java Threads: ( => current thread )
  0x0000000016569800 JavaThread "pool-1-thread-4" [_thread_in_Java, id=776, stack(0x0000000016cd0000,0x0000000016dd0000)]
  0x0000000016567800 JavaThread "pool-1-thread-3" [_thread_blocked, id=2176, stack(0x0000000016bd0000,0x0000000016cd0000)]
  0x0000000016566800 JavaThread "pool-1-thread-2" [_thread_blocked, id=4800, stack(0x0000000016ad0000,0x0000000016bd0000)]
  0x00000000165ed000 JavaThread "pool-2-thread-1" [_thread_blocked, id=4640, stack(0x00000000169d0000,0x0000000016ad0000)]
  0x00000000165ec800 JavaThread "pool-1-thread-1" [_thread_in_Java, id=5892, stack(0x00000000168d0000,0x00000000169d0000)]
  0x00000000162d5800 JavaThread "Service Thread" daemon [_thread_blocked, id=704, stack(0x00000000166d0000,0x00000000167d0000)]
  0x00000000149b9000 JavaThread "C1 CompilerThread2" daemon [_thread_in_vm, id=4784, stack(0x00000000161d0000,0x00000000162d0000)]
  0x0000000014960000 JavaThread "C2 CompilerThread1" daemon [_thread_in_native, id=1760, stack(0x00000000160d0000,0x00000000161d0000)]
=>0x000000001495d000 JavaThread "C2 CompilerThread0" daemon [_thread_in_native, id=7592, stack(0x0000000015fd0000,0x00000000160d0000)]
  0x000000001495b000 JavaThread "Attach Listener" daemon [_thread_blocked, id=7584, stack(0x0000000015ed0000,0x0000000015fd0000)]
  0x0000000014959800 JavaThread "Signal Dispatcher" daemon [_thread_blocked, id=6020, stack(0x0000000015dd0000,0x0000000015ed0000)]
  0x0000000002280800 JavaThread "Finalizer" daemon [_thread_blocked, id=4464, stack(0x0000000015bd0000,0x0000000015cd0000)]
  0x000000000227d000 JavaThread "Reference Handler" daemon [_thread_blocked, id=4756, stack(0x0000000015ad0000,0x0000000015bd0000)]
  0x0000000002190800 JavaThread "main" [_thread_blocked, id=3612, stack(0x0000000001f90000,0x0000000002090000)]

Other Threads:
  0x0000000014928000 VMThread [stack: 0x00000000159d0000,0x0000000015ad0000] [id=6176]
  0x00000000162da800 WatcherThread [stack: 0x00000000167d0000,0x00000000168d0000] [id=4996]

VM state:not at safepoint (normal execution)

VM Mutex/Monitor currently owned by a thread: None

Heap:
 PSYoungGen      total 35328K, used 9568K [0x00000000eab00000, 0x00000000ed000000, 0x0000000100000000)
  eden space 32768K, 21% used [0x00000000eab00000,0x00000000eb1dfff8,0x00000000ecb00000)
  from space 2560K, 98% used [0x00000000ecb00000,0x00000000ecd78028,0x00000000ecd80000)
  to   space 2560K, 0% used [0x00000000ecd80000,0x00000000ecd80000,0x00000000ed000000)
 ParOldGen       total 44032K, used 7775K [0x00000000c0000000, 0x00000000c2b00000, 0x00000000eab00000)
  object space 44032K, 17% used [0x00000000c0000000,0x00000000c0797e28,0x00000000c2b00000)
 Metaspace       used 6232K, capacity 7088K, committed 7296K, reserved 1056768K
  class space    used 599K, capacity 616K, committed 640K, reserved 1048576K

Card table byte_map: [0x0000000011650000,0x0000000011860000] byte_map_base: 0x0000000011050000

Marking Bits: (ParMarkBitMap*) 0x000000006fc1a5b0
 Begin Bits: [0x0000000011dc0000, 0x0000000012dc0000)
 End Bits:   [0x0000000012dc0000, 0x0000000013dc0000)

Polling page: 0x0000000000720000

CodeCache: size=245760Kb used=6086Kb max_used=6086Kb free=239673Kb
 bounds [0x0000000002290000, 0x0000000002890000, 0x0000000011290000]
 total_blobs=1793 nmethods=1525 adapters=181
 compilation: enabled

Compilation events (10 events):
Event: 2.565 Thread 0x00000000149b9000 nmethod 1538 0x0000000002882bd0 code [0x0000000002882de0, 0x0000000002883418]
Event: 2.565 Thread 0x00000000149b9000 1539       2       com.android.dx.rop.code.BasicBlockList$RegCountVisitor::visitThrowingInsn (6 bytes)
Event: 2.565 Thread 0x00000000149b9000 nmethod 1539 0x0000000002883950 code [0x0000000002883ac0, 0x0000000002883c28]
Event: 2.568 Thread 0x00000000149b9000 1540       2       com.android.dx.ssa.back.SsaToRop::moveParametersToHighRegisters (88 bytes)
Event: 2.569 Thread 0x00000000149b9000 nmethod 1540 0x0000000002883cd0 code [0x0000000002883e60, 0x0000000002884218]
Event: 2.571 Thread 0x00000000149b9000 1541       2       java.util.concurrent.ThreadPoolExecutor::runStateOf (5 bytes)
Event: 2.572 Thread 0x00000000149b9000 nmethod 1541 0x0000000002884490 code [0x00000000028845e0, 0x0000000002884710]
Event: 2.572 Thread 0x00000000149b9000 1542       2       com.android.dx.rop.cst.CstArray$List::set (7 bytes)
Event: 2.572 Thread 0x00000000149b9000 nmethod 1542 0x0000000002884790 code [0x0000000002884940, 0x0000000002884da8]
Event: 2.574 Thread 0x00000000149b9000 1543       2       java.io.FilterInputStream::read (9 bytes)

GC Heap History (6 events):
Event: 1.417 GC heap before
{Heap before GC invocations=1 (full 0):
 PSYoungGen      total 18944K, used 16384K [0x00000000eab00000, 0x00000000ec000000, 0x0000000100000000)
  eden space 16384K, 100% used [0x00000000eab00000,0x00000000ebb00000,0x00000000ebb00000)
  from space 2560K, 0% used [0x00000000ebd80000,0x00000000ebd80000,0x00000000ec000000)
  to   space 2560K, 0% used [0x00000000ebb00000,0x00000000ebb00000,0x00000000ebd80000)
 ParOldGen       total 44032K, used 0K [0x00000000c0000000, 0x00000000c2b00000, 0x00000000eab00000)
  object space 44032K, 0% used [0x00000000c0000000,0x00000000c0000000,0x00000000c2b00000)
 Metaspace       used 5614K, capacity 6576K, committed 6784K, reserved 1056768K
  class space    used 590K, capacity 616K, committed 640K, reserved 1048576K
Event: 1.428 GC heap after
Heap after GC invocations=1 (full 0):
 PSYoungGen      total 18944K, used 2554K [0x00000000eab00000, 0x00000000ed000000, 0x0000000100000000)
  eden space 16384K, 0% used [0x00000000eab00000,0x00000000eab00000,0x00000000ebb00000)
  from space 2560K, 99% used [0x00000000ebb00000,0x00000000ebd7ea98,0x00000000ebd80000)
  to   space 2560K, 0% used [0x00000000ecd80000,0x00000000ecd80000,0x00000000ed000000)
 ParOldGen       total 44032K, used 1052K [0x00000000c0000000, 0x00000000c2b00000, 0x00000000eab00000)
  object space 44032K, 2% used [0x00000000c0000000,0x00000000c0107050,0x00000000c2b00000)
 Metaspace       used 5614K, capacity 6576K, committed 6784K, reserved 1056768K
  class space    used 590K, capacity 616K, committed 640K, reserved 1048576K
}
Event: 1.887 GC heap before
{Heap before GC invocations=2 (full 0):
 PSYoungGen      total 18944K, used 18938K [0x00000000eab00000, 0x00000000ed000000, 0x0000000100000000)
  eden space 16384K, 100% used [0x00000000eab00000,0x00000000ebb00000,0x00000000ebb00000)
  from space 2560K, 99% used [0x00000000ebb00000,0x00000000ebd7ea98,0x00000000ebd80000)
  to   space 2560K, 0% used [0x00000000ecd80000,0x00000000ecd80000,0x00000000ed000000)
 ParOldGen       total 44032K, used 1052K [0x00000000c0000000, 0x00000000c2b00000, 0x00000000eab00000)
  object space 44032K, 2% used [0x00000000c0000000,0x00000000c0107050,0x00000000c2b00000)
 Metaspace       used 5938K, capacity 6832K, committed 7040K, reserved 1056768K
  class space    used 599K, capacity 616K, committed 640K, reserved 1048576K
Event: 1.900 GC heap after
Heap after GC invocations=2 (full 0):
 PSYoungGen      total 35328K, used 2535K [0x00000000eab00000, 0x00000000ed000000, 0x0000000100000000)
  eden space 32768K, 0% used [0x00000000eab00000,0x00000000eab00000,0x00000000ecb00000)
  from space 2560K, 99% used [0x00000000ecd80000,0x00000000ecff9c88,0x00000000ed000000)
  to   space 2560K, 0% used [0x00000000ecb00000,0x00000000ecb00000,0x00000000ecd80000)
 ParOldGen       total 44032K, used 3005K [0x00000000c0000000, 0x00000000c2b00000, 0x00000000eab00000)
  object space 44032K, 6% used [0x00000000c0000000,0x00000000c02ef448,0x00000000c2b00000)
 Metaspace       used 5938K, capacity 6832K, committed 7040K, reserved 1056768K
  class space    used 599K, capacity 616K, committed 640K, reserved 1048576K
}
Event: 2.473 GC heap before
{Heap before GC invocations=3 (full 0):
 PSYoungGen      total 35328K, used 35303K [0x00000000eab00000, 0x00000000ed000000, 0x0000000100000000)
  eden space 32768K, 100% used [0x00000000eab00000,0x00000000ecb00000,0x00000000ecb00000)
  from space 2560K, 99% used [0x00000000ecd80000,0x00000000ecff9c88,0x00000000ed000000)
  to   space 2560K, 0% used [0x00000000ecb00000,0x00000000ecb00000,0x00000000ecd80000)
 ParOldGen       total 44032K, used 3005K [0x00000000c0000000, 0x00000000c2b00000, 0x00000000eab00000)
  object space 44032K, 6% used [0x00000000c0000000,0x00000000c02ef448,0x00000000c2b00000)
 Metaspace       used 6221K, capacity 7088K, committed 7296K, reserved 1056768K
  class space    used 599K, capacity 616K, committed 640K, reserved 1048576K
Event: 2.519 GC heap after
Heap after GC invocations=3 (full 0):
 PSYoungGen      total 35328K, used 2528K [0x00000000eab00000, 0x00000000ed000000, 0x0000000100000000)
  eden space 32768K, 0% used [0x00000000eab00000,0x00000000eab00000,0x00000000ecb00000)
  from space 2560K, 98% used [0x00000000ecb00000,0x00000000ecd78028,0x00000000ecd80000)
  to   space 2560K, 0% used [0x00000000ecd80000,0x00000000ecd80000,0x00000000ed000000)
 ParOldGen       total 44032K, used 7775K [0x00000000c0000000, 0x00000000c2b00000, 0x00000000eab00000)
  object space 44032K, 17% used [0x00000000c0000000,0x00000000c0797e28,0x00000000c2b00000)
 Metaspace       used 6221K, capacity 7088K, committed 7296K, reserved 1056768K
  class space    used 599K, capacity 616K, committed 640K, reserved 1048576K
}

Deoptimization events (10 events):
Event: 1.630 Thread 0x0000000016569800 Uncommon trap: reason=class_check action=maybe_recompile pc=0x00000000024e54d4 method=com.android.dx.ssa.NormalSsaInsn.accept(Lcom/android/dx/ssa/SsaInsn$Visitor;)V @ 9
Event: 1.630 Thread 0x0000000016569800 Uncommon trap: reason=class_check action=maybe_recompile pc=0x00000000024cf830 method=com.android.dx.ssa.NormalSsaInsn.accept(Lcom/android/dx/ssa/SsaInsn$Visitor;)V @ 9
Event: 1.716 Thread 0x0000000016566800 Uncommon trap: reason=bimorphic action=maybe_recompile pc=0x00000000024e00b8 method=java.util.HashMap.getNode(ILjava/lang/Object;)Ljava/util/HashMap$Node; @ 126
Event: 1.744 Thread 0x0000000002190800 Uncommon trap: reason=unstable_if action=reinterpret pc=0x000000000261dc40 method=com.android.dx.rop.code.RegisterSpecSet.<init>(I)V @ 2
Event: 1.906 Thread 0x0000000002190800 Uncommon trap: reason=bimorphic action=maybe_recompile pc=0x00000000024e00b8 method=java.util.HashMap.getNode(ILjava/lang/Object;)Ljava/util/HashMap$Node; @ 126
Event: 2.110 Thread 0x0000000016567800 Uncommon trap: reason=unstable_if action=reinterpret pc=0x00000000026fa844 method=java.util.BitSet.clone()Ljava/lang/Object; @ 4
Event: 2.131 Thread 0x00000000165ec800 Uncommon trap: reason=unstable_if action=reinterpret pc=0x0000000002634f5c method=com.android.dx.ssa.SsaMethod.updateOneDefinition(Lcom/android/dx/ssa/SsaInsn;Lcom/android/dx/rop/code/RegisterSpec;)V @ 4
Event: 2.198 Thread 0x00000000165ec800 Uncommon trap: reason=unstable_if action=reinterpret pc=0x000000000263e83c method=com.android.dx.util.IntList.binarysearch(I)I @ 105
Event: 2.419 Thread 0x0000000016567800 Uncommon trap: reason=bimorphic action=maybe_recompile pc=0x00000000024e00b8 method=java.util.HashMap.getNode(ILjava/lang/Object;)Ljava/util/HashMap$Node; @ 126
Event: 2.436 Thread 0x00000000165ec800 Uncommon trap: reason=bimorphic action=maybe_recompile pc=0x00000000024e00b8 method=java.util.HashMap.getNode(ILjava/lang/Object;)Ljava/util/HashMap$Node; @ 126

Internal exceptions (3 events):
Event: 0.686 Thread 0x0000000002190800 Exception <a 'java/lang/NoSuchMethodError': Method sun.misc.Unsafe.defineClass(Ljava/lang/String;[BII)Ljava/lang/Class; name or signature does not match> (0x00000000eab0d9c8) thrown at [C:\re\workspace\8-2-build-windows-amd64-cygwin\jdk8u66\5298\hotspot\srÚêò–Â?
Event: 0.686 Thread 0x0000000002190800 Exception <a 'java/lang/NoSuchMethodError': Method sun.misc.Unsafe.prefetchRead(Ljava/lang/Object;J)V name or signature does not match> (0x00000000eab0dcb0) thrown at [C:\re\workspace\8-2-build-windows-amd64-cygwin\jdk8u66\5298\hotspot\src\share\vm\prims\jœví`“
Event: 1.500 Thread 0x0000000016566800 Implicit null exception at 0x0000000002534462 to 0x000000000253455a

Events (10 events):
Event: 2.198 Thread 0x00000000165ec800 DEOPT PACKING pc=0x000000000263e83c sp=0x00000000169ce860
Event: 2.198 Thread 0x00000000165ec800 DEOPT UNPACKING pc=0x00000000022d582a sp=0x00000000169ce7d8 mode 2
Event: 2.419 Thread 0x0000000016567800 Uncommon trap: trap_request=0xffffffc6 fr.pc=0x00000000024e00b8
Event: 2.419 Thread 0x0000000016567800 DEOPT PACKING pc=0x00000000024e00b8 sp=0x0000000016cce760
Event: 2.419 Thread 0x0000000016567800 DEOPT UNPACKING pc=0x00000000022d582a sp=0x0000000016cce678 mode 2
Event: 2.436 Thread 0x00000000165ec800 Uncommon trap: trap_request=0xffffffc6 fr.pc=0x00000000024e00b8
Event: 2.436 Thread 0x00000000165ec800 DEOPT PACKING pc=0x00000000024e00b8 sp=0x00000000169ce770
Event: 2.436 Thread 0x00000000165ec800 DEOPT UNPACKING pc=0x00000000022d582a sp=0x00000000169ce688 mode 2
Event: 2.437 Executing VM operation: ParallelGCFailedAllocation
Event: 2.519 Executing VM operation: ParallelGCFailedAllocation done


Dynamic libraries:
0x00007ff7e1010000 - 0x00007ff7e1047000 	C:\Program Files\Java\jdk1.8.0_66\bin\java.exe
0x00007ffbf7d80000 - 0x00007ffbf7f41000 	C:\Windows\SYSTEM32\ntdll.dll
0x00007ffbf51e0000 - 0x00007ffbf528d000 	C:\Windows\system32\KERNEL32.DLL
0x00007ffbf44c0000 - 0x00007ffbf46a8000 	C:\Windows\system32\KERNELBASE.dll
0x00007ffbf7760000 - 0x00007ffbf7807000 	C:\Windows\system32\ADVAPI32.dll
0x00007ffbf5300000 - 0x00007ffbf539d000 	C:\Windows\system32\msvcrt.dll
0x00007ffbf53b0000 - 0x00007ffbf540b000 	C:\Windows\system32\sechost.dll
0x00007ffbf7c60000 - 0x00007ffbf7d7c000 	C:\Windows\system32\RPCRT4.dll
0x00007ffbf7810000 - 0x00007ffbf7966000 	C:\Windows\system32\USER32.dll
0x00007ffbf5410000 - 0x00007ffbf5596000 	C:\Windows\system32\GDI32.dll
0x00007ffbe7e40000 - 0x00007ffbe80b4000 	C:\Windows\WinSxS\amd64_microsoft.windows.common-controls_6595b64144ccf1df_6.0.10586.0_none_8c15ae12515e1c22\COMCTL32.dll
0x00007ffbf79e0000 - 0x00007ffbf7c5d000 	C:\Windows\system32\combase.dll
0x00007ffbf46b0000 - 0x00007ffbf471a000 	C:\Windows\system32\bcryptPrimitives.dll
0x00007ffbf72f0000 - 0x00007ffbf732b000 	C:\Windows\system32\IMM32.DLL
0x000000006ede0000 - 0x000000006eeb2000 	C:\Program Files\Java\jdk1.8.0_66\jre\bin\msvcr100.dll
0x000000006f410000 - 0x000000006fc99000 	C:\Program Files\Java\jdk1.8.0_66\jre\bin\server\jvm.dll
0x00007ffbf6ee0000 - 0x00007ffbf6ee8000 	C:\Windows\system32\PSAPI.DLL
0x00007ffbf0fb0000 - 0x00007ffbf0fb9000 	C:\Windows\SYSTEM32\WSOCK32.dll
0x00007ffbf7280000 - 0x00007ffbf72eb000 	C:\Windows\system32\WS2_32.dll
0x00007ffbf2ad0000 - 0x00007ffbf2af3000 	C:\Windows\SYSTEM32\WINMM.dll
0x00007ffbe75f0000 - 0x00007ffbe75fa000 	C:\Windows\SYSTEM32\VERSION.dll
0x00007ffbf2a70000 - 0x00007ffbf2a9c000 	C:\Windows\SYSTEM32\WINMMBASE.dll
0x00007ffbf4f60000 - 0x00007ffbf4fa3000 	C:\Windows\system32\cfgmgr32.dll
0x000000006f400000 - 0x000000006f40f000 	C:\Program Files\Java\jdk1.8.0_66\jre\bin\verify.dll
0x000000006f3d0000 - 0x000000006f3f9000 	C:\Program Files\Java\jdk1.8.0_66\jre\bin\java.dll
0x000000006f3b0000 - 0x000000006f3c6000 	C:\Program Files\Java\jdk1.8.0_66\jre\bin\zip.dll
0x00007ffbf5980000 - 0x00007ffbf6edc000 	C:\Windows\system32\SHELL32.dll
0x00007ffbf47d0000 - 0x00007ffbf4e14000 	C:\Windows\system32\windows.storage.dll
0x00007ffbf7220000 - 0x00007ffbf7272000 	C:\Windows\system32\shlwapi.dll
0x00007ffbf4410000 - 0x00007ffbf441f000 	C:\Windows\system32\kernel.appcore.dll
0x00007ffbf4ea0000 - 0x00007ffbf4f55000 	C:\Windows\system32\shcore.dll
0x00007ffbf43c0000 - 0x00007ffbf440b000 	C:\Windows\system32\powrprof.dll
0x00007ffbf43a0000 - 0x00007ffbf43b4000 	C:\Windows\system32\profapi.dll

VM Arguments:
jvm_args: -Djava.awt.headless=true -Xmx1024M -Dfile.encoding=windows-1252 -Duser.country=IT -Duser.language=it -Duser.variant 
java_command: com.android.dx.command.Main --dex --num-threads=4 --output C:\Users\Davide\AndroidStudioProjects\MioMeteo\app\build\intermediates\pre-dexed\debug\com.google.android.gms-play-services-ads-lite-9.0.0_49ac53abdda631c87c796d0a17eba5ecff993722.jar C:\Users\Davide\AndroidStudioProjects\MioMeteo\app\build\intermediates\exploded-aar\com.google.android.gms\play-services-ads-lite\9.0.0\jars\classes.jar
java_class_path (initial): C:\Users\Davide\AppData\Local\Android\sdk\build-tools\23.0.3\lib\dx.jar
Launcher Type: SUN_STANDARD

Environment Variables:
PATH=C:\ProgramData\Oracle\Java\javapath;C:\Program Files (x86)\Intel\iCLS Client\;C:\Program Files\Intel\iCLS Client\;C:\Windows\system32;C:\Windows;C:\Windows\System32\Wbem;C:\Windows\System32\WindowsPowerShell\v1.0\;c:\Program Files\Intel\WiFi\bin\;c:\Program Files\Common Files\Intel\WirelessCommon\;C:\Program Files\Intel\Intel(R) Management Engine Components\DAL;C:\Program Files (x86)\Intel\Intel(R) Management Engine Components\DAL;C:\Program Files\Intel\Intel(R) Management Engine Components\IPT;C:\Program Files (x86)\Intel\Intel(R) Management Engine Components\IPT;C:\Program Files\Hewlett-Packard\SimplePass\;C:\Program Files\Java\jdk1.8.0_66\bin;C:\Program Files\TortoiseSVN\bin;C:\Program Files (x86)\MySQL\MySQL Fabric 1.5 & MySQL Utilities 1.5\;C:\Program Files (x86)\MySQL\MySQL Fabric 1.5 & MySQL Utilities 1.5\Doctrine extensions for PHP\;C:\Program Files (x86)\Skype\Phone\
USERNAME=Davide
OS=Windows_NT
PROCESSOR_IDENTIFIER=Intel64 Family 6 Model 61 Stepping 4, GenuineIntel



---------------  S Y S T E M  ---------------

OS: Windows 10.0 , 64 bit Build 10586 (10.0.10586.0)

CPU:total 4 (2 cores per cpu, 2 threads per core) family 6 model 61 stepping 4, cmov, cx8, fxsr, mmx, sse, sse2, sse3, ssse3, sse4.1, sse4.2, popcnt, avx, avx2, aes, clmul, erms, 3dnowpref, lzcnt, ht, tsc, tscinvbit, bmi1, bmi2, adx

Memory: 4k page, physical 4109328k(124152k free), swap 5157904k(6696k free)

vm_info: Java HotSpot(TM) 64-Bit Server VM (25.66-b18) for windows-amd64 JRE (1.8.0_66-b18), built on Nov  9 2015 10:51:13 by "java_re" with MS VC++ 10.0 (VS2010)

time: Tue May 31 21:15:29 2016
elapsed time: 2 seconds (0d 0h 0m 2s)

