#
# There is insufficient memory for the Java Runtime Environment to continue.
# Native memory allocation (malloc) failed to allocate 1508336 bytes for Chunk::new
# Possible reasons:
#   The system is out of physical RAM or swap space
#   In 32 bit mode, the process size limit was hit
# Possible solutions:
#   Reduce memory load on the system
#   Increase physical memory or swap space
#   Check if swap backing store is full
#   Use 64 bit Java on a 64 bit OS
#   Decrease Java heap size (-Xmx/-Xms)
#   Decrease number of Java threads
#   Decrease Java thread stack sizes (-Xss)
#   Set larger code cache with -XX:ReservedCodeCacheSize=
# This output file may be truncated or incomplete.
#
#  Out of Memory Error (allocation.cpp:390), pid=7336, tid=3316
#
# JRE version: Java(TM) SE Runtime Environment (8.0_66-b18) (build 1.8.0_66-b18)
# Java VM: Java HotSpot(TM) 64-Bit Server VM (25.66-b18 mixed mode windows-amd64 compressed oops)
# Failed to write core dump. Minidumps are not enabled by default on client versions of Windows
#

---------------  T H R E A D  ---------------

Current thread (0x0000000014a1d000):  JavaThread "C2 CompilerThread0" daemon [_thread_in_native, id=3316, stack(0x0000000016080000,0x0000000016180000)]

Stack: [0x0000000016080000,0x0000000016180000]
[error occurred during error reporting (printing stack bounds), id 0xc0000005]

Native frames: (J=compiled Java code, j=interpreted, Vv=VM code, C=native code)


Current CompileTask:
C2:  18833 2229   !   4       com.android.dx.cf.code.Ropper::processBlock (1101 bytes)


---------------  P R O C E S S  ---------------

Java Threads: ( => current thread )
  0x000000001661d800 JavaThread "pool-1-thread-4" [_thread_in_Java, id=4308, stack(0x0000000017580000,0x0000000017680000)]
  0x000000001661d000 JavaThread "pool-1-thread-3" [_thread_blocked, id=356, stack(0x0000000017480000,0x0000000017580000)]
  0x000000001669e000 JavaThread "pool-1-thread-2" [_thread_blocked, id=6332, stack(0x0000000017380000,0x0000000017480000)]
  0x000000001669d800 JavaThread "pool-2-thread-1" [_thread_blocked, id=3260, stack(0x0000000017280000,0x0000000017380000)]
  0x00000000166a0000 JavaThread "pool-1-thread-1" [_thread_blocked, id=6696, stack(0x0000000017180000,0x0000000017280000)]
  0x0000000016395800 JavaThread "Service Thread" daemon [_thread_blocked, id=4732, stack(0x0000000016780000,0x0000000016880000)]
  0x0000000014a71000 JavaThread "C1 CompilerThread2" daemon [_thread_blocked, id=3396, stack(0x0000000016280000,0x0000000016380000)]
  0x0000000014a20000 JavaThread "C2 CompilerThread1" daemon [_thread_in_native, id=4948, stack(0x0000000016180000,0x0000000016280000)]
=>0x0000000014a1d000 JavaThread "C2 CompilerThread0" daemon [_thread_in_native, id=3316, stack(0x0000000016080000,0x0000000016180000)]
  0x0000000014a1b000 JavaThread "Attach Listener" daemon [_thread_blocked, id=2056, stack(0x0000000015f80000,0x0000000016080000)]
  0x0000000014a1a000 JavaThread "Signal Dispatcher" daemon [_thread_blocked, id=1208, stack(0x0000000015e80000,0x0000000015f80000)]
  0x0000000002346000 JavaThread "Finalizer" daemon [_thread_blocked, id=4128, stack(0x0000000015c80000,0x0000000015d80000)]
  0x00000000149e9000 JavaThread "Reference Handler" daemon [_thread_blocked, id=2416, stack(0x0000000015b80000,0x0000000015c80000)]
  0x0000000002250800 JavaThread "main" [_thread_blocked, id=4680, stack(0x00000000020c0000,0x00000000021c0000)]

Other Threads:
  0x00000000149e7000 VMThread [stack: 0x0000000015a80000,0x0000000015b80000] [id=5876]
  0x000000001639c000 WatcherThread [stack: 0x0000000016880000,0x0000000016980000] [id=7184]

VM state:not at safepoint (normal execution)

VM Mutex/Monitor currently owned by a thread: None

Heap:
 PSYoungGen      total 146944K, used 10333K [0x00000000eab00000, 0x00000000fe200000, 0x0000000100000000)
  eden space 126976K, 0% used [0x00000000eab00000,0x00000000eab99d30,0x00000000f2700000)
  from space 19968K, 48% used [0x00000000f2700000,0x00000000f307d720,0x00000000f3a80000)
  to   space 32256K, 0% used [0x00000000fc280000,0x00000000fc280000,0x00000000fe200000)
 ParOldGen       total 88064K, used 43706K [0x00000000c0000000, 0x00000000c5600000, 0x00000000eab00000)
  object space 88064K, 49% used [0x00000000c0000000,0x00000000c2aae918,0x00000000c5600000)
 Metaspace       used 6415K, capacity 7152K, committed 7296K, reserved 1056768K
  class space    used 602K, capacity 616K, committed 640K, reserved 1048576K

Card table byte_map: [0x0000000011710000,0x0000000011920000] byte_map_base: 0x0000000011110000

Marking Bits: (ParMarkBitMap*) 0x000000005541a5b0
 Begin Bits: [0x0000000011e80000, 0x0000000012e80000)
 End Bits:   [0x0000000012e80000, 0x0000000013e80000)

Polling page: 0x0000000000450000

CodeCache: size=245760Kb used=11225Kb max_used=11246Kb free=234534Kb
 bounds [0x0000000002350000, 0x0000000002e60000, 0x0000000011350000]
 total_blobs=2443 nmethods=2174 adapters=181
 compilation: enabled

Compilation events (10 events):
Event: 16.342 Thread 0x0000000014a20000 nmethod 2255 0x0000000002e4e890 code [0x0000000002e4ebe0, 0x0000000002e51c70]
Event: 16.342 Thread 0x0000000014a20000 2263   !   4       com.android.dx.cf.code.Ropper::doit (126 bytes)
Event: 16.372 Thread 0x0000000014a71000 2266       1       com.android.dx.rop.cst.CstLong::getType (4 bytes)
Event: 16.372 Thread 0x0000000014a71000 nmethod 2266 0x0000000002e18a90 code [0x0000000002e18be0, 0x0000000002e18cf0]
Event: 16.405 Thread 0x0000000014a71000 2267       1       com.android.dx.dex.code.BlockAddresses::getStart (7 bytes)
Event: 16.405 Thread 0x0000000014a71000 nmethod 2267 0x0000000002e17510 code [0x0000000002e17660, 0x0000000002e17790]
Event: 18.825 Thread 0x0000000014a71000 2269       1       java.lang.ref.Reference::access$100 (4 bytes)
Event: 18.825 Thread 0x0000000014a71000 nmethod 2269 0x0000000002a3c9d0 code [0x0000000002a3cb20, 0x0000000002a3cc10]
Event: 18.826 Thread 0x0000000014a71000 2270       1       java.lang.ref.Finalizer::access$000 (4 bytes)
Event: 18.826 Thread 0x0000000014a71000 nmethod 2270 0x0000000002a3d890 code [0x0000000002a3d9e0, 0x0000000002a3dad0]

GC Heap History (10 events):
Event: 6.499 GC heap before
{Heap before GC invocations=4 (full 0):
 PSYoungGen      total 35328K, used 35296K [0x00000000eab00000, 0x00000000ef000000, 0x0000000100000000)
  eden space 32768K, 100% used [0x00000000eab00000,0x00000000ecb00000,0x00000000ecb00000)
  from space 2560K, 98% used [0x00000000ecb00000,0x00000000ecd78010,0x00000000ecd80000)
  to   space 2560K, 0% used [0x00000000eed80000,0x00000000eed80000,0x00000000ef000000)
 ParOldGen       total 44032K, used 6743K [0x00000000c0000000, 0x00000000c2b00000, 0x00000000eab00000)
  object space 44032K, 15% used [0x00000000c0000000,0x00000000c0695e28,0x00000000c2b00000)
 Metaspace       used 6237K, capacity 7088K, committed 7296K, reserved 1056768K
  class space    used 600K, capacity 616K, committed 640K, reserved 1048576K
Event: 6.525 GC heap after
Heap after GC invocations=4 (full 0):
 PSYoungGen      total 68096K, used 2528K [0x00000000eab00000, 0x00000000ef000000, 0x0000000100000000)
  eden space 65536K, 0% used [0x00000000eab00000,0x00000000eab00000,0x00000000eeb00000)
  from space 2560K, 98% used [0x00000000eed80000,0x00000000eeff8010,0x00000000ef000000)
  to   space 2560K, 0% used [0x00000000eeb00000,0x00000000eeb00000,0x00000000eed80000)
 ParOldGen       total 44032K, used 11979K [0x00000000c0000000, 0x00000000c2b00000, 0x00000000eab00000)
  object space 44032K, 27% used [0x00000000c0000000,0x00000000c0bb2db8,0x00000000c2b00000)
 Metaspace       used 6237K, capacity 7088K, committed 7296K, reserved 1056768K
  class space    used 600K, capacity 616K, committed 640K, reserved 1048576K
}
Event: 11.167 GC heap before
{Heap before GC invocations=5 (full 0):
 PSYoungGen      total 68096K, used 68064K [0x00000000eab00000, 0x00000000ef000000, 0x0000000100000000)
  eden space 65536K, 100% used [0x00000000eab00000,0x00000000eeb00000,0x00000000eeb00000)
  from space 2560K, 98% used [0x00000000eed80000,0x00000000eeff8010,0x00000000ef000000)
  to   space 2560K, 0% used [0x00000000eeb00000,0x00000000eeb00000,0x00000000eed80000)
 ParOldGen       total 44032K, used 11979K [0x00000000c0000000, 0x00000000c2b00000, 0x00000000eab00000)
  object space 44032K, 27% used [0x00000000c0000000,0x00000000c0bb2db8,0x00000000c2b00000)
 Metaspace       used 6327K, capacity 7088K, committed 7296K, reserved 1056768K
  class space    used 601K, capacity 616K, committed 640K, reserved 1048576K
Event: 11.280 GC heap after
Heap after GC invocations=5 (full 0):
 PSYoungGen      total 68096K, used 2549K [0x00000000eab00000, 0x00000000f4a00000, 0x0000000100000000)
  eden space 65536K, 0% used [0x00000000eab00000,0x00000000eab00000,0x00000000eeb00000)
  from space 2560K, 99% used [0x00000000eeb00000,0x00000000eed7d7f0,0x00000000eed80000)
  to   space 15872K, 0% used [0x00000000f3a80000,0x00000000f3a80000,0x00000000f4a00000)
 ParOldGen       total 44032K, used 24915K [0x00000000c0000000, 0x00000000c2b00000, 0x00000000eab00000)
  object space 44032K, 56% used [0x00000000c0000000,0x00000000c1854e18,0x00000000c2b00000)
 Metaspace       used 6327K, capacity 7088K, committed 7296K, reserved 1056768K
  class space    used 601K, capacity 616K, committed 640K, reserved 1048576K
}
Event: 13.395 GC heap before
{Heap before GC invocations=6 (full 0):
 PSYoungGen      total 68096K, used 68085K [0x00000000eab00000, 0x00000000f4a00000, 0x0000000100000000)
  eden space 65536K, 100% used [0x00000000eab00000,0x00000000eeb00000,0x00000000eeb00000)
  from space 2560K, 99% used [0x00000000eeb00000,0x00000000eed7d7f0,0x00000000eed80000)
  to   space 15872K, 0% used [0x00000000f3a80000,0x00000000f3a80000,0x00000000f4a00000)
 ParOldGen       total 44032K, used 24915K [0x00000000c0000000, 0x00000000c2b00000, 0x00000000eab00000)
  object space 44032K, 56% used [0x00000000c0000000,0x00000000c1854e18,0x00000000c2b00000)
 Metaspace       used 6393K, capacity 7152K, committed 7296K, reserved 1056768K
  class space    used 601K, capacity 616K, committed 640K, reserved 1048576K
Event: 13.622 GC heap after
Heap after GC invocations=6 (full 0):
 PSYoungGen      total 142848K, used 15856K [0x00000000eab00000, 0x00000000f5200000, 0x0000000100000000)
  eden space 126976K, 0% used [0x00000000eab00000,0x00000000eab00000,0x00000000f2700000)
  from space 15872K, 99% used [0x00000000f3a80000,0x00000000f49fc288,0x00000000f4a00000)
  to   space 19968K, 0% used [0x00000000f2700000,0x00000000f2700000,0x00000000f3a80000)
 ParOldGen       total 44032K, used 25910K [0x00000000c0000000, 0x00000000c2b00000, 0x00000000eab00000)
  object space 44032K, 58% used [0x00000000c0000000,0x00000000c194dbb0,0x00000000c2b00000)
 Metaspace       used 6393K, capacity 7152K, committed 7296K, reserved 1056768K
  class space    used 601K, capacity 616K, committed 640K, reserved 1048576K
}
Event: 16.436 GC heap before
{Heap before GC invocations=7 (full 0):
 PSYoungGen      total 142848K, used 142832K [0x00000000eab00000, 0x00000000f5200000, 0x0000000100000000)
  eden space 126976K, 100% used [0x00000000eab00000,0x00000000f2700000,0x00000000f2700000)
  from space 15872K, 99% used [0x00000000f3a80000,0x00000000f49fc288,0x00000000f4a00000)
  to   space 19968K, 0% used [0x00000000f2700000,0x00000000f2700000,0x00000000f3a80000)
 ParOldGen       total 44032K, used 25910K [0x00000000c0000000, 0x00000000c2b00000, 0x00000000eab00000)
  object space 44032K, 58% used [0x00000000c0000000,0x00000000c194dbb0,0x00000000c2b00000)
 Metaspace       used 6415K, capacity 7152K, committed 7296K, reserved 1056768K
  class space    used 602K, capacity 616K, committed 640K, reserved 1048576K
Event: 16.722 GC heap after
Heap after GC invocations=7 (full 0):
 PSYoungGen      total 146944K, used 19946K [0x00000000eab00000, 0x00000000fe200000, 0x0000000100000000)
  eden space 126976K, 0% used [0x00000000eab00000,0x00000000eab00000,0x00000000f2700000)
  from space 19968K, 99% used [0x00000000f2700000,0x00000000f3a7aaa8,0x00000000f3a80000)
  to   space 32256K, 0% used [0x00000000fc280000,0x00000000fc280000,0x00000000fe200000)
 ParOldGen       total 44032K, used 42569K [0x00000000c0000000, 0x00000000c2b00000, 0x00000000eab00000)
  object space 44032K, 96% used [0x00000000c0000000,0x00000000c29927b0,0x00000000c2b00000)
 Metaspace       used 6415K, capacity 7152K, committed 7296K, reserved 1056768K
  class space    used 602K, capacity 616K, committed 640K, reserved 1048576K
}
Event: 16.722 GC heap before
{Heap before GC invocations=8 (full 1):
 PSYoungGen      total 146944K, used 19946K [0x00000000eab00000, 0x00000000fe200000, 0x0000000100000000)
  eden space 126976K, 0% used [0x00000000eab00000,0x00000000eab00000,0x00000000f2700000)
  from space 19968K, 99% used [0x00000000f2700000,0x00000000f3a7aaa8,0x00000000f3a80000)
  to   space 32256K, 0% used [0x00000000fc280000,0x00000000fc280000,0x00000000fe200000)
 ParOldGen       total 44032K, used 42569K [0x00000000c0000000, 0x00000000c2b00000, 0x00000000eab00000)
  object space 44032K, 96% used [0x00000000c0000000,0x00000000c29927b0,0x00000000c2b00000)
 Metaspace       used 6415K, capacity 7152K, committed 7296K, reserved 1056768K
  class space    used 602K, capacity 616K, committed 640K, reserved 1048576K
Event: 18.771 GC heap after
Heap after GC invocations=8 (full 1):
 PSYoungGen      total 146944K, used 9717K [0x00000000eab00000, 0x00000000fe200000, 0x0000000100000000)
  eden space 126976K, 0% used [0x00000000eab00000,0x00000000eab00000,0x00000000f2700000)
  from space 19968K, 48% used [0x00000000f2700000,0x00000000f307d720,0x00000000f3a80000)
  to   space 32256K, 0% used [0x00000000fc280000,0x00000000fc280000,0x00000000fe200000)
 ParOldGen       total 88064K, used 43706K [0x00000000c0000000, 0x00000000c5600000, 0x00000000eab00000)
  object space 88064K, 49% used [0x00000000c0000000,0x00000000c2aae918,0x00000000c5600000)
 Metaspace       used 6415K, capacity 7152K, committed 7296K, reserved 1056768K
  class space    used 602K, capacity 616K, committed 640K, reserved 1048576K
}

Deoptimization events (10 events):
Event: 13.907 Thread 0x000000001661d000 Uncommon trap: reason=class_check action=maybe_recompile pc=0x0000000002ca0964 method=com.android.dx.cf.code.Ropper.processBlock(Lcom/android/dx/cf/code/ByteBlock;Lcom/android/dx/cf/code/Frame;[I)V @ 711
Event: 14.663 Thread 0x000000001661d000 Uncommon trap: reason=bimorphic action=maybe_recompile pc=0x0000000002dbb734 method=com.android.dx.cf.code.BytecodeArray.parseInstruction(ILcom/android/dx/cf/code/BytecodeArray$Visitor;)I @ 1130
Event: 14.663 Thread 0x000000001661d000 Uncommon trap: reason=bimorphic action=maybe_recompile pc=0x0000000002dbb734 method=com.android.dx.cf.code.BytecodeArray.parseInstruction(ILcom/android/dx/cf/code/BytecodeArray$Visitor;)I @ 1130
Event: 14.748 Thread 0x000000001669e000 Uncommon trap: reason=unstable_if action=reinterpret pc=0x0000000002a33480 method=com.android.dx.dex.code.RopTranslator.pickOrder()V @ 130
Event: 15.552 Thread 0x000000001661d800 Uncommon trap: reason=class_check action=maybe_recompile pc=0x0000000002ca0964 method=com.android.dx.cf.code.Ropper.processBlock(Lcom/android/dx/cf/code/ByteBlock;Lcom/android/dx/cf/code/Frame;[I)V @ 711
Event: 15.942 Thread 0x00000000166a0000 Uncommon trap: reason=unstable_if action=reinterpret pc=0x0000000002dda87c method=com.android.dx.cf.code.Simulator$SimVisitor.visitNoArgs(IIILcom/android/dx/rop/type/Type;)V @ 1277
Event: 15.954 Thread 0x0000000002250800 Uncommon trap: reason=unstable_if action=reinterpret pc=0x0000000002dd333c method=com.android.dx.ssa.PhiTypeResolver.resolveResultType(Lcom/android/dx/ssa/PhiInsn;)Z @ 64
Event: 16.372 Thread 0x0000000002250800 Uncommon trap: reason=bimorphic action=maybe_recompile pc=0x0000000002bac920 method=com.android.dx.cf.code.RopperMachine.run(Lcom/android/dx/cf/code/Frame;II)V @ 988
Event: 16.416 Thread 0x000000001661d800 Uncommon trap: reason=bimorphic action=maybe_recompile pc=0x0000000002e04020 method=com.android.dx.cf.code.BytecodeArray.parseInstruction(ILcom/android/dx/cf/code/BytecodeArray$Visitor;)I @ 907
Event: 16.416 Thread 0x000000001661d800 Uncommon trap: reason=bimorphic action=maybe_recompile pc=0x0000000002e04020 method=com.android.dx.cf.code.BytecodeArray.parseInstruction(ILcom/android/dx/cf/code/BytecodeArray$Visitor;)I @ 907

Internal exceptions (4 events):
Event: 0.055 Thread 0x0000000002250800 Exception <a 'java/lang/NoSuchMethodError': Method sun.misc.Unsafe.defineClass(Ljava/lang/String;[BII)Ljava/lang/Class; name or signature does not match> (0x00000000eab0d470) thrown at [C:\re\workspace\8-2-build-windows-amd64-cygwin\jdk8u66\5298\hotspot\srõÂ0˘’¨?
Event: 0.055 Thread 0x0000000002250800 Exception <a 'java/lang/NoSuchMethodError': Method sun.misc.Unsafe.prefetchRead(Ljava/lang/Object;J)V name or signature does not match> (0x00000000eab0d758) thrown at [C:\re\workspace\8-2-build-windows-amd64-cygwin\jdk8u66\5298\hotspot\src\share\vm\prims\j{éç÷a”@
Event: 4.206 Thread 0x000000001661d000 Implicit null exception at 0x0000000002629de2 to 0x0000000002629eda
Event: 15.954 Thread 0x0000000002250800 Implicit null exception at 0x0000000002dd22b4 to 0x0000000002dd32f3

Events (10 events):
Event: 16.372 Thread 0x0000000002250800 DEOPT PACKING pc=0x0000000002bac920 sp=0x00000000021bded0
Event: 16.372 Thread 0x0000000002250800 DEOPT UNPACKING pc=0x000000000239582a sp=0x00000000021bde98 mode 2
Event: 16.416 Thread 0x000000001661d800 Uncommon trap: trap_request=0xffffffc6 fr.pc=0x0000000002e04020
Event: 16.416 Thread 0x000000001661d800 DEOPT PACKING pc=0x0000000002e04020 sp=0x000000001767e930
Event: 16.416 Thread 0x000000001661d800 DEOPT UNPACKING pc=0x000000000239582a sp=0x000000001767e908 mode 2
Event: 16.416 Thread 0x000000001661d800 Uncommon trap: trap_request=0xffffffc6 fr.pc=0x0000000002e04020
Event: 16.416 Thread 0x000000001661d800 DEOPT PACKING pc=0x0000000002e04020 sp=0x000000001767e960
Event: 16.416 Thread 0x000000001661d800 DEOPT UNPACKING pc=0x000000000239582a sp=0x000000001767e938 mode 2
Event: 16.418 Executing VM operation: ParallelGCFailedAllocation
Event: 18.771 Executing VM operation: ParallelGCFailedAllocation done


Dynamic libraries:
0x00007ff6ae070000 - 0x00007ff6ae0a7000 	C:\Program Files\Java\jdk1.8.0_66\bin\java.exe
0x00007fff95050000 - 0x00007fff95211000 	C:\Windows\SYSTEM32\ntdll.dll
0x00007fff94420000 - 0x00007fff944cd000 	C:\Windows\system32\KERNEL32.DLL
0x00007fff917c0000 - 0x00007fff919a8000 	C:\Windows\system32\KERNELBASE.dll
0x00007fff94890000 - 0x00007fff94937000 	C:\Windows\system32\ADVAPI32.dll
0x00007fff939f0000 - 0x00007fff93a8d000 	C:\Windows\system32\msvcrt.dll
0x00007fff93cf0000 - 0x00007fff93d4b000 	C:\Windows\system32\sechost.dll
0x00007fff93db0000 - 0x00007fff93ecc000 	C:\Windows\system32\RPCRT4.dll
0x00007fff942c0000 - 0x00007fff94416000 	C:\Windows\system32\USER32.dll
0x00007fff93a90000 - 0x00007fff93c16000 	C:\Windows\system32\GDI32.dll
0x00007fff85030000 - 0x00007fff852a4000 	C:\Windows\WinSxS\amd64_microsoft.windows.common-controls_6595b64144ccf1df_6.0.10586.0_none_8c15ae12515e1c22\COMCTL32.dll
0x00007fff94dd0000 - 0x00007fff9504d000 	C:\Windows\system32\combase.dll
0x00007fff91750000 - 0x00007fff917ba000 	C:\Windows\system32\bcryptPrimitives.dll
0x00007fff92450000 - 0x00007fff9248b000 	C:\Windows\system32\IMM32.DLL
0x00000000545e0000 - 0x00000000546b2000 	C:\Program Files\Java\jdk1.8.0_66\jre\bin\msvcr100.dll
0x0000000054c10000 - 0x0000000055499000 	C:\Program Files\Java\jdk1.8.0_66\jre\bin\server\jvm.dll
0x00007fff93c20000 - 0x00007fff93c28000 	C:\Windows\system32\PSAPI.DLL
0x00007fff8f8f0000 - 0x00007fff8f913000 	C:\Windows\SYSTEM32\WINMM.dll
0x00007fff8de60000 - 0x00007fff8de69000 	C:\Windows\SYSTEM32\WSOCK32.dll
0x00007fff941d0000 - 0x00007fff9423b000 	C:\Windows\system32\WS2_32.dll
0x00007fff84930000 - 0x00007fff8493a000 	C:\Windows\SYSTEM32\VERSION.dll
0x00007fff8f890000 - 0x00007fff8f8bc000 	C:\Windows\SYSTEM32\WINMMBASE.dll
0x00007fff91700000 - 0x00007fff91743000 	C:\Windows\system32\cfgmgr32.dll
0x0000000054c00000 - 0x0000000054c0f000 	C:\Program Files\Java\jdk1.8.0_66\jre\bin\verify.dll
0x0000000054bd0000 - 0x0000000054bf9000 	C:\Program Files\Java\jdk1.8.0_66\jre\bin\java.dll
0x0000000054bb0000 - 0x0000000054bc6000 	C:\Program Files\Java\jdk1.8.0_66\jre\bin\zip.dll
0x00007fff92490000 - 0x00007fff939ec000 	C:\Windows\system32\SHELL32.dll
0x00007fff91e00000 - 0x00007fff92444000 	C:\Windows\system32\windows.storage.dll
0x00007fff93d50000 - 0x00007fff93da2000 	C:\Windows\system32\shlwapi.dll
0x00007fff916f0000 - 0x00007fff916ff000 	C:\Windows\system32\kernel.appcore.dll
0x00007fff91ba0000 - 0x00007fff91c55000 	C:\Windows\system32\shcore.dll
0x00007fff91690000 - 0x00007fff916db000 	C:\Windows\system32\powrprof.dll
0x00007fff91670000 - 0x00007fff91684000 	C:\Windows\system32\profapi.dll

VM Arguments:
jvm_args: -Djava.awt.headless=true -Xmx1024M -Dfile.encoding=windows-1252 -Duser.country=IT -Duser.language=it -Duser.variant 
java_command: com.android.dx.command.Main --dex --num-threads=4 --output C:\Users\Davide\AndroidStudioProjects\MioMeteo\app\build\intermediates\pre-dexed\debug\com.google.android.gms-play-services-basement-9.0.0_ebe13ac9b3eaae77ffc08cf165ae5845375bf02f.jar C:\Users\Davide\AndroidStudioProjects\MioMeteo\app\build\intermediates\exploded-aar\com.google.android.gms\play-services-basement\9.0.0\jars\classes.jar
java_class_path (initial): C:\Users\Davide\AppData\Local\Android\sdk\build-tools\23.0.3\lib\dx.jar
Launcher Type: SUN_STANDARD

Environment Variables:
PATH=C:\ProgramData\Oracle\Java\javapath;C:\Program Files (x86)\Intel\iCLS Client\;C:\Program Files\Intel\iCLS Client\;C:\Windows\system32;C:\Windows;C:\Windows\System32\Wbem;C:\Windows\System32\WindowsPowerShell\v1.0\;c:\Program Files\Intel\WiFi\bin\;c:\Program Files\Common Files\Intel\WirelessCommon\;C:\Program Files\Intel\Intel(R) Management Engine Components\DAL;C:\Program Files (x86)\Intel\Intel(R) Management Engine Components\DAL;C:\Program Files\Intel\Intel(R) Management Engine Components\IPT;C:\Program Files (x86)\Intel\Intel(R) Management Engine Components\IPT;C:\Program Files\Hewlett-Packard\SimplePass\;C:\Program Files\Java\jdk1.8.0_66\bin;C:\Program Files\TortoiseSVN\bin;C:\Program Files (x86)\MySQL\MySQL Fabric 1.5 & MySQL Utilities 1.5\;C:\Program Files (x86)\MySQL\MySQL Fabric 1.5 & MySQL Utilities 1.5\Doctrine extensions for PHP\;C:\Program Files (x86)\Skype\Phone\
USERNAME=Davide
OS=Windows_NT
PROCESSOR_IDENTIFIER=Intel64 Family 6 Model 61 Stepping 4, GenuineIntel



---------------  S Y S T E M  ---------------

OS: Windows 10.0 , 64 bit Build 10586 (10.0.10586.0)

CPU:total 4 (2 cores per cpu, 2 threads per core) family 6 model 61 stepping 4, cmov, cx8, fxsr, mmx, sse, sse2, sse3, ssse3, sse4.1, sse4.2, popcnt, avx, avx2, aes, clmul, erms, 3dnowpref, lzcnt, ht, tsc, tscinvbit, bmi1, bmi2, adx

Memory: 4k page, physical 4109328k(192460k free), swap 5157904k(5216k free)

vm_info: Java HotSpot(TM) 64-Bit Server VM (25.66-b18) for windows-amd64 JRE (1.8.0_66-b18), built on Nov  9 2015 10:51:13 by "java_re" with MS VC++ 10.0 (VS2010)

time: Tue May 31 18:38:21 2016
elapsed time: 18 seconds (0d 0h 0m 18s)

