#
# There is insufficient memory for the Java Runtime Environment to continue.
# Native memory allocation (malloc) failed to allocate 156912 bytes for Chunk::new
# Possible reasons:
#   The system is out of physical RAM or swap space
#   In 32 bit mode, the process size limit was hit
# Possible solutions:
#   Reduce memory load on the system
#   Increase physical memory or swap space
#   Check if swap backing store is full
#   Use 64 bit Java on a 64 bit OS
#   Decrease Java heap size (-Xmx/-Xms)
#   Decrease number of Java threads
#   Decrease Java thread stack sizes (-Xss)
#   Set larger code cache with -XX:ReservedCodeCacheSize=
# This output file may be truncated or incomplete.
#
#  Out of Memory Error (allocation.cpp:390), pid=1412, tid=2420
#
# JRE version: Java(TM) SE Runtime Environment (8.0_66-b18) (build 1.8.0_66-b18)
# Java VM: Java HotSpot(TM) 64-Bit Server VM (25.66-b18 mixed mode windows-amd64 compressed oops)
# Failed to write core dump. Minidumps are not enabled by default on client versions of Windows
#

---------------  T H R E A D  ---------------

Current thread (0x0000000014a30000):  JavaThread "C2 CompilerThread1" daemon [_thread_in_native, id=2420, stack(0x0000000016190000,0x0000000016290000)]

Stack: [0x0000000016190000,0x0000000016290000]
[error occurred during error reporting (printing stack bounds), id 0xc0000005]

Native frames: (J=compiled Java code, j=interpreted, Vv=VM code, C=native code)


Current CompileTask:
C2:  18831 2550   !   4       com.android.dx.cf.code.BytecodeArray::parseInstruction (2764 bytes)


---------------  P R O C E S S  ---------------

Java Threads: ( => current thread )
  0x000000001629e000 JavaThread "Service Thread" daemon [_thread_blocked, id=6192, stack(0x0000000016790000,0x0000000016890000)]
  0x0000000016298800 JavaThread "C1 CompilerThread2" daemon [_thread_blocked, id=3472, stack(0x0000000016690000,0x0000000016790000)]
=>0x0000000014a30000 JavaThread "C2 CompilerThread1" daemon [_thread_in_native, id=2420, stack(0x0000000016190000,0x0000000016290000)]
  0x0000000014a2d000 JavaThread "C2 CompilerThread0" daemon [_thread_in_native, id=3836, stack(0x0000000016090000,0x0000000016190000)]
  0x0000000014a2b000 JavaThread "Attach Listener" daemon [_thread_blocked, id=1824, stack(0x0000000015f90000,0x0000000016090000)]
  0x0000000014a2a000 JavaThread "Signal Dispatcher" daemon [_thread_blocked, id=3756, stack(0x0000000015e90000,0x0000000015f90000)]
  0x0000000002350800 JavaThread "Finalizer" daemon [_thread_blocked, id=7512, stack(0x0000000015c90000,0x0000000015d90000)]
  0x000000000234d000 JavaThread "Reference Handler" daemon [_thread_blocked, id=892, stack(0x0000000015b90000,0x0000000015c90000)]
  0x0000000002260800 JavaThread "main" [_thread_in_Java, id=7672, stack(0x0000000002090000,0x0000000002190000)]

Other Threads:
  0x00000000149f8000 VMThread [stack: 0x0000000015a90000,0x0000000015b90000] [id=7172]
  0x00000000162a0800 WatcherThread [stack: 0x0000000016890000,0x0000000016990000] [id=4192]

VM state:not at safepoint (normal execution)

VM Mutex/Monitor currently owned by a thread: None

Heap:
 PSYoungGen      total 218112K, used 46344K [0x00000000eab00000, 0x00000000fdd80000, 0x0000000100000000)
  eden space 189440K, 9% used [0x00000000eab00000,0x00000000ebc855d8,0x00000000f6400000)
  from space 28672K, 99% used [0x00000000fc180000,0x00000000fdd3cba0,0x00000000fdd80000)
  to   space 34304K, 0% used [0x00000000f9a80000,0x00000000f9a80000,0x00000000fbc00000)
 ParOldGen       total 86016K, used 43868K [0x00000000c0000000, 0x00000000c5400000, 0x00000000eab00000)
  object space 86016K, 51% used [0x00000000c0000000,0x00000000c2ad7258,0x00000000c5400000)
 Metaspace       used 6604K, capacity 7256K, committed 7424K, reserved 1056768K
  class space    used 630K, capacity 656K, committed 768K, reserved 1048576K

Card table byte_map: [0x0000000011720000,0x0000000011930000] byte_map_base: 0x0000000011120000

Marking Bits: (ParMarkBitMap*) 0x000000005541a5b0
 Begin Bits: [0x0000000011e90000, 0x0000000012e90000)
 End Bits:   [0x0000000012e90000, 0x0000000013e90000)

Polling page: 0x0000000000910000

CodeCache: size=245760Kb used=11246Kb max_used=11261Kb free=234513Kb
 bounds [0x0000000002360000, 0x0000000002e70000, 0x0000000011360000]
 total_blobs=2562 nmethods=2292 adapters=182
 compilation: enabled

Compilation events (10 events):
Event: 18.763 Thread 0x0000000016298800 2593       2       java.util.ComparableTimSort::sort (219 bytes)
Event: 18.764 Thread 0x0000000016298800 nmethod 2593 0x0000000002e60110 code [0x0000000002e602e0, 0x0000000002e60758]
Event: 18.764 Thread 0x0000000016298800 2592       2       java.util.Collections::sort (8 bytes)
Event: 18.764 Thread 0x0000000016298800 nmethod 2592 0x0000000002e60bd0 code [0x0000000002e60d40, 0x0000000002e60ea8]
Event: 18.764 Thread 0x0000000016298800 2594       2       com.android.dx.dex.file.EncodedField::addContents (15 bytes)
Event: 18.764 Thread 0x0000000016298800 nmethod 2594 0x0000000002e60f50 code [0x0000000002e610c0, 0x0000000002e61248]
Event: 18.765 Thread 0x0000000014a30000 nmethod 2531 0x0000000002e61350 code [0x0000000002e618c0, 0x0000000002e64c40]
Event: 18.766 Thread 0x0000000014a30000 2569       4       com.android.dx.util.FixedSizeList::hashCode (8 bytes)
Event: 18.772 Thread 0x0000000014a30000 nmethod 2569 0x0000000002e5aad0 code [0x0000000002e5ac20, 0x0000000002e5aeb8]
Event: 18.772 Thread 0x0000000014a30000 2550   !   4       com.android.dx.cf.code.BytecodeArray::parseInstruction (2764 bytes)

GC Heap History (10 events):
Event: 6.470 GC heap before
{Heap before GC invocations=5 (full 0):
 PSYoungGen      total 68096K, used 68065K [0x00000000eab00000, 0x00000000ef000000, 0x0000000100000000)
  eden space 65536K, 100% used [0x00000000eab00000,0x00000000eeb00000,0x00000000eeb00000)
  from space 2560K, 98% used [0x00000000eed80000,0x00000000eeff85d8,0x00000000ef000000)
  to   space 2560K, 0% used [0x00000000eeb00000,0x00000000eeb00000,0x00000000eed80000)
 ParOldGen       total 44032K, used 12438K [0x00000000c0000000, 0x00000000c2b00000, 0x00000000eab00000)
  object space 44032K, 28% used [0x00000000c0000000,0x00000000c0c25870,0x00000000c2b00000)
 Metaspace       used 6301K, capacity 7152K, committed 7296K, reserved 1056768K
  class space    used 604K, capacity 616K, committed 640K, reserved 1048576K
Event: 6.528 GC heap after
Heap after GC invocations=5 (full 0):
 PSYoungGen      total 68096K, used 2540K [0x00000000eab00000, 0x00000000f4800000, 0x0000000100000000)
  eden space 65536K, 0% used [0x00000000eab00000,0x00000000eab00000,0x00000000eeb00000)
  from space 2560K, 99% used [0x00000000eeb00000,0x00000000eed7b350,0x00000000eed80000)
  to   space 14848K, 0% used [0x00000000f3980000,0x00000000f3980000,0x00000000f4800000)
 ParOldGen       total 44032K, used 22943K [0x00000000c0000000, 0x00000000c2b00000, 0x00000000eab00000)
  object space 44032K, 52% used [0x00000000c0000000,0x00000000c1667f40,0x00000000c2b00000)
 Metaspace       used 6301K, capacity 7152K, committed 7296K, reserved 1056768K
  class space    used 604K, capacity 616K, committed 640K, reserved 1048576K
}
Event: 11.239 GC heap before
{Heap before GC invocations=6 (full 0):
 PSYoungGen      total 68096K, used 68076K [0x00000000eab00000, 0x00000000f4800000, 0x0000000100000000)
  eden space 65536K, 100% used [0x00000000eab00000,0x00000000eeb00000,0x00000000eeb00000)
  from space 2560K, 99% used [0x00000000eeb00000,0x00000000eed7b350,0x00000000eed80000)
  to   space 14848K, 0% used [0x00000000f3980000,0x00000000f3980000,0x00000000f4800000)
 ParOldGen       total 44032K, used 22943K [0x00000000c0000000, 0x00000000c2b00000, 0x00000000eab00000)
  object space 44032K, 52% used [0x00000000c0000000,0x00000000c1667f40,0x00000000c2b00000)
 Metaspace       used 6414K, capacity 7216K, committed 7296K, reserved 1056768K
  class space    used 604K, capacity 616K, committed 640K, reserved 1048576K
Event: 11.288 GC heap after
Heap after GC invocations=6 (full 0):
 PSYoungGen      total 142848K, used 14065K [0x00000000eab00000, 0x00000000f4e00000, 0x0000000100000000)
  eden space 128000K, 0% used [0x00000000eab00000,0x00000000eab00000,0x00000000f2800000)
  from space 14848K, 94% used [0x00000000f3980000,0x00000000f473c5f8,0x00000000f4800000)
  to   space 17920K, 0% used [0x00000000f2800000,0x00000000f2800000,0x00000000f3980000)
 ParOldGen       total 44032K, used 22943K [0x00000000c0000000, 0x00000000c2b00000, 0x00000000eab00000)
  object space 44032K, 52% used [0x00000000c0000000,0x00000000c1667f40,0x00000000c2b00000)
 Metaspace       used 6414K, capacity 7216K, committed 7296K, reserved 1056768K
  class space    used 604K, capacity 616K, committed 640K, reserved 1048576K
}
Event: 15.989 GC heap before
{Heap before GC invocations=7 (full 0):
 PSYoungGen      total 142848K, used 142065K [0x00000000eab00000, 0x00000000f4e00000, 0x0000000100000000)
  eden space 128000K, 100% used [0x00000000eab00000,0x00000000f2800000,0x00000000f2800000)
  from space 14848K, 94% used [0x00000000f3980000,0x00000000f473c5f8,0x00000000f4800000)
  to   space 17920K, 0% used [0x00000000f2800000,0x00000000f2800000,0x00000000f3980000)
 ParOldGen       total 44032K, used 22943K [0x00000000c0000000, 0x00000000c2b00000, 0x00000000eab00000)
  object space 44032K, 52% used [0x00000000c0000000,0x00000000c1667f40,0x00000000c2b00000)
 Metaspace       used 6531K, capacity 7256K, committed 7424K, reserved 1056768K
  class space    used 625K, capacity 656K, committed 768K, reserved 1048576K
Event: 16.514 GC heap after
Heap after GC invocations=7 (full 0):
 PSYoungGen      total 145920K, used 17911K [0x00000000eab00000, 0x00000000fde00000, 0x0000000100000000)
  eden space 128000K, 0% used [0x00000000eab00000,0x00000000eab00000,0x00000000f2800000)
  from space 17920K, 99% used [0x00000000f2800000,0x00000000f397df90,0x00000000f3980000)
  to   space 29184K, 0% used [0x00000000fc180000,0x00000000fc180000,0x00000000fde00000)
 ParOldGen       total 44032K, used 39007K [0x00000000c0000000, 0x00000000c2b00000, 0x00000000eab00000)
  object space 44032K, 88% used [0x00000000c0000000,0x00000000c2617ca0,0x00000000c2b00000)
 Metaspace       used 6531K, capacity 7256K, committed 7424K, reserved 1056768K
  class space    used 625K, capacity 656K, committed 768K, reserved 1048576K
}
Event: 16.514 GC heap before
{Heap before GC invocations=8 (full 1):
 PSYoungGen      total 145920K, used 17911K [0x00000000eab00000, 0x00000000fde00000, 0x0000000100000000)
  eden space 128000K, 0% used [0x00000000eab00000,0x00000000eab00000,0x00000000f2800000)
  from space 17920K, 99% used [0x00000000f2800000,0x00000000f397df90,0x00000000f3980000)
  to   space 29184K, 0% used [0x00000000fc180000,0x00000000fc180000,0x00000000fde00000)
 ParOldGen       total 44032K, used 39007K [0x00000000c0000000, 0x00000000c2b00000, 0x00000000eab00000)
  object space 44032K, 88% used [0x00000000c0000000,0x00000000c2617ca0,0x00000000c2b00000)
 Metaspace       used 6531K, capacity 7256K, committed 7424K, reserved 1056768K
  class space    used 625K, capacity 656K, committed 768K, reserved 1048576K
Event: 17.629 GC heap after
Heap after GC invocations=8 (full 1):
 PSYoungGen      total 145920K, used 9169K [0x00000000eab00000, 0x00000000fde00000, 0x0000000100000000)
  eden space 128000K, 0% used [0x00000000eab00000,0x00000000eab00000,0x00000000f2800000)
  from space 17920K, 51% used [0x00000000f2800000,0x00000000f30f4430,0x00000000f3980000)
  to   space 29184K, 0% used [0x00000000fc180000,0x00000000fc180000,0x00000000fde00000)
 ParOldGen       total 86016K, used 43820K [0x00000000c0000000, 0x00000000c5400000, 0x00000000eab00000)
  object space 86016K, 50% used [0x00000000c0000000,0x00000000c2acb258,0x00000000c5400000)
 Metaspace       used 6531K, capacity 7256K, committed 7424K, reserved 1056768K
  class space    used 625K, capacity 656K, committed 768K, reserved 1048576K
}
Event: 18.435 GC heap before
{Heap before GC invocations=9 (full 1):
 PSYoungGen      total 145920K, used 137169K [0x00000000eab00000, 0x00000000fde00000, 0x0000000100000000)
  eden space 128000K, 100% used [0x00000000eab00000,0x00000000f2800000,0x00000000f2800000)
  from space 17920K, 51% used [0x00000000f2800000,0x00000000f30f4430,0x00000000f3980000)
  to   space 29184K, 0% used [0x00000000fc180000,0x00000000fc180000,0x00000000fde00000)
 ParOldGen       total 86016K, used 43820K [0x00000000c0000000, 0x00000000c5400000, 0x00000000eab00000)
  object space 86016K, 50% used [0x00000000c0000000,0x00000000c2acb258,0x00000000c5400000)
 Metaspace       used 6547K, capacity 7256K, committed 7424K, reserved 1056768K
  class space    used 625K, capacity 656K, committed 768K, reserved 1048576K
Event: 18.610 GC heap after
Heap after GC invocations=9 (full 1):
 PSYoungGen      total 218112K, used 28402K [0x00000000eab00000, 0x00000000fdd80000, 0x0000000100000000)
  eden space 189440K, 0% used [0x00000000eab00000,0x00000000eab00000,0x00000000f6400000)
  from space 28672K, 99% used [0x00000000fc180000,0x00000000fdd3cba0,0x00000000fdd80000)
  to   space 34304K, 0% used [0x00000000f9a80000,0x00000000f9a80000,0x00000000fbc00000)
 ParOldGen       total 86016K, used 43868K [0x00000000c0000000, 0x00000000c5400000, 0x00000000eab00000)
  object space 86016K, 51% used [0x00000000c0000000,0x00000000c2ad7258,0x00000000c5400000)
 Metaspace       used 6547K, capacity 7256K, committed 7424K, reserved 1056768K
  class space    used 625K, capacity 656K, committed 768K, reserved 1048576K
}

Deoptimization events (10 events):
Event: 17.703 Thread 0x0000000002260800 Uncommon trap: reason=bimorphic action=maybe_recompile pc=0x0000000002dc88f8 method=com.android.dx.cf.code.BytecodeArray.parseInstruction(ILcom/android/dx/cf/code/BytecodeArray$Visitor;)I @ 1035
Event: 17.827 Thread 0x0000000002260800 Uncommon trap: reason=unstable_if action=reinterpret pc=0x0000000002db6698 method=com.android.dx.cf.direct.StdAttributeFactory.parse0(Lcom/android/dx/cf/direct/DirectClassFile;ILjava/lang/String;IILcom/android/dx/cf/iface/ParseObserver;)Lcom/android/dx/cf/ßlòú¯:2@
Event: 18.230 Thread 0x000000001652a800 Uncommon trap: reason=unstable_if action=reinterpret pc=0x0000000002a301d0 method=java.util.HashMap.resize()[Ljava/util/HashMap$Node; @ 206
Event: 18.641 Thread 0x000000001652b800 Uncommon trap: reason=bimorphic action=maybe_recompile pc=0x0000000002e331dc method=com.android.dx.cf.code.BytecodeArray.parseInstruction(ILcom/android/dx/cf/code/BytecodeArray$Visitor;)I @ 1287
Event: 18.641 Thread 0x000000001652b800 Uncommon trap: reason=bimorphic action=maybe_recompile pc=0x0000000002e331dc method=com.android.dx.cf.code.BytecodeArray.parseInstruction(ILcom/android/dx/cf/code/BytecodeArray$Visitor;)I @ 1287
Event: 18.748 Thread 0x0000000002260800 Uncommon trap: reason=class_check action=maybe_recompile pc=0x0000000002a0c408 method=java.util.Arrays.hashCode([Ljava/lang/Object;)I @ 43
Event: 18.748 Thread 0x0000000002260800 Uncommon trap: reason=class_check action=maybe_recompile pc=0x0000000002a0c408 method=java.util.Arrays.hashCode([Ljava/lang/Object;)I @ 43
Event: 18.749 Thread 0x0000000002260800 Uncommon trap: reason=class_check action=maybe_recompile pc=0x0000000002a0c408 method=java.util.Arrays.hashCode([Ljava/lang/Object;)I @ 43
Event: 18.749 Thread 0x0000000002260800 Uncommon trap: reason=class_check action=maybe_recompile pc=0x0000000002a0c408 method=java.util.Arrays.hashCode([Ljava/lang/Object;)I @ 43
Event: 18.749 Thread 0x0000000002260800 Uncommon trap: reason=class_check action=maybe_recompile pc=0x0000000002909c34 method=java.util.Arrays.hashCode([Ljava/lang/Object;)I @ 43

Internal exceptions (6 events):
Event: 0.053 Thread 0x0000000002260800 Exception <a 'java/lang/NoSuchMethodError': Method sun.misc.Unsafe.defineClass(Ljava/lang/String;[BII)Ljava/lang/Class; name or signature does not match> (0x00000000eab0d810) thrown at [C:\re\workspace\8-2-build-windows-amd64-cygwin\jdk8u66\5298\hotspot\srÍÀÇè∏b´?
Event: 0.053 Thread 0x0000000002260800 Exception <a 'java/lang/NoSuchMethodError': Method sun.misc.Unsafe.prefetchRead(Ljava/lang/Object;J)V name or signature does not match> (0x00000000eab0daf8) thrown at [C:\re\workspace\8-2-build-windows-amd64-cygwin\jdk8u66\5298\hotspot\src\share\vm\prims\jHJ¡óôI&@
Event: 11.144 Thread 0x000000001652c800 Implicit null exception at 0x0000000002a233b0 to 0x0000000002a24a29
Event: 13.076 Thread 0x0000000002260800 Exception <a 'java/lang/ArrayIndexOutOfBoundsException': 18> (0x00000000ed709c18) thrown at [C:\re\workspace\8-2-build-windows-amd64-cygwin\jdk8u66\5298\hotspot\src\share\vm\interpreter\interpreterRuntime.cpp, line 366]
Event: 13.077 Thread 0x0000000002260800 Exception <a 'java/lang/ArrayIndexOutOfBoundsException': 145> (0x00000000ed70b798) thrown at [C:\re\workspace\8-2-build-windows-amd64-cygwin\jdk8u66\5298\hotspot\src\share\vm\interpreter\interpreterRuntime.cpp, line 366]
Event: 13.078 Thread 0x0000000002260800 Exception <a 'java/lang/ArrayIndexOutOfBoundsException': 40> (0x00000000ed70ca80) thrown at [C:\re\workspace\8-2-build-windows-amd64-cygwin\jdk8u66\5298\hotspot\src\share\vm\interpreter\interpreterRuntime.cpp, line 366]

Events (10 events):
Event: 18.749 Thread 0x0000000002260800 DEOPT PACKING pc=0x0000000002a0c408 sp=0x000000000218eb00
Event: 18.749 Thread 0x0000000002260800 DEOPT UNPACKING pc=0x00000000023a582a sp=0x000000000218ea30 mode 2
Event: 18.749 Thread 0x0000000002260800 Uncommon trap: trap_request=0xffffffde fr.pc=0x0000000002a0c408
Event: 18.749 Thread 0x0000000002260800 DEOPT PACKING pc=0x0000000002a0c408 sp=0x000000000218eac0
Event: 18.749 Thread 0x0000000002260800 DEOPT UNPACKING pc=0x00000000023a582a sp=0x000000000218e9f0 mode 2
Event: 18.749 Thread 0x0000000002260800 Uncommon trap: trap_request=0xffffffde fr.pc=0x0000000002909c34
Event: 18.749 Thread 0x0000000002260800 DEOPT PACKING pc=0x0000000002909c34 sp=0x000000000218e780
Event: 18.749 Thread 0x0000000002260800 DEOPT UNPACKING pc=0x00000000023a582a sp=0x000000000218e708 mode 2
Event: 18.749 loading class com/android/dx/rop/cst/Zeroes
Event: 18.749 loading class com/android/dx/rop/cst/Zeroes done


Dynamic libraries:
0x00007ff6ae070000 - 0x00007ff6ae0a7000 	C:\Program Files\Java\jdk1.8.0_66\bin\java.exe
0x00007fff95050000 - 0x00007fff95211000 	C:\Windows\SYSTEM32\ntdll.dll
0x00007fff94420000 - 0x00007fff944cd000 	C:\Windows\system32\KERNEL32.DLL
0x00007fff917c0000 - 0x00007fff919a8000 	C:\Windows\system32\KERNELBASE.dll
0x00007fff94890000 - 0x00007fff94937000 	C:\Windows\system32\ADVAPI32.dll
0x00007fff939f0000 - 0x00007fff93a8d000 	C:\Windows\system32\msvcrt.dll
0x00007fff93cf0000 - 0x00007fff93d4b000 	C:\Windows\system32\sechost.dll
0x00007fff93db0000 - 0x00007fff93ecc000 	C:\Windows\system32\RPCRT4.dll
0x00007fff942c0000 - 0x00007fff94416000 	C:\Windows\system32\USER32.dll
0x00007fff93a90000 - 0x00007fff93c16000 	C:\Windows\system32\GDI32.dll
0x00007fff85030000 - 0x00007fff852a4000 	C:\Windows\WinSxS\amd64_microsoft.windows.common-controls_6595b64144ccf1df_6.0.10586.0_none_8c15ae12515e1c22\COMCTL32.dll
0x00007fff94dd0000 - 0x00007fff9504d000 	C:\Windows\system32\combase.dll
0x00007fff91750000 - 0x00007fff917ba000 	C:\Windows\system32\bcryptPrimitives.dll
0x00007fff92450000 - 0x00007fff9248b000 	C:\Windows\system32\IMM32.DLL
0x00000000545e0000 - 0x00000000546b2000 	C:\Program Files\Java\jdk1.8.0_66\jre\bin\msvcr100.dll
0x0000000054c10000 - 0x0000000055499000 	C:\Program Files\Java\jdk1.8.0_66\jre\bin\server\jvm.dll
0x00007fff93c20000 - 0x00007fff93c28000 	C:\Windows\system32\PSAPI.DLL
0x00007fff8de60000 - 0x00007fff8de69000 	C:\Windows\SYSTEM32\WSOCK32.dll
0x00007fff941d0000 - 0x00007fff9423b000 	C:\Windows\system32\WS2_32.dll
0x00007fff8f8f0000 - 0x00007fff8f913000 	C:\Windows\SYSTEM32\WINMM.dll
0x00007fff84930000 - 0x00007fff8493a000 	C:\Windows\SYSTEM32\VERSION.dll
0x00007fff8f890000 - 0x00007fff8f8bc000 	C:\Windows\SYSTEM32\WINMMBASE.dll
0x00007fff91700000 - 0x00007fff91743000 	C:\Windows\system32\cfgmgr32.dll
0x0000000054c00000 - 0x0000000054c0f000 	C:\Program Files\Java\jdk1.8.0_66\jre\bin\verify.dll
0x0000000054bd0000 - 0x0000000054bf9000 	C:\Program Files\Java\jdk1.8.0_66\jre\bin\java.dll
0x0000000054bb0000 - 0x0000000054bc6000 	C:\Program Files\Java\jdk1.8.0_66\jre\bin\zip.dll
0x00007fff92490000 - 0x00007fff939ec000 	C:\Windows\system32\SHELL32.dll
0x00007fff91e00000 - 0x00007fff92444000 	C:\Windows\system32\windows.storage.dll
0x00007fff93d50000 - 0x00007fff93da2000 	C:\Windows\system32\shlwapi.dll
0x00007fff916f0000 - 0x00007fff916ff000 	C:\Windows\system32\kernel.appcore.dll
0x00007fff91ba0000 - 0x00007fff91c55000 	C:\Windows\system32\shcore.dll
0x00007fff91690000 - 0x00007fff916db000 	C:\Windows\system32\powrprof.dll
0x00007fff91670000 - 0x00007fff91684000 	C:\Windows\system32\profapi.dll

VM Arguments:
jvm_args: -Djava.awt.headless=true -Xmx1024M -Dfile.encoding=windows-1252 -Duser.country=IT -Duser.language=it -Duser.variant 
java_command: com.android.dx.command.Main --dex --num-threads=4 --output C:\Users\Davide\AndroidStudioProjects\MioMeteo\app\build\intermediates\pre-dexed\debug\com.android.support-support-v4-23.4.0_aaab4edea211bdf5334c61199a8744e711966bf7.jar C:\Users\Davide\AndroidStudioProjects\MioMeteo\app\build\intermediates\exploded-aar\com.android.support\support-v4\23.4.0\jars\classes.jar
java_class_path (initial): C:\Users\Davide\AppData\Local\Android\sdk\build-tools\23.0.3\lib\dx.jar
Launcher Type: SUN_STANDARD

Environment Variables:
PATH=C:\ProgramData\Oracle\Java\javapath;C:\Program Files (x86)\Intel\iCLS Client\;C:\Program Files\Intel\iCLS Client\;C:\Windows\system32;C:\Windows;C:\Windows\System32\Wbem;C:\Windows\System32\WindowsPowerShell\v1.0\;c:\Program Files\Intel\WiFi\bin\;c:\Program Files\Common Files\Intel\WirelessCommon\;C:\Program Files\Intel\Intel(R) Management Engine Components\DAL;C:\Program Files (x86)\Intel\Intel(R) Management Engine Components\DAL;C:\Program Files\Intel\Intel(R) Management Engine Components\IPT;C:\Program Files (x86)\Intel\Intel(R) Management Engine Components\IPT;C:\Program Files\Hewlett-Packard\SimplePass\;C:\Program Files\Java\jdk1.8.0_66\bin;C:\Program Files\TortoiseSVN\bin;C:\Program Files (x86)\MySQL\MySQL Fabric 1.5 & MySQL Utilities 1.5\;C:\Program Files (x86)\MySQL\MySQL Fabric 1.5 & MySQL Utilities 1.5\Doctrine extensions for PHP\;C:\Program Files (x86)\Skype\Phone\
USERNAME=Davide
OS=Windows_NT
PROCESSOR_IDENTIFIER=Intel64 Family 6 Model 61 Stepping 4, GenuineIntel



---------------  S Y S T E M  ---------------

OS: Windows 10.0 , 64 bit Build 10586 (10.0.10586.0)

CPU:total 4 (2 cores per cpu, 2 threads per core) family 6 model 61 stepping 4, cmov, cx8, fxsr, mmx, sse, sse2, sse3, ssse3, sse4.1, sse4.2, popcnt, avx, avx2, aes, clmul, erms, 3dnowpref, lzcnt, ht, tsc, tscinvbit, bmi1, bmi2, adx

Memory: 4k page, physical 4109328k(192500k free), swap 5157904k(5216k free)

vm_info: Java HotSpot(TM) 64-Bit Server VM (25.66-b18) for windows-amd64 JRE (1.8.0_66-b18), built on Nov  9 2015 10:51:13 by "java_re" with MS VC++ 10.0 (VS2010)

time: Tue May 31 18:38:21 2016
elapsed time: 18 seconds (0d 0h 0m 18s)

