#
# There is insufficient memory for the Java Runtime Environment to continue.
# Native memory allocation (malloc) failed to allocate 341296 bytes for Chunk::new
# Possible reasons:
#   The system is out of physical RAM or swap space
#   In 32 bit mode, the process size limit was hit
# Possible solutions:
#   Reduce memory load on the system
#   Increase physical memory or swap space
#   Check if swap backing store is full
#   Use 64 bit Java on a 64 bit OS
#   Decrease Java heap size (-Xmx/-Xms)
#   Decrease number of Java threads
#   Decrease Java thread stack sizes (-Xss)
#   Set larger code cache with -XX:ReservedCodeCacheSize=
# This output file may be truncated or incomplete.
#
#  Out of Memory Error (allocation.cpp:390), pid=1688, tid=1048
#
# JRE version: Java(TM) SE Runtime Environment (8.0_66-b18) (build 1.8.0_66-b18)
# Java VM: Java HotSpot(TM) 64-Bit Server VM (25.66-b18 mixed mode windows-amd64 compressed oops)
# Failed to write core dump. Minidumps are not enabled by default on client versions of Windows
#

---------------  T H R E A D  ---------------

Current thread (0x00000000148bd000):  JavaThread "C2 CompilerThread0" daemon [_thread_in_native, id=1048, stack(0x0000000015f20000,0x0000000016020000)]

Stack: [0x0000000015f20000,0x0000000016020000]
[error occurred during error reporting (printing stack bounds), id 0xc0000005]

Native frames: (J=compiled Java code, j=interpreted, Vv=VM code, C=native code)


Current CompileTask:
C2:  34025 3414       4       com.android.dx.dex.file.CodeItem::writeTo0 (489 bytes)


---------------  P R O C E S S  ---------------

Java Threads: ( => current thread )
  0x00000000164ed000 JavaThread "pool-1-thread-1" [_thread_in_vm, id=2084, stack(0x00000000184f0000,0x00000000185f0000)]
  0x000000001622d000 JavaThread "Service Thread" daemon [_thread_blocked, id=3356, stack(0x0000000016620000,0x0000000016720000)]
  0x0000000014914000 JavaThread "C1 CompilerThread2" daemon [_thread_blocked, id=6812, stack(0x0000000016120000,0x0000000016220000)]
  0x00000000148c0000 JavaThread "C2 CompilerThread1" daemon [_thread_blocked, id=5276, stack(0x0000000016020000,0x0000000016120000)]
=>0x00000000148bd000 JavaThread "C2 CompilerThread0" daemon [_thread_in_native, id=1048, stack(0x0000000015f20000,0x0000000016020000)]
  0x00000000148bb000 JavaThread "Attach Listener" daemon [_thread_blocked, id=2688, stack(0x0000000015e20000,0x0000000015f20000)]
  0x00000000148b9800 JavaThread "Signal Dispatcher" daemon [_thread_blocked, id=2568, stack(0x0000000015d20000,0x0000000015e20000)]
  0x00000000021e0800 JavaThread "Finalizer" daemon [_thread_blocked, id=3332, stack(0x0000000015b20000,0x0000000015c20000)]
  0x00000000021dd000 JavaThread "Reference Handler" daemon [_thread_blocked, id=4428, stack(0x0000000015a20000,0x0000000015b20000)]
  0x00000000020f0800 JavaThread "main" [_thread_blocked, id=352, stack(0x0000000001ff0000,0x00000000020f0000)]

Other Threads:
  0x0000000014888000 VMThread [stack: 0x0000000015920000,0x0000000015a20000] [id=4852]
  0x0000000016244000 WatcherThread [stack: 0x0000000016720000,0x0000000016820000] [id=4012]

VM state:not at safepoint (normal execution)

VM Mutex/Monitor currently owned by a thread: None

Heap:
 PSYoungGen      total 200704K, used 80971K [0x00000000eab00000, 0x00000000fdd00000, 0x0000000100000000)
  eden space 173056K, 30% used [0x00000000eab00000,0x00000000edf28c70,0x00000000f5400000)
  from space 27648K, 99% used [0x00000000fc200000,0x00000000fdcea220,0x00000000fdd00000)
  to   space 33280K, 0% used [0x00000000f9c00000,0x00000000f9c00000,0x00000000fbc80000)
 ParOldGen       total 87040K, used 44008K [0x00000000c0000000, 0x00000000c5500000, 0x00000000eab00000)
  object space 87040K, 50% used [0x00000000c0000000,0x00000000c2afa108,0x00000000c5500000)
 Metaspace       used 7064K, capacity 7736K, committed 7936K, reserved 1056768K
  class space    used 646K, capacity 688K, committed 768K, reserved 1048576K

Card table byte_map: [0x00000000115b0000,0x00000000117c0000] byte_map_base: 0x0000000010fb0000

Marking Bits: (ParMarkBitMap*) 0x000000007249a5b0
 Begin Bits: [0x0000000011d20000, 0x0000000012d20000)
 End Bits:   [0x0000000012d20000, 0x0000000013d20000)

Polling page: 0x0000000001f40000

CodeCache: size=245760Kb used=15138Kb max_used=15147Kb free=230622Kb
 bounds [0x00000000021f0000, 0x00000000030d0000, 0x00000000111f0000]
 total_blobs=3370 nmethods=3099 adapters=183
 compilation: enabled

Compilation events (10 events):
Event: 33.877 Thread 0x0000000014914000 3410       3       com.android.dx.dex.code.form.Form3rc::writeTo (58 bytes)
Event: 33.877 Thread 0x00000000148bd000 3411   !   4       com.android.dx.dex.file.OffsettedItem::writeTo (72 bytes)
Event: 33.878 Thread 0x0000000014914000 nmethod 3410 0x00000000030c2110 code [0x00000000030c2380, 0x00000000030c36e8]
Event: 33.881 Thread 0x00000000148bd000 nmethod 3411 0x00000000030c40d0 code [0x00000000030c4240, 0x00000000030c44e8]
Event: 33.881 Thread 0x00000000148bd000 3412       4       com.android.dx.util.ByteArrayAnnotatedOutput::assertCursor (48 bytes)
Event: 33.882 Thread 0x00000000148bd000 nmethod 3412 0x000000000236ba50 code [0x000000000236bb80, 0x000000000236bbf8]
Event: 33.889 Thread 0x00000000148c0000 nmethod 3399 0x00000000030c71d0 code [0x00000000030c73e0, 0x00000000030c85e8]
Event: 34.003 Thread 0x0000000014914000 3413       3       com.android.dx.dex.code.form.Form21h::writeTo (74 bytes)
Event: 34.004 Thread 0x0000000014914000 nmethod 3413 0x00000000030c08d0 code [0x00000000030c0b20, 0x00000000030c1ac8]
Event: 34.006 Thread 0x00000000148bd000 3414       4       com.android.dx.dex.file.CodeItem::writeTo0 (489 bytes)

GC Heap History (10 events):
Event: 11.988 GC heap before
{Heap before GC invocations=5 (full 0):
 PSYoungGen      total 68096K, used 68076K [0x00000000eab00000, 0x00000000ef000000, 0x0000000100000000)
  eden space 65536K, 100% used [0x00000000eab00000,0x00000000eeb00000,0x00000000eeb00000)
  from space 2560K, 99% used [0x00000000eed80000,0x00000000eeffb338,0x00000000ef000000)
  to   space 2560K, 0% used [0x00000000eeb00000,0x00000000eeb00000,0x00000000eed80000)
 ParOldGen       total 44032K, used 12527K [0x00000000c0000000, 0x00000000c2b00000, 0x00000000eab00000)
  object space 44032K, 28% used [0x00000000c0000000,0x00000000c0c3bd78,0x00000000c2b00000)
 Metaspace       used 6288K, capacity 7152K, committed 7296K, reserved 1056768K
  class space    used 603K, capacity 616K, committed 640K, reserved 1048576K
Event: 12.697 GC heap after
Heap after GC invocations=5 (full 0):
 PSYoungGen      total 68096K, used 2540K [0x00000000eab00000, 0x00000000f4700000, 0x0000000100000000)
  eden space 65536K, 0% used [0x00000000eab00000,0x00000000eab00000,0x00000000eeb00000)
  from space 2560K, 99% used [0x00000000eeb00000,0x00000000eed7b338,0x00000000eed80000)
  to   space 14336K, 0% used [0x00000000f3900000,0x00000000f3900000,0x00000000f4700000)
 ParOldGen       total 44032K, used 22082K [0x00000000c0000000, 0x00000000c2b00000, 0x00000000eab00000)
  object space 44032K, 50% used [0x00000000c0000000,0x00000000c1590880,0x00000000c2b00000)
 Metaspace       used 6288K, capacity 7152K, committed 7296K, reserved 1056768K
  class space    used 603K, capacity 616K, committed 640K, reserved 1048576K
}
Event: 14.995 GC heap before
{Heap before GC invocations=6 (full 0):
 PSYoungGen      total 68096K, used 68076K [0x00000000eab00000, 0x00000000f4700000, 0x0000000100000000)
  eden space 65536K, 100% used [0x00000000eab00000,0x00000000eeb00000,0x00000000eeb00000)
  from space 2560K, 99% used [0x00000000eeb00000,0x00000000eed7b338,0x00000000eed80000)
  to   space 14336K, 0% used [0x00000000f3900000,0x00000000f3900000,0x00000000f4700000)
 ParOldGen       total 44032K, used 22082K [0x00000000c0000000, 0x00000000c2b00000, 0x00000000eab00000)
  object space 44032K, 50% used [0x00000000c0000000,0x00000000c1590880,0x00000000c2b00000)
 Metaspace       used 6431K, capacity 7216K, committed 7296K, reserved 1056768K
  class space    used 603K, capacity 616K, committed 640K, reserved 1048576K
Event: 15.327 GC heap after
Heap after GC invocations=6 (full 0):
 PSYoungGen      total 142848K, used 13341K [0x00000000eab00000, 0x00000000f4c00000, 0x0000000100000000)
  eden space 128512K, 0% used [0x00000000eab00000,0x00000000eab00000,0x00000000f2880000)
  from space 14336K, 93% used [0x00000000f3900000,0x00000000f4607718,0x00000000f4700000)
  to   space 16896K, 0% used [0x00000000f2880000,0x00000000f2880000,0x00000000f3900000)
 ParOldGen       total 44032K, used 22082K [0x00000000c0000000, 0x00000000c2b00000, 0x00000000eab00000)
  object space 44032K, 50% used [0x00000000c0000000,0x00000000c1590880,0x00000000c2b00000)
 Metaspace       used 6431K, capacity 7216K, committed 7296K, reserved 1056768K
  class space    used 603K, capacity 616K, committed 640K, reserved 1048576K
}
Event: 23.026 GC heap before
{Heap before GC invocations=7 (full 0):
 PSYoungGen      total 142848K, used 141853K [0x00000000eab00000, 0x00000000f4c00000, 0x0000000100000000)
  eden space 128512K, 100% used [0x00000000eab00000,0x00000000f2880000,0x00000000f2880000)
  from space 14336K, 93% used [0x00000000f3900000,0x00000000f4607718,0x00000000f4700000)
  to   space 16896K, 0% used [0x00000000f2880000,0x00000000f2880000,0x00000000f3900000)
 ParOldGen       total 44032K, used 22082K [0x00000000c0000000, 0x00000000c2b00000, 0x00000000eab00000)
  object space 44032K, 50% used [0x00000000c0000000,0x00000000c1590880,0x00000000c2b00000)
 Metaspace       used 6546K, capacity 7256K, committed 7424K, reserved 1056768K
  class space    used 624K, capacity 656K, committed 768K, reserved 1048576K
Event: 23.461 GC heap after
Heap after GC invocations=7 (full 0):
 PSYoungGen      total 145408K, used 16886K [0x00000000eab00000, 0x00000000fde00000, 0x0000000100000000)
  eden space 128512K, 0% used [0x00000000eab00000,0x00000000eab00000,0x00000000f2880000)
  from space 16896K, 99% used [0x00000000f2880000,0x00000000f38fdad0,0x00000000f3900000)
  to   space 28672K, 0% used [0x00000000fc200000,0x00000000fc200000,0x00000000fde00000)
 ParOldGen       total 44032K, used 38722K [0x00000000c0000000, 0x00000000c2b00000, 0x00000000eab00000)
  object space 44032K, 87% used [0x00000000c0000000,0x00000000c25d0888,0x00000000c2b00000)
 Metaspace       used 6546K, capacity 7256K, committed 7424K, reserved 1056768K
  class space    used 624K, capacity 656K, committed 768K, reserved 1048576K
}
Event: 23.461 GC heap before
{Heap before GC invocations=8 (full 1):
 PSYoungGen      total 145408K, used 16886K [0x00000000eab00000, 0x00000000fde00000, 0x0000000100000000)
  eden space 128512K, 0% used [0x00000000eab00000,0x00000000eab00000,0x00000000f2880000)
  from space 16896K, 99% used [0x00000000f2880000,0x00000000f38fdad0,0x00000000f3900000)
  to   space 28672K, 0% used [0x00000000fc200000,0x00000000fc200000,0x00000000fde00000)
 ParOldGen       total 44032K, used 38722K [0x00000000c0000000, 0x00000000c2b00000, 0x00000000eab00000)
  object space 44032K, 87% used [0x00000000c0000000,0x00000000c25d0888,0x00000000c2b00000)
 Metaspace       used 6546K, capacity 7256K, committed 7424K, reserved 1056768K
  class space    used 624K, capacity 656K, committed 768K, reserved 1048576K
Event: 27.233 GC heap after
Heap after GC invocations=8 (full 1):
 PSYoungGen      total 145408K, used 8673K [0x00000000eab00000, 0x00000000fde00000, 0x0000000100000000)
  eden space 128512K, 0% used [0x00000000eab00000,0x00000000eab00000,0x00000000f2880000)
  from space 16896K, 51% used [0x00000000f2880000,0x00000000f30f8488,0x00000000f3900000)
  to   space 28672K, 0% used [0x00000000fc200000,0x00000000fc200000,0x00000000fde00000)
 ParOldGen       total 87040K, used 43792K [0x00000000c0000000, 0x00000000c5500000, 0x00000000eab00000)
  object space 87040K, 50% used [0x00000000c0000000,0x00000000c2ac4108,0x00000000c5500000)
 Metaspace       used 6546K, capacity 7256K, committed 7424K, reserved 1056768K
  class space    used 624K, capacity 656K, committed 768K, reserved 1048576K
}
Event: 28.139 GC heap before
{Heap before GC invocations=9 (full 1):
 PSYoungGen      total 145408K, used 137185K [0x00000000eab00000, 0x00000000fde00000, 0x0000000100000000)
  eden space 128512K, 100% used [0x00000000eab00000,0x00000000f2880000,0x00000000f2880000)
  from space 16896K, 51% used [0x00000000f2880000,0x00000000f30f8488,0x00000000f3900000)
  to   space 28672K, 0% used [0x00000000fc200000,0x00000000fc200000,0x00000000fde00000)
 ParOldGen       total 87040K, used 43792K [0x00000000c0000000, 0x00000000c5500000, 0x00000000eab00000)
  object space 87040K, 50% used [0x00000000c0000000,0x00000000c2ac4108,0x00000000c5500000)
 Metaspace       used 6561K, capacity 7256K, committed 7424K, reserved 1056768K
  class space    used 624K, capacity 656K, committed 768K, reserved 1048576K
Event: 28.358 GC heap after
Heap after GC invocations=9 (full 1):
 PSYoungGen      total 200704K, used 27560K [0x00000000eab00000, 0x00000000fdd00000, 0x0000000100000000)
  eden space 173056K, 0% used [0x00000000eab00000,0x00000000eab00000,0x00000000f5400000)
  from space 27648K, 99% used [0x00000000fc200000,0x00000000fdcea220,0x00000000fdd00000)
  to   space 33280K, 0% used [0x00000000f9c00000,0x00000000f9c00000,0x00000000fbc80000)
 ParOldGen       total 87040K, used 44008K [0x00000000c0000000, 0x00000000c5500000, 0x00000000eab00000)
  object space 87040K, 50% used [0x00000000c0000000,0x00000000c2afa108,0x00000000c5500000)
 Metaspace       used 6561K, capacity 7256K, committed 7424K, reserved 1056768K
  class space    used 624K, capacity 656K, committed 768K, reserved 1048576K
}

Deoptimization events (10 events):
Event: 31.068 Thread 0x00000000164ed000 Uncommon trap: reason=unstable_if action=reinterpret pc=0x0000000002f1261c method=com.android.dx.dex.code.OutputFinisher.align64bits([Lcom/android/dx/dex/code/Dop;)V @ 100
Event: 31.283 Thread 0x00000000164ed000 Uncommon trap: reason=array_check action=maybe_recompile pc=0x0000000002f1011c method=java.util.ComparableTimSort.binarySort([Ljava/lang/Object;III)V @ 193
Event: 31.353 Thread 0x00000000164ed000 Uncommon trap: reason=unstable_if action=reinterpret pc=0x0000000002efbaa4 method=com.android.dx.dex.code.LocalList$MakeState.snapshot(ILcom/android/dx/rop/code/RegisterSpecSet;)V @ 86
Event: 31.353 Thread 0x00000000164ed000 Uncommon trap: reason=array_check action=maybe_recompile pc=0x0000000002f1011c method=java.util.ComparableTimSort.binarySort([Ljava/lang/Object;III)V @ 193
Event: 31.515 Thread 0x00000000164ed000 Uncommon trap: reason=array_check action=maybe_recompile pc=0x0000000002f71f1c method=java.util.ComparableTimSort.binarySort([Ljava/lang/Object;III)V @ 215
Event: 31.571 Thread 0x00000000164ed000 Uncommon trap: reason=array_check action=maybe_recompile pc=0x0000000002f71f1c method=java.util.ComparableTimSort.binarySort([Ljava/lang/Object;III)V @ 215
Event: 32.010 Thread 0x00000000164ed000 Uncommon trap: reason=unstable_if action=reinterpret pc=0x0000000002bb3fa4 method=java.util.ArrayList.<init>(I)V @ 5
Event: 32.690 Thread 0x00000000164ed000 Uncommon trap: reason=unstable_if action=reinterpret pc=0x0000000002fec73c method=com.android.dx.dex.file.DebugInfoEncoder.emitLocalsAtAddress(I)I @ 137
Event: 33.068 Thread 0x00000000164ed000 Uncommon trap: reason=unstable_if action=reinterpret pc=0x000000000252eb7c method=java.lang.Long.numberOfTrailingZeros(J)I @ 3
Event: 33.540 Thread 0x00000000164ed000 Uncommon trap: reason=unstable_if action=reinterpret pc=0x0000000002fa8b84 method=com.android.dx.util.ByteArrayAnnotatedOutput.writeByte(I)V @ 13

Internal exceptions (9 events):
Event: 0.059 Thread 0x00000000020f0800 Exception <a 'java/lang/NoSuchMethodError': Method sun.misc.Unsafe.defineClass(Ljava/lang/String;[BII)Ljava/lang/Class; name or signature does not match> (0x00000000eab0d7e0) thrown at [C:\re\workspace\8-2-build-windows-amd64-cygwin\jdk8u66\5298\hotspot\srÅ
Event: 0.059 Thread 0x00000000020f0800 Exception <a 'java/lang/NoSuchMethodError': Method sun.misc.Unsafe.prefetchRead(Ljava/lang/Object;J)V name or signature does not match> (0x00000000eab0dac8) thrown at [C:\re\workspace\8-2-build-windows-amd64-cygwin\jdk8u66\5298\hotspot\src\share\vm\prims\j=µ{0¨èù?
Event: 1.619 Thread 0x00000000164ce000 Implicit null exception at 0x00000000024f07e2 to 0x00000000024f08e9
Event: 2.652 Thread 0x00000000020f0800 Implicit null exception at 0x00000000024d81f7 to 0x00000000024d9951
Event: 14.975 Thread 0x00000000164ce000 Implicit null exception at 0x000000000279f892 to 0x00000000027a0b0d
Event: 19.012 Thread 0x00000000165c9800 Exception <a 'java/lang/ArrayIndexOutOfBoundsException': 18> (0x00000000ede2a758) thrown at [C:\re\workspace\8-2-build-windows-amd64-cygwin\jdk8u66\5298\hotspot\src\share\vm\interpreter\interpreterRuntime.cpp, line 366]
Event: 19.013 Thread 0x00000000165c9800 Exception <a 'java/lang/ArrayIndexOutOfBoundsException'> (0x00000000ede2c2d8) thrown at [C:\re\workspace\8-2-build-windows-amd64-cygwin\jdk8u66\5298\hotspot\src\share\vm\runtime\sharedRuntime.cpp, line 605]
Event: 19.014 Thread 0x00000000165c9800 Exception <a 'java/lang/ArrayIndexOutOfBoundsException'> (0x00000000ede2d5c0) thrown at [C:\re\workspace\8-2-build-windows-amd64-cygwin\jdk8u66\5298\hotspot\src\share\vm\runtime\sharedRuntime.cpp, line 605]
Event: 20.269 Thread 0x00000000165cd800 Implicit null exception at 0x0000000002c29358 to 0x0000000002c2e391

Events (10 events):
Event: 33.834 Thread 0x00000000164ed000 DEOPT PACKING pc=0x0000000003069d4a sp=0x00000000185eeed0
Event: 33.834 Thread 0x00000000164ed000 DEOPT UNPACKING pc=0x000000000223787f sp=0x00000000185eebf0 mode 0
Event: 33.836 Thread 0x00000000164ed000 DEOPT PACKING pc=0x00000000030904c7 sp=0x00000000185eed70
Event: 33.836 Thread 0x00000000164ed000 DEOPT UNPACKING pc=0x000000000223787f sp=0x00000000185eeb48 mode 0
Event: 33.838 Thread 0x00000000164ed000 DEOPT PACKING pc=0x00000000030904c7 sp=0x00000000185eed70
Event: 33.838 Thread 0x00000000164ed000 DEOPT UNPACKING pc=0x000000000223787f sp=0x00000000185eeb48 mode 0
Event: 33.839 Thread 0x00000000164ed000 DEOPT PACKING pc=0x00000000030904c7 sp=0x00000000185eed70
Event: 33.839 Thread 0x00000000164ed000 DEOPT UNPACKING pc=0x000000000223787f sp=0x00000000185eeb48 mode 0
Event: 33.842 Thread 0x00000000164ed000 DEOPT PACKING pc=0x00000000030904c7 sp=0x00000000185eed70
Event: 33.842 Thread 0x00000000164ed000 DEOPT UNPACKING pc=0x000000000223787f sp=0x00000000185eeb48 mode 0


Dynamic libraries:
0x00007ff604410000 - 0x00007ff604447000 	C:\Program Files\Java\jdk1.8.0_66\bin\java.exe
0x00007fff5e6e0000 - 0x00007fff5e8a1000 	C:\Windows\SYSTEM32\ntdll.dll
0x00007fff5bc90000 - 0x00007fff5bd3d000 	C:\Windows\system32\KERNEL32.DLL
0x00007fff5ae20000 - 0x00007fff5b008000 	C:\Windows\system32\KERNELBASE.dll
0x00007fff5e590000 - 0x00007fff5e637000 	C:\Windows\system32\ADVAPI32.dll
0x00007fff5e640000 - 0x00007fff5e6dd000 	C:\Windows\system32\msvcrt.dll
0x00007fff5d4c0000 - 0x00007fff5d51b000 	C:\Windows\system32\sechost.dll
0x00007fff5de20000 - 0x00007fff5df3c000 	C:\Windows\system32\RPCRT4.dll
0x00007fff5e430000 - 0x00007fff5e586000 	C:\Windows\system32\USER32.dll
0x00007fff5bb00000 - 0x00007fff5bc86000 	C:\Windows\system32\GDI32.dll
0x00007fff4f720000 - 0x00007fff4f994000 	C:\Windows\WinSxS\amd64_microsoft.windows.common-controls_6595b64144ccf1df_6.0.10586.0_none_8c15ae12515e1c22\COMCTL32.dll
0x00007fff5d840000 - 0x00007fff5dabd000 	C:\Windows\system32\combase.dll
0x00007fff5adb0000 - 0x00007fff5ae1a000 	C:\Windows\system32\bcryptPrimitives.dll
0x00007fff5dde0000 - 0x00007fff5de1b000 	C:\Windows\system32\IMM32.DLL
0x00000000717c0000 - 0x0000000071892000 	C:\Program Files\Java\jdk1.8.0_66\jre\bin\msvcr100.dll
0x0000000071c90000 - 0x0000000072519000 	C:\Program Files\Java\jdk1.8.0_66\jre\bin\server\jvm.dll
0x00007fff5d520000 - 0x00007fff5d528000 	C:\Windows\system32\PSAPI.DLL
0x00007fff57940000 - 0x00007fff57949000 	C:\Windows\SYSTEM32\WSOCK32.dll
0x00007fff5dac0000 - 0x00007fff5db2b000 	C:\Windows\system32\WS2_32.dll
0x00007fff58f80000 - 0x00007fff58fa3000 	C:\Windows\SYSTEM32\WINMM.dll
0x00007fff4e8a0000 - 0x00007fff4e8aa000 	C:\Windows\SYSTEM32\VERSION.dll
0x00007fff58f20000 - 0x00007fff58f4c000 	C:\Windows\SYSTEM32\WINMMBASE.dll
0x00007fff5ba90000 - 0x00007fff5bad3000 	C:\Windows\system32\cfgmgr32.dll
0x0000000071c80000 - 0x0000000071c8f000 	C:\Program Files\Java\jdk1.8.0_66\jre\bin\verify.dll
0x0000000071c50000 - 0x0000000071c79000 	C:\Program Files\Java\jdk1.8.0_66\jre\bin\java.dll
0x0000000071c30000 - 0x0000000071c46000 	C:\Program Files\Java\jdk1.8.0_66\jre\bin\zip.dll
0x00007fff5bdb0000 - 0x00007fff5d30c000 	C:\Windows\system32\SHELL32.dll
0x00007fff5b3e0000 - 0x00007fff5ba24000 	C:\Windows\system32\windows.storage.dll
0x00007fff5e3d0000 - 0x00007fff5e422000 	C:\Windows\system32\shlwapi.dll
0x00007fff5ad10000 - 0x00007fff5ad1f000 	C:\Windows\system32\kernel.appcore.dll
0x00007fff5b320000 - 0x00007fff5b3d5000 	C:\Windows\system32\shcore.dll
0x00007fff5ad40000 - 0x00007fff5ad8b000 	C:\Windows\system32\powrprof.dll
0x00007fff5ad20000 - 0x00007fff5ad34000 	C:\Windows\system32\profapi.dll

VM Arguments:
jvm_args: -Djava.awt.headless=true -Xmx1024M -Dfile.encoding=windows-1252 -Duser.country=IT -Duser.language=it -Duser.variant 
java_command: com.android.dx.command.Main --dex --force-jumbo --num-threads=4 --multi-dex --output C:\Users\Davide\AndroidStudioProjects\MioMeteo\app\build\intermediates\transforms\dex\debug\folders\1000\10\com.android.support-support-v4-23.4.0_aaab4edea211bdf5334c61199a8744e711966bf7 C:\Users\Davide\AndroidStudioProjects\MioMeteo\app\build\intermediates\exploded-aar\com.android.support\support-v4\23.4.0\jars\classes.jar
java_class_path (initial): C:\Users\Davide\AppData\Local\Android\sdk\build-tools\23.0.3\lib\dx.jar
Launcher Type: SUN_STANDARD

Environment Variables:
PATH=C:\ProgramData\Oracle\Java\javapath;C:\Program Files (x86)\Intel\iCLS Client\;C:\Program Files\Intel\iCLS Client\;C:\Windows\system32;C:\Windows;C:\Windows\System32\Wbem;C:\Windows\System32\WindowsPowerShell\v1.0\;c:\Program Files\Intel\WiFi\bin\;c:\Program Files\Common Files\Intel\WirelessCommon\;C:\Program Files\Intel\Intel(R) Management Engine Components\DAL;C:\Program Files (x86)\Intel\Intel(R) Management Engine Components\DAL;C:\Program Files\Intel\Intel(R) Management Engine Components\IPT;C:\Program Files (x86)\Intel\Intel(R) Management Engine Components\IPT;C:\Program Files\Hewlett-Packard\SimplePass\;C:\Program Files\Java\jdk1.8.0_66\bin;C:\Program Files\TortoiseSVN\bin;C:\Program Files (x86)\MySQL\MySQL Fabric 1.5 & MySQL Utilities 1.5\;C:\Program Files (x86)\MySQL\MySQL Fabric 1.5 & MySQL Utilities 1.5\Doctrine extensions for PHP\;C:\Program Files (x86)\Skype\Phone\
USERNAME=Davide
OS=Windows_NT
PROCESSOR_IDENTIFIER=Intel64 Family 6 Model 61 Stepping 4, GenuineIntel



---------------  S Y S T E M  ---------------

OS: Windows 10.0 , 64 bit Build 10586 (10.0.10586.0)

CPU:total 4 (2 cores per cpu, 2 threads per core) family 6 model 61 stepping 4, cmov, cx8, fxsr, mmx, sse, sse2, sse3, ssse3, sse4.1, sse4.2, popcnt, avx, avx2, aes, clmul, erms, 3dnowpref, lzcnt, ht, tsc, tscinvbit, bmi1, bmi2, adx

Memory: 4k page, physical 4109328k(167652k free), swap 5157904k(5380k free)

vm_info: Java HotSpot(TM) 64-Bit Server VM (25.66-b18) for windows-amd64 JRE (1.8.0_66-b18), built on Nov  9 2015 10:51:13 by "java_re" with MS VC++ 10.0 (VS2010)

time: Tue May 17 14:25:11 2016
elapsed time: 34 seconds (0d 0h 0m 34s)

