#
# There is insufficient memory for the Java Runtime Environment to continue.
# Native memory allocation (malloc) failed to allocate 1048576 bytes for AllocateHeap
# Possible reasons:
#   The system is out of physical RAM or swap space
#   In 32 bit mode, the process size limit was hit
# Possible solutions:
#   Reduce memory load on the system
#   Increase physical memory or swap space
#   Check if swap backing store is full
#   Use 64 bit Java on a 64 bit OS
#   Decrease Java heap size (-Xmx/-Xms)
#   Decrease number of Java threads
#   Decrease Java thread stack sizes (-Xss)
#   Set larger code cache with -XX:ReservedCodeCacheSize=
# This output file may be truncated or incomplete.
#
#  Out of Memory Error (memory/allocation.inline.hpp:61), pid=2140, tid=7624
#
# JRE version:  (8.0_66-b18) (build )
# Java VM: Java HotSpot(TM) 64-Bit Server VM (25.66-b18 mixed mode windows-amd64 compressed oops)
# Failed to write core dump. Minidumps are not enabled by default on client versions of Windows
#

---------------  T H R E A D  ---------------

Current thread (0x0000000002270800):  JavaThread "Unknown thread" [_thread_in_vm, id=7624, stack(0x0000000002170000,0x0000000002270000)]

Stack: [0x0000000002170000,0x0000000002270000]
[error occurred during error reporting (printing stack bounds), id 0xc0000005]

Native frames: (J=compiled Java code, j=interpreted, Vv=VM code, C=native code)


---------------  P R O C E S S  ---------------

Java Threads: ( => current thread )

Other Threads:

=>0x0000000002270800 (exited) JavaThread "Unknown thread" [_thread_in_vm, id=7624, stack(0x0000000002170000,0x0000000002270000)]

VM state:not at safepoint (normal execution)

VM Mutex/Monitor currently owned by a thread: None

Heap:
 PSYoungGen      total 18944K, used 327K [0x00000000eab00000, 0x00000000ec000000, 0x0000000100000000)
  eden space 16384K, 2% used [0x00000000eab00000,0x00000000eab51ec8,0x00000000ebb00000)
  from space 2560K, 0% used [0x00000000ebd80000,0x00000000ebd80000,0x00000000ec000000)
  to   space 2560K, 0% used [0x00000000ebb00000,0x00000000ebb00000,0x00000000ebd80000)
 ParOldGen       total 44032K, used 0K [0x00000000c0000000, 0x00000000c2b00000, 0x00000000eab00000)
  object space 44032K, 0% used [0x00000000c0000000,0x00000000c0000000,0x00000000c2b00000)
 Metaspace       used 767K, capacity 4480K, committed 4480K, reserved 1056768K
  class space    used 75K, capacity 384K, committed 384K, reserved 1048576K

Card table byte_map: [0x0000000011730000,0x0000000011940000] byte_map_base: 0x0000000011130000

Marking Bits: (ParMarkBitMap*) 0x000000007176a5b0
 Begin Bits: [0x0000000011ea0000, 0x0000000012ea0000)
 End Bits:   [0x0000000012ea0000, 0x0000000013ea0000)

Polling page: 0x0000000000450000

CodeCache: size=245760Kb used=328Kb max_used=328Kb free=245431Kb
 bounds [0x0000000002370000, 0x00000000025e0000, 0x0000000011370000]
 total_blobs=57 nmethods=0 adapters=37
 compilation: enabled

Compilation events (0 events):
No events

GC Heap History (0 events):
No events

Deoptimization events (0 events):
No events

Internal exceptions (0 events):
No events

Events (10 events):
Event: 0.394 loading class java/lang/Short
Event: 0.394 loading class java/lang/Short done
Event: 0.394 loading class java/lang/Integer
Event: 0.394 loading class java/lang/Integer done
Event: 0.394 loading class java/lang/Long
Event: 0.394 loading class java/lang/Long done
Event: 0.395 loading class java/lang/NullPointerException
Event: 0.395 loading class java/lang/NullPointerException done
Event: 0.395 loading class java/lang/ArithmeticException
Event: 0.395 loading class java/lang/ArithmeticException done


Dynamic libraries:
0x00007ff775990000 - 0x00007ff7759c7000 	C:\Program Files\Java\jdk1.8.0_66\bin\java.exe
0x00007ffca8be0000 - 0x00007ffca8da1000 	C:\Windows\SYSTEM32\ntdll.dll
0x00007ffca64f0000 - 0x00007ffca659d000 	C:\Windows\system32\KERNEL32.DLL
0x00007ffca5950000 - 0x00007ffca5b38000 	C:\Windows\system32\KERNELBASE.dll
0x00007ffca6830000 - 0x00007ffca68d7000 	C:\Windows\system32\ADVAPI32.dll
0x00007ffca68e0000 - 0x00007ffca697d000 	C:\Windows\system32\msvcrt.dll
0x00007ffca67d0000 - 0x00007ffca682b000 	C:\Windows\system32\sechost.dll
0x00007ffca8aa0000 - 0x00007ffca8bbc000 	C:\Windows\system32\RPCRT4.dll
0x00007ffca82f0000 - 0x00007ffca8446000 	C:\Windows\system32\USER32.dll
0x00007ffca6130000 - 0x00007ffca62b6000 	C:\Windows\system32\GDI32.dll
0x00007ffc9a930000 - 0x00007ffc9aba4000 	C:\Windows\WinSxS\amd64_microsoft.windows.common-controls_6595b64144ccf1df_6.0.10586.0_none_8c15ae12515e1c22\COMCTL32.dll
0x00007ffca6980000 - 0x00007ffca6bfd000 	C:\Windows\system32\combase.dll
0x00007ffca5ce0000 - 0x00007ffca5d4a000 	C:\Windows\system32\bcryptPrimitives.dll
0x00007ffca6340000 - 0x00007ffca637b000 	C:\Windows\system32\IMM32.DLL
0x0000000070830000 - 0x0000000070902000 	C:\Program Files\Java\jdk1.8.0_66\jre\bin\msvcr100.dll
0x0000000070f60000 - 0x00000000717e9000 	C:\Program Files\Java\jdk1.8.0_66\jre\bin\server\jvm.dll
0x00007ffca6c00000 - 0x00007ffca6c08000 	C:\Windows\system32\PSAPI.DLL
0x00007ffca1990000 - 0x00007ffca1999000 	C:\Windows\SYSTEM32\WSOCK32.dll
0x00007ffca8280000 - 0x00007ffca82eb000 	C:\Windows\system32\WS2_32.dll
0x00007ffca3930000 - 0x00007ffca3953000 	C:\Windows\SYSTEM32\WINMM.dll
0x00007ffc98ef0000 - 0x00007ffc98efa000 	C:\Windows\SYSTEM32\VERSION.dll
0x00007ffca38d0000 - 0x00007ffca38fc000 	C:\Windows\SYSTEM32\WINMMBASE.dll
0x00007ffca5290000 - 0x00007ffca52d3000 	C:\Windows\system32\cfgmgr32.dll
0x0000000070f50000 - 0x0000000070f5f000 	C:\Program Files\Java\jdk1.8.0_66\jre\bin\verify.dll
0x0000000070f20000 - 0x0000000070f49000 	C:\Program Files\Java\jdk1.8.0_66\jre\bin\java.dll
0x0000000070f00000 - 0x0000000070f16000 	C:\Program Files\Java\jdk1.8.0_66\jre\bin\zip.dll

VM Arguments:
jvm_args: -Djava.awt.headless=true -Xmx1024M -Dfile.encoding=windows-1252 -Duser.country=IT -Duser.language=it -Duser.variant 
java_command: com.android.dx.command.Main --dex --force-jumbo --num-threads=4 --multi-dex --output C:\Users\Davide\AndroidStudioProjects\MioMeteo\app\build\intermediates\transforms\dex\debug\folders\1000\5\slice_5 C:\Users\Davide\AndroidStudioProjects\MioMeteo\app\build\intermediates\transforms\instantRunSlicer\debug\folders\1\5\slice_5
java_class_path (initial): C:\Users\Davide\AppData\Local\Android\sdk\build-tools\23.0.3\lib\dx.jar
Launcher Type: SUN_STANDARD

Environment Variables:
PATH=C:\ProgramData\Oracle\Java\javapath;C:\Program Files (x86)\Intel\iCLS Client\;C:\Program Files\Intel\iCLS Client\;C:\Windows\system32;C:\Windows;C:\Windows\System32\Wbem;C:\Windows\System32\WindowsPowerShell\v1.0\;c:\Program Files\Intel\WiFi\bin\;c:\Program Files\Common Files\Intel\WirelessCommon\;C:\Program Files\Intel\Intel(R) Management Engine Components\DAL;C:\Program Files (x86)\Intel\Intel(R) Management Engine Components\DAL;C:\Program Files\Intel\Intel(R) Management Engine Components\IPT;C:\Program Files (x86)\Intel\Intel(R) Management Engine Components\IPT;C:\Program Files\Hewlett-Packard\SimplePass\;C:\Program Files\Java\jdk1.8.0_66\bin;C:\Program Files\TortoiseSVN\bin;C:\Program Files (x86)\MySQL\MySQL Fabric 1.5 & MySQL Utilities 1.5\;C:\Program Files (x86)\MySQL\MySQL Fabric 1.5 & MySQL Utilities 1.5\Doctrine extensions for PHP\;C:\Program Files (x86)\Skype\Phone\
USERNAME=Davide
OS=Windows_NT
PROCESSOR_IDENTIFIER=Intel64 Family 6 Model 61 Stepping 4, GenuineIntel



---------------  S Y S T E M  ---------------

OS: Windows 10.0 , 64 bit Build 10586 (10.0.10586.0)

CPU:total 4 (2 cores per cpu, 2 threads per core) family 6 model 61 stepping 4, cmov, cx8, fxsr, mmx, sse, sse2, sse3, ssse3, sse4.1, sse4.2, popcnt, avx, avx2, aes, clmul, erms, 3dnowpref, lzcnt, ht, tsc, tscinvbit, bmi1, bmi2, adx

Memory: 4k page, physical 4109328k(261564k free), swap 5157904k(5372k free)

vm_info: Java HotSpot(TM) 64-Bit Server VM (25.66-b18) for windows-amd64 JRE (1.8.0_66-b18), built on Nov  9 2015 10:51:13 by "java_re" with MS VC++ 10.0 (VS2010)

time: Mon May 16 15:31:43 2016
elapsed time: 0 seconds (0d 0h 0m 0s)

