#
# There is insufficient memory for the Java Runtime Environment to continue.
# Native memory allocation (malloc) failed to allocate 593216 bytes for Chunk::new
# Possible reasons:
#   The system is out of physical RAM or swap space
#   In 32 bit mode, the process size limit was hit
# Possible solutions:
#   Reduce memory load on the system
#   Increase physical memory or swap space
#   Check if swap backing store is full
#   Use 64 bit Java on a 64 bit OS
#   Decrease Java heap size (-Xmx/-Xms)
#   Decrease number of Java threads
#   Decrease Java thread stack sizes (-Xss)
#   Set larger code cache with -XX:ReservedCodeCacheSize=
# This output file may be truncated or incomplete.
#
#  Out of Memory Error (allocation.cpp:390), pid=8032, tid=2384
#
# JRE version: Java(TM) SE Runtime Environment (8.0_66-b18) (build 1.8.0_66-b18)
# Java VM: Java HotSpot(TM) 64-Bit Server VM (25.66-b18 mixed mode windows-amd64 compressed oops)
# Failed to write core dump. Minidumps are not enabled by default on client versions of Windows
#

---------------  T H R E A D  ---------------

Current thread (0x0000000014a7f000):  JavaThread "C2 CompilerThread1" daemon [_thread_in_native, id=2384, stack(0x00000000161b0000,0x00000000162b0000)]

Stack: [0x00000000161b0000,0x00000000162b0000]
[error occurred during error reporting (printing stack bounds), id 0xc0000005]

Native frames: (J=compiled Java code, j=interpreted, Vv=VM code, C=native code)


Current CompileTask:
C2:   2784 1152       4       com.android.dx.ssa.SCCP::simulateStmt (481 bytes)


---------------  P R O C E S S  ---------------

Java Threads: ( => current thread )
  0x000000001663f000 JavaThread "pool-1-thread-4" [_thread_in_Java, id=6512, stack(0x0000000016db0000,0x0000000016eb0000)]
  0x000000001663e000 JavaThread "pool-1-thread-3" [_thread_in_Java, id=4708, stack(0x0000000016cb0000,0x0000000016db0000)]
  0x000000001663d000 JavaThread "pool-1-thread-2" [_thread_blocked, id=4948, stack(0x0000000016bb0000,0x0000000016cb0000)]
  0x000000001663a800 JavaThread "pool-2-thread-1" [_thread_blocked, id=7680, stack(0x0000000016ab0000,0x0000000016bb0000)]
  0x000000001661e000 JavaThread "pool-1-thread-1" [_thread_in_Java, id=4224, stack(0x00000000169b0000,0x0000000016ab0000)]
  0x00000000163cc800 JavaThread "Service Thread" daemon [_thread_blocked, id=4460, stack(0x00000000167b0000,0x00000000168b0000)]
  0x0000000014aaa800 JavaThread "C1 CompilerThread2" daemon [_thread_blocked, id=4376, stack(0x00000000162b0000,0x00000000163b0000)]
=>0x0000000014a7f000 JavaThread "C2 CompilerThread1" daemon [_thread_in_native, id=2384, stack(0x00000000161b0000,0x00000000162b0000)]
  0x0000000014a4d000 JavaThread "C2 CompilerThread0" daemon [_thread_in_native, id=3076, stack(0x00000000160b0000,0x00000000161b0000)]
  0x0000000014a4b000 JavaThread "Attach Listener" daemon [_thread_blocked, id=5452, stack(0x0000000015fb0000,0x00000000160b0000)]
  0x0000000014a49800 JavaThread "Signal Dispatcher" daemon [_thread_blocked, id=3616, stack(0x0000000015eb0000,0x0000000015fb0000)]
  0x0000000002370800 JavaThread "Finalizer" daemon [_thread_blocked, id=2160, stack(0x0000000015cb0000,0x0000000015db0000)]
  0x000000000236d000 JavaThread "Reference Handler" daemon [_thread_blocked, id=5456, stack(0x0000000015bb0000,0x0000000015cb0000)]
  0x0000000002280800 JavaThread "main" [_thread_blocked, id=5532, stack(0x0000000002140000,0x0000000002240000)]

Other Threads:
  0x0000000014a18000 VMThread [stack: 0x0000000015ab0000,0x0000000015bb0000] [id=7800]
  0x00000000163c6800 WatcherThread [stack: 0x00000000168b0000,0x00000000169b0000] [id=2684]

VM state:not at safepoint (normal execution)

VM Mutex/Monitor currently owned by a thread: None

Heap:
 PSYoungGen      total 35328K, used 11327K [0x00000000eab00000, 0x00000000ed000000, 0x0000000100000000)
  eden space 32768K, 26% used [0x00000000eab00000,0x00000000eb3951c0,0x00000000ecb00000)
  from space 2560K, 99% used [0x00000000ecd80000,0x00000000ecffaaa8,0x00000000ed000000)
  to   space 2560K, 0% used [0x00000000ecb00000,0x00000000ecb00000,0x00000000ecd80000)
 ParOldGen       total 44032K, used 1838K [0x00000000c0000000, 0x00000000c2b00000, 0x00000000eab00000)
  object space 44032K, 4% used [0x00000000c0000000,0x00000000c01cb9a0,0x00000000c2b00000)
 Metaspace       used 6013K, capacity 6896K, committed 7040K, reserved 1056768K
  class space    used 601K, capacity 616K, committed 640K, reserved 1048576K

Card table byte_map: [0x0000000011740000,0x0000000011950000] byte_map_base: 0x0000000011140000

Marking Bits: (ParMarkBitMap*) 0x0000000057daa5b0
 Begin Bits: [0x0000000011eb0000, 0x0000000012eb0000)
 End Bits:   [0x0000000012eb0000, 0x0000000013eb0000)

Polling page: 0x0000000000910000

CodeCache: size=245760Kb used=4605Kb max_used=4617Kb free=241154Kb
 bounds [0x0000000002380000, 0x0000000002810000, 0x0000000011380000]
 total_blobs=1447 nmethods=1178 adapters=182
 compilation: enabled

Compilation events (10 events):
Event: 2.766 Thread 0x0000000014a4d000 nmethod 1198 0x0000000002784810 code [0x0000000002784940, 0x00000000027849d8]
Event: 2.766 Thread 0x0000000014a4d000 1158       4       java.util.ArrayList::grow (45 bytes)
Event: 2.770 Thread 0x0000000014a4d000 nmethod 1158 0x0000000002800310 code [0x0000000002800460, 0x00000000028006b8]
Event: 2.770 Thread 0x0000000014a4d000 1189       4       com.android.dx.rop.code.RegisterSpec::makeLocalOptional (7 bytes)
Event: 2.770 Thread 0x0000000014a4d000 nmethod 1189 0x0000000002715350 code [0x00000000027154a0, 0x0000000002715508]
Event: 2.770 Thread 0x0000000014a4d000 1166       4       java.lang.Object::equals (11 bytes)
Event: 2.771 Thread 0x0000000014a4d000 nmethod 1166 0x0000000002706990 code [0x0000000002706ac0, 0x0000000002706b38]
Event: 2.771 Thread 0x0000000014a4d000 1153       4       java.lang.AbstractStringBuilder::append (50 bytes)
Event: 2.778 Thread 0x0000000014a4d000 nmethod 1153 0x0000000002801910 code [0x0000000002801a60, 0x0000000002801e18]
Event: 2.778 Thread 0x0000000014a4d000 1205       4       com.android.dx.ssa.SsaMethod$2::addToUses (48 bytes)

GC Heap History (4 events):
Event: 1.110 GC heap before
{Heap before GC invocations=1 (full 0):
 PSYoungGen      total 18944K, used 16384K [0x00000000eab00000, 0x00000000ec000000, 0x0000000100000000)
  eden space 16384K, 100% used [0x00000000eab00000,0x00000000ebb00000,0x00000000ebb00000)
  from space 2560K, 0% used [0x00000000ebd80000,0x00000000ebd80000,0x00000000ec000000)
  to   space 2560K, 0% used [0x00000000ebb00000,0x00000000ebb00000,0x00000000ebd80000)
 ParOldGen       total 44032K, used 0K [0x00000000c0000000, 0x00000000c2b00000, 0x00000000eab00000)
  object space 44032K, 0% used [0x00000000c0000000,0x00000000c0000000,0x00000000c2b00000)
 Metaspace       used 5268K, capacity 6320K, committed 6528K, reserved 1056768K
  class space    used 582K, capacity 616K, committed 640K, reserved 1048576K
Event: 1.367 GC heap after
Heap after GC invocations=1 (full 0):
 PSYoungGen      total 18944K, used 2557K [0x00000000eab00000, 0x00000000ed000000, 0x0000000100000000)
  eden space 16384K, 0% used [0x00000000eab00000,0x00000000eab00000,0x00000000ebb00000)
  from space 2560K, 99% used [0x00000000ebb00000,0x00000000ebd7f640,0x00000000ebd80000)
  to   space 2560K, 0% used [0x00000000ecd80000,0x00000000ecd80000,0x00000000ed000000)
 ParOldGen       total 44032K, used 282K [0x00000000c0000000, 0x00000000c2b00000, 0x00000000eab00000)
  object space 44032K, 0% used [0x00000000c0000000,0x00000000c0046910,0x00000000c2b00000)
 Metaspace       used 5268K, capacity 6320K, committed 6528K, reserved 1056768K
  class space    used 582K, capacity 616K, committed 640K, reserved 1048576K
}
Event: 2.521 GC heap before
{Heap before GC invocations=2 (full 0):
 PSYoungGen      total 18944K, used 18941K [0x00000000eab00000, 0x00000000ed000000, 0x0000000100000000)
  eden space 16384K, 100% used [0x00000000eab00000,0x00000000ebb00000,0x00000000ebb00000)
  from space 2560K, 99% used [0x00000000ebb00000,0x00000000ebd7f640,0x00000000ebd80000)
  to   space 2560K, 0% used [0x00000000ecd80000,0x00000000ecd80000,0x00000000ed000000)
 ParOldGen       total 44032K, used 282K [0x00000000c0000000, 0x00000000c2b00000, 0x00000000eab00000)
  object space 44032K, 0% used [0x00000000c0000000,0x00000000c0046910,0x00000000c2b00000)
 Metaspace       used 5954K, capacity 6896K, committed 7040K, reserved 1056768K
  class space    used 601K, capacity 616K, committed 640K, reserved 1048576K
Event: 2.678 GC heap after
Heap after GC invocations=2 (full 0):
 PSYoungGen      total 35328K, used 2538K [0x00000000eab00000, 0x00000000ed000000, 0x0000000100000000)
  eden space 32768K, 0% used [0x00000000eab00000,0x00000000eab00000,0x00000000ecb00000)
  from space 2560K, 99% used [0x00000000ecd80000,0x00000000ecffaaa8,0x00000000ed000000)
  to   space 2560K, 0% used [0x00000000ecb00000,0x00000000ecb00000,0x00000000ecd80000)
 ParOldGen       total 44032K, used 1838K [0x00000000c0000000, 0x00000000c2b00000, 0x00000000eab00000)
  object space 44032K, 4% used [0x00000000c0000000,0x00000000c01cb9a0,0x00000000c2b00000)
 Metaspace       used 5954K, capacity 6896K, committed 7040K, reserved 1056768K
  class space    used 601K, capacity 616K, committed 640K, reserved 1048576K
}

Deoptimization events (9 events):
Event: 1.426 Thread 0x000000001661e000 Uncommon trap: reason=unstable_if action=reinterpret pc=0x0000000002593a34 method=java.util.HashMap.getNode(ILjava/lang/Object;)Ljava/util/HashMap$Node; @ 62
Event: 1.452 Thread 0x0000000002280800 Uncommon trap: reason=unstable_if action=reinterpret pc=0x00000000025931f0 method=java.util.BitSet.nextSetBit(I)I @ 87
Event: 2.132 Thread 0x000000001663d000 Uncommon trap: reason=class_check action=maybe_recompile pc=0x00000000026b41e4 method=com.android.dx.ssa.NormalSsaInsn.accept(Lcom/android/dx/ssa/SsaInsn$Visitor;)V @ 9
Event: 2.132 Thread 0x000000001663d000 Uncommon trap: reason=class_check action=maybe_recompile pc=0x00000000025db4f0 method=com.android.dx.ssa.NormalSsaInsn.accept(Lcom/android/dx/ssa/SsaInsn$Visitor;)V @ 9
Event: 2.132 Thread 0x000000001663d000 Uncommon trap: reason=class_check action=maybe_recompile pc=0x00000000025db4f0 method=com.android.dx.ssa.NormalSsaInsn.accept(Lcom/android/dx/ssa/SsaInsn$Visitor;)V @ 9
Event: 2.132 Thread 0x000000001663d000 Uncommon trap: reason=class_check action=maybe_recompile pc=0x00000000025db4f0 method=com.android.dx.ssa.NormalSsaInsn.accept(Lcom/android/dx/ssa/SsaInsn$Visitor;)V @ 9
Event: 2.150 Thread 0x000000001663f000 Uncommon trap: reason=class_check action=maybe_recompile pc=0x00000000026b41e4 method=com.android.dx.ssa.NormalSsaInsn.accept(Lcom/android/dx/ssa/SsaInsn$Visitor;)V @ 9
Event: 2.409 Thread 0x0000000002280800 Uncommon trap: reason=unstable_if action=reinterpret pc=0x000000000266d358 method=java.lang.String.<init>([CII)V @ 18
Event: 2.727 Thread 0x000000001663e000 Uncommon trap: reason=unstable_if action=reinterpret pc=0x000000000273261c method=com.android.dx.rop.cst.Constant.compareTo(Lcom/android/dx/rop/cst/Constant;)I @ 12

Internal exceptions (2 events):
Event: 0.054 Thread 0x0000000002280800 Exception <a 'java/lang/NoSuchMethodError': Method sun.misc.Unsafe.defineClass(Ljava/lang/String;[BII)Ljava/lang/Class; name or signature does not match> (0x00000000eab0d848) thrown at [C:\re\workspace\8-2-build-windows-amd64-cygwin\jdk8u66\5298\hotspot\srô.2õµç´?
Event: 0.054 Thread 0x0000000002280800 Exception <a 'java/lang/NoSuchMethodError': Method sun.misc.Unsafe.prefetchRead(Ljava/lang/Object;J)V name or signature does not match> (0x00000000eab0db30) thrown at [C:\re\workspace\8-2-build-windows-amd64-cygwin\jdk8u66\5298\hotspot\src\share\vm\prims\j

Events (10 events):
Event: 2.150 Thread 0x000000001663f000 DEOPT PACKING pc=0x00000000026b41e4 sp=0x0000000016eae900
Event: 2.150 Thread 0x000000001663f000 DEOPT UNPACKING pc=0x00000000023c582a sp=0x0000000016eae8e0 mode 2
Event: 2.409 Thread 0x0000000002280800 Uncommon trap: trap_request=0xffffff65 fr.pc=0x000000000266d358
Event: 2.409 Thread 0x0000000002280800 DEOPT PACKING pc=0x000000000266d358 sp=0x000000000223e320
Event: 2.409 Thread 0x0000000002280800 DEOPT UNPACKING pc=0x00000000023c582a sp=0x000000000223e250 mode 2
Event: 2.481 Executing VM operation: ParallelGCFailedAllocation
Event: 2.678 Executing VM operation: ParallelGCFailedAllocation done
Event: 2.727 Thread 0x000000001663e000 Uncommon trap: trap_request=0xffffff65 fr.pc=0x000000000273261c
Event: 2.727 Thread 0x000000001663e000 DEOPT PACKING pc=0x000000000273261c sp=0x0000000016daeb30
Event: 2.727 Thread 0x000000001663e000 DEOPT UNPACKING pc=0x00000000023c582a sp=0x0000000016daead0 mode 2


Dynamic libraries:
0x00007ff71db00000 - 0x00007ff71db37000 	C:\Program Files\Java\jdk1.8.0_66\bin\java.exe
0x00007ff91b210000 - 0x00007ff91b3d1000 	C:\Windows\SYSTEM32\ntdll.dll
0x00007ff918d20000 - 0x00007ff918dcd000 	C:\Windows\system32\KERNEL32.DLL
0x00007ff9178c0000 - 0x00007ff917aa8000 	C:\Windows\system32\KERNELBASE.dll
0x00007ff918860000 - 0x00007ff918907000 	C:\Windows\system32\ADVAPI32.dll
0x00007ff919380000 - 0x00007ff91941d000 	C:\Windows\system32\msvcrt.dll
0x00007ff918970000 - 0x00007ff9189cb000 	C:\Windows\system32\sechost.dll
0x00007ff918dd0000 - 0x00007ff918eec000 	C:\Windows\system32\RPCRT4.dll
0x00007ff91b040000 - 0x00007ff91b196000 	C:\Windows\system32\USER32.dll
0x00007ff919530000 - 0x00007ff9196b6000 	C:\Windows\system32\GDI32.dll
0x00007ff90c270000 - 0x00007ff90c4e4000 	C:\Windows\WinSxS\amd64_microsoft.windows.common-controls_6595b64144ccf1df_6.0.10586.0_none_8c15ae12515e1c22\COMCTL32.dll
0x00007ff9189d0000 - 0x00007ff918c4d000 	C:\Windows\system32\combase.dll
0x00007ff9184f0000 - 0x00007ff91855a000 	C:\Windows\system32\bcryptPrimitives.dll
0x00007ff918c60000 - 0x00007ff918c9b000 	C:\Windows\system32\IMM32.DLL
0x0000000056f70000 - 0x0000000057042000 	C:\Program Files\Java\jdk1.8.0_66\jre\bin\msvcr100.dll
0x00000000575a0000 - 0x0000000057e29000 	C:\Program Files\Java\jdk1.8.0_66\jre\bin\server\jvm.dll
0x00007ff918c50000 - 0x00007ff918c58000 	C:\Windows\system32\PSAPI.DLL
0x00007ff913d90000 - 0x00007ff913d99000 	C:\Windows\SYSTEM32\WSOCK32.dll
0x00007ff91b1a0000 - 0x00007ff91b20b000 	C:\Windows\system32\WS2_32.dll
0x00007ff90b1e0000 - 0x00007ff90b1ea000 	C:\Windows\SYSTEM32\VERSION.dll
0x00007ff915a60000 - 0x00007ff915a83000 	C:\Windows\SYSTEM32\WINMM.dll
0x00007ff915a00000 - 0x00007ff915a2c000 	C:\Windows\SYSTEM32\WINMMBASE.dll
0x00007ff9184a0000 - 0x00007ff9184e3000 	C:\Windows\system32\cfgmgr32.dll
0x0000000057590000 - 0x000000005759f000 	C:\Program Files\Java\jdk1.8.0_66\jre\bin\verify.dll
0x0000000057560000 - 0x0000000057589000 	C:\Program Files\Java\jdk1.8.0_66\jre\bin\java.dll
0x0000000057540000 - 0x0000000057556000 	C:\Program Files\Java\jdk1.8.0_66\jre\bin\zip.dll
0x00007ff9196c0000 - 0x00007ff91ac1c000 	C:\Windows\system32\SHELL32.dll
0x00007ff917d40000 - 0x00007ff918384000 	C:\Windows\system32\windows.storage.dll
0x00007ff918910000 - 0x00007ff918962000 	C:\Windows\system32\shlwapi.dll
0x00007ff9178a0000 - 0x00007ff9178af000 	C:\Windows\system32\kernel.appcore.dll
0x00007ff917c80000 - 0x00007ff917d35000 	C:\Windows\system32\shcore.dll
0x00007ff917850000 - 0x00007ff91789b000 	C:\Windows\system32\powrprof.dll
0x00007ff917830000 - 0x00007ff917844000 	C:\Windows\system32\profapi.dll

VM Arguments:
jvm_args: -Djava.awt.headless=true -Xmx1024M -Dfile.encoding=windows-1252 -Duser.country=IT -Duser.language=it -Duser.variant 
java_command: com.android.dx.command.Main --dex --num-threads=4 --output C:\Users\Davide\AndroidStudioProjects\MioMeteo\app\build\intermediates\pre-dexed\debug\com.google.android.gms-play-services-basement-8.4.0_3013a74c5a4f87319a74fd9f52916b8d95f0d285.jar C:\Users\Davide\AndroidStudioProjects\MioMeteo\app\build\intermediates\exploded-aar\com.google.android.gms\play-services-basement\8.4.0\jars\classes.jar
java_class_path (initial): C:\Users\Davide\AppData\Local\Android\sdk\build-tools\23.0.3\lib\dx.jar
Launcher Type: SUN_STANDARD

Environment Variables:
PATH=C:\ProgramData\Oracle\Java\javapath;C:\Program Files (x86)\Intel\iCLS Client\;C:\Program Files\Intel\iCLS Client\;C:\Windows\system32;C:\Windows;C:\Windows\System32\Wbem;C:\Windows\System32\WindowsPowerShell\v1.0\;c:\Program Files\Intel\WiFi\bin\;c:\Program Files\Common Files\Intel\WirelessCommon\;C:\Program Files\Intel\Intel(R) Management Engine Components\DAL;C:\Program Files (x86)\Intel\Intel(R) Management Engine Components\DAL;C:\Program Files\Intel\Intel(R) Management Engine Components\IPT;C:\Program Files (x86)\Intel\Intel(R) Management Engine Components\IPT;C:\Program Files\Hewlett-Packard\SimplePass\;C:\Program Files\Java\jdk1.8.0_66\bin;C:\Program Files\TortoiseSVN\bin;C:\Program Files (x86)\MySQL\MySQL Fabric 1.5 & MySQL Utilities 1.5\;C:\Program Files (x86)\MySQL\MySQL Fabric 1.5 & MySQL Utilities 1.5\Doctrine extensions for PHP\;C:\Program Files (x86)\Skype\Phone\
USERNAME=Davide
OS=Windows_NT
PROCESSOR_IDENTIFIER=Intel64 Family 6 Model 61 Stepping 4, GenuineIntel



---------------  S Y S T E M  ---------------

OS: Windows 10.0 , 64 bit Build 10586 (10.0.10586.0)

CPU:total 4 (2 cores per cpu, 2 threads per core) family 6 model 61 stepping 4, cmov, cx8, fxsr, mmx, sse, sse2, sse3, ssse3, sse4.1, sse4.2, popcnt, avx, avx2, aes, clmul, erms, 3dnowpref, lzcnt, ht, tsc, tscinvbit, bmi1, bmi2, adx

Memory: 4k page, physical 4109328k(307416k free), swap 5157904k(5696k free)

vm_info: Java HotSpot(TM) 64-Bit Server VM (25.66-b18) for windows-amd64 JRE (1.8.0_66-b18), built on Nov  9 2015 10:51:13 by "java_re" with MS VC++ 10.0 (VS2010)

time: Wed May 18 19:53:38 2016
elapsed time: 2 seconds (0d 0h 0m 2s)

