#
# There is insufficient memory for the Java Runtime Environment to continue.
# Native memory allocation (malloc) failed to allocate 270496 bytes for Chunk::new
# Possible reasons:
#   The system is out of physical RAM or swap space
#   In 32 bit mode, the process size limit was hit
# Possible solutions:
#   Reduce memory load on the system
#   Increase physical memory or swap space
#   Check if swap backing store is full
#   Use 64 bit Java on a 64 bit OS
#   Decrease Java heap size (-Xmx/-Xms)
#   Decrease number of Java threads
#   Decrease Java thread stack sizes (-Xss)
#   Set larger code cache with -XX:ReservedCodeCacheSize=
# This output file may be truncated or incomplete.
#
#  Out of Memory Error (allocation.cpp:390), pid=4008, tid=1720
#
# JRE version: Java(TM) SE Runtime Environment (8.0_66-b18) (build 1.8.0_66-b18)
# Java VM: Java HotSpot(TM) 64-Bit Server VM (25.66-b18 mixed mode windows-amd64 compressed oops)
# Failed to write core dump. Minidumps are not enabled by default on client versions of Windows
#

---------------  T H R E A D  ---------------

Current thread (0x000000001488f800):  JavaThread "C2 CompilerThread1" daemon [_thread_in_native, id=1720, stack(0x0000000016000000,0x0000000016100000)]

Stack: [0x0000000016000000,0x0000000016100000]
[error occurred during error reporting (printing stack bounds), id 0xc0000005]

Native frames: (J=compiled Java code, j=interpreted, Vv=VM code, C=native code)


Current CompileTask:
C2:   3379 1194       4       com.android.dx.ssa.SsaMethod::forEachInsn (36 bytes)


---------------  P R O C E S S  ---------------

Java Threads: ( => current thread )
  0x000000001647a000 JavaThread "pool-1-thread-4" [_thread_in_vm, id=8056, stack(0x00000000183d0000,0x00000000184d0000)]
  0x0000000016476000 JavaThread "pool-1-thread-3" [_thread_blocked, id=5500, stack(0x00000000182d0000,0x00000000183d0000)]
  0x000000001658e000 JavaThread "pool-1-thread-2" [_thread_in_vm, id=6800, stack(0x00000000181d0000,0x00000000182d0000)]
  0x000000001658d000 JavaThread "pool-2-thread-1" [_thread_blocked, id=4536, stack(0x00000000180d0000,0x00000000181d0000)]
  0x0000000016a1c800 JavaThread "pool-1-thread-1" [_thread_in_Java, id=4460, stack(0x0000000017fd0000,0x00000000180d0000)]
  0x00000000148ed000 JavaThread "Service Thread" daemon [_thread_blocked, id=8096, stack(0x0000000016600000,0x0000000016700000)]
  0x00000000148e8800 JavaThread "C1 CompilerThread2" daemon [_thread_in_native, id=3992, stack(0x0000000016100000,0x0000000016200000)]
=>0x000000001488f800 JavaThread "C2 CompilerThread1" daemon [_thread_in_native, id=1720, stack(0x0000000016000000,0x0000000016100000)]
  0x000000001488c800 JavaThread "C2 CompilerThread0" daemon [_thread_in_native, id=5476, stack(0x0000000015f00000,0x0000000016000000)]
  0x000000001488a800 JavaThread "Attach Listener" daemon [_thread_blocked, id=4916, stack(0x0000000015e00000,0x0000000015f00000)]
  0x0000000014889800 JavaThread "Signal Dispatcher" daemon [_thread_blocked, id=1092, stack(0x0000000015d00000,0x0000000015e00000)]
  0x00000000021b0800 JavaThread "Finalizer" daemon [_thread_blocked, id=3788, stack(0x0000000015b00000,0x0000000015c00000)]
  0x00000000021ad000 JavaThread "Reference Handler" daemon [_thread_blocked, id=7200, stack(0x0000000015a00000,0x0000000015b00000)]
  0x00000000020c0800 JavaThread "main" [_thread_in_vm, id=4520, stack(0x0000000001fa0000,0x00000000020a0000)]

Other Threads:
  0x0000000014858000 VMThread [stack: 0x0000000015900000,0x0000000015a00000] [id=3848]
  0x0000000016206800 WatcherThread [stack: 0x0000000016700000,0x0000000016800000] [id=2120]

VM state:not at safepoint (normal execution)

VM Mutex/Monitor currently owned by a thread: None

Heap:
 PSYoungGen      total 18944K, used 12205K [0x00000000eab00000, 0x00000000ec000000, 0x0000000100000000)
  eden space 16384K, 59% used [0x00000000eab00000,0x00000000eb470a70,0x00000000ebb00000)
  from space 2560K, 99% used [0x00000000ebd80000,0x00000000ebffaac8,0x00000000ec000000)
  to   space 2560K, 0% used [0x00000000ebb00000,0x00000000ebb00000,0x00000000ebd80000)
 ParOldGen       total 44032K, used 1383K [0x00000000c0000000, 0x00000000c2b00000, 0x00000000eab00000)
  object space 44032K, 3% used [0x00000000c0000000,0x00000000c0159c10,0x00000000c2b00000)
 Metaspace       used 5954K, capacity 6832K, committed 7040K, reserved 1056768K
  class space    used 597K, capacity 616K, committed 640K, reserved 1048576K

Card table byte_map: [0x0000000011580000,0x0000000011790000] byte_map_base: 0x0000000010f80000

Marking Bits: (ParMarkBitMap*) 0x0000000057daa5b0
 Begin Bits: [0x0000000011cf0000, 0x0000000012cf0000)
 End Bits:   [0x0000000012cf0000, 0x0000000013cf0000)

Polling page: 0x00000000006f0000

CodeCache: size=245760Kb used=4640Kb max_used=4640Kb free=241119Kb
 bounds [0x00000000021c0000, 0x0000000002650000, 0x00000000111c0000]
 total_blobs=1473 nmethods=1204 adapters=182
 compilation: enabled

Compilation events (10 events):
Event: 3.368 Thread 0x00000000148e8800 1200       3       com.android.dx.rop.code.RegisterSpecSet::intersect (117 bytes)
Event: 3.369 Thread 0x00000000148e8800 nmethod 1200 0x0000000002648d90 code [0x0000000002648f80, 0x0000000002649978]
Event: 3.372 Thread 0x00000000148e8800 1202       3       java.util.TreeMap$PrivateEntryIterator::nextEntry (54 bytes)
Event: 3.373 Thread 0x00000000148e8800 nmethod 1202 0x00000000026486d0 code [0x0000000002648860, 0x0000000002648be8]
Event: 3.375 Thread 0x00000000148e8800 1203       3       java.util.TreeMap$ValueIterator::next (8 bytes)
Event: 3.375 Thread 0x00000000148e8800 nmethod 1203 0x0000000002638490 code [0x0000000002638600, 0x0000000002638808]
Event: 3.375 Thread 0x00000000148e8800 1204       3       com.android.dx.util.MutabilityControl::<init> (10 bytes)
Event: 3.375 Thread 0x00000000148e8800 nmethod 1204 0x0000000002634c10 code [0x0000000002634d60, 0x0000000002634f10]
Event: 3.376 Thread 0x00000000148e8800 1205       3       com.android.dx.dex.file.StringIdsSection::intern (13 bytes)
Event: 3.376 Thread 0x00000000148e8800 nmethod 1205 0x0000000002647d90 code [0x0000000002647f40, 0x0000000002648458]

GC Heap History (4 events):
Event: 1.250 GC heap before
{Heap before GC invocations=1 (full 0):
 PSYoungGen      total 18944K, used 16384K [0x00000000eab00000, 0x00000000ec000000, 0x0000000100000000)
  eden space 16384K, 100% used [0x00000000eab00000,0x00000000ebb00000,0x00000000ebb00000)
  from space 2560K, 0% used [0x00000000ebd80000,0x00000000ebd80000,0x00000000ec000000)
  to   space 2560K, 0% used [0x00000000ebb00000,0x00000000ebb00000,0x00000000ebd80000)
 ParOldGen       total 44032K, used 0K [0x00000000c0000000, 0x00000000c2b00000, 0x00000000eab00000)
  object space 44032K, 0% used [0x00000000c0000000,0x00000000c0000000,0x00000000c2b00000)
 Metaspace       used 3395K, capacity 4720K, committed 4864K, reserved 1056768K
  class space    used 371K, capacity 424K, committed 512K, reserved 1048576K
Event: 1.258 GC heap after
Heap after GC invocations=1 (full 0):
 PSYoungGen      total 18944K, used 909K [0x00000000eab00000, 0x00000000ec000000, 0x0000000100000000)
  eden space 16384K, 0% used [0x00000000eab00000,0x00000000eab00000,0x00000000ebb00000)
  from space 2560K, 35% used [0x00000000ebb00000,0x00000000ebbe3630,0x00000000ebd80000)
  to   space 2560K, 0% used [0x00000000ebd80000,0x00000000ebd80000,0x00000000ec000000)
 ParOldGen       total 44032K, used 8K [0x00000000c0000000, 0x00000000c2b00000, 0x00000000eab00000)
  object space 44032K, 0% used [0x00000000c0000000,0x00000000c0002000,0x00000000c2b00000)
 Metaspace       used 3395K, capacity 4720K, committed 4864K, reserved 1056768K
  class space    used 371K, capacity 424K, committed 512K, reserved 1048576K
}
Event: 2.809 GC heap before
{Heap before GC invocations=2 (full 0):
 PSYoungGen      total 18944K, used 17293K [0x00000000eab00000, 0x00000000ec000000, 0x0000000100000000)
  eden space 16384K, 100% used [0x00000000eab00000,0x00000000ebb00000,0x00000000ebb00000)
  from space 2560K, 35% used [0x00000000ebb00000,0x00000000ebbe3630,0x00000000ebd80000)
  to   space 2560K, 0% used [0x00000000ebd80000,0x00000000ebd80000,0x00000000ec000000)
 ParOldGen       total 44032K, used 8K [0x00000000c0000000, 0x00000000c2b00000, 0x00000000eab00000)
  object space 44032K, 0% used [0x00000000c0000000,0x00000000c0002000,0x00000000c2b00000)
 Metaspace       used 5720K, capacity 6640K, committed 6784K, reserved 1056768K
  class space    used 595K, capacity 616K, committed 640K, reserved 1048576K
Event: 2.851 GC heap after
Heap after GC invocations=2 (full 0):
 PSYoungGen      total 18944K, used 2538K [0x00000000eab00000, 0x00000000ec000000, 0x0000000100000000)
  eden space 16384K, 0% used [0x00000000eab00000,0x00000000eab00000,0x00000000ebb00000)
  from space 2560K, 99% used [0x00000000ebd80000,0x00000000ebffaac8,0x00000000ec000000)
  to   space 2560K, 0% used [0x00000000ebb00000,0x00000000ebb00000,0x00000000ebd80000)
 ParOldGen       total 44032K, used 1383K [0x00000000c0000000, 0x00000000c2b00000, 0x00000000eab00000)
  object space 44032K, 3% used [0x00000000c0000000,0x00000000c0159c10,0x00000000c2b00000)
 Metaspace       used 5720K, capacity 6640K, committed 6784K, reserved 1056768K
  class space    used 595K, capacity 616K, committed 640K, reserved 1048576K
}

Deoptimization events (4 events):
Event: 2.689 Thread 0x0000000016476000 Uncommon trap: reason=unstable_if action=reinterpret pc=0x00000000024014e4 method=java.util.HashMap.getNode(ILjava/lang/Object;)Ljava/util/HashMap$Node; @ 129
Event: 2.929 Thread 0x0000000016a1c800 Uncommon trap: reason=unstable_if action=reinterpret pc=0x00000000023fcb30 method=java.util.BitSet.nextSetBit(I)I @ 87
Event: 3.005 Thread 0x00000000020c0800 Uncommon trap: reason=null_check action=make_not_entrant pc=0x00000000024904e8 method=com.android.dx.rop.type.Type.equals(Ljava/lang/Object;)Z @ 8
Event: 3.367 Thread 0x00000000020c0800 Uncommon trap: reason=class_check action=maybe_recompile pc=0x000000000240c194 method=com.android.dx.ssa.NormalSsaInsn.accept(Lcom/android/dx/ssa/SsaInsn$Visitor;)V @ 9

Internal exceptions (3 events):
Event: 0.317 Thread 0x00000000020c0800 Exception <a 'java/lang/NoSuchMethodError': Method sun.misc.Unsafe.defineClass(Ljava/lang/String;[BII)Ljava/lang/Class; name or signature does not match> (0x00000000eab0d9b8) thrown at [C:\re\workspace\8-2-build-windows-amd64-cygwin\jdk8u66\5298\hotspot\sr¢8`y SÔ?
Event: 0.318 Thread 0x00000000020c0800 Exception <a 'java/lang/NoSuchMethodError': Method sun.misc.Unsafe.prefetchRead(Ljava/lang/Object;J)V name or signature does not match> (0x00000000eab0dca0) thrown at [C:\re\workspace\8-2-build-windows-amd64-cygwin\jdk8u66\5298\hotspot\src\share\vm\prims\jŠ^>ú"@
Event: 3.005 Thread 0x00000000020c0800 Implicit null exception at 0x00000000024903e2 to 0x00000000024904da

Events (10 events):
Event: 3.127 Thread 0x0000000016a1c800 DEOPT UNPACKING pc=0x000000000220787f sp=0x00000000180ce6e8 mode 0
Event: 3.129 Thread 0x0000000016a1c800 DEOPT PACKING pc=0x00000000024b0902 sp=0x00000000180ce980
Event: 3.129 Thread 0x0000000016a1c800 DEOPT UNPACKING pc=0x000000000220787f sp=0x00000000180ce6e8 mode 0
Event: 3.218 Thread 0x00000000020c0800 DEOPT PACKING pc=0x000000000259513a sp=0x000000000209e660
Event: 3.218 Thread 0x00000000020c0800 DEOPT UNPACKING pc=0x000000000220787f sp=0x000000000209e3c8 mode 0
Event: 3.367 Thread 0x00000000020c0800 Uncommon trap: trap_request=0xffffffde fr.pc=0x000000000240c194
Event: 3.367 Thread 0x00000000020c0800 DEOPT PACKING pc=0x000000000240c194 sp=0x000000000209e680
Event: 3.367 Thread 0x00000000020c0800 DEOPT UNPACKING pc=0x000000000220582a sp=0x000000000209e5c0 mode 2
Event: 3.374 loading class com/android/dx/cf/attrib/AttAnnotationDefault
Event: 3.374 loading class com/android/dx/cf/attrib/AttAnnotationDefault done


Dynamic libraries:
0x00007ff71db00000 - 0x00007ff71db37000 	C:\Program Files\Java\jdk1.8.0_66\bin\java.exe
0x00007ff91b210000 - 0x00007ff91b3d1000 	C:\Windows\SYSTEM32\ntdll.dll
0x00007ff918d20000 - 0x00007ff918dcd000 	C:\Windows\system32\KERNEL32.DLL
0x00007ff9178c0000 - 0x00007ff917aa8000 	C:\Windows\system32\KERNELBASE.dll
0x00007ff918860000 - 0x00007ff918907000 	C:\Windows\system32\ADVAPI32.dll
0x00007ff919380000 - 0x00007ff91941d000 	C:\Windows\system32\msvcrt.dll
0x00007ff918970000 - 0x00007ff9189cb000 	C:\Windows\system32\sechost.dll
0x00007ff918dd0000 - 0x00007ff918eec000 	C:\Windows\system32\RPCRT4.dll
0x00007ff91b040000 - 0x00007ff91b196000 	C:\Windows\system32\USER32.dll
0x00007ff919530000 - 0x00007ff9196b6000 	C:\Windows\system32\GDI32.dll
0x00007ff90c270000 - 0x00007ff90c4e4000 	C:\Windows\WinSxS\amd64_microsoft.windows.common-controls_6595b64144ccf1df_6.0.10586.0_none_8c15ae12515e1c22\COMCTL32.dll
0x00007ff9189d0000 - 0x00007ff918c4d000 	C:\Windows\system32\combase.dll
0x00007ff9184f0000 - 0x00007ff91855a000 	C:\Windows\system32\bcryptPrimitives.dll
0x00007ff918c60000 - 0x00007ff918c9b000 	C:\Windows\system32\IMM32.DLL
0x0000000056f70000 - 0x0000000057042000 	C:\Program Files\Java\jdk1.8.0_66\jre\bin\msvcr100.dll
0x00000000575a0000 - 0x0000000057e29000 	C:\Program Files\Java\jdk1.8.0_66\jre\bin\server\jvm.dll
0x00007ff918c50000 - 0x00007ff918c58000 	C:\Windows\system32\PSAPI.DLL
0x00007ff913d90000 - 0x00007ff913d99000 	C:\Windows\SYSTEM32\WSOCK32.dll
0x00007ff91b1a0000 - 0x00007ff91b20b000 	C:\Windows\system32\WS2_32.dll
0x00007ff915a60000 - 0x00007ff915a83000 	C:\Windows\SYSTEM32\WINMM.dll
0x00007ff90b1e0000 - 0x00007ff90b1ea000 	C:\Windows\SYSTEM32\VERSION.dll
0x00007ff915a00000 - 0x00007ff915a2c000 	C:\Windows\SYSTEM32\WINMMBASE.dll
0x00007ff9184a0000 - 0x00007ff9184e3000 	C:\Windows\system32\cfgmgr32.dll
0x0000000057590000 - 0x000000005759f000 	C:\Program Files\Java\jdk1.8.0_66\jre\bin\verify.dll
0x0000000057560000 - 0x0000000057589000 	C:\Program Files\Java\jdk1.8.0_66\jre\bin\java.dll
0x0000000057540000 - 0x0000000057556000 	C:\Program Files\Java\jdk1.8.0_66\jre\bin\zip.dll
0x00007ff9196c0000 - 0x00007ff91ac1c000 	C:\Windows\system32\SHELL32.dll
0x00007ff917d40000 - 0x00007ff918384000 	C:\Windows\system32\windows.storage.dll
0x00007ff918910000 - 0x00007ff918962000 	C:\Windows\system32\shlwapi.dll
0x00007ff9178a0000 - 0x00007ff9178af000 	C:\Windows\system32\kernel.appcore.dll
0x00007ff917c80000 - 0x00007ff917d35000 	C:\Windows\system32\shcore.dll
0x00007ff917850000 - 0x00007ff91789b000 	C:\Windows\system32\powrprof.dll
0x00007ff917830000 - 0x00007ff917844000 	C:\Windows\system32\profapi.dll

VM Arguments:
jvm_args: -Djava.awt.headless=true -Xmx1024M -Dfile.encoding=windows-1252 -Duser.country=IT -Duser.language=it -Duser.variant 
java_command: com.android.dx.command.Main --dex --num-threads=4 --output C:\Users\Davide\AndroidStudioProjects\MioMeteo\app\build\intermediates\pre-dexed\debug\com.google.android.gms-play-services-ads-8.4.0_a6fd10e450791d362247a31607fa8d6fc799376c.jar C:\Users\Davide\AndroidStudioProjects\MioMeteo\app\build\intermediates\exploded-aar\com.google.android.gms\play-services-ads\8.4.0\jars\classes.jar
java_class_path (initial): C:\Users\Davide\AppData\Local\Android\sdk\build-tools\23.0.3\lib\dx.jar
Launcher Type: SUN_STANDARD

Environment Variables:
PATH=C:\ProgramData\Oracle\Java\javapath;C:\Program Files (x86)\Intel\iCLS Client\;C:\Program Files\Intel\iCLS Client\;C:\Windows\system32;C:\Windows;C:\Windows\System32\Wbem;C:\Windows\System32\WindowsPowerShell\v1.0\;c:\Program Files\Intel\WiFi\bin\;c:\Program Files\Common Files\Intel\WirelessCommon\;C:\Program Files\Intel\Intel(R) Management Engine Components\DAL;C:\Program Files (x86)\Intel\Intel(R) Management Engine Components\DAL;C:\Program Files\Intel\Intel(R) Management Engine Components\IPT;C:\Program Files (x86)\Intel\Intel(R) Management Engine Components\IPT;C:\Program Files\Hewlett-Packard\SimplePass\;C:\Program Files\Java\jdk1.8.0_66\bin;C:\Program Files\TortoiseSVN\bin;C:\Program Files (x86)\MySQL\MySQL Fabric 1.5 & MySQL Utilities 1.5\;C:\Program Files (x86)\MySQL\MySQL Fabric 1.5 & MySQL Utilities 1.5\Doctrine extensions for PHP\;C:\Program Files (x86)\Skype\Phone\
USERNAME=Davide
OS=Windows_NT
PROCESSOR_IDENTIFIER=Intel64 Family 6 Model 61 Stepping 4, GenuineIntel



---------------  S Y S T E M  ---------------

OS: Windows 10.0 , 64 bit Build 10586 (10.0.10586.0)

CPU:total 4 (2 cores per cpu, 2 threads per core) family 6 model 61 stepping 4, cmov, cx8, fxsr, mmx, sse, sse2, sse3, ssse3, sse4.1, sse4.2, popcnt, avx, avx2, aes, clmul, erms, 3dnowpref, lzcnt, ht, tsc, tscinvbit, bmi1, bmi2, adx

Memory: 4k page, physical 4109328k(205380k free), swap 5157904k(5296k free)

vm_info: Java HotSpot(TM) 64-Bit Server VM (25.66-b18) for windows-amd64 JRE (1.8.0_66-b18), built on Nov  9 2015 10:51:13 by "java_re" with MS VC++ 10.0 (VS2010)

time: Wed May 18 19:52:38 2016
elapsed time: 3 seconds (0d 0h 0m 3s)

