#
# There is insufficient memory for the Java Runtime Environment to continue.
# Native memory allocation (malloc) failed to allocate 783616 bytes for Chunk::new
# Possible reasons:
#   The system is out of physical RAM or swap space
#   In 32 bit mode, the process size limit was hit
# Possible solutions:
#   Reduce memory load on the system
#   Increase physical memory or swap space
#   Check if swap backing store is full
#   Use 64 bit Java on a 64 bit OS
#   Decrease Java heap size (-Xmx/-Xms)
#   Decrease number of Java threads
#   Decrease Java thread stack sizes (-Xss)
#   Set larger code cache with -XX:ReservedCodeCacheSize=
# This output file may be truncated or incomplete.
#
#  Out of Memory Error (allocation.cpp:390), pid=952, tid=5452
#
# JRE version: Java(TM) SE Runtime Environment (8.0_66-b18) (build 1.8.0_66-b18)
# Java VM: Java HotSpot(TM) 64-Bit Server VM (25.66-b18 mixed mode windows-amd64 compressed oops)
# Failed to write core dump. Minidumps are not enabled by default on client versions of Windows
#

---------------  T H R E A D  ---------------

Current thread (0x0000000014911000):  JavaThread "C2 CompilerThread1" daemon [_thread_in_native, id=5452, stack(0x0000000016020000,0x0000000016120000)]

Stack: [0x0000000016020000,0x0000000016120000]
[error occurred during error reporting (printing stack bounds), id 0xc0000005]

Native frames: (J=compiled Java code, j=interpreted, Vv=VM code, C=native code)


Current CompileTask:
C2:   5463 1667       4       com.android.dx.ssa.SCCP::simulateBlock (54 bytes)


---------------  P R O C E S S  ---------------

Java Threads: ( => current thread )
  0x000000001652d800 JavaThread "pool-1-thread-4" [_thread_in_vm, id=7884, stack(0x0000000016c20000,0x0000000016d20000)]
  0x000000001652c800 JavaThread "pool-1-thread-3" [_thread_in_vm, id=2488, stack(0x0000000016b20000,0x0000000016c20000)]
  0x00000000164b9800 JavaThread "pool-1-thread-2" [_thread_blocked, id=7948, stack(0x0000000016a20000,0x0000000016b20000)]
  0x00000000164b8800 JavaThread "pool-2-thread-1" [_thread_blocked, id=8092, stack(0x0000000016920000,0x0000000016a20000)]
  0x000000001657b000 JavaThread "pool-1-thread-1" [_thread_in_Java, id=4852, stack(0x0000000016820000,0x0000000016920000)]
  0x0000000016225800 JavaThread "Service Thread" daemon [_thread_blocked, id=4016, stack(0x0000000016620000,0x0000000016720000)]
  0x000000001491c000 JavaThread "C1 CompilerThread2" daemon [_thread_blocked, id=3500, stack(0x0000000016120000,0x0000000016220000)]
=>0x0000000014911000 JavaThread "C2 CompilerThread1" daemon [_thread_in_native, id=5452, stack(0x0000000016020000,0x0000000016120000)]
  0x00000000148bc800 JavaThread "C2 CompilerThread0" daemon [_thread_in_native, id=7784, stack(0x0000000015f20000,0x0000000016020000)]
  0x00000000148ba800 JavaThread "Attach Listener" daemon [_thread_blocked, id=2684, stack(0x0000000015e20000,0x0000000015f20000)]
  0x00000000148b9800 JavaThread "Signal Dispatcher" daemon [_thread_blocked, id=7756, stack(0x0000000015d20000,0x0000000015e20000)]
  0x00000000021e0800 JavaThread "Finalizer" daemon [_thread_blocked, id=7500, stack(0x0000000015b20000,0x0000000015c20000)]
  0x00000000021dd000 JavaThread "Reference Handler" daemon [_thread_blocked, id=6132, stack(0x0000000015a20000,0x0000000015b20000)]
  0x00000000020f0800 JavaThread "main" [_thread_blocked, id=4620, stack(0x0000000001ef0000,0x0000000001ff0000)]

Other Threads:
  0x0000000014888000 VMThread [stack: 0x0000000015920000,0x0000000015a20000] [id=6440]
  0x000000001623b000 WatcherThread [stack: 0x0000000016720000,0x0000000016820000] [id=3312]

VM state:not at safepoint (normal execution)

VM Mutex/Monitor currently owned by a thread: None

Heap:
 PSYoungGen      total 35328K, used 23136K [0x00000000eab00000, 0x00000000efd00000, 0x0000000100000000)
  eden space 32768K, 63% used [0x00000000eab00000,0x00000000ebf3a5c8,0x00000000ecb00000)
  from space 2560K, 99% used [0x00000000ecb00000,0x00000000ecd7e688,0x00000000ecd80000)
  to   space 9216K, 0% used [0x00000000ef400000,0x00000000ef400000,0x00000000efd00000)
 ParOldGen       total 44032K, used 12956K [0x00000000c0000000, 0x00000000c2b00000, 0x00000000eab00000)
  object space 44032K, 29% used [0x00000000c0000000,0x00000000c0ca70b8,0x00000000c2b00000)
 Metaspace       used 6252K, capacity 7152K, committed 7296K, reserved 1056768K
  class space    used 604K, capacity 616K, committed 640K, reserved 1048576K

Card table byte_map: [0x00000000115b0000,0x00000000117c0000] byte_map_base: 0x0000000010fb0000

Marking Bits: (ParMarkBitMap*) 0x000000006fc1a5b0
 Begin Bits: [0x0000000011d20000, 0x0000000012d20000)
 End Bits:   [0x0000000012d20000, 0x0000000013d20000)

Polling page: 0x0000000000530000

CodeCache: size=245760Kb used=6730Kb max_used=6764Kb free=239029Kb
 bounds [0x00000000021f0000, 0x0000000002890000, 0x00000000111f0000]
 total_blobs=1931 nmethods=1662 adapters=182
 compilation: enabled

Compilation events (10 events):
Event: 5.381 Thread 0x000000001491c000 1696       2       com.android.dx.cf.cst.ConstantPoolParser::parse (365 bytes)
Event: 5.385 Thread 0x000000001491c000 nmethod 1696 0x0000000002873a10 code [0x0000000002873de0, 0x00000000028751a8]
Event: 5.388 Thread 0x000000001491c000 1698       2       com.android.dx.ssa.SsaMethod::makeNewSsaReg (26 bytes)
Event: 5.389 Thread 0x000000001491c000 nmethod 1698 0x000000000287e810 code [0x000000000287e960, 0x000000000287eaf0]
Event: 5.389 Thread 0x000000001491c000 1699       2       com.android.dx.ssa.SsaMethod$1::visitMoveInsn (17 bytes)
Event: 5.390 Thread 0x000000001491c000 nmethod 1699 0x000000000287eb90 code [0x000000000287ed00, 0x000000000287ef10]
Event: 5.403 Thread 0x0000000014911000 nmethod 1610 0x000000000287f0d0 code [0x0000000002880740, 0x0000000002887408]
Event: 5.404 Thread 0x0000000014911000 1656 %     4       java.util.BitSet::cardinality @ 4 (32 bytes)
Event: 5.407 Thread 0x0000000014911000 nmethod 1656% 0x0000000002873650 code [0x00000000028737a0, 0x0000000002873918]
Event: 5.407 Thread 0x0000000014911000 1667       4       com.android.dx.ssa.SCCP::simulateBlock (54 bytes)

GC Heap History (10 events):
Event: 2.926 GC heap before
{Heap before GC invocations=1 (full 0):
 PSYoungGen      total 18944K, used 16384K [0x00000000eab00000, 0x00000000ec000000, 0x0000000100000000)
  eden space 16384K, 100% used [0x00000000eab00000,0x00000000ebb00000,0x00000000ebb00000)
  from space 2560K, 0% used [0x00000000ebd80000,0x00000000ebd80000,0x00000000ec000000)
  to   space 2560K, 0% used [0x00000000ebb00000,0x00000000ebb00000,0x00000000ebd80000)
 ParOldGen       total 44032K, used 0K [0x00000000c0000000, 0x00000000c2b00000, 0x00000000eab00000)
  object space 44032K, 0% used [0x00000000c0000000,0x00000000c0000000,0x00000000c2b00000)
 Metaspace       used 3522K, capacity 4720K, committed 4864K, reserved 1056768K
  class space    used 382K, capacity 424K, committed 512K, reserved 1048576K
Event: 2.940 GC heap after
Heap after GC invocations=1 (full 0):
 PSYoungGen      total 18944K, used 1108K [0x00000000eab00000, 0x00000000ec000000, 0x0000000100000000)
  eden space 16384K, 0% used [0x00000000eab00000,0x00000000eab00000,0x00000000ebb00000)
  from space 2560K, 43% used [0x00000000ebb00000,0x00000000ebc152a0,0x00000000ebd80000)
  to   space 2560K, 0% used [0x00000000ebd80000,0x00000000ebd80000,0x00000000ec000000)
 ParOldGen       total 44032K, used 8K [0x00000000c0000000, 0x00000000c2b00000, 0x00000000eab00000)
  object space 44032K, 0% used [0x00000000c0000000,0x00000000c0002000,0x00000000c2b00000)
 Metaspace       used 3522K, capacity 4720K, committed 4864K, reserved 1056768K
  class space    used 382K, capacity 424K, committed 512K, reserved 1048576K
}
Event: 3.599 GC heap before
{Heap before GC invocations=2 (full 0):
 PSYoungGen      total 18944K, used 17492K [0x00000000eab00000, 0x00000000ec000000, 0x0000000100000000)
  eden space 16384K, 100% used [0x00000000eab00000,0x00000000ebb00000,0x00000000ebb00000)
  from space 2560K, 43% used [0x00000000ebb00000,0x00000000ebc152a0,0x00000000ebd80000)
  to   space 2560K, 0% used [0x00000000ebd80000,0x00000000ebd80000,0x00000000ec000000)
 ParOldGen       total 44032K, used 8K [0x00000000c0000000, 0x00000000c2b00000, 0x00000000eab00000)
  object space 44032K, 0% used [0x00000000c0000000,0x00000000c0002000,0x00000000c2b00000)
 Metaspace       used 5867K, capacity 6768K, committed 7040K, reserved 1056768K
  class space    used 601K, capacity 616K, committed 640K, reserved 1048576K
Event: 3.608 GC heap after
Heap after GC invocations=2 (full 0):
 PSYoungGen      total 18944K, used 2554K [0x00000000eab00000, 0x00000000ec000000, 0x0000000100000000)
  eden space 16384K, 0% used [0x00000000eab00000,0x00000000eab00000,0x00000000ebb00000)
  from space 2560K, 99% used [0x00000000ebd80000,0x00000000ebffea48,0x00000000ec000000)
  to   space 2560K, 0% used [0x00000000ebb00000,0x00000000ebb00000,0x00000000ebd80000)
 ParOldGen       total 44032K, used 2234K [0x00000000c0000000, 0x00000000c2b00000, 0x00000000eab00000)
  object space 44032K, 5% used [0x00000000c0000000,0x00000000c022e820,0x00000000c2b00000)
 Metaspace       used 5867K, capacity 6768K, committed 7040K, reserved 1056768K
  class space    used 601K, capacity 616K, committed 640K, reserved 1048576K
}
Event: 3.996 GC heap before
{Heap before GC invocations=3 (full 0):
 PSYoungGen      total 18944K, used 18938K [0x00000000eab00000, 0x00000000ec000000, 0x0000000100000000)
  eden space 16384K, 100% used [0x00000000eab00000,0x00000000ebb00000,0x00000000ebb00000)
  from space 2560K, 99% used [0x00000000ebd80000,0x00000000ebffea48,0x00000000ec000000)
  to   space 2560K, 0% used [0x00000000ebb00000,0x00000000ebb00000,0x00000000ebd80000)
 ParOldGen       total 44032K, used 2234K [0x00000000c0000000, 0x00000000c2b00000, 0x00000000eab00000)
  object space 44032K, 5% used [0x00000000c0000000,0x00000000c022e820,0x00000000c2b00000)
 Metaspace       used 6074K, capacity 6960K, committed 7040K, reserved 1056768K
  class space    used 603K, capacity 616K, committed 640K, reserved 1048576K
Event: 4.053 GC heap after
Heap after GC invocations=3 (full 0):
 PSYoungGen      total 18944K, used 2529K [0x00000000eab00000, 0x00000000ed000000, 0x0000000100000000)
  eden space 16384K, 0% used [0x00000000eab00000,0x00000000eab00000,0x00000000ebb00000)
  from space 2560K, 98% used [0x00000000ebb00000,0x00000000ebd787c0,0x00000000ebd80000)
  to   space 2560K, 0% used [0x00000000ecd80000,0x00000000ecd80000,0x00000000ed000000)
 ParOldGen       total 44032K, used 5518K [0x00000000c0000000, 0x00000000c2b00000, 0x00000000eab00000)
  object space 44032K, 12% used [0x00000000c0000000,0x00000000c0563a28,0x00000000c2b00000)
 Metaspace       used 6074K, capacity 6960K, committed 7040K, reserved 1056768K
  class space    used 603K, capacity 616K, committed 640K, reserved 1048576K
}
Event: 4.388 GC heap before
{Heap before GC invocations=4 (full 0):
 PSYoungGen      total 18944K, used 18913K [0x00000000eab00000, 0x00000000ed000000, 0x0000000100000000)
  eden space 16384K, 100% used [0x00000000eab00000,0x00000000ebb00000,0x00000000ebb00000)
  from space 2560K, 98% used [0x00000000ebb00000,0x00000000ebd787c0,0x00000000ebd80000)
  to   space 2560K, 0% used [0x00000000ecd80000,0x00000000ecd80000,0x00000000ed000000)
 ParOldGen       total 44032K, used 5518K [0x00000000c0000000, 0x00000000c2b00000, 0x00000000eab00000)
  object space 44032K, 12% used [0x00000000c0000000,0x00000000c0563a28,0x00000000c2b00000)
 Metaspace       used 6189K, capacity 7088K, committed 7296K, reserved 1056768K
  class space    used 603K, capacity 616K, committed 640K, reserved 1048576K
Event: 4.401 GC heap after
Heap after GC invocations=4 (full 0):
 PSYoungGen      total 35328K, used 2546K [0x00000000eab00000, 0x00000000ed000000, 0x0000000100000000)
  eden space 32768K, 0% used [0x00000000eab00000,0x00000000eab00000,0x00000000ecb00000)
  from space 2560K, 99% used [0x00000000ecd80000,0x00000000ecffcbc8,0x00000000ed000000)
  to   space 2560K, 0% used [0x00000000ecb00000,0x00000000ecb00000,0x00000000ecd80000)
 ParOldGen       total 44032K, used 8086K [0x00000000c0000000, 0x00000000c2b00000, 0x00000000eab00000)
  object space 44032K, 18% used [0x00000000c0000000,0x00000000c07e5b98,0x00000000c2b00000)
 Metaspace       used 6189K, capacity 7088K, committed 7296K, reserved 1056768K
  class space    used 603K, capacity 616K, committed 640K, reserved 1048576K
}
Event: 5.032 GC heap before
{Heap before GC invocations=5 (full 0):
 PSYoungGen      total 35328K, used 35314K [0x00000000eab00000, 0x00000000ed000000, 0x0000000100000000)
  eden space 32768K, 100% used [0x00000000eab00000,0x00000000ecb00000,0x00000000ecb00000)
  from space 2560K, 99% used [0x00000000ecd80000,0x00000000ecffcbc8,0x00000000ed000000)
  to   space 2560K, 0% used [0x00000000ecb00000,0x00000000ecb00000,0x00000000ecd80000)
 ParOldGen       total 44032K, used 8086K [0x00000000c0000000, 0x00000000c2b00000, 0x00000000eab00000)
  object space 44032K, 18% used [0x00000000c0000000,0x00000000c07e5b98,0x00000000c2b00000)
 Metaspace       used 6227K, capacity 7088K, committed 7296K, reserved 1056768K
  class space    used 604K, capacity 616K, committed 640K, reserved 1048576K
Event: 5.103 GC heap after
Heap after GC invocations=5 (full 0):
 PSYoungGen      total 35328K, used 2553K [0x00000000eab00000, 0x00000000efd00000, 0x0000000100000000)
  eden space 32768K, 0% used [0x00000000eab00000,0x00000000eab00000,0x00000000ecb00000)
  from space 2560K, 99% used [0x00000000ecb00000,0x00000000ecd7e688,0x00000000ecd80000)
  to   space 9216K, 0% used [0x00000000ef400000,0x00000000ef400000,0x00000000efd00000)
 ParOldGen       total 44032K, used 12956K [0x00000000c0000000, 0x00000000c2b00000, 0x00000000eab00000)
  object space 44032K, 29% used [0x00000000c0000000,0x00000000c0ca70b8,0x00000000c2b00000)
 Metaspace       used 6227K, capacity 7088K, committed 7296K, reserved 1056768K
  class space    used 604K, capacity 616K, committed 640K, reserved 1048576K
}

Deoptimization events (10 events):
Event: 4.648 Thread 0x00000000164b9800 Uncommon trap: reason=bimorphic action=maybe_recompile pc=0x00000000027c62fc method=com.android.dx.cf.code.BytecodeArray.parseInstruction(ILcom/android/dx/cf/code/BytecodeArray$Visitor;)I @ 1224
Event: 4.648 Thread 0x00000000164b9800 Uncommon trap: reason=bimorphic action=maybe_recompile pc=0x00000000027c5ce0 method=com.android.dx.cf.code.BytecodeArray.parseInstruction(ILcom/android/dx/cf/code/BytecodeArray$Visitor;)I @ 923
Event: 4.650 Thread 0x00000000164b9800 Uncommon trap: reason=bimorphic action=maybe_recompile pc=0x0000000002452b28 method=java.util.HashMap.getNode(ILjava/lang/Object;)Ljava/util/HashMap$Node; @ 126
Event: 4.650 Thread 0x00000000164b9800 Uncommon trap: reason=class_check action=maybe_recompile pc=0x0000000002585f04 method=java.util.HashMap.putVal(ILjava/lang/Object;Ljava/lang/Object;ZZ)Ljava/lang/Object; @ 203
Event: 4.651 Thread 0x00000000164b9800 Uncommon trap: reason=bimorphic action=maybe_recompile pc=0x0000000002452b28 method=java.util.HashMap.getNode(ILjava/lang/Object;)Ljava/util/HashMap$Node; @ 126
Event: 4.651 Thread 0x00000000164b9800 Uncommon trap: reason=class_check action=maybe_recompile pc=0x0000000002585f04 method=java.util.HashMap.putVal(ILjava/lang/Object;Ljava/lang/Object;ZZ)Ljava/lang/Object; @ 203
Event: 4.651 Thread 0x00000000164b9800 Uncommon trap: reason=bimorphic action=maybe_recompile pc=0x0000000002452b28 method=java.util.HashMap.getNode(ILjava/lang/Object;)Ljava/util/HashMap$Node; @ 126
Event: 4.651 Thread 0x00000000164b9800 Uncommon trap: reason=bimorphic action=maybe_recompile pc=0x0000000002452b28 method=java.util.HashMap.getNode(ILjava/lang/Object;)Ljava/util/HashMap$Node; @ 126
Event: 4.651 Thread 0x00000000164b9800 Uncommon trap: reason=class_check action=maybe_recompile pc=0x0000000002585f04 method=java.util.HashMap.putVal(ILjava/lang/Object;Ljava/lang/Object;ZZ)Ljava/lang/Object; @ 203
Event: 5.329 Thread 0x000000001652c800 Uncommon trap: reason=unstable_if action=reinterpret pc=0x0000000002847088 method=com.android.dx.ssa.SsaRenamer$BlockRenamer.visitMoveInsn(Lcom/android/dx/ssa/NormalSsaInsn;)V @ 104

Internal exceptions (3 events):
Event: 1.250 Thread 0x00000000020f0800 Exception <a 'java/lang/NoSuchMethodError': Method sun.misc.Unsafe.defineClass(Ljava/lang/String;[BII)Ljava/lang/Class; name or signature does not match> (0x00000000eab0d828) thrown at [C:\re\workspace\8-2-build-windows-amd64-cygwin\jdk8u66\5298\hotspot\sr€µ}ÁÙ?
Event: 1.250 Thread 0x00000000020f0800 Exception <a 'java/lang/NoSuchMethodError': Method sun.misc.Unsafe.prefetchRead(Ljava/lang/Object;J)V name or signature does not match> (0x00000000eab0db10) thrown at [C:\re\workspace\8-2-build-windows-amd64-cygwin\jdk8u66\5298\hotspot\src\share\vm\prims\jΩ“a+ﬂ@
Event: 3.609 Thread 0x000000001652c800 Implicit null exception at 0x00000000024bfee2 to 0x00000000024bffe9

Events (10 events):
Event: 4.651 Thread 0x00000000164b9800 DEOPT PACKING pc=0x0000000002452b28 sp=0x0000000016b1ea00
Event: 4.651 Thread 0x00000000164b9800 DEOPT UNPACKING pc=0x000000000223582a sp=0x0000000016b1e980 mode 2
Event: 4.651 Thread 0x00000000164b9800 Uncommon trap: trap_request=0xffffffde fr.pc=0x0000000002585f04
Event: 4.651 Thread 0x00000000164b9800 DEOPT PACKING pc=0x0000000002585f04 sp=0x0000000016b1eeb0
Event: 4.651 Thread 0x00000000164b9800 DEOPT UNPACKING pc=0x000000000223582a sp=0x0000000016b1ee38 mode 2
Event: 5.012 Executing VM operation: ParallelGCFailedAllocation
Event: 5.104 Executing VM operation: ParallelGCFailedAllocation done
Event: 5.329 Thread 0x000000001652c800 Uncommon trap: trap_request=0xffffff65 fr.pc=0x0000000002847088
Event: 5.329 Thread 0x000000001652c800 DEOPT PACKING pc=0x0000000002847088 sp=0x0000000016c1ed80
Event: 5.329 Thread 0x000000001652c800 DEOPT UNPACKING pc=0x000000000223582a sp=0x0000000016c1ec00 mode 2


Dynamic libraries:
0x00007ff7e1010000 - 0x00007ff7e1047000 	C:\Program Files\Java\jdk1.8.0_66\bin\java.exe
0x00007ffbf7d80000 - 0x00007ffbf7f41000 	C:\Windows\SYSTEM32\ntdll.dll
0x00007ffbf51e0000 - 0x00007ffbf528d000 	C:\Windows\system32\KERNEL32.DLL
0x00007ffbf44c0000 - 0x00007ffbf46a8000 	C:\Windows\system32\KERNELBASE.dll
0x00007ffbf7760000 - 0x00007ffbf7807000 	C:\Windows\system32\ADVAPI32.dll
0x00007ffbf5300000 - 0x00007ffbf539d000 	C:\Windows\system32\msvcrt.dll
0x00007ffbf53b0000 - 0x00007ffbf540b000 	C:\Windows\system32\sechost.dll
0x00007ffbf7c60000 - 0x00007ffbf7d7c000 	C:\Windows\system32\RPCRT4.dll
0x00007ffbf7810000 - 0x00007ffbf7966000 	C:\Windows\system32\USER32.dll
0x00007ffbf5410000 - 0x00007ffbf5596000 	C:\Windows\system32\GDI32.dll
0x00007ffbe7e40000 - 0x00007ffbe80b4000 	C:\Windows\WinSxS\amd64_microsoft.windows.common-controls_6595b64144ccf1df_6.0.10586.0_none_8c15ae12515e1c22\COMCTL32.dll
0x00007ffbf79e0000 - 0x00007ffbf7c5d000 	C:\Windows\system32\combase.dll
0x00007ffbf46b0000 - 0x00007ffbf471a000 	C:\Windows\system32\bcryptPrimitives.dll
0x00007ffbf72f0000 - 0x00007ffbf732b000 	C:\Windows\system32\IMM32.DLL
0x000000006ede0000 - 0x000000006eeb2000 	C:\Program Files\Java\jdk1.8.0_66\jre\bin\msvcr100.dll
0x000000006f410000 - 0x000000006fc99000 	C:\Program Files\Java\jdk1.8.0_66\jre\bin\server\jvm.dll
0x00007ffbf6ee0000 - 0x00007ffbf6ee8000 	C:\Windows\system32\PSAPI.DLL
0x00007ffbf0fb0000 - 0x00007ffbf0fb9000 	C:\Windows\SYSTEM32\WSOCK32.dll
0x00007ffbf7280000 - 0x00007ffbf72eb000 	C:\Windows\system32\WS2_32.dll
0x00007ffbf2ad0000 - 0x00007ffbf2af3000 	C:\Windows\SYSTEM32\WINMM.dll
0x00007ffbe75f0000 - 0x00007ffbe75fa000 	C:\Windows\SYSTEM32\VERSION.dll
0x00007ffbf2a70000 - 0x00007ffbf2a9c000 	C:\Windows\SYSTEM32\WINMMBASE.dll
0x00007ffbf4f60000 - 0x00007ffbf4fa3000 	C:\Windows\system32\cfgmgr32.dll
0x000000006f400000 - 0x000000006f40f000 	C:\Program Files\Java\jdk1.8.0_66\jre\bin\verify.dll
0x000000006f3d0000 - 0x000000006f3f9000 	C:\Program Files\Java\jdk1.8.0_66\jre\bin\java.dll
0x000000006f3b0000 - 0x000000006f3c6000 	C:\Program Files\Java\jdk1.8.0_66\jre\bin\zip.dll
0x00007ffbf5980000 - 0x00007ffbf6edc000 	C:\Windows\system32\SHELL32.dll
0x00007ffbf47d0000 - 0x00007ffbf4e14000 	C:\Windows\system32\windows.storage.dll
0x00007ffbf7220000 - 0x00007ffbf7272000 	C:\Windows\system32\shlwapi.dll
0x00007ffbf4410000 - 0x00007ffbf441f000 	C:\Windows\system32\kernel.appcore.dll
0x00007ffbf4ea0000 - 0x00007ffbf4f55000 	C:\Windows\system32\shcore.dll
0x00007ffbf43c0000 - 0x00007ffbf440b000 	C:\Windows\system32\powrprof.dll
0x00007ffbf43a0000 - 0x00007ffbf43b4000 	C:\Windows\system32\profapi.dll

VM Arguments:
jvm_args: -Djava.awt.headless=true -Xmx1024M -Dfile.encoding=windows-1252 -Duser.country=IT -Duser.language=it -Duser.variant 
java_command: com.android.dx.command.Main --dex --num-threads=4 --output C:\Users\Davide\AndroidStudioProjects\MioMeteo\app\build\intermediates\pre-dexed\debug\com.android.support-support-v4-24.0.0-beta1_b3f9df7d68a4a9646217b3d7cf0389c008a7462d.jar C:\Users\Davide\AndroidStudioProjects\MioMeteo\app\build\intermediates\exploded-aar\com.android.support\support-v4\24.0.0-beta1\jars\classes.jar
java_class_path (initial): C:\Users\Davide\AppData\Local\Android\sdk\build-tools\23.0.3\lib\dx.jar
Launcher Type: SUN_STANDARD

Environment Variables:
PATH=C:\ProgramData\Oracle\Java\javapath;C:\Program Files (x86)\Intel\iCLS Client\;C:\Program Files\Intel\iCLS Client\;C:\Windows\system32;C:\Windows;C:\Windows\System32\Wbem;C:\Windows\System32\WindowsPowerShell\v1.0\;c:\Program Files\Intel\WiFi\bin\;c:\Program Files\Common Files\Intel\WirelessCommon\;C:\Program Files\Intel\Intel(R) Management Engine Components\DAL;C:\Program Files (x86)\Intel\Intel(R) Management Engine Components\DAL;C:\Program Files\Intel\Intel(R) Management Engine Components\IPT;C:\Program Files (x86)\Intel\Intel(R) Management Engine Components\IPT;C:\Program Files\Hewlett-Packard\SimplePass\;C:\Program Files\Java\jdk1.8.0_66\bin;C:\Program Files\TortoiseSVN\bin;C:\Program Files (x86)\MySQL\MySQL Fabric 1.5 & MySQL Utilities 1.5\;C:\Program Files (x86)\MySQL\MySQL Fabric 1.5 & MySQL Utilities 1.5\Doctrine extensions for PHP\;C:\Program Files (x86)\Skype\Phone\
USERNAME=Davide
OS=Windows_NT
PROCESSOR_IDENTIFIER=Intel64 Family 6 Model 61 Stepping 4, GenuineIntel



---------------  S Y S T E M  ---------------

OS: Windows 10.0 , 64 bit Build 10586 (10.0.10586.0)

CPU:total 4 (2 cores per cpu, 2 threads per core) family 6 model 61 stepping 4, cmov, cx8, fxsr, mmx, sse, sse2, sse3, ssse3, sse4.1, sse4.2, popcnt, avx, avx2, aes, clmul, erms, 3dnowpref, lzcnt, ht, tsc, tscinvbit, bmi1, bmi2, adx

Memory: 4k page, physical 4109328k(417664k free), swap 5157904k(5860k free)

vm_info: Java HotSpot(TM) 64-Bit Server VM (25.66-b18) for windows-amd64 JRE (1.8.0_66-b18), built on Nov  9 2015 10:51:13 by "java_re" with MS VC++ 10.0 (VS2010)

time: Tue May 31 21:17:18 2016
elapsed time: 5 seconds (0d 0h 0m 5s)

