#
# There is insufficient memory for the Java Runtime Environment to continue.
# Native memory allocation (malloc) failed to allocate 1048576 bytes for AllocateHeap
# Possible reasons:
#   The system is out of physical RAM or swap space
#   In 32 bit mode, the process size limit was hit
# Possible solutions:
#   Reduce memory load on the system
#   Increase physical memory or swap space
#   Check if swap backing store is full
#   Use 64 bit Java on a 64 bit OS
#   Decrease Java heap size (-Xmx/-Xms)
#   Decrease number of Java threads
#   Decrease Java thread stack sizes (-Xss)
#   Set larger code cache with -XX:ReservedCodeCacheSize=
# This output file may be truncated or incomplete.
#
#  Out of Memory Error (memory/allocation.inline.hpp:61), pid=5616, tid=7044
#
# JRE version:  (8.0_66-b18) (build )
# Java VM: Java HotSpot(TM) 64-Bit Server VM (25.66-b18 mixed mode windows-amd64 compressed oops)
# Failed to write core dump. Minidumps are not enabled by default on client versions of Windows
#

---------------  T H R E A D  ---------------

Current thread (0x00000000021d0800):  JavaThread "Unknown thread" [_thread_in_vm, id=7044, stack(0x0000000002040000,0x0000000002140000)]

Stack: [0x0000000002040000,0x0000000002140000]
[error occurred during error reporting (printing stack bounds), id 0xc0000005]

Native frames: (J=compiled Java code, j=interpreted, Vv=VM code, C=native code)


---------------  P R O C E S S  ---------------

Java Threads: ( => current thread )

Other Threads:

=>0x00000000021d0800 (exited) JavaThread "Unknown thread" [_thread_in_vm, id=7044, stack(0x0000000002040000,0x0000000002140000)]

VM state:not at safepoint (normal execution)

VM Mutex/Monitor currently owned by a thread: None

Heap:
 PSYoungGen      total 18944K, used 327K [0x00000000eab00000, 0x00000000ec000000, 0x0000000100000000)
  eden space 16384K, 2% used [0x00000000eab00000,0x00000000eab51ec8,0x00000000ebb00000)
  from space 2560K, 0% used [0x00000000ebd80000,0x00000000ebd80000,0x00000000ec000000)
  to   space 2560K, 0% used [0x00000000ebb00000,0x00000000ebb00000,0x00000000ebd80000)
 ParOldGen       total 44032K, used 0K [0x00000000c0000000, 0x00000000c2b00000, 0x00000000eab00000)
  object space 44032K, 0% used [0x00000000c0000000,0x00000000c0000000,0x00000000c2b00000)
 Metaspace       used 767K, capacity 4480K, committed 4480K, reserved 1056768K
  class space    used 75K, capacity 384K, committed 384K, reserved 1048576K

Card table byte_map: [0x0000000011690000,0x00000000118a0000] byte_map_base: 0x0000000011090000

Marking Bits: (ParMarkBitMap*) 0x000000006cbaa5b0
 Begin Bits: [0x0000000011e00000, 0x0000000012e00000)
 End Bits:   [0x0000000012e00000, 0x0000000013e00000)

Polling page: 0x0000000001f40000

CodeCache: size=245760Kb used=328Kb max_used=328Kb free=245431Kb
 bounds [0x00000000022d0000, 0x0000000002540000, 0x00000000112d0000]
 total_blobs=57 nmethods=0 adapters=37
 compilation: enabled

Compilation events (0 events):
No events

GC Heap History (0 events):
No events

Deoptimization events (0 events):
No events

Internal exceptions (0 events):
No events

Events (10 events):
Event: 0.041 loading class java/lang/Short
Event: 0.041 loading class java/lang/Short done
Event: 0.041 loading class java/lang/Integer
Event: 0.041 loading class java/lang/Integer done
Event: 0.041 loading class java/lang/Long
Event: 0.041 loading class java/lang/Long done
Event: 0.042 loading class java/lang/NullPointerException
Event: 0.042 loading class java/lang/NullPointerException done
Event: 0.042 loading class java/lang/ArithmeticException
Event: 0.042 loading class java/lang/ArithmeticException done


Dynamic libraries:
0x00007ff719e50000 - 0x00007ff719e87000 	C:\Program Files\Java\jdk1.8.0_66\bin\java.exe
0x00007ffe06600000 - 0x00007ffe067c1000 	C:\Windows\SYSTEM32\ntdll.dll
0x00007ffe03c00000 - 0x00007ffe03cad000 	C:\Windows\system32\KERNEL32.DLL
0x00007ffe03670000 - 0x00007ffe03858000 	C:\Windows\system32\KERNELBASE.dll
0x00007ffe06110000 - 0x00007ffe061b7000 	C:\Windows\system32\ADVAPI32.dll
0x00007ffe06560000 - 0x00007ffe065fd000 	C:\Windows\system32\msvcrt.dll
0x00007ffe05d50000 - 0x00007ffe05dab000 	C:\Windows\system32\sechost.dll
0x00007ffe03ae0000 - 0x00007ffe03bfc000 	C:\Windows\system32\RPCRT4.dll
0x00007ffe05210000 - 0x00007ffe05366000 	C:\Windows\system32\USER32.dll
0x00007ffe059d0000 - 0x00007ffe05b56000 	C:\Windows\system32\GDI32.dll
0x00007ffdf6780000 - 0x00007ffdf69f4000 	C:\Windows\WinSxS\amd64_microsoft.windows.common-controls_6595b64144ccf1df_6.0.10586.0_none_8c15ae12515e1c22\COMCTL32.dll
0x00007ffe05db0000 - 0x00007ffe0602d000 	C:\Windows\system32\combase.dll
0x00007ffe035e0000 - 0x00007ffe0364a000 	C:\Windows\system32\bcryptPrimitives.dll
0x00007ffe05b60000 - 0x00007ffe05b9b000 	C:\Windows\system32\IMM32.DLL
0x000000006bd70000 - 0x000000006be42000 	C:\Program Files\Java\jdk1.8.0_66\jre\bin\msvcr100.dll
0x000000006c3a0000 - 0x000000006cc29000 	C:\Program Files\Java\jdk1.8.0_66\jre\bin\server\jvm.dll
0x00007ffe060a0000 - 0x00007ffe060a8000 	C:\Windows\system32\PSAPI.DLL
0x00007ffdff5f0000 - 0x00007ffdff5f9000 	C:\Windows\SYSTEM32\WSOCK32.dll
0x00007ffe06030000 - 0x00007ffe0609b000 	C:\Windows\system32\WS2_32.dll
0x00007ffe00e50000 - 0x00007ffe00e73000 	C:\Windows\SYSTEM32\WINMM.dll
0x00007ffdf5e50000 - 0x00007ffdf5e5a000 	C:\Windows\SYSTEM32\VERSION.dll
0x00007ffe00df0000 - 0x00007ffe00e1c000 	C:\Windows\SYSTEM32\WINMMBASE.dll
0x00007ffe039b0000 - 0x00007ffe039f3000 	C:\Windows\system32\cfgmgr32.dll
0x000000006c390000 - 0x000000006c39f000 	C:\Program Files\Java\jdk1.8.0_66\jre\bin\verify.dll
0x000000006c360000 - 0x000000006c389000 	C:\Program Files\Java\jdk1.8.0_66\jre\bin\java.dll
0x000000006c340000 - 0x000000006c356000 	C:\Program Files\Java\jdk1.8.0_66\jre\bin\zip.dll

VM Arguments:
jvm_args: -Djava.awt.headless=true -Xmx1024M -Dfile.encoding=windows-1252 -Duser.country=IT -Duser.language=it -Duser.variant 
java_command: com.android.dx.command.Main --dex --num-threads=4 --output C:\Users\Davide\AndroidStudioProjects\MioMeteo\app\build\intermediates\pre-dexed\debug\internal_impl-23.4.0_ccb40db8ecd3cf978bb37c3b2c07e9999c472974.jar C:\Users\Davide\AndroidStudioProjects\MioMeteo\app\build\intermediates\exploded-aar\com.android.support\support-v4\23.4.0\jars\libs\internal_impl-23.4.0.jar
java_class_path (initial): C:\Users\Davide\AppData\Local\Android\sdk\build-tools\23.0.3\lib\dx.jar
Launcher Type: SUN_STANDARD

Environment Variables:
PATH=C:\ProgramData\Oracle\Java\javapath;C:\Program Files (x86)\Intel\iCLS Client\;C:\Program Files\Intel\iCLS Client\;C:\Windows\system32;C:\Windows;C:\Windows\System32\Wbem;C:\Windows\System32\WindowsPowerShell\v1.0\;c:\Program Files\Intel\WiFi\bin\;c:\Program Files\Common Files\Intel\WirelessCommon\;C:\Program Files\Intel\Intel(R) Management Engine Components\DAL;C:\Program Files (x86)\Intel\Intel(R) Management Engine Components\DAL;C:\Program Files\Intel\Intel(R) Management Engine Components\IPT;C:\Program Files (x86)\Intel\Intel(R) Management Engine Components\IPT;C:\Program Files\Hewlett-Packard\SimplePass\;C:\Program Files\Java\jdk1.8.0_66\bin;C:\Program Files\TortoiseSVN\bin;C:\Program Files (x86)\MySQL\MySQL Fabric 1.5 & MySQL Utilities 1.5\;C:\Program Files (x86)\MySQL\MySQL Fabric 1.5 & MySQL Utilities 1.5\Doctrine extensions for PHP\;C:\Program Files (x86)\Skype\Phone\
USERNAME=Davide
OS=Windows_NT
PROCESSOR_IDENTIFIER=Intel64 Family 6 Model 61 Stepping 4, GenuineIntel



---------------  S Y S T E M  ---------------

OS: Windows 10.0 , 64 bit Build 10586 (10.0.10586.0)

CPU:total 4 (2 cores per cpu, 2 threads per core) family 6 model 61 stepping 4, cmov, cx8, fxsr, mmx, sse, sse2, sse3, ssse3, sse4.1, sse4.2, popcnt, avx, avx2, aes, clmul, erms, 3dnowpref, lzcnt, ht, tsc, tscinvbit, bmi1, bmi2, adx

Memory: 4k page, physical 4109328k(313320k free), swap 5157904k(5996k free)

vm_info: Java HotSpot(TM) 64-Bit Server VM (25.66-b18) for windows-amd64 JRE (1.8.0_66-b18), built on Nov  9 2015 10:51:13 by "java_re" with MS VC++ 10.0 (VS2010)

time: Sun May 22 21:30:46 2016
elapsed time: 0 seconds (0d 0h 0m 0s)

