#
# There is insufficient memory for the Java Runtime Environment to continue.
# Native memory allocation (malloc) failed to allocate 32744 bytes for ChunkPool::allocate
# Possible reasons:
#   The system is out of physical RAM or swap space
#   In 32 bit mode, the process size limit was hit
# Possible solutions:
#   Reduce memory load on the system
#   Increase physical memory or swap space
#   Check if swap backing store is full
#   Use 64 bit Java on a 64 bit OS
#   Decrease Java heap size (-Xmx/-Xms)
#   Decrease number of Java threads
#   Decrease Java thread stack sizes (-Xss)
#   Set larger code cache with -XX:ReservedCodeCacheSize=
# This output file may be truncated or incomplete.
#
#  Out of Memory Error (allocation.cpp:273), pid=844, tid=4296
#
# JRE version: Java(TM) SE Runtime Environment (8.0_66-b18) (build 1.8.0_66-b18)
# Java VM: Java HotSpot(TM) 64-Bit Server VM (25.66-b18 mixed mode windows-amd64 compressed oops)
# Failed to write core dump. Minidumps are not enabled by default on client versions of Windows
#

---------------  T H R E A D  ---------------

Current thread (0x0000000014ab0000):  JavaThread "C2 CompilerThread1" daemon [_thread_in_native, id=4296, stack(0x0000000016200000,0x0000000016300000)]

Stack: [0x0000000016200000,0x0000000016300000]
[error occurred during error reporting (printing stack bounds), id 0xc0000005]

Native frames: (J=compiled Java code, j=interpreted, Vv=VM code, C=native code)


Current CompileTask:
C2:  18537 2397   !   4       com.android.dx.cf.code.Ropper::processBlock (1101 bytes)


---------------  P R O C E S S  ---------------

Java Threads: ( => current thread )
  0x0000000016578000 JavaThread "pool-2-thread-4" [_thread_blocked, id=7192, stack(0x0000000016e00000,0x0000000016f00000)]
  0x0000000016577000 JavaThread "pool-2-thread-3" [_thread_in_Java, id=1236, stack(0x0000000016d00000,0x0000000016e00000)]
  0x0000000016576800 JavaThread "pool-2-thread-2" [_thread_blocked, id=240, stack(0x0000000016c00000,0x0000000016d00000)]
  0x0000000016573800 JavaThread "pool-3-thread-1" [_thread_blocked, id=1184, stack(0x0000000016b00000,0x0000000016c00000)]
  0x0000000016564000 JavaThread "pool-2-thread-1" [_thread_in_Java, id=7228, stack(0x0000000016a00000,0x0000000016b00000)]
  0x0000000016314000 JavaThread "Service Thread" daemon [_thread_blocked, id=2340, stack(0x0000000016800000,0x0000000016900000)]
  0x0000000016308800 JavaThread "C1 CompilerThread2" daemon [_thread_blocked, id=5360, stack(0x0000000016700000,0x0000000016800000)]
=>0x0000000014ab0000 JavaThread "C2 CompilerThread1" daemon [_thread_in_native, id=4296, stack(0x0000000016200000,0x0000000016300000)]
  0x0000000014aad000 JavaThread "C2 CompilerThread0" daemon [_thread_in_native, id=5576, stack(0x0000000016100000,0x0000000016200000)]
  0x0000000014aab000 JavaThread "Attach Listener" daemon [_thread_blocked, id=7632, stack(0x0000000016000000,0x0000000016100000)]
  0x0000000014aaa000 JavaThread "Signal Dispatcher" daemon [_thread_blocked, id=6532, stack(0x0000000015f00000,0x0000000016000000)]
  0x00000000023d6000 JavaThread "Finalizer" daemon [_thread_blocked, id=2384, stack(0x0000000015d00000,0x0000000015e00000)]
  0x00000000023cd800 JavaThread "Reference Handler" daemon [_thread_blocked, id=6156, stack(0x0000000015c00000,0x0000000015d00000)]
  0x00000000022e0800 JavaThread "main" [_thread_in_vm, id=8172, stack(0x0000000002120000,0x0000000002220000)]

Other Threads:
  0x0000000014a78800 VMThread [stack: 0x0000000015b00000,0x0000000015c00000] [id=436]
  0x000000001630f000 WatcherThread [stack: 0x0000000016900000,0x0000000016a00000] [id=8176]

VM state:not at safepoint (normal execution)

VM Mutex/Monitor currently owned by a thread: None

Heap:
 PSYoungGen      total 143872K, used 107179K [0x00000000eab00000, 0x00000000f5000000, 0x0000000100000000)
  eden space 128000K, 72% used [0x00000000eab00000,0x00000000f056a8f0,0x00000000f2800000)
  from space 15872K, 91% used [0x00000000f3a80000,0x00000000f48c0380,0x00000000f4a00000)
  to   space 18944K, 0% used [0x00000000f2800000,0x00000000f2800000,0x00000000f3a80000)
 ParOldGen       total 44032K, used 23896K [0x00000000c0000000, 0x00000000c2b00000, 0x00000000eab00000)
  object space 44032K, 54% used [0x00000000c0000000,0x00000000c17562b0,0x00000000c2b00000)
 Metaspace       used 6424K, capacity 7218K, committed 7296K, reserved 1056768K
  class space    used 599K, capacity 618K, committed 640K, reserved 1048576K

Card table byte_map: [0x00000000117a0000,0x00000000119b0000] byte_map_base: 0x00000000111a0000

Marking Bits: (ParMarkBitMap*) 0x00000000706fa5b0
 Begin Bits: [0x0000000011f10000, 0x0000000012f10000)
 End Bits:   [0x0000000012f10000, 0x0000000013f10000)

Polling page: 0x0000000000510000

CodeCache: size=245760Kb used=11228Kb max_used=11253Kb free=234531Kb
 bounds [0x00000000023e0000, 0x0000000002ef0000, 0x00000000113e0000]
 total_blobs=2535 nmethods=2265 adapters=182
 compilation: enabled

Compilation events (10 events):
Event: 18.094 Thread 0x0000000016308800 2418       3       com.android.dx.cf.code.SwitchList::<init> (37 bytes)
Event: 18.095 Thread 0x0000000016308800 nmethod 2418 0x0000000002ea7a50 code [0x0000000002ea7be0, 0x0000000002ea7f78]
Event: 18.095 Thread 0x0000000016308800 2419       3       com.android.dx.cf.code.SwitchList::setDefaultTarget (51 bytes)
Event: 18.096 Thread 0x0000000016308800 nmethod 2419 0x0000000002ea6fd0 code [0x0000000002ea71a0, 0x0000000002ea7818]
Event: 18.096 Thread 0x0000000016308800 2420       3       com.android.dx.cf.code.SwitchList::removeSuperfluousDefaults (149 bytes)
Event: 18.097 Thread 0x0000000016308800 nmethod 2420 0x0000000002ed7650 code [0x0000000002ed7880, 0x0000000002ed84f8]
Event: 18.097 Thread 0x0000000016308800 2421       3       com.android.dx.cf.code.SwitchList::setImmutable (19 bytes)
Event: 18.097 Thread 0x0000000016308800 nmethod 2421 0x0000000002ed89d0 code [0x0000000002ed8b40, 0x0000000002ed8ed0]
Event: 18.332 Thread 0x0000000014aad000 nmethod 2407 0x0000000002edf190 code [0x0000000002edf5e0, 0x0000000002ee2988]
Event: 18.333 Thread 0x0000000014aad000 2414   !   4       com.android.dx.cf.code.RopperMachine::run (1550 bytes)

GC Heap History (10 events):
Event: 1.578 GC heap before
{Heap before GC invocations=2 (full 0):
 PSYoungGen      total 18944K, used 17508K [0x00000000eab00000, 0x00000000ed000000, 0x0000000100000000)
  eden space 16384K, 100% used [0x00000000eab00000,0x00000000ebb00000,0x00000000ebb00000)
  from space 2560K, 43% used [0x00000000ebb00000,0x00000000ebc19290,0x00000000ebd80000)
  to   space 2560K, 0% used [0x00000000ecd80000,0x00000000ecd80000,0x00000000ed000000)
 ParOldGen       total 44032K, used 8K [0x00000000c0000000, 0x00000000c2b00000, 0x00000000eab00000)
  object space 44032K, 0% used [0x00000000c0000000,0x00000000c0002000,0x00000000c2b00000)
 Metaspace       used 5825K, capacity 6768K, committed 7040K, reserved 1056768K
  class space    used 595K, capacity 616K, committed 640K, reserved 1048576K
Event: 1.623 GC heap after
Heap after GC invocations=2 (full 0):
 PSYoungGen      total 35328K, used 2551K [0x00000000eab00000, 0x00000000ed000000, 0x0000000100000000)
  eden space 32768K, 0% used [0x00000000eab00000,0x00000000eab00000,0x00000000ecb00000)
  from space 2560K, 99% used [0x00000000ecd80000,0x00000000ecffdc80,0x00000000ed000000)
  to   space 2560K, 0% used [0x00000000ecb00000,0x00000000ecb00000,0x00000000ecd80000)
 ParOldGen       total 44032K, used 2027K [0x00000000c0000000, 0x00000000c2b00000, 0x00000000eab00000)
  object space 44032K, 4% used [0x00000000c0000000,0x00000000c01fae70,0x00000000c2b00000)
 Metaspace       used 5825K, capacity 6768K, committed 7040K, reserved 1056768K
  class space    used 595K, capacity 616K, committed 640K, reserved 1048576K
}
Event: 3.174 GC heap before
{Heap before GC invocations=3 (full 0):
 PSYoungGen      total 35328K, used 35319K [0x00000000eab00000, 0x00000000ed000000, 0x0000000100000000)
  eden space 32768K, 100% used [0x00000000eab00000,0x00000000ecb00000,0x00000000ecb00000)
  from space 2560K, 99% used [0x00000000ecd80000,0x00000000ecffdc80,0x00000000ed000000)
  to   space 2560K, 0% used [0x00000000ecb00000,0x00000000ecb00000,0x00000000ecd80000)
 ParOldGen       total 44032K, used 2027K [0x00000000c0000000, 0x00000000c2b00000, 0x00000000eab00000)
  object space 44032K, 4% used [0x00000000c0000000,0x00000000c01fae70,0x00000000c2b00000)
 Metaspace       used 6196K, capacity 7088K, committed 7296K, reserved 1056768K
  class space    used 596K, capacity 616K, committed 640K, reserved 1048576K
Event: 3.222 GC heap after
Heap after GC invocations=3 (full 0):
 PSYoungGen      total 35328K, used 2546K [0x00000000eab00000, 0x00000000ef000000, 0x0000000100000000)
  eden space 32768K, 0% used [0x00000000eab00000,0x00000000eab00000,0x00000000ecb00000)
  from space 2560K, 99% used [0x00000000ecb00000,0x00000000ecd7cbd0,0x00000000ecd80000)
  to   space 2560K, 0% used [0x00000000eed80000,0x00000000eed80000,0x00000000ef000000)
 ParOldGen       total 44032K, used 7234K [0x00000000c0000000, 0x00000000c2b00000, 0x00000000eab00000)
  object space 44032K, 16% used [0x00000000c0000000,0x00000000c0710ab8,0x00000000c2b00000)
 Metaspace       used 6196K, capacity 7088K, committed 7296K, reserved 1056768K
  class space    used 596K, capacity 616K, committed 640K, reserved 1048576K
}
Event: 5.813 GC heap before
{Heap before GC invocations=4 (full 0):
 PSYoungGen      total 35328K, used 35314K [0x00000000eab00000, 0x00000000ef000000, 0x0000000100000000)
  eden space 32768K, 100% used [0x00000000eab00000,0x00000000ecb00000,0x00000000ecb00000)
  from space 2560K, 99% used [0x00000000ecb00000,0x00000000ecd7cbd0,0x00000000ecd80000)
  to   space 2560K, 0% used [0x00000000eed80000,0x00000000eed80000,0x00000000ef000000)
 ParOldGen       total 44032K, used 7234K [0x00000000c0000000, 0x00000000c2b00000, 0x00000000eab00000)
  object space 44032K, 16% used [0x00000000c0000000,0x00000000c0710ab8,0x00000000c2b00000)
 Metaspace       used 6265K, capacity 7088K, committed 7296K, reserved 1056768K
  class space    used 596K, capacity 616K, committed 640K, reserved 1048576K
Event: 5.929 GC heap after
Heap after GC invocations=4 (full 0):
 PSYoungGen      total 68096K, used 2555K [0x00000000eab00000, 0x00000000ef000000, 0x0000000100000000)
  eden space 65536K, 0% used [0x00000000eab00000,0x00000000eab00000,0x00000000eeb00000)
  from space 2560K, 99% used [0x00000000eed80000,0x00000000eeffecc8,0x00000000ef000000)
  to   space 2560K, 0% used [0x00000000eeb00000,0x00000000eeb00000,0x00000000eed80000)
 ParOldGen       total 44032K, used 12585K [0x00000000c0000000, 0x00000000c2b00000, 0x00000000eab00000)
  object space 44032K, 28% used [0x00000000c0000000,0x00000000c0c4a480,0x00000000c2b00000)
 Metaspace       used 6265K, capacity 7088K, committed 7296K, reserved 1056768K
  class space    used 596K, capacity 616K, committed 640K, reserved 1048576K
}
Event: 9.281 GC heap before
{Heap before GC invocations=5 (full 0):
 PSYoungGen      total 68096K, used 68091K [0x00000000eab00000, 0x00000000ef000000, 0x0000000100000000)
  eden space 65536K, 100% used [0x00000000eab00000,0x00000000eeb00000,0x00000000eeb00000)
  from space 2560K, 99% used [0x00000000eed80000,0x00000000eeffecc8,0x00000000ef000000)
  to   space 2560K, 0% used [0x00000000eeb00000,0x00000000eeb00000,0x00000000eed80000)
 ParOldGen       total 44032K, used 12585K [0x00000000c0000000, 0x00000000c2b00000, 0x00000000eab00000)
  object space 44032K, 28% used [0x00000000c0000000,0x00000000c0c4a480,0x00000000c2b00000)
 Metaspace       used 6342K, capacity 7152K, committed 7296K, reserved 1056768K
  class space    used 597K, capacity 616K, committed 640K, reserved 1048576K
Event: 9.437 GC heap after
Heap after GC invocations=5 (full 0):
 PSYoungGen      total 68096K, used 2539K [0x00000000eab00000, 0x00000000f4a00000, 0x0000000100000000)
  eden space 65536K, 0% used [0x00000000eab00000,0x00000000eab00000,0x00000000eeb00000)
  from space 2560K, 99% used [0x00000000eeb00000,0x00000000eed7acd8,0x00000000eed80000)
  to   space 15872K, 0% used [0x00000000f3a80000,0x00000000f3a80000,0x00000000f4a00000)
 ParOldGen       total 44032K, used 23896K [0x00000000c0000000, 0x00000000c2b00000, 0x00000000eab00000)
  object space 44032K, 54% used [0x00000000c0000000,0x00000000c17562b0,0x00000000c2b00000)
 Metaspace       used 6342K, capacity 7152K, committed 7296K, reserved 1056768K
  class space    used 597K, capacity 616K, committed 640K, reserved 1048576K
}
Event: 14.557 GC heap before
{Heap before GC invocations=6 (full 0):
 PSYoungGen      total 68096K, used 68075K [0x00000000eab00000, 0x00000000f4a00000, 0x0000000100000000)
  eden space 65536K, 100% used [0x00000000eab00000,0x00000000eeb00000,0x00000000eeb00000)
  from space 2560K, 99% used [0x00000000eeb00000,0x00000000eed7acd8,0x00000000eed80000)
  to   space 15872K, 0% used [0x00000000f3a80000,0x00000000f3a80000,0x00000000f4a00000)
 ParOldGen       total 44032K, used 23896K [0x00000000c0000000, 0x00000000c2b00000, 0x00000000eab00000)
  object space 44032K, 54% used [0x00000000c0000000,0x00000000c17562b0,0x00000000c2b00000)
 Metaspace       used 6399K, capacity 7152K, committed 7296K, reserved 1056768K
  class space    used 597K, capacity 616K, committed 640K, reserved 1048576K
Event: 15.155 GC heap after
Heap after GC invocations=6 (full 0):
 PSYoungGen      total 143872K, used 14592K [0x00000000eab00000, 0x00000000f5000000, 0x0000000100000000)
  eden space 128000K, 0% used [0x00000000eab00000,0x00000000eab00000,0x00000000f2800000)
  from space 15872K, 91% used [0x00000000f3a80000,0x00000000f48c0380,0x00000000f4a00000)
  to   space 18944K, 0% used [0x00000000f2800000,0x00000000f2800000,0x00000000f3a80000)
 ParOldGen       total 44032K, used 23896K [0x00000000c0000000, 0x00000000c2b00000, 0x00000000eab00000)
  object space 44032K, 54% used [0x00000000c0000000,0x00000000c17562b0,0x00000000c2b00000)
 Metaspace       used 6399K, capacity 7152K, committed 7296K, reserved 1056768K
  class space    used 597K, capacity 616K, committed 640K, reserved 1048576K
}

Deoptimization events (10 events):
Event: 17.467 Thread 0x0000000016578000 Uncommon trap: reason=bimorphic action=maybe_recompile pc=0x0000000002b82348 method=com.android.dx.cf.code.BytecodeArray.parseInstruction(ILcom/android/dx/cf/code/BytecodeArray$Visitor;)I @ 1501
Event: 17.468 Thread 0x0000000016578000 Uncommon trap: reason=bimorphic action=maybe_recompile pc=0x0000000002a40768 method=com.android.dx.ssa.LiteralOpUpgrader.tryReplacingWithConstant(Lcom/android/dx/ssa/NormalSsaInsn;)Z @ 62
Event: 17.468 Thread 0x0000000016578000 Uncommon trap: reason=bimorphic action=maybe_recompile pc=0x0000000002a40768 method=com.android.dx.ssa.LiteralOpUpgrader.tryReplacingWithConstant(Lcom/android/dx/ssa/NormalSsaInsn;)Z @ 62
Event: 17.473 Thread 0x0000000016578000 Uncommon trap: reason=class_check action=maybe_recompile pc=0x0000000002c70ec8 method=com.android.dx.ssa.ConstCollector.getConstsSortedByCountUse()Ljava/util/ArrayList; @ 168
Event: 17.527 Thread 0x0000000016577000 Uncommon trap: reason=unstable_if action=reinterpret pc=0x0000000002c21e54 method=com.android.dx.ssa.SCCP.simulateStmt(Lcom/android/dx/ssa/SsaInsn;)V @ 59
Event: 17.537 Thread 0x0000000016577000 Uncommon trap: reason=unstable_if action=reinterpret pc=0x0000000002cbf8f8 method=com.android.dx.ssa.Dominators.run()V @ 346
Event: 17.619 Thread 0x0000000016576800 Uncommon trap: reason=unstable_if action=reinterpret pc=0x0000000002dec84c method=com.android.dx.dex.code.RopTranslator.pickOrder()V @ 130
Event: 17.926 Thread 0x0000000016578000 Uncommon trap: reason=class_check action=maybe_recompile pc=0x0000000002c70ec8 method=com.android.dx.ssa.ConstCollector.getConstsSortedByCountUse()Ljava/util/ArrayList; @ 168
Event: 18.001 Thread 0x00000000022e0800 Uncommon trap: reason=bimorphic action=maybe_recompile pc=0x0000000002ebd3a4 method=com.android.dx.cf.code.BytecodeArray.parseInstruction(ILcom/android/dx/cf/code/BytecodeArray$Visitor;)I @ 2135
Event: 18.001 Thread 0x00000000022e0800 Uncommon trap: reason=bimorphic action=maybe_recompile pc=0x0000000002ebd3a4 method=com.android.dx.cf.code.BytecodeArray.parseInstruction(ILcom/android/dx/cf/code/BytecodeArray$Visitor;)I @ 2135

Internal exceptions (5 events):
Event: 0.085 Thread 0x00000000022e0800 Exception <a 'java/lang/NoSuchMethodError': Method sun.misc.Unsafe.defineClass(Ljava/lang/String;[BII)Ljava/lang/Class; name or signature does not match> (0x00000000eab0d688) thrown at [C:\re\workspace\8-2-build-windows-amd64-cygwin\jdk8u66\5298\hotspot\sr²•mÁµ?
Event: 0.085 Thread 0x00000000022e0800 Exception <a 'java/lang/NoSuchMethodError': Method sun.misc.Unsafe.prefetchRead(Ljava/lang/Object;J)V name or signature does not match> (0x00000000eab0d970) thrown at [C:\re\workspace\8-2-build-windows-amd64-cygwin\jdk8u66\5298\hotspot\src\share\vm\prims\jAÏ/ ¯@
Event: 3.085 Thread 0x0000000016578000 Implicit null exception at 0x00000000027ac522 to 0x00000000027ac61a
Event: 6.452 Thread 0x0000000016577000 Implicit null exception at 0x00000000027cf389 to 0x00000000027d00b1
Event: 17.364 Thread 0x0000000016577000 Implicit null exception at 0x000000000281a9c4 to 0x000000000281b919

Events (10 events):
Event: 18.001 Thread 0x00000000022e0800 Uncommon trap: trap_request=0xffffffc6 fr.pc=0x0000000002ebd3a4
Event: 18.001 Thread 0x00000000022e0800 DEOPT PACKING pc=0x0000000002ebd3a4 sp=0x000000000221dd60
Event: 18.001 Thread 0x00000000022e0800 DEOPT UNPACKING pc=0x000000000242582a sp=0x000000000221dcf0 mode 2
Event: 18.001 Thread 0x00000000022e0800 Uncommon trap: trap_request=0xffffffc6 fr.pc=0x0000000002ebd3a4
Event: 18.001 Thread 0x00000000022e0800 DEOPT PACKING pc=0x0000000002ebd3a4 sp=0x000000000221dd60
Event: 18.001 Thread 0x00000000022e0800 DEOPT UNPACKING pc=0x000000000242582a sp=0x000000000221dcf0 mode 2
Event: 18.049 Thread 0x0000000016577000 DEOPT PACKING pc=0x0000000002e9a7f2 sp=0x0000000016dfe800
Event: 18.049 Thread 0x0000000016577000 DEOPT UNPACKING pc=0x000000000242787f sp=0x0000000016dfe640 mode 0
Event: 18.135 Thread 0x0000000016578000 DEOPT PACKING pc=0x0000000002e9a7f2 sp=0x0000000016efe9f0
Event: 18.135 Thread 0x0000000016578000 DEOPT UNPACKING pc=0x000000000242787f sp=0x0000000016efe830 mode 0


Dynamic libraries:
0x00007ff70ceb0000 - 0x00007ff70cee7000 	C:\Program Files\Java\jdk1.8.0_66\bin\java.exe
0x00007ffc330c0000 - 0x00007ffc33281000 	C:\Windows\SYSTEM32\ntdll.dll
0x00007ffc31ad0000 - 0x00007ffc31b7d000 	C:\Windows\system32\KERNEL32.DLL
0x00007ffc30130000 - 0x00007ffc30318000 	C:\Windows\system32\KERNELBASE.dll
0x00007ffc304c0000 - 0x00007ffc30567000 	C:\Windows\system32\ADVAPI32.dll
0x00007ffc32ed0000 - 0x00007ffc32f6d000 	C:\Windows\system32\msvcrt.dll
0x00007ffc31dd0000 - 0x00007ffc31e2b000 	C:\Windows\system32\sechost.dll
0x00007ffc320b0000 - 0x00007ffc321cc000 	C:\Windows\system32\RPCRT4.dll
0x00007ffc31f50000 - 0x00007ffc320a6000 	C:\Windows\system32\USER32.dll
0x00007ffc32800000 - 0x00007ffc32986000 	C:\Windows\system32\GDI32.dll
0x00007ffc24db0000 - 0x00007ffc25024000 	C:\Windows\WinSxS\amd64_microsoft.windows.common-controls_6595b64144ccf1df_6.0.10586.0_none_8c15ae12515e1c22\COMCTL32.dll
0x00007ffc32aa0000 - 0x00007ffc32d1d000 	C:\Windows\system32\combase.dll
0x00007ffc30390000 - 0x00007ffc303fa000 	C:\Windows\system32\bcryptPrimitives.dll
0x00007ffc329f0000 - 0x00007ffc32a2b000 	C:\Windows\system32\IMM32.DLL
0x000000006fa70000 - 0x000000006fb42000 	C:\Program Files\Java\jdk1.8.0_66\jre\bin\msvcr100.dll
0x000000006fef0000 - 0x0000000070779000 	C:\Program Files\Java\jdk1.8.0_66\jre\bin\server\jvm.dll
0x00007ffc31e30000 - 0x00007ffc31e38000 	C:\Windows\system32\PSAPI.DLL
0x00007ffc2bf40000 - 0x00007ffc2bf49000 	C:\Windows\SYSTEM32\WSOCK32.dll
0x00007ffc2de10000 - 0x00007ffc2de33000 	C:\Windows\SYSTEM32\WINMM.dll
0x00007ffc233d0000 - 0x00007ffc233da000 	C:\Windows\SYSTEM32\VERSION.dll
0x00007ffc31c30000 - 0x00007ffc31c9b000 	C:\Windows\system32\WS2_32.dll
0x00007ffc2ddb0000 - 0x00007ffc2dddc000 	C:\Windows\SYSTEM32\WINMMBASE.dll
0x00007ffc30340000 - 0x00007ffc30383000 	C:\Windows\system32\cfgmgr32.dll
0x000000006fee0000 - 0x000000006feef000 	C:\Program Files\Java\jdk1.8.0_66\jre\bin\verify.dll
0x000000006feb0000 - 0x000000006fed9000 	C:\Program Files\Java\jdk1.8.0_66\jre\bin\java.dll
0x000000006fe90000 - 0x000000006fea6000 	C:\Program Files\Java\jdk1.8.0_66\jre\bin\zip.dll
0x00007ffc30570000 - 0x00007ffc31acc000 	C:\Windows\system32\SHELL32.dll
0x00007ffc2fae0000 - 0x00007ffc30124000 	C:\Windows\system32\windows.storage.dll
0x00007ffc32a30000 - 0x00007ffc32a82000 	C:\Windows\system32\shlwapi.dll
0x00007ffc2f760000 - 0x00007ffc2f76f000 	C:\Windows\system32\kernel.appcore.dll
0x00007ffc30400000 - 0x00007ffc304b5000 	C:\Windows\system32\shcore.dll
0x00007ffc2f710000 - 0x00007ffc2f75b000 	C:\Windows\system32\powrprof.dll
0x00007ffc2f6f0000 - 0x00007ffc2f704000 	C:\Windows\system32\profapi.dll

VM Arguments:
jvm_args: -Djava.awt.headless=true -Xmx1024M -Dfile.encoding=windows-1252 -Duser.country=IT -Duser.language=it -Duser.variant 
java_command: com.android.dx.command.Main --dex --force-jumbo --num-threads=4 --multi-dex --output C:\Users\Davide\AndroidStudioProjects\MioMeteo\app\build\intermediates\transforms\dex\debug\folders\1000\10\com.google.android.gms-play-services-base-7.8.0_583b31bc99ed3604f6a7d14c44b4c6a18744cc6c C:\Users\Davide\AndroidStudioProjects\MioMeteo\app\build\intermediates\exploded-aar\com.google.android.gms\play-services-base\7.8.0\jars\classes.jar
java_class_path (initial): C:\Users\Davide\AppData\Local\Android\sdk\build-tools\23.0.3\lib\dx.jar
Launcher Type: SUN_STANDARD

Environment Variables:
PATH=C:\ProgramData\Oracle\Java\javapath;C:\Program Files (x86)\Intel\iCLS Client\;C:\Program Files\Intel\iCLS Client\;C:\Windows\system32;C:\Windows;C:\Windows\System32\Wbem;C:\Windows\System32\WindowsPowerShell\v1.0\;c:\Program Files\Intel\WiFi\bin\;c:\Program Files\Common Files\Intel\WirelessCommon\;C:\Program Files\Intel\Intel(R) Management Engine Components\DAL;C:\Program Files (x86)\Intel\Intel(R) Management Engine Components\DAL;C:\Program Files\Intel\Intel(R) Management Engine Components\IPT;C:\Program Files (x86)\Intel\Intel(R) Management Engine Components\IPT;C:\Program Files\Hewlett-Packard\SimplePass\;C:\Program Files\Java\jdk1.8.0_66\bin;C:\Program Files\TortoiseSVN\bin;C:\Program Files (x86)\MySQL\MySQL Fabric 1.5 & MySQL Utilities 1.5\;C:\Program Files (x86)\MySQL\MySQL Fabric 1.5 & MySQL Utilities 1.5\Doctrine extensions for PHP\;C:\Program Files (x86)\Skype\Phone\
USERNAME=Davide
OS=Windows_NT
PROCESSOR_IDENTIFIER=Intel64 Family 6 Model 61 Stepping 4, GenuineIntel



---------------  S Y S T E M  ---------------

OS: Windows 10.0 , 64 bit Build 10586 (10.0.10586.0)

CPU:total 4 (2 cores per cpu, 2 threads per core) family 6 model 61 stepping 4, cmov, cx8, fxsr, mmx, sse, sse2, sse3, ssse3, sse4.1, sse4.2, popcnt, avx, avx2, aes, clmul, erms, 3dnowpref, lzcnt, ht, tsc, tscinvbit, bmi1, bmi2, adx

Memory: 4k page, physical 4109328k(180456k free), swap 5157904k(5140k free)

vm_info: Java HotSpot(TM) 64-Bit Server VM (25.66-b18) for windows-amd64 JRE (1.8.0_66-b18), built on Nov  9 2015 10:51:13 by "java_re" with MS VC++ 10.0 (VS2010)

time: Fri May 20 23:18:55 2016
elapsed time: 18 seconds (0d 0h 0m 18s)

