#
# There is insufficient memory for the Java Runtime Environment to continue.
# Native memory allocation (malloc) failed to allocate 157456 bytes for Chunk::new
# Possible reasons:
#   The system is out of physical RAM or swap space
#   In 32 bit mode, the process size limit was hit
# Possible solutions:
#   Reduce memory load on the system
#   Increase physical memory or swap space
#   Check if swap backing store is full
#   Use 64 bit Java on a 64 bit OS
#   Decrease Java heap size (-Xmx/-Xms)
#   Decrease number of Java threads
#   Decrease Java thread stack sizes (-Xss)
#   Set larger code cache with -XX:ReservedCodeCacheSize=
# This output file may be truncated or incomplete.
#
#  Out of Memory Error (allocation.cpp:390), pid=7656, tid=2488
#
# JRE version: Java(TM) SE Runtime Environment (8.0_66-b18) (build 1.8.0_66-b18)
# Java VM: Java HotSpot(TM) 64-Bit Server VM (25.66-b18 mixed mode windows-amd64 compressed oops)
# Failed to write core dump. Minidumps are not enabled by default on client versions of Windows
#

---------------  T H R E A D  ---------------

Current thread (0x0000000014a09000):  JavaThread "C2 CompilerThread1" daemon [_thread_in_native, id=2488, stack(0x0000000016110000,0x0000000016210000)]

Stack: [0x0000000016110000,0x0000000016210000]
[error occurred during error reporting (printing stack bounds), id 0xc0000005]

Native frames: (J=compiled Java code, j=interpreted, Vv=VM code, C=native code)


Current CompileTask:
C2:   9928 2114 %     4       sun.security.provider.SHA::implCompress @ 122 (491 bytes)


---------------  P R O C E S S  ---------------

Java Threads: ( => current thread )
  0x0000000016315800 JavaThread "Service Thread" daemon [_thread_blocked, id=7780, stack(0x0000000016710000,0x0000000016810000)]
  0x0000000014a0c000 JavaThread "C1 CompilerThread2" daemon [_thread_blocked, id=8076, stack(0x0000000016210000,0x0000000016310000)]
=>0x0000000014a09000 JavaThread "C2 CompilerThread1" daemon [_thread_in_native, id=2488, stack(0x0000000016110000,0x0000000016210000)]
  0x00000000149ac800 JavaThread "C2 CompilerThread0" daemon [_thread_blocked, id=796, stack(0x0000000016010000,0x0000000016110000)]
  0x00000000149aa800 JavaThread "Attach Listener" daemon [_thread_blocked, id=3344, stack(0x0000000015f10000,0x0000000016010000)]
  0x00000000149a9800 JavaThread "Signal Dispatcher" daemon [_thread_blocked, id=3984, stack(0x0000000015e10000,0x0000000015f10000)]
  0x00000000022d1000 JavaThread "Finalizer" daemon [_thread_blocked, id=2084, stack(0x0000000015c10000,0x0000000015d10000)]
  0x0000000014978800 JavaThread "Reference Handler" daemon [_thread_blocked, id=940, stack(0x0000000015b10000,0x0000000015c10000)]
  0x00000000021e0800 JavaThread "main" [_thread_in_vm, id=944, stack(0x00000000020d0000,0x00000000021d0000)]

Other Threads:
  0x0000000014977000 VMThread [stack: 0x0000000015a10000,0x0000000015b10000] [id=5908]
  0x0000000016329800 WatcherThread [stack: 0x0000000016810000,0x0000000016910000] [id=5628]

VM state:not at safepoint (normal execution)

VM Mutex/Monitor currently owned by a thread: None

Heap:
 PSYoungGen      total 35328K, used 29330K [0x00000000eab00000, 0x00000000ef000000, 0x0000000100000000)
  eden space 32768K, 81% used [0x00000000eab00000,0x00000000ec524930,0x00000000ecb00000)
  from space 2560K, 100% used [0x00000000ecb00000,0x00000000ecd80000,0x00000000ecd80000)
  to   space 2560K, 0% used [0x00000000eed80000,0x00000000eed80000,0x00000000ef000000)
 ParOldGen       total 44032K, used 8945K [0x00000000c0000000, 0x00000000c2b00000, 0x00000000eab00000)
  object space 44032K, 20% used [0x00000000c0000000,0x00000000c08bc710,0x00000000c2b00000)
 Metaspace       used 6852K, capacity 7448K, committed 7680K, reserved 1056768K
  class space    used 647K, capacity 656K, committed 768K, reserved 1048576K

Card table byte_map: [0x00000000116a0000,0x00000000118b0000] byte_map_base: 0x00000000110a0000

Marking Bits: (ParMarkBitMap*) 0x000000006fc1a5b0
 Begin Bits: [0x0000000011e10000, 0x0000000012e10000)
 End Bits:   [0x0000000012e10000, 0x0000000013e10000)

Polling page: 0x0000000000430000

CodeCache: size=245760Kb used=8518Kb max_used=8522Kb free=237241Kb
 bounds [0x00000000022e0000, 0x0000000002b40000, 0x00000000112e0000]
 total_blobs=2345 nmethods=2070 adapters=187
 compilation: enabled

Compilation events (10 events):
Event: 9.915 Thread 0x0000000014a0c000 2110       3       java.lang.Integer::reverseBytes (26 bytes)
Event: 9.915 Thread 0x0000000014a0c000 nmethod 2110 0x0000000002b2ad90 code [0x0000000002b2aee0, 0x0000000002b2b030]
Event: 9.917 Thread 0x0000000014a09000 2111       4       java.lang.Integer::reverseBytes (26 bytes)
Event: 9.917 Thread 0x0000000014a09000 nmethod 2111 0x0000000002b32950 code [0x0000000002b32a80, 0x0000000002b32af8]
Event: 9.917 Thread 0x00000000149ac800 nmethod 2107 0x0000000002b2a5d0 code [0x0000000002b2a720, 0x0000000002b2aab8]
Event: 9.918 Thread 0x0000000014a0c000 2112       3       sun.security.provider.SHA::implCompress (491 bytes)
Event: 9.919 Thread 0x0000000014a0c000 nmethod 2112 0x0000000002b32dd0 code [0x0000000002b32fc0, 0x0000000002b338a8]
Event: 9.919 Thread 0x0000000014a0c000 2113       3       sun.security.provider.ByteArrayAccess::b2iBig64 (614 bytes)
Event: 9.920 Thread 0x0000000014a09000 2114 %     4       sun.security.provider.SHA::implCompress @ 122 (491 bytes)
Event: 9.921 Thread 0x0000000014a0c000 nmethod 2113 0x0000000002b31050 code [0x0000000002b31260, 0x0000000002b32028]

GC Heap History (6 events):
Event: 1.088 GC heap before
{Heap before GC invocations=1 (full 0):
 PSYoungGen      total 18944K, used 16384K [0x00000000eab00000, 0x00000000ec000000, 0x0000000100000000)
  eden space 16384K, 100% used [0x00000000eab00000,0x00000000ebb00000,0x00000000ebb00000)
  from space 2560K, 0% used [0x00000000ebd80000,0x00000000ebd80000,0x00000000ec000000)
  to   space 2560K, 0% used [0x00000000ebb00000,0x00000000ebb00000,0x00000000ebd80000)
 ParOldGen       total 44032K, used 0K [0x00000000c0000000, 0x00000000c2b00000, 0x00000000eab00000)
  object space 44032K, 0% used [0x00000000c0000000,0x00000000c0000000,0x00000000c2b00000)
 Metaspace       used 5699K, capacity 6640K, committed 6784K, reserved 1056768K
  class space    used 588K, capacity 616K, committed 640K, reserved 1048576K
Event: 1.238 GC heap after
Heap after GC invocations=1 (full 0):
 PSYoungGen      total 18944K, used 2535K [0x00000000eab00000, 0x00000000ed000000, 0x0000000100000000)
  eden space 16384K, 0% used [0x00000000eab00000,0x00000000eab00000,0x00000000ebb00000)
  from space 2560K, 99% used [0x00000000ebb00000,0x00000000ebd79c88,0x00000000ebd80000)
  to   space 2560K, 0% used [0x00000000ecd80000,0x00000000ecd80000,0x00000000ed000000)
 ParOldGen       total 44032K, used 1723K [0x00000000c0000000, 0x00000000c2b00000, 0x00000000eab00000)
  object space 44032K, 3% used [0x00000000c0000000,0x00000000c01aecf8,0x00000000c2b00000)
 Metaspace       used 5699K, capacity 6640K, committed 6784K, reserved 1056768K
  class space    used 588K, capacity 616K, committed 640K, reserved 1048576K
}
Event: 2.450 GC heap before
{Heap before GC invocations=2 (full 0):
 PSYoungGen      total 18944K, used 18919K [0x00000000eab00000, 0x00000000ed000000, 0x0000000100000000)
  eden space 16384K, 100% used [0x00000000eab00000,0x00000000ebb00000,0x00000000ebb00000)
  from space 2560K, 99% used [0x00000000ebb00000,0x00000000ebd79c88,0x00000000ebd80000)
  to   space 2560K, 0% used [0x00000000ecd80000,0x00000000ecd80000,0x00000000ed000000)
 ParOldGen       total 44032K, used 1723K [0x00000000c0000000, 0x00000000c2b00000, 0x00000000eab00000)
  object space 44032K, 3% used [0x00000000c0000000,0x00000000c01aecf8,0x00000000c2b00000)
 Metaspace       used 6004K, capacity 6896K, committed 7040K, reserved 1056768K
  class space    used 595K, capacity 616K, committed 640K, reserved 1048576K
Event: 3.057 GC heap after
Heap after GC invocations=2 (full 0):
 PSYoungGen      total 35328K, used 2554K [0x00000000eab00000, 0x00000000ed000000, 0x0000000100000000)
  eden space 32768K, 0% used [0x00000000eab00000,0x00000000eab00000,0x00000000ecb00000)
  from space 2560K, 99% used [0x00000000ecd80000,0x00000000ecffeab8,0x00000000ed000000)
  to   space 2560K, 0% used [0x00000000ecb00000,0x00000000ecb00000,0x00000000ecd80000)
 ParOldGen       total 44032K, used 3695K [0x00000000c0000000, 0x00000000c2b00000, 0x00000000eab00000)
  object space 44032K, 8% used [0x00000000c0000000,0x00000000c039bca0,0x00000000c2b00000)
 Metaspace       used 6004K, capacity 6896K, committed 7040K, reserved 1056768K
  class space    used 595K, capacity 616K, committed 640K, reserved 1048576K
}
Event: 4.632 GC heap before
{Heap before GC invocations=3 (full 0):
 PSYoungGen      total 35328K, used 35322K [0x00000000eab00000, 0x00000000ed000000, 0x0000000100000000)
  eden space 32768K, 100% used [0x00000000eab00000,0x00000000ecb00000,0x00000000ecb00000)
  from space 2560K, 99% used [0x00000000ecd80000,0x00000000ecffeab8,0x00000000ed000000)
  to   space 2560K, 0% used [0x00000000ecb00000,0x00000000ecb00000,0x00000000ecd80000)
 ParOldGen       total 44032K, used 3695K [0x00000000c0000000, 0x00000000c2b00000, 0x00000000eab00000)
  object space 44032K, 8% used [0x00000000c0000000,0x00000000c039bca0,0x00000000c2b00000)
 Metaspace       used 6210K, capacity 7088K, committed 7296K, reserved 1056768K
  class space    used 596K, capacity 616K, committed 640K, reserved 1048576K
Event: 4.795 GC heap after
Heap after GC invocations=3 (full 0):
 PSYoungGen      total 35328K, used 2560K [0x00000000eab00000, 0x00000000ef000000, 0x0000000100000000)
  eden space 32768K, 0% used [0x00000000eab00000,0x00000000eab00000,0x00000000ecb00000)
  from space 2560K, 100% used [0x00000000ecb00000,0x00000000ecd80000,0x00000000ecd80000)
  to   space 2560K, 0% used [0x00000000eed80000,0x00000000eed80000,0x00000000ef000000)
 ParOldGen       total 44032K, used 8945K [0x00000000c0000000, 0x00000000c2b00000, 0x00000000eab00000)
  object space 44032K, 20% used [0x00000000c0000000,0x00000000c08bc710,0x00000000c2b00000)
 Metaspace       used 6210K, capacity 7088K, committed 7296K, reserved 1056768K
  class space    used 596K, capacity 616K, committed 640K, reserved 1048576K
}

Deoptimization events (10 events):
Event: 8.633 Thread 0x00000000021e0800 Uncommon trap: reason=unstable_if action=reinterpret pc=0x0000000002aa7828 method=com.android.dx.dex.code.OutputFinisher.align64bits([Lcom/android/dx/dex/code/Dop;)V @ 205
Event: 9.205 Thread 0x00000000021e0800 Uncommon trap: reason=unstable_if action=reinterpret pc=0x0000000002ac4404 method=com.android.dx.util.ByteArrayAnnotatedOutput.writeByte(I)V @ 13
Event: 9.425 Thread 0x00000000021e0800 Uncommon trap: reason=unstable_if action=reinterpret pc=0x0000000002acf7c8 method=com.android.dx.util.ByteArrayAnnotatedOutput.writeByte(I)V @ 13
Event: 9.454 Thread 0x00000000021e0800 Uncommon trap: reason=unstable_if action=reinterpret pc=0x000000000269b82c method=java.util.Arrays.copyOf([Ljava/lang/Object;ILjava/lang/Class;)[Ljava/lang/Object; @ 3
Event: 9.801 Thread 0x00000000021e0800 Uncommon trap: reason=speculate_class_check action=maybe_recompile pc=0x00000000029ff1e8 method=java.util.HashMap.putVal(ILjava/lang/Object;Ljava/lang/Object;ZZ)Ljava/lang/Object; @ 56
Event: 9.801 Thread 0x00000000021e0800 Uncommon trap: reason=speculate_class_check action=maybe_recompile pc=0x00000000029ff254 method=java.util.HashMap.putVal(ILjava/lang/Object;Ljava/lang/Object;ZZ)Ljava/lang/Object; @ 152
Event: 9.801 Thread 0x00000000021e0800 Uncommon trap: reason=speculate_class_check action=maybe_recompile pc=0x00000000029ff1e8 method=java.util.HashMap.putVal(ILjava/lang/Object;Ljava/lang/Object;ZZ)Ljava/lang/Object; @ 56
Event: 9.801 Thread 0x00000000021e0800 Uncommon trap: reason=speculate_class_check action=maybe_recompile pc=0x00000000029ff1e8 method=java.util.HashMap.putVal(ILjava/lang/Object;Ljava/lang/Object;ZZ)Ljava/lang/Object; @ 56
Event: 9.801 Thread 0x00000000021e0800 Uncommon trap: reason=class_check action=maybe_recompile pc=0x0000000002a001e8 method=java.util.HashMap.putVal(ILjava/lang/Object;Ljava/lang/Object;ZZ)Ljava/lang/Object; @ 56
Event: 9.801 Thread 0x00000000021e0800 Uncommon trap: reason=class_check action=maybe_recompile pc=0x0000000002a001e8 method=java.util.HashMap.putVal(ILjava/lang/Object;Ljava/lang/Object;ZZ)Ljava/lang/Object; @ 56

Internal exceptions (3 events):
Event: 0.121 Thread 0x00000000021e0800 Exception <a 'java/lang/NoSuchMethodError': Method sun.misc.Unsafe.defineClass(Ljava/lang/String;[BII)Ljava/lang/Class; name or signature does not match> (0x00000000eab0d840) thrown at [C:\re\workspace\8-2-build-windows-amd64-cygwin\jdk8u66\5298\hotspot\srG;Ö£ý¾?
Event: 0.121 Thread 0x00000000021e0800 Exception <a 'java/lang/NoSuchMethodError': Method sun.misc.Unsafe.prefetchRead(Ljava/lang/Object;J)V name or signature does not match> (0x00000000eab0db28) thrown at [C:\re\workspace\8-2-build-windows-amd64-cygwin\jdk8u66\5298\hotspot\src\share\vm\prims\jroÎy™8@
Event: 4.305 Thread 0x0000000016631800 Implicit null exception at 0x00000000025d1262 to 0x00000000025d135a

Events (10 events):
Event: 9.914 loading class sun/security/provider/DigestBase done
Event: 9.914 loading class sun/security/provider/SHA done
Event: 9.914 loading class sun/security/jca/GetInstance$Instance
Event: 9.914 loading class sun/security/jca/GetInstance$Instance done
Event: 9.914 loading class java/security/MessageDigest$Delegate
Event: 9.914 loading class java/security/MessageDigest$Delegate done
Event: 9.914 loading class sun/security/provider/ByteArrayAccess
Event: 9.914 loading class sun/security/provider/ByteArrayAccess done
Event: 9.925 loading class java/util/zip/Adler32
Event: 9.925 loading class java/util/zip/Adler32 done


Dynamic libraries:
0x00007ff7e1010000 - 0x00007ff7e1047000 	C:\Program Files\Java\jdk1.8.0_66\bin\java.exe
0x00007ffbf7d80000 - 0x00007ffbf7f41000 	C:\Windows\SYSTEM32\ntdll.dll
0x00007ffbf51e0000 - 0x00007ffbf528d000 	C:\Windows\system32\KERNEL32.DLL
0x00007ffbf44c0000 - 0x00007ffbf46a8000 	C:\Windows\system32\KERNELBASE.dll
0x00007ffbf7760000 - 0x00007ffbf7807000 	C:\Windows\system32\ADVAPI32.dll
0x00007ffbf5300000 - 0x00007ffbf539d000 	C:\Windows\system32\msvcrt.dll
0x00007ffbf53b0000 - 0x00007ffbf540b000 	C:\Windows\system32\sechost.dll
0x00007ffbf7c60000 - 0x00007ffbf7d7c000 	C:\Windows\system32\RPCRT4.dll
0x00007ffbf7810000 - 0x00007ffbf7966000 	C:\Windows\system32\USER32.dll
0x00007ffbf5410000 - 0x00007ffbf5596000 	C:\Windows\system32\GDI32.dll
0x00007ffbe7e40000 - 0x00007ffbe80b4000 	C:\Windows\WinSxS\amd64_microsoft.windows.common-controls_6595b64144ccf1df_6.0.10586.0_none_8c15ae12515e1c22\COMCTL32.dll
0x00007ffbf79e0000 - 0x00007ffbf7c5d000 	C:\Windows\system32\combase.dll
0x00007ffbf46b0000 - 0x00007ffbf471a000 	C:\Windows\system32\bcryptPrimitives.dll
0x00007ffbf72f0000 - 0x00007ffbf732b000 	C:\Windows\system32\IMM32.DLL
0x000000006ede0000 - 0x000000006eeb2000 	C:\Program Files\Java\jdk1.8.0_66\jre\bin\msvcr100.dll
0x000000006f410000 - 0x000000006fc99000 	C:\Program Files\Java\jdk1.8.0_66\jre\bin\server\jvm.dll
0x00007ffbf6ee0000 - 0x00007ffbf6ee8000 	C:\Windows\system32\PSAPI.DLL
0x00007ffbf0fb0000 - 0x00007ffbf0fb9000 	C:\Windows\SYSTEM32\WSOCK32.dll
0x00007ffbf7280000 - 0x00007ffbf72eb000 	C:\Windows\system32\WS2_32.dll
0x00007ffbf2ad0000 - 0x00007ffbf2af3000 	C:\Windows\SYSTEM32\WINMM.dll
0x00007ffbe75f0000 - 0x00007ffbe75fa000 	C:\Windows\SYSTEM32\VERSION.dll
0x00007ffbf2a70000 - 0x00007ffbf2a9c000 	C:\Windows\SYSTEM32\WINMMBASE.dll
0x00007ffbf4f60000 - 0x00007ffbf4fa3000 	C:\Windows\system32\cfgmgr32.dll
0x000000006f400000 - 0x000000006f40f000 	C:\Program Files\Java\jdk1.8.0_66\jre\bin\verify.dll
0x000000006f3d0000 - 0x000000006f3f9000 	C:\Program Files\Java\jdk1.8.0_66\jre\bin\java.dll
0x000000006f3b0000 - 0x000000006f3c6000 	C:\Program Files\Java\jdk1.8.0_66\jre\bin\zip.dll
0x00007ffbf5980000 - 0x00007ffbf6edc000 	C:\Windows\system32\SHELL32.dll
0x00007ffbf47d0000 - 0x00007ffbf4e14000 	C:\Windows\system32\windows.storage.dll
0x00007ffbf7220000 - 0x00007ffbf7272000 	C:\Windows\system32\shlwapi.dll
0x00007ffbf4410000 - 0x00007ffbf441f000 	C:\Windows\system32\kernel.appcore.dll
0x00007ffbf4ea0000 - 0x00007ffbf4f55000 	C:\Windows\system32\shcore.dll
0x00007ffbf43c0000 - 0x00007ffbf440b000 	C:\Windows\system32\powrprof.dll
0x00007ffbf43a0000 - 0x00007ffbf43b4000 	C:\Windows\system32\profapi.dll

VM Arguments:
jvm_args: -Djava.awt.headless=true -Xmx1024M -Dfile.encoding=windows-1252 -Duser.country=IT -Duser.language=it -Duser.variant 
java_command: com.android.dx.command.Main --dex --num-threads=4 --output C:\Users\Davide\AndroidStudioProjects\MioMeteo\app\build\intermediates\pre-dexed\debug\com.google.android.gms-play-services-wallet-9.0.0_c792cb5c2151ed0d67caa8ee49933d56b8adbc63.jar C:\Users\Davide\AndroidStudioProjects\MioMeteo\app\build\intermediates\exploded-aar\com.google.android.gms\play-services-wallet\9.0.0\jars\classes.jar
java_class_path (initial): C:\Users\Davide\AppData\Local\Android\sdk\build-tools\23.0.3\lib\dx.jar
Launcher Type: SUN_STANDARD

Environment Variables:
PATH=C:\ProgramData\Oracle\Java\javapath;C:\Program Files (x86)\Intel\iCLS Client\;C:\Program Files\Intel\iCLS Client\;C:\Windows\system32;C:\Windows;C:\Windows\System32\Wbem;C:\Windows\System32\WindowsPowerShell\v1.0\;c:\Program Files\Intel\WiFi\bin\;c:\Program Files\Common Files\Intel\WirelessCommon\;C:\Program Files\Intel\Intel(R) Management Engine Components\DAL;C:\Program Files (x86)\Intel\Intel(R) Management Engine Components\DAL;C:\Program Files\Intel\Intel(R) Management Engine Components\IPT;C:\Program Files (x86)\Intel\Intel(R) Management Engine Components\IPT;C:\Program Files\Hewlett-Packard\SimplePass\;C:\Program Files\Java\jdk1.8.0_66\bin;C:\Program Files\TortoiseSVN\bin;C:\Program Files (x86)\MySQL\MySQL Fabric 1.5 & MySQL Utilities 1.5\;C:\Program Files (x86)\MySQL\MySQL Fabric 1.5 & MySQL Utilities 1.5\Doctrine extensions for PHP\;C:\Program Files (x86)\Skype\Phone\
USERNAME=Davide
OS=Windows_NT
PROCESSOR_IDENTIFIER=Intel64 Family 6 Model 61 Stepping 4, GenuineIntel



---------------  S Y S T E M  ---------------

OS: Windows 10.0 , 64 bit Build 10586 (10.0.10586.0)

CPU:total 4 (2 cores per cpu, 2 threads per core) family 6 model 61 stepping 4, cmov, cx8, fxsr, mmx, sse, sse2, sse3, ssse3, sse4.1, sse4.2, popcnt, avx, avx2, aes, clmul, erms, 3dnowpref, lzcnt, ht, tsc, tscinvbit, bmi1, bmi2, adx

Memory: 4k page, physical 4109328k(311064k free), swap 5157904k(4148k free)

vm_info: Java HotSpot(TM) 64-Bit Server VM (25.66-b18) for windows-amd64 JRE (1.8.0_66-b18), built on Nov  9 2015 10:51:13 by "java_re" with MS VC++ 10.0 (VS2010)

time: Tue May 31 21:34:40 2016
elapsed time: 9 seconds (0d 0h 0m 9s)

