#
# There is insufficient memory for the Java Runtime Environment to continue.
# Native memory allocation (malloc) failed to allocate 273616 bytes for Chunk::new
# Possible reasons:
#   The system is out of physical RAM or swap space
#   In 32 bit mode, the process size limit was hit
# Possible solutions:
#   Reduce memory load on the system
#   Increase physical memory or swap space
#   Check if swap backing store is full
#   Use 64 bit Java on a 64 bit OS
#   Decrease Java heap size (-Xmx/-Xms)
#   Decrease number of Java threads
#   Decrease Java thread stack sizes (-Xss)
#   Set larger code cache with -XX:ReservedCodeCacheSize=
# This output file may be truncated or incomplete.
#
#  Out of Memory Error (allocation.cpp:390), pid=6132, tid=5312
#
# JRE version: Java(TM) SE Runtime Environment (8.0_66-b18) (build 1.8.0_66-b18)
# Java VM: Java HotSpot(TM) 64-Bit Server VM (25.66-b18 mixed mode windows-amd64 compressed oops)
# Failed to write core dump. Minidumps are not enabled by default on client versions of Windows
#

---------------  T H R E A D  ---------------

Current thread (0x000000001564d000):  JavaThread "C2 CompilerThread0" daemon [_thread_in_native, id=5312, stack(0x0000000016cb0000,0x0000000016db0000)]

Stack: [0x0000000016cb0000,0x0000000016db0000]
[error occurred during error reporting (printing stack bounds), id 0xc0000005]

Native frames: (J=compiled Java code, j=interpreted, Vv=VM code, C=native code)


Current CompileTask:
C2:    923  970       4       com.android.dx.ssa.back.LivenessAnalyzer::handleTailRecursion (94 bytes)


---------------  P R O C E S S  ---------------

Java Threads: ( => current thread )
  0x0000000017216800 JavaThread "pool-1-thread-4" [_thread_blocked, id=4776, stack(0x00000000181b0000,0x00000000182b0000)]
  0x0000000017212000 JavaThread "pool-1-thread-3" [_thread_blocked, id=6880, stack(0x00000000180b0000,0x00000000181b0000)]
  0x0000000017291800 JavaThread "pool-1-thread-2" [_thread_in_Java, id=972, stack(0x0000000017fb0000,0x00000000180b0000)]
  0x00000000172a2000 JavaThread "pool-2-thread-1" [_thread_blocked, id=7720, stack(0x0000000017eb0000,0x0000000017fb0000)]
  0x00000000171fe000 JavaThread "pool-1-thread-1" [_thread_blocked, id=7784, stack(0x0000000017db0000,0x0000000017eb0000)]
  0x0000000016fd8000 JavaThread "Service Thread" daemon [_thread_blocked, id=2588, stack(0x00000000173b0000,0x00000000174b0000)]
  0x000000001565f000 JavaThread "C1 CompilerThread2" daemon [_thread_in_native, id=6952, stack(0x0000000016eb0000,0x0000000016fb0000)]
  0x0000000015650000 JavaThread "C2 CompilerThread1" daemon [_thread_in_vm, id=5304, stack(0x0000000016db0000,0x0000000016eb0000)]
=>0x000000001564d000 JavaThread "C2 CompilerThread0" daemon [_thread_in_native, id=5312, stack(0x0000000016cb0000,0x0000000016db0000)]
  0x000000001564b000 JavaThread "Attach Listener" daemon [_thread_blocked, id=1556, stack(0x0000000016bb0000,0x0000000016cb0000)]
  0x000000001564a000 JavaThread "Signal Dispatcher" daemon [_thread_blocked, id=3480, stack(0x0000000016ab0000,0x0000000016bb0000)]
  0x0000000002f70800 JavaThread "Finalizer" daemon [_thread_blocked, id=816, stack(0x00000000168b0000,0x00000000169b0000)]
  0x0000000015619000 JavaThread "Reference Handler" daemon [_thread_blocked, id=4544, stack(0x00000000167b0000,0x00000000168b0000)]
  0x0000000002e80800 JavaThread "main" [_thread_in_Java, id=7308, stack(0x0000000002cf0000,0x0000000002df0000)]

Other Threads:
  0x0000000015617000 VMThread [stack: 0x00000000166b0000,0x00000000167b0000] [id=3832]
  0x0000000016feb000 WatcherThread [stack: 0x00000000174b0000,0x00000000175b0000] [id=3120]

VM state:not at safepoint (normal execution)

VM Mutex/Monitor currently owned by a thread: None

Heap:
 PSYoungGen      total 18944K, used 14146K [0x00000000eab00000, 0x00000000ed000000, 0x0000000100000000)
  eden space 16384K, 70% used [0x00000000eab00000,0x00000000eb652108,0x00000000ebb00000)
  from space 2560K, 99% used [0x00000000ebb00000,0x00000000ebd7ea98,0x00000000ebd80000)
  to   space 2560K, 0% used [0x00000000ecd80000,0x00000000ecd80000,0x00000000ed000000)
 ParOldGen       total 44032K, used 1503K [0x00000000c0000000, 0x00000000c2b00000, 0x00000000eab00000)
  object space 44032K, 3% used [0x00000000c0000000,0x00000000c0177cd8,0x00000000c2b00000)
 Metaspace       used 5861K, capacity 6832K, committed 7040K, reserved 1056768K
  class space    used 592K, capacity 616K, committed 640K, reserved 1048576K

Card table byte_map: [0x0000000012340000,0x0000000012550000] byte_map_base: 0x0000000011d40000

Marking Bits: (ParMarkBitMap*) 0x000000006c10a5b0
 Begin Bits: [0x0000000012ab0000, 0x0000000013ab0000)
 End Bits:   [0x0000000013ab0000, 0x0000000014ab0000)

Polling page: 0x0000000001570000

CodeCache: size=245760Kb used=4024Kb max_used=4035Kb free=241736Kb
 bounds [0x0000000002f80000, 0x0000000003380000, 0x0000000011f80000]
 total_blobs=1306 nmethods=1038 adapters=180
 compilation: enabled

Compilation events (10 events):
Event: 0.919 Thread 0x000000001565f000 nmethod 1040 0x000000000336d790 code [0x000000000336d8e0, 0x000000000336d9d0]
Event: 0.919 Thread 0x000000001565f000 1041       1       com.android.dx.cf.code.Ropper::access$700 (5 bytes)
Event: 0.919 Thread 0x000000001565f000 nmethod 1041 0x000000000336da50 code [0x000000000336dba0, 0x000000000336dc90]
Event: 0.919 Thread 0x000000001565f000 1045       1       com.android.dx.ssa.back.FirstFitLocalCombiningAllocator::wantsParamsMovedHigh (2 bytes)
Event: 0.919 Thread 0x000000001565f000 nmethod 1045 0x000000000336dd10 code [0x000000000336de60, 0x000000000336df70]
Event: 0.919 Thread 0x000000001565f000 1044       1       com.android.dx.rop.code.Rop::getSources (5 bytes)
Event: 0.919 Thread 0x000000001565f000 nmethod 1044 0x000000000336dfd0 code [0x000000000336e120, 0x000000000336e230]
Event: 0.919 Thread 0x000000001565f000 1046       1       com.android.dx.rop.code.DexTranslationAdvice::getMaxOptimalRegisterCount (3 bytes)
Event: 0.919 Thread 0x000000001565f000 nmethod 1046 0x000000000336e290 code [0x000000000336e3e0, 0x000000000336e4f0]
Event: 0.919 Thread 0x000000001565f000 1051       3       com.android.dx.rop.type.StdTypeList::withFirst (53 bytes)

GC Heap History (2 events):
Event: 0.614 GC heap before
{Heap before GC invocations=1 (full 0):
 PSYoungGen      total 18944K, used 16384K [0x00000000eab00000, 0x00000000ec000000, 0x0000000100000000)
  eden space 16384K, 100% used [0x00000000eab00000,0x00000000ebb00000,0x00000000ebb00000)
  from space 2560K, 0% used [0x00000000ebd80000,0x00000000ebd80000,0x00000000ec000000)
  to   space 2560K, 0% used [0x00000000ebb00000,0x00000000ebb00000,0x00000000ebd80000)
 ParOldGen       total 44032K, used 0K [0x00000000c0000000, 0x00000000c2b00000, 0x00000000eab00000)
  object space 44032K, 0% used [0x00000000c0000000,0x00000000c0000000,0x00000000c2b00000)
 Metaspace       used 5625K, capacity 6576K, committed 6784K, reserved 1056768K
  class space    used 588K, capacity 616K, committed 640K, reserved 1048576K
Event: 0.621 GC heap after
Heap after GC invocations=1 (full 0):
 PSYoungGen      total 18944K, used 2554K [0x00000000eab00000, 0x00000000ed000000, 0x0000000100000000)
  eden space 16384K, 0% used [0x00000000eab00000,0x00000000eab00000,0x00000000ebb00000)
  from space 2560K, 99% used [0x00000000ebb00000,0x00000000ebd7ea98,0x00000000ebd80000)
  to   space 2560K, 0% used [0x00000000ecd80000,0x00000000ecd80000,0x00000000ed000000)
 ParOldGen       total 44032K, used 1503K [0x00000000c0000000, 0x00000000c2b00000, 0x00000000eab00000)
  object space 44032K, 3% used [0x00000000c0000000,0x00000000c0177cd8,0x00000000c2b00000)
 Metaspace       used 5625K, capacity 6576K, committed 6784K, reserved 1056768K
  class space    used 588K, capacity 616K, committed 640K, reserved 1048576K
}

Deoptimization events (7 events):
Event: 0.562 Thread 0x0000000002e80800 Uncommon trap: reason=unstable_if action=reinterpret pc=0x00000000031ae004 method=java.util.HashMap.getNode(ILjava/lang/Object;)Ljava/util/HashMap$Node; @ 129
Event: 0.607 Thread 0x0000000017212000 Uncommon trap: reason=unstable_if action=reinterpret pc=0x00000000031c3370 method=java.util.BitSet.nextSetBit(I)I @ 87
Event: 0.771 Thread 0x0000000017291800 Uncommon trap: reason=class_check action=maybe_recompile pc=0x0000000003246b58 method=com.android.dx.ssa.NormalSsaInsn.accept(Lcom/android/dx/ssa/SsaInsn$Visitor;)V @ 9
Event: 0.809 Thread 0x0000000017212000 Uncommon trap: reason=class_check action=maybe_recompile pc=0x0000000003246b58 method=com.android.dx.ssa.NormalSsaInsn.accept(Lcom/android/dx/ssa/SsaInsn$Visitor;)V @ 9
Event: 0.809 Thread 0x0000000017212000 Uncommon trap: reason=class_check action=maybe_recompile pc=0x00000000031d08f0 method=com.android.dx.ssa.NormalSsaInsn.accept(Lcom/android/dx/ssa/SsaInsn$Visitor;)V @ 9
Event: 0.809 Thread 0x0000000017212000 Uncommon trap: reason=class_check action=maybe_recompile pc=0x00000000031d08f0 method=com.android.dx.ssa.NormalSsaInsn.accept(Lcom/android/dx/ssa/SsaInsn$Visitor;)V @ 9
Event: 0.812 Thread 0x0000000017212000 Uncommon trap: reason=class_check action=maybe_recompile pc=0x0000000003246b58 method=com.android.dx.ssa.NormalSsaInsn.accept(Lcom/android/dx/ssa/SsaInsn$Visitor;)V @ 9

Internal exceptions (2 events):
Event: 0.062 Thread 0x0000000002e80800 Exception <a 'java/lang/NoSuchMethodError': Method sun.misc.Unsafe.defineClass(Ljava/lang/String;[BII)Ljava/lang/Class; name or signature does not match> (0x00000000eab0d848) thrown at [C:\re\workspace\8-2-build-windows-amd64-cygwin\jdk8u66\5298\hotspot\sr/ÝæO«±¯?
Event: 0.062 Thread 0x0000000002e80800 Exception <a 'java/lang/NoSuchMethodError': Method sun.misc.Unsafe.prefetchRead(Ljava/lang/Object;J)V name or signature does not match> (0x00000000eab0db30) thrown at [C:\re\workspace\8-2-build-windows-amd64-cygwin\jdk8u66\5298\hotspot\src\share\vm\prims\j

Events (10 events):
Event: 0.809 Thread 0x0000000017212000 Uncommon trap: trap_request=0xffffffde fr.pc=0x00000000031d08f0
Event: 0.809 Thread 0x0000000017212000 DEOPT PACKING pc=0x00000000031d08f0 sp=0x00000000181ae940
Event: 0.809 Thread 0x0000000017212000 DEOPT UNPACKING pc=0x0000000002fc582a sp=0x00000000181ae8e0 mode 2
Event: 0.812 Thread 0x0000000017212000 Uncommon trap: trap_request=0xffffffde fr.pc=0x0000000003246b58
Event: 0.812 Thread 0x0000000017212000 DEOPT PACKING pc=0x0000000003246b58 sp=0x00000000181ae8b0
Event: 0.812 Thread 0x0000000017212000 DEOPT UNPACKING pc=0x0000000002fc582a sp=0x00000000181ae870 mode 2
Event: 0.889 Executing VM operation: ForceSafepoint
Event: 0.890 Executing VM operation: ForceSafepoint done
Event: 0.896 loading class com/android/dx/cf/code/SwitchList
Event: 0.896 loading class com/android/dx/cf/code/SwitchList done


Dynamic libraries:
0x00007ff7e1040000 - 0x00007ff7e1077000 	C:\Program Files\Java\jdk1.8.0_66\bin\java.exe
0x00007ffc8afc0000 - 0x00007ffc8b181000 	C:\Windows\SYSTEM32\ntdll.dll
0x00007ffc885c0000 - 0x00007ffc8866d000 	C:\Windows\system32\KERNEL32.DLL
0x00007ffc88120000 - 0x00007ffc88308000 	C:\Windows\system32\KERNELBASE.dll
0x00007ffc8a5a0000 - 0x00007ffc8a647000 	C:\Windows\system32\ADVAPI32.dll
0x00007ffc8a260000 - 0x00007ffc8a2fd000 	C:\Windows\system32\msvcrt.dll
0x00007ffc8a200000 - 0x00007ffc8a25b000 	C:\Windows\system32\sechost.dll
0x00007ffc88830000 - 0x00007ffc8894c000 	C:\Windows\system32\RPCRT4.dll
0x00007ffc88670000 - 0x00007ffc887c6000 	C:\Windows\system32\USER32.dll
0x00007ffc88b10000 - 0x00007ffc88c96000 	C:\Windows\system32\GDI32.dll
0x00007ffc7b4a0000 - 0x00007ffc7b714000 	C:\Windows\WinSxS\amd64_microsoft.windows.common-controls_6595b64144ccf1df_6.0.10586.0_none_8c15ae12515e1c22\COMCTL32.dll
0x00007ffc8a320000 - 0x00007ffc8a59d000 	C:\Windows\system32\combase.dll
0x00007ffc87840000 - 0x00007ffc878aa000 	C:\Windows\system32\bcryptPrimitives.dll
0x00007ffc887f0000 - 0x00007ffc8882b000 	C:\Windows\system32\IMM32.DLL
0x000000006b2d0000 - 0x000000006b3a2000 	C:\Program Files\Java\jdk1.8.0_66\jre\bin\msvcr100.dll
0x000000006b900000 - 0x000000006c189000 	C:\Program Files\Java\jdk1.8.0_66\jre\bin\server\jvm.dll
0x00007ffc8a310000 - 0x00007ffc8a318000 	C:\Windows\system32\PSAPI.DLL
0x00007ffc83f00000 - 0x00007ffc83f09000 	C:\Windows\SYSTEM32\WSOCK32.dll
0x00007ffc8a790000 - 0x00007ffc8a7fb000 	C:\Windows\system32\WS2_32.dll
0x00007ffc85d10000 - 0x00007ffc85d33000 	C:\Windows\SYSTEM32\WINMM.dll
0x00007ffc7a1f0000 - 0x00007ffc7a1fa000 	C:\Windows\SYSTEM32\VERSION.dll
0x00007ffc85cb0000 - 0x00007ffc85cdc000 	C:\Windows\SYSTEM32\WINMMBASE.dll
0x00007ffc87a20000 - 0x00007ffc87a63000 	C:\Windows\system32\cfgmgr32.dll
0x000000006b8f0000 - 0x000000006b8ff000 	C:\Program Files\Java\jdk1.8.0_66\jre\bin\verify.dll
0x000000006b8c0000 - 0x000000006b8e9000 	C:\Program Files\Java\jdk1.8.0_66\jre\bin\java.dll
0x000000006b8a0000 - 0x000000006b8b6000 	C:\Program Files\Java\jdk1.8.0_66\jre\bin\zip.dll
0x00007ffc88ca0000 - 0x00007ffc8a1fc000 	C:\Windows\system32\SHELL32.dll
0x00007ffc87a70000 - 0x00007ffc880b4000 	C:\Windows\system32\windows.storage.dll
0x00007ffc8af50000 - 0x00007ffc8afa2000 	C:\Windows\system32\shlwapi.dll
0x00007ffc875e0000 - 0x00007ffc875ef000 	C:\Windows\system32\kernel.appcore.dll
0x00007ffc878b0000 - 0x00007ffc87965000 	C:\Windows\system32\shcore.dll
0x00007ffc875f0000 - 0x00007ffc8763b000 	C:\Windows\system32\powrprof.dll
0x00007ffc87640000 - 0x00007ffc87654000 	C:\Windows\system32\profapi.dll

VM Arguments:
jvm_args: -Djava.awt.headless=true -Xmx1024M -Dfile.encoding=windows-1252 -Duser.country=IT -Duser.language=it -Duser.variant 
java_command: com.android.dx.command.Main --dex --num-threads=4 --output C:\Users\Davide\AndroidStudioProjects\MioMeteo\app\build\intermediates\pre-dexed\debug\com.google.android.gms-play-services-fitness-9.0.0_e971b419121a8125b91ef80d55e2e686cc098221.jar C:\Users\Davide\AndroidStudioProjects\MioMeteo\app\build\intermediates\exploded-aar\com.google.android.gms\play-services-fitness\9.0.0\jars\classes.jar
java_class_path (initial): C:\Users\Davide\AppData\Local\Android\sdk\build-tools\23.0.3\lib\dx.jar
Launcher Type: SUN_STANDARD

Environment Variables:
PATH=C:\ProgramData\Oracle\Java\javapath;C:\Program Files (x86)\Intel\iCLS Client\;C:\Program Files\Intel\iCLS Client\;C:\Windows\system32;C:\Windows;C:\Windows\System32\Wbem;C:\Windows\System32\WindowsPowerShell\v1.0\;c:\Program Files\Intel\WiFi\bin\;c:\Program Files\Common Files\Intel\WirelessCommon\;C:\Program Files\Intel\Intel(R) Management Engine Components\DAL;C:\Program Files (x86)\Intel\Intel(R) Management Engine Components\DAL;C:\Program Files\Intel\Intel(R) Management Engine Components\IPT;C:\Program Files (x86)\Intel\Intel(R) Management Engine Components\IPT;C:\Program Files\Hewlett-Packard\SimplePass\;C:\Program Files\Java\jdk1.8.0_66\bin;C:\Program Files\TortoiseSVN\bin;C:\Program Files (x86)\MySQL\MySQL Fabric 1.5 & MySQL Utilities 1.5\;C:\Program Files (x86)\MySQL\MySQL Fabric 1.5 & MySQL Utilities 1.5\Doctrine extensions for PHP\;C:\Program Files (x86)\Skype\Phone\
USERNAME=Davide
OS=Windows_NT
PROCESSOR_IDENTIFIER=Intel64 Family 6 Model 61 Stepping 4, GenuineIntel



---------------  S Y S T E M  ---------------

OS: Windows 10.0 , 64 bit Build 10586 (10.0.10586.0)

CPU:total 4 (2 cores per cpu, 2 threads per core) family 6 model 61 stepping 4, cmov, cx8, fxsr, mmx, sse, sse2, sse3, ssse3, sse4.1, sse4.2, popcnt, avx, avx2, aes, clmul, erms, 3dnowpref, lzcnt, ht, tsc, tscinvbit, bmi1, bmi2, adx

Memory: 4k page, physical 4109328k(185668k free), swap 5157904k(5804k free)

vm_info: Java HotSpot(TM) 64-Bit Server VM (25.66-b18) for windows-amd64 JRE (1.8.0_66-b18), built on Nov  9 2015 10:51:13 by "java_re" with MS VC++ 10.0 (VS2010)

time: Tue Jun 28 12:16:51 2016
elapsed time: 0 seconds (0d 0h 0m 0s)

