#
# There is insufficient memory for the Java Runtime Environment to continue.
# Native memory allocation (malloc) failed to allocate 398256 bytes for Chunk::new
# Possible reasons:
#   The system is out of physical RAM or swap space
#   In 32 bit mode, the process size limit was hit
# Possible solutions:
#   Reduce memory load on the system
#   Increase physical memory or swap space
#   Check if swap backing store is full
#   Use 64 bit Java on a 64 bit OS
#   Decrease Java heap size (-Xmx/-Xms)
#   Decrease number of Java threads
#   Decrease Java thread stack sizes (-Xss)
#   Set larger code cache with -XX:ReservedCodeCacheSize=
# This output file may be truncated or incomplete.
#
#  Out of Memory Error (allocation.cpp:390), pid=704, tid=788
#
# JRE version: Java(TM) SE Runtime Environment (8.0_66-b18) (build 1.8.0_66-b18)
# Java VM: Java HotSpot(TM) 64-Bit Server VM (25.66-b18 mixed mode windows-amd64 compressed oops)
# Failed to write core dump. Minidumps are not enabled by default on client versions of Windows
#

---------------  T H R E A D  ---------------

Current thread (0x00000000149ce000):  JavaThread "C2 CompilerThread1" daemon [_thread_in_native, id=788, stack(0x00000000160e0000,0x00000000161e0000)]

Stack: [0x00000000160e0000,0x00000000161e0000]
[error occurred during error reporting (printing stack bounds), id 0xc0000005]

Native frames: (J=compiled Java code, j=interpreted, Vv=VM code, C=native code)


Current CompileTask:
C2:   8440 1927       4       com.android.dx.dex.code.RopTranslator$LocalVariableAwareTranslationVisitor::visitPlainInsn (11 bytes)


---------------  P R O C E S S  ---------------

Java Threads: ( => current thread )
  0x000000001653d800 JavaThread "pool-1-thread-4" [_thread_blocked, id=7740, stack(0x00000000174e0000,0x00000000175e0000)]
  0x000000001653c800 JavaThread "pool-1-thread-3" [_thread_blocked, id=2636, stack(0x00000000173e0000,0x00000000174e0000)]
  0x000000001653b800 JavaThread "pool-1-thread-2" [_thread_in_Java, id=5892, stack(0x00000000172e0000,0x00000000173e0000)]
  0x0000000016589800 JavaThread "pool-2-thread-1" [_thread_blocked, id=5916, stack(0x00000000171e0000,0x00000000172e0000)]
  0x0000000016581800 JavaThread "pool-1-thread-1" [_thread_blocked, id=5592, stack(0x00000000170e0000,0x00000000171e0000)]
  0x00000000162e1800 JavaThread "Service Thread" daemon [_thread_blocked, id=4668, stack(0x00000000166e0000,0x00000000167e0000)]
  0x00000000149dc800 JavaThread "C1 CompilerThread2" daemon [_thread_blocked, id=2788, stack(0x00000000161e0000,0x00000000162e0000)]
=>0x00000000149ce000 JavaThread "C2 CompilerThread1" daemon [_thread_in_native, id=788, stack(0x00000000160e0000,0x00000000161e0000)]
  0x000000001497d000 JavaThread "C2 CompilerThread0" daemon [_thread_in_native, id=4296, stack(0x0000000015fe0000,0x00000000160e0000)]
  0x000000001497b000 JavaThread "Attach Listener" daemon [_thread_blocked, id=3892, stack(0x0000000015ee0000,0x0000000015fe0000)]
  0x0000000014979800 JavaThread "Signal Dispatcher" daemon [_thread_blocked, id=6072, stack(0x0000000015de0000,0x0000000015ee0000)]
  0x0000000002200800 JavaThread "Finalizer" daemon [_thread_blocked, id=6440, stack(0x0000000015be0000,0x0000000015ce0000)]
  0x00000000021fd000 JavaThread "Reference Handler" daemon [_thread_blocked, id=4272, stack(0x0000000015ae0000,0x0000000015be0000)]
  0x0000000002110800 JavaThread "main" [_thread_blocked, id=8064, stack(0x0000000000870000,0x0000000000970000)]

Other Threads:
  0x0000000014948000 VMThread [stack: 0x00000000159e0000,0x0000000015ae0000] [id=2688]
  0x00000000162e6000 WatcherThread [stack: 0x00000000167e0000,0x00000000168e0000] [id=7824]

VM state:not at safepoint (normal execution)

VM Mutex/Monitor currently owned by a thread: None

Heap:
 PSYoungGen      total 68096K, used 11863K [0x00000000eab00000, 0x00000000ef000000, 0x0000000100000000)
  eden space 65536K, 14% used [0x00000000eab00000,0x00000000eb4191a0,0x00000000eeb00000)
  from space 2560K, 99% used [0x00000000eeb00000,0x00000000eed7cb98,0x00000000eed80000)
  to   space 2560K, 0% used [0x00000000eed80000,0x00000000eed80000,0x00000000ef000000)
 ParOldGen       total 44032K, used 22729K [0x00000000c0000000, 0x00000000c2b00000, 0x00000000eab00000)
  object space 44032K, 51% used [0x00000000c0000000,0x00000000c1632638,0x00000000c2b00000)
 Metaspace       used 6355K, capacity 7152K, committed 7296K, reserved 1056768K
  class space    used 599K, capacity 616K, committed 640K, reserved 1048576K

Card table byte_map: [0x0000000011670000,0x0000000011880000] byte_map_base: 0x0000000011070000

Marking Bits: (ParMarkBitMap*) 0x000000006fc1a5b0
 Begin Bits: [0x0000000011de0000, 0x0000000012de0000)
 End Bits:   [0x0000000012de0000, 0x0000000013de0000)

Polling page: 0x0000000000460000

CodeCache: size=245760Kb used=8031Kb max_used=8031Kb free=237728Kb
 bounds [0x00000000022b0000, 0x0000000002a90000, 0x00000000112b0000]
 total_blobs=2102 nmethods=1833 adapters=181
 compilation: enabled

Compilation events (10 events):
Event: 8.423 Thread 0x00000000149dc800 1947       2       com.android.dx.command.dexer.Main$ClassDefItemConsumer::call (5 bytes)
Event: 8.423 Thread 0x00000000149dc800 nmethod 1947 0x0000000002a87550 code [0x0000000002a876c0, 0x0000000002a87828]
Event: 8.423 Thread 0x00000000149dc800 1948   !   2       com.android.dx.command.dexer.Main$ClassDefItemConsumer::call (161 bytes)
Event: 8.426 Thread 0x00000000149dc800 nmethod 1948 0x0000000002a86150 code [0x0000000002a86340, 0x0000000002a86cf8]
Event: 8.426 Thread 0x00000000149dc800 1949   !   2       com.android.dx.dex.cf.CfTranslator::translate (44 bytes)
Event: 8.427 Thread 0x00000000149dc800 nmethod 1949 0x0000000002a85950 code [0x0000000002a85b00, 0x0000000002a85e88]
Event: 8.430 Thread 0x00000000149dc800 1950   !   2       java.util.concurrent.LinkedBlockingQueue::take (93 bytes)
Event: 8.433 Thread 0x00000000149dc800 nmethod 1950 0x0000000002a8a710 code [0x0000000002a8a960, 0x0000000002a8b098]
Event: 8.433 Thread 0x00000000149dc800 1951   !   2       java.util.concurrent.LinkedBlockingQueue::offer (130 bytes)
Event: 8.435 Thread 0x00000000149dc800 nmethod 1951 0x0000000002a8bbd0 code [0x0000000002a8bde0, 0x0000000002a8c488]

GC Heap History (10 events):
Event: 1.055 GC heap before
{Heap before GC invocations=1 (full 0):
 PSYoungGen      total 18944K, used 16384K [0x00000000eab00000, 0x00000000ec000000, 0x0000000100000000)
  eden space 16384K, 100% used [0x00000000eab00000,0x00000000ebb00000,0x00000000ebb00000)
  from space 2560K, 0% used [0x00000000ebd80000,0x00000000ebd80000,0x00000000ec000000)
  to   space 2560K, 0% used [0x00000000ebb00000,0x00000000ebb00000,0x00000000ebd80000)
 ParOldGen       total 44032K, used 0K [0x00000000c0000000, 0x00000000c2b00000, 0x00000000eab00000)
  object space 44032K, 0% used [0x00000000c0000000,0x00000000c0000000,0x00000000c2b00000)
 Metaspace       used 5623K, capacity 6576K, committed 6784K, reserved 1056768K
  class space    used 591K, capacity 616K, committed 640K, reserved 1048576K
Event: 1.066 GC heap after
Heap after GC invocations=1 (full 0):
 PSYoungGen      total 18944K, used 2549K [0x00000000eab00000, 0x00000000ed000000, 0x0000000100000000)
  eden space 16384K, 0% used [0x00000000eab00000,0x00000000eab00000,0x00000000ebb00000)
  from space 2560K, 99% used [0x00000000ebb00000,0x00000000ebd7d5d0,0x00000000ebd80000)
  to   space 2560K, 0% used [0x00000000ecd80000,0x00000000ecd80000,0x00000000ed000000)
 ParOldGen       total 44032K, used 1075K [0x00000000c0000000, 0x00000000c2b00000, 0x00000000eab00000)
  object space 44032K, 2% used [0x00000000c0000000,0x00000000c010ce30,0x00000000c2b00000)
 Metaspace       used 5623K, capacity 6576K, committed 6784K, reserved 1056768K
  class space    used 591K, capacity 616K, committed 640K, reserved 1048576K
}
Event: 1.822 GC heap before
{Heap before GC invocations=2 (full 0):
 PSYoungGen      total 18944K, used 18933K [0x00000000eab00000, 0x00000000ed000000, 0x0000000100000000)
  eden space 16384K, 100% used [0x00000000eab00000,0x00000000ebb00000,0x00000000ebb00000)
  from space 2560K, 99% used [0x00000000ebb00000,0x00000000ebd7d5d0,0x00000000ebd80000)
  to   space 2560K, 0% used [0x00000000ecd80000,0x00000000ecd80000,0x00000000ed000000)
 ParOldGen       total 44032K, used 1075K [0x00000000c0000000, 0x00000000c2b00000, 0x00000000eab00000)
  object space 44032K, 2% used [0x00000000c0000000,0x00000000c010ce30,0x00000000c2b00000)
 Metaspace       used 5967K, capacity 6896K, committed 7040K, reserved 1056768K
  class space    used 594K, capacity 616K, committed 640K, reserved 1048576K
Event: 2.088 GC heap after
Heap after GC invocations=2 (full 0):
 PSYoungGen      total 35328K, used 2554K [0x00000000eab00000, 0x00000000ed000000, 0x0000000100000000)
  eden space 32768K, 0% used [0x00000000eab00000,0x00000000eab00000,0x00000000ecb00000)
  from space 2560K, 99% used [0x00000000ecd80000,0x00000000ecffea98,0x00000000ed000000)
  to   space 2560K, 0% used [0x00000000ecb00000,0x00000000ecb00000,0x00000000ecd80000)
 ParOldGen       total 44032K, used 2954K [0x00000000c0000000, 0x00000000c2b00000, 0x00000000eab00000)
  object space 44032K, 6% used [0x00000000c0000000,0x00000000c02e2b68,0x00000000c2b00000)
 Metaspace       used 5967K, capacity 6896K, committed 7040K, reserved 1056768K
  class space    used 594K, capacity 616K, committed 640K, reserved 1048576K
}
Event: 3.496 GC heap before
{Heap before GC invocations=3 (full 0):
 PSYoungGen      total 35328K, used 35322K [0x00000000eab00000, 0x00000000ed000000, 0x0000000100000000)
  eden space 32768K, 100% used [0x00000000eab00000,0x00000000ecb00000,0x00000000ecb00000)
  from space 2560K, 99% used [0x00000000ecd80000,0x00000000ecffea98,0x00000000ed000000)
  to   space 2560K, 0% used [0x00000000ecb00000,0x00000000ecb00000,0x00000000ecd80000)
 ParOldGen       total 44032K, used 2954K [0x00000000c0000000, 0x00000000c2b00000, 0x00000000eab00000)
  object space 44032K, 6% used [0x00000000c0000000,0x00000000c02e2b68,0x00000000c2b00000)
 Metaspace       used 6125K, capacity 7024K, committed 7296K, reserved 1056768K
  class space    used 596K, capacity 616K, committed 640K, reserved 1048576K
Event: 3.576 GC heap after
Heap after GC invocations=3 (full 0):
 PSYoungGen      total 35328K, used 2528K [0x00000000eab00000, 0x00000000ef000000, 0x0000000100000000)
  eden space 32768K, 0% used [0x00000000eab00000,0x00000000eab00000,0x00000000ecb00000)
  from space 2560K, 98% used [0x00000000ecb00000,0x00000000ecd78018,0x00000000ecd80000)
  to   space 2560K, 0% used [0x00000000eed80000,0x00000000eed80000,0x00000000ef000000)
 ParOldGen       total 44032K, used 7511K [0x00000000c0000000, 0x00000000c2b00000, 0x00000000eab00000)
  object space 44032K, 17% used [0x00000000c0000000,0x00000000c0755ef0,0x00000000c2b00000)
 Metaspace       used 6125K, capacity 7024K, committed 7296K, reserved 1056768K
  class space    used 596K, capacity 616K, committed 640K, reserved 1048576K
}
Event: 4.601 GC heap before
{Heap before GC invocations=4 (full 0):
 PSYoungGen      total 35328K, used 35296K [0x00000000eab00000, 0x00000000ef000000, 0x0000000100000000)
  eden space 32768K, 100% used [0x00000000eab00000,0x00000000ecb00000,0x00000000ecb00000)
  from space 2560K, 98% used [0x00000000ecb00000,0x00000000ecd78018,0x00000000ecd80000)
  to   space 2560K, 0% used [0x00000000eed80000,0x00000000eed80000,0x00000000ef000000)
 ParOldGen       total 44032K, used 7511K [0x00000000c0000000, 0x00000000c2b00000, 0x00000000eab00000)
  object space 44032K, 17% used [0x00000000c0000000,0x00000000c0755ef0,0x00000000c2b00000)
 Metaspace       used 6201K, capacity 7088K, committed 7296K, reserved 1056768K
  class space    used 596K, capacity 616K, committed 640K, reserved 1048576K
Event: 4.724 GC heap after
Heap after GC invocations=4 (full 0):
 PSYoungGen      total 68096K, used 2546K [0x00000000eab00000, 0x00000000ef000000, 0x0000000100000000)
  eden space 65536K, 0% used [0x00000000eab00000,0x00000000eab00000,0x00000000eeb00000)
  from space 2560K, 99% used [0x00000000eed80000,0x00000000eeffcbb0,0x00000000ef000000)
  to   space 2560K, 0% used [0x00000000eeb00000,0x00000000eeb00000,0x00000000eed80000)
 ParOldGen       total 44032K, used 12424K [0x00000000c0000000, 0x00000000c2b00000, 0x00000000eab00000)
  object space 44032K, 28% used [0x00000000c0000000,0x00000000c0c22180,0x00000000c2b00000)
 Metaspace       used 6201K, capacity 7088K, committed 7296K, reserved 1056768K
  class space    used 596K, capacity 616K, committed 640K, reserved 1048576K
}
Event: 7.914 GC heap before
{Heap before GC invocations=5 (full 0):
 PSYoungGen      total 68096K, used 68082K [0x00000000eab00000, 0x00000000ef000000, 0x0000000100000000)
  eden space 65536K, 100% used [0x00000000eab00000,0x00000000eeb00000,0x00000000eeb00000)
  from space 2560K, 99% used [0x00000000eed80000,0x00000000eeffcbb0,0x00000000ef000000)
  to   space 2560K, 0% used [0x00000000eeb00000,0x00000000eeb00000,0x00000000eed80000)
 ParOldGen       total 44032K, used 12424K [0x00000000c0000000, 0x00000000c2b00000, 0x00000000eab00000)
  object space 44032K, 28% used [0x00000000c0000000,0x00000000c0c22180,0x00000000c2b00000)
 Metaspace       used 6326K, capacity 7152K, committed 7296K, reserved 1056768K
  class space    used 599K, capacity 616K, committed 640K, reserved 1048576K
Event: 8.331 GC heap after
Heap after GC invocations=5 (full 0):
 PSYoungGen      total 68096K, used 2546K [0x00000000eab00000, 0x00000000ef000000, 0x0000000100000000)
  eden space 65536K, 0% used [0x00000000eab00000,0x00000000eab00000,0x00000000eeb00000)
  from space 2560K, 99% used [0x00000000eeb00000,0x00000000eed7cb98,0x00000000eed80000)
  to   space 2560K, 0% used [0x00000000eed80000,0x00000000eed80000,0x00000000ef000000)
 ParOldGen       total 44032K, used 22729K [0x00000000c0000000, 0x00000000c2b00000, 0x00000000eab00000)
  object space 44032K, 51% used [0x00000000c0000000,0x00000000c1632638,0x00000000c2b00000)
 Metaspace       used 6326K, capacity 7152K, committed 7296K, reserved 1056768K
  class space    used 599K, capacity 616K, committed 640K, reserved 1048576K
}

Deoptimization events (10 events):
Event: 4.779 Thread 0x000000001653d800 Uncommon trap: reason=bimorphic action=maybe_recompile pc=0x000000000268d888 method=java.util.HashMap.getNode(ILjava/lang/Object;)Ljava/util/HashMap$Node; @ 126
Event: 4.779 Thread 0x000000001653d800 Uncommon trap: reason=class_check action=maybe_recompile pc=0x00000000026da9cc method=java.util.HashMap.putVal(ILjava/lang/Object;Ljava/lang/Object;ZZ)Ljava/lang/Object; @ 203
Event: 4.779 Thread 0x000000001653d800 Uncommon trap: reason=class_check action=maybe_recompile pc=0x00000000026da9cc method=java.util.HashMap.putVal(ILjava/lang/Object;Ljava/lang/Object;ZZ)Ljava/lang/Object; @ 203
Event: 6.481 Thread 0x000000001653b800 Uncommon trap: reason=bimorphic action=maybe_recompile pc=0x000000000251eab0 method=java.util.HashMap.getNode(ILjava/lang/Object;)Ljava/util/HashMap$Node; @ 126
Event: 6.549 Thread 0x0000000016581800 Uncommon trap: reason=class_check action=maybe_recompile pc=0x000000000295e308 method=com.android.dx.cf.code.Ropper.processBlock(Lcom/android/dx/cf/code/ByteBlock;Lcom/android/dx/cf/code/Frame;[I)V @ 711
Event: 6.549 Thread 0x0000000016581800 Uncommon trap: reason=unstable_if action=reinterpret pc=0x0000000002960e4c method=com.android.dx.cf.code.Merger.mergeLocals(Lcom/android/dx/cf/code/OneLocalsArray;Lcom/android/dx/cf/code/OneLocalsArray;)Lcom/android/dx/cf/code/OneLocalsArray; @ 2
Event: 7.109 Thread 0x0000000016581800 Uncommon trap: reason=bimorphic action=maybe_recompile pc=0x00000000028e1978 method=com.android.dx.cf.code.BytecodeArray.parseInstruction(ILcom/android/dx/cf/code/BytecodeArray$Visitor;)I @ 2281
Event: 7.109 Thread 0x0000000016581800 Uncommon trap: reason=bimorphic action=maybe_recompile pc=0x00000000028e1978 method=com.android.dx.cf.code.BytecodeArray.parseInstruction(ILcom/android/dx/cf/code/BytecodeArray$Visitor;)I @ 2281
Event: 7.119 Thread 0x0000000016581800 Uncommon trap: reason=unstable_if action=reinterpret pc=0x00000000028e5904 method=com.android.dx.cf.code.ByteCatchList.listFor(I)Lcom/android/dx/cf/code/ByteCatchList; @ 47
Event: 8.389 Thread 0x0000000016581800 Uncommon trap: reason=class_check action=maybe_recompile pc=0x00000000027ecba4 method=com.android.dx.ssa.SCCP.simulateBranch(Lcom/android/dx/ssa/SsaInsn;)V @ 145

Internal exceptions (2 events):
Event: 0.072 Thread 0x0000000002110800 Exception <a 'java/lang/NoSuchMethodError': Method sun.misc.Unsafe.defineClass(Ljava/lang/String;[BII)Ljava/lang/Class; name or signature does not match> (0x00000000eab0d860) thrown at [C:\re\workspace\8-2-build-windows-amd64-cygwin\jdk8u66\5298\hotspot\srŒ≈»SWr≤?
Event: 0.072 Thread 0x0000000002110800 Exception <a 'java/lang/NoSuchMethodError': Method sun.misc.Unsafe.prefetchRead(Ljava/lang/Object;J)V name or signature does not match> (0x00000000eab0db48) thrown at [C:\re\workspace\8-2-build-windows-amd64-cygwin\jdk8u66\5298\hotspot\src\share\vm\prims\j

Events (10 events):
Event: 7.474 loading class com/android/dx/rop/code/RegisterSpec$1 done
Event: 7.762 Executing VM operation: ParallelGCFailedAllocation
Event: 8.331 Executing VM operation: ParallelGCFailedAllocation done
Event: 8.332 Thread 0x0000000016581800 DEOPT PACKING pc=0x0000000002706b2d sp=0x00000000171deb30
Event: 8.332 Thread 0x0000000016581800 DEOPT UNPACKING pc=0x00000000022f787f sp=0x00000000171de898 mode 0
Event: 8.389 Thread 0x0000000016581800 Uncommon trap: trap_request=0xffffffde fr.pc=0x00000000027ecba4
Event: 8.389 Thread 0x0000000016581800 DEOPT PACKING pc=0x00000000027ecba4 sp=0x00000000171de930
Event: 8.389 Thread 0x0000000016581800 DEOPT UNPACKING pc=0x00000000022f582a sp=0x00000000171de8d8 mode 2
Event: 8.389 Thread 0x000000001653b800 DEOPT PACKING pc=0x00000000026d578a sp=0x00000000173dea80
Event: 8.389 Thread 0x000000001653b800 DEOPT UNPACKING pc=0x00000000022f787f sp=0x00000000173de8c0 mode 0


Dynamic libraries:
0x00007ff7e1010000 - 0x00007ff7e1047000 	C:\Program Files\Java\jdk1.8.0_66\bin\java.exe
0x00007ffbf7d80000 - 0x00007ffbf7f41000 	C:\Windows\SYSTEM32\ntdll.dll
0x00007ffbf51e0000 - 0x00007ffbf528d000 	C:\Windows\system32\KERNEL32.DLL
0x00007ffbf44c0000 - 0x00007ffbf46a8000 	C:\Windows\system32\KERNELBASE.dll
0x00007ffbf7760000 - 0x00007ffbf7807000 	C:\Windows\system32\ADVAPI32.dll
0x00007ffbf5300000 - 0x00007ffbf539d000 	C:\Windows\system32\msvcrt.dll
0x00007ffbf53b0000 - 0x00007ffbf540b000 	C:\Windows\system32\sechost.dll
0x00007ffbf7c60000 - 0x00007ffbf7d7c000 	C:\Windows\system32\RPCRT4.dll
0x00007ffbf7810000 - 0x00007ffbf7966000 	C:\Windows\system32\USER32.dll
0x00007ffbf5410000 - 0x00007ffbf5596000 	C:\Windows\system32\GDI32.dll
0x00007ffbe7e40000 - 0x00007ffbe80b4000 	C:\Windows\WinSxS\amd64_microsoft.windows.common-controls_6595b64144ccf1df_6.0.10586.0_none_8c15ae12515e1c22\COMCTL32.dll
0x00007ffbf79e0000 - 0x00007ffbf7c5d000 	C:\Windows\system32\combase.dll
0x00007ffbf46b0000 - 0x00007ffbf471a000 	C:\Windows\system32\bcryptPrimitives.dll
0x00007ffbf72f0000 - 0x00007ffbf732b000 	C:\Windows\system32\IMM32.DLL
0x000000006ede0000 - 0x000000006eeb2000 	C:\Program Files\Java\jdk1.8.0_66\jre\bin\msvcr100.dll
0x000000006f410000 - 0x000000006fc99000 	C:\Program Files\Java\jdk1.8.0_66\jre\bin\server\jvm.dll
0x00007ffbf6ee0000 - 0x00007ffbf6ee8000 	C:\Windows\system32\PSAPI.DLL
0x00007ffbf0fb0000 - 0x00007ffbf0fb9000 	C:\Windows\SYSTEM32\WSOCK32.dll
0x00007ffbf7280000 - 0x00007ffbf72eb000 	C:\Windows\system32\WS2_32.dll
0x00007ffbf2ad0000 - 0x00007ffbf2af3000 	C:\Windows\SYSTEM32\WINMM.dll
0x00007ffbe75f0000 - 0x00007ffbe75fa000 	C:\Windows\SYSTEM32\VERSION.dll
0x00007ffbf2a70000 - 0x00007ffbf2a9c000 	C:\Windows\SYSTEM32\WINMMBASE.dll
0x00007ffbf4f60000 - 0x00007ffbf4fa3000 	C:\Windows\system32\cfgmgr32.dll
0x000000006f400000 - 0x000000006f40f000 	C:\Program Files\Java\jdk1.8.0_66\jre\bin\verify.dll
0x000000006f3d0000 - 0x000000006f3f9000 	C:\Program Files\Java\jdk1.8.0_66\jre\bin\java.dll
0x000000006f3b0000 - 0x000000006f3c6000 	C:\Program Files\Java\jdk1.8.0_66\jre\bin\zip.dll
0x00007ffbf5980000 - 0x00007ffbf6edc000 	C:\Windows\system32\SHELL32.dll
0x00007ffbf47d0000 - 0x00007ffbf4e14000 	C:\Windows\system32\windows.storage.dll
0x00007ffbf7220000 - 0x00007ffbf7272000 	C:\Windows\system32\shlwapi.dll
0x00007ffbf4410000 - 0x00007ffbf441f000 	C:\Windows\system32\kernel.appcore.dll
0x00007ffbf4ea0000 - 0x00007ffbf4f55000 	C:\Windows\system32\shcore.dll
0x00007ffbf43c0000 - 0x00007ffbf440b000 	C:\Windows\system32\powrprof.dll
0x00007ffbf43a0000 - 0x00007ffbf43b4000 	C:\Windows\system32\profapi.dll

VM Arguments:
jvm_args: -Djava.awt.headless=true -Xmx1024M -Dfile.encoding=windows-1252 -Duser.country=IT -Duser.language=it -Duser.variant 
java_command: com.android.dx.command.Main --dex --num-threads=4 --output C:\Users\Davide\AndroidStudioProjects\MioMeteo\app\build\intermediates\pre-dexed\debug\com.google.android.gms-play-services-analytics-impl-9.0.0_ebab9f509cd8cda02a0ea8ef499408b27185041a.jar C:\Users\Davide\AndroidStudioProjects\MioMeteo\app\build\intermediates\exploded-aar\com.google.android.gms\play-services-analytics-impl\9.0.0\jars\classes.jar
java_class_path (initial): C:\Users\Davide\AppData\Local\Android\sdk\build-tools\23.0.3\lib\dx.jar
Launcher Type: SUN_STANDARD

Environment Variables:
PATH=C:\ProgramData\Oracle\Java\javapath;C:\Program Files (x86)\Intel\iCLS Client\;C:\Program Files\Intel\iCLS Client\;C:\Windows\system32;C:\Windows;C:\Windows\System32\Wbem;C:\Windows\System32\WindowsPowerShell\v1.0\;c:\Program Files\Intel\WiFi\bin\;c:\Program Files\Common Files\Intel\WirelessCommon\;C:\Program Files\Intel\Intel(R) Management Engine Components\DAL;C:\Program Files (x86)\Intel\Intel(R) Management Engine Components\DAL;C:\Program Files\Intel\Intel(R) Management Engine Components\IPT;C:\Program Files (x86)\Intel\Intel(R) Management Engine Components\IPT;C:\Program Files\Hewlett-Packard\SimplePass\;C:\Program Files\Java\jdk1.8.0_66\bin;C:\Program Files\TortoiseSVN\bin;C:\Program Files (x86)\MySQL\MySQL Fabric 1.5 & MySQL Utilities 1.5\;C:\Program Files (x86)\MySQL\MySQL Fabric 1.5 & MySQL Utilities 1.5\Doctrine extensions for PHP\;C:\Program Files (x86)\Skype\Phone\
USERNAME=Davide
OS=Windows_NT
PROCESSOR_IDENTIFIER=Intel64 Family 6 Model 61 Stepping 4, GenuineIntel



---------------  S Y S T E M  ---------------

OS: Windows 10.0 , 64 bit Build 10586 (10.0.10586.0)

CPU:total 4 (2 cores per cpu, 2 threads per core) family 6 model 61 stepping 4, cmov, cx8, fxsr, mmx, sse, sse2, sse3, ssse3, sse4.1, sse4.2, popcnt, avx, avx2, aes, clmul, erms, 3dnowpref, lzcnt, ht, tsc, tscinvbit, bmi1, bmi2, adx

Memory: 4k page, physical 4109328k(286452k free), swap 5157904k(5148k free)

vm_info: Java HotSpot(TM) 64-Bit Server VM (25.66-b18) for windows-amd64 JRE (1.8.0_66-b18), built on Nov  9 2015 10:51:13 by "java_re" with MS VC++ 10.0 (VS2010)

time: Tue May 31 21:32:08 2016
elapsed time: 8 seconds (0d 0h 0m 8s)

