#
# There is insufficient memory for the Java Runtime Environment to continue.
# Native memory allocation (malloc) failed to allocate 1055376 bytes for Chunk::new
# Possible reasons:
#   The system is out of physical RAM or swap space
#   In 32 bit mode, the process size limit was hit
# Possible solutions:
#   Reduce memory load on the system
#   Increase physical memory or swap space
#   Check if swap backing store is full
#   Use 64 bit Java on a 64 bit OS
#   Decrease Java heap size (-Xmx/-Xms)
#   Decrease number of Java threads
#   Decrease Java thread stack sizes (-Xss)
#   Set larger code cache with -XX:ReservedCodeCacheSize=
# This output file may be truncated or incomplete.
#
#  Out of Memory Error (allocation.cpp:390), pid=7964, tid=492
#
# JRE version: Java(TM) SE Runtime Environment (8.0_66-b18) (build 1.8.0_66-b18)
# Java VM: Java HotSpot(TM) 64-Bit Server VM (25.66-b18 mixed mode windows-amd64 compressed oops)
# Failed to write core dump. Minidumps are not enabled by default on client versions of Windows
#

---------------  T H R E A D  ---------------

Current thread (0x00000000149fe800):  JavaThread "C2 CompilerThread1" daemon [_thread_in_native, id=492, stack(0x0000000016140000,0x0000000016240000)]

Stack: [0x0000000016140000,0x0000000016240000]
[error occurred during error reporting (printing stack bounds), id 0xc0000005]

Native frames: (J=compiled Java code, j=interpreted, Vv=VM code, C=native code)


Current CompileTask:
C2:  11243 1344       4       com.android.dx.ssa.SCCP::simulateBranch (666 bytes)


---------------  P R O C E S S  ---------------

Java Threads: ( => current thread )
  0x0000000016603000 JavaThread "pool-1-thread-4" [_thread_blocked, id=3268, stack(0x0000000016d40000,0x0000000016e40000)]
  0x0000000016602000 JavaThread "pool-1-thread-3" [_thread_blocked, id=8012, stack(0x0000000016c40000,0x0000000016d40000)]
  0x0000000016601000 JavaThread "pool-1-thread-2" [_thread_blocked, id=4216, stack(0x0000000016b40000,0x0000000016c40000)]
  0x0000000016593800 JavaThread "pool-2-thread-1" [_thread_blocked, id=7868, stack(0x0000000016a40000,0x0000000016b40000)]
  0x0000000016593000 JavaThread "pool-1-thread-1" [_thread_blocked, id=1060, stack(0x0000000016940000,0x0000000016a40000)]
  0x0000000016345800 JavaThread "Service Thread" daemon [_thread_blocked, id=5540, stack(0x0000000016740000,0x0000000016840000)]
  0x0000000014a3c000 JavaThread "C1 CompilerThread2" daemon [_thread_blocked, id=3368, stack(0x0000000016240000,0x0000000016340000)]
=>0x00000000149fe800 JavaThread "C2 CompilerThread1" daemon [_thread_in_native, id=492, stack(0x0000000016140000,0x0000000016240000)]
  0x00000000149dc800 JavaThread "C2 CompilerThread0" daemon [_thread_blocked, id=944, stack(0x0000000016040000,0x0000000016140000)]
  0x00000000149da800 JavaThread "Attach Listener" daemon [_thread_blocked, id=4784, stack(0x0000000015f40000,0x0000000016040000)]
  0x00000000149d9800 JavaThread "Signal Dispatcher" daemon [_thread_blocked, id=4308, stack(0x0000000015e40000,0x0000000015f40000)]
  0x0000000002300800 JavaThread "Finalizer" daemon [_thread_blocked, id=2176, stack(0x0000000015c40000,0x0000000015d40000)]
  0x00000000022fd000 JavaThread "Reference Handler" daemon [_thread_blocked, id=4800, stack(0x0000000015b40000,0x0000000015c40000)]
  0x0000000002210800 JavaThread "main" [_thread_blocked, id=6772, stack(0x0000000002030000,0x0000000002130000)]

Other Threads:
  0x00000000149a8000 VMThread [stack: 0x0000000015a40000,0x0000000015b40000] [id=4640]
  0x0000000016351800 WatcherThread [stack: 0x0000000016840000,0x0000000016940000] [id=6852]

VM state:not at safepoint (normal execution)

VM Mutex/Monitor currently owned by a thread: None

Heap:
 PSYoungGen      total 35328K, used 7176K [0x00000000eab00000, 0x00000000ed000000, 0x0000000100000000)
  eden space 32768K, 14% used [0x00000000eab00000,0x00000000eaf8a218,0x00000000ecb00000)
  from space 2560K, 98% used [0x00000000ecd80000,0x00000000ecff8038,0x00000000ed000000)
  to   space 2560K, 0% used [0x00000000ecb00000,0x00000000ecb00000,0x00000000ecd80000)
 ParOldGen       total 44032K, used 3773K [0x00000000c0000000, 0x00000000c2b00000, 0x00000000eab00000)
  object space 44032K, 8% used [0x00000000c0000000,0x00000000c03af4b0,0x00000000c2b00000)
 Metaspace       used 6064K, capacity 6960K, committed 7040K, reserved 1056768K
  class space    used 600K, capacity 616K, committed 640K, reserved 1048576K

Card table byte_map: [0x00000000116d0000,0x00000000118e0000] byte_map_base: 0x00000000110d0000

Marking Bits: (ParMarkBitMap*) 0x000000006fc1a5b0
 Begin Bits: [0x0000000011e40000, 0x0000000012e40000)
 End Bits:   [0x0000000012e40000, 0x0000000013e40000)

Polling page: 0x0000000000510000

CodeCache: size=245760Kb used=5517Kb max_used=5522Kb free=240242Kb
 bounds [0x0000000002310000, 0x0000000002880000, 0x0000000011310000]
 total_blobs=1599 nmethods=1331 adapters=181
 compilation: enabled

Compilation events (10 events):
Event: 11.079 Thread 0x0000000014a3c000 1347       3       java.util.concurrent.locks.ReentrantLock$Sync::isHeldExclusively (16 bytes)
Event: 11.080 Thread 0x0000000014a3c000 nmethod 1347 0x000000000286d810 code [0x000000000286d980, 0x000000000286dbf0]
Event: 11.080 Thread 0x00000000149dc800 1348   !   4       com.android.dx.rop.code.BasicBlock::<init> (273 bytes)
Event: 11.092 Thread 0x00000000149dc800 nmethod 1348 0x0000000002875090 code [0x0000000002875200, 0x0000000002875858]
Event: 11.092 Thread 0x00000000149dc800 1349       4       com.android.dx.dex.code.RopToDop::dopFor (792 bytes)
Event: 11.137 Thread 0x00000000149dc800 nmethod 1349 0x0000000002876010 code [0x00000000028764e0, 0x0000000002877550]
Event: 11.139 Thread 0x0000000014a3c000 1350       3       java.lang.String::<init> (15 bytes)
Event: 11.140 Thread 0x0000000014a3c000 nmethod 1350 0x0000000002858f50 code [0x00000000028590e0, 0x00000000028594c8]
Event: 11.141 Thread 0x00000000149dc800 1351       4       com.android.dx.rop.cst.CstString::utf8BytesToString (391 bytes)
Event: 11.157 Thread 0x00000000149dc800 nmethod 1351 0x0000000002878c10 code [0x0000000002878ea0, 0x00000000028797b0]

GC Heap History (4 events):
Event: 7.455 GC heap before
{Heap before GC invocations=1 (full 0):
 PSYoungGen      total 18944K, used 16384K [0x00000000eab00000, 0x00000000ec000000, 0x0000000100000000)
  eden space 16384K, 100% used [0x00000000eab00000,0x00000000ebb00000,0x00000000ebb00000)
  from space 2560K, 0% used [0x00000000ebd80000,0x00000000ebd80000,0x00000000ec000000)
  to   space 2560K, 0% used [0x00000000ebb00000,0x00000000ebb00000,0x00000000ebd80000)
 ParOldGen       total 44032K, used 0K [0x00000000c0000000, 0x00000000c2b00000, 0x00000000eab00000)
  object space 44032K, 0% used [0x00000000c0000000,0x00000000c0000000,0x00000000c2b00000)
 Metaspace       used 5721K, capacity 6640K, committed 6784K, reserved 1056768K
  class space    used 596K, capacity 616K, committed 640K, reserved 1048576K
Event: 7.594 GC heap after
Heap after GC invocations=1 (full 0):
 PSYoungGen      total 18944K, used 2538K [0x00000000eab00000, 0x00000000ed000000, 0x0000000100000000)
  eden space 16384K, 0% used [0x00000000eab00000,0x00000000eab00000,0x00000000ebb00000)
  from space 2560K, 99% used [0x00000000ebb00000,0x00000000ebd7aaa8,0x00000000ebd80000)
  to   space 2560K, 0% used [0x00000000ecd80000,0x00000000ecd80000,0x00000000ed000000)
 ParOldGen       total 44032K, used 1496K [0x00000000c0000000, 0x00000000c2b00000, 0x00000000eab00000)
  object space 44032K, 3% used [0x00000000c0000000,0x00000000c01763e8,0x00000000c2b00000)
 Metaspace       used 5721K, capacity 6640K, committed 6784K, reserved 1056768K
  class space    used 596K, capacity 616K, committed 640K, reserved 1048576K
}
Event: 10.135 GC heap before
{Heap before GC invocations=2 (full 0):
 PSYoungGen      total 18944K, used 18922K [0x00000000eab00000, 0x00000000ed000000, 0x0000000100000000)
  eden space 16384K, 100% used [0x00000000eab00000,0x00000000ebb00000,0x00000000ebb00000)
  from space 2560K, 99% used [0x00000000ebb00000,0x00000000ebd7aaa8,0x00000000ebd80000)
  to   space 2560K, 0% used [0x00000000ecd80000,0x00000000ecd80000,0x00000000ed000000)
 ParOldGen       total 44032K, used 1496K [0x00000000c0000000, 0x00000000c2b00000, 0x00000000eab00000)
  object space 44032K, 3% used [0x00000000c0000000,0x00000000c01763e8,0x00000000c2b00000)
 Metaspace       used 6026K, capacity 6960K, committed 7040K, reserved 1056768K
  class space    used 600K, capacity 616K, committed 640K, reserved 1048576K
Event: 10.447 GC heap after
Heap after GC invocations=2 (full 0):
 PSYoungGen      total 35328K, used 2528K [0x00000000eab00000, 0x00000000ed000000, 0x0000000100000000)
  eden space 32768K, 0% used [0x00000000eab00000,0x00000000eab00000,0x00000000ecb00000)
  from space 2560K, 98% used [0x00000000ecd80000,0x00000000ecff8038,0x00000000ed000000)
  to   space 2560K, 0% used [0x00000000ecb00000,0x00000000ecb00000,0x00000000ecd80000)
 ParOldGen       total 44032K, used 3773K [0x00000000c0000000, 0x00000000c2b00000, 0x00000000eab00000)
  object space 44032K, 8% used [0x00000000c0000000,0x00000000c03af4b0,0x00000000c2b00000)
 Metaspace       used 6026K, capacity 6960K, committed 7040K, reserved 1056768K
  class space    used 600K, capacity 616K, committed 640K, reserved 1048576K
}

Deoptimization events (10 events):
Event: 9.174 Thread 0x0000000016601000 Uncommon trap: reason=unstable_if action=reinterpret pc=0x00000000025d18a4 method=com.android.dx.rop.code.RegisterSpec.equals(ILcom/android/dx/rop/type/TypeBearer;Lcom/android/dx/rop/code/LocalItem;)Z @ 16
Event: 9.174 Thread 0x0000000016601000 Uncommon trap: reason=unstable_if action=reinterpret pc=0x0000000002694c90 method=com.android.dx.rop.code.RegisterSpec.equals(ILcom/android/dx/rop/type/TypeBearer;Lcom/android/dx/rop/code/LocalItem;)Z @ 16
Event: 9.383 Thread 0x0000000016601000 Uncommon trap: reason=unstable_if action=reinterpret pc=0x0000000002704fc4 method=com.android.dx.rop.code.RegisterSpec.equals(ILcom/android/dx/rop/type/TypeBearer;Lcom/android/dx/rop/code/LocalItem;)Z @ 16
Event: 9.384 Thread 0x0000000016601000 Uncommon trap: reason=unstable_if action=reinterpret pc=0x000000000274c770 method=com.android.dx.util.LabeledList.set(ILcom/android/dx/util/LabeledItem;)V @ 16
Event: 9.385 Thread 0x0000000002210800 Uncommon trap: reason=unstable_if action=reinterpret pc=0x00000000025db810 method=java.lang.String.<init>([CII)V @ 18
Event: 9.406 Thread 0x0000000002210800 Uncommon trap: reason=bimorphic action=maybe_recompile pc=0x00000000026adc5c method=java.util.HashMap.getNode(ILjava/lang/Object;)Ljava/util/HashMap$Node; @ 126
Event: 9.646 Thread 0x0000000016603000 Uncommon trap: reason=bimorphic action=maybe_recompile pc=0x00000000026adc5c method=java.util.HashMap.getNode(ILjava/lang/Object;)Ljava/util/HashMap$Node; @ 126
Event: 10.560 Thread 0x0000000016602000 Uncommon trap: reason=unstable_if action=reinterpret pc=0x00000000026adc1c method=com.android.dx.rop.code.RegisterSpec.equals(ILcom/android/dx/rop/type/TypeBearer;Lcom/android/dx/rop/code/LocalItem;)Z @ 16
Event: 10.562 Thread 0x0000000016602000 Uncommon trap: reason=bimorphic action=maybe_recompile pc=0x000000000280ad44 method=com.android.dx.cf.code.BytecodeArray.parseInstruction(ILcom/android/dx/cf/code/BytecodeArray$Visitor;)I @ 907
Event: 10.562 Thread 0x0000000016602000 Uncommon trap: reason=bimorphic action=maybe_recompile pc=0x000000000280ad44 method=com.android.dx.cf.code.BytecodeArray.parseInstruction(ILcom/android/dx/cf/code/BytecodeArray$Visitor;)I @ 907

Internal exceptions (2 events):
Event: 3.849 Thread 0x0000000002210800 Exception <a 'java/lang/NoSuchMethodError': Method sun.misc.Unsafe.defineClass(Ljava/lang/String;[BII)Ljava/lang/Class; name or signature does not match> (0x00000000eab0d838) thrown at [C:\re\workspace\8-2-build-windows-amd64-cygwin\jdk8u66\5298\hotspot\sržG06Ê@
Event: 3.849 Thread 0x0000000002210800 Exception <a 'java/lang/NoSuchMethodError': Method sun.misc.Unsafe.prefetchRead(Ljava/lang/Object;J)V name or signature does not match> (0x00000000eab0db20) thrown at [C:\re\workspace\8-2-build-windows-amd64-cygwin\jdk8u66\5298\hotspot\src\share\vm\prims\j

Events (10 events):
Event: 10.560 Thread 0x0000000016602000 DEOPT PACKING pc=0x00000000026adc1c sp=0x0000000016d3e000
Event: 10.560 Thread 0x0000000016602000 DEOPT UNPACKING pc=0x000000000235582a sp=0x0000000016d3de40 mode 2
Event: 10.562 Thread 0x0000000016602000 Uncommon trap: trap_request=0xffffffc6 fr.pc=0x000000000280ad44
Event: 10.562 Thread 0x0000000016602000 DEOPT PACKING pc=0x000000000280ad44 sp=0x0000000016d3e7b0
Event: 10.562 Thread 0x0000000016602000 DEOPT UNPACKING pc=0x000000000235582a sp=0x0000000016d3e738 mode 2
Event: 10.562 Thread 0x0000000016602000 Uncommon trap: trap_request=0xffffffc6 fr.pc=0x000000000280ad44
Event: 10.562 Thread 0x0000000016602000 DEOPT PACKING pc=0x000000000280ad44 sp=0x0000000016d3e580
Event: 10.562 Thread 0x0000000016602000 DEOPT UNPACKING pc=0x000000000235582a sp=0x0000000016d3e508 mode 2
Event: 10.613 Thread 0x0000000016601000 DEOPT PACKING pc=0x0000000002670970 sp=0x0000000016c3ecb0
Event: 10.613 Thread 0x0000000016601000 DEOPT UNPACKING pc=0x000000000235787f sp=0x0000000016c3ea78 mode 0


Dynamic libraries:
0x00007ff7e1010000 - 0x00007ff7e1047000 	C:\Program Files\Java\jdk1.8.0_66\bin\java.exe
0x00007ffbf7d80000 - 0x00007ffbf7f41000 	C:\Windows\SYSTEM32\ntdll.dll
0x00007ffbf51e0000 - 0x00007ffbf528d000 	C:\Windows\system32\KERNEL32.DLL
0x00007ffbf44c0000 - 0x00007ffbf46a8000 	C:\Windows\system32\KERNELBASE.dll
0x00007ffbf7760000 - 0x00007ffbf7807000 	C:\Windows\system32\ADVAPI32.dll
0x00007ffbf5300000 - 0x00007ffbf539d000 	C:\Windows\system32\msvcrt.dll
0x00007ffbf53b0000 - 0x00007ffbf540b000 	C:\Windows\system32\sechost.dll
0x00007ffbf7c60000 - 0x00007ffbf7d7c000 	C:\Windows\system32\RPCRT4.dll
0x00007ffbf7810000 - 0x00007ffbf7966000 	C:\Windows\system32\USER32.dll
0x00007ffbf5410000 - 0x00007ffbf5596000 	C:\Windows\system32\GDI32.dll
0x00007ffbe7e40000 - 0x00007ffbe80b4000 	C:\Windows\WinSxS\amd64_microsoft.windows.common-controls_6595b64144ccf1df_6.0.10586.0_none_8c15ae12515e1c22\COMCTL32.dll
0x00007ffbf79e0000 - 0x00007ffbf7c5d000 	C:\Windows\system32\combase.dll
0x00007ffbf46b0000 - 0x00007ffbf471a000 	C:\Windows\system32\bcryptPrimitives.dll
0x00007ffbf72f0000 - 0x00007ffbf732b000 	C:\Windows\system32\IMM32.DLL
0x000000006ede0000 - 0x000000006eeb2000 	C:\Program Files\Java\jdk1.8.0_66\jre\bin\msvcr100.dll
0x000000006f410000 - 0x000000006fc99000 	C:\Program Files\Java\jdk1.8.0_66\jre\bin\server\jvm.dll
0x00007ffbf6ee0000 - 0x00007ffbf6ee8000 	C:\Windows\system32\PSAPI.DLL
0x00007ffbf0fb0000 - 0x00007ffbf0fb9000 	C:\Windows\SYSTEM32\WSOCK32.dll
0x00007ffbf7280000 - 0x00007ffbf72eb000 	C:\Windows\system32\WS2_32.dll
0x00007ffbf2ad0000 - 0x00007ffbf2af3000 	C:\Windows\SYSTEM32\WINMM.dll
0x00007ffbe75f0000 - 0x00007ffbe75fa000 	C:\Windows\SYSTEM32\VERSION.dll
0x00007ffbf2a70000 - 0x00007ffbf2a9c000 	C:\Windows\SYSTEM32\WINMMBASE.dll
0x00007ffbf4f60000 - 0x00007ffbf4fa3000 	C:\Windows\system32\cfgmgr32.dll
0x000000006f400000 - 0x000000006f40f000 	C:\Program Files\Java\jdk1.8.0_66\jre\bin\verify.dll
0x000000006f3d0000 - 0x000000006f3f9000 	C:\Program Files\Java\jdk1.8.0_66\jre\bin\java.dll
0x000000006f3b0000 - 0x000000006f3c6000 	C:\Program Files\Java\jdk1.8.0_66\jre\bin\zip.dll
0x00007ffbf5980000 - 0x00007ffbf6edc000 	C:\Windows\system32\SHELL32.dll
0x00007ffbf47d0000 - 0x00007ffbf4e14000 	C:\Windows\system32\windows.storage.dll
0x00007ffbf7220000 - 0x00007ffbf7272000 	C:\Windows\system32\shlwapi.dll
0x00007ffbf4410000 - 0x00007ffbf441f000 	C:\Windows\system32\kernel.appcore.dll
0x00007ffbf4ea0000 - 0x00007ffbf4f55000 	C:\Windows\system32\shcore.dll
0x00007ffbf43c0000 - 0x00007ffbf440b000 	C:\Windows\system32\powrprof.dll
0x00007ffbf43a0000 - 0x00007ffbf43b4000 	C:\Windows\system32\profapi.dll

VM Arguments:
jvm_args: -Djava.awt.headless=true -Xmx1024M -Dfile.encoding=windows-1252 -Duser.country=IT -Duser.language=it -Duser.variant 
java_command: com.android.dx.command.Main --dex --num-threads=4 --output C:\Users\Davide\AndroidStudioProjects\MioMeteo\app\build\intermediates\pre-dexed\debug\com.google.android.gms-play-services-auth-9.0.0_c33dbe7e64085aabdea124b80b7df32442c53666.jar C:\Users\Davide\AndroidStudioProjects\MioMeteo\app\build\intermediates\exploded-aar\com.google.android.gms\play-services-auth\9.0.0\jars\classes.jar
java_class_path (initial): C:\Users\Davide\AppData\Local\Android\sdk\build-tools\23.0.3\lib\dx.jar
Launcher Type: SUN_STANDARD

Environment Variables:
PATH=C:\ProgramData\Oracle\Java\javapath;C:\Program Files (x86)\Intel\iCLS Client\;C:\Program Files\Intel\iCLS Client\;C:\Windows\system32;C:\Windows;C:\Windows\System32\Wbem;C:\Windows\System32\WindowsPowerShell\v1.0\;c:\Program Files\Intel\WiFi\bin\;c:\Program Files\Common Files\Intel\WirelessCommon\;C:\Program Files\Intel\Intel(R) Management Engine Components\DAL;C:\Program Files (x86)\Intel\Intel(R) Management Engine Components\DAL;C:\Program Files\Intel\Intel(R) Management Engine Components\IPT;C:\Program Files (x86)\Intel\Intel(R) Management Engine Components\IPT;C:\Program Files\Hewlett-Packard\SimplePass\;C:\Program Files\Java\jdk1.8.0_66\bin;C:\Program Files\TortoiseSVN\bin;C:\Program Files (x86)\MySQL\MySQL Fabric 1.5 & MySQL Utilities 1.5\;C:\Program Files (x86)\MySQL\MySQL Fabric 1.5 & MySQL Utilities 1.5\Doctrine extensions for PHP\;C:\Program Files (x86)\Skype\Phone\
USERNAME=Davide
OS=Windows_NT
PROCESSOR_IDENTIFIER=Intel64 Family 6 Model 61 Stepping 4, GenuineIntel



---------------  S Y S T E M  ---------------

OS: Windows 10.0 , 64 bit Build 10586 (10.0.10586.0)

CPU:total 4 (2 cores per cpu, 2 threads per core) family 6 model 61 stepping 4, cmov, cx8, fxsr, mmx, sse, sse2, sse3, ssse3, sse4.1, sse4.2, popcnt, avx, avx2, aes, clmul, erms, 3dnowpref, lzcnt, ht, tsc, tscinvbit, bmi1, bmi2, adx

Memory: 4k page, physical 4109328k(272064k free), swap 5157904k(5720k free)

vm_info: Java HotSpot(TM) 64-Bit Server VM (25.66-b18) for windows-amd64 JRE (1.8.0_66-b18), built on Nov  9 2015 10:51:13 by "java_re" with MS VC++ 10.0 (VS2010)

time: Tue May 31 21:17:10 2016
elapsed time: 11 seconds (0d 0h 0m 11s)

