#
# There is insufficient memory for the Java Runtime Environment to continue.
# Native memory allocation (malloc) failed to allocate 508496 bytes for Chunk::new
# Possible reasons:
#   The system is out of physical RAM or swap space
#   In 32 bit mode, the process size limit was hit
# Possible solutions:
#   Reduce memory load on the system
#   Increase physical memory or swap space
#   Check if swap backing store is full
#   Use 64 bit Java on a 64 bit OS
#   Decrease Java heap size (-Xmx/-Xms)
#   Decrease number of Java threads
#   Decrease Java thread stack sizes (-Xss)
#   Set larger code cache with -XX:ReservedCodeCacheSize=
# This output file may be truncated or incomplete.
#
#  Out of Memory Error (allocation.cpp:390), pid=7516, tid=7468
#
# JRE version: Java(TM) SE Runtime Environment (8.0_66-b18) (build 1.8.0_66-b18)
# Java VM: Java HotSpot(TM) 64-Bit Server VM (25.66-b18 mixed mode windows-amd64 compressed oops)
# Failed to write core dump. Minidumps are not enabled by default on client versions of Windows
#

---------------  T H R E A D  ---------------

Current thread (0x0000000014950000):  JavaThread "C2 CompilerThread1" daemon [_thread_in_native, id=7468, stack(0x00000000160b0000,0x00000000161b0000)]

Stack: [0x00000000160b0000,0x00000000161b0000]
[error occurred during error reporting (printing stack bounds), id 0xc0000005]

Native frames: (J=compiled Java code, j=interpreted, Vv=VM code, C=native code)


Current CompileTask:
C2:   2936 1232       4       com.android.dx.ssa.SCCP::simulateBranch (666 bytes)


---------------  P R O C E S S  ---------------

Java Threads: ( => current thread )
  0x0000000016336000 JavaThread "pool-2-thread-3" [_thread_in_Java, id=212, stack(0x0000000016bb0000,0x0000000016cb0000)]
  0x000000001632e800 JavaThread "pool-3-thread-1" [_thread_blocked, id=6812, stack(0x00000000169b0000,0x0000000016ab0000)]
  0x00000000161c6800 JavaThread "Service Thread" daemon [_thread_blocked, id=6136, stack(0x00000000166b0000,0x00000000167b0000)]
  0x00000000161b8800 JavaThread "C1 CompilerThread2" daemon [_thread_blocked, id=8176, stack(0x00000000165b0000,0x00000000166b0000)]
=>0x0000000014950000 JavaThread "C2 CompilerThread1" daemon [_thread_in_native, id=7468, stack(0x00000000160b0000,0x00000000161b0000)]
  0x000000001494d000 JavaThread "C2 CompilerThread0" daemon [_thread_blocked, id=3284, stack(0x0000000015fb0000,0x00000000160b0000)]
  0x000000001494b000 JavaThread "Attach Listener" daemon [_thread_blocked, id=2484, stack(0x0000000015eb0000,0x0000000015fb0000)]
  0x000000001494a000 JavaThread "Signal Dispatcher" daemon [_thread_blocked, id=2548, stack(0x0000000015db0000,0x0000000015eb0000)]
  0x0000000002270800 JavaThread "Finalizer" daemon [_thread_blocked, id=6220, stack(0x0000000015bb0000,0x0000000015cb0000)]
  0x000000000226d000 JavaThread "Reference Handler" daemon [_thread_blocked, id=3256, stack(0x0000000015ab0000,0x0000000015bb0000)]
  0x0000000002180800 JavaThread "main" [_thread_blocked, id=7372, stack(0x0000000001f80000,0x0000000002080000)]

Other Threads:
  0x0000000014918000 VMThread [stack: 0x00000000159b0000,0x0000000015ab0000] [id=5360]
  0x00000000161bf000 WatcherThread [stack: 0x00000000167b0000,0x00000000168b0000] [id=5020]

VM state:not at safepoint (normal execution)

VM Mutex/Monitor currently owned by a thread: None

Heap:
 PSYoungGen      total 18944K, used 8887K [0x00000000eab00000, 0x00000000ed000000, 0x0000000100000000)
  eden space 16384K, 38% used [0x00000000eab00000,0x00000000eb131560,0x00000000ebb00000)
  from space 2560K, 99% used [0x00000000ebb00000,0x00000000ebd7c9b8,0x00000000ebd80000)
  to   space 2560K, 0% used [0x00000000ecd80000,0x00000000ecd80000,0x00000000ed000000)
 ParOldGen       total 44032K, used 7778K [0x00000000c0000000, 0x00000000c2b00000, 0x00000000eab00000)
  object space 44032K, 17% used [0x00000000c0000000,0x00000000c0798af8,0x00000000c2b00000)
 Metaspace       used 6009K, capacity 6962K, committed 7040K, reserved 1056768K
  class space    used 599K, capacity 618K, committed 640K, reserved 1048576K

Card table byte_map: [0x0000000011640000,0x0000000011850000] byte_map_base: 0x0000000011040000

Marking Bits: (ParMarkBitMap*) 0x00000000744ca5b0
 Begin Bits: [0x0000000011db0000, 0x0000000012db0000)
 End Bits:   [0x0000000012db0000, 0x0000000013db0000)

Polling page: 0x0000000000710000

CodeCache: size=245760Kb used=5127Kb max_used=5140Kb free=240632Kb
 bounds [0x0000000002280000, 0x0000000002790000, 0x0000000011280000]
 total_blobs=1539 nmethods=1270 adapters=182
 compilation: enabled

Compilation events (10 events):
Event: 2.713 Thread 0x00000000161b8800 nmethod 1286 0x000000000277c710 code [0x000000000277ca00, 0x000000000277d748]
Event: 2.713 Thread 0x00000000161b8800 1287       2       com.android.dx.rop.code.Rop::<init> (15 bytes)
Event: 2.713 Thread 0x00000000161b8800 nmethod 1287 0x000000000277ec90 code [0x000000000277ee00, 0x000000000277ef88]
Event: 2.722 Thread 0x000000001494d000 nmethod 1263 0x0000000002783610 code [0x0000000002783820, 0x0000000002785188]
Event: 2.722 Thread 0x000000001494d000 1271 %     4       com.android.dx.cf.code.Ropper::getAvailableLabel @ 13 (54 bytes)
Event: 2.731 Thread 0x000000001494d000 nmethod 1271% 0x000000000277fe90 code [0x0000000002780000, 0x00000000027803d8]
Event: 2.731 Thread 0x000000001494d000 1264 %     4       com.android.dx.ssa.SsaMethod::computeReachability @ 8 (131 bytes)
Event: 2.794 Thread 0x000000001494d000 nmethod 1264% 0x0000000002789b50 code [0x0000000002789d20, 0x000000000278ab38]
Event: 2.794 Thread 0x000000001494d000 1233       4       com.android.dx.ssa.SCCP::addBlockToWorklist (47 bytes)
Event: 2.819 Thread 0x000000001494d000 nmethod 1233 0x000000000278bcd0 code [0x000000000278be60, 0x000000000278c898]

GC Heap History (6 events):
Event: 1.330 GC heap before
{Heap before GC invocations=1 (full 0):
 PSYoungGen      total 18944K, used 16384K [0x00000000eab00000, 0x00000000ec000000, 0x0000000100000000)
  eden space 16384K, 100% used [0x00000000eab00000,0x00000000ebb00000,0x00000000ebb00000)
  from space 2560K, 0% used [0x00000000ebd80000,0x00000000ebd80000,0x00000000ec000000)
  to   space 2560K, 0% used [0x00000000ebb00000,0x00000000ebb00000,0x00000000ebd80000)
 ParOldGen       total 44032K, used 0K [0x00000000c0000000, 0x00000000c2b00000, 0x00000000eab00000)
  object space 44032K, 0% used [0x00000000c0000000,0x00000000c0000000,0x00000000c2b00000)
 Metaspace       used 5735K, capacity 6704K, committed 6784K, reserved 1056768K
  class space    used 595K, capacity 616K, committed 640K, reserved 1048576K
Event: 1.338 GC heap after
Heap after GC invocations=1 (full 0):
 PSYoungGen      total 18944K, used 2538K [0x00000000eab00000, 0x00000000ec000000, 0x0000000100000000)
  eden space 16384K, 0% used [0x00000000eab00000,0x00000000eab00000,0x00000000ebb00000)
  from space 2560K, 99% used [0x00000000ebb00000,0x00000000ebd7aaa8,0x00000000ebd80000)
  to   space 2560K, 0% used [0x00000000ebd80000,0x00000000ebd80000,0x00000000ec000000)
 ParOldGen       total 44032K, used 1786K [0x00000000c0000000, 0x00000000c2b00000, 0x00000000eab00000)
  object space 44032K, 4% used [0x00000000c0000000,0x00000000c01be878,0x00000000c2b00000)
 Metaspace       used 5735K, capacity 6704K, committed 6784K, reserved 1056768K
  class space    used 595K, capacity 616K, committed 640K, reserved 1048576K
}
Event: 1.668 GC heap before
{Heap before GC invocations=2 (full 0):
 PSYoungGen      total 18944K, used 18922K [0x00000000eab00000, 0x00000000ec000000, 0x0000000100000000)
  eden space 16384K, 100% used [0x00000000eab00000,0x00000000ebb00000,0x00000000ebb00000)
  from space 2560K, 99% used [0x00000000ebb00000,0x00000000ebd7aaa8,0x00000000ebd80000)
  to   space 2560K, 0% used [0x00000000ebd80000,0x00000000ebd80000,0x00000000ec000000)
 ParOldGen       total 44032K, used 1786K [0x00000000c0000000, 0x00000000c2b00000, 0x00000000eab00000)
  object space 44032K, 4% used [0x00000000c0000000,0x00000000c01be878,0x00000000c2b00000)
 Metaspace       used 5871K, capacity 6832K, committed 7040K, reserved 1056768K
  class space    used 596K, capacity 616K, committed 640K, reserved 1048576K
Event: 1.681 GC heap after
Heap after GC invocations=2 (full 0):
 PSYoungGen      total 18944K, used 2546K [0x00000000eab00000, 0x00000000ed000000, 0x0000000100000000)
  eden space 16384K, 0% used [0x00000000eab00000,0x00000000eab00000,0x00000000ebb00000)
  from space 2560K, 99% used [0x00000000ebd80000,0x00000000ebffc9d8,0x00000000ec000000)
  to   space 2560K, 0% used [0x00000000ebb00000,0x00000000ebb00000,0x00000000ebd80000)
 ParOldGen       total 44032K, used 4645K [0x00000000c0000000, 0x00000000c2b00000, 0x00000000eab00000)
  object space 44032K, 10% used [0x00000000c0000000,0x00000000c0489608,0x00000000c2b00000)
 Metaspace       used 5871K, capacity 6832K, committed 7040K, reserved 1056768K
  class space    used 596K, capacity 616K, committed 640K, reserved 1048576K
}
Event: 2.482 GC heap before
{Heap before GC invocations=3 (full 0):
 PSYoungGen      total 18944K, used 18930K [0x00000000eab00000, 0x00000000ed000000, 0x0000000100000000)
  eden space 16384K, 100% used [0x00000000eab00000,0x00000000ebb00000,0x00000000ebb00000)
  from space 2560K, 99% used [0x00000000ebd80000,0x00000000ebffc9d8,0x00000000ec000000)
  to   space 2560K, 0% used [0x00000000ebb00000,0x00000000ebb00000,0x00000000ebd80000)
 ParOldGen       total 44032K, used 4645K [0x00000000c0000000, 0x00000000c2b00000, 0x00000000eab00000)
  object space 44032K, 10% used [0x00000000c0000000,0x00000000c0489608,0x00000000c2b00000)
 Metaspace       used 5979K, capacity 6898K, committed 7040K, reserved 1056768K
  class space    used 599K, capacity 618K, committed 640K, reserved 1048576K
Event: 2.612 GC heap after
Heap after GC invocations=3 (full 0):
 PSYoungGen      total 18944K, used 2546K [0x00000000eab00000, 0x00000000ed000000, 0x0000000100000000)
  eden space 16384K, 0% used [0x00000000eab00000,0x00000000eab00000,0x00000000ebb00000)
  from space 2560K, 99% used [0x00000000ebb00000,0x00000000ebd7c9b8,0x00000000ebd80000)
  to   space 2560K, 0% used [0x00000000ecd80000,0x00000000ecd80000,0x00000000ed000000)
 ParOldGen       total 44032K, used 7778K [0x00000000c0000000, 0x00000000c2b00000, 0x00000000eab00000)
  object space 44032K, 17% used [0x00000000c0000000,0x00000000c0798af8,0x00000000c2b00000)
 Metaspace       used 5979K, capacity 6898K, committed 7040K, reserved 1056768K
  class space    used 599K, capacity 618K, committed 640K, reserved 1048576K
}

Deoptimization events (5 events):
Event: 1.057 Thread 0x0000000016336000 Uncommon trap: reason=unstable_if action=reinterpret pc=0x000000000247e8b0 method=java.util.BitSet.nextSetBit(I)I @ 87
Event: 1.401 Thread 0x000000001632d800 Uncommon trap: reason=null_check action=make_not_entrant pc=0x00000000025563d4 method=com.android.dx.ssa.SsaRenamer.getLocalForNewReg(I)Lcom/android/dx/rop/code/LocalItem; @ 19
Event: 1.543 Thread 0x0000000002180800 Uncommon trap: reason=unstable_if action=reinterpret pc=0x000000000257a740 method=com.android.dx.ssa.SsaRenamer$BlockRenamer.addMapping(ILcom/android/dx/rop/code/RegisterSpec;)V @ 120
Event: 1.643 Thread 0x0000000016336000 Uncommon trap: reason=bimorphic action=maybe_recompile pc=0x0000000002481aa8 method=java.util.HashMap.getNode(ILjava/lang/Object;)Ljava/util/HashMap$Node; @ 126
Event: 1.644 Thread 0x0000000016336000 Uncommon trap: reason=class_check action=maybe_recompile pc=0x00000000025e4370 method=java.util.HashMap.putVal(ILjava/lang/Object;Ljava/lang/Object;ZZ)Ljava/lang/Object; @ 203

Internal exceptions (3 events):
Event: 0.195 Thread 0x0000000002180800 Exception <a 'java/lang/NoSuchMethodError': Method sun.misc.Unsafe.defineClass(Ljava/lang/String;[BII)Ljava/lang/Class; name or signature does not match> (0x00000000eab0d810) thrown at [C:\re\workspace\8-2-build-windows-amd64-cygwin\jdk8u66\5298\hotspot\sr¶›áüõÈ?
Event: 0.195 Thread 0x0000000002180800 Exception <a 'java/lang/NoSuchMethodError': Method sun.misc.Unsafe.prefetchRead(Ljava/lang/Object;J)V name or signature does not match> (0x00000000eab0daf8) thrown at [C:\re\workspace\8-2-build-windows-amd64-cygwin\jdk8u66\5298\hotspot\src\share\vm\prims\j]ªðÊjö?
Event: 1.401 Thread 0x000000001632d800 Implicit null exception at 0x000000000255466b to 0x000000000255638d

Events (10 events):
Event: 2.612 Executing VM operation: ParallelGCFailedAllocation done
Event: 2.637 Thread 0x000000001633d000 DEOPT PACKING pc=0x00000000025a58e5 sp=0x0000000016daea30
Event: 2.637 Thread 0x000000001633d000 DEOPT UNPACKING pc=0x00000000022c787f sp=0x0000000016dae810 mode 0
Event: 2.665 Thread 0x000000001633d000 Thread exited: 0x000000001633d000
Event: 2.667 Thread 0x0000000016336000 DEOPT PACKING pc=0x00000000025a58e5 sp=0x0000000016cae710
Event: 2.667 Thread 0x0000000016336000 DEOPT UNPACKING pc=0x00000000022c787f sp=0x0000000016cae4f0 mode 0
Event: 2.687 Thread 0x0000000016336000 DEOPT PACKING pc=0x00000000025ae221 sp=0x0000000016cae5f0
Event: 2.687 Thread 0x0000000016336000 DEOPT UNPACKING pc=0x00000000022c787f sp=0x0000000016cae360 mode 0
Event: 2.688 Thread 0x0000000016336000 DEOPT PACKING pc=0x00000000025a58e5 sp=0x0000000016cae7a0
Event: 2.688 Thread 0x0000000016336000 DEOPT UNPACKING pc=0x00000000022c787f sp=0x0000000016cae580 mode 0


Dynamic libraries:
0x00007ff624f40000 - 0x00007ff624f77000 	C:\Program Files\Java\jdk1.8.0_66\bin\java.exe
0x00007ffd6b150000 - 0x00007ffd6b311000 	C:\Windows\SYSTEM32\ntdll.dll
0x00007ffd687d0000 - 0x00007ffd6887d000 	C:\Windows\system32\KERNEL32.DLL
0x00007ffd68020000 - 0x00007ffd68208000 	C:\Windows\system32\KERNELBASE.dll
0x00007ffd68880000 - 0x00007ffd68927000 	C:\Windows\system32\ADVAPI32.dll
0x00007ffd692e0000 - 0x00007ffd6937d000 	C:\Windows\system32\msvcrt.dll
0x00007ffd6ae80000 - 0x00007ffd6aedb000 	C:\Windows\system32\sechost.dll
0x00007ffd68ba0000 - 0x00007ffd68cbc000 	C:\Windows\system32\RPCRT4.dll
0x00007ffd68990000 - 0x00007ffd68ae6000 	C:\Windows\system32\USER32.dll
0x00007ffd68550000 - 0x00007ffd686d6000 	C:\Windows\system32\GDI32.dll
0x00007ffd5b220000 - 0x00007ffd5b494000 	C:\Windows\WinSxS\amd64_microsoft.windows.common-controls_6595b64144ccf1df_6.0.10586.0_none_8c15ae12515e1c22\COMCTL32.dll
0x00007ffd6aba0000 - 0x00007ffd6ae1d000 	C:\Windows\system32\combase.dll
0x00007ffd68430000 - 0x00007ffd6849a000 	C:\Windows\system32\bcryptPrimitives.dll
0x00007ffd6b110000 - 0x00007ffd6b14b000 	C:\Windows\system32\IMM32.DLL
0x0000000073840000 - 0x0000000073912000 	C:\Program Files\Java\jdk1.8.0_66\jre\bin\msvcr100.dll
0x0000000073cc0000 - 0x0000000074549000 	C:\Program Files\Java\jdk1.8.0_66\jre\bin\server\jvm.dll
0x00007ffd68ea0000 - 0x00007ffd68ea8000 	C:\Windows\system32\PSAPI.DLL
0x00007ffd64190000 - 0x00007ffd64199000 	C:\Windows\SYSTEM32\WSOCK32.dll
0x00007ffd6aee0000 - 0x00007ffd6af4b000 	C:\Windows\system32\WS2_32.dll
0x00007ffd659f0000 - 0x00007ffd65a13000 	C:\Windows\SYSTEM32\WINMM.dll
0x00007ffd5aa30000 - 0x00007ffd5aa3a000 	C:\Windows\SYSTEM32\VERSION.dll
0x00007ffd65990000 - 0x00007ffd659bc000 	C:\Windows\SYSTEM32\WINMMBASE.dll
0x00007ffd68210000 - 0x00007ffd68253000 	C:\Windows\system32\cfgmgr32.dll
0x0000000073cb0000 - 0x0000000073cbf000 	C:\Program Files\Java\jdk1.8.0_66\jre\bin\verify.dll
0x0000000073c80000 - 0x0000000073ca9000 	C:\Program Files\Java\jdk1.8.0_66\jre\bin\java.dll
0x0000000073c60000 - 0x0000000073c76000 	C:\Program Files\Java\jdk1.8.0_66\jre\bin\zip.dll
0x00007ffd69640000 - 0x00007ffd6ab9c000 	C:\Windows\system32\SHELL32.dll
0x00007ffd678b0000 - 0x00007ffd67ef4000 	C:\Windows\system32\windows.storage.dll
0x00007ffd68930000 - 0x00007ffd68982000 	C:\Windows\system32\shlwapi.dll
0x00007ffd677f0000 - 0x00007ffd677ff000 	C:\Windows\system32\kernel.appcore.dll
0x00007ffd67f00000 - 0x00007ffd67fb5000 	C:\Windows\system32\shcore.dll
0x00007ffd67770000 - 0x00007ffd677bb000 	C:\Windows\system32\powrprof.dll
0x00007ffd677c0000 - 0x00007ffd677d4000 	C:\Windows\system32\profapi.dll

VM Arguments:
jvm_args: -Djava.awt.headless=true -Xmx1024M -Dfile.encoding=windows-1252 -Duser.country=IT -Duser.language=it -Duser.variant 
java_command: com.android.dx.command.Main --dex --force-jumbo --num-threads=4 --multi-dex --output C:\Users\Davide\AndroidStudioProjects\MioMeteo\app\build\intermediates\transforms\dex\debug\folders\1000\10\instant-run_acb7030138c0333b8063613f8f21adac783c1289 C:\Users\Davide\AndroidStudioProjects\MioMeteo\app\build\intermediates\incremental-runtime-classes\debug\instant-run.jar
java_class_path (initial): C:\Users\Davide\AppData\Local\Android\sdk\build-tools\23.0.3\lib\dx.jar
Launcher Type: SUN_STANDARD

Environment Variables:
PATH=C:\ProgramData\Oracle\Java\javapath;C:\Program Files (x86)\Intel\iCLS Client\;C:\Program Files\Intel\iCLS Client\;C:\Windows\system32;C:\Windows;C:\Windows\System32\Wbem;C:\Windows\System32\WindowsPowerShell\v1.0\;c:\Program Files\Intel\WiFi\bin\;c:\Program Files\Common Files\Intel\WirelessCommon\;C:\Program Files\Intel\Intel(R) Management Engine Components\DAL;C:\Program Files (x86)\Intel\Intel(R) Management Engine Components\DAL;C:\Program Files\Intel\Intel(R) Management Engine Components\IPT;C:\Program Files (x86)\Intel\Intel(R) Management Engine Components\IPT;C:\Program Files\Hewlett-Packard\SimplePass\;C:\Program Files\Java\jdk1.8.0_66\bin;C:\Program Files\TortoiseSVN\bin;C:\Program Files (x86)\MySQL\MySQL Fabric 1.5 & MySQL Utilities 1.5\;C:\Program Files (x86)\MySQL\MySQL Fabric 1.5 & MySQL Utilities 1.5\Doctrine extensions for PHP\;C:\Program Files (x86)\Skype\Phone\
USERNAME=Davide
OS=Windows_NT
PROCESSOR_IDENTIFIER=Intel64 Family 6 Model 61 Stepping 4, GenuineIntel



---------------  S Y S T E M  ---------------

OS: Windows 10.0 , 64 bit Build 10586 (10.0.10586.0)

CPU:total 4 (2 cores per cpu, 2 threads per core) family 6 model 61 stepping 4, cmov, cx8, fxsr, mmx, sse, sse2, sse3, ssse3, sse4.1, sse4.2, popcnt, avx, avx2, aes, clmul, erms, 3dnowpref, lzcnt, ht, tsc, tscinvbit, bmi1, bmi2, adx

Memory: 4k page, physical 4109328k(369320k free), swap 5157904k(5216k free)

vm_info: Java HotSpot(TM) 64-Bit Server VM (25.66-b18) for windows-amd64 JRE (1.8.0_66-b18), built on Nov  9 2015 10:51:13 by "java_re" with MS VC++ 10.0 (VS2010)

time: Thu May 19 14:23:55 2016
elapsed time: 2 seconds (0d 0h 0m 2s)

