#
# There is insufficient memory for the Java Runtime Environment to continue.
# Native memory allocation (malloc) failed to allocate 1048576 bytes for AllocateHeap
# Possible reasons:
#   The system is out of physical RAM or swap space
#   In 32 bit mode, the process size limit was hit
# Possible solutions:
#   Reduce memory load on the system
#   Increase physical memory or swap space
#   Check if swap backing store is full
#   Use 64 bit Java on a 64 bit OS
#   Decrease Java heap size (-Xmx/-Xms)
#   Decrease number of Java threads
#   Decrease Java thread stack sizes (-Xss)
#   Set larger code cache with -XX:ReservedCodeCacheSize=
# This output file may be truncated or incomplete.
#
#  Out of Memory Error (memory/allocation.inline.hpp:61), pid=6476, tid=7744
#
# JRE version:  (8.0_66-b18) (build )
# Java VM: Java HotSpot(TM) 64-Bit Server VM (25.66-b18 mixed mode windows-amd64 compressed oops)
# Failed to write core dump. Minidumps are not enabled by default on client versions of Windows
#

---------------  T H R E A D  ---------------

Current thread (0x00000000020e0800):  JavaThread "Unknown thread" [_thread_in_vm, id=7744, stack(0x0000000001fc0000,0x00000000020c0000)]

Stack: [0x0000000001fc0000,0x00000000020c0000]
[error occurred during error reporting (printing stack bounds), id 0xc0000005]

Native frames: (J=compiled Java code, j=interpreted, Vv=VM code, C=native code)


---------------  P R O C E S S  ---------------

Java Threads: ( => current thread )

Other Threads:

=>0x00000000020e0800 (exited) JavaThread "Unknown thread" [_thread_in_vm, id=7744, stack(0x0000000001fc0000,0x00000000020c0000)]

VM state:not at safepoint (normal execution)

VM Mutex/Monitor currently owned by a thread: None

Heap:
 PSYoungGen      total 18944K, used 327K [0x00000000eab00000, 0x00000000ec000000, 0x0000000100000000)
  eden space 16384K, 2% used [0x00000000eab00000,0x00000000eab51ec8,0x00000000ebb00000)
  from space 2560K, 0% used [0x00000000ebd80000,0x00000000ebd80000,0x00000000ec000000)
  to   space 2560K, 0% used [0x00000000ebb00000,0x00000000ebb00000,0x00000000ebd80000)
 ParOldGen       total 44032K, used 0K [0x00000000c0000000, 0x00000000c2b00000, 0x00000000eab00000)
  object space 44032K, 0% used [0x00000000c0000000,0x00000000c0000000,0x00000000c2b00000)
 Metaspace       used 767K, capacity 4480K, committed 4480K, reserved 1056768K
  class space    used 75K, capacity 384K, committed 384K, reserved 1048576K

Card table byte_map: [0x00000000115a0000,0x00000000117b0000] byte_map_base: 0x0000000010fa0000

Marking Bits: (ParMarkBitMap*) 0x00000000744ca5b0
 Begin Bits: [0x0000000011d10000, 0x0000000012d10000)
 End Bits:   [0x0000000012d10000, 0x0000000013d10000)

Polling page: 0x0000000001f40000

CodeCache: size=245760Kb used=328Kb max_used=328Kb free=245431Kb
 bounds [0x00000000021e0000, 0x0000000002450000, 0x00000000111e0000]
 total_blobs=57 nmethods=0 adapters=37
 compilation: enabled

Compilation events (0 events):
No events

GC Heap History (0 events):
No events

Deoptimization events (0 events):
No events

Internal exceptions (0 events):
No events

Events (10 events):
Event: 0.039 loading class java/lang/Short
Event: 0.040 loading class java/lang/Short done
Event: 0.040 loading class java/lang/Integer
Event: 0.040 loading class java/lang/Integer done
Event: 0.040 loading class java/lang/Long
Event: 0.040 loading class java/lang/Long done
Event: 0.041 loading class java/lang/NullPointerException
Event: 0.041 loading class java/lang/NullPointerException done
Event: 0.041 loading class java/lang/ArithmeticException
Event: 0.041 loading class java/lang/ArithmeticException done


Dynamic libraries:
0x00007ff624f40000 - 0x00007ff624f77000 	C:\Program Files\Java\jdk1.8.0_66\bin\java.exe
0x00007ffd6b150000 - 0x00007ffd6b311000 	C:\Windows\SYSTEM32\ntdll.dll
0x00007ffd687d0000 - 0x00007ffd6887d000 	C:\Windows\system32\KERNEL32.DLL
0x00007ffd68020000 - 0x00007ffd68208000 	C:\Windows\system32\KERNELBASE.dll
0x00007ffd68880000 - 0x00007ffd68927000 	C:\Windows\system32\ADVAPI32.dll
0x00007ffd692e0000 - 0x00007ffd6937d000 	C:\Windows\system32\msvcrt.dll
0x00007ffd6ae80000 - 0x00007ffd6aedb000 	C:\Windows\system32\sechost.dll
0x00007ffd68ba0000 - 0x00007ffd68cbc000 	C:\Windows\system32\RPCRT4.dll
0x00007ffd68990000 - 0x00007ffd68ae6000 	C:\Windows\system32\USER32.dll
0x00007ffd68550000 - 0x00007ffd686d6000 	C:\Windows\system32\GDI32.dll
0x00007ffd5b220000 - 0x00007ffd5b494000 	C:\Windows\WinSxS\amd64_microsoft.windows.common-controls_6595b64144ccf1df_6.0.10586.0_none_8c15ae12515e1c22\COMCTL32.dll
0x00007ffd6aba0000 - 0x00007ffd6ae1d000 	C:\Windows\system32\combase.dll
0x00007ffd68430000 - 0x00007ffd6849a000 	C:\Windows\system32\bcryptPrimitives.dll
0x00007ffd6b110000 - 0x00007ffd6b14b000 	C:\Windows\system32\IMM32.DLL
0x0000000073840000 - 0x0000000073912000 	C:\Program Files\Java\jdk1.8.0_66\jre\bin\msvcr100.dll
0x0000000073cc0000 - 0x0000000074549000 	C:\Program Files\Java\jdk1.8.0_66\jre\bin\server\jvm.dll
0x00007ffd68ea0000 - 0x00007ffd68ea8000 	C:\Windows\system32\PSAPI.DLL
0x00007ffd64190000 - 0x00007ffd64199000 	C:\Windows\SYSTEM32\WSOCK32.dll
0x00007ffd6aee0000 - 0x00007ffd6af4b000 	C:\Windows\system32\WS2_32.dll
0x00007ffd659f0000 - 0x00007ffd65a13000 	C:\Windows\SYSTEM32\WINMM.dll
0x00007ffd5aa30000 - 0x00007ffd5aa3a000 	C:\Windows\SYSTEM32\VERSION.dll
0x00007ffd65990000 - 0x00007ffd659bc000 	C:\Windows\SYSTEM32\WINMMBASE.dll
0x00007ffd68210000 - 0x00007ffd68253000 	C:\Windows\system32\cfgmgr32.dll
0x0000000073cb0000 - 0x0000000073cbf000 	C:\Program Files\Java\jdk1.8.0_66\jre\bin\verify.dll
0x0000000073c80000 - 0x0000000073ca9000 	C:\Program Files\Java\jdk1.8.0_66\jre\bin\java.dll
0x0000000073c60000 - 0x0000000073c76000 	C:\Program Files\Java\jdk1.8.0_66\jre\bin\zip.dll

VM Arguments:
jvm_args: -Djava.awt.headless=true -Xmx1024M -Dfile.encoding=windows-1252 -Duser.country=IT -Duser.language=it -Duser.variant 
java_command: com.android.dx.command.Main --dex --force-jumbo --num-threads=4 --multi-dex --output C:\Users\Davide\AndroidStudioProjects\MioMeteo\app\build\intermediates\transforms\dex\debug\folders\1000\10\internal_impl-23.4.0_ccb40db8ecd3cf978bb37c3b2c07e9999c472974 C:\Users\Davide\AndroidStudioProjects\MioMeteo\app\build\intermediates\exploded-aar\com.android.support\support-v4\23.4.0\jars\libs\internal_impl-23.4.0.jar
java_class_path (initial): C:\Users\Davide\AppData\Local\Android\sdk\build-tools\23.0.3\lib\dx.jar
Launcher Type: SUN_STANDARD

Environment Variables:
PATH=C:\ProgramData\Oracle\Java\javapath;C:\Program Files (x86)\Intel\iCLS Client\;C:\Program Files\Intel\iCLS Client\;C:\Windows\system32;C:\Windows;C:\Windows\System32\Wbem;C:\Windows\System32\WindowsPowerShell\v1.0\;c:\Program Files\Intel\WiFi\bin\;c:\Program Files\Common Files\Intel\WirelessCommon\;C:\Program Files\Intel\Intel(R) Management Engine Components\DAL;C:\Program Files (x86)\Intel\Intel(R) Management Engine Components\DAL;C:\Program Files\Intel\Intel(R) Management Engine Components\IPT;C:\Program Files (x86)\Intel\Intel(R) Management Engine Components\IPT;C:\Program Files\Hewlett-Packard\SimplePass\;C:\Program Files\Java\jdk1.8.0_66\bin;C:\Program Files\TortoiseSVN\bin;C:\Program Files (x86)\MySQL\MySQL Fabric 1.5 & MySQL Utilities 1.5\;C:\Program Files (x86)\MySQL\MySQL Fabric 1.5 & MySQL Utilities 1.5\Doctrine extensions for PHP\;C:\Program Files (x86)\Skype\Phone\
USERNAME=Davide
OS=Windows_NT
PROCESSOR_IDENTIFIER=Intel64 Family 6 Model 61 Stepping 4, GenuineIntel



---------------  S Y S T E M  ---------------

OS: Windows 10.0 , 64 bit Build 10586 (10.0.10586.0)

CPU:total 4 (2 cores per cpu, 2 threads per core) family 6 model 61 stepping 4, cmov, cx8, fxsr, mmx, sse, sse2, sse3, ssse3, sse4.1, sse4.2, popcnt, avx, avx2, aes, clmul, erms, 3dnowpref, lzcnt, ht, tsc, tscinvbit, bmi1, bmi2, adx

Memory: 4k page, physical 4109328k(193728k free), swap 5157904k(6076k free)

vm_info: Java HotSpot(TM) 64-Bit Server VM (25.66-b18) for windows-amd64 JRE (1.8.0_66-b18), built on Nov  9 2015 10:51:13 by "java_re" with MS VC++ 10.0 (VS2010)

time: Thu May 19 14:17:53 2016
elapsed time: 0 seconds (0d 0h 0m 0s)

