#
# There is insufficient memory for the Java Runtime Environment to continue.
# Native memory allocation (malloc) failed to allocate 1727632 bytes for Chunk::new
# Possible reasons:
#   The system is out of physical RAM or swap space
#   In 32 bit mode, the process size limit was hit
# Possible solutions:
#   Reduce memory load on the system
#   Increase physical memory or swap space
#   Check if swap backing store is full
#   Use 64 bit Java on a 64 bit OS
#   Decrease Java heap size (-Xmx/-Xms)
#   Decrease number of Java threads
#   Decrease Java thread stack sizes (-Xss)
#   Set larger code cache with -XX:ReservedCodeCacheSize=
# This output file may be truncated or incomplete.
#
#  Out of Memory Error (allocation.cpp:390), pid=5124, tid=2672
#
# JRE version: Java(TM) SE Runtime Environment (8.0_66-b18) (build 1.8.0_66-b18)
# Java VM: Java HotSpot(TM) 64-Bit Server VM (25.66-b18 mixed mode windows-amd64 compressed oops)
# Failed to write core dump. Minidumps are not enabled by default on client versions of Windows
#

---------------  T H R E A D  ---------------

Current thread (0x00000000148cd000):  JavaThread "C2 CompilerThread0" daemon [_thread_in_native, id=2672, stack(0x0000000015f30000,0x0000000016030000)]

Stack: [0x0000000015f30000,0x0000000016030000]
[error occurred during error reporting (printing stack bounds), id 0xc0000005]

Native frames: (J=compiled Java code, j=interpreted, Vv=VM code, C=native code)


Current CompileTask:
C2:  27044 2454       4       com.android.dx.dex.cf.CfTranslator::translate0 (259 bytes)


---------------  P R O C E S S  ---------------

Java Threads: ( => current thread )
  0x0000000016231800 JavaThread "Service Thread" daemon [_thread_blocked, id=7536, stack(0x0000000016630000,0x0000000016730000)]
  0x000000001492b800 JavaThread "C1 CompilerThread2" daemon [_thread_blocked, id=3916, stack(0x0000000016130000,0x0000000016230000)]
  0x0000000014920800 JavaThread "C2 CompilerThread1" daemon [_thread_in_native, id=4496, stack(0x0000000016030000,0x0000000016130000)]
=>0x00000000148cd000 JavaThread "C2 CompilerThread0" daemon [_thread_in_native, id=2672, stack(0x0000000015f30000,0x0000000016030000)]
  0x00000000148cb000 JavaThread "Attach Listener" daemon [_thread_blocked, id=2668, stack(0x0000000015e30000,0x0000000015f30000)]
  0x00000000148ca800 JavaThread "Signal Dispatcher" daemon [_thread_blocked, id=536, stack(0x0000000015d30000,0x0000000015e30000)]
  0x00000000021f6800 JavaThread "Finalizer" daemon [_thread_blocked, id=2828, stack(0x0000000015b30000,0x0000000015c30000)]
  0x0000000014899000 JavaThread "Reference Handler" daemon [_thread_blocked, id=1516, stack(0x0000000015a30000,0x0000000015b30000)]
  0x0000000002100800 JavaThread "main" [_thread_in_native, id=4724, stack(0x0000000001f70000,0x0000000002070000)]

Other Threads:
  0x0000000014897800 VMThread [stack: 0x0000000015930000,0x0000000015a30000] [id=8132]
  0x0000000016236000 WatcherThread [stack: 0x0000000016730000,0x0000000016830000] [id=1876]

VM state:not at safepoint (normal execution)

VM Mutex/Monitor currently owned by a thread: None

Heap:
 PSYoungGen      total 254976K, used 46718K [0x00000000eab00000, 0x00000000fdf80000, 0x0000000100000000)
  eden space 225792K, 7% used [0x00000000eab00000,0x00000000ebc56218,0x00000000f8780000)
  from space 29184K, 99% used [0x00000000fc300000,0x00000000fdf496e0,0x00000000fdf80000)
  to   space 34816K, 0% used [0x00000000f9b80000,0x00000000f9b80000,0x00000000fbd80000)
 ParOldGen       total 80384K, used 43750K [0x00000000c0000000, 0x00000000c4e80000, 0x00000000eab00000)
  object space 80384K, 54% used [0x00000000c0000000,0x00000000c2ab9830,0x00000000c4e80000)
 Metaspace       used 6620K, capacity 7320K, committed 7680K, reserved 1058816K
  class space    used 632K, capacity 656K, committed 768K, reserved 1048576K

Card table byte_map: [0x00000000115c0000,0x00000000117d0000] byte_map_base: 0x0000000010fc0000

Marking Bits: (ParMarkBitMap*) 0x000000006cbaa5b0
 Begin Bits: [0x0000000011d30000, 0x0000000012d30000)
 End Bits:   [0x0000000012d30000, 0x0000000013d30000)

Polling page: 0x0000000000440000

CodeCache: size=245760Kb used=12587Kb max_used=12587Kb free=233172Kb
 bounds [0x0000000002200000, 0x0000000002e60000, 0x0000000011200000]
 total_blobs=2791 nmethods=2521 adapters=182
 compilation: enabled

Compilation events (10 events):
Event: 26.540 Thread 0x000000001492b800 2494   !   3       com.android.dx.cf.code.ExecutionStack::change (116 bytes)
Event: 26.542 Thread 0x000000001492b800 nmethod 2494 0x0000000002e0ea10 code [0x0000000002e0ed80, 0x0000000002e109d8]
Event: 26.542 Thread 0x0000000014920800 nmethod 2482 0x0000000002e0e590 code [0x0000000002e0e6e0, 0x0000000002e0e818]
Event: 26.542 Thread 0x0000000014920800 2461       4       com.android.dx.rop.code.RegisterSpecList::getType (12 bytes)
Event: 26.544 Thread 0x0000000014920800 nmethod 2461 0x0000000002e06a90 code [0x0000000002e06be0, 0x0000000002e06cd8]
Event: 26.544 Thread 0x0000000014920800 2495       4       java.util.HashMap::resize (359 bytes)
Event: 26.555 Thread 0x000000001492b800 2497       3       com.android.dx.cf.code.ExecutionStack::makeInitialized (51 bytes)
Event: 26.556 Thread 0x000000001492b800 nmethod 2497 0x0000000002e0cb50 code [0x0000000002e0cd00, 0x0000000002e0d398]
Event: 26.556 Thread 0x0000000014920800 nmethod 2495 0x0000000002e0afd0 code [0x0000000002e0b160, 0x0000000002e0b6a8]
Event: 26.556 Thread 0x0000000014920800 2496       4       com.android.dx.cf.code.BasicBlocker::visitNoArgs (298 bytes)

GC Heap History (10 events):
Event: 8.306 GC heap before
{Heap before GC invocations=4 (full 0):
 PSYoungGen      total 35328K, used 35313K [0x00000000eab00000, 0x00000000ef000000, 0x0000000100000000)
  eden space 32768K, 100% used [0x00000000eab00000,0x00000000ecb00000,0x00000000ecb00000)
  from space 2560K, 99% used [0x00000000ecb00000,0x00000000ecd7c5d0,0x00000000ecd80000)
  to   space 2560K, 0% used [0x00000000eed80000,0x00000000eed80000,0x00000000ef000000)
 ParOldGen       total 44032K, used 7103K [0x00000000c0000000, 0x00000000c2b00000, 0x00000000eab00000)
  object space 44032K, 16% used [0x00000000c0000000,0x00000000c06efd48,0x00000000c2b00000)
 Metaspace       used 6225K, capacity 7088K, committed 7296K, reserved 1056768K
  class space    used 603K, capacity 616K, committed 640K, reserved 1048576K
Event: 8.873 GC heap after
Heap after GC invocations=4 (full 0):
 PSYoungGen      total 68096K, used 2540K [0x00000000eab00000, 0x00000000ef000000, 0x0000000100000000)
  eden space 65536K, 0% used [0x00000000eab00000,0x00000000eab00000,0x00000000eeb00000)
  from space 2560K, 99% used [0x00000000eed80000,0x00000000eeffb338,0x00000000ef000000)
  to   space 2560K, 0% used [0x00000000eeb00000,0x00000000eeb00000,0x00000000eed80000)
 ParOldGen       total 44032K, used 13083K [0x00000000c0000000, 0x00000000c2b00000, 0x00000000eab00000)
  object space 44032K, 29% used [0x00000000c0000000,0x00000000c0cc6e48,0x00000000c2b00000)
 Metaspace       used 6225K, capacity 7088K, committed 7296K, reserved 1056768K
  class space    used 603K, capacity 616K, committed 640K, reserved 1048576K
}
Event: 17.744 GC heap before
{Heap before GC invocations=5 (full 0):
 PSYoungGen      total 68096K, used 68076K [0x00000000eab00000, 0x00000000ef000000, 0x0000000100000000)
  eden space 65536K, 100% used [0x00000000eab00000,0x00000000eeb00000,0x00000000eeb00000)
  from space 2560K, 99% used [0x00000000eed80000,0x00000000eeffb338,0x00000000ef000000)
  to   space 2560K, 0% used [0x00000000eeb00000,0x00000000eeb00000,0x00000000eed80000)
 ParOldGen       total 44032K, used 13083K [0x00000000c0000000, 0x00000000c2b00000, 0x00000000eab00000)
  object space 44032K, 29% used [0x00000000c0000000,0x00000000c0cc6e48,0x00000000c2b00000)
 Metaspace       used 6300K, capacity 7152K, committed 7296K, reserved 1056768K
  class space    used 604K, capacity 616K, committed 640K, reserved 1048576K
Event: 18.921 GC heap after
Heap after GC invocations=5 (full 0):
 PSYoungGen      total 68096K, used 2540K [0x00000000eab00000, 0x00000000f4a00000, 0x0000000100000000)
  eden space 65536K, 0% used [0x00000000eab00000,0x00000000eab00000,0x00000000eeb00000)
  from space 2560K, 99% used [0x00000000eeb00000,0x00000000eed7b338,0x00000000eed80000)
  to   space 15872K, 0% used [0x00000000f3a80000,0x00000000f3a80000,0x00000000f4a00000)
 ParOldGen       total 44032K, used 24329K [0x00000000c0000000, 0x00000000c2b00000, 0x00000000eab00000)
  object space 44032K, 55% used [0x00000000c0000000,0x00000000c17c2458,0x00000000c2b00000)
 Metaspace       used 6300K, capacity 7152K, committed 7296K, reserved 1056768K
  class space    used 604K, capacity 616K, committed 640K, reserved 1048576K
}
Event: 20.709 GC heap before
{Heap before GC invocations=6 (full 0):
 PSYoungGen      total 68096K, used 68076K [0x00000000eab00000, 0x00000000f4a00000, 0x0000000100000000)
  eden space 65536K, 100% used [0x00000000eab00000,0x00000000eeb00000,0x00000000eeb00000)
  from space 2560K, 99% used [0x00000000eeb00000,0x00000000eed7b338,0x00000000eed80000)
  to   space 15872K, 0% used [0x00000000f3a80000,0x00000000f3a80000,0x00000000f4a00000)
 ParOldGen       total 44032K, used 24329K [0x00000000c0000000, 0x00000000c2b00000, 0x00000000eab00000)
  object space 44032K, 55% used [0x00000000c0000000,0x00000000c17c2458,0x00000000c2b00000)
 Metaspace       used 6420K, capacity 7216K, committed 7296K, reserved 1056768K
  class space    used 604K, capacity 616K, committed 640K, reserved 1048576K
Event: 21.180 GC heap after
Heap after GC invocations=6 (full 0):
 PSYoungGen      total 144384K, used 13985K [0x00000000eab00000, 0x00000000f4f00000, 0x0000000100000000)
  eden space 128512K, 0% used [0x00000000eab00000,0x00000000eab00000,0x00000000f2880000)
  from space 15872K, 88% used [0x00000000f3a80000,0x00000000f48287c0,0x00000000f4a00000)
  to   space 18432K, 0% used [0x00000000f2880000,0x00000000f2880000,0x00000000f3a80000)
 ParOldGen       total 44032K, used 24329K [0x00000000c0000000, 0x00000000c2b00000, 0x00000000eab00000)
  object space 44032K, 55% used [0x00000000c0000000,0x00000000c17c2458,0x00000000c2b00000)
 Metaspace       used 6420K, capacity 7216K, committed 7296K, reserved 1056768K
  class space    used 604K, capacity 616K, committed 640K, reserved 1048576K
}
Event: 23.951 GC heap before
{Heap before GC invocations=7 (full 0):
 PSYoungGen      total 144384K, used 142497K [0x00000000eab00000, 0x00000000f4f00000, 0x0000000100000000)
  eden space 128512K, 100% used [0x00000000eab00000,0x00000000f2880000,0x00000000f2880000)
  from space 15872K, 88% used [0x00000000f3a80000,0x00000000f48287c0,0x00000000f4a00000)
  to   space 18432K, 0% used [0x00000000f2880000,0x00000000f2880000,0x00000000f3a80000)
 ParOldGen       total 44032K, used 24329K [0x00000000c0000000, 0x00000000c2b00000, 0x00000000eab00000)
  object space 44032K, 55% used [0x00000000c0000000,0x00000000c17c2458,0x00000000c2b00000)
 Metaspace       used 6529K, capacity 7256K, committed 7424K, reserved 1056768K
  class space    used 625K, capacity 656K, committed 768K, reserved 1048576K
Event: 24.348 GC heap after
Heap after GC invocations=7 (full 0):
 PSYoungGen      total 146944K, used 18412K [0x00000000eab00000, 0x00000000fe000000, 0x0000000100000000)
  eden space 128512K, 0% used [0x00000000eab00000,0x00000000eab00000,0x00000000f2880000)
  from space 18432K, 99% used [0x00000000f2880000,0x00000000f3a7b150,0x00000000f3a80000)
  to   space 29696K, 0% used [0x00000000fc300000,0x00000000fc300000,0x00000000fe000000)
 ParOldGen       total 44032K, used 39681K [0x00000000c0000000, 0x00000000c2b00000, 0x00000000eab00000)
  object space 44032K, 90% used [0x00000000c0000000,0x00000000c26c05e8,0x00000000c2b00000)
 Metaspace       used 6529K, capacity 7256K, committed 7424K, reserved 1056768K
  class space    used 625K, capacity 656K, committed 768K, reserved 1048576K
}
Event: 24.348 GC heap before
{Heap before GC invocations=8 (full 1):
 PSYoungGen      total 146944K, used 18412K [0x00000000eab00000, 0x00000000fe000000, 0x0000000100000000)
  eden space 128512K, 0% used [0x00000000eab00000,0x00000000eab00000,0x00000000f2880000)
  from space 18432K, 99% used [0x00000000f2880000,0x00000000f3a7b150,0x00000000f3a80000)
  to   space 29696K, 0% used [0x00000000fc300000,0x00000000fc300000,0x00000000fe000000)
 ParOldGen       total 44032K, used 39681K [0x00000000c0000000, 0x00000000c2b00000, 0x00000000eab00000)
  object space 44032K, 90% used [0x00000000c0000000,0x00000000c26c05e8,0x00000000c2b00000)
 Metaspace       used 6529K, capacity 7256K, committed 7424K, reserved 1056768K
  class space    used 625K, capacity 656K, committed 768K, reserved 1048576K
Event: 25.446 GC heap after
Heap after GC invocations=8 (full 1):
 PSYoungGen      total 146944K, used 9539K [0x00000000eab00000, 0x00000000fe000000, 0x0000000100000000)
  eden space 128512K, 0% used [0x00000000eab00000,0x00000000eab00000,0x00000000f2880000)
  from space 18432K, 51% used [0x00000000f2880000,0x00000000f31d0e98,0x00000000f3a80000)
  to   space 29696K, 0% used [0x00000000fc300000,0x00000000fc300000,0x00000000fe000000)
 ParOldGen       total 80384K, used 43734K [0x00000000c0000000, 0x00000000c4e80000, 0x00000000eab00000)
  object space 80384K, 54% used [0x00000000c0000000,0x00000000c2ab5830,0x00000000c4e80000)
 Metaspace       used 6529K, capacity 7256K, committed 7424K, reserved 1056768K
  class space    used 625K, capacity 656K, committed 768K, reserved 1048576K
}

Deoptimization events (10 events):
Event: 25.485 Thread 0x00000000164df800 Uncommon trap: reason=unstable_if action=reinterpret pc=0x0000000002db5550 method=com.android.dx.rop.code.LocalItem.hashCode()I @ 25
Event: 25.598 Thread 0x00000000164d2000 Uncommon trap: reason=unstable_if action=reinterpret pc=0x0000000002a9f5b0 method=java.util.HashMap.putVal(ILjava/lang/Object;Ljava/lang/Object;ZZ)Ljava/lang/Object; @ 162
Event: 25.598 Thread 0x00000000164d2000 Uncommon trap: reason=unstable_if action=reinterpret pc=0x000000000272ab9c method=java.util.HashMap.putVal(ILjava/lang/Object;Ljava/lang/Object;ZZ)Ljava/lang/Object; @ 162
Event: 25.598 Thread 0x00000000164d2000 Uncommon trap: reason=unstable_if action=reinterpret pc=0x00000000026d18f4 method=java.util.HashMap.putVal(ILjava/lang/Object;Ljava/lang/Object;ZZ)Ljava/lang/Object; @ 109
Event: 25.876 Thread 0x0000000002100800 Uncommon trap: reason=unstable_if action=reinterpret pc=0x0000000002d0b140 method=com.android.dx.cf.direct.StdAttributeFactory.parse0(Lcom/android/dx/cf/direct/DirectClassFile;ILjava/lang/String;IILcom/android/dx/cf/iface/ParseObserver;)Lcom/android/dx/cf/%’Á´÷ã9@
Event: 25.890 Thread 0x00000000164e0000 Uncommon trap: reason=bimorphic action=maybe_recompile pc=0x0000000002de2db0 method=com.android.dx.cf.code.BytecodeArray.parseInstruction(ILcom/android/dx/cf/code/BytecodeArray$Visitor;)I @ 1035
Event: 25.891 Thread 0x00000000164e0000 Uncommon trap: reason=bimorphic action=maybe_recompile pc=0x0000000002de2c74 method=com.android.dx.cf.code.BytecodeArray.parseInstruction(ILcom/android/dx/cf/code/BytecodeArray$Visitor;)I @ 987
Event: 25.891 Thread 0x00000000164e0000 Uncommon trap: reason=bimorphic action=maybe_recompile pc=0x0000000002de2e30 method=com.android.dx.cf.code.BytecodeArray.parseInstruction(ILcom/android/dx/cf/code/BytecodeArray$Visitor;)I @ 1051
Event: 25.891 Thread 0x00000000164e0000 Uncommon trap: reason=bimorphic action=maybe_recompile pc=0x0000000002de2e30 method=com.android.dx.cf.code.BytecodeArray.parseInstruction(ILcom/android/dx/cf/code/BytecodeArray$Visitor;)I @ 1051
Event: 26.436 Thread 0x0000000002100800 Uncommon trap: reason=unstable_if action=reinterpret pc=0x000000000284f7bc method=java.util.HashMap.resize()[Ljava/util/HashMap$Node; @ 206

Internal exceptions (8 events):
Event: 0.051 Thread 0x0000000002100800 Exception <a 'java/lang/NoSuchMethodError': Method sun.misc.Unsafe.defineClass(Ljava/lang/String;[BII)Ljava/lang/Class; name or signature does not match> (0x00000000eab0d868) thrown at [C:\re\workspace\8-2-build-windows-amd64-cygwin\jdk8u66\5298\hotspot\srï…®A¶=ª?
Event: 0.051 Thread 0x0000000002100800 Exception <a 'java/lang/NoSuchMethodError': Method sun.misc.Unsafe.prefetchRead(Ljava/lang/Object;J)V name or signature does not match> (0x00000000eab0db50) thrown at [C:\re\workspace\8-2-build-windows-amd64-cygwin\jdk8u66\5298\hotspot\src\share\vm\prims\jµª
Event: 2.277 Thread 0x00000000164df800 Implicit null exception at 0x000000000250c762 to 0x000000000250c869
Event: 6.492 Thread 0x00000000164de000 Implicit null exception at 0x0000000002801db7 to 0x0000000002803d19
Event: 20.487 Thread 0x00000000164de000 Implicit null exception at 0x00000000027911a1 to 0x0000000002792b55
Event: 22.225 Thread 0x00000000164d2000 Exception <a 'java/lang/ArrayIndexOutOfBoundsException': 18> (0x00000000ed7470a8) thrown at [C:\re\workspace\8-2-build-windows-amd64-cygwin\jdk8u66\5298\hotspot\src\share\vm\interpreter\interpreterRuntime.cpp, line 366]
Event: 22.226 Thread 0x00000000164d2000 Exception <a 'java/lang/ArrayIndexOutOfBoundsException'> (0x00000000ed748c28) thrown at [C:\re\workspace\8-2-build-windows-amd64-cygwin\jdk8u66\5298\hotspot\src\share\vm\runtime\sharedRuntime.cpp, line 605]
Event: 22.228 Thread 0x00000000164d2000 Exception <a 'java/lang/ArrayIndexOutOfBoundsException'> (0x00000000ed749f10) thrown at [C:\re\workspace\8-2-build-windows-amd64-cygwin\jdk8u66\5298\hotspot\src\share\vm\runtime\sharedRuntime.cpp, line 605]

Events (10 events):
Event: 25.891 Thread 0x00000000164e0000 DEOPT PACKING pc=0x0000000002de2e30 sp=0x0000000016d2e530
Event: 25.891 Thread 0x00000000164e0000 DEOPT UNPACKING pc=0x000000000224582a sp=0x0000000016d2e4b8 mode 2
Event: 25.891 Thread 0x00000000164e0000 Uncommon trap: trap_request=0xffffffc6 fr.pc=0x0000000002de2e30
Event: 25.891 Thread 0x00000000164e0000 DEOPT PACKING pc=0x0000000002de2e30 sp=0x0000000016d2e530
Event: 25.891 Thread 0x00000000164e0000 DEOPT UNPACKING pc=0x000000000224582a sp=0x0000000016d2e4b8 mode 2
Event: 26.407 Thread 0x00000000164de000 DEOPT PACKING pc=0x0000000002a0b531 sp=0x0000000016b2f070
Event: 26.407 Thread 0x00000000164de000 DEOPT UNPACKING pc=0x000000000224787f sp=0x0000000016b2ee40 mode 0
Event: 26.436 Thread 0x0000000002100800 Uncommon trap: trap_request=0xffffff65 fr.pc=0x000000000284f7bc
Event: 26.436 Thread 0x0000000002100800 DEOPT PACKING pc=0x000000000284f7bc sp=0x000000000206dfd0
Event: 26.436 Thread 0x0000000002100800 DEOPT UNPACKING pc=0x000000000224582a sp=0x000000000206df38 mode 2


Dynamic libraries:
0x00007ff719e50000 - 0x00007ff719e87000 	C:\Program Files\Java\jdk1.8.0_66\bin\java.exe
0x00007ffe06600000 - 0x00007ffe067c1000 	C:\Windows\SYSTEM32\ntdll.dll
0x00007ffe03c00000 - 0x00007ffe03cad000 	C:\Windows\system32\KERNEL32.DLL
0x00007ffe03670000 - 0x00007ffe03858000 	C:\Windows\system32\KERNELBASE.dll
0x00007ffe06110000 - 0x00007ffe061b7000 	C:\Windows\system32\ADVAPI32.dll
0x00007ffe06560000 - 0x00007ffe065fd000 	C:\Windows\system32\msvcrt.dll
0x00007ffe05d50000 - 0x00007ffe05dab000 	C:\Windows\system32\sechost.dll
0x00007ffe03ae0000 - 0x00007ffe03bfc000 	C:\Windows\system32\RPCRT4.dll
0x00007ffe05210000 - 0x00007ffe05366000 	C:\Windows\system32\USER32.dll
0x00007ffe059d0000 - 0x00007ffe05b56000 	C:\Windows\system32\GDI32.dll
0x00007ffdf6780000 - 0x00007ffdf69f4000 	C:\Windows\WinSxS\amd64_microsoft.windows.common-controls_6595b64144ccf1df_6.0.10586.0_none_8c15ae12515e1c22\COMCTL32.dll
0x00007ffe05db0000 - 0x00007ffe0602d000 	C:\Windows\system32\combase.dll
0x00007ffe035e0000 - 0x00007ffe0364a000 	C:\Windows\system32\bcryptPrimitives.dll
0x00007ffe05b60000 - 0x00007ffe05b9b000 	C:\Windows\system32\IMM32.DLL
0x000000006bd70000 - 0x000000006be42000 	C:\Program Files\Java\jdk1.8.0_66\jre\bin\msvcr100.dll
0x000000006c3a0000 - 0x000000006cc29000 	C:\Program Files\Java\jdk1.8.0_66\jre\bin\server\jvm.dll
0x00007ffe060a0000 - 0x00007ffe060a8000 	C:\Windows\system32\PSAPI.DLL
0x00007ffdff5f0000 - 0x00007ffdff5f9000 	C:\Windows\SYSTEM32\WSOCK32.dll
0x00007ffe06030000 - 0x00007ffe0609b000 	C:\Windows\system32\WS2_32.dll
0x00007ffe00e50000 - 0x00007ffe00e73000 	C:\Windows\SYSTEM32\WINMM.dll
0x00007ffdf5e50000 - 0x00007ffdf5e5a000 	C:\Windows\SYSTEM32\VERSION.dll
0x00007ffe00df0000 - 0x00007ffe00e1c000 	C:\Windows\SYSTEM32\WINMMBASE.dll
0x00007ffe039b0000 - 0x00007ffe039f3000 	C:\Windows\system32\cfgmgr32.dll
0x000000006c390000 - 0x000000006c39f000 	C:\Program Files\Java\jdk1.8.0_66\jre\bin\verify.dll
0x000000006c360000 - 0x000000006c389000 	C:\Program Files\Java\jdk1.8.0_66\jre\bin\java.dll
0x000000006c340000 - 0x000000006c356000 	C:\Program Files\Java\jdk1.8.0_66\jre\bin\zip.dll
0x00007ffe03cb0000 - 0x00007ffe0520c000 	C:\Windows\system32\SHELL32.dll
0x00007ffe02f90000 - 0x00007ffe035d4000 	C:\Windows\system32\windows.storage.dll
0x00007ffe06290000 - 0x00007ffe062e2000 	C:\Windows\system32\shlwapi.dll
0x00007ffe02c50000 - 0x00007ffe02c5f000 	C:\Windows\system32\kernel.appcore.dll
0x00007ffe038f0000 - 0x00007ffe039a5000 	C:\Windows\system32\shcore.dll
0x00007ffe02c60000 - 0x00007ffe02cab000 	C:\Windows\system32\powrprof.dll
0x00007ffe02c30000 - 0x00007ffe02c44000 	C:\Windows\system32\profapi.dll

VM Arguments:
jvm_args: -Djava.awt.headless=true -Xmx1024M -Dfile.encoding=windows-1252 -Duser.country=IT -Duser.language=it -Duser.variant 
java_command: com.android.dx.command.Main --dex --force-jumbo --num-threads=4 --multi-dex --output C:\Users\Davide\AndroidStudioProjects\MioMeteo\app\build\intermediates\transforms\dex\debug\folders\1000\10\com.android.support-support-v4-23.4.0_aaab4edea211bdf5334c61199a8744e711966bf7 C:\Users\Davide\AndroidStudioProjects\MioMeteo\app\build\intermediates\exploded-aar\com.android.support\support-v4\23.4.0\jars\classes.jar
java_class_path (initial): C:\Users\Davide\AppData\Local\Android\sdk\build-tools\23.0.3\lib\dx.jar
Launcher Type: SUN_STANDARD

Environment Variables:
PATH=C:\ProgramData\Oracle\Java\javapath;C:\Program Files (x86)\Intel\iCLS Client\;C:\Program Files\Intel\iCLS Client\;C:\Windows\system32;C:\Windows;C:\Windows\System32\Wbem;C:\Windows\System32\WindowsPowerShell\v1.0\;c:\Program Files\Intel\WiFi\bin\;c:\Program Files\Common Files\Intel\WirelessCommon\;C:\Program Files\Intel\Intel(R) Management Engine Components\DAL;C:\Program Files (x86)\Intel\Intel(R) Management Engine Components\DAL;C:\Program Files\Intel\Intel(R) Management Engine Components\IPT;C:\Program Files (x86)\Intel\Intel(R) Management Engine Components\IPT;C:\Program Files\Hewlett-Packard\SimplePass\;C:\Program Files\Java\jdk1.8.0_66\bin;C:\Program Files\TortoiseSVN\bin;C:\Program Files (x86)\MySQL\MySQL Fabric 1.5 & MySQL Utilities 1.5\;C:\Program Files (x86)\MySQL\MySQL Fabric 1.5 & MySQL Utilities 1.5\Doctrine extensions for PHP\;C:\Program Files (x86)\Skype\Phone\
USERNAME=Davide
OS=Windows_NT
PROCESSOR_IDENTIFIER=Intel64 Family 6 Model 61 Stepping 4, GenuineIntel



---------------  S Y S T E M  ---------------

OS: Windows 10.0 , 64 bit Build 10586 (10.0.10586.0)

CPU:total 4 (2 cores per cpu, 2 threads per core) family 6 model 61 stepping 4, cmov, cx8, fxsr, mmx, sse, sse2, sse3, ssse3, sse4.1, sse4.2, popcnt, avx, avx2, aes, clmul, erms, 3dnowpref, lzcnt, ht, tsc, tscinvbit, bmi1, bmi2, adx

Memory: 4k page, physical 4109328k(460120k free), swap 5157904k(3748k free)

vm_info: Java HotSpot(TM) 64-Bit Server VM (25.66-b18) for windows-amd64 JRE (1.8.0_66-b18), built on Nov  9 2015 10:51:13 by "java_re" with MS VC++ 10.0 (VS2010)

time: Sun May 22 22:43:51 2016
elapsed time: 27 seconds (0d 0h 0m 27s)

