#
# There is insufficient memory for the Java Runtime Environment to continue.
# Native memory allocation (malloc) failed to allocate 1173456 bytes for Chunk::new
# Possible reasons:
#   The system is out of physical RAM or swap space
#   In 32 bit mode, the process size limit was hit
# Possible solutions:
#   Reduce memory load on the system
#   Increase physical memory or swap space
#   Check if swap backing store is full
#   Use 64 bit Java on a 64 bit OS
#   Decrease Java heap size (-Xmx/-Xms)
#   Decrease number of Java threads
#   Decrease Java thread stack sizes (-Xss)
#   Set larger code cache with -XX:ReservedCodeCacheSize=
# This output file may be truncated or incomplete.
#
#  Out of Memory Error (allocation.cpp:390), pid=6040, tid=6752
#
# JRE version: Java(TM) SE Runtime Environment (8.0_66-b18) (build 1.8.0_66-b18)
# Java VM: Java HotSpot(TM) 64-Bit Server VM (25.66-b18 mixed mode windows-amd64 compressed oops)
# Failed to write core dump. Minidumps are not enabled by default on client versions of Windows
#

---------------  T H R E A D  ---------------

Current thread (0x000000001490d000):  JavaThread "C2 CompilerThread0" daemon [_thread_in_native, id=6752, stack(0x0000000015f80000,0x0000000016080000)]

Stack: [0x0000000015f80000,0x0000000016080000]
[error occurred during error reporting (printing stack bounds), id 0xc0000005]

Native frames: (J=compiled Java code, j=interpreted, Vv=VM code, C=native code)


Current CompileTask:
C2:  56211 3042       4       com.android.dx.dex.file.OffsettedItem::place (78 bytes)


---------------  P R O C E S S  ---------------

Java Threads: ( => current thread )
  0x0000000016475800 JavaThread "pool-1-thread-1" [_thread_in_Java, id=1524, stack(0x0000000019520000,0x0000000019620000)]
  0x000000001618a000 JavaThread "Service Thread" daemon [_thread_blocked, id=4900, stack(0x0000000016680000,0x0000000016780000)]
  0x0000000016188800 JavaThread "C1 CompilerThread2" daemon [_thread_blocked, id=1948, stack(0x0000000016580000,0x0000000016680000)]
  0x0000000014910000 JavaThread "C2 CompilerThread1" daemon [_thread_blocked, id=7120, stack(0x0000000016080000,0x0000000016180000)]
=>0x000000001490d000 JavaThread "C2 CompilerThread0" daemon [_thread_in_native, id=6752, stack(0x0000000015f80000,0x0000000016080000)]
  0x000000001490b000 JavaThread "Attach Listener" daemon [_thread_blocked, id=1300, stack(0x0000000015e80000,0x0000000015f80000)]
  0x000000001490a000 JavaThread "Signal Dispatcher" daemon [_thread_blocked, id=5648, stack(0x0000000015d80000,0x0000000015e80000)]
  0x0000000002230800 JavaThread "Finalizer" daemon [_thread_blocked, id=3668, stack(0x0000000015b80000,0x0000000015c80000)]
  0x000000000222d800 JavaThread "Reference Handler" daemon [_thread_blocked, id=4128, stack(0x0000000015a80000,0x0000000015b80000)]
  0x0000000002140800 JavaThread "main" [_thread_blocked, id=3040, stack(0x0000000001f70000,0x0000000002070000)]

Other Threads:
  0x00000000148d8000 VMThread [stack: 0x0000000015980000,0x0000000015a80000] [id=5360]
  0x00000000161a2800 WatcherThread [stack: 0x0000000016780000,0x0000000016880000] [id=4748]

VM state:not at safepoint (normal execution)

VM Mutex/Monitor currently owned by a thread: None

Heap:
 PSYoungGen      total 232960K, used 47503K [0x00000000eab00000, 0x0000000100000000, 0x0000000100000000)
  eden space 116736K, 17% used [0x00000000eab00000,0x00000000ebe6aa38,0x00000000f1d00000)
  from space 116224K, 23% used [0x00000000f8e80000,0x00000000fa979490,0x0000000100000000)
  to   space 116224K, 0% used [0x00000000f1d00000,0x00000000f1d00000,0x00000000f8e80000)
 ParOldGen       total 374272K, used 221134K [0x00000000c0000000, 0x00000000d6d80000, 0x00000000eab00000)
  object space 374272K, 59% used [0x00000000c0000000,0x00000000cd7f38d8,0x00000000d6d80000)
 Metaspace       used 6987K, capacity 7672K, committed 7936K, reserved 1056768K
  class space    used 646K, capacity 688K, committed 768K, reserved 1048576K

Card table byte_map: [0x0000000011600000,0x0000000011810000] byte_map_base: 0x0000000011000000

Marking Bits: (ParMarkBitMap*) 0x000000006847a5b0
 Begin Bits: [0x0000000011d70000, 0x0000000012d70000)
 End Bits:   [0x0000000012d70000, 0x0000000013d70000)

Polling page: 0x00000000001f0000

CodeCache: size=245760Kb used=11222Kb max_used=12531Kb free=234537Kb
 bounds [0x0000000002240000, 0x0000000002ea0000, 0x0000000011240000]
 total_blobs=2668 nmethods=2397 adapters=183
 compilation: enabled

Compilation events (10 events):
Event: 55.659 Thread 0x0000000016188800 nmethod 3120 0x0000000002c68a50 code [0x0000000002c68ba0, 0x0000000002c68d50]
Event: 55.708 Thread 0x0000000014910000 nmethod 3082 0x00000000026e8610 code [0x00000000026e89a0, 0x00000000026eb770]
Event: 55.708 Thread 0x0000000014910000 3095       4       com.android.dex.Leb128::writeUnsignedLeb128 (46 bytes)
Event: 55.713 Thread 0x0000000014910000 nmethod 3095 0x0000000002c68410 code [0x0000000002c68560, 0x0000000002c687b8]
Event: 55.713 Thread 0x0000000014910000 3100       4       com.android.dx.util.ByteArrayAnnotatedOutput::writeUleb128 (34 bytes)
Event: 55.718 Thread 0x0000000014910000 nmethod 3100 0x00000000026e6b10 code [0x00000000026e6c60, 0x00000000026e6eb8]
Event: 55.718 Thread 0x0000000014910000 3083       4       java.util.Arrays::sort (47 bytes)
Event: 55.843 Thread 0x0000000014910000 nmethod 3083 0x00000000029d3850 code [0x00000000029d3bc0, 0x00000000029d6db8]
Event: 55.843 Thread 0x0000000014910000 3090       4       com.android.dx.dex.code.LocalList::get (9 bytes)
Event: 55.844 Thread 0x0000000014910000 nmethod 3090 0x0000000002c68090 code [0x0000000002c681e0, 0x0000000002c682b8]

GC Heap History (10 events):
Event: 46.022 GC heap before
{Heap before GC invocations=24 (full 3):
 PSYoungGen      total 232960K, used 155881K [0x00000000eab00000, 0x0000000100000000, 0x0000000100000000)
  eden space 116736K, 100% used [0x00000000eab00000,0x00000000f1d00000,0x00000000f1d00000)
  from space 116224K, 33% used [0x00000000f8e80000,0x00000000fb4ba5a8,0x0000000100000000)
  to   space 116224K, 0% used [0x00000000f1d00000,0x00000000f1d00000,0x00000000f8e80000)
 ParOldGen       total 349184K, used 224773K [0x00000000c0000000, 0x00000000d5500000, 0x00000000eab00000)
  object space 349184K, 64% used [0x00000000c0000000,0x00000000cdb81468,0x00000000d5500000)
 Metaspace       used 6555K, capacity 7256K, committed 7424K, reserved 1056768K
  class space    used 624K, capacity 656K, committed 768K, reserved 1048576K
Event: 46.469 GC heap after
Heap after GC invocations=24 (full 3):
 PSYoungGen      total 232960K, used 80100K [0x00000000eab00000, 0x0000000100000000, 0x0000000100000000)
  eden space 116736K, 0% used [0x00000000eab00000,0x00000000eab00000,0x00000000f1d00000)
  from space 116224K, 68% used [0x00000000f1d00000,0x00000000f6b39260,0x00000000f8e80000)
  to   space 116224K, 0% used [0x00000000f8e80000,0x00000000f8e80000,0x0000000100000000)
 ParOldGen       total 349184K, used 224773K [0x00000000c0000000, 0x00000000d5500000, 0x00000000eab00000)
  object space 349184K, 64% used [0x00000000c0000000,0x00000000cdb81468,0x00000000d5500000)
 Metaspace       used 6555K, capacity 7256K, committed 7424K, reserved 1056768K
  class space    used 624K, capacity 656K, committed 768K, reserved 1048576K
}
Event: 48.166 GC heap before
{Heap before GC invocations=25 (full 3):
 PSYoungGen      total 232960K, used 196836K [0x00000000eab00000, 0x0000000100000000, 0x0000000100000000)
  eden space 116736K, 100% used [0x00000000eab00000,0x00000000f1d00000,0x00000000f1d00000)
  from space 116224K, 68% used [0x00000000f1d00000,0x00000000f6b39260,0x00000000f8e80000)
  to   space 116224K, 0% used [0x00000000f8e80000,0x00000000f8e80000,0x0000000100000000)
 ParOldGen       total 349184K, used 224773K [0x00000000c0000000, 0x00000000d5500000, 0x00000000eab00000)
  object space 349184K, 64% used [0x00000000c0000000,0x00000000cdb81468,0x00000000d5500000)
 Metaspace       used 6558K, capacity 7256K, committed 7424K, reserved 1056768K
  class space    used 624K, capacity 656K, committed 768K, reserved 1048576K
Event: 48.808 GC heap after
Heap after GC invocations=25 (full 3):
 PSYoungGen      total 232960K, used 65735K [0x00000000eab00000, 0x0000000100000000, 0x0000000100000000)
  eden space 116736K, 0% used [0x00000000eab00000,0x00000000eab00000,0x00000000f1d00000)
  from space 116224K, 56% used [0x00000000f8e80000,0x00000000fceb1dd0,0x0000000100000000)
  to   space 116224K, 0% used [0x00000000f1d00000,0x00000000f1d00000,0x00000000f8e80000)
 ParOldGen       total 349184K, used 260456K [0x00000000c0000000, 0x00000000d5500000, 0x00000000eab00000)
  object space 349184K, 74% used [0x00000000c0000000,0x00000000cfe5a398,0x00000000d5500000)
 Metaspace       used 6558K, capacity 7256K, committed 7424K, reserved 1056768K
  class space    used 624K, capacity 656K, committed 768K, reserved 1048576K
}
Event: 49.338 GC heap before
{Heap before GC invocations=26 (full 3):
 PSYoungGen      total 232960K, used 182471K [0x00000000eab00000, 0x0000000100000000, 0x0000000100000000)
  eden space 116736K, 100% used [0x00000000eab00000,0x00000000f1d00000,0x00000000f1d00000)
  from space 116224K, 56% used [0x00000000f8e80000,0x00000000fceb1dd0,0x0000000100000000)
  to   space 116224K, 0% used [0x00000000f1d00000,0x00000000f1d00000,0x00000000f8e80000)
 ParOldGen       total 349184K, used 260456K [0x00000000c0000000, 0x00000000d5500000, 0x00000000eab00000)
  object space 349184K, 74% used [0x00000000c0000000,0x00000000cfe5a398,0x00000000d5500000)
 Metaspace       used 6558K, capacity 7256K, committed 7424K, reserved 1056768K
  class space    used 624K, capacity 656K, committed 768K, reserved 1048576K
Event: 49.533 GC heap after
Heap after GC invocations=26 (full 3):
 PSYoungGen      total 232960K, used 64659K [0x00000000eab00000, 0x0000000100000000, 0x0000000100000000)
  eden space 116736K, 0% used [0x00000000eab00000,0x00000000eab00000,0x00000000f1d00000)
  from space 116224K, 55% used [0x00000000f1d00000,0x00000000f5c24fe0,0x00000000f8e80000)
  to   space 116224K, 0% used [0x00000000f8e80000,0x00000000f8e80000,0x0000000100000000)
 ParOldGen       total 349184K, used 324183K [0x00000000c0000000, 0x00000000d5500000, 0x00000000eab00000)
  object space 349184K, 92% used [0x00000000c0000000,0x00000000d3c95f20,0x00000000d5500000)
 Metaspace       used 6558K, capacity 7256K, committed 7424K, reserved 1056768K
  class space    used 624K, capacity 656K, committed 768K, reserved 1048576K
}
Event: 49.533 GC heap before
{Heap before GC invocations=27 (full 4):
 PSYoungGen      total 232960K, used 64659K [0x00000000eab00000, 0x0000000100000000, 0x0000000100000000)
  eden space 116736K, 0% used [0x00000000eab00000,0x00000000eab00000,0x00000000f1d00000)
  from space 116224K, 55% used [0x00000000f1d00000,0x00000000f5c24fe0,0x00000000f8e80000)
  to   space 116224K, 0% used [0x00000000f8e80000,0x00000000f8e80000,0x0000000100000000)
 ParOldGen       total 349184K, used 324183K [0x00000000c0000000, 0x00000000d5500000, 0x00000000eab00000)
  object space 349184K, 92% used [0x00000000c0000000,0x00000000d3c95f20,0x00000000d5500000)
 Metaspace       used 6558K, capacity 7256K, committed 7424K, reserved 1056768K
  class space    used 624K, capacity 656K, committed 768K, reserved 1048576K
Event: 51.232 GC heap after
Heap after GC invocations=27 (full 4):
 PSYoungGen      total 232960K, used 0K [0x00000000eab00000, 0x0000000100000000, 0x0000000100000000)
  eden space 116736K, 0% used [0x00000000eab00000,0x00000000eab00000,0x00000000f1d00000)
  from space 116224K, 0% used [0x00000000f1d00000,0x00000000f1d00000,0x00000000f8e80000)
  to   space 116224K, 0% used [0x00000000f8e80000,0x00000000f8e80000,0x0000000100000000)
 ParOldGen       total 374272K, used 221126K [0x00000000c0000000, 0x00000000d6d80000, 0x00000000eab00000)
  object space 374272K, 59% used [0x00000000c0000000,0x00000000cd7f18d8,0x00000000d6d80000)
 Metaspace       used 6558K, capacity 7256K, committed 7424K, reserved 1056768K
  class space    used 624K, capacity 656K, committed 768K, reserved 1048576K
}
Event: 53.570 GC heap before
{Heap before GC invocations=28 (full 4):
 PSYoungGen      total 232960K, used 116556K [0x00000000eab00000, 0x0000000100000000, 0x0000000100000000)
  eden space 116736K, 99% used [0x00000000eab00000,0x00000000f1cd3300,0x00000000f1d00000)
  from space 116224K, 0% used [0x00000000f1d00000,0x00000000f1d00000,0x00000000f8e80000)
  to   space 116224K, 0% used [0x00000000f8e80000,0x00000000f8e80000,0x0000000100000000)
 ParOldGen       total 374272K, used 221126K [0x00000000c0000000, 0x00000000d6d80000, 0x00000000eab00000)
  object space 374272K, 59% used [0x00000000c0000000,0x00000000cd7f18d8,0x00000000d6d80000)
 Metaspace       used 6878K, capacity 7544K, committed 7680K, reserved 1056768K
  class space    used 643K, capacity 688K, committed 768K, reserved 1048576K
Event: 53.648 GC heap after
Heap after GC invocations=28 (full 4):
 PSYoungGen      total 232960K, used 27621K [0x00000000eab00000, 0x0000000100000000, 0x0000000100000000)
  eden space 116736K, 0% used [0x00000000eab00000,0x00000000eab00000,0x00000000f1d00000)
  from space 116224K, 23% used [0x00000000f8e80000,0x00000000fa979490,0x0000000100000000)
  to   space 116224K, 0% used [0x00000000f1d00000,0x00000000f1d00000,0x00000000f8e80000)
 ParOldGen       total 374272K, used 221134K [0x00000000c0000000, 0x00000000d6d80000, 0x00000000eab00000)
  object space 374272K, 59% used [0x00000000c0000000,0x00000000cd7f38d8,0x00000000d6d80000)
 Metaspace       used 6878K, capacity 7544K, committed 7680K, reserved 1056768K
  class space    used 643K, capacity 688K, committed 768K, reserved 1048576K
}

Deoptimization events (10 events):
Event: 53.109 Thread 0x0000000016475800 Uncommon trap: reason=speculate_class_check action=maybe_recompile pc=0x000000000251fbd8 method=com.android.dx.util.FixedSizeList.equals(Ljava/lang/Object;)Z @ 25
Event: 53.109 Thread 0x0000000016475800 Uncommon trap: reason=class_check action=maybe_recompile pc=0x00000000025254c4 method=java.util.Arrays.equals([Ljava/lang/Object;[Ljava/lang/Object;)Z @ 62
Event: 53.109 Thread 0x0000000016475800 Uncommon trap: reason=speculate_class_check action=maybe_recompile pc=0x000000000251fbd8 method=com.android.dx.util.FixedSizeList.equals(Ljava/lang/Object;)Z @ 25
Event: 53.109 Thread 0x0000000016475800 Uncommon trap: reason=class_check action=maybe_recompile pc=0x00000000025254c4 method=java.util.Arrays.equals([Ljava/lang/Object;[Ljava/lang/Object;)Z @ 62
Event: 53.109 Thread 0x0000000016475800 Uncommon trap: reason=speculate_class_check action=maybe_recompile pc=0x000000000251fbd8 method=com.android.dx.util.FixedSizeList.equals(Ljava/lang/Object;)Z @ 25
Event: 53.109 Thread 0x0000000016475800 Uncommon trap: reason=unstable_if action=reinterpret pc=0x00000000025254f8 method=java.util.Arrays.equals([Ljava/lang/Object;[Ljava/lang/Object;)Z @ 23
Event: 53.109 Thread 0x0000000016475800 Uncommon trap: reason=unstable_if action=reinterpret pc=0x00000000029c6a28 method=java.util.TreeMap.put(Ljava/lang/Object;Ljava/lang/Object;)Ljava/lang/Object; @ 163
Event: 53.194 Thread 0x0000000016475800 Uncommon trap: reason=unstable_if action=reinterpret pc=0x0000000002450c90 method=com.android.dx.dex.code.LocalList$MakeState.snapshot(ILcom/android/dx/rop/code/RegisterSpecSet;)V @ 51
Event: 53.210 Thread 0x0000000016475800 Uncommon trap: reason=unstable_if action=reinterpret pc=0x000000000262178c method=com.android.dx.dex.code.OutputFinisher.findOpcodeForInsn(Lcom/android/dx/dex/code/DalvInsn;Lcom/android/dx/dex/code/Dop;)Lcom/android/dx/dex/code/Dop; @ 1
Event: 53.386 Thread 0x0000000016475800 Uncommon trap: reason=unstable_if action=reinterpret pc=0x0000000002a609a0 method=com.android.dx.dex.code.OutputFinisher.align64bits([Lcom/android/dx/dex/code/Dop;)V @ 130

Internal exceptions (6 events):
Event: 0.055 Thread 0x0000000002140800 Exception <a 'java/lang/NoSuchMethodError': Method sun.misc.Unsafe.defineClass(Ljava/lang/String;[BII)Ljava/lang/Class; name or signature does not match> (0x00000000eab0d888) thrown at [C:\re\workspace\8-2-build-windows-amd64-cygwin\jdk8u66\5298\hotspot\sr±ê$s1.¨?
Event: 0.055 Thread 0x0000000002140800 Exception <a 'java/lang/NoSuchMethodError': Method sun.misc.Unsafe.prefetchRead(Ljava/lang/Object;J)V name or signature does not match> (0x00000000eab0db70) thrown at [C:\re\workspace\8-2-build-windows-amd64-cygwin\jdk8u66\5298\hotspot\src\share\vm\prims\j8a˜œj£
Event: 2.080 Thread 0x0000000016cbf800 Implicit null exception at 0x00000000024f6da2 to 0x00000000024f6e9a
Event: 8.250 Thread 0x0000000016cb5000 Exception <a 'java/lang/ArrayIndexOutOfBoundsException': 18> (0x00000000ec45d6e0) thrown at [C:\re\workspace\8-2-build-windows-amd64-cygwin\jdk8u66\5298\hotspot\src\share\vm\interpreter\interpreterRuntime.cpp, line 366]
Event: 8.250 Thread 0x0000000016cb5000 Exception <a 'java/lang/ArrayIndexOutOfBoundsException'> (0x00000000ec45f260) thrown at [C:\re\workspace\8-2-build-windows-amd64-cygwin\jdk8u66\5298\hotspot\src\share\vm\runtime\sharedRuntime.cpp, line 605]
Event: 8.252 Thread 0x0000000016cb5000 Exception <a 'java/lang/ArrayIndexOutOfBoundsException'> (0x00000000ec460548) thrown at [C:\re\workspace\8-2-build-windows-amd64-cygwin\jdk8u66\5298\hotspot\src\share\vm\runtime\sharedRuntime.cpp, line 605]

Events (10 events):
Event: 55.538 loading class com/android/dx/dex/file/DebugInfoEncoder
Event: 55.538 loading class com/android/dx/dex/file/DebugInfoEncoder done
Event: 55.540 loading class com/android/dx/dex/file/DebugInfoEncoder$1
Event: 55.540 loading class com/android/dx/dex/file/DebugInfoEncoder$1 done
Event: 55.541 loading class com/android/dx/dex/file/DebugInfoEncoder$2
Event: 55.541 loading class com/android/dx/dex/file/DebugInfoEncoder$2 done
Event: 55.557 loading class com/android/dex/EncodedValueCodec
Event: 55.557 loading class com/android/dex/EncodedValueCodec done
Event: 55.646 loading class com/android/dx/dex/file/MapItem
Event: 55.646 loading class com/android/dx/dex/file/MapItem done


Dynamic libraries:
0x00007ff63f580000 - 0x00007ff63f5b7000 	C:\Program Files\Java\jdk1.8.0_66\bin\java.exe
0x00007fffdd6e0000 - 0x00007fffdd8a1000 	C:\Windows\SYSTEM32\ntdll.dll
0x00007fffdac90000 - 0x00007fffdad3d000 	C:\Windows\system32\KERNEL32.DLL
0x00007fffd9e20000 - 0x00007fffda008000 	C:\Windows\system32\KERNELBASE.dll
0x00007fffdd630000 - 0x00007fffdd6d7000 	C:\Windows\system32\ADVAPI32.dll
0x00007fffdb2b0000 - 0x00007fffdb34d000 	C:\Windows\system32\msvcrt.dll
0x00007fffdba70000 - 0x00007fffdbacb000 	C:\Windows\system32\sechost.dll
0x00007fffdad50000 - 0x00007fffdae6c000 	C:\Windows\system32\RPCRT4.dll
0x00007fffdafc0000 - 0x00007fffdb116000 	C:\Windows\system32\USER32.dll
0x00007fffdb120000 - 0x00007fffdb2a6000 	C:\Windows\system32\GDI32.dll
0x00007fffcded0000 - 0x00007fffce144000 	C:\Windows\WinSxS\amd64_microsoft.windows.common-controls_6595b64144ccf1df_6.0.10586.0_none_8c15ae12515e1c22\COMCTL32.dll
0x00007fffdb3c0000 - 0x00007fffdb63d000 	C:\Windows\system32\combase.dll
0x00007fffda1e0000 - 0x00007fffda24a000 	C:\Windows\system32\bcryptPrimitives.dll
0x00007fffdaae0000 - 0x00007fffdab1b000 	C:\Windows\system32\IMM32.DLL
0x00000000675f0000 - 0x00000000676c2000 	C:\Program Files\Java\jdk1.8.0_66\jre\bin\msvcr100.dll
0x0000000067c70000 - 0x00000000684f9000 	C:\Program Files\Java\jdk1.8.0_66\jre\bin\server\jvm.dll
0x00007fffdd620000 - 0x00007fffdd628000 	C:\Windows\system32\PSAPI.DLL
0x00007fffd6830000 - 0x00007fffd6839000 	C:\Windows\SYSTEM32\WSOCK32.dll
0x00007fffdb350000 - 0x00007fffdb3bb000 	C:\Windows\system32\WS2_32.dll
0x00007fffd7f80000 - 0x00007fffd7fa3000 	C:\Windows\SYSTEM32\WINMM.dll
0x00007fffcd830000 - 0x00007fffcd83a000 	C:\Windows\SYSTEM32\VERSION.dll
0x00007fffd7f20000 - 0x00007fffd7f4c000 	C:\Windows\SYSTEM32\WINMMBASE.dll
0x00007fffda250000 - 0x00007fffda293000 	C:\Windows\system32\cfgmgr32.dll
0x0000000067c60000 - 0x0000000067c6f000 	C:\Program Files\Java\jdk1.8.0_66\jre\bin\verify.dll
0x0000000067c30000 - 0x0000000067c59000 	C:\Program Files\Java\jdk1.8.0_66\jre\bin\java.dll
0x0000000067c10000 - 0x0000000067c26000 	C:\Program Files\Java\jdk1.8.0_66\jre\bin\zip.dll
0x00007fffdbc30000 - 0x00007fffdd18c000 	C:\Windows\system32\SHELL32.dll
0x00007fffda3e0000 - 0x00007fffdaa24000 	C:\Windows\system32\windows.storage.dll
0x00007fffdd2d0000 - 0x00007fffdd322000 	C:\Windows\system32\shlwapi.dll
0x00007fffd9d20000 - 0x00007fffd9d2f000 	C:\Windows\system32\kernel.appcore.dll
0x00007fffda300000 - 0x00007fffda3b5000 	C:\Windows\system32\shcore.dll
0x00007fffd9d40000 - 0x00007fffd9d8b000 	C:\Windows\system32\powrprof.dll
0x00007fffd9d00000 - 0x00007fffd9d14000 	C:\Windows\system32\profapi.dll

VM Arguments:
jvm_args: -Djava.awt.headless=true -Xmx1024M -Dfile.encoding=windows-1252 -Duser.country=IT -Duser.language=it -Duser.variant 
java_command: com.android.dx.command.Main --dex --force-jumbo --num-threads=4 --multi-dex --output C:\Users\Davide\AndroidStudioProjects\MioMeteo\app\build\intermediates\transforms\dex\debug\folders\1000\10\com.google.android.gms-play-services-ads-8.4.0_a6fd10e450791d362247a31607fa8d6fc799376c C:\Users\Davide\AndroidStudioProjects\MioMeteo\app\build\intermediates\exploded-aar\com.google.android.gms\play-services-ads\8.4.0\jars\classes.jar
java_class_path (initial): C:\Users\Davide\AppData\Local\Android\sdk\build-tools\23.0.3\lib\dx.jar
Launcher Type: SUN_STANDARD

Environment Variables:
PATH=C:\ProgramData\Oracle\Java\javapath;C:\Program Files (x86)\Intel\iCLS Client\;C:\Program Files\Intel\iCLS Client\;C:\Windows\system32;C:\Windows;C:\Windows\System32\Wbem;C:\Windows\System32\WindowsPowerShell\v1.0\;c:\Program Files\Intel\WiFi\bin\;c:\Program Files\Common Files\Intel\WirelessCommon\;C:\Program Files\Intel\Intel(R) Management Engine Components\DAL;C:\Program Files (x86)\Intel\Intel(R) Management Engine Components\DAL;C:\Program Files\Intel\Intel(R) Management Engine Components\IPT;C:\Program Files (x86)\Intel\Intel(R) Management Engine Components\IPT;C:\Program Files\Hewlett-Packard\SimplePass\;C:\Program Files\Java\jdk1.8.0_66\bin;C:\Program Files\TortoiseSVN\bin;C:\Program Files (x86)\MySQL\MySQL Fabric 1.5 & MySQL Utilities 1.5\;C:\Program Files (x86)\MySQL\MySQL Fabric 1.5 & MySQL Utilities 1.5\Doctrine extensions for PHP\;C:\Program Files (x86)\Skype\Phone\
USERNAME=Davide
OS=Windows_NT
PROCESSOR_IDENTIFIER=Intel64 Family 6 Model 61 Stepping 4, GenuineIntel



---------------  S Y S T E M  ---------------

OS: Windows 10.0 , 64 bit Build 10586 (10.0.10586.0)

CPU:total 4 (2 cores per cpu, 2 threads per core) family 6 model 61 stepping 4, cmov, cx8, fxsr, mmx, sse, sse2, sse3, ssse3, sse4.1, sse4.2, popcnt, avx, avx2, aes, clmul, erms, 3dnowpref, lzcnt, ht, tsc, tscinvbit, bmi1, bmi2, adx

Memory: 4k page, physical 4109328k(132260k free), swap 5157904k(5136k free)

vm_info: Java HotSpot(TM) 64-Bit Server VM (25.66-b18) for windows-amd64 JRE (1.8.0_66-b18), built on Nov  9 2015 10:51:13 by "java_re" with MS VC++ 10.0 (VS2010)

time: Sun May 15 20:02:48 2016
elapsed time: 56 seconds (0d 0h 0m 56s)

