#
# There is insufficient memory for the Java Runtime Environment to continue.
# Native memory allocation (malloc) failed to allocate 438720 bytes for Chunk::new
# Possible reasons:
#   The system is out of physical RAM or swap space
#   In 32 bit mode, the process size limit was hit
# Possible solutions:
#   Reduce memory load on the system
#   Increase physical memory or swap space
#   Check if swap backing store is full
#   Use 64 bit Java on a 64 bit OS
#   Decrease Java heap size (-Xmx/-Xms)
#   Decrease number of Java threads
#   Decrease Java thread stack sizes (-Xss)
#   Set larger code cache with -XX:ReservedCodeCacheSize=
# This output file may be truncated or incomplete.
#
#  Out of Memory Error (allocation.cpp:390), pid=6412, tid=7200
#
# JRE version: Java(TM) SE Runtime Environment (8.0_66-b18) (build 1.8.0_66-b18)
# Java VM: Java HotSpot(TM) 64-Bit Server VM (25.66-b18 mixed mode windows-amd64 compressed oops)
# Failed to write core dump. Minidumps are not enabled by default on client versions of Windows
#

---------------  T H R E A D  ---------------

Current thread (0x0000000014a8d000):  JavaThread "C2 CompilerThread0" daemon [_thread_in_native, id=7200, stack(0x00000000160f0000,0x00000000161f0000)]

Stack: [0x00000000160f0000,0x00000000161f0000]
[error occurred during error reporting (printing stack bounds), id 0xc0000005]

Native frames: (J=compiled Java code, j=interpreted, Vv=VM code, C=native code)


Current CompileTask:
C2:  34140 2399 %     4       com.android.dx.ssa.SsaConverter::placePhiFunctions @ 131 (394 bytes)


---------------  P R O C E S S  ---------------

Java Threads: ( => current thread )
  0x000000001708b800 JavaThread "pool-2-thread-4" [_thread_in_Java, id=6520, stack(0x00000000185c0000,0x00000000186c0000)]
  0x0000000016ff1000 JavaThread "pool-2-thread-3" [_thread_in_Java, id=1480, stack(0x00000000184c0000,0x00000000185c0000)]
  0x000000001700a800 JavaThread "pool-2-thread-2" [_thread_in_Java, id=4236, stack(0x00000000183c0000,0x00000000184c0000)]
  0x0000000016ff0800 JavaThread "pool-3-thread-1" [_thread_blocked, id=696, stack(0x00000000182c0000,0x00000000183c0000)]
  0x0000000016d1c800 JavaThread "pool-2-thread-1" [_thread_in_Java, id=7812, stack(0x00000000181c0000,0x00000000182c0000)]
  0x0000000016304000 JavaThread "Service Thread" daemon [_thread_blocked, id=7196, stack(0x00000000167f0000,0x00000000168f0000)]
  0x00000000162f8800 JavaThread "C1 CompilerThread2" daemon [_thread_blocked, id=1808, stack(0x00000000166f0000,0x00000000167f0000)]
  0x0000000014a90000 JavaThread "C2 CompilerThread1" daemon [_thread_in_native, id=4164, stack(0x00000000161f0000,0x00000000162f0000)]
=>0x0000000014a8d000 JavaThread "C2 CompilerThread0" daemon [_thread_in_native, id=7200, stack(0x00000000160f0000,0x00000000161f0000)]
  0x0000000014a8b000 JavaThread "Attach Listener" daemon [_thread_blocked, id=4892, stack(0x0000000015ff0000,0x00000000160f0000)]
  0x0000000014a89800 JavaThread "Signal Dispatcher" daemon [_thread_blocked, id=8156, stack(0x0000000015ef0000,0x0000000015ff0000)]
  0x00000000023b6000 JavaThread "Finalizer" daemon [_thread_blocked, id=4132, stack(0x0000000015cf0000,0x0000000015df0000)]
  0x00000000023ad000 JavaThread "Reference Handler" daemon [_thread_blocked, id=6456, stack(0x0000000015bf0000,0x0000000015cf0000)]
  0x00000000022c0800 JavaThread "main" [_thread_in_vm, id=7360, stack(0x00000000021c0000,0x00000000022c0000)]

Other Threads:
  0x0000000014a58000 VMThread [stack: 0x0000000015af0000,0x0000000015bf0000] [id=7604]
  0x00000000162ff000 WatcherThread [stack: 0x00000000168f0000,0x00000000169f0000] [id=5556]

VM state:not at safepoint (normal execution)

VM Mutex/Monitor currently owned by a thread: None

Heap:
 PSYoungGen      total 150528K, used 104538K [0x00000000eab00000, 0x00000000fab80000, 0x0000000100000000)
  eden space 74752K, 49% used [0x00000000eab00000,0x00000000ecf66e88,0x00000000ef400000)
  from space 75776K, 88% used [0x00000000f4800000,0x00000000f89afab8,0x00000000f9200000)
  to   space 86016K, 0% used [0x00000000ef400000,0x00000000ef400000,0x00000000f4800000)
 ParOldGen       total 235520K, used 136392K [0x00000000c0000000, 0x00000000ce600000, 0x00000000eab00000)
  object space 235520K, 57% used [0x00000000c0000000,0x00000000c8532320,0x00000000ce600000)
 Metaspace       used 6536K, capacity 7256K, committed 7424K, reserved 1056768K
  class space    used 624K, capacity 656K, committed 768K, reserved 1048576K

Card table byte_map: [0x0000000011780000,0x0000000011990000] byte_map_base: 0x0000000011180000

Marking Bits: (ParMarkBitMap*) 0x00000000744ca5b0
 Begin Bits: [0x0000000011ef0000, 0x0000000012ef0000)
 End Bits:   [0x0000000012ef0000, 0x0000000013ef0000)

Polling page: 0x0000000000510000

CodeCache: size=245760Kb used=11965Kb max_used=11977Kb free=233794Kb
 bounds [0x00000000023c0000, 0x0000000002f90000, 0x00000000113c0000]
 total_blobs=2587 nmethods=2317 adapters=182
 compilation: enabled

Compilation events (10 events):
Event: 33.977 Thread 0x0000000014a90000 nmethod 2396 0x0000000002f73890 code [0x0000000002f73ac0, 0x0000000002f754e0]
Event: 33.977 Thread 0x0000000014a90000 2398 %     4       com.android.dx.ssa.SCCP::run @ 133 (298 bytes)
Event: 34.017 Thread 0x0000000014a8d000 nmethod 2376% 0x0000000002f7b6d0 code [0x0000000002f7b960, 0x0000000002f7e538]
Event: 34.023 Thread 0x0000000014a8d000 2399 %     4       com.android.dx.ssa.SsaConverter::placePhiFunctions @ 131 (394 bytes)
Event: 34.034 Thread 0x0000000014a90000 nmethod 2398% 0x0000000002f78b10 code [0x0000000002f78dc0, 0x0000000002f79cc0]
Event: 34.036 Thread 0x0000000014a90000 2400       4       com.android.dx.rop.code.DexTranslationAdvice::hasConstantOperation (163 bytes)
Event: 34.040 Thread 0x0000000014a90000 nmethod 2400 0x0000000002f63d50 code [0x0000000002f63f20, 0x0000000002f64108]
Event: 34.051 Thread 0x0000000014a90000 2401       4       com.android.dx.ssa.back.FirstFitLocalCombiningAllocator$Multiset::add (68 bytes)
Event: 34.054 Thread 0x0000000014a90000 nmethod 2401 0x0000000002f64e10 code [0x0000000002f64f60, 0x0000000002f650b8]
Event: 34.137 Thread 0x0000000014a90000 2402       4       com.android.dx.ssa.back.FirstFitLocalCombiningAllocator::processPhiInsn (255 bytes)

GC Heap History (10 events):
Event: 27.867 GC heap before
{Heap before GC invocations=8 (full 1):
 PSYoungGen      total 145920K, used 16890K [0x00000000eab00000, 0x00000000f4c00000, 0x0000000100000000)
  eden space 129024K, 0% used [0x00000000eab00000,0x00000000eab00000,0x00000000f2900000)
  from space 16896K, 99% used [0x00000000f2900000,0x00000000f397ead8,0x00000000f3980000)
  to   space 14848K, 0% used [0x00000000f3980000,0x00000000f3980000,0x00000000f4800000)
 ParOldGen       total 57344K, used 56986K [0x00000000c0000000, 0x00000000c3800000, 0x00000000eab00000)
  object space 57344K, 99% used [0x00000000c0000000,0x00000000c37a6948,0x00000000c3800000)
 Metaspace       used 6525K, capacity 7256K, committed 7424K, reserved 1056768K
  class space    used 623K, capacity 656K, committed 768K, reserved 1048576K
Event: 31.414 GC heap after
Heap after GC invocations=8 (full 1):
 PSYoungGen      total 145920K, used 13239K [0x00000000eab00000, 0x00000000f4c00000, 0x0000000100000000)
  eden space 129024K, 0% used [0x00000000eab00000,0x00000000eab00000,0x00000000f2900000)
  from space 16896K, 78% used [0x00000000f2900000,0x00000000f35edfd0,0x00000000f3980000)
  to   space 14848K, 0% used [0x00000000f3980000,0x00000000f3980000,0x00000000f4800000)
 ParOldGen       total 108032K, used 57121K [0x00000000c0000000, 0x00000000c6980000, 0x00000000eab00000)
  object space 108032K, 52% used [0x00000000c0000000,0x00000000c37c8598,0x00000000c6980000)
 Metaspace       used 6525K, capacity 7256K, committed 7424K, reserved 1056768K
  class space    used 623K, capacity 656K, committed 768K, reserved 1048576K
}
Event: 31.586 GC heap before
{Heap before GC invocations=9 (full 1):
 PSYoungGen      total 145920K, used 142263K [0x00000000eab00000, 0x00000000f4c00000, 0x0000000100000000)
  eden space 129024K, 100% used [0x00000000eab00000,0x00000000f2900000,0x00000000f2900000)
  from space 16896K, 78% used [0x00000000f2900000,0x00000000f35edfd0,0x00000000f3980000)
  to   space 14848K, 0% used [0x00000000f3980000,0x00000000f3980000,0x00000000f4800000)
 ParOldGen       total 108032K, used 57121K [0x00000000c0000000, 0x00000000c6980000, 0x00000000eab00000)
  object space 108032K, 52% used [0x00000000c0000000,0x00000000c37c8598,0x00000000c6980000)
 Metaspace       used 6526K, capacity 7256K, committed 7424K, reserved 1056768K
  class space    used 623K, capacity 656K, committed 768K, reserved 1048576K
Event: 31.727 GC heap after
Heap after GC invocations=9 (full 1):
 PSYoungGen      total 91136K, used 14836K [0x00000000eab00000, 0x00000000fe680000, 0x0000000100000000)
  eden space 76288K, 0% used [0x00000000eab00000,0x00000000eab00000,0x00000000ef580000)
  from space 14848K, 99% used [0x00000000f3980000,0x00000000f47fd250,0x00000000f4800000)
  to   space 69632K, 0% used [0x00000000ef580000,0x00000000ef580000,0x00000000f3980000)
 ParOldGen       total 135168K, used 134440K [0x00000000c0000000, 0x00000000c8400000, 0x00000000eab00000)
  object space 135168K, 99% used [0x00000000c0000000,0x00000000c834a318,0x00000000c8400000)
 Metaspace       used 6526K, capacity 7256K, committed 7424K, reserved 1056768K
  class space    used 623K, capacity 656K, committed 768K, reserved 1048576K
}
Event: 31.727 GC heap before
{Heap before GC invocations=10 (full 2):
 PSYoungGen      total 91136K, used 14836K [0x00000000eab00000, 0x00000000fe680000, 0x0000000100000000)
  eden space 76288K, 0% used [0x00000000eab00000,0x00000000eab00000,0x00000000ef580000)
  from space 14848K, 99% used [0x00000000f3980000,0x00000000f47fd250,0x00000000f4800000)
  to   space 69632K, 0% used [0x00000000ef580000,0x00000000ef580000,0x00000000f3980000)
 ParOldGen       total 135168K, used 134440K [0x00000000c0000000, 0x00000000c8400000, 0x00000000eab00000)
  object space 135168K, 99% used [0x00000000c0000000,0x00000000c834a318,0x00000000c8400000)
 Metaspace       used 6526K, capacity 7256K, committed 7424K, reserved 1056768K
  class space    used 623K, capacity 656K, committed 768K, reserved 1048576K
Event: 32.870 GC heap after
Heap after GC invocations=10 (full 2):
 PSYoungGen      total 91136K, used 7631K [0x00000000eab00000, 0x00000000fe680000, 0x0000000100000000)
  eden space 76288K, 0% used [0x00000000eab00000,0x00000000eab00000,0x00000000ef580000)
  from space 14848K, 51% used [0x00000000f3980000,0x00000000f40f3ce8,0x00000000f4800000)
  to   space 69632K, 0% used [0x00000000ef580000,0x00000000ef580000,0x00000000f3980000)
 ParOldGen       total 235520K, used 134824K [0x00000000c0000000, 0x00000000ce600000, 0x00000000eab00000)
  object space 235520K, 57% used [0x00000000c0000000,0x00000000c83aa320,0x00000000ce600000)
 Metaspace       used 6526K, capacity 7256K, committed 7424K, reserved 1056768K
  class space    used 623K, capacity 656K, committed 768K, reserved 1048576K
}
Event: 33.042 GC heap before
{Heap before GC invocations=11 (full 2):
 PSYoungGen      total 91136K, used 83919K [0x00000000eab00000, 0x00000000fe680000, 0x0000000100000000)
  eden space 76288K, 100% used [0x00000000eab00000,0x00000000ef580000,0x00000000ef580000)
  from space 14848K, 51% used [0x00000000f3980000,0x00000000f40f3ce8,0x00000000f4800000)
  to   space 69632K, 0% used [0x00000000ef580000,0x00000000ef580000,0x00000000f3980000)
 ParOldGen       total 235520K, used 134824K [0x00000000c0000000, 0x00000000ce600000, 0x00000000eab00000)
  object space 235520K, 57% used [0x00000000c0000000,0x00000000c83aa320,0x00000000ce600000)
 Metaspace       used 6530K, capacity 7256K, committed 7424K, reserved 1056768K
  class space    used 624K, capacity 656K, committed 768K, reserved 1048576K
Event: 33.276 GC heap after
Heap after GC invocations=11 (full 2):
 PSYoungGen      total 145920K, used 50995K [0x00000000eab00000, 0x00000000f9200000, 0x0000000100000000)
  eden space 76288K, 0% used [0x00000000eab00000,0x00000000eab00000,0x00000000ef580000)
  from space 69632K, 73% used [0x00000000ef580000,0x00000000f274cdb8,0x00000000f3980000)
  to   space 75776K, 0% used [0x00000000f4800000,0x00000000f4800000,0x00000000f9200000)
 ParOldGen       total 235520K, used 136392K [0x00000000c0000000, 0x00000000ce600000, 0x00000000eab00000)
  object space 235520K, 57% used [0x00000000c0000000,0x00000000c8532320,0x00000000ce600000)
 Metaspace       used 6530K, capacity 7256K, committed 7424K, reserved 1056768K
  class space    used 624K, capacity 656K, committed 768K, reserved 1048576K
}
Event: 33.576 GC heap before
{Heap before GC invocations=12 (full 2):
 PSYoungGen      total 145920K, used 127283K [0x00000000eab00000, 0x00000000f9200000, 0x0000000100000000)
  eden space 76288K, 100% used [0x00000000eab00000,0x00000000ef580000,0x00000000ef580000)
  from space 69632K, 73% used [0x00000000ef580000,0x00000000f274cdb8,0x00000000f3980000)
  to   space 75776K, 0% used [0x00000000f4800000,0x00000000f4800000,0x00000000f9200000)
 ParOldGen       total 235520K, used 136392K [0x00000000c0000000, 0x00000000ce600000, 0x00000000eab00000)
  object space 235520K, 57% used [0x00000000c0000000,0x00000000c8532320,0x00000000ce600000)
 Metaspace       used 6535K, capacity 7256K, committed 7424K, reserved 1056768K
  class space    used 624K, capacity 656K, committed 768K, reserved 1048576K
Event: 33.865 GC heap after
Heap after GC invocations=12 (full 2):
 PSYoungGen      total 150528K, used 67262K [0x00000000eab00000, 0x00000000fab80000, 0x0000000100000000)
  eden space 74752K, 0% used [0x00000000eab00000,0x00000000eab00000,0x00000000ef400000)
  from space 75776K, 88% used [0x00000000f4800000,0x00000000f89afab8,0x00000000f9200000)
  to   space 86016K, 0% used [0x00000000ef400000,0x00000000ef400000,0x00000000f4800000)
 ParOldGen       total 235520K, used 136392K [0x00000000c0000000, 0x00000000ce600000, 0x00000000eab00000)
  object space 235520K, 57% used [0x00000000c0000000,0x00000000c8532320,0x00000000ce600000)
 Metaspace       used 6535K, capacity 7256K, committed 7424K, reserved 1056768K
  class space    used 624K, capacity 656K, committed 768K, reserved 1048576K
}

Deoptimization events (10 events):
Event: 25.777 Thread 0x00000000022c0800 Uncommon trap: reason=unstable_if action=reinterpret pc=0x0000000002c4c210 method=com.android.dx.ssa.SCCP.run()V @ 257
Event: 25.902 Thread 0x00000000022c0800 Uncommon trap: reason=unstable_if action=reinterpret pc=0x0000000002a68914 method=com.android.dx.ssa.SCCP.simulateStmt(Lcom/android/dx/ssa/SsaInsn;)V @ 59
Event: 32.941 Thread 0x0000000016d1c800 Uncommon trap: reason=predicate action=maybe_recompile pc=0x0000000002cddc00 method=com.android.dx.ssa.DomFront.run()[Lcom/android/dx/ssa/DomFront$DomInfo; @ 175
Event: 33.373 Thread 0x0000000016d1c800 Uncommon trap: reason=class_check action=maybe_recompile pc=0x0000000002bf7ad4 method=com.android.dx.ssa.SsaConverter.placePhiFunctions(Lcom/android/dx/ssa/SsaMethod;Lcom/android/dx/ssa/LocalVariableInfo;I)V @ 257
Event: 33.376 Thread 0x0000000016d1c800 Uncommon trap: reason=class_check action=maybe_recompile pc=0x0000000002c9fd48 method=com.android.dx.ssa.SsaConverter.placePhiFunctions(Lcom/android/dx/ssa/SsaMethod;Lcom/android/dx/ssa/LocalVariableInfo;I)V @ 257
Event: 33.376 Thread 0x0000000016d1c800 Uncommon trap: reason=class_check action=maybe_recompile pc=0x0000000002c9fd48 method=com.android.dx.ssa.SsaConverter.placePhiFunctions(Lcom/android/dx/ssa/SsaMethod;Lcom/android/dx/ssa/LocalVariableInfo;I)V @ 257
Event: 33.377 Thread 0x0000000016d1c800 Uncommon trap: reason=class_check action=maybe_recompile pc=0x0000000002c9fd48 method=com.android.dx.ssa.SsaConverter.placePhiFunctions(Lcom/android/dx/ssa/SsaMethod;Lcom/android/dx/ssa/LocalVariableInfo;I)V @ 257
Event: 33.472 Thread 0x00000000022c0800 Uncommon trap: reason=speculate_class_check action=maybe_recompile pc=0x0000000002d6a390 method=com.android.dx.rop.cst.TypedConstant.getBasicType()I @ 1
Event: 33.908 Thread 0x000000001708b800 Uncommon trap: reason=class_check action=maybe_recompile pc=0x0000000002bf7ad4 method=com.android.dx.ssa.SsaConverter.placePhiFunctions(Lcom/android/dx/ssa/SsaMethod;Lcom/android/dx/ssa/LocalVariableInfo;I)V @ 257
Event: 34.102 Thread 0x0000000016ff1000 Uncommon trap: reason=class_check action=maybe_recompile pc=0x0000000002f7d54c method=com.android.dx.ssa.SsaConverter.placePhiFunctions(Lcom/android/dx/ssa/SsaMethod;Lcom/android/dx/ssa/LocalVariableInfo;I)V @ 257

Internal exceptions (6 events):
Event: 0.081 Thread 0x00000000022c0800 Exception <a 'java/lang/NoSuchMethodError': Method sun.misc.Unsafe.defineClass(Ljava/lang/String;[BII)Ljava/lang/Class; name or signature does not match> (0x00000000eab0d800) thrown at [C:\re\workspace\8-2-build-windows-amd64-cygwin\jdk8u66\5298\hotspot\srRk%”¢´?
Event: 0.081 Thread 0x00000000022c0800 Exception <a 'java/lang/NoSuchMethodError': Method sun.misc.Unsafe.prefetchRead(Ljava/lang/Object;J)V name or signature does not match> (0x00000000eab0dae8) thrown at [C:\re\workspace\8-2-build-windows-amd64-cygwin\jdk8u66\5298\hotspot\src\share\vm\prims\jè=˜,Ëv@
Event: 2.808 Thread 0x000000001708b800 Implicit null exception at 0x0000000002703722 to 0x000000000270381a
Event: 10.255 Thread 0x0000000016ff1000 Exception <a 'java/lang/ArrayIndexOutOfBoundsException': 18> (0x00000000ec9fd1b8) thrown at [C:\re\workspace\8-2-build-windows-amd64-cygwin\jdk8u66\5298\hotspot\src\share\vm\interpreter\interpreterRuntime.cpp, line 366]
Event: 10.255 Thread 0x0000000016ff1000 Exception <a 'java/lang/ArrayIndexOutOfBoundsException'> (0x00000000ec9fed38) thrown at [C:\re\workspace\8-2-build-windows-amd64-cygwin\jdk8u66\5298\hotspot\src\share\vm\runtime\sharedRuntime.cpp, line 605]
Event: 10.760 Thread 0x0000000016ff1000 Exception <a 'java/lang/ArrayIndexOutOfBoundsException'> (0x00000000eca00020) thrown at [C:\re\workspace\8-2-build-windows-amd64-cygwin\jdk8u66\5298\hotspot\src\share\vm\runtime\sharedRuntime.cpp, line 605]

Events (10 events):
Event: 33.503 Executing VM operation: ParallelGCFailedAllocation
Event: 33.865 Executing VM operation: ParallelGCFailedAllocation done
Event: 33.889 Thread 0x00000000022c0800 DEOPT PACKING pc=0x0000000002ec1663 sp=0x00000000022be220
Event: 33.889 Thread 0x00000000022c0800 DEOPT UNPACKING pc=0x000000000240787f sp=0x00000000022bdf78 mode 0
Event: 33.908 Thread 0x000000001708b800 Uncommon trap: trap_request=0xffffffde fr.pc=0x0000000002bf7ad4
Event: 33.908 Thread 0x000000001708b800 DEOPT PACKING pc=0x0000000002bf7ad4 sp=0x00000000186be940
Event: 33.908 Thread 0x000000001708b800 DEOPT UNPACKING pc=0x000000000240582a sp=0x00000000186be978 mode 2
Event: 34.102 Thread 0x0000000016ff1000 Uncommon trap: trap_request=0xffffffde fr.pc=0x0000000002f7d54c
Event: 34.102 Thread 0x0000000016ff1000 DEOPT PACKING pc=0x0000000002f7d54c sp=0x00000000185be940
Event: 34.102 Thread 0x0000000016ff1000 DEOPT UNPACKING pc=0x000000000240582a sp=0x00000000185be928 mode 2


Dynamic libraries:
0x00007ff624f40000 - 0x00007ff624f77000 	C:\Program Files\Java\jdk1.8.0_66\bin\java.exe
0x00007ffd6b150000 - 0x00007ffd6b311000 	C:\Windows\SYSTEM32\ntdll.dll
0x00007ffd687d0000 - 0x00007ffd6887d000 	C:\Windows\system32\KERNEL32.DLL
0x00007ffd68020000 - 0x00007ffd68208000 	C:\Windows\system32\KERNELBASE.dll
0x00007ffd68880000 - 0x00007ffd68927000 	C:\Windows\system32\ADVAPI32.dll
0x00007ffd692e0000 - 0x00007ffd6937d000 	C:\Windows\system32\msvcrt.dll
0x00007ffd6ae80000 - 0x00007ffd6aedb000 	C:\Windows\system32\sechost.dll
0x00007ffd68ba0000 - 0x00007ffd68cbc000 	C:\Windows\system32\RPCRT4.dll
0x00007ffd68990000 - 0x00007ffd68ae6000 	C:\Windows\system32\USER32.dll
0x00007ffd68550000 - 0x00007ffd686d6000 	C:\Windows\system32\GDI32.dll
0x00007ffd5b220000 - 0x00007ffd5b494000 	C:\Windows\WinSxS\amd64_microsoft.windows.common-controls_6595b64144ccf1df_6.0.10586.0_none_8c15ae12515e1c22\COMCTL32.dll
0x00007ffd6aba0000 - 0x00007ffd6ae1d000 	C:\Windows\system32\combase.dll
0x00007ffd68430000 - 0x00007ffd6849a000 	C:\Windows\system32\bcryptPrimitives.dll
0x00007ffd6b110000 - 0x00007ffd6b14b000 	C:\Windows\system32\IMM32.DLL
0x0000000073840000 - 0x0000000073912000 	C:\Program Files\Java\jdk1.8.0_66\jre\bin\msvcr100.dll
0x0000000073cc0000 - 0x0000000074549000 	C:\Program Files\Java\jdk1.8.0_66\jre\bin\server\jvm.dll
0x00007ffd68ea0000 - 0x00007ffd68ea8000 	C:\Windows\system32\PSAPI.DLL
0x00007ffd64190000 - 0x00007ffd64199000 	C:\Windows\SYSTEM32\WSOCK32.dll
0x00007ffd6aee0000 - 0x00007ffd6af4b000 	C:\Windows\system32\WS2_32.dll
0x00007ffd5aa30000 - 0x00007ffd5aa3a000 	C:\Windows\SYSTEM32\VERSION.dll
0x00007ffd659f0000 - 0x00007ffd65a13000 	C:\Windows\SYSTEM32\WINMM.dll
0x00007ffd65990000 - 0x00007ffd659bc000 	C:\Windows\SYSTEM32\WINMMBASE.dll
0x00007ffd68210000 - 0x00007ffd68253000 	C:\Windows\system32\cfgmgr32.dll
0x0000000073cb0000 - 0x0000000073cbf000 	C:\Program Files\Java\jdk1.8.0_66\jre\bin\verify.dll
0x0000000073c80000 - 0x0000000073ca9000 	C:\Program Files\Java\jdk1.8.0_66\jre\bin\java.dll
0x0000000073c60000 - 0x0000000073c76000 	C:\Program Files\Java\jdk1.8.0_66\jre\bin\zip.dll
0x00007ffd69640000 - 0x00007ffd6ab9c000 	C:\Windows\system32\SHELL32.dll
0x00007ffd678b0000 - 0x00007ffd67ef4000 	C:\Windows\system32\windows.storage.dll
0x00007ffd68930000 - 0x00007ffd68982000 	C:\Windows\system32\shlwapi.dll
0x00007ffd677f0000 - 0x00007ffd677ff000 	C:\Windows\system32\kernel.appcore.dll
0x00007ffd67f00000 - 0x00007ffd67fb5000 	C:\Windows\system32\shcore.dll
0x00007ffd67770000 - 0x00007ffd677bb000 	C:\Windows\system32\powrprof.dll
0x00007ffd677c0000 - 0x00007ffd677d4000 	C:\Windows\system32\profapi.dll

VM Arguments:
jvm_args: -Djava.awt.headless=true -Xmx1024M -Dfile.encoding=windows-1252 -Duser.country=IT -Duser.language=it -Duser.variant 
java_command: com.android.dx.command.Main --dex --force-jumbo --num-threads=4 --multi-dex --output C:\Users\Davide\AndroidStudioProjects\MioMeteo\app\build\intermediates\transforms\dex\debug\folders\1000\10\com.google.android.gms-play-services-ads-8.4.0_a6fd10e450791d362247a31607fa8d6fc799376c C:\Users\Davide\AndroidStudioProjects\MioMeteo\app\build\intermediates\exploded-aar\com.google.android.gms\play-services-ads\8.4.0\jars\classes.jar
java_class_path (initial): C:\Users\Davide\AppData\Local\Android\sdk\build-tools\23.0.3\lib\dx.jar
Launcher Type: SUN_STANDARD

Environment Variables:
PATH=C:\ProgramData\Oracle\Java\javapath;C:\Program Files (x86)\Intel\iCLS Client\;C:\Program Files\Intel\iCLS Client\;C:\Windows\system32;C:\Windows;C:\Windows\System32\Wbem;C:\Windows\System32\WindowsPowerShell\v1.0\;c:\Program Files\Intel\WiFi\bin\;c:\Program Files\Common Files\Intel\WirelessCommon\;C:\Program Files\Intel\Intel(R) Management Engine Components\DAL;C:\Program Files (x86)\Intel\Intel(R) Management Engine Components\DAL;C:\Program Files\Intel\Intel(R) Management Engine Components\IPT;C:\Program Files (x86)\Intel\Intel(R) Management Engine Components\IPT;C:\Program Files\Hewlett-Packard\SimplePass\;C:\Program Files\Java\jdk1.8.0_66\bin;C:\Program Files\TortoiseSVN\bin;C:\Program Files (x86)\MySQL\MySQL Fabric 1.5 & MySQL Utilities 1.5\;C:\Program Files (x86)\MySQL\MySQL Fabric 1.5 & MySQL Utilities 1.5\Doctrine extensions for PHP\;C:\Program Files (x86)\Skype\Phone\
USERNAME=Davide
OS=Windows_NT
PROCESSOR_IDENTIFIER=Intel64 Family 6 Model 61 Stepping 4, GenuineIntel



---------------  S Y S T E M  ---------------

OS: Windows 10.0 , 64 bit Build 10586 (10.0.10586.0)

CPU:total 4 (2 cores per cpu, 2 threads per core) family 6 model 61 stepping 4, cmov, cx8, fxsr, mmx, sse, sse2, sse3, ssse3, sse4.1, sse4.2, popcnt, avx, avx2, aes, clmul, erms, 3dnowpref, lzcnt, ht, tsc, tscinvbit, bmi1, bmi2, adx

Memory: 4k page, physical 4109328k(143980k free), swap 5157904k(5600k free)

vm_info: Java HotSpot(TM) 64-Bit Server VM (25.66-b18) for windows-amd64 JRE (1.8.0_66-b18), built on Nov  9 2015 10:51:13 by "java_re" with MS VC++ 10.0 (VS2010)

time: Thu May 19 14:14:22 2016
elapsed time: 34 seconds (0d 0h 0m 34s)

