#
# There is insufficient memory for the Java Runtime Environment to continue.
# Native memory allocation (malloc) failed to allocate 1170416 bytes for Chunk::new
# Possible reasons:
#   The system is out of physical RAM or swap space
#   In 32 bit mode, the process size limit was hit
# Possible solutions:
#   Reduce memory load on the system
#   Increase physical memory or swap space
#   Check if swap backing store is full
#   Use 64 bit Java on a 64 bit OS
#   Decrease Java heap size (-Xmx/-Xms)
#   Decrease number of Java threads
#   Decrease Java thread stack sizes (-Xss)
#   Set larger code cache with -XX:ReservedCodeCacheSize=
# This output file may be truncated or incomplete.
#
#  Out of Memory Error (allocation.cpp:390), pid=5900, tid=6048
#
# JRE version: Java(TM) SE Runtime Environment (8.0_66-b18) (build 1.8.0_66-b18)
# Java VM: Java HotSpot(TM) 64-Bit Server VM (25.66-b18 mixed mode windows-amd64 compressed oops)
# Failed to write core dump. Minidumps are not enabled by default on client versions of Windows
#

---------------  T H R E A D  ---------------

Current thread (0x00000000148ab800):  JavaThread "C2 CompilerThread1" daemon [_thread_in_native, id=6048, stack(0x0000000015ff0000,0x00000000160f0000)]

Stack: [0x0000000015ff0000,0x00000000160f0000]
[error occurred during error reporting (printing stack bounds), id 0xc0000005]

Native frames: (J=compiled Java code, j=interpreted, Vv=VM code, C=native code)


Current CompileTask:
C2:  30008 2872       4       com.android.dx.dex.code.LocalList::make (102 bytes)


---------------  P R O C E S S  ---------------

Java Threads: ( => current thread )
  0x0000000016481800 JavaThread "pool-1-thread-1" [_thread_in_Java, id=2692, stack(0x00000000195c0000,0x00000000196c0000)]
  0x00000000161f5800 JavaThread "Service Thread" daemon [_thread_blocked, id=5844, stack(0x00000000165f0000,0x00000000166f0000)]
  0x00000000148ec000 JavaThread "C1 CompilerThread2" daemon [_thread_blocked, id=7808, stack(0x00000000160f0000,0x00000000161f0000)]
=>0x00000000148ab800 JavaThread "C2 CompilerThread1" daemon [_thread_in_native, id=6048, stack(0x0000000015ff0000,0x00000000160f0000)]
  0x000000001488d000 JavaThread "C2 CompilerThread0" daemon [_thread_in_native, id=836, stack(0x0000000015ef0000,0x0000000015ff0000)]
  0x000000001488b000 JavaThread "Attach Listener" daemon [_thread_blocked, id=1104, stack(0x0000000015df0000,0x0000000015ef0000)]
  0x0000000014889800 JavaThread "Signal Dispatcher" daemon [_thread_blocked, id=1292, stack(0x0000000015cf0000,0x0000000015df0000)]
  0x0000000002190800 JavaThread "Finalizer" daemon [_thread_blocked, id=4692, stack(0x0000000015af0000,0x0000000015bf0000)]
  0x000000000218d800 JavaThread "Reference Handler" daemon [_thread_blocked, id=7116, stack(0x00000000159f0000,0x0000000015af0000)]
  0x00000000020a0800 JavaThread "main" [_thread_blocked, id=5292, stack(0x0000000000870000,0x0000000000970000)]

Other Threads:
  0x0000000014858800 VMThread [stack: 0x00000000158f0000,0x00000000159f0000] [id=7364]
  0x00000000161fa000 WatcherThread [stack: 0x00000000166f0000,0x00000000167f0000] [id=2084]

VM state:not at safepoint (normal execution)

VM Mutex/Monitor currently owned by a thread: None

Heap:
 PSYoungGen      total 205312K, used 33261K [0x00000000eab00000, 0x00000000fa480000, 0x0000000100000000)
  eden space 180736K, 5% used [0x00000000eab00000,0x00000000eb3f0818,0x00000000f5b80000)
  from space 24576K, 98% used [0x00000000f8c80000,0x00000000fa40af20,0x00000000fa480000)
  to   space 32768K, 0% used [0x00000000f6480000,0x00000000f6480000,0x00000000f8480000)
 ParOldGen       total 77312K, used 50985K [0x00000000c0000000, 0x00000000c4b80000, 0x00000000eab00000)
  object space 77312K, 65% used [0x00000000c0000000,0x00000000c31ca770,0x00000000c4b80000)
 Metaspace       used 6865K, capacity 7544K, committed 7680K, reserved 1056768K
  class space    used 642K, capacity 688K, committed 768K, reserved 1048576K

Card table byte_map: [0x0000000011560000,0x0000000011770000] byte_map_base: 0x0000000010f60000

Marking Bits: (ParMarkBitMap*) 0x00000000744ca5b0
 Begin Bits: [0x0000000011cd0000, 0x0000000012cd0000)
 End Bits:   [0x0000000012cd0000, 0x0000000013cd0000)

Polling page: 0x0000000000820000

CodeCache: size=245760Kb used=12660Kb max_used=12660Kb free=233099Kb
 bounds [0x00000000021a0000, 0x0000000002e10000, 0x00000000111a0000]
 total_blobs=2943 nmethods=2673 adapters=182
 compilation: enabled

Compilation events (10 events):
Event: 29.958 Thread 0x00000000148ec000 2892       3       com.android.dx.dex.code.DalvInsn::expandedSuffix (40 bytes)
Event: 29.959 Thread 0x00000000148ec000 nmethod 2892 0x0000000002e02910 code [0x0000000002e02ae0, 0x0000000002e03338]
Event: 29.959 Thread 0x00000000148ec000 2893       3       com.android.dx.dex.code.DalvInsn::expandedVersion (20 bytes)
Event: 29.959 Thread 0x00000000148ec000 nmethod 2893 0x0000000002e03610 code [0x0000000002e037a0, 0x0000000002e03c18]
Event: 29.959 Thread 0x00000000148ec000 2894       3       com.android.dx.rop.code.RegisterSpecList::subset (85 bytes)
Event: 29.961 Thread 0x00000000148ec000 nmethod 2894 0x0000000002e03d90 code [0x0000000002e03fe0, 0x0000000002e04fa8]
Event: 29.961 Thread 0x00000000148ec000 2895       3       com.android.dx.dex.code.form.Form20t::branchFits (22 bytes)
Event: 29.962 Thread 0x00000000148ec000 nmethod 2895 0x0000000002e058d0 code [0x0000000002e05a80, 0x0000000002e061b8]
Event: 29.966 Thread 0x00000000148ec000 2896       3       com.android.dx.dex.code.form.Form21h::isCompatible (121 bytes)
Event: 29.967 Thread 0x00000000148ec000 nmethod 2896 0x0000000002e064d0 code [0x0000000002e06720, 0x0000000002e07ab8]

GC Heap History (10 events):
Event: 13.547 GC heap before
{Heap before GC invocations=7 (full 0):
 PSYoungGen      total 74752K, used 72748K [0x00000000eab00000, 0x00000000eff00000, 0x0000000100000000)
  eden space 65024K, 100% used [0x00000000eab00000,0x00000000eea80000,0x00000000eea80000)
  from space 9728K, 79% used [0x00000000ef480000,0x00000000efc0b338,0x00000000efe00000)
  to   space 10240K, 0% used [0x00000000eea80000,0x00000000eea80000,0x00000000ef480000)
 ParOldGen       total 44032K, used 13363K [0x00000000c0000000, 0x00000000c2b00000, 0x00000000eab00000)
  object space 44032K, 30% used [0x00000000c0000000,0x00000000c0d0cc90,0x00000000c2b00000)
 Metaspace       used 6381K, capacity 7152K, committed 7296K, reserved 1056768K
  class space    used 603K, capacity 616K, committed 640K, reserved 1048576K
Event: 14.884 GC heap after
Heap after GC invocations=7 (full 0):
 PSYoungGen      total 75264K, used 10236K [0x00000000eab00000, 0x00000000f4900000, 0x0000000100000000)
  eden space 65024K, 0% used [0x00000000eab00000,0x00000000eab00000,0x00000000eea80000)
  from space 10240K, 99% used [0x00000000eea80000,0x00000000ef47f2d0,0x00000000ef480000)
  to   space 15872K, 0% used [0x00000000f3980000,0x00000000f3980000,0x00000000f4900000)
 ParOldGen       total 44032K, used 20526K [0x00000000c0000000, 0x00000000c2b00000, 0x00000000eab00000)
  object space 44032K, 46% used [0x00000000c0000000,0x00000000c140b8d8,0x00000000c2b00000)
 Metaspace       used 6381K, capacity 7152K, committed 7296K, reserved 1056768K
  class space    used 603K, capacity 616K, committed 640K, reserved 1048576K
}
Event: 18.698 GC heap before
{Heap before GC invocations=8 (full 0):
 PSYoungGen      total 75264K, used 75260K [0x00000000eab00000, 0x00000000f4900000, 0x0000000100000000)
  eden space 65024K, 100% used [0x00000000eab00000,0x00000000eea80000,0x00000000eea80000)
  from space 10240K, 99% used [0x00000000eea80000,0x00000000ef47f2d0,0x00000000ef480000)
  to   space 15872K, 0% used [0x00000000f3980000,0x00000000f3980000,0x00000000f4900000)
 ParOldGen       total 44032K, used 20526K [0x00000000c0000000, 0x00000000c2b00000, 0x00000000eab00000)
  object space 44032K, 46% used [0x00000000c0000000,0x00000000c140b8d8,0x00000000c2b00000)
 Metaspace       used 6420K, capacity 7216K, committed 7296K, reserved 1056768K
  class space    used 603K, capacity 616K, committed 640K, reserved 1048576K
Event: 20.097 GC heap after
Heap after GC invocations=8 (full 0):
 PSYoungGen      total 141312K, used 15861K [0x00000000eab00000, 0x00000000f5200000, 0x0000000100000000)
  eden space 125440K, 0% used [0x00000000eab00000,0x00000000eab00000,0x00000000f2580000)
  from space 15872K, 99% used [0x00000000f3980000,0x00000000f48fd5f0,0x00000000f4900000)
  to   space 20480K, 0% used [0x00000000f2580000,0x00000000f2580000,0x00000000f3980000)
 ParOldGen       total 44032K, used 25403K [0x00000000c0000000, 0x00000000c2b00000, 0x00000000eab00000)
  object space 44032K, 57% used [0x00000000c0000000,0x00000000c18cee08,0x00000000c2b00000)
 Metaspace       used 6420K, capacity 7216K, committed 7296K, reserved 1056768K
  class space    used 603K, capacity 616K, committed 640K, reserved 1048576K
}
Event: 23.775 GC heap before
{Heap before GC invocations=9 (full 0):
 PSYoungGen      total 141312K, used 141301K [0x00000000eab00000, 0x00000000f5200000, 0x0000000100000000)
  eden space 125440K, 100% used [0x00000000eab00000,0x00000000f2580000,0x00000000f2580000)
  from space 15872K, 99% used [0x00000000f3980000,0x00000000f48fd5f0,0x00000000f4900000)
  to   space 20480K, 0% used [0x00000000f2580000,0x00000000f2580000,0x00000000f3980000)
 ParOldGen       total 44032K, used 25403K [0x00000000c0000000, 0x00000000c2b00000, 0x00000000eab00000)
  object space 44032K, 57% used [0x00000000c0000000,0x00000000c18cee08,0x00000000c2b00000)
 Metaspace       used 6530K, capacity 7256K, committed 7424K, reserved 1056768K
  class space    used 624K, capacity 656K, committed 768K, reserved 1048576K
Event: 23.968 GC heap after
Heap after GC invocations=9 (full 0):
 PSYoungGen      total 145920K, used 20475K [0x00000000eab00000, 0x00000000faa00000, 0x0000000100000000)
  eden space 125440K, 0% used [0x00000000eab00000,0x00000000eab00000,0x00000000f2580000)
  from space 20480K, 99% used [0x00000000f2580000,0x00000000f397eec0,0x00000000f3980000)
  to   space 30208K, 0% used [0x00000000f8c80000,0x00000000f8c80000,0x00000000faa00000)
 ParOldGen       total 44032K, used 40537K [0x00000000c0000000, 0x00000000c2b00000, 0x00000000eab00000)
  object space 44032K, 92% used [0x00000000c0000000,0x00000000c2796648,0x00000000c2b00000)
 Metaspace       used 6530K, capacity 7256K, committed 7424K, reserved 1056768K
  class space    used 624K, capacity 656K, committed 768K, reserved 1048576K
}
Event: 23.968 GC heap before
{Heap before GC invocations=10 (full 1):
 PSYoungGen      total 145920K, used 20475K [0x00000000eab00000, 0x00000000faa00000, 0x0000000100000000)
  eden space 125440K, 0% used [0x00000000eab00000,0x00000000eab00000,0x00000000f2580000)
  from space 20480K, 99% used [0x00000000f2580000,0x00000000f397eec0,0x00000000f3980000)
  to   space 30208K, 0% used [0x00000000f8c80000,0x00000000f8c80000,0x00000000faa00000)
 ParOldGen       total 44032K, used 40537K [0x00000000c0000000, 0x00000000c2b00000, 0x00000000eab00000)
  object space 44032K, 92% used [0x00000000c0000000,0x00000000c2796648,0x00000000c2b00000)
 Metaspace       used 6530K, capacity 7256K, committed 7424K, reserved 1056768K
  class space    used 624K, capacity 656K, committed 768K, reserved 1048576K
Event: 25.228 GC heap after
Heap after GC invocations=10 (full 1):
 PSYoungGen      total 145920K, used 12755K [0x00000000eab00000, 0x00000000faa00000, 0x0000000100000000)
  eden space 125440K, 0% used [0x00000000eab00000,0x00000000eab00000,0x00000000f2580000)
  from space 20480K, 62% used [0x00000000f2580000,0x00000000f31f4f60,0x00000000f3980000)
  to   space 30208K, 0% used [0x00000000f8c80000,0x00000000f8c80000,0x00000000faa00000)
 ParOldGen       total 77312K, used 43785K [0x00000000c0000000, 0x00000000c4b80000, 0x00000000eab00000)
  object space 77312K, 56% used [0x00000000c0000000,0x00000000c2ac25b8,0x00000000c4b80000)
 Metaspace       used 6530K, capacity 7256K, committed 7424K, reserved 1056768K
  class space    used 624K, capacity 656K, committed 768K, reserved 1048576K
}
Event: 27.903 GC heap before
{Heap before GC invocations=11 (full 1):
 PSYoungGen      total 145920K, used 138195K [0x00000000eab00000, 0x00000000faa00000, 0x0000000100000000)
  eden space 125440K, 100% used [0x00000000eab00000,0x00000000f2580000,0x00000000f2580000)
  from space 20480K, 62% used [0x00000000f2580000,0x00000000f31f4f60,0x00000000f3980000)
  to   space 30208K, 0% used [0x00000000f8c80000,0x00000000f8c80000,0x00000000faa00000)
 ParOldGen       total 77312K, used 43785K [0x00000000c0000000, 0x00000000c4b80000, 0x00000000eab00000)
  object space 77312K, 56% used [0x00000000c0000000,0x00000000c2ac25b8,0x00000000c4b80000)
 Metaspace       used 6656K, capacity 7320K, committed 7680K, reserved 1056768K
  class space    used 630K, capacity 656K, committed 768K, reserved 1048576K
Event: 28.290 GC heap after
Heap after GC invocations=11 (full 1):
 PSYoungGen      total 205312K, used 24107K [0x00000000eab00000, 0x00000000fa480000, 0x0000000100000000)
  eden space 180736K, 0% used [0x00000000eab00000,0x00000000eab00000,0x00000000f5b80000)
  from space 24576K, 98% used [0x00000000f8c80000,0x00000000fa40af20,0x00000000fa480000)
  to   space 32768K, 0% used [0x00000000f6480000,0x00000000f6480000,0x00000000f8480000)
 ParOldGen       total 77312K, used 50985K [0x00000000c0000000, 0x00000000c4b80000, 0x00000000eab00000)
  object space 77312K, 65% used [0x00000000c0000000,0x00000000c31ca770,0x00000000c4b80000)
 Metaspace       used 6656K, capacity 7320K, committed 7680K, reserved 1056768K
  class space    used 630K, capacity 656K, committed 768K, reserved 1048576K
}

Deoptimization events (10 events):
Event: 28.314 Thread 0x0000000016481800 Uncommon trap: reason=bimorphic action=maybe_recompile pc=0x0000000002d2a8c4 method=com.android.dx.dex.file.MixedItemSection$1.compare(Lcom/android/dx/dex/file/OffsettedItem;Lcom/android/dx/dex/file/OffsettedItem;)I @ 1
Event: 28.753 Thread 0x0000000016481800 Uncommon trap: reason=speculate_class_check action=maybe_recompile pc=0x0000000002518950 method=com.android.dx.util.FixedSizeList.equals(Ljava/lang/Object;)Z @ 25
Event: 28.753 Thread 0x0000000016481800 Uncommon trap: reason=speculate_class_check action=maybe_recompile pc=0x0000000002518950 method=com.android.dx.util.FixedSizeList.equals(Ljava/lang/Object;)Z @ 25
Event: 28.753 Thread 0x0000000016481800 Uncommon trap: reason=speculate_class_check action=maybe_recompile pc=0x0000000002518950 method=com.android.dx.util.FixedSizeList.equals(Ljava/lang/Object;)Z @ 25
Event: 28.754 Thread 0x0000000016481800 Uncommon trap: reason=speculate_class_check action=maybe_recompile pc=0x0000000002518950 method=com.android.dx.util.FixedSizeList.equals(Ljava/lang/Object;)Z @ 25
Event: 28.754 Thread 0x0000000016481800 Uncommon trap: reason=unstable_if action=reinterpret pc=0x0000000002963a0c method=java.util.TreeMap.put(Ljava/lang/Object;Ljava/lang/Object;)Ljava/lang/Object; @ 163
Event: 28.899 Thread 0x0000000016481800 Uncommon trap: reason=unstable_if action=reinterpret pc=0x0000000002d4da8c method=com.android.dx.dex.code.OutputFinisher.findOpcodeForInsn(Lcom/android/dx/dex/code/DalvInsn;Lcom/android/dx/dex/code/Dop;)Lcom/android/dx/dex/code/Dop; @ 1
Event: 29.160 Thread 0x0000000016481800 Uncommon trap: reason=unstable_if action=reinterpret pc=0x0000000002d67af8 method=com.android.dx.rop.code.RegisterSpec.matchesVariable(Lcom/android/dx/rop/code/RegisterSpec;)Z @ 59
Event: 29.618 Thread 0x0000000016481800 Uncommon trap: reason=unstable_if action=reinterpret pc=0x0000000002db3d60 method=com.android.dx.dex.code.OutputFinisher.align64bits([Lcom/android/dx/dex/code/Dop;)V @ 172
Event: 29.790 Thread 0x0000000016481800 Uncommon trap: reason=unstable_if action=reinterpret pc=0x0000000002d85644 method=com.android.dx.dex.code.LocalList$MakeState.snapshot(ILcom/android/dx/rop/code/RegisterSpecSet;)V @ 86

Internal exceptions (8 events):
Event: 0.079 Thread 0x00000000020a0800 Exception <a 'java/lang/NoSuchMethodError': Method sun.misc.Unsafe.defineClass(Ljava/lang/String;[BII)Ljava/lang/Class; name or signature does not match> (0x00000000eab0d868) thrown at [C:\re\workspace\8-2-build-windows-amd64-cygwin\jdk8u66\5298\hotspot\sr+š<!86´?
Event: 0.079 Thread 0x00000000020a0800 Exception <a 'java/lang/NoSuchMethodError': Method sun.misc.Unsafe.prefetchRead(Ljava/lang/Object;J)V name or signature does not match> (0x00000000eab0db50) thrown at [C:\re\workspace\8-2-build-windows-amd64-cygwin\jdk8u66\5298\hotspot\src\share\vm\prims\j+?Î¥I9ø?
Event: 1.514 Thread 0x0000000016558000 Implicit null exception at 0x00000000024ad0e2 to 0x00000000024ad1e9
Event: 16.492 Thread 0x0000000016555000 Implicit null exception at 0x00000000026c138b to 0x00000000026c276d
Event: 20.491 Thread 0x0000000016554000 Exception <a 'java/lang/ArrayIndexOutOfBoundsException': 18> (0x00000000ebcead28) thrown at [C:\re\workspace\8-2-build-windows-amd64-cygwin\jdk8u66\5298\hotspot\src\share\vm\interpreter\interpreterRuntime.cpp, line 366]
Event: 20.492 Thread 0x0000000016554000 Exception <a 'java/lang/ArrayIndexOutOfBoundsException'> (0x00000000ebcec8a8) thrown at [C:\re\workspace\8-2-build-windows-amd64-cygwin\jdk8u66\5298\hotspot\src\share\vm\runtime\sharedRuntime.cpp, line 605]
Event: 20.493 Thread 0x0000000016554000 Exception <a 'java/lang/ArrayIndexOutOfBoundsException'> (0x00000000ebcedb90) thrown at [C:\re\workspace\8-2-build-windows-amd64-cygwin\jdk8u66\5298\hotspot\src\share\vm\runtime\sharedRuntime.cpp, line 605]
Event: 25.552 Thread 0x0000000016558000 Implicit null exception at 0x0000000002c09e90 to 0x0000000002c11191

Events (10 events):
Event: 29.908 Thread 0x0000000016481800 DEOPT PACKING pc=0x0000000002d72f89 sp=0x00000000196becb0
Event: 29.908 Thread 0x0000000016481800 DEOPT UNPACKING pc=0x00000000021e787f sp=0x00000000196bea00 mode 0
Event: 29.914 Thread 0x0000000016481800 DEOPT PACKING pc=0x0000000002d72f89 sp=0x00000000196bee30
Event: 29.914 Thread 0x0000000016481800 DEOPT UNPACKING pc=0x00000000021e787f sp=0x00000000196beb80 mode 0
Event: 29.964 Thread 0x0000000016481800 DEOPT PACKING pc=0x0000000002d72f89 sp=0x00000000196bee30
Event: 29.964 Thread 0x0000000016481800 DEOPT UNPACKING pc=0x00000000021e787f sp=0x00000000196beb80 mode 0
Event: 29.974 Thread 0x0000000016481800 DEOPT PACKING pc=0x0000000002d72f89 sp=0x00000000196bee30
Event: 29.974 Thread 0x0000000016481800 DEOPT UNPACKING pc=0x00000000021e787f sp=0x00000000196beb80 mode 0
Event: 29.979 Thread 0x0000000016481800 DEOPT PACKING pc=0x0000000002d72f89 sp=0x00000000196bee30
Event: 29.979 Thread 0x0000000016481800 DEOPT UNPACKING pc=0x00000000021e787f sp=0x00000000196beb80 mode 0


Dynamic libraries:
0x00007ff624f40000 - 0x00007ff624f77000 	C:\Program Files\Java\jdk1.8.0_66\bin\java.exe
0x00007ffd6b150000 - 0x00007ffd6b311000 	C:\Windows\SYSTEM32\ntdll.dll
0x00007ffd687d0000 - 0x00007ffd6887d000 	C:\Windows\system32\KERNEL32.DLL
0x00007ffd68020000 - 0x00007ffd68208000 	C:\Windows\system32\KERNELBASE.dll
0x00007ffd68880000 - 0x00007ffd68927000 	C:\Windows\system32\ADVAPI32.dll
0x00007ffd692e0000 - 0x00007ffd6937d000 	C:\Windows\system32\msvcrt.dll
0x00007ffd6ae80000 - 0x00007ffd6aedb000 	C:\Windows\system32\sechost.dll
0x00007ffd68ba0000 - 0x00007ffd68cbc000 	C:\Windows\system32\RPCRT4.dll
0x00007ffd68990000 - 0x00007ffd68ae6000 	C:\Windows\system32\USER32.dll
0x00007ffd68550000 - 0x00007ffd686d6000 	C:\Windows\system32\GDI32.dll
0x00007ffd5b220000 - 0x00007ffd5b494000 	C:\Windows\WinSxS\amd64_microsoft.windows.common-controls_6595b64144ccf1df_6.0.10586.0_none_8c15ae12515e1c22\COMCTL32.dll
0x00007ffd6aba0000 - 0x00007ffd6ae1d000 	C:\Windows\system32\combase.dll
0x00007ffd68430000 - 0x00007ffd6849a000 	C:\Windows\system32\bcryptPrimitives.dll
0x00007ffd6b110000 - 0x00007ffd6b14b000 	C:\Windows\system32\IMM32.DLL
0x0000000073840000 - 0x0000000073912000 	C:\Program Files\Java\jdk1.8.0_66\jre\bin\msvcr100.dll
0x0000000073cc0000 - 0x0000000074549000 	C:\Program Files\Java\jdk1.8.0_66\jre\bin\server\jvm.dll
0x00007ffd68ea0000 - 0x00007ffd68ea8000 	C:\Windows\system32\PSAPI.DLL
0x00007ffd64190000 - 0x00007ffd64199000 	C:\Windows\SYSTEM32\WSOCK32.dll
0x00007ffd6aee0000 - 0x00007ffd6af4b000 	C:\Windows\system32\WS2_32.dll
0x00007ffd659f0000 - 0x00007ffd65a13000 	C:\Windows\SYSTEM32\WINMM.dll
0x00007ffd5aa30000 - 0x00007ffd5aa3a000 	C:\Windows\SYSTEM32\VERSION.dll
0x00007ffd65990000 - 0x00007ffd659bc000 	C:\Windows\SYSTEM32\WINMMBASE.dll
0x00007ffd68210000 - 0x00007ffd68253000 	C:\Windows\system32\cfgmgr32.dll
0x0000000073cb0000 - 0x0000000073cbf000 	C:\Program Files\Java\jdk1.8.0_66\jre\bin\verify.dll
0x0000000073c80000 - 0x0000000073ca9000 	C:\Program Files\Java\jdk1.8.0_66\jre\bin\java.dll
0x0000000073c60000 - 0x0000000073c76000 	C:\Program Files\Java\jdk1.8.0_66\jre\bin\zip.dll
0x00007ffd69640000 - 0x00007ffd6ab9c000 	C:\Windows\system32\SHELL32.dll
0x00007ffd678b0000 - 0x00007ffd67ef4000 	C:\Windows\system32\windows.storage.dll
0x00007ffd68930000 - 0x00007ffd68982000 	C:\Windows\system32\shlwapi.dll
0x00007ffd677f0000 - 0x00007ffd677ff000 	C:\Windows\system32\kernel.appcore.dll
0x00007ffd67f00000 - 0x00007ffd67fb5000 	C:\Windows\system32\shcore.dll
0x00007ffd67770000 - 0x00007ffd677bb000 	C:\Windows\system32\powrprof.dll
0x00007ffd677c0000 - 0x00007ffd677d4000 	C:\Windows\system32\profapi.dll

VM Arguments:
jvm_args: -Djava.awt.headless=true -Xmx1024M -Dfile.encoding=windows-1252 -Duser.country=IT -Duser.language=it -Duser.variant 
java_command: com.android.dx.command.Main --dex --force-jumbo --num-threads=4 --multi-dex --output C:\Users\Davide\AndroidStudioProjects\MioMeteo\app\build\intermediates\transforms\dex\debug\folders\1000\10\com.android.support-support-v4-23.4.0_aaab4edea211bdf5334c61199a8744e711966bf7 C:\Users\Davide\AndroidStudioProjects\MioMeteo\app\build\intermediates\exploded-aar\com.android.support\support-v4\23.4.0\jars\classes.jar
java_class_path (initial): C:\Users\Davide\AppData\Local\Android\sdk\build-tools\23.0.3\lib\dx.jar
Launcher Type: SUN_STANDARD

Environment Variables:
PATH=C:\ProgramData\Oracle\Java\javapath;C:\Program Files (x86)\Intel\iCLS Client\;C:\Program Files\Intel\iCLS Client\;C:\Windows\system32;C:\Windows;C:\Windows\System32\Wbem;C:\Windows\System32\WindowsPowerShell\v1.0\;c:\Program Files\Intel\WiFi\bin\;c:\Program Files\Common Files\Intel\WirelessCommon\;C:\Program Files\Intel\Intel(R) Management Engine Components\DAL;C:\Program Files (x86)\Intel\Intel(R) Management Engine Components\DAL;C:\Program Files\Intel\Intel(R) Management Engine Components\IPT;C:\Program Files (x86)\Intel\Intel(R) Management Engine Components\IPT;C:\Program Files\Hewlett-Packard\SimplePass\;C:\Program Files\Java\jdk1.8.0_66\bin;C:\Program Files\TortoiseSVN\bin;C:\Program Files (x86)\MySQL\MySQL Fabric 1.5 & MySQL Utilities 1.5\;C:\Program Files (x86)\MySQL\MySQL Fabric 1.5 & MySQL Utilities 1.5\Doctrine extensions for PHP\;C:\Program Files (x86)\Skype\Phone\
USERNAME=Davide
OS=Windows_NT
PROCESSOR_IDENTIFIER=Intel64 Family 6 Model 61 Stepping 4, GenuineIntel



---------------  S Y S T E M  ---------------

OS: Windows 10.0 , 64 bit Build 10586 (10.0.10586.0)

CPU:total 4 (2 cores per cpu, 2 threads per core) family 6 model 61 stepping 4, cmov, cx8, fxsr, mmx, sse, sse2, sse3, ssse3, sse4.1, sse4.2, popcnt, avx, avx2, aes, clmul, erms, 3dnowpref, lzcnt, ht, tsc, tscinvbit, bmi1, bmi2, adx

Memory: 4k page, physical 4109328k(214460k free), swap 5157904k(5160k free)

vm_info: Java HotSpot(TM) 64-Bit Server VM (25.66-b18) for windows-amd64 JRE (1.8.0_66-b18), built on Nov  9 2015 10:51:13 by "java_re" with MS VC++ 10.0 (VS2010)

time: Thu May 19 14:15:32 2016
elapsed time: 30 seconds (0d 0h 0m 30s)

