#
# There is insufficient memory for the Java Runtime Environment to continue.
# Native memory allocation (malloc) failed to allocate 262160 bytes for Chunk::new
# Possible reasons:
#   The system is out of physical RAM or swap space
#   In 32 bit mode, the process size limit was hit
# Possible solutions:
#   Reduce memory load on the system
#   Increase physical memory or swap space
#   Check if swap backing store is full
#   Use 64 bit Java on a 64 bit OS
#   Decrease Java heap size (-Xmx/-Xms)
#   Decrease number of Java threads
#   Decrease Java thread stack sizes (-Xss)
#   Set larger code cache with -XX:ReservedCodeCacheSize=
# This output file may be truncated or incomplete.
#
#  Out of Memory Error (allocation.cpp:390), pid=7796, tid=2124
#
# JRE version: Java(TM) SE Runtime Environment (8.0_66-b18) (build 1.8.0_66-b18)
# Java VM: Java HotSpot(TM) 64-Bit Server VM (25.66-b18 mixed mode windows-amd64 compressed oops)
# Failed to write core dump. Minidumps are not enabled by default on client versions of Windows
#

---------------  T H R E A D  ---------------

Current thread (0x00000000148d1000):  JavaThread "C2 CompilerThread1" daemon [_thread_in_native, id=2124, stack(0x0000000016040000,0x0000000016140000)]

Stack: [0x0000000016040000,0x0000000016140000]
[error occurred during error reporting (printing stack bounds), id 0xc0000005]

Native frames: (J=compiled Java code, j=interpreted, Vv=VM code, C=native code)


Current CompileTask:
C2:  22578 2258   !   4       com.android.dx.cf.code.Ropper::processBlock (1101 bytes)


---------------  P R O C E S S  ---------------

Java Threads: ( => current thread )
  0x00000000164fe000 JavaThread "pool-2-thread-4" [_thread_blocked, id=4880, stack(0x0000000017440000,0x0000000017540000)]
  0x00000000164fd800 JavaThread "pool-2-thread-3" [_thread_blocked, id=5644, stack(0x0000000017340000,0x0000000017440000)]
  0x000000001657a000 JavaThread "pool-2-thread-2" [_thread_blocked, id=6436, stack(0x0000000017240000,0x0000000017340000)]
  0x0000000016579800 JavaThread "pool-3-thread-1" [_thread_blocked, id=6032, stack(0x0000000017140000,0x0000000017240000)]
  0x0000000016526000 JavaThread "pool-2-thread-1" [_thread_in_Java, id=1796, stack(0x0000000017040000,0x0000000017140000)]
  0x0000000016250800 JavaThread "Service Thread" daemon [_thread_blocked, id=1116, stack(0x0000000016640000,0x0000000016740000)]
  0x00000000148d4800 JavaThread "C1 CompilerThread2" daemon [_thread_blocked, id=7920, stack(0x0000000016140000,0x0000000016240000)]
=>0x00000000148d1000 JavaThread "C2 CompilerThread1" daemon [_thread_in_native, id=2124, stack(0x0000000016040000,0x0000000016140000)]
  0x00000000148ce000 JavaThread "C2 CompilerThread0" daemon [_thread_blocked, id=2816, stack(0x0000000015f40000,0x0000000016040000)]
  0x00000000148cc000 JavaThread "Attach Listener" daemon [_thread_blocked, id=5780, stack(0x0000000015e40000,0x0000000015f40000)]
  0x00000000148cb000 JavaThread "Signal Dispatcher" daemon [_thread_blocked, id=6096, stack(0x0000000015d40000,0x0000000015e40000)]
  0x00000000021f0800 JavaThread "Finalizer" daemon [_thread_blocked, id=3968, stack(0x0000000015b40000,0x0000000015c40000)]
  0x00000000021ed800 JavaThread "Reference Handler" daemon [_thread_in_vm, id=5772, stack(0x0000000015a40000,0x0000000015b40000)]
  0x0000000002100800 JavaThread "main" [_thread_blocked, id=1344, stack(0x0000000001fe0000,0x00000000020e0000)]

Other Threads:
  0x0000000014898000 VMThread [stack: 0x0000000015940000,0x0000000015a40000] [id=7352]
  0x000000001625b000 WatcherThread [stack: 0x0000000016740000,0x0000000016840000] [id=6024]

VM state:not at safepoint (normal execution)

VM Mutex/Monitor currently owned by a thread: None

Heap:
 PSYoungGen      total 79360K, used 15182K [0x00000000eab00000, 0x00000000f4600000, 0x0000000100000000)
  eden space 64512K, 0% used [0x00000000eab00000,0x00000000eab57870,0x00000000eea00000)
  from space 14848K, 99% used [0x00000000f3780000,0x00000000f45fc030,0x00000000f4600000)
  to   space 9728K, 0% used [0x00000000eea00000,0x00000000eea00000,0x00000000ef380000)
 ParOldGen       total 44032K, used 25347K [0x00000000c0000000, 0x00000000c2b00000, 0x00000000eab00000)
  object space 44032K, 57% used [0x00000000c0000000,0x00000000c18c0dc8,0x00000000c2b00000)
 Metaspace       used 6402K, capacity 7216K, committed 7296K, reserved 1056768K
  class space    used 601K, capacity 616K, committed 640K, reserved 1048576K

Card table byte_map: [0x00000000115c0000,0x00000000117d0000] byte_map_base: 0x0000000010fc0000

Marking Bits: (ParMarkBitMap*) 0x000000006695a5b0
 Begin Bits: [0x0000000011d30000, 0x0000000012d30000)
 End Bits:   [0x0000000012d30000, 0x0000000013d30000)

Polling page: 0x0000000000810000

CodeCache: size=245760Kb used=7815Kb max_used=10226Kb free=237944Kb
 bounds [0x0000000002200000, 0x0000000002c10000, 0x0000000011200000]
 total_blobs=1974 nmethods=1704 adapters=182
 compilation: enabled

Compilation events (10 events):
Event: 19.888 Thread 0x00000000148d4800 2263       3       com.android.dx.dex.code.RopTranslator$TranslationVisitor::addOutputSuffix (9 bytes)
Event: 19.889 Thread 0x00000000148d4800 nmethod 2263 0x000000000257c510 code [0x000000000257c6c0, 0x000000000257cc88]
Event: 19.908 Thread 0x00000000148d4800 2269       3       java.util.Collections::swap (25 bytes)
Event: 19.908 Thread 0x00000000148d4800 nmethod 2269 0x0000000002835750 code [0x00000000028358e0, 0x0000000002835c68]
Event: 19.921 Thread 0x00000000148d4800 2271       1       com.android.dx.cf.attrib.AttDeprecated::byteLength (3 bytes)
Event: 19.921 Thread 0x00000000148d4800 nmethod 2271 0x00000000023c1e50 code [0x00000000023c1fa0, 0x00000000023c20b0]
Event: 19.924 Thread 0x00000000148d4800 2272       3       com.android.dx.ssa.SCCP::simulateStmt (481 bytes)
Event: 19.926 Thread 0x00000000148d4800 nmethod 2272 0x0000000002416ad0 code [0x0000000002416e00, 0x0000000002418d98]
Event: 19.931 Thread 0x00000000148d4800 2273       3       com.android.dx.rop.type.Type::isCategory1 (36 bytes)
Event: 19.931 Thread 0x00000000148d4800 nmethod 2273 0x0000000002318c50 code [0x0000000002318da0, 0x0000000002318f10]

GC Heap History (10 events):
Event: 3.544 GC heap before
{Heap before GC invocations=4 (full 0):
 PSYoungGen      total 18944K, used 18912K [0x00000000eab00000, 0x00000000ed000000, 0x0000000100000000)
  eden space 16384K, 100% used [0x00000000eab00000,0x00000000ebb00000,0x00000000ebb00000)
  from space 2560K, 98% used [0x00000000ebb00000,0x00000000ebd78018,0x00000000ebd80000)
  to   space 2560K, 0% used [0x00000000ecd80000,0x00000000ecd80000,0x00000000ed000000)
 ParOldGen       total 44032K, used 4325K [0x00000000c0000000, 0x00000000c2b00000, 0x00000000eab00000)
  object space 44032K, 9% used [0x00000000c0000000,0x00000000c04395b8,0x00000000c2b00000)
 Metaspace       used 6178K, capacity 7088K, committed 7296K, reserved 1056768K
  class space    used 600K, capacity 616K, committed 640K, reserved 1048576K
Event: 3.938 GC heap after
Heap after GC invocations=4 (full 0):
 PSYoungGen      total 35328K, used 2529K [0x00000000eab00000, 0x00000000ed000000, 0x0000000100000000)
  eden space 32768K, 0% used [0x00000000eab00000,0x00000000eab00000,0x00000000ecb00000)
  from space 2560K, 98% used [0x00000000ecd80000,0x00000000ecff8558,0x00000000ed000000)
  to   space 2560K, 0% used [0x00000000ecb00000,0x00000000ecb00000,0x00000000ecd80000)
 ParOldGen       total 44032K, used 7380K [0x00000000c0000000, 0x00000000c2b00000, 0x00000000eab00000)
  object space 44032K, 16% used [0x00000000c0000000,0x00000000c0735098,0x00000000c2b00000)
 Metaspace       used 6178K, capacity 7088K, committed 7296K, reserved 1056768K
  class space    used 600K, capacity 616K, committed 640K, reserved 1048576K
}
Event: 4.507 GC heap before
{Heap before GC invocations=5 (full 0):
 PSYoungGen      total 35328K, used 35297K [0x00000000eab00000, 0x00000000ed000000, 0x0000000100000000)
  eden space 32768K, 100% used [0x00000000eab00000,0x00000000ecb00000,0x00000000ecb00000)
  from space 2560K, 98% used [0x00000000ecd80000,0x00000000ecff8558,0x00000000ed000000)
  to   space 2560K, 0% used [0x00000000ecb00000,0x00000000ecb00000,0x00000000ecd80000)
 ParOldGen       total 44032K, used 7380K [0x00000000c0000000, 0x00000000c2b00000, 0x00000000eab00000)
  object space 44032K, 16% used [0x00000000c0000000,0x00000000c0735098,0x00000000c2b00000)
 Metaspace       used 6258K, capacity 7088K, committed 7296K, reserved 1056768K
  class space    used 601K, capacity 616K, committed 640K, reserved 1048576K
Event: 5.109 GC heap after
Heap after GC invocations=5 (full 0):
 PSYoungGen      total 35328K, used 2537K [0x00000000eab00000, 0x00000000efc00000, 0x0000000100000000)
  eden space 32768K, 0% used [0x00000000eab00000,0x00000000eab00000,0x00000000ecb00000)
  from space 2560K, 99% used [0x00000000ecb00000,0x00000000ecd7a650,0x00000000ecd80000)
  to   space 8704K, 0% used [0x00000000ef380000,0x00000000ef380000,0x00000000efc00000)
 ParOldGen       total 44032K, used 12740K [0x00000000c0000000, 0x00000000c2b00000, 0x00000000eab00000)
  object space 44032K, 28% used [0x00000000c0000000,0x00000000c0c71318,0x00000000c2b00000)
 Metaspace       used 6258K, capacity 7088K, committed 7296K, reserved 1056768K
  class space    used 601K, capacity 616K, committed 640K, reserved 1048576K
}
Event: 8.510 GC heap before
{Heap before GC invocations=6 (full 0):
 PSYoungGen      total 35328K, used 35305K [0x00000000eab00000, 0x00000000efc00000, 0x0000000100000000)
  eden space 32768K, 100% used [0x00000000eab00000,0x00000000ecb00000,0x00000000ecb00000)
  from space 2560K, 99% used [0x00000000ecb00000,0x00000000ecd7a650,0x00000000ecd80000)
  to   space 8704K, 0% used [0x00000000ef380000,0x00000000ef380000,0x00000000efc00000)
 ParOldGen       total 44032K, used 12740K [0x00000000c0000000, 0x00000000c2b00000, 0x00000000eab00000)
  object space 44032K, 28% used [0x00000000c0000000,0x00000000c0c71318,0x00000000c2b00000)
 Metaspace       used 6282K, capacity 7152K, committed 7296K, reserved 1056768K
  class space    used 601K, capacity 616K, committed 640K, reserved 1048576K
Event: 9.082 GC heap after
Heap after GC invocations=6 (full 0):
 PSYoungGen      total 73216K, used 7722K [0x00000000eab00000, 0x00000000efe00000, 0x0000000100000000)
  eden space 64512K, 0% used [0x00000000eab00000,0x00000000eab00000,0x00000000eea00000)
  from space 8704K, 88% used [0x00000000ef380000,0x00000000efb0ab80,0x00000000efc00000)
  to   space 9728K, 0% used [0x00000000eea00000,0x00000000eea00000,0x00000000ef380000)
 ParOldGen       total 44032K, used 12740K [0x00000000c0000000, 0x00000000c2b00000, 0x00000000eab00000)
  object space 44032K, 28% used [0x00000000c0000000,0x00000000c0c71318,0x00000000c2b00000)
 Metaspace       used 6282K, capacity 7152K, committed 7296K, reserved 1056768K
  class space    used 601K, capacity 616K, committed 640K, reserved 1048576K
}
Event: 13.547 GC heap before
{Heap before GC invocations=7 (full 0):
 PSYoungGen      total 73216K, used 72234K [0x00000000eab00000, 0x00000000efe00000, 0x0000000100000000)
  eden space 64512K, 100% used [0x00000000eab00000,0x00000000eea00000,0x00000000eea00000)
  from space 8704K, 88% used [0x00000000ef380000,0x00000000efb0ab80,0x00000000efc00000)
  to   space 9728K, 0% used [0x00000000eea00000,0x00000000eea00000,0x00000000ef380000)
 ParOldGen       total 44032K, used 12740K [0x00000000c0000000, 0x00000000c2b00000, 0x00000000eab00000)
  object space 44032K, 28% used [0x00000000c0000000,0x00000000c0c71318,0x00000000c2b00000)
 Metaspace       used 6358K, capacity 7152K, committed 7296K, reserved 1056768K
  class space    used 601K, capacity 616K, committed 640K, reserved 1048576K
Event: 15.769 GC heap after
Heap after GC invocations=7 (full 0):
 PSYoungGen      total 74240K, used 9706K [0x00000000eab00000, 0x00000000f4600000, 0x0000000100000000)
  eden space 64512K, 0% used [0x00000000eab00000,0x00000000eab00000,0x00000000eea00000)
  from space 9728K, 99% used [0x00000000eea00000,0x00000000ef37ab48,0x00000000ef380000)
  to   space 14848K, 0% used [0x00000000f3780000,0x00000000f3780000,0x00000000f4600000)
 ParOldGen       total 44032K, used 20001K [0x00000000c0000000, 0x00000000c2b00000, 0x00000000eab00000)
  object space 44032K, 45% used [0x00000000c0000000,0x00000000c13885a8,0x00000000c2b00000)
 Metaspace       used 6358K, capacity 7152K, committed 7296K, reserved 1056768K
  class space    used 601K, capacity 616K, committed 640K, reserved 1048576K
}
Event: 20.184 GC heap before
{Heap before GC invocations=8 (full 0):
 PSYoungGen      total 74240K, used 74218K [0x00000000eab00000, 0x00000000f4600000, 0x0000000100000000)
  eden space 64512K, 100% used [0x00000000eab00000,0x00000000eea00000,0x00000000eea00000)
  from space 9728K, 99% used [0x00000000eea00000,0x00000000ef37ab48,0x00000000ef380000)
  to   space 14848K, 0% used [0x00000000f3780000,0x00000000f3780000,0x00000000f4600000)
 ParOldGen       total 44032K, used 20001K [0x00000000c0000000, 0x00000000c2b00000, 0x00000000eab00000)
  object space 44032K, 45% used [0x00000000c0000000,0x00000000c13885a8,0x00000000c2b00000)
 Metaspace       used 6402K, capacity 7216K, committed 7296K, reserved 1056768K
  class space    used 601K, capacity 616K, committed 640K, reserved 1048576K
Event: 22.573 GC heap after
Heap after GC invocations=8 (full 0):
 PSYoungGen      total 79360K, used 14832K [0x00000000eab00000, 0x00000000f4600000, 0x0000000100000000)
  eden space 64512K, 0% used [0x00000000eab00000,0x00000000eab00000,0x00000000eea00000)
  from space 14848K, 99% used [0x00000000f3780000,0x00000000f45fc030,0x00000000f4600000)
  to   space 9728K, 0% used [0x00000000eea00000,0x00000000eea00000,0x00000000ef380000)
 ParOldGen       total 44032K, used 25347K [0x00000000c0000000, 0x00000000c2b00000, 0x00000000eab00000)
  object space 44032K, 57% used [0x00000000c0000000,0x00000000c18c0dc8,0x00000000c2b00000)
 Metaspace       used 6402K, capacity 7216K, committed 7296K, reserved 1056768K
  class space    used 601K, capacity 616K, committed 640K, reserved 1048576K
}

Deoptimization events (10 events):
Event: 17.965 Thread 0x00000000164fe000 Uncommon trap: reason=bimorphic action=maybe_recompile pc=0x0000000002a94b50 method=com.android.dx.cf.code.BytecodeArray.parseInstruction(ILcom/android/dx/cf/code/BytecodeArray$Visitor;)I @ 1501
Event: 18.766 Thread 0x000000001657a000 Uncommon trap: reason=bimorphic action=maybe_recompile pc=0x0000000002a714e4 method=com.android.dx.cf.code.RopperMachine.run(Lcom/android/dx/cf/code/Frame;II)V @ 988
Event: 18.781 Thread 0x000000001657a000 Uncommon trap: reason=bimorphic action=maybe_recompile pc=0x0000000002a94b50 method=com.android.dx.cf.code.BytecodeArray.parseInstruction(ILcom/android/dx/cf/code/BytecodeArray$Visitor;)I @ 1501
Event: 18.781 Thread 0x000000001657a000 Uncommon trap: reason=bimorphic action=maybe_recompile pc=0x0000000002a94b50 method=com.android.dx.cf.code.BytecodeArray.parseInstruction(ILcom/android/dx/cf/code/BytecodeArray$Visitor;)I @ 1501
Event: 18.849 Thread 0x0000000016526000 Uncommon trap: reason=unstable_if action=reinterpret pc=0x0000000002ba58a0 method=com.android.dx.dex.code.RopTranslator.pickOrder()V @ 130
Event: 19.356 Thread 0x00000000164fe000 Uncommon trap: reason=bimorphic action=maybe_recompile pc=0x0000000002bfe568 method=com.android.dx.cf.code.BytecodeArray.parseInstruction(ILcom/android/dx/cf/code/BytecodeArray$Visitor;)I @ 907
Event: 19.357 Thread 0x00000000164fe000 Uncommon trap: reason=bimorphic action=maybe_recompile pc=0x0000000002bfe568 method=com.android.dx.cf.code.BytecodeArray.parseInstruction(ILcom/android/dx/cf/code/BytecodeArray$Visitor;)I @ 907
Event: 19.832 Thread 0x00000000164fe000 Uncommon trap: reason=bimorphic action=maybe_recompile pc=0x00000000027788b8 method=com.android.dx.cf.code.BytecodeArray.parseInstruction(ILcom/android/dx/cf/code/BytecodeArray$Visitor;)I @ 2135
Event: 19.832 Thread 0x00000000164fe000 Uncommon trap: reason=bimorphic action=maybe_recompile pc=0x00000000027788b8 method=com.android.dx.cf.code.BytecodeArray.parseInstruction(ILcom/android/dx/cf/code/BytecodeArray$Visitor;)I @ 2135
Event: 19.923 Thread 0x00000000164fd800 Uncommon trap: reason=unstable_if action=reinterpret pc=0x000000000270c438 method=com.android.dx.ssa.SCCP.simulateStmt(Lcom/android/dx/ssa/SsaInsn;)V @ 59

Internal exceptions (3 events):
Event: 0.076 Thread 0x0000000002100800 Exception <a 'java/lang/NoSuchMethodError': Method sun.misc.Unsafe.defineClass(Ljava/lang/String;[BII)Ljava/lang/Class; name or signature does not match> (0x00000000eab0d8a0) thrown at [C:\re\workspace\8-2-build-windows-amd64-cygwin\jdk8u66\5298\hotspot\sr½6‹äç~³?
Event: 0.076 Thread 0x0000000002100800 Exception <a 'java/lang/NoSuchMethodError': Method sun.misc.Unsafe.prefetchRead(Ljava/lang/Object;J)V name or signature does not match> (0x00000000eab0db88) thrown at [C:\re\workspace\8-2-build-windows-amd64-cygwin\jdk8u66\5298\hotspot\src\share\vm\prims\j6÷<Nî©@
Event: 3.958 Thread 0x00000000164fe000 Implicit null exception at 0x000000000265dca2 to 0x000000000265dd9a

Events (10 events):
Event: 19.832 Thread 0x00000000164fe000 DEOPT PACKING pc=0x00000000027788b8 sp=0x000000001753e600
Event: 19.832 Thread 0x00000000164fe000 DEOPT UNPACKING pc=0x000000000224582a sp=0x000000001753e590 mode 2
Event: 19.832 Thread 0x00000000164fe000 Uncommon trap: trap_request=0xffffffc6 fr.pc=0x00000000027788b8
Event: 19.832 Thread 0x00000000164fe000 DEOPT PACKING pc=0x00000000027788b8 sp=0x000000001753e600
Event: 19.832 Thread 0x00000000164fe000 DEOPT UNPACKING pc=0x000000000224582a sp=0x000000001753e590 mode 2
Event: 19.923 Thread 0x00000000164fd800 Uncommon trap: trap_request=0xffffff65 fr.pc=0x000000000270c438
Event: 19.923 Thread 0x00000000164fd800 DEOPT PACKING pc=0x000000000270c438 sp=0x000000001743e7a0
Event: 19.923 Thread 0x00000000164fd800 DEOPT UNPACKING pc=0x000000000224582a sp=0x000000001743e788 mode 2
Event: 19.939 Executing VM operation: ParallelGCFailedAllocation
Event: 22.573 Executing VM operation: ParallelGCFailedAllocation done


Dynamic libraries:
0x00007ff62de70000 - 0x00007ff62dea7000 	C:\Program Files\Java\jdk1.8.0_66\bin\java.exe
0x00007ffb346b0000 - 0x00007ffb34871000 	C:\Windows\SYSTEM32\ntdll.dll
0x00007ffb32ae0000 - 0x00007ffb32b8d000 	C:\Windows\system32\KERNEL32.DLL
0x00007ffb30fd0000 - 0x00007ffb311b8000 	C:\Windows\system32\KERNELBASE.dll
0x00007ffb32510000 - 0x00007ffb325b7000 	C:\Windows\system32\ADVAPI32.dll
0x00007ffb32870000 - 0x00007ffb3290d000 	C:\Windows\system32\msvcrt.dll
0x00007ffb34640000 - 0x00007ffb3469b000 	C:\Windows\system32\sechost.dll
0x00007ffb322d0000 - 0x00007ffb323ec000 	C:\Windows\system32\RPCRT4.dll
0x00007ffb32980000 - 0x00007ffb32ad6000 	C:\Windows\system32\USER32.dll
0x00007ffb344b0000 - 0x00007ffb34636000 	C:\Windows\system32\GDI32.dll
0x00007ffb260a0000 - 0x00007ffb26314000 	C:\Windows\WinSxS\amd64_microsoft.windows.common-controls_6595b64144ccf1df_6.0.10586.0_none_8c15ae12515e1c22\COMCTL32.dll
0x00007ffb32b90000 - 0x00007ffb32e0d000 	C:\Windows\system32\combase.dll
0x00007ffb30d60000 - 0x00007ffb30dca000 	C:\Windows\system32\bcryptPrimitives.dll
0x00007ffb31ab0000 - 0x00007ffb31aeb000 	C:\Windows\system32\IMM32.DLL
0x0000000065cd0000 - 0x0000000065da2000 	C:\Program Files\Java\jdk1.8.0_66\jre\bin\msvcr100.dll
0x0000000066150000 - 0x00000000669d9000 	C:\Program Files\Java\jdk1.8.0_66\jre\bin\server\jvm.dll
0x00007ffb346a0000 - 0x00007ffb346a8000 	C:\Windows\system32\PSAPI.DLL
0x00007ffb2d450000 - 0x00007ffb2d459000 	C:\Windows\SYSTEM32\WSOCK32.dll
0x00007ffb32910000 - 0x00007ffb3297b000 	C:\Windows\system32\WS2_32.dll
0x00007ffb2ef50000 - 0x00007ffb2ef73000 	C:\Windows\SYSTEM32\WINMM.dll
0x00007ffb24800000 - 0x00007ffb2480a000 	C:\Windows\SYSTEM32\VERSION.dll
0x00007ffb2eef0000 - 0x00007ffb2ef1c000 	C:\Windows\SYSTEM32\WINMMBASE.dll
0x00007ffb31830000 - 0x00007ffb31873000 	C:\Windows\system32\cfgmgr32.dll
0x0000000066140000 - 0x000000006614f000 	C:\Program Files\Java\jdk1.8.0_66\jre\bin\verify.dll
0x0000000066110000 - 0x0000000066139000 	C:\Program Files\Java\jdk1.8.0_66\jre\bin\java.dll
0x00000000660f0000 - 0x0000000066106000 	C:\Program Files\Java\jdk1.8.0_66\jre\bin\zip.dll
0x00007ffb32e10000 - 0x00007ffb3436c000 	C:\Windows\system32\SHELL32.dll
0x00007ffb311c0000 - 0x00007ffb31804000 	C:\Windows\system32\windows.storage.dll
0x00007ffb32270000 - 0x00007ffb322c2000 	C:\Windows\system32\shlwapi.dll
0x00007ffb30cf0000 - 0x00007ffb30cff000 	C:\Windows\system32\kernel.appcore.dll
0x00007ffb30e60000 - 0x00007ffb30f15000 	C:\Windows\system32\shcore.dll
0x00007ffb30d00000 - 0x00007ffb30d4b000 	C:\Windows\system32\powrprof.dll
0x00007ffb30cd0000 - 0x00007ffb30ce4000 	C:\Windows\system32\profapi.dll

VM Arguments:
jvm_args: -Djava.awt.headless=true -Xmx1024M -Dfile.encoding=windows-1252 -Duser.country=IT -Duser.language=it -Duser.variant 
java_command: com.android.dx.command.Main --dex --force-jumbo --num-threads=4 --multi-dex --output C:\Users\Davide\AndroidStudioProjects\MioMeteo\app\build\intermediates\transforms\dex\debug\folders\1000\10\com.google.android.gms-play-services-basement-8.4.0_3013a74c5a4f87319a74fd9f52916b8d95f0d285 C:\Users\Davide\AndroidStudioProjects\MioMeteo\app\build\intermediates\exploded-aar\com.google.android.gms\play-services-basement\8.4.0\jars\classes.jar
java_class_path (initial): C:\Users\Davide\AppData\Local\Android\sdk\build-tools\23.0.3\lib\dx.jar
Launcher Type: SUN_STANDARD

Environment Variables:
PATH=C:\ProgramData\Oracle\Java\javapath;C:\Program Files (x86)\Intel\iCLS Client\;C:\Program Files\Intel\iCLS Client\;C:\Windows\system32;C:\Windows;C:\Windows\System32\Wbem;C:\Windows\System32\WindowsPowerShell\v1.0\;c:\Program Files\Intel\WiFi\bin\;c:\Program Files\Common Files\Intel\WirelessCommon\;C:\Program Files\Intel\Intel(R) Management Engine Components\DAL;C:\Program Files (x86)\Intel\Intel(R) Management Engine Components\DAL;C:\Program Files\Intel\Intel(R) Management Engine Components\IPT;C:\Program Files (x86)\Intel\Intel(R) Management Engine Components\IPT;C:\Program Files\Hewlett-Packard\SimplePass\;C:\Program Files\Java\jdk1.8.0_66\bin;C:\Program Files\TortoiseSVN\bin;C:\Program Files (x86)\MySQL\MySQL Fabric 1.5 & MySQL Utilities 1.5\;C:\Program Files (x86)\MySQL\MySQL Fabric 1.5 & MySQL Utilities 1.5\Doctrine extensions for PHP\;C:\Program Files (x86)\Skype\Phone\
USERNAME=Davide
OS=Windows_NT
PROCESSOR_IDENTIFIER=Intel64 Family 6 Model 61 Stepping 4, GenuineIntel



---------------  S Y S T E M  ---------------

OS: Windows 10.0 , 64 bit Build 10586 (10.0.10586.0)

CPU:total 4 (2 cores per cpu, 2 threads per core) family 6 model 61 stepping 4, cmov, cx8, fxsr, mmx, sse, sse2, sse3, ssse3, sse4.1, sse4.2, popcnt, avx, avx2, aes, clmul, erms, 3dnowpref, lzcnt, ht, tsc, tscinvbit, bmi1, bmi2, adx

Memory: 4k page, physical 4109328k(223356k free), swap 5157904k(5312k free)

vm_info: Java HotSpot(TM) 64-Bit Server VM (25.66-b18) for windows-amd64 JRE (1.8.0_66-b18), built on Nov  9 2015 10:51:13 by "java_re" with MS VC++ 10.0 (VS2010)

time: Tue May 17 11:14:57 2016
elapsed time: 22 seconds (0d 0h 0m 22s)

