#
# There is insufficient memory for the Java Runtime Environment to continue.
# Native memory allocation (malloc) failed to allocate 693776 bytes for Chunk::new
# Possible reasons:
#   The system is out of physical RAM or swap space
#   In 32 bit mode, the process size limit was hit
# Possible solutions:
#   Reduce memory load on the system
#   Increase physical memory or swap space
#   Check if swap backing store is full
#   Use 64 bit Java on a 64 bit OS
#   Decrease Java heap size (-Xmx/-Xms)
#   Decrease number of Java threads
#   Decrease Java thread stack sizes (-Xss)
#   Set larger code cache with -XX:ReservedCodeCacheSize=
# This output file may be truncated or incomplete.
#
#  Out of Memory Error (allocation.cpp:390), pid=7260, tid=5884
#
# JRE version: Java(TM) SE Runtime Environment (8.0_66-b18) (build 1.8.0_66-b18)
# Java VM: Java HotSpot(TM) 64-Bit Server VM (25.66-b18 mixed mode windows-amd64 compressed oops)
# Failed to write core dump. Minidumps are not enabled by default on client versions of Windows
#

---------------  T H R E A D  ---------------

Current thread (0x0000000014aa0000):  JavaThread "C2 CompilerThread1" daemon [_thread_in_native, id=5884, stack(0x0000000016210000,0x0000000016310000)]

Stack: [0x0000000016210000,0x0000000016310000]
[error occurred during error reporting (printing stack bounds), id 0xc0000005]

Native frames: (J=compiled Java code, j=interpreted, Vv=VM code, C=native code)


Current CompileTask:
C2:  16597 2044 %     4       com.android.dx.ssa.SsaConverter::edgeSplitMoveExceptionsAndResults @ 12 (157 bytes)


---------------  P R O C E S S  ---------------

Java Threads: ( => current thread )
  0x00000000166db800 JavaThread "pool-2-thread-4" [_thread_in_Java, id=2824, stack(0x0000000017610000,0x0000000017710000)]
  0x00000000166db000 JavaThread "pool-2-thread-3" [_thread_in_Java, id=8108, stack(0x0000000017510000,0x0000000017610000)]
  0x00000000166da000 JavaThread "pool-2-thread-2" [_thread_in_vm, id=3524, stack(0x0000000017410000,0x0000000017510000)]
  0x00000000166d5800 JavaThread "pool-3-thread-1" [_thread_blocked, id=7508, stack(0x0000000017310000,0x0000000017410000)]
  0x00000000166d2800 JavaThread "pool-2-thread-1" [_thread_in_Java, id=4648, stack(0x0000000017210000,0x0000000017310000)]
  0x000000001642d800 JavaThread "Service Thread" daemon [_thread_blocked, id=244, stack(0x0000000016810000,0x0000000016910000)]
  0x0000000014af4000 JavaThread "C1 CompilerThread2" daemon [_thread_blocked, id=6152, stack(0x0000000016310000,0x0000000016410000)]
=>0x0000000014aa0000 JavaThread "C2 CompilerThread1" daemon [_thread_in_native, id=5884, stack(0x0000000016210000,0x0000000016310000)]
  0x0000000014a9d000 JavaThread "C2 CompilerThread0" daemon [_thread_blocked, id=6600, stack(0x0000000016110000,0x0000000016210000)]
  0x0000000014a9b000 JavaThread "Attach Listener" daemon [_thread_blocked, id=7932, stack(0x0000000016010000,0x0000000016110000)]
  0x0000000014a9a000 JavaThread "Signal Dispatcher" daemon [_thread_blocked, id=7016, stack(0x0000000015f10000,0x0000000016010000)]
  0x00000000023c0800 JavaThread "Finalizer" daemon [_thread_blocked, id=7936, stack(0x0000000015d10000,0x0000000015e10000)]
  0x00000000023bd800 JavaThread "Reference Handler" daemon [_thread_blocked, id=5960, stack(0x0000000015c10000,0x0000000015d10000)]
  0x00000000022d0800 JavaThread "main" [_thread_in_Java, id=4060, stack(0x00000000020f0000,0x00000000021f0000)]

Other Threads:
  0x0000000014a68000 VMThread [stack: 0x0000000015b10000,0x0000000015c10000] [id=7340]
  0x0000000016432800 WatcherThread [stack: 0x0000000016910000,0x0000000016a10000] [id=7768]

VM state:synchronizing (normal execution)

VM Mutex/Monitor currently owned by a thread:  ([mutex/lock_event])
[0x000000000094c260] Safepoint_lock - owner thread: 0x0000000014a68000
[0x000000000094c2e0] Threads_lock - owner thread: 0x0000000014a68000

Heap:
 PSYoungGen      total 145408K, used 120575K [0x00000000eab00000, 0x00000000f5300000, 0x0000000100000000)
  eden space 128000K, 81% used [0x00000000eab00000,0x00000000f1105408,0x00000000f2800000)
  from space 17408K, 92% used [0x00000000f3c00000,0x00000000f4bba890,0x00000000f4d00000)
  to   space 20480K, 0% used [0x00000000f2800000,0x00000000f2800000,0x00000000f3c00000)
 ParOldGen       total 44032K, used 27703K [0x00000000c0000000, 0x00000000c2b00000, 0x00000000eab00000)
  object space 44032K, 62% used [0x00000000c0000000,0x00000000c1b0dc38,0x00000000c2b00000)
 Metaspace       used 6409K, capacity 7152K, committed 7296K, reserved 1056768K
  class space    used 601K, capacity 616K, committed 640K, reserved 1048576K

Card table byte_map: [0x0000000011790000,0x00000000119a0000] byte_map_base: 0x0000000011190000

Marking Bits: (ParMarkBitMap*) 0x000000006cbaa5b0
 Begin Bits: [0x0000000011f00000, 0x0000000012f00000)
 End Bits:   [0x0000000012f00000, 0x0000000013f00000)

Polling page: 0x0000000000910000

CodeCache: size=245760Kb used=9404Kb max_used=9404Kb free=236355Kb
 bounds [0x00000000023d0000, 0x0000000002d10000, 0x00000000113d0000]
 total_blobs=2313 nmethods=2044 adapters=181
 compilation: enabled

Compilation events (10 events):
Event: 16.489 Thread 0x0000000014af4000 2092   !   2       com.android.dx.command.dexer.Main$DirectClassFileConsumer::call (344 bytes)
Event: 16.492 Thread 0x0000000014af4000 nmethod 2092 0x0000000002d06210 code [0x0000000002d064c0, 0x0000000002d07548]
Event: 16.492 Thread 0x0000000014af4000 2093       2       com.android.dx.command.dexer.Main::access$1800 (4 bytes)
Event: 16.492 Thread 0x0000000014af4000 nmethod 2093 0x0000000002ce2490 code [0x0000000002ce25e0, 0x0000000002ce2710]
Event: 16.492 Thread 0x0000000014af4000 2094       2       com.android.dx.command.dexer.Main::access$2000 (4 bytes)
Event: 16.492 Thread 0x0000000014af4000 nmethod 2094 0x0000000002ce2190 code [0x0000000002ce22e0, 0x0000000002ce2410]
Event: 16.492 Thread 0x0000000014af4000 2095       2       com.android.dx.command.dexer.Main::access$1812 (10 bytes)
Event: 16.492 Thread 0x0000000014af4000 nmethod 2095 0x0000000002ce1e50 code [0x0000000002ce1fa0, 0x0000000002ce20f0]
Event: 16.492 Thread 0x0000000014af4000 2096       2       com.android.dx.command.dexer.Main::access$2012 (10 bytes)
Event: 16.492 Thread 0x0000000014af4000 nmethod 2096 0x0000000002ce1b10 code [0x0000000002ce1c60, 0x0000000002ce1db0]

GC Heap History (10 events):
Event: 2.940 GC heap before
{Heap before GC invocations=2 (full 0):
 PSYoungGen      total 18944K, used 18930K [0x00000000eab00000, 0x00000000ed000000, 0x0000000100000000)
  eden space 16384K, 100% used [0x00000000eab00000,0x00000000ebb00000,0x00000000ebb00000)
  from space 2560K, 99% used [0x00000000ebb00000,0x00000000ebd7c8d0,0x00000000ebd80000)
  to   space 2560K, 0% used [0x00000000ecd80000,0x00000000ecd80000,0x00000000ed000000)
 ParOldGen       total 44032K, used 488K [0x00000000c0000000, 0x00000000c2b00000, 0x00000000eab00000)
  object space 44032K, 1% used [0x00000000c0000000,0x00000000c007a068,0x00000000c2b00000)
 Metaspace       used 5967K, capacity 6896K, committed 7040K, reserved 1056768K
  class space    used 599K, capacity 616K, committed 640K, reserved 1048576K
Event: 2.955 GC heap after
Heap after GC invocations=2 (full 0):
 PSYoungGen      total 35328K, used 2554K [0x00000000eab00000, 0x00000000ed000000, 0x0000000100000000)
  eden space 32768K, 0% used [0x00000000eab00000,0x00000000eab00000,0x00000000ecb00000)
  from space 2560K, 99% used [0x00000000ecd80000,0x00000000ecffeab8,0x00000000ed000000)
  to   space 2560K, 0% used [0x00000000ecb00000,0x00000000ecb00000,0x00000000ecd80000)
 ParOldGen       total 44032K, used 1990K [0x00000000c0000000, 0x00000000c2b00000, 0x00000000eab00000)
  object space 44032K, 4% used [0x00000000c0000000,0x00000000c01f1968,0x00000000c2b00000)
 Metaspace       used 5967K, capacity 6896K, committed 7040K, reserved 1056768K
  class space    used 599K, capacity 616K, committed 640K, reserved 1048576K
}
Event: 5.320 GC heap before
{Heap before GC invocations=3 (full 0):
 PSYoungGen      total 35328K, used 35322K [0x00000000eab00000, 0x00000000ed000000, 0x0000000100000000)
  eden space 32768K, 100% used [0x00000000eab00000,0x00000000ecb00000,0x00000000ecb00000)
  from space 2560K, 99% used [0x00000000ecd80000,0x00000000ecffeab8,0x00000000ed000000)
  to   space 2560K, 0% used [0x00000000ecb00000,0x00000000ecb00000,0x00000000ecd80000)
 ParOldGen       total 44032K, used 1990K [0x00000000c0000000, 0x00000000c2b00000, 0x00000000eab00000)
  object space 44032K, 4% used [0x00000000c0000000,0x00000000c01f1968,0x00000000c2b00000)
 Metaspace       used 6208K, capacity 7088K, committed 7296K, reserved 1056768K
  class space    used 600K, capacity 616K, committed 640K, reserved 1048576K
Event: 5.631 GC heap after
Heap after GC invocations=3 (full 0):
 PSYoungGen      total 35328K, used 2560K [0x00000000eab00000, 0x00000000ef000000, 0x0000000100000000)
  eden space 32768K, 0% used [0x00000000eab00000,0x00000000eab00000,0x00000000ecb00000)
  from space 2560K, 100% used [0x00000000ecb00000,0x00000000ecd80000,0x00000000ecd80000)
  to   space 2560K, 0% used [0x00000000eed80000,0x00000000eed80000,0x00000000ef000000)
 ParOldGen       total 44032K, used 7887K [0x00000000c0000000, 0x00000000c2b00000, 0x00000000eab00000)
  object space 44032K, 17% used [0x00000000c0000000,0x00000000c07b3e60,0x00000000c2b00000)
 Metaspace       used 6208K, capacity 7088K, committed 7296K, reserved 1056768K
  class space    used 600K, capacity 616K, committed 640K, reserved 1048576K
}
Event: 7.909 GC heap before
{Heap before GC invocations=4 (full 0):
 PSYoungGen      total 35328K, used 35328K [0x00000000eab00000, 0x00000000ef000000, 0x0000000100000000)
  eden space 32768K, 100% used [0x00000000eab00000,0x00000000ecb00000,0x00000000ecb00000)
  from space 2560K, 100% used [0x00000000ecb00000,0x00000000ecd80000,0x00000000ecd80000)
  to   space 2560K, 0% used [0x00000000eed80000,0x00000000eed80000,0x00000000ef000000)
 ParOldGen       total 44032K, used 7887K [0x00000000c0000000, 0x00000000c2b00000, 0x00000000eab00000)
  object space 44032K, 17% used [0x00000000c0000000,0x00000000c07b3e60,0x00000000c2b00000)
 Metaspace       used 6262K, capacity 7088K, committed 7296K, reserved 1056768K
  class space    used 600K, capacity 616K, committed 640K, reserved 1048576K
Event: 8.700 GC heap after
Heap after GC invocations=4 (full 0):
 PSYoungGen      total 68096K, used 2560K [0x00000000eab00000, 0x00000000ef000000, 0x0000000100000000)
  eden space 65536K, 0% used [0x00000000eab00000,0x00000000eab00000,0x00000000eeb00000)
  from space 2560K, 100% used [0x00000000eed80000,0x00000000ef000000,0x00000000ef000000)
  to   space 2560K, 0% used [0x00000000eeb00000,0x00000000eeb00000,0x00000000eed80000)
 ParOldGen       total 44032K, used 13205K [0x00000000c0000000, 0x00000000c2b00000, 0x00000000eab00000)
  object space 44032K, 29% used [0x00000000c0000000,0x00000000c0ce5428,0x00000000c2b00000)
 Metaspace       used 6262K, capacity 7088K, committed 7296K, reserved 1056768K
  class space    used 600K, capacity 616K, committed 640K, reserved 1048576K
}
Event: 12.590 GC heap before
{Heap before GC invocations=5 (full 0):
 PSYoungGen      total 68096K, used 68096K [0x00000000eab00000, 0x00000000ef000000, 0x0000000100000000)
  eden space 65536K, 100% used [0x00000000eab00000,0x00000000eeb00000,0x00000000eeb00000)
  from space 2560K, 100% used [0x00000000eed80000,0x00000000ef000000,0x00000000ef000000)
  to   space 2560K, 0% used [0x00000000eeb00000,0x00000000eeb00000,0x00000000eed80000)
 ParOldGen       total 44032K, used 13205K [0x00000000c0000000, 0x00000000c2b00000, 0x00000000eab00000)
  object space 44032K, 29% used [0x00000000c0000000,0x00000000c0ce5428,0x00000000c2b00000)
 Metaspace       used 6322K, capacity 7088K, committed 7296K, reserved 1056768K
  class space    used 600K, capacity 616K, committed 640K, reserved 1048576K
Event: 13.417 GC heap after
Heap after GC invocations=5 (full 0):
 PSYoungGen      total 68096K, used 2560K [0x00000000eab00000, 0x00000000f4d00000, 0x0000000100000000)
  eden space 65536K, 0% used [0x00000000eab00000,0x00000000eab00000,0x00000000eeb00000)
  from space 2560K, 100% used [0x00000000eeb00000,0x00000000eed80000,0x00000000eed80000)
  to   space 17408K, 0% used [0x00000000f3c00000,0x00000000f3c00000,0x00000000f4d00000)
 ParOldGen       total 44032K, used 27703K [0x00000000c0000000, 0x00000000c2b00000, 0x00000000eab00000)
  object space 44032K, 62% used [0x00000000c0000000,0x00000000c1b0dc38,0x00000000c2b00000)
 Metaspace       used 6322K, capacity 7088K, committed 7296K, reserved 1056768K
  class space    used 600K, capacity 616K, committed 640K, reserved 1048576K
}
Event: 15.182 GC heap before
{Heap before GC invocations=6 (full 0):
 PSYoungGen      total 68096K, used 68096K [0x00000000eab00000, 0x00000000f4d00000, 0x0000000100000000)
  eden space 65536K, 100% used [0x00000000eab00000,0x00000000eeb00000,0x00000000eeb00000)
  from space 2560K, 100% used [0x00000000eeb00000,0x00000000eed80000,0x00000000eed80000)
  to   space 17408K, 0% used [0x00000000f3c00000,0x00000000f3c00000,0x00000000f4d00000)
 ParOldGen       total 44032K, used 27703K [0x00000000c0000000, 0x00000000c2b00000, 0x00000000eab00000)
  object space 44032K, 62% used [0x00000000c0000000,0x00000000c1b0dc38,0x00000000c2b00000)
 Metaspace       used 6370K, capacity 7152K, committed 7296K, reserved 1056768K
  class space    used 601K, capacity 616K, committed 640K, reserved 1048576K
Event: 15.530 GC heap after
Heap after GC invocations=6 (full 0):
 PSYoungGen      total 145408K, used 16106K [0x00000000eab00000, 0x00000000f5300000, 0x0000000100000000)
  eden space 128000K, 0% used [0x00000000eab00000,0x00000000eab00000,0x00000000f2800000)
  from space 17408K, 92% used [0x00000000f3c00000,0x00000000f4bba890,0x00000000f4d00000)
  to   space 20480K, 0% used [0x00000000f2800000,0x00000000f2800000,0x00000000f3c00000)
 ParOldGen       total 44032K, used 27703K [0x00000000c0000000, 0x00000000c2b00000, 0x00000000eab00000)
  object space 44032K, 62% used [0x00000000c0000000,0x00000000c1b0dc38,0x00000000c2b00000)
 Metaspace       used 6370K, capacity 7152K, committed 7296K, reserved 1056768K
  class space    used 601K, capacity 616K, committed 640K, reserved 1048576K
}

Deoptimization events (10 events):
Event: 14.869 Thread 0x00000000022d0800 Uncommon trap: reason=bimorphic action=maybe_recompile pc=0x0000000002c540a0 method=com.android.dx.cf.code.BytecodeArray.parseInstruction(ILcom/android/dx/cf/code/BytecodeArray$Visitor;)I @ 2281
Event: 14.875 Thread 0x00000000166db800 Uncommon trap: reason=class_check action=maybe_recompile pc=0x0000000002b7e81c method=com.android.dx.cf.code.Ropper.processBlock(Lcom/android/dx/cf/code/ByteBlock;Lcom/android/dx/cf/code/Frame;[I)V @ 711
Event: 15.551 Thread 0x00000000166d2800 Uncommon trap: reason=class_check action=maybe_recompile pc=0x0000000002b47804 method=com.android.dx.ssa.SCCP.simulateBranch(Lcom/android/dx/ssa/SsaInsn;)V @ 145
Event: 15.551 Thread 0x00000000166d2800 Uncommon trap: reason=class_check action=maybe_recompile pc=0x0000000002b47804 method=com.android.dx.ssa.SCCP.simulateBranch(Lcom/android/dx/ssa/SsaInsn;)V @ 145
Event: 15.554 Thread 0x00000000166d2800 Uncommon trap: reason=class_check action=maybe_recompile pc=0x0000000002b47804 method=com.android.dx.ssa.SCCP.simulateBranch(Lcom/android/dx/ssa/SsaInsn;)V @ 145
Event: 15.566 Thread 0x00000000166d2800 Uncommon trap: reason=class_check action=maybe_recompile pc=0x0000000002b7e81c method=com.android.dx.cf.code.Ropper.processBlock(Lcom/android/dx/cf/code/ByteBlock;Lcom/android/dx/cf/code/Frame;[I)V @ 711
Event: 15.570 Thread 0x00000000166d2800 Uncommon trap: reason=class_check action=maybe_recompile pc=0x0000000002b7e81c method=com.android.dx.cf.code.Ropper.processBlock(Lcom/android/dx/cf/code/ByteBlock;Lcom/android/dx/cf/code/Frame;[I)V @ 711
Event: 15.677 Thread 0x00000000166da000 Uncommon trap: reason=bimorphic action=maybe_recompile pc=0x0000000002c540a0 method=com.android.dx.cf.code.BytecodeArray.parseInstruction(ILcom/android/dx/cf/code/BytecodeArray$Visitor;)I @ 2281
Event: 15.677 Thread 0x00000000166da000 Uncommon trap: reason=bimorphic action=maybe_recompile pc=0x0000000002c540a0 method=com.android.dx.cf.code.BytecodeArray.parseInstruction(ILcom/android/dx/cf/code/BytecodeArray$Visitor;)I @ 2281
Event: 16.164 Thread 0x00000000022d0800 Uncommon trap: reason=class_check action=maybe_recompile pc=0x0000000002b7e81c method=com.android.dx.cf.code.Ropper.processBlock(Lcom/android/dx/cf/code/ByteBlock;Lcom/android/dx/cf/code/Frame;[I)V @ 711

Internal exceptions (3 events):
Event: 0.061 Thread 0x00000000022d0800 Exception <a 'java/lang/NoSuchMethodError': Method sun.misc.Unsafe.defineClass(Ljava/lang/String;[BII)Ljava/lang/Class; name or signature does not match> (0x00000000eab0d8a0) thrown at [C:\re\workspace\8-2-build-windows-amd64-cygwin\jdk8u66\5298\hotspot\sr·uÊ°|¯?
Event: 0.061 Thread 0x00000000022d0800 Exception <a 'java/lang/NoSuchMethodError': Method sun.misc.Unsafe.prefetchRead(Ljava/lang/Object;J)V name or signature does not match> (0x00000000eab0db88) thrown at [C:\re\workspace\8-2-build-windows-amd64-cygwin\jdk8u66\5298\hotspot\src\share\vm\prims\jòÄÁU@
Event: 4.084 Thread 0x00000000166d2800 Implicit null exception at 0x00000000026c55a2 to 0x00000000026c569a

Events (10 events):
Event: 15.688 Thread 0x00000000166db800 DEOPT UNPACKING pc=0x000000000241787f sp=0x000000001770e468 mode 0
Event: 15.840 Thread 0x00000000022d0800 DEOPT PACKING pc=0x00000000028495f0 sp=0x00000000021ee4d0
Event: 15.840 Thread 0x00000000022d0800 DEOPT UNPACKING pc=0x000000000241787f sp=0x00000000021ee300 mode 0
Event: 16.164 Thread 0x00000000022d0800 Uncommon trap: trap_request=0xffffffde fr.pc=0x0000000002b7e81c
Event: 16.164 Thread 0x00000000022d0800 DEOPT PACKING pc=0x0000000002b7e81c sp=0x00000000021ee500
Event: 16.175 Thread 0x00000000022d0800 DEOPT UNPACKING pc=0x000000000241582a sp=0x00000000021ee540 mode 2
Event: 16.405 Thread 0x00000000166db800 DEOPT PACKING pc=0x0000000002876f95 sp=0x000000001770e980
Event: 16.405 Thread 0x00000000166db800 DEOPT UNPACKING pc=0x000000000241787f sp=0x000000001770e6e0 mode 0
Event: 16.476 Thread 0x00000000166db000 DEOPT PACKING pc=0x00000000028bcc57 sp=0x000000001760e550
Event: 16.476 Thread 0x00000000166db000 DEOPT UNPACKING pc=0x000000000241787f sp=0x000000001760e338 mode 0


Dynamic libraries:
0x00007ff719e50000 - 0x00007ff719e87000 	C:\Program Files\Java\jdk1.8.0_66\bin\java.exe
0x00007ffe06600000 - 0x00007ffe067c1000 	C:\Windows\SYSTEM32\ntdll.dll
0x00007ffe03c00000 - 0x00007ffe03cad000 	C:\Windows\system32\KERNEL32.DLL
0x00007ffe03670000 - 0x00007ffe03858000 	C:\Windows\system32\KERNELBASE.dll
0x00007ffe06110000 - 0x00007ffe061b7000 	C:\Windows\system32\ADVAPI32.dll
0x00007ffe06560000 - 0x00007ffe065fd000 	C:\Windows\system32\msvcrt.dll
0x00007ffe05d50000 - 0x00007ffe05dab000 	C:\Windows\system32\sechost.dll
0x00007ffe03ae0000 - 0x00007ffe03bfc000 	C:\Windows\system32\RPCRT4.dll
0x00007ffe05210000 - 0x00007ffe05366000 	C:\Windows\system32\USER32.dll
0x00007ffe059d0000 - 0x00007ffe05b56000 	C:\Windows\system32\GDI32.dll
0x00007ffdf6780000 - 0x00007ffdf69f4000 	C:\Windows\WinSxS\amd64_microsoft.windows.common-controls_6595b64144ccf1df_6.0.10586.0_none_8c15ae12515e1c22\COMCTL32.dll
0x00007ffe05db0000 - 0x00007ffe0602d000 	C:\Windows\system32\combase.dll
0x00007ffe035e0000 - 0x00007ffe0364a000 	C:\Windows\system32\bcryptPrimitives.dll
0x00007ffe05b60000 - 0x00007ffe05b9b000 	C:\Windows\system32\IMM32.DLL
0x000000006bd70000 - 0x000000006be42000 	C:\Program Files\Java\jdk1.8.0_66\jre\bin\msvcr100.dll
0x000000006c3a0000 - 0x000000006cc29000 	C:\Program Files\Java\jdk1.8.0_66\jre\bin\server\jvm.dll
0x00007ffe060a0000 - 0x00007ffe060a8000 	C:\Windows\system32\PSAPI.DLL
0x00007ffdff5f0000 - 0x00007ffdff5f9000 	C:\Windows\SYSTEM32\WSOCK32.dll
0x00007ffe06030000 - 0x00007ffe0609b000 	C:\Windows\system32\WS2_32.dll
0x00007ffe00e50000 - 0x00007ffe00e73000 	C:\Windows\SYSTEM32\WINMM.dll
0x00007ffdf5e50000 - 0x00007ffdf5e5a000 	C:\Windows\SYSTEM32\VERSION.dll
0x00007ffe00df0000 - 0x00007ffe00e1c000 	C:\Windows\SYSTEM32\WINMMBASE.dll
0x00007ffe039b0000 - 0x00007ffe039f3000 	C:\Windows\system32\cfgmgr32.dll
0x000000006c390000 - 0x000000006c39f000 	C:\Program Files\Java\jdk1.8.0_66\jre\bin\verify.dll
0x000000006c360000 - 0x000000006c389000 	C:\Program Files\Java\jdk1.8.0_66\jre\bin\java.dll
0x000000006c340000 - 0x000000006c356000 	C:\Program Files\Java\jdk1.8.0_66\jre\bin\zip.dll
0x00007ffe03cb0000 - 0x00007ffe0520c000 	C:\Windows\system32\SHELL32.dll
0x00007ffe02f90000 - 0x00007ffe035d4000 	C:\Windows\system32\windows.storage.dll
0x00007ffe06290000 - 0x00007ffe062e2000 	C:\Windows\system32\shlwapi.dll
0x00007ffe02c50000 - 0x00007ffe02c5f000 	C:\Windows\system32\kernel.appcore.dll
0x00007ffe038f0000 - 0x00007ffe039a5000 	C:\Windows\system32\shcore.dll
0x00007ffe02c60000 - 0x00007ffe02cab000 	C:\Windows\system32\powrprof.dll
0x00007ffe02c30000 - 0x00007ffe02c44000 	C:\Windows\system32\profapi.dll

VM Arguments:
jvm_args: -Djava.awt.headless=true -Xmx1024M -Dfile.encoding=windows-1252 -Duser.country=IT -Duser.language=it -Duser.variant 
java_command: com.android.dx.command.Main --dex --force-jumbo --num-threads=4 --multi-dex --output C:\Users\Davide\AndroidStudioProjects\MioMeteo\app\build\intermediates\transforms\dex\debug\folders\1000\10\com.google.android.gms-play-services-basement-9.0.0_ebe13ac9b3eaae77ffc08cf165ae5845375bf02f C:\Users\Davide\AndroidStudioProjects\MioMeteo\app\build\intermediates\exploded-aar\com.google.android.gms\play-services-basement\9.0.0\jars\classes.jar
java_class_path (initial): C:\Users\Davide\AppData\Local\Android\sdk\build-tools\23.0.3\lib\dx.jar
Launcher Type: SUN_STANDARD

Environment Variables:
PATH=C:\ProgramData\Oracle\Java\javapath;C:\Program Files (x86)\Intel\iCLS Client\;C:\Program Files\Intel\iCLS Client\;C:\Windows\system32;C:\Windows;C:\Windows\System32\Wbem;C:\Windows\System32\WindowsPowerShell\v1.0\;c:\Program Files\Intel\WiFi\bin\;c:\Program Files\Common Files\Intel\WirelessCommon\;C:\Program Files\Intel\Intel(R) Management Engine Components\DAL;C:\Program Files (x86)\Intel\Intel(R) Management Engine Components\DAL;C:\Program Files\Intel\Intel(R) Management Engine Components\IPT;C:\Program Files (x86)\Intel\Intel(R) Management Engine Components\IPT;C:\Program Files\Hewlett-Packard\SimplePass\;C:\Program Files\Java\jdk1.8.0_66\bin;C:\Program Files\TortoiseSVN\bin;C:\Program Files (x86)\MySQL\MySQL Fabric 1.5 & MySQL Utilities 1.5\;C:\Program Files (x86)\MySQL\MySQL Fabric 1.5 & MySQL Utilities 1.5\Doctrine extensions for PHP\;C:\Program Files (x86)\Skype\Phone\
USERNAME=Davide
OS=Windows_NT
PROCESSOR_IDENTIFIER=Intel64 Family 6 Model 61 Stepping 4, GenuineIntel



---------------  S Y S T E M  ---------------

OS: Windows 10.0 , 64 bit Build 10586 (10.0.10586.0)

CPU:total 4 (2 cores per cpu, 2 threads per core) family 6 model 61 stepping 4, cmov, cx8, fxsr, mmx, sse, sse2, sse3, ssse3, sse4.1, sse4.2, popcnt, avx, avx2, aes, clmul, erms, 3dnowpref, lzcnt, ht, tsc, tscinvbit, bmi1, bmi2, adx

Memory: 4k page, physical 4109328k(169372k free), swap 5157904k(5148k free)

vm_info: Java HotSpot(TM) 64-Bit Server VM (25.66-b18) for windows-amd64 JRE (1.8.0_66-b18), built on Nov  9 2015 10:51:13 by "java_re" with MS VC++ 10.0 (VS2010)

time: Sun May 22 21:38:09 2016
elapsed time: 16 seconds (0d 0h 0m 16s)

