#
# There is insufficient memory for the Java Runtime Environment to continue.
# Native memory allocation (malloc) failed to allocate 3264 bytes for AllocateHeap
# Possible reasons:
#   The system is out of physical RAM or swap space
#   In 32 bit mode, the process size limit was hit
# Possible solutions:
#   Reduce memory load on the system
#   Increase physical memory or swap space
#   Check if swap backing store is full
#   Use 64 bit Java on a 64 bit OS
#   Decrease Java heap size (-Xmx/-Xms)
#   Decrease number of Java threads
#   Decrease Java thread stack sizes (-Xss)
#   Set larger code cache with -XX:ReservedCodeCacheSize=
# This output file may be truncated or incomplete.
#
#  Out of Memory Error (memory/allocation.inline.hpp:61), pid=7400, tid=788
#
# JRE version: Java(TM) SE Runtime Environment (8.0_66-b18) (build 1.8.0_66-b18)
# Java VM: Java HotSpot(TM) 64-Bit Server VM (25.66-b18 mixed mode windows-amd64 compressed oops)
# Failed to write core dump. Minidumps are not enabled by default on client versions of Windows
#

---------------  T H R E A D  ---------------

Current thread (0x00000000148d0800):  JavaThread "C2 CompilerThread1" daemon [_thread_in_vm, id=788, stack(0x0000000016040000,0x0000000016140000)]

Stack: [0x0000000016040000,0x0000000016140000]
[error occurred during error reporting (printing stack bounds), id 0xc0000005]

Native frames: (J=compiled Java code, j=interpreted, Vv=VM code, C=native code)


Current CompileTask:
C2:  29288 2847       4       com.android.dx.dex.code.form.Form35c::writeTo (157 bytes)


---------------  P R O C E S S  ---------------

Java Threads: ( => current thread )
  0x00000000163ec000 JavaThread "pool-1-thread-1" [_thread_blocked, id=2168, stack(0x0000000018510000,0x0000000018610000)]
  0x0000000016150800 JavaThread "Service Thread" daemon [_thread_blocked, id=1968, stack(0x0000000016640000,0x0000000016740000)]
  0x0000000016148800 JavaThread "C1 CompilerThread2" daemon [_thread_blocked, id=228, stack(0x0000000016540000,0x0000000016640000)]
=>0x00000000148d0800 JavaThread "C2 CompilerThread1" daemon [_thread_in_vm, id=788, stack(0x0000000016040000,0x0000000016140000)]
  0x00000000148cd800 JavaThread "C2 CompilerThread0" daemon [_thread_blocked, id=3804, stack(0x0000000015f40000,0x0000000016040000)]
  0x00000000148cb800 JavaThread "Attach Listener" daemon [_thread_blocked, id=508, stack(0x0000000015e40000,0x0000000015f40000)]
  0x00000000148ca800 JavaThread "Signal Dispatcher" daemon [_thread_blocked, id=8048, stack(0x0000000015d40000,0x0000000015e40000)]
  0x00000000021f2000 JavaThread "Finalizer" daemon [_thread_blocked, id=1160, stack(0x0000000015b40000,0x0000000015c40000)]
  0x00000000021ef000 JavaThread "Reference Handler" daemon [_thread_blocked, id=7856, stack(0x0000000015a40000,0x0000000015b40000)]
  0x0000000002100800 JavaThread "main" [_thread_blocked, id=7188, stack(0x0000000002000000,0x0000000002100000)]

Other Threads:
  0x0000000014897800 VMThread [stack: 0x0000000015940000,0x0000000015a40000] [id=8104]
  0x0000000016153800 WatcherThread [stack: 0x0000000016740000,0x0000000016840000] [id=5908]

VM state:not at safepoint (normal execution)

VM Mutex/Monitor currently owned by a thread:  ([mutex/lock_event])
[0x0000000001febc10] CodeCache_lock - owner thread: 0x00000000148d0800
[0x0000000001fedef0] Compile_lock - owner thread: 0x00000000148d0800
[0x0000000001fed170] MethodCompileQueue_lock - owner thread: 0x00000000148d0800

Heap:
 PSYoungGen      total 142336K, used 74469K [0x00000000eab00000, 0x00000000f4b00000, 0x0000000100000000)
  eden space 128512K, 47% used [0x00000000eab00000,0x00000000ee72d638,0x00000000f2880000)
  from space 13824K, 92% used [0x00000000f3880000,0x00000000f450c020,0x00000000f4600000)
  to   space 16384K, 0% used [0x00000000f2880000,0x00000000f2880000,0x00000000f3880000)
 ParOldGen       total 44032K, used 22459K [0x00000000c0000000, 0x00000000c2b00000, 0x00000000eab00000)
  object space 44032K, 51% used [0x00000000c0000000,0x00000000c15eeec0,0x00000000c2b00000)
 Metaspace       used 6906K, capacity 7640K, committed 7936K, reserved 1056768K
  class space    used 625K, capacity 656K, committed 768K, reserved 1048576K

Card table byte_map: [0x00000000115c0000,0x00000000117d0000] byte_map_base: 0x0000000010fc0000

Marking Bits: (ParMarkBitMap*) 0x000000007176a5b0
 Begin Bits: [0x0000000011d30000, 0x0000000012d30000)
 End Bits:   [0x0000000012d30000, 0x0000000013d30000)

Polling page: 0x0000000000450000

CodeCache: size=245760Kb used=10088Kb max_used=11030Kb free=235671Kb
 bounds [0x0000000002200000, 0x0000000002cd0000, 0x0000000011200000]
 total_blobs=2560 nmethods=2286 adapters=183
 compilation: enabled

Compilation events (10 events):
Event: 29.238 Thread 0x00000000148cd800 nmethod 2821 0x00000000026a4c90 code [0x00000000026a4dc0, 0x00000000026a4e78]
Event: 29.239 Thread 0x0000000016148800 nmethod 2859 0x00000000024a5d50 code [0x00000000024a6080, 0x00000000024a79e8]
Event: 29.239 Thread 0x0000000016148800 2860       3       com.android.dx.util.ByteArrayAnnotatedOutput::write (61 bytes)
Event: 29.240 Thread 0x0000000016148800 nmethod 2860 0x00000000026a9ad0 code [0x00000000026a9c80, 0x00000000026aa148]
Event: 29.271 Thread 0x0000000016148800 2861       3       com.android.dx.util.ByteArray::getBytes (39 bytes)
Event: 29.271 Thread 0x0000000016148800 nmethod 2861 0x0000000002902610 code [0x00000000029027a0, 0x0000000002902af8]
Event: 29.271 Thread 0x00000000148cd800 2862   !   4       com.android.dx.dex.file.OffsettedItem::writeTo (72 bytes)
Event: 29.276 Thread 0x00000000148cd800 nmethod 2862 0x000000000297b450 code [0x000000000297b5a0, 0x000000000297b818]
Event: 29.276 Thread 0x00000000148cd800 2863       4       com.android.dx.util.ByteArrayAnnotatedOutput::assertCursor (48 bytes)
Event: 29.277 Thread 0x00000000148cd800 nmethod 2863 0x0000000002426b50 code [0x0000000002426c80, 0x0000000002426cf8]

GC Heap History (10 events):
Event: 2.269 GC heap before
{Heap before GC invocations=2 (full 0):
 PSYoungGen      total 18944K, used 18918K [0x00000000eab00000, 0x00000000ed000000, 0x0000000100000000)
  eden space 16384K, 100% used [0x00000000eab00000,0x00000000ebb00000,0x00000000ebb00000)
  from space 2560K, 99% used [0x00000000ebb00000,0x00000000ebd799e0,0x00000000ebd80000)
  to   space 2560K, 0% used [0x00000000ecd80000,0x00000000ecd80000,0x00000000ed000000)
 ParOldGen       total 44032K, used 264K [0x00000000c0000000, 0x00000000c2b00000, 0x00000000eab00000)
  object space 44032K, 0% used [0x00000000c0000000,0x00000000c0042160,0x00000000c2b00000)
 Metaspace       used 5935K, capacity 6832K, committed 7040K, reserved 1056768K
  class space    used 600K, capacity 616K, committed 640K, reserved 1048576K
Event: 2.306 GC heap after
Heap after GC invocations=2 (full 0):
 PSYoungGen      total 35328K, used 2538K [0x00000000eab00000, 0x00000000ed000000, 0x0000000100000000)
  eden space 32768K, 0% used [0x00000000eab00000,0x00000000eab00000,0x00000000ecb00000)
  from space 2560K, 99% used [0x00000000ecd80000,0x00000000ecffaa90,0x00000000ed000000)
  to   space 2560K, 0% used [0x00000000ecb00000,0x00000000ecb00000,0x00000000ecd80000)
 ParOldGen       total 44032K, used 1884K [0x00000000c0000000, 0x00000000c2b00000, 0x00000000eab00000)
  object space 44032K, 4% used [0x00000000c0000000,0x00000000c01d7318,0x00000000c2b00000)
 Metaspace       used 5935K, capacity 6832K, committed 7040K, reserved 1056768K
  class space    used 600K, capacity 616K, committed 640K, reserved 1048576K
}
Event: 5.875 GC heap before
{Heap before GC invocations=3 (full 0):
 PSYoungGen      total 35328K, used 35306K [0x00000000eab00000, 0x00000000ed000000, 0x0000000100000000)
  eden space 32768K, 100% used [0x00000000eab00000,0x00000000ecb00000,0x00000000ecb00000)
  from space 2560K, 99% used [0x00000000ecd80000,0x00000000ecffaa90,0x00000000ed000000)
  to   space 2560K, 0% used [0x00000000ecb00000,0x00000000ecb00000,0x00000000ecd80000)
 ParOldGen       total 44032K, used 1884K [0x00000000c0000000, 0x00000000c2b00000, 0x00000000eab00000)
  object space 44032K, 4% used [0x00000000c0000000,0x00000000c01d7318,0x00000000c2b00000)
 Metaspace       used 6218K, capacity 7088K, committed 7296K, reserved 1056768K
  class space    used 600K, capacity 616K, committed 640K, reserved 1048576K
Event: 6.689 GC heap after
Heap after GC invocations=3 (full 0):
 PSYoungGen      total 35328K, used 2544K [0x00000000eab00000, 0x00000000ef000000, 0x0000000100000000)
  eden space 32768K, 0% used [0x00000000eab00000,0x00000000eab00000,0x00000000ecb00000)
  from space 2560K, 99% used [0x00000000ecb00000,0x00000000ecd7c020,0x00000000ecd80000)
  to   space 2560K, 0% used [0x00000000eed80000,0x00000000eed80000,0x00000000ef000000)
 ParOldGen       total 44032K, used 7302K [0x00000000c0000000, 0x00000000c2b00000, 0x00000000eab00000)
  object space 44032K, 16% used [0x00000000c0000000,0x00000000c07218c0,0x00000000c2b00000)
 Metaspace       used 6218K, capacity 7088K, committed 7296K, reserved 1056768K
  class space    used 600K, capacity 616K, committed 640K, reserved 1048576K
}
Event: 8.645 GC heap before
{Heap before GC invocations=4 (full 0):
 PSYoungGen      total 35328K, used 35312K [0x00000000eab00000, 0x00000000ef000000, 0x0000000100000000)
  eden space 32768K, 100% used [0x00000000eab00000,0x00000000ecb00000,0x00000000ecb00000)
  from space 2560K, 99% used [0x00000000ecb00000,0x00000000ecd7c020,0x00000000ecd80000)
  to   space 2560K, 0% used [0x00000000eed80000,0x00000000eed80000,0x00000000ef000000)
 ParOldGen       total 44032K, used 7302K [0x00000000c0000000, 0x00000000c2b00000, 0x00000000eab00000)
  object space 44032K, 16% used [0x00000000c0000000,0x00000000c07218c0,0x00000000c2b00000)
 Metaspace       used 6282K, capacity 7152K, committed 7296K, reserved 1056768K
  class space    used 601K, capacity 616K, committed 640K, reserved 1048576K
Event: 10.326 GC heap after
Heap after GC invocations=4 (full 0):
 PSYoungGen      total 68096K, used 2553K [0x00000000eab00000, 0x00000000ef000000, 0x0000000100000000)
  eden space 65536K, 0% used [0x00000000eab00000,0x00000000eab00000,0x00000000eeb00000)
  from space 2560K, 99% used [0x00000000eed80000,0x00000000eeffe608,0x00000000ef000000)
  to   space 2560K, 0% used [0x00000000eeb00000,0x00000000eeb00000,0x00000000eed80000)
 ParOldGen       total 44032K, used 12495K [0x00000000c0000000, 0x00000000c2b00000, 0x00000000eab00000)
  object space 44032K, 28% used [0x00000000c0000000,0x00000000c0c33eb0,0x00000000c2b00000)
 Metaspace       used 6282K, capacity 7152K, committed 7296K, reserved 1056768K
  class space    used 601K, capacity 616K, committed 640K, reserved 1048576K
}
Event: 16.717 GC heap before
{Heap before GC invocations=5 (full 0):
 PSYoungGen      total 68096K, used 68089K [0x00000000eab00000, 0x00000000ef000000, 0x0000000100000000)
  eden space 65536K, 100% used [0x00000000eab00000,0x00000000eeb00000,0x00000000eeb00000)
  from space 2560K, 99% used [0x00000000eed80000,0x00000000eeffe608,0x00000000ef000000)
  to   space 2560K, 0% used [0x00000000eeb00000,0x00000000eeb00000,0x00000000eed80000)
 ParOldGen       total 44032K, used 12495K [0x00000000c0000000, 0x00000000c2b00000, 0x00000000eab00000)
  object space 44032K, 28% used [0x00000000c0000000,0x00000000c0c33eb0,0x00000000c2b00000)
 Metaspace       used 6358K, capacity 7152K, committed 7296K, reserved 1056768K
  class space    used 601K, capacity 616K, committed 640K, reserved 1048576K
Event: 18.547 GC heap after
Heap after GC invocations=5 (full 0):
 PSYoungGen      total 68096K, used 2554K [0x00000000eab00000, 0x00000000f4600000, 0x0000000100000000)
  eden space 65536K, 0% used [0x00000000eab00000,0x00000000eab00000,0x00000000eeb00000)
  from space 2560K, 99% used [0x00000000eeb00000,0x00000000eed7eb48,0x00000000eed80000)
  to   space 13824K, 0% used [0x00000000f3880000,0x00000000f3880000,0x00000000f4600000)
 ParOldGen       total 44032K, used 22459K [0x00000000c0000000, 0x00000000c2b00000, 0x00000000eab00000)
  object space 44032K, 51% used [0x00000000c0000000,0x00000000c15eeec0,0x00000000c2b00000)
 Metaspace       used 6358K, capacity 7152K, committed 7296K, reserved 1056768K
  class space    used 601K, capacity 616K, committed 640K, reserved 1048576K
}
Event: 22.640 GC heap before
{Heap before GC invocations=6 (full 0):
 PSYoungGen      total 68096K, used 68090K [0x00000000eab00000, 0x00000000f4600000, 0x0000000100000000)
  eden space 65536K, 100% used [0x00000000eab00000,0x00000000eeb00000,0x00000000eeb00000)
  from space 2560K, 99% used [0x00000000eeb00000,0x00000000eed7eb48,0x00000000eed80000)
  to   space 13824K, 0% used [0x00000000f3880000,0x00000000f3880000,0x00000000f4600000)
 ParOldGen       total 44032K, used 22459K [0x00000000c0000000, 0x00000000c2b00000, 0x00000000eab00000)
  object space 44032K, 51% used [0x00000000c0000000,0x00000000c15eeec0,0x00000000c2b00000)
 Metaspace       used 6434K, capacity 7216K, committed 7296K, reserved 1056768K
  class space    used 601K, capacity 616K, committed 640K, reserved 1048576K
Event: 23.844 GC heap after
Heap after GC invocations=6 (full 0):
 PSYoungGen      total 142336K, used 12848K [0x00000000eab00000, 0x00000000f4b00000, 0x0000000100000000)
  eden space 128512K, 0% used [0x00000000eab00000,0x00000000eab00000,0x00000000f2880000)
  from space 13824K, 92% used [0x00000000f3880000,0x00000000f450c020,0x00000000f4600000)
  to   space 16384K, 0% used [0x00000000f2880000,0x00000000f2880000,0x00000000f3880000)
 ParOldGen       total 44032K, used 22459K [0x00000000c0000000, 0x00000000c2b00000, 0x00000000eab00000)
  object space 44032K, 51% used [0x00000000c0000000,0x00000000c15eeec0,0x00000000c2b00000)
 Metaspace       used 6434K, capacity 7216K, committed 7296K, reserved 1056768K
  class space    used 601K, capacity 616K, committed 640K, reserved 1048576K
}

Deoptimization events (10 events):
Event: 27.930 Thread 0x00000000163ec000 Uncommon trap: reason=class_check action=maybe_recompile pc=0x00000000029aef78 method=java.util.Arrays.equals([Ljava/lang/Object;[Ljava/lang/Object;)Z @ 62
Event: 27.930 Thread 0x00000000163ec000 Uncommon trap: reason=speculate_class_check action=maybe_recompile pc=0x00000000029f0e74 method=com.android.dx.util.FixedSizeList.equals(Ljava/lang/Object;)Z @ 25
Event: 27.930 Thread 0x00000000163ec000 Uncommon trap: reason=class_check action=maybe_recompile pc=0x00000000029aef78 method=java.util.Arrays.equals([Ljava/lang/Object;[Ljava/lang/Object;)Z @ 62
Event: 27.935 Thread 0x00000000163ec000 Uncommon trap: reason=unstable_if action=reinterpret pc=0x00000000029770ac method=java.util.TreeMap.put(Ljava/lang/Object;Ljava/lang/Object;)Ljava/lang/Object; @ 163
Event: 28.055 Thread 0x00000000163ec000 Uncommon trap: reason=unstable_if action=reinterpret pc=0x000000000231664c method=com.android.dx.dex.code.OutputFinisher.findOpcodeForInsn(Lcom/android/dx/dex/code/DalvInsn;Lcom/android/dx/dex/code/Dop;)Lcom/android/dx/dex/code/Dop; @ 1
Event: 28.505 Thread 0x00000000163ec000 Uncommon trap: reason=unstable_if action=reinterpret pc=0x00000000023f5084 method=com.android.dx.dex.code.form.Form35c.wordCount(Lcom/android/dx/rop/code/RegisterSpecList;)I @ 65
Event: 28.696 Thread 0x00000000163ec000 Uncommon trap: reason=unstable_if action=reinterpret pc=0x00000000026e36e4 method=java.util.ArrayList.<init>(I)V @ 5
Event: 28.871 Thread 0x00000000163ec000 Uncommon trap: reason=unstable_if action=reinterpret pc=0x00000000025d0f84 method=com.android.dx.util.ByteArrayAnnotatedOutput.writeByte(I)V @ 13
Event: 29.227 Thread 0x00000000163ec000 Uncommon trap: reason=unstable_if action=reinterpret pc=0x00000000023e43fc method=com.android.dx.util.ByteArrayAnnotatedOutput.writeUleb128(I)I @ 4
Event: 29.227 Thread 0x00000000163ec000 Uncommon trap: reason=unstable_if action=reinterpret pc=0x00000000023e4a0c method=com.android.dx.util.ByteArrayAnnotatedOutput.writeByte(I)V @ 13

Internal exceptions (3 events):
Event: 0.058 Thread 0x0000000002100800 Exception <a 'java/lang/NoSuchMethodError': Method sun.misc.Unsafe.defineClass(Ljava/lang/String;[BII)Ljava/lang/Class; name or signature does not match> (0x00000000eab0d8a0) thrown at [C:\re\workspace\8-2-build-windows-amd64-cygwin\jdk8u66\5298\hotspot\srã‚pè≠?
Event: 0.058 Thread 0x0000000002100800 Exception <a 'java/lang/NoSuchMethodError': Method sun.misc.Unsafe.prefetchRead(Ljava/lang/Object;J)V name or signature does not match> (0x00000000eab0db88) thrown at [C:\re\workspace\8-2-build-windows-amd64-cygwin\jdk8u66\5298\hotspot\src\share\vm\prims\jùÕ¨RX@
Event: 6.836 Thread 0x00000000163e9800 Implicit null exception at 0x00000000024e0ea2 to 0x00000000024e0f9a

Events (10 events):
Event: 29.216 Thread 0x00000000163ec000 DEOPT PACKING pc=0x00000000026994c7 sp=0x000000001860e600
Event: 29.216 Thread 0x00000000163ec000 DEOPT UNPACKING pc=0x000000000224787f sp=0x000000001860e3d8 mode 0
Event: 29.220 Thread 0x00000000163ec000 DEOPT PACKING pc=0x00000000026994c7 sp=0x000000001860e600
Event: 29.220 Thread 0x00000000163ec000 DEOPT UNPACKING pc=0x000000000224787f sp=0x000000001860e3d8 mode 0
Event: 29.227 Thread 0x00000000163ec000 Uncommon trap: trap_request=0xffffff65 fr.pc=0x00000000023e43fc
Event: 29.227 Thread 0x00000000163ec000 DEOPT PACKING pc=0x00000000023e43fc sp=0x000000001860e8b0
Event: 29.227 Thread 0x00000000163ec000 DEOPT UNPACKING pc=0x000000000224582a sp=0x000000001860e880 mode 2
Event: 29.227 Thread 0x00000000163ec000 Uncommon trap: trap_request=0xffffff65 fr.pc=0x00000000023e4a0c
Event: 29.227 Thread 0x00000000163ec000 DEOPT PACKING pc=0x00000000023e4a0c sp=0x000000001860e850
Event: 29.227 Thread 0x00000000163ec000 DEOPT UNPACKING pc=0x000000000224582a sp=0x000000001860e7a0 mode 2


Dynamic libraries:
0x00007ff775990000 - 0x00007ff7759c7000 	C:\Program Files\Java\jdk1.8.0_66\bin\java.exe
0x00007ffca8be0000 - 0x00007ffca8da1000 	C:\Windows\SYSTEM32\ntdll.dll
0x00007ffca64f0000 - 0x00007ffca659d000 	C:\Windows\system32\KERNEL32.DLL
0x00007ffca5950000 - 0x00007ffca5b38000 	C:\Windows\system32\KERNELBASE.dll
0x00007ffca6830000 - 0x00007ffca68d7000 	C:\Windows\system32\ADVAPI32.dll
0x00007ffca68e0000 - 0x00007ffca697d000 	C:\Windows\system32\msvcrt.dll
0x00007ffca67d0000 - 0x00007ffca682b000 	C:\Windows\system32\sechost.dll
0x00007ffca8aa0000 - 0x00007ffca8bbc000 	C:\Windows\system32\RPCRT4.dll
0x00007ffca82f0000 - 0x00007ffca8446000 	C:\Windows\system32\USER32.dll
0x00007ffca6130000 - 0x00007ffca62b6000 	C:\Windows\system32\GDI32.dll
0x00007ffc9a930000 - 0x00007ffc9aba4000 	C:\Windows\WinSxS\amd64_microsoft.windows.common-controls_6595b64144ccf1df_6.0.10586.0_none_8c15ae12515e1c22\COMCTL32.dll
0x00007ffca6980000 - 0x00007ffca6bfd000 	C:\Windows\system32\combase.dll
0x00007ffca5ce0000 - 0x00007ffca5d4a000 	C:\Windows\system32\bcryptPrimitives.dll
0x00007ffca6340000 - 0x00007ffca637b000 	C:\Windows\system32\IMM32.DLL
0x0000000070830000 - 0x0000000070902000 	C:\Program Files\Java\jdk1.8.0_66\jre\bin\msvcr100.dll
0x0000000070f60000 - 0x00000000717e9000 	C:\Program Files\Java\jdk1.8.0_66\jre\bin\server\jvm.dll
0x00007ffca6c00000 - 0x00007ffca6c08000 	C:\Windows\system32\PSAPI.DLL
0x00007ffca1990000 - 0x00007ffca1999000 	C:\Windows\SYSTEM32\WSOCK32.dll
0x00007ffca8280000 - 0x00007ffca82eb000 	C:\Windows\system32\WS2_32.dll
0x00007ffca3930000 - 0x00007ffca3953000 	C:\Windows\SYSTEM32\WINMM.dll
0x00007ffc98ef0000 - 0x00007ffc98efa000 	C:\Windows\SYSTEM32\VERSION.dll
0x00007ffca38d0000 - 0x00007ffca38fc000 	C:\Windows\SYSTEM32\WINMMBASE.dll
0x00007ffca5290000 - 0x00007ffca52d3000 	C:\Windows\system32\cfgmgr32.dll
0x0000000070f50000 - 0x0000000070f5f000 	C:\Program Files\Java\jdk1.8.0_66\jre\bin\verify.dll
0x0000000070f20000 - 0x0000000070f49000 	C:\Program Files\Java\jdk1.8.0_66\jre\bin\java.dll
0x0000000070f00000 - 0x0000000070f16000 	C:\Program Files\Java\jdk1.8.0_66\jre\bin\zip.dll
0x00007ffca6cc0000 - 0x00007ffca821c000 	C:\Windows\system32\SHELL32.dll
0x00007ffca5300000 - 0x00007ffca5944000 	C:\Windows\system32\windows.storage.dll
0x00007ffca8220000 - 0x00007ffca8272000 	C:\Windows\system32\shlwapi.dll
0x00007ffca5270000 - 0x00007ffca527f000 	C:\Windows\system32\kernel.appcore.dll
0x00007ffca5d50000 - 0x00007ffca5e05000 	C:\Windows\system32\shcore.dll
0x00007ffca5220000 - 0x00007ffca526b000 	C:\Windows\system32\powrprof.dll
0x00007ffca5200000 - 0x00007ffca5214000 	C:\Windows\system32\profapi.dll

VM Arguments:
jvm_args: -Djava.awt.headless=true -Xmx1024M -Dfile.encoding=windows-1252 -Duser.country=IT -Duser.language=it -Duser.variant 
java_command: com.android.dx.command.Main --dex --force-jumbo --num-threads=4 --multi-dex --output C:\Users\Davide\AndroidStudioProjects\MioMeteo\app\build\intermediates\transforms\dex\debug\folders\1000\10\com.google.android.gms-play-services-basement-8.4.0_3013a74c5a4f87319a74fd9f52916b8d95f0d285 C:\Users\Davide\AndroidStudioProjects\MioMeteo\app\build\intermediates\exploded-aar\com.google.android.gms\play-services-basement\8.4.0\jars\classes.jar
java_class_path (initial): C:\Users\Davide\AppData\Local\Android\sdk\build-tools\23.0.3\lib\dx.jar
Launcher Type: SUN_STANDARD

Environment Variables:
PATH=C:\ProgramData\Oracle\Java\javapath;C:\Program Files (x86)\Intel\iCLS Client\;C:\Program Files\Intel\iCLS Client\;C:\Windows\system32;C:\Windows;C:\Windows\System32\Wbem;C:\Windows\System32\WindowsPowerShell\v1.0\;c:\Program Files\Intel\WiFi\bin\;c:\Program Files\Common Files\Intel\WirelessCommon\;C:\Program Files\Intel\Intel(R) Management Engine Components\DAL;C:\Program Files (x86)\Intel\Intel(R) Management Engine Components\DAL;C:\Program Files\Intel\Intel(R) Management Engine Components\IPT;C:\Program Files (x86)\Intel\Intel(R) Management Engine Components\IPT;C:\Program Files\Hewlett-Packard\SimplePass\;C:\Program Files\Java\jdk1.8.0_66\bin;C:\Program Files\TortoiseSVN\bin;C:\Program Files (x86)\MySQL\MySQL Fabric 1.5 & MySQL Utilities 1.5\;C:\Program Files (x86)\MySQL\MySQL Fabric 1.5 & MySQL Utilities 1.5\Doctrine extensions for PHP\;C:\Program Files (x86)\Skype\Phone\
USERNAME=Davide
OS=Windows_NT
PROCESSOR_IDENTIFIER=Intel64 Family 6 Model 61 Stepping 4, GenuineIntel



---------------  S Y S T E M  ---------------

OS: Windows 10.0 , 64 bit Build 10586 (10.0.10586.0)

CPU:total 4 (2 cores per cpu, 2 threads per core) family 6 model 61 stepping 4, cmov, cx8, fxsr, mmx, sse, sse2, sse3, ssse3, sse4.1, sse4.2, popcnt, avx, avx2, aes, clmul, erms, 3dnowpref, lzcnt, ht, tsc, tscinvbit, bmi1, bmi2, adx

Memory: 4k page, physical 4109328k(66608k free), swap 5157904k(6356k free)

vm_info: Java HotSpot(TM) 64-Bit Server VM (25.66-b18) for windows-amd64 JRE (1.8.0_66-b18), built on Nov  9 2015 10:51:13 by "java_re" with MS VC++ 10.0 (VS2010)

time: Mon May 16 15:27:37 2016
elapsed time: 29 seconds (0d 0h 0m 29s)

