#
# There is insufficient memory for the Java Runtime Environment to continue.
# Native memory allocation (malloc) failed to allocate 1108816 bytes for Chunk::new
# Possible reasons:
#   The system is out of physical RAM or swap space
#   In 32 bit mode, the process size limit was hit
# Possible solutions:
#   Reduce memory load on the system
#   Increase physical memory or swap space
#   Check if swap backing store is full
#   Use 64 bit Java on a 64 bit OS
#   Decrease Java heap size (-Xmx/-Xms)
#   Decrease number of Java threads
#   Decrease Java thread stack sizes (-Xss)
#   Set larger code cache with -XX:ReservedCodeCacheSize=
# This output file may be truncated or incomplete.
#
#  Out of Memory Error (allocation.cpp:390), pid=4064, tid=7084
#
# JRE version: Java(TM) SE Runtime Environment (8.0_66-b18) (build 1.8.0_66-b18)
# Java VM: Java HotSpot(TM) 64-Bit Server VM (25.66-b18 mixed mode windows-amd64 compressed oops)
# Failed to write core dump. Minidumps are not enabled by default on client versions of Windows
#

---------------  T H R E A D  ---------------

Current thread (0x0000000014a0d000):  JavaThread "C2 CompilerThread0" daemon [_thread_in_native, id=7084, stack(0x0000000016060000,0x0000000016160000)]

Stack: [0x0000000016060000,0x0000000016160000]
[error occurred during error reporting (printing stack bounds), id 0xc0000005]

Native frames: (J=compiled Java code, j=interpreted, Vv=VM code, C=native code)


Current CompileTask:
C2:  35056 2773 %     4       com.android.dx.dex.code.LocalList::make @ 16 (102 bytes)


---------------  P R O C E S S  ---------------

Java Threads: ( => current thread )
  0x0000000016619800 JavaThread "pool-1-thread-1" [_thread_in_Java, id=4540, stack(0x0000000018630000,0x0000000018730000)]
  0x000000001638d800 JavaThread "Service Thread" daemon [_thread_blocked, id=3840, stack(0x0000000016760000,0x0000000016860000)]
  0x0000000014a5c800 JavaThread "C1 CompilerThread2" daemon [_thread_blocked, id=4060, stack(0x0000000016260000,0x0000000016360000)]
  0x0000000014a10000 JavaThread "C2 CompilerThread1" daemon [_thread_in_native, id=1560, stack(0x0000000016160000,0x0000000016260000)]
=>0x0000000014a0d000 JavaThread "C2 CompilerThread0" daemon [_thread_in_native, id=7084, stack(0x0000000016060000,0x0000000016160000)]
  0x0000000014a0b000 JavaThread "Attach Listener" daemon [_thread_blocked, id=2496, stack(0x0000000015f60000,0x0000000016060000)]
  0x0000000014a09800 JavaThread "Signal Dispatcher" daemon [_thread_blocked, id=6800, stack(0x0000000015e60000,0x0000000015f60000)]
  0x0000000002336800 JavaThread "Finalizer" daemon [_thread_blocked, id=4368, stack(0x0000000015c60000,0x0000000015d60000)]
  0x000000000232e800 JavaThread "Reference Handler" daemon [_thread_blocked, id=6252, stack(0x0000000015b60000,0x0000000015c60000)]
  0x0000000002240800 JavaThread "main" [_thread_blocked, id=4144, stack(0x0000000002140000,0x0000000002240000)]

Other Threads:
  0x00000000149d7000 VMThread [stack: 0x0000000015a60000,0x0000000015b60000] [id=6940]
  0x0000000016393000 WatcherThread [stack: 0x0000000016860000,0x0000000016960000] [id=6300]

VM state:not at safepoint (normal execution)

VM Mutex/Monitor currently owned by a thread: None

Heap:
 PSYoungGen      total 125440K, used 36452K [0x00000000eab00000, 0x00000000fb380000, 0x0000000100000000)
  eden space 110592K, 19% used [0x00000000eab00000,0x00000000ec01c268,0x00000000f1700000)
  from space 14848K, 99% used [0x00000000f3980000,0x00000000f47fd0f0,0x00000000f4800000)
  to   space 35328K, 0% used [0x00000000f1700000,0x00000000f1700000,0x00000000f3980000)
 ParOldGen       total 84480K, used 58678K [0x00000000c0000000, 0x00000000c5280000, 0x00000000eab00000)
  object space 84480K, 69% used [0x00000000c0000000,0x00000000c394d830,0x00000000c5280000)
 Metaspace       used 6859K, capacity 7544K, committed 7680K, reserved 1056768K
  class space    used 642K, capacity 688K, committed 768K, reserved 1048576K

Card table byte_map: [0x0000000011700000,0x0000000011910000] byte_map_base: 0x0000000011100000

Marking Bits: (ParMarkBitMap*) 0x000000007249a5b0
 Begin Bits: [0x0000000011e70000, 0x0000000012e70000)
 End Bits:   [0x0000000012e70000, 0x0000000013e70000)

Polling page: 0x0000000002070000

CodeCache: size=245760Kb used=11410Kb max_used=11422Kb free=234349Kb
 bounds [0x0000000002340000, 0x0000000002e80000, 0x0000000011340000]
 total_blobs=2606 nmethods=2336 adapters=182
 compilation: enabled

Compilation events (10 events):
Event: 35.013 Thread 0x0000000014a5c800 2810       3       com.android.dx.dex.code.form.Form23x::isCompatible (68 bytes)
Event: 35.014 Thread 0x0000000014a10000 nmethod 2801 0x0000000002e70b90 code [0x0000000002e70ce0, 0x0000000002e711f8]
Event: 35.014 Thread 0x0000000014a10000 2802       4       com.android.dx.rop.code.RegisterSpecSet::findMatchingLocal (49 bytes)
Event: 35.015 Thread 0x0000000014a5c800 nmethod 2810 0x0000000002e6c150 code [0x0000000002e6c360, 0x0000000002e6d408]
Event: 35.015 Thread 0x0000000014a5c800 2811       1       com.android.dx.dex.code.form.Form21h::codeSize (2 bytes)
Event: 35.015 Thread 0x0000000014a5c800 nmethod 2811 0x0000000002e5efd0 code [0x0000000002e5f120, 0x0000000002e5f230]
Event: 35.021 Thread 0x0000000014a5c800 2813       3       com.android.dx.util.ByteArrayAnnotatedOutput::writeByte (51 bytes)
Event: 35.021 Thread 0x0000000014a5c800 nmethod 2813 0x0000000002e6ba50 code [0x0000000002e6bbe0, 0x0000000002e6bf78]
Event: 35.024 Thread 0x0000000014a10000 nmethod 2802 0x0000000002e73350 code [0x0000000002e734c0, 0x0000000002e73ad8]
Event: 35.025 Thread 0x0000000014a10000 2799       4       com.android.dx.dex.code.StdCatchBuilder::build (262 bytes)

GC Heap History (10 events):
Event: 19.913 GC heap before
{Heap before GC invocations=5 (full 0):
 PSYoungGen      total 68096K, used 68065K [0x00000000eab00000, 0x00000000ef000000, 0x0000000100000000)
  eden space 65536K, 100% used [0x00000000eab00000,0x00000000eeb00000,0x00000000eeb00000)
  from space 2560K, 98% used [0x00000000eed80000,0x00000000eeff85c0,0x00000000ef000000)
  to   space 2560K, 0% used [0x00000000eeb00000,0x00000000eeb00000,0x00000000eed80000)
 ParOldGen       total 44032K, used 11089K [0x00000000c0000000, 0x00000000c2b00000, 0x00000000eab00000)
  object space 44032K, 25% used [0x00000000c0000000,0x00000000c0ad45d0,0x00000000c2b00000)
 Metaspace       used 6312K, capacity 7152K, committed 7296K, reserved 1056768K
  class space    used 602K, capacity 616K, committed 640K, reserved 1048576K
Event: 21.390 GC heap after
Heap after GC invocations=5 (full 0):
 PSYoungGen      total 68096K, used 2540K [0x00000000eab00000, 0x00000000f4800000, 0x0000000100000000)
  eden space 65536K, 0% used [0x00000000eab00000,0x00000000eab00000,0x00000000eeb00000)
  from space 2560K, 99% used [0x00000000eeb00000,0x00000000eed7b338,0x00000000eed80000)
  to   space 14848K, 0% used [0x00000000f3980000,0x00000000f3980000,0x00000000f4800000)
 ParOldGen       total 44032K, used 22141K [0x00000000c0000000, 0x00000000c2b00000, 0x00000000eab00000)
  object space 44032K, 50% used [0x00000000c0000000,0x00000000c159f5c0,0x00000000c2b00000)
 Metaspace       used 6312K, capacity 7152K, committed 7296K, reserved 1056768K
  class space    used 602K, capacity 616K, committed 640K, reserved 1048576K
}
Event: 23.579 GC heap before
{Heap before GC invocations=6 (full 0):
 PSYoungGen      total 68096K, used 68076K [0x00000000eab00000, 0x00000000f4800000, 0x0000000100000000)
  eden space 65536K, 100% used [0x00000000eab00000,0x00000000eeb00000,0x00000000eeb00000)
  from space 2560K, 99% used [0x00000000eeb00000,0x00000000eed7b338,0x00000000eed80000)
  to   space 14848K, 0% used [0x00000000f3980000,0x00000000f3980000,0x00000000f4800000)
 ParOldGen       total 44032K, used 22144K [0x00000000c0000000, 0x00000000c2b00000, 0x00000000eab00000)
  object space 44032K, 50% used [0x00000000c0000000,0x00000000c15a0320,0x00000000c2b00000)
 Metaspace       used 6386K, capacity 7216K, committed 7296K, reserved 1056768K
  class space    used 603K, capacity 616K, committed 640K, reserved 1048576K
Event: 23.898 GC heap after
Heap after GC invocations=6 (full 0):
 PSYoungGen      total 143360K, used 13757K [0x00000000eab00000, 0x00000000f4d00000, 0x0000000100000000)
  eden space 128512K, 0% used [0x00000000eab00000,0x00000000eab00000,0x00000000f2880000)
  from space 14848K, 92% used [0x00000000f3980000,0x00000000f46ef528,0x00000000f4800000)
  to   space 17408K, 0% used [0x00000000f2880000,0x00000000f2880000,0x00000000f3980000)
 ParOldGen       total 44032K, used 22144K [0x00000000c0000000, 0x00000000c2b00000, 0x00000000eab00000)
  object space 44032K, 50% used [0x00000000c0000000,0x00000000c15a0320,0x00000000c2b00000)
 Metaspace       used 6386K, capacity 7216K, committed 7296K, reserved 1056768K
  class space    used 603K, capacity 616K, committed 640K, reserved 1048576K
}
Event: 27.607 GC heap before
{Heap before GC invocations=7 (full 0):
 PSYoungGen      total 143360K, used 142269K [0x00000000eab00000, 0x00000000f4d00000, 0x0000000100000000)
  eden space 128512K, 100% used [0x00000000eab00000,0x00000000f2880000,0x00000000f2880000)
  from space 14848K, 92% used [0x00000000f3980000,0x00000000f46ef528,0x00000000f4800000)
  to   space 17408K, 0% used [0x00000000f2880000,0x00000000f2880000,0x00000000f3980000)
 ParOldGen       total 44032K, used 22146K [0x00000000c0000000, 0x00000000c2b00000, 0x00000000eab00000)
  object space 44032K, 50% used [0x00000000c0000000,0x00000000c15a0b10,0x00000000c2b00000)
 Metaspace       used 6539K, capacity 7256K, committed 7424K, reserved 1056768K
  class space    used 623K, capacity 656K, committed 768K, reserved 1048576K
Event: 28.160 GC heap after
Heap after GC invocations=7 (full 0):
 PSYoungGen      total 145920K, used 17387K [0x00000000eab00000, 0x00000000f4d00000, 0x0000000100000000)
  eden space 128512K, 0% used [0x00000000eab00000,0x00000000eab00000,0x00000000f2880000)
  from space 17408K, 99% used [0x00000000f2880000,0x00000000f397ae90,0x00000000f3980000)
  to   space 14848K, 0% used [0x00000000f3980000,0x00000000f3980000,0x00000000f4800000)
 ParOldGen       total 44032K, used 38981K [0x00000000c0000000, 0x00000000c2b00000, 0x00000000eab00000)
  object space 44032K, 88% used [0x00000000c0000000,0x00000000c2611470,0x00000000c2b00000)
 Metaspace       used 6539K, capacity 7256K, committed 7424K, reserved 1056768K
  class space    used 623K, capacity 656K, committed 768K, reserved 1048576K
}
Event: 28.160 GC heap before
{Heap before GC invocations=8 (full 1):
 PSYoungGen      total 145920K, used 17387K [0x00000000eab00000, 0x00000000f4d00000, 0x0000000100000000)
  eden space 128512K, 0% used [0x00000000eab00000,0x00000000eab00000,0x00000000f2880000)
  from space 17408K, 99% used [0x00000000f2880000,0x00000000f397ae90,0x00000000f3980000)
  to   space 14848K, 0% used [0x00000000f3980000,0x00000000f3980000,0x00000000f4800000)
 ParOldGen       total 44032K, used 38981K [0x00000000c0000000, 0x00000000c2b00000, 0x00000000eab00000)
  object space 44032K, 88% used [0x00000000c0000000,0x00000000c2611470,0x00000000c2b00000)
 Metaspace       used 6539K, capacity 7256K, committed 7424K, reserved 1056768K
  class space    used 623K, capacity 656K, committed 768K, reserved 1048576K
Event: 30.457 GC heap after
Heap after GC invocations=8 (full 1):
 PSYoungGen      total 145920K, used 10175K [0x00000000eab00000, 0x00000000f4d00000, 0x0000000100000000)
  eden space 128512K, 0% used [0x00000000eab00000,0x00000000eab00000,0x00000000f2880000)
  from space 17408K, 58% used [0x00000000f2880000,0x00000000f326fec0,0x00000000f3980000)
  to   space 14848K, 0% used [0x00000000f3980000,0x00000000f3980000,0x00000000f4800000)
 ParOldGen       total 84480K, used 43839K [0x00000000c0000000, 0x00000000c5280000, 0x00000000eab00000)
  object space 84480K, 51% used [0x00000000c0000000,0x00000000c2acfd50,0x00000000c5280000)
 Metaspace       used 6539K, capacity 7256K, committed 7424K, reserved 1056768K
  class space    used 623K, capacity 656K, committed 768K, reserved 1048576K
}
Event: 32.285 GC heap before
{Heap before GC invocations=9 (full 1):
 PSYoungGen      total 145920K, used 138687K [0x00000000eab00000, 0x00000000f4d00000, 0x0000000100000000)
  eden space 128512K, 100% used [0x00000000eab00000,0x00000000f2880000,0x00000000f2880000)
  from space 17408K, 58% used [0x00000000f2880000,0x00000000f326fec0,0x00000000f3980000)
  to   space 14848K, 0% used [0x00000000f3980000,0x00000000f3980000,0x00000000f4800000)
 ParOldGen       total 84480K, used 43839K [0x00000000c0000000, 0x00000000c5280000, 0x00000000eab00000)
  object space 84480K, 51% used [0x00000000c0000000,0x00000000c2acfd50,0x00000000c5280000)
 Metaspace       used 6560K, capacity 7256K, committed 7424K, reserved 1056768K
  class space    used 625K, capacity 656K, committed 768K, reserved 1048576K
Event: 32.492 GC heap after
Heap after GC invocations=9 (full 1):
 PSYoungGen      total 125440K, used 14836K [0x00000000eab00000, 0x00000000fb380000, 0x0000000100000000)
  eden space 110592K, 0% used [0x00000000eab00000,0x00000000eab00000,0x00000000f1700000)
  from space 14848K, 99% used [0x00000000f3980000,0x00000000f47fd0f0,0x00000000f4800000)
  to   space 35328K, 0% used [0x00000000f1700000,0x00000000f1700000,0x00000000f3980000)
 ParOldGen       total 84480K, used 58678K [0x00000000c0000000, 0x00000000c5280000, 0x00000000eab00000)
  object space 84480K, 69% used [0x00000000c0000000,0x00000000c394d830,0x00000000c5280000)
 Metaspace       used 6560K, capacity 7256K, committed 7424K, reserved 1056768K
  class space    used 625K, capacity 656K, committed 768K, reserved 1048576K
}

Deoptimization events (10 events):
Event: 34.487 Thread 0x0000000016619800 Uncommon trap: reason=speculate_class_check action=maybe_recompile pc=0x000000000269ca90 method=com.android.dx.util.FixedSizeList.equals(Ljava/lang/Object;)Z @ 25
Event: 34.487 Thread 0x0000000016619800 Uncommon trap: reason=unstable_if action=reinterpret pc=0x0000000002b8554c method=java.util.TreeMap.put(Ljava/lang/Object;Ljava/lang/Object;)Ljava/lang/Object; @ 163
Event: 34.565 Thread 0x0000000016619800 Uncommon trap: reason=unstable_if action=reinterpret pc=0x0000000002de684c method=com.android.dx.dex.code.OutputFinisher.findOpcodeForInsn(Lcom/android/dx/dex/code/DalvInsn;Lcom/android/dx/dex/code/Dop;)Lcom/android/dx/dex/code/Dop; @ 1
Event: 34.671 Thread 0x0000000016619800 Uncommon trap: reason=unstable_if action=reinterpret pc=0x0000000002e01538 method=com.android.dx.rop.code.RegisterSpec.matchesVariable(Lcom/android/dx/rop/code/RegisterSpec;)Z @ 59
Event: 34.672 Thread 0x0000000016619800 Uncommon trap: reason=predicate action=maybe_recompile pc=0x0000000002de5744 method=java.util.ComparableTimSort.binarySort([Ljava/lang/Object;III)V @ 37
Event: 34.715 Thread 0x0000000016619800 Uncommon trap: reason=array_check action=maybe_recompile pc=0x0000000002e30424 method=java.util.ComparableTimSort.binarySort([Ljava/lang/Object;III)V @ 183
Event: 34.747 Thread 0x0000000016619800 Uncommon trap: reason=array_check action=maybe_recompile pc=0x0000000002e3035c method=java.util.ComparableTimSort.binarySort([Ljava/lang/Object;III)V @ 193
Event: 34.771 Thread 0x0000000016619800 Uncommon trap: reason=unstable_if action=reinterpret pc=0x0000000002b86998 method=com.android.dx.rop.code.RegisterSpecSet.equals(Ljava/lang/Object;)Z @ 30
Event: 34.844 Thread 0x0000000016619800 Uncommon trap: reason=unstable_if action=reinterpret pc=0x0000000002e45920 method=com.android.dx.dex.code.OutputFinisher.align64bits([Lcom/android/dx/dex/code/Dop;)V @ 172
Event: 34.985 Thread 0x0000000016619800 Uncommon trap: reason=array_check action=maybe_recompile pc=0x0000000002e3035c method=java.util.ComparableTimSort.binarySort([Ljava/lang/Object;III)V @ 193

Internal exceptions (7 events):
Event: 0.050 Thread 0x0000000002240800 Exception <a 'java/lang/NoSuchMethodError': Method sun.misc.Unsafe.defineClass(Ljava/lang/String;[BII)Ljava/lang/Class; name or signature does not match> (0x00000000eab0d868) thrown at [C:\re\workspace\8-2-build-windows-amd64-cygwin\jdk8u66\5298\hotspot\srŒ…‹ÅE©©?
Event: 0.050 Thread 0x0000000002240800 Exception <a 'java/lang/NoSuchMethodError': Method sun.misc.Unsafe.prefetchRead(Ljava/lang/Object;J)V name or signature does not match> (0x00000000eab0db50) thrown at [C:\re\workspace\8-2-build-windows-amd64-cygwin\jdk8u66\5298\hotspot\src\share\vm\prims\j¤$Ýâ<@
Event: 4.309 Thread 0x000000001661b000 Implicit null exception at 0x0000000002641aa2 to 0x0000000002641ba9
Event: 23.546 Thread 0x0000000016628000 Implicit null exception at 0x00000000028be4bd to 0x00000000028bfd1d
Event: 24.851 Thread 0x0000000002240800 Exception <a 'java/lang/ArrayIndexOutOfBoundsException': 18> (0x00000000ed4a4e08) thrown at [C:\re\workspace\8-2-build-windows-amd64-cygwin\jdk8u66\5298\hotspot\src\share\vm\interpreter\interpreterRuntime.cpp, line 366]
Event: 24.852 Thread 0x0000000002240800 Exception <a 'java/lang/ArrayIndexOutOfBoundsException'> (0x00000000ed4a6988) thrown at [C:\re\workspace\8-2-build-windows-amd64-cygwin\jdk8u66\5298\hotspot\src\share\vm\runtime\sharedRuntime.cpp, line 605]
Event: 24.853 Thread 0x0000000002240800 Exception <a 'java/lang/ArrayIndexOutOfBoundsException'> (0x00000000ed4a7c70) thrown at [C:\re\workspace\8-2-build-windows-amd64-cygwin\jdk8u66\5298\hotspot\src\share\vm\runtime\sharedRuntime.cpp, line 605]

Events (10 events):
Event: 34.865 Thread 0x0000000016619800 DEOPT UNPACKING pc=0x000000000238787f sp=0x000000001872e5d0 mode 0
Event: 34.982 Thread 0x0000000016619800 DEOPT PACKING pc=0x0000000002e540a3 sp=0x000000001872e830
Event: 34.982 Thread 0x0000000016619800 DEOPT UNPACKING pc=0x000000000238787f sp=0x000000001872e580 mode 0
Event: 34.985 Thread 0x0000000016619800 Uncommon trap: trap_request=0xffffffd6 fr.pc=0x0000000002e3035c
Event: 34.985 Thread 0x0000000016619800 DEOPT PACKING pc=0x0000000002e3035c sp=0x000000001872e6c0
Event: 34.985 Thread 0x0000000016619800 DEOPT UNPACKING pc=0x000000000238582a sp=0x000000001872e668 mode 2
Event: 35.004 Thread 0x0000000016619800 DEOPT PACKING pc=0x0000000002e540a3 sp=0x000000001872e830
Event: 35.004 Thread 0x0000000016619800 DEOPT UNPACKING pc=0x000000000238787f sp=0x000000001872e580 mode 0
Event: 35.017 Thread 0x0000000016619800 DEOPT PACKING pc=0x0000000002e540a3 sp=0x000000001872e830
Event: 35.017 Thread 0x0000000016619800 DEOPT UNPACKING pc=0x000000000238787f sp=0x000000001872e580 mode 0


Dynamic libraries:
0x00007ff604410000 - 0x00007ff604447000 	C:\Program Files\Java\jdk1.8.0_66\bin\java.exe
0x00007fff5e6e0000 - 0x00007fff5e8a1000 	C:\Windows\SYSTEM32\ntdll.dll
0x00007fff5bc90000 - 0x00007fff5bd3d000 	C:\Windows\system32\KERNEL32.DLL
0x00007fff5ae20000 - 0x00007fff5b008000 	C:\Windows\system32\KERNELBASE.dll
0x00007fff5e590000 - 0x00007fff5e637000 	C:\Windows\system32\ADVAPI32.dll
0x00007fff5e640000 - 0x00007fff5e6dd000 	C:\Windows\system32\msvcrt.dll
0x00007fff5d4c0000 - 0x00007fff5d51b000 	C:\Windows\system32\sechost.dll
0x00007fff5de20000 - 0x00007fff5df3c000 	C:\Windows\system32\RPCRT4.dll
0x00007fff5e430000 - 0x00007fff5e586000 	C:\Windows\system32\USER32.dll
0x00007fff5bb00000 - 0x00007fff5bc86000 	C:\Windows\system32\GDI32.dll
0x00007fff4f720000 - 0x00007fff4f994000 	C:\Windows\WinSxS\amd64_microsoft.windows.common-controls_6595b64144ccf1df_6.0.10586.0_none_8c15ae12515e1c22\COMCTL32.dll
0x00007fff5d840000 - 0x00007fff5dabd000 	C:\Windows\system32\combase.dll
0x00007fff5adb0000 - 0x00007fff5ae1a000 	C:\Windows\system32\bcryptPrimitives.dll
0x00007fff5dde0000 - 0x00007fff5de1b000 	C:\Windows\system32\IMM32.DLL
0x00000000717c0000 - 0x0000000071892000 	C:\Program Files\Java\jdk1.8.0_66\jre\bin\msvcr100.dll
0x0000000071c90000 - 0x0000000072519000 	C:\Program Files\Java\jdk1.8.0_66\jre\bin\server\jvm.dll
0x00007fff5d520000 - 0x00007fff5d528000 	C:\Windows\system32\PSAPI.DLL
0x00007fff57940000 - 0x00007fff57949000 	C:\Windows\SYSTEM32\WSOCK32.dll
0x00007fff5dac0000 - 0x00007fff5db2b000 	C:\Windows\system32\WS2_32.dll
0x00007fff58f80000 - 0x00007fff58fa3000 	C:\Windows\SYSTEM32\WINMM.dll
0x00007fff4e8a0000 - 0x00007fff4e8aa000 	C:\Windows\SYSTEM32\VERSION.dll
0x0000000002040000 - 0x000000000206c000 	C:\Windows\SYSTEM32\WINMMBASE.dll
0x00007fff5ba90000 - 0x00007fff5bad3000 	C:\Windows\system32\cfgmgr32.dll
0x0000000071c80000 - 0x0000000071c8f000 	C:\Program Files\Java\jdk1.8.0_66\jre\bin\verify.dll
0x0000000071c50000 - 0x0000000071c79000 	C:\Program Files\Java\jdk1.8.0_66\jre\bin\java.dll
0x0000000071c30000 - 0x0000000071c46000 	C:\Program Files\Java\jdk1.8.0_66\jre\bin\zip.dll
0x00007fff5bdb0000 - 0x00007fff5d30c000 	C:\Windows\system32\SHELL32.dll
0x00007fff5b3e0000 - 0x00007fff5ba24000 	C:\Windows\system32\windows.storage.dll
0x00007fff5e3d0000 - 0x00007fff5e422000 	C:\Windows\system32\shlwapi.dll
0x00007fff5ad10000 - 0x00007fff5ad1f000 	C:\Windows\system32\kernel.appcore.dll
0x00007fff5b320000 - 0x00007fff5b3d5000 	C:\Windows\system32\shcore.dll
0x00007fff5ad40000 - 0x00007fff5ad8b000 	C:\Windows\system32\powrprof.dll
0x00007fff5ad20000 - 0x00007fff5ad34000 	C:\Windows\system32\profapi.dll

VM Arguments:
jvm_args: -Djava.awt.headless=true -Xmx1024M -Dfile.encoding=windows-1252 -Duser.country=IT -Duser.language=it -Duser.variant 
java_command: com.android.dx.command.Main --dex --force-jumbo --num-threads=4 --multi-dex --output C:\Users\Davide\AndroidStudioProjects\MioMeteo\app\build\intermediates\transforms\dex\debug\folders\1000\10\com.android.support-support-v4-23.4.0_aaab4edea211bdf5334c61199a8744e711966bf7 C:\Users\Davide\AndroidStudioProjects\MioMeteo\app\build\intermediates\exploded-aar\com.android.support\support-v4\23.4.0\jars\classes.jar
java_class_path (initial): C:\Users\Davide\AppData\Local\Android\sdk\build-tools\23.0.3\lib\dx.jar
Launcher Type: SUN_STANDARD

Environment Variables:
PATH=C:\ProgramData\Oracle\Java\javapath;C:\Program Files (x86)\Intel\iCLS Client\;C:\Program Files\Intel\iCLS Client\;C:\Windows\system32;C:\Windows;C:\Windows\System32\Wbem;C:\Windows\System32\WindowsPowerShell\v1.0\;c:\Program Files\Intel\WiFi\bin\;c:\Program Files\Common Files\Intel\WirelessCommon\;C:\Program Files\Intel\Intel(R) Management Engine Components\DAL;C:\Program Files (x86)\Intel\Intel(R) Management Engine Components\DAL;C:\Program Files\Intel\Intel(R) Management Engine Components\IPT;C:\Program Files (x86)\Intel\Intel(R) Management Engine Components\IPT;C:\Program Files\Hewlett-Packard\SimplePass\;C:\Program Files\Java\jdk1.8.0_66\bin;C:\Program Files\TortoiseSVN\bin;C:\Program Files (x86)\MySQL\MySQL Fabric 1.5 & MySQL Utilities 1.5\;C:\Program Files (x86)\MySQL\MySQL Fabric 1.5 & MySQL Utilities 1.5\Doctrine extensions for PHP\;C:\Program Files (x86)\Skype\Phone\
USERNAME=Davide
OS=Windows_NT
PROCESSOR_IDENTIFIER=Intel64 Family 6 Model 61 Stepping 4, GenuineIntel



---------------  S Y S T E M  ---------------

OS: Windows 10.0 , 64 bit Build 10586 (10.0.10586.0)

CPU:total 4 (2 cores per cpu, 2 threads per core) family 6 model 61 stepping 4, cmov, cx8, fxsr, mmx, sse, sse2, sse3, ssse3, sse4.1, sse4.2, popcnt, avx, avx2, aes, clmul, erms, 3dnowpref, lzcnt, ht, tsc, tscinvbit, bmi1, bmi2, adx

Memory: 4k page, physical 4109328k(164044k free), swap 5157904k(5208k free)

vm_info: Java HotSpot(TM) 64-Bit Server VM (25.66-b18) for windows-amd64 JRE (1.8.0_66-b18), built on Nov  9 2015 10:51:13 by "java_re" with MS VC++ 10.0 (VS2010)

time: Tue May 17 14:55:24 2016
elapsed time: 35 seconds (0d 0h 0m 35s)

