#
# There is insufficient memory for the Java Runtime Environment to continue.
# Native memory allocation (malloc) failed to allocate 1383456 bytes for Chunk::new
# Possible reasons:
#   The system is out of physical RAM or swap space
#   In 32 bit mode, the process size limit was hit
# Possible solutions:
#   Reduce memory load on the system
#   Increase physical memory or swap space
#   Check if swap backing store is full
#   Use 64 bit Java on a 64 bit OS
#   Decrease Java heap size (-Xmx/-Xms)
#   Decrease number of Java threads
#   Decrease Java thread stack sizes (-Xss)
#   Set larger code cache with -XX:ReservedCodeCacheSize=
# This output file may be truncated or incomplete.
#
#  Out of Memory Error (allocation.cpp:390), pid=6656, tid=6852
#
# JRE version: Java(TM) SE Runtime Environment (8.0_66-b18) (build 1.8.0_66-b18)
# Java VM: Java HotSpot(TM) 64-Bit Server VM (25.66-b18 mixed mode windows-amd64 compressed oops)
# Failed to write core dump. Minidumps are not enabled by default on client versions of Windows
#

---------------  T H R E A D  ---------------

Current thread (0x0000000014a8c800):  JavaThread "C2 CompilerThread0" daemon [_thread_in_native, id=6852, stack(0x0000000016110000,0x0000000016210000)]

Stack: [0x0000000016110000,0x0000000016210000]
[error occurred during error reporting (printing stack bounds), id 0xc0000005]

Native frames: (J=compiled Java code, j=interpreted, Vv=VM code, C=native code)


Current CompileTask:
C2:   2781 1151   !   4       com.android.dx.cf.code.BytecodeArray::parseInstruction (2764 bytes)


---------------  P R O C E S S  ---------------

Java Threads: ( => current thread )
  0x0000000016663800 JavaThread "pool-1-thread-4" [_thread_blocked, id=5548, stack(0x0000000017610000,0x0000000017710000)]
  0x0000000016662800 JavaThread "pool-1-thread-3" [_thread_in_Java, id=3936, stack(0x0000000017510000,0x0000000017610000)]
  0x0000000016662000 JavaThread "pool-1-thread-2" [_thread_in_Java, id=7832, stack(0x0000000017410000,0x0000000017510000)]
  0x000000001665f000 JavaThread "pool-2-thread-1" [_thread_blocked, id=2120, stack(0x0000000017310000,0x0000000017410000)]
  0x000000001665e800 JavaThread "pool-1-thread-1" [_thread_in_Java, id=6720, stack(0x0000000017210000,0x0000000017310000)]
  0x000000001641f000 JavaThread "Service Thread" daemon [_thread_blocked, id=3304, stack(0x0000000016810000,0x0000000016910000)]
  0x0000000014aec000 JavaThread "C1 CompilerThread2" daemon [_thread_blocked, id=2336, stack(0x0000000016310000,0x0000000016410000)]
  0x0000000014aae000 JavaThread "C2 CompilerThread1" daemon [_thread_blocked, id=6360, stack(0x0000000016210000,0x0000000016310000)]
=>0x0000000014a8c800 JavaThread "C2 CompilerThread0" daemon [_thread_in_native, id=6852, stack(0x0000000016110000,0x0000000016210000)]
  0x0000000014a8a800 JavaThread "Attach Listener" daemon [_thread_blocked, id=4516, stack(0x0000000016010000,0x0000000016110000)]
  0x0000000014a89800 JavaThread "Signal Dispatcher" daemon [_thread_blocked, id=7676, stack(0x0000000015f10000,0x0000000016010000)]
  0x00000000023b0800 JavaThread "Finalizer" daemon [_thread_blocked, id=6420, stack(0x0000000015d10000,0x0000000015e10000)]
  0x00000000023ad000 JavaThread "Reference Handler" daemon [_thread_blocked, id=4164, stack(0x0000000015c10000,0x0000000015d10000)]
  0x00000000022c0800 JavaThread "main" [_thread_blocked, id=7636, stack(0x00000000021c0000,0x00000000022c0000)]

Other Threads:
  0x0000000014a58000 VMThread [stack: 0x0000000015b10000,0x0000000015c10000] [id=4524]
  0x0000000016434000 WatcherThread [stack: 0x0000000016910000,0x0000000016a10000] [id=4372]

VM state:not at safepoint (normal execution)

VM Mutex/Monitor currently owned by a thread: None

Heap:
 PSYoungGen      total 35328K, used 8361K [0x00000000eab00000, 0x00000000ed000000, 0x0000000100000000)
  eden space 32768K, 17% used [0x00000000eab00000,0x00000000eb0ae5c8,0x00000000ecb00000)
  from space 2560K, 99% used [0x00000000ecd80000,0x00000000ecffc028,0x00000000ed000000)
  to   space 2560K, 0% used [0x00000000ecb00000,0x00000000ecb00000,0x00000000ecd80000)
 ParOldGen       total 44032K, used 3078K [0x00000000c0000000, 0x00000000c2b00000, 0x00000000eab00000)
  object space 44032K, 6% used [0x00000000c0000000,0x00000000c0301b00,0x00000000c2b00000)
 Metaspace       used 5985K, capacity 6896K, committed 7040K, reserved 1056768K
  class space    used 602K, capacity 616K, committed 640K, reserved 1048576K

Card table byte_map: [0x0000000011780000,0x0000000011990000] byte_map_base: 0x0000000011180000

Marking Bits: (ParMarkBitMap*) 0x0000000057daa5b0
 Begin Bits: [0x0000000011ef0000, 0x0000000012ef0000)
 End Bits:   [0x0000000012ef0000, 0x0000000013ef0000)

Polling page: 0x0000000000510000

CodeCache: size=245760Kb used=4434Kb max_used=4446Kb free=241325Kb
 bounds [0x00000000023c0000, 0x0000000002820000, 0x00000000113c0000]
 total_blobs=1404 nmethods=1133 adapters=182
 compilation: enabled

Compilation events (10 events):
Event: 2.699 Thread 0x0000000014a8c800 nmethod 1130 0x000000000280f950 code [0x000000000280faa0, 0x000000000280fc58]
Event: 2.699 Thread 0x0000000014a8c800 1150       4       com.android.dx.cf.code.Ropper::labelToResultIndex (47 bytes)
Event: 2.705 Thread 0x0000000014a8c800 nmethod 1150 0x000000000281a2d0 code [0x000000000281a420, 0x000000000281a6b8]
Event: 2.705 Thread 0x0000000014a8c800 1153       4       java.util.Collections$UnmodifiableCollection$1::next (10 bytes)
Event: 2.710 Thread 0x0000000014a8c800 nmethod 1153 0x000000000281a850 code [0x000000000281a9a0, 0x000000000281abf8]
Event: 2.710 Thread 0x0000000014a8c800 1156       4       com.android.dx.util.LabeledList::set (45 bytes)
Event: 2.725 Thread 0x0000000014a8c800 nmethod 1156 0x00000000028113d0 code [0x0000000002811560, 0x0000000002811c08]
Event: 2.725 Thread 0x0000000014a8c800 1158       4       java.util.Arrays::hashCode (56 bytes)
Event: 2.732 Thread 0x0000000014a8c800 nmethod 1158 0x0000000002810e10 code [0x0000000002810f60, 0x00000000028111b8]
Event: 2.732 Thread 0x0000000014a8c800 1151   !   4       com.android.dx.cf.code.BytecodeArray::parseInstruction (2764 bytes)

GC Heap History (4 events):
Event: 1.030 GC heap before
{Heap before GC invocations=1 (full 0):
 PSYoungGen      total 18944K, used 16384K [0x00000000eab00000, 0x00000000ec000000, 0x0000000100000000)
  eden space 16384K, 100% used [0x00000000eab00000,0x00000000ebb00000,0x00000000ebb00000)
  from space 2560K, 0% used [0x00000000ebd80000,0x00000000ebd80000,0x00000000ec000000)
  to   space 2560K, 0% used [0x00000000ebb00000,0x00000000ebb00000,0x00000000ebd80000)
 ParOldGen       total 44032K, used 0K [0x00000000c0000000, 0x00000000c2b00000, 0x00000000eab00000)
  object space 44032K, 0% used [0x00000000c0000000,0x00000000c0000000,0x00000000c2b00000)
 Metaspace       used 5454K, capacity 6448K, committed 6528K, reserved 1056768K
  class space    used 596K, capacity 616K, committed 640K, reserved 1048576K
Event: 1.120 GC heap after
Heap after GC invocations=1 (full 0):
 PSYoungGen      total 18944K, used 2536K [0x00000000eab00000, 0x00000000ed000000, 0x0000000100000000)
  eden space 16384K, 0% used [0x00000000eab00000,0x00000000eab00000,0x00000000ebb00000)
  from space 2560K, 99% used [0x00000000ebb00000,0x00000000ebd7a0e8,0x00000000ebd80000)
  to   space 2560K, 0% used [0x00000000ecd80000,0x00000000ecd80000,0x00000000ed000000)
 ParOldGen       total 44032K, used 1044K [0x00000000c0000000, 0x00000000c2b00000, 0x00000000eab00000)
  object space 44032K, 2% used [0x00000000c0000000,0x00000000c01051d8,0x00000000c2b00000)
 Metaspace       used 5454K, capacity 6448K, committed 6528K, reserved 1056768K
  class space    used 596K, capacity 616K, committed 640K, reserved 1048576K
}
Event: 2.511 GC heap before
{Heap before GC invocations=2 (full 0):
 PSYoungGen      total 18944K, used 18920K [0x00000000eab00000, 0x00000000ed000000, 0x0000000100000000)
  eden space 16384K, 100% used [0x00000000eab00000,0x00000000ebb00000,0x00000000ebb00000)
  from space 2560K, 99% used [0x00000000ebb00000,0x00000000ebd7a0e8,0x00000000ebd80000)
  to   space 2560K, 0% used [0x00000000ecd80000,0x00000000ecd80000,0x00000000ed000000)
 ParOldGen       total 44032K, used 1044K [0x00000000c0000000, 0x00000000c2b00000, 0x00000000eab00000)
  object space 44032K, 2% used [0x00000000c0000000,0x00000000c01051d8,0x00000000c2b00000)
 Metaspace       used 5958K, capacity 6896K, committed 7040K, reserved 1056768K
  class space    used 602K, capacity 616K, committed 640K, reserved 1048576K
Event: 2.677 GC heap after
Heap after GC invocations=2 (full 0):
 PSYoungGen      total 35328K, used 2544K [0x00000000eab00000, 0x00000000ed000000, 0x0000000100000000)
  eden space 32768K, 0% used [0x00000000eab00000,0x00000000eab00000,0x00000000ecb00000)
  from space 2560K, 99% used [0x00000000ecd80000,0x00000000ecffc028,0x00000000ed000000)
  to   space 2560K, 0% used [0x00000000ecb00000,0x00000000ecb00000,0x00000000ecd80000)
 ParOldGen       total 44032K, used 3078K [0x00000000c0000000, 0x00000000c2b00000, 0x00000000eab00000)
  object space 44032K, 6% used [0x00000000c0000000,0x00000000c0301b00,0x00000000c2b00000)
 Metaspace       used 5958K, capacity 6896K, committed 7040K, reserved 1056768K
  class space    used 602K, capacity 616K, committed 640K, reserved 1048576K
}

Deoptimization events (4 events):
Event: 0.476 Thread 0x00000000022c0800 Uncommon trap: reason=unstable_if action=reinterpret pc=0x0000000002510fd4 method=java.lang.String.compareTo(Ljava/lang/String;)I @ 38
Event: 1.145 Thread 0x0000000016663800 Uncommon trap: reason=unstable_if action=reinterpret pc=0x00000000025cf830 method=java.util.BitSet.nextSetBit(I)I @ 87
Event: 1.586 Thread 0x0000000016662000 Uncommon trap: reason=null_check action=make_not_entrant pc=0x0000000002669b18 method=com.android.dx.ssa.SsaRenamer.getLocalForNewReg(I)Lcom/android/dx/rop/code/LocalItem; @ 19
Event: 2.488 Thread 0x000000001665e800 Uncommon trap: reason=unstable_if action=reinterpret pc=0x0000000002687b04 method=com.android.dx.rop.code.RegisterSpec.equals(ILcom/android/dx/rop/type/TypeBearer;Lcom/android/dx/rop/code/LocalItem;)Z @ 42

Internal exceptions (3 events):
Event: 0.061 Thread 0x00000000022c0800 Exception <a 'java/lang/NoSuchMethodError': Method sun.misc.Unsafe.defineClass(Ljava/lang/String;[BII)Ljava/lang/Class; name or signature does not match> (0x00000000eab0d818) thrown at [C:\re\workspace\8-2-build-windows-amd64-cygwin\jdk8u66\5298\hotspot\srã%v%9Ø?
Event: 0.061 Thread 0x00000000022c0800 Exception <a 'java/lang/NoSuchMethodError': Method sun.misc.Unsafe.prefetchRead(Ljava/lang/Object;J)V name or signature does not match> (0x00000000eab0db00) thrown at [C:\re\workspace\8-2-build-windows-amd64-cygwin\jdk8u66\5298\hotspot\src\share\vm\prims\j‚Å÷^˘?
Event: 1.586 Thread 0x0000000016662000 Implicit null exception at 0x0000000002667e1f to 0x0000000002669ad5

Events (10 events):
Event: 1.817 loading class com/android/dx/dex/file/FieldAnnotationStruct done
Event: 1.820 loading class com/android/dx/cf/code/SwitchList
Event: 1.820 loading class com/android/dx/cf/code/SwitchList done
Event: 1.890 loading class java/util/DualPivotQuicksort
Event: 1.890 loading class java/util/DualPivotQuicksort done
Event: 2.488 Thread 0x000000001665e800 Uncommon trap: trap_request=0xffffff65 fr.pc=0x0000000002687b04
Event: 2.488 Thread 0x000000001665e800 DEOPT PACKING pc=0x0000000002687b04 sp=0x000000001730e450
Event: 2.488 Thread 0x000000001665e800 DEOPT UNPACKING pc=0x000000000240582a sp=0x000000001730e3d8 mode 2
Event: 2.510 Executing VM operation: ParallelGCFailedAllocation
Event: 2.677 Executing VM operation: ParallelGCFailedAllocation done


Dynamic libraries:
0x00007ff71db00000 - 0x00007ff71db37000 	C:\Program Files\Java\jdk1.8.0_66\bin\java.exe
0x00007ff91b210000 - 0x00007ff91b3d1000 	C:\Windows\SYSTEM32\ntdll.dll
0x00007ff918d20000 - 0x00007ff918dcd000 	C:\Windows\system32\KERNEL32.DLL
0x00007ff9178c0000 - 0x00007ff917aa8000 	C:\Windows\system32\KERNELBASE.dll
0x00007ff918860000 - 0x00007ff918907000 	C:\Windows\system32\ADVAPI32.dll
0x00007ff919380000 - 0x00007ff91941d000 	C:\Windows\system32\msvcrt.dll
0x00007ff918970000 - 0x00007ff9189cb000 	C:\Windows\system32\sechost.dll
0x00007ff918dd0000 - 0x00007ff918eec000 	C:\Windows\system32\RPCRT4.dll
0x00007ff91b040000 - 0x00007ff91b196000 	C:\Windows\system32\USER32.dll
0x00007ff919530000 - 0x00007ff9196b6000 	C:\Windows\system32\GDI32.dll
0x00007ff90c270000 - 0x00007ff90c4e4000 	C:\Windows\WinSxS\amd64_microsoft.windows.common-controls_6595b64144ccf1df_6.0.10586.0_none_8c15ae12515e1c22\COMCTL32.dll
0x00007ff9189d0000 - 0x00007ff918c4d000 	C:\Windows\system32\combase.dll
0x00007ff9184f0000 - 0x00007ff91855a000 	C:\Windows\system32\bcryptPrimitives.dll
0x00007ff918c60000 - 0x00007ff918c9b000 	C:\Windows\system32\IMM32.DLL
0x0000000056f70000 - 0x0000000057042000 	C:\Program Files\Java\jdk1.8.0_66\jre\bin\msvcr100.dll
0x00000000575a0000 - 0x0000000057e29000 	C:\Program Files\Java\jdk1.8.0_66\jre\bin\server\jvm.dll
0x00007ff918c50000 - 0x00007ff918c58000 	C:\Windows\system32\PSAPI.DLL
0x00007ff915a60000 - 0x00007ff915a83000 	C:\Windows\SYSTEM32\WINMM.dll
0x00007ff913d90000 - 0x00007ff913d99000 	C:\Windows\SYSTEM32\WSOCK32.dll
0x00007ff90b1e0000 - 0x00007ff90b1ea000 	C:\Windows\SYSTEM32\VERSION.dll
0x00007ff91b1a0000 - 0x00007ff91b20b000 	C:\Windows\system32\WS2_32.dll
0x00007ff915a00000 - 0x00007ff915a2c000 	C:\Windows\SYSTEM32\WINMMBASE.dll
0x00007ff9184a0000 - 0x00007ff9184e3000 	C:\Windows\system32\cfgmgr32.dll
0x0000000057590000 - 0x000000005759f000 	C:\Program Files\Java\jdk1.8.0_66\jre\bin\verify.dll
0x0000000057560000 - 0x0000000057589000 	C:\Program Files\Java\jdk1.8.0_66\jre\bin\java.dll
0x0000000057540000 - 0x0000000057556000 	C:\Program Files\Java\jdk1.8.0_66\jre\bin\zip.dll
0x00007ff9196c0000 - 0x00007ff91ac1c000 	C:\Windows\system32\SHELL32.dll
0x00007ff917d40000 - 0x00007ff918384000 	C:\Windows\system32\windows.storage.dll
0x00007ff918910000 - 0x00007ff918962000 	C:\Windows\system32\shlwapi.dll
0x00007ff9178a0000 - 0x00007ff9178af000 	C:\Windows\system32\kernel.appcore.dll
0x00007ff917c80000 - 0x00007ff917d35000 	C:\Windows\system32\shcore.dll
0x00007ff917850000 - 0x00007ff91789b000 	C:\Windows\system32\powrprof.dll
0x00007ff917830000 - 0x00007ff917844000 	C:\Windows\system32\profapi.dll

VM Arguments:
jvm_args: -Djava.awt.headless=true -Xmx1024M -Dfile.encoding=windows-1252 -Duser.country=IT -Duser.language=it -Duser.variant 
java_command: com.android.dx.command.Main --dex --num-threads=4 --output C:\Users\Davide\AndroidStudioProjects\MioMeteo\app\build\intermediates\pre-dexed\debug\com.android.support-appcompat-v7-23.4.0_f203f7abbf7217ee477bc292e1ace76d22b8cd4e.jar C:\Users\Davide\AndroidStudioProjects\MioMeteo\app\build\intermediates\exploded-aar\com.android.support\appcompat-v7\23.4.0\jars\classes.jar
java_class_path (initial): C:\Users\Davide\AppData\Local\Android\sdk\build-tools\23.0.3\lib\dx.jar
Launcher Type: SUN_STANDARD

Environment Variables:
PATH=C:\ProgramData\Oracle\Java\javapath;C:\Program Files (x86)\Intel\iCLS Client\;C:\Program Files\Intel\iCLS Client\;C:\Windows\system32;C:\Windows;C:\Windows\System32\Wbem;C:\Windows\System32\WindowsPowerShell\v1.0\;c:\Program Files\Intel\WiFi\bin\;c:\Program Files\Common Files\Intel\WirelessCommon\;C:\Program Files\Intel\Intel(R) Management Engine Components\DAL;C:\Program Files (x86)\Intel\Intel(R) Management Engine Components\DAL;C:\Program Files\Intel\Intel(R) Management Engine Components\IPT;C:\Program Files (x86)\Intel\Intel(R) Management Engine Components\IPT;C:\Program Files\Hewlett-Packard\SimplePass\;C:\Program Files\Java\jdk1.8.0_66\bin;C:\Program Files\TortoiseSVN\bin;C:\Program Files (x86)\MySQL\MySQL Fabric 1.5 & MySQL Utilities 1.5\;C:\Program Files (x86)\MySQL\MySQL Fabric 1.5 & MySQL Utilities 1.5\Doctrine extensions for PHP\;C:\Program Files (x86)\Skype\Phone\
USERNAME=Davide
OS=Windows_NT
PROCESSOR_IDENTIFIER=Intel64 Family 6 Model 61 Stepping 4, GenuineIntel



---------------  S Y S T E M  ---------------

OS: Windows 10.0 , 64 bit Build 10586 (10.0.10586.0)

CPU:total 4 (2 cores per cpu, 2 threads per core) family 6 model 61 stepping 4, cmov, cx8, fxsr, mmx, sse, sse2, sse3, ssse3, sse4.1, sse4.2, popcnt, avx, avx2, aes, clmul, erms, 3dnowpref, lzcnt, ht, tsc, tscinvbit, bmi1, bmi2, adx

Memory: 4k page, physical 4109328k(307480k free), swap 5157904k(5696k free)

vm_info: Java HotSpot(TM) 64-Bit Server VM (25.66-b18) for windows-amd64 JRE (1.8.0_66-b18), built on Nov  9 2015 10:51:13 by "java_re" with MS VC++ 10.0 (VS2010)

time: Wed May 18 19:53:38 2016
elapsed time: 2 seconds (0d 0h 0m 2s)

