#
# There is insufficient memory for the Java Runtime Environment to continue.
# Native memory allocation (malloc) failed to allocate 1032208 bytes for Chunk::new
# Possible reasons:
#   The system is out of physical RAM or swap space
#   In 32 bit mode, the process size limit was hit
# Possible solutions:
#   Reduce memory load on the system
#   Increase physical memory or swap space
#   Check if swap backing store is full
#   Use 64 bit Java on a 64 bit OS
#   Decrease Java heap size (-Xmx/-Xms)
#   Decrease number of Java threads
#   Decrease Java thread stack sizes (-Xss)
#   Set larger code cache with -XX:ReservedCodeCacheSize=
# This output file may be truncated or incomplete.
#
#  Out of Memory Error (allocation.cpp:390), pid=5836, tid=744
#
# JRE version: Java(TM) SE Runtime Environment (8.0_66-b18) (build 1.8.0_66-b18)
# Java VM: Java HotSpot(TM) 64-Bit Server VM (25.66-b18 mixed mode windows-amd64 compressed oops)
# Failed to write core dump. Minidumps are not enabled by default on client versions of Windows
#

---------------  T H R E A D  ---------------

Current thread (0x0000000014968800):  JavaThread "C2 CompilerThread0" daemon [_thread_in_native, id=744, stack(0x0000000015fd0000,0x00000000160d0000)]

Stack: [0x0000000015fd0000,0x00000000160d0000]
[error occurred during error reporting (printing stack bounds), id 0xc0000005]

Native frames: (J=compiled Java code, j=interpreted, Vv=VM code, C=native code)


Current CompileTask:
C2:  18740 2588 %     4       com.android.dx.dex.code.OutputFinisher::getAllConstants @ 18 (47 bytes)


---------------  P R O C E S S  ---------------

Java Threads: ( => current thread )
  0x00000000162f5800 JavaThread "Service Thread" daemon [_thread_blocked, id=3340, stack(0x00000000166d0000,0x00000000167d0000)]
  0x00000000149aa000 JavaThread "C1 CompilerThread2" daemon [_thread_blocked, id=7060, stack(0x00000000161d0000,0x00000000162d0000)]
  0x000000001495b800 JavaThread "C2 CompilerThread1" daemon [_thread_in_native, id=1920, stack(0x00000000160d0000,0x00000000161d0000)]
=>0x0000000014968800 JavaThread "C2 CompilerThread0" daemon [_thread_in_native, id=744, stack(0x0000000015fd0000,0x00000000160d0000)]
  0x0000000014967000 JavaThread "Attach Listener" daemon [_thread_blocked, id=4576, stack(0x0000000015ed0000,0x0000000015fd0000)]
  0x0000000014965800 JavaThread "Signal Dispatcher" daemon [_thread_blocked, id=4752, stack(0x0000000015dd0000,0x0000000015ed0000)]
  0x0000000002280800 JavaThread "Finalizer" daemon [_thread_blocked, id=6260, stack(0x0000000015bd0000,0x0000000015cd0000)]
  0x000000000227d000 JavaThread "Reference Handler" daemon [_thread_blocked, id=2484, stack(0x0000000015ad0000,0x0000000015bd0000)]
  0x0000000002190800 JavaThread "main" [_thread_in_Java, id=8012, stack(0x0000000002080000,0x0000000002180000)]

Other Threads:
  0x0000000014928000 VMThread [stack: 0x00000000159d0000,0x0000000015ad0000] [id=5928]
  0x000000001631a000 WatcherThread [stack: 0x00000000167d0000,0x00000000168d0000] [id=5732]

VM state:not at safepoint (normal execution)

VM Mutex/Monitor currently owned by a thread: None

Heap:
 PSYoungGen      total 143872K, used 129812K [0x00000000eab00000, 0x00000000fa700000, 0x0000000100000000)
  eden space 122880K, 94% used [0x00000000eab00000,0x00000000f1cd7328,0x00000000f2300000)
  from space 20992K, 63% used [0x00000000f2300000,0x00000000f2fedde8,0x00000000f3780000)
  to   space 30720K, 0% used [0x00000000f8900000,0x00000000f8900000,0x00000000fa700000)
 ParOldGen       total 81920K, used 43666K [0x00000000c0000000, 0x00000000c5000000, 0x00000000eab00000)
  object space 81920K, 53% used [0x00000000c0000000,0x00000000c2aa4990,0x00000000c5000000)
 Metaspace       used 6639K, capacity 7320K, committed 7680K, reserved 1056768K
  class space    used 630K, capacity 656K, committed 768K, reserved 1048576K

Card table byte_map: [0x0000000011650000,0x0000000011860000] byte_map_base: 0x0000000011050000

Marking Bits: (ParMarkBitMap*) 0x000000005541a5b0
 Begin Bits: [0x0000000011dc0000, 0x0000000012dc0000)
 End Bits:   [0x0000000012dc0000, 0x0000000013dc0000)

Polling page: 0x0000000000510000

CodeCache: size=245760Kb used=12420Kb max_used=12430Kb free=233339Kb
 bounds [0x0000000002290000, 0x0000000002ed0000, 0x0000000011290000]
 total_blobs=2740 nmethods=2470 adapters=182
 compilation: enabled

Compilation events (10 events):
Event: 18.551 Thread 0x0000000014968800 nmethod 2581 0x0000000002eb9110 code [0x0000000002eb9340, 0x0000000002eba5b0]
Event: 18.551 Thread 0x0000000014968800 2584       4       java.util.HashMap$KeyIterator::next (8 bytes)
Event: 18.556 Thread 0x0000000014968800 nmethod 2584 0x0000000002ea8790 code [0x0000000002ea88e0, 0x0000000002ea8b18]
Event: 18.557 Thread 0x0000000014968800 2583       4       com.android.dx.dex.file.DexFile::internIfAppropriate (128 bytes)
Event: 18.609 Thread 0x0000000014968800 nmethod 2583 0x0000000002ebe7d0 code [0x0000000002ebea60, 0x0000000002ec0750]
Event: 18.609 Thread 0x0000000014968800 2588 %     4       com.android.dx.dex.code.OutputFinisher::getAllConstants @ 18 (47 bytes)
Event: 18.666 Thread 0x00000000149aa000 2589       3       com.android.dx.dex.code.StdCatchBuilder::getCatchTypes (97 bytes)
Event: 18.668 Thread 0x00000000149aa000 nmethod 2589 0x0000000002ea6850 code [0x0000000002ea6ae0, 0x0000000002ea7de8]
Event: 18.689 Thread 0x00000000149aa000 2591       3       com.android.dx.rop.code.SwitchInsn::getCatches (4 bytes)
Event: 18.689 Thread 0x00000000149aa000 nmethod 2591 0x0000000002eae8d0 code [0x0000000002eaea20, 0x0000000002eaeb70]

GC Heap History (10 events):
Event: 9.220 GC heap before
{Heap before GC invocations=6 (full 0):
 PSYoungGen      total 35328K, used 35297K [0x00000000eab00000, 0x00000000efc00000, 0x0000000100000000)
  eden space 32768K, 100% used [0x00000000eab00000,0x00000000ecb00000,0x00000000ecb00000)
  from space 2560K, 98% used [0x00000000ecb00000,0x00000000ecd785b0,0x00000000ecd80000)
  to   space 8704K, 0% used [0x00000000ef380000,0x00000000ef380000,0x00000000efc00000)
 ParOldGen       total 44032K, used 12035K [0x00000000c0000000, 0x00000000c2b00000, 0x00000000eab00000)
  object space 44032K, 27% used [0x00000000c0000000,0x00000000c0bc0c58,0x00000000c2b00000)
 Metaspace       used 6261K, capacity 7152K, committed 7296K, reserved 1056768K
  class space    used 603K, capacity 616K, committed 640K, reserved 1048576K
Event: 9.341 GC heap after
Heap after GC invocations=6 (full 0):
 PSYoungGen      total 72704K, used 8668K [0x00000000eab00000, 0x00000000eff00000, 0x0000000100000000)
  eden space 64000K, 0% used [0x00000000eab00000,0x00000000eab00000,0x00000000ee980000)
  from space 8704K, 99% used [0x00000000ef380000,0x00000000efbf7348,0x00000000efc00000)
  to   space 10240K, 0% used [0x00000000ee980000,0x00000000ee980000,0x00000000ef380000)
 ParOldGen       total 44032K, used 12035K [0x00000000c0000000, 0x00000000c2b00000, 0x00000000eab00000)
  object space 44032K, 27% used [0x00000000c0000000,0x00000000c0bc0c58,0x00000000c2b00000)
 Metaspace       used 6261K, capacity 7152K, committed 7296K, reserved 1056768K
  class space    used 603K, capacity 616K, committed 640K, reserved 1048576K
}
Event: 11.282 GC heap before
{Heap before GC invocations=7 (full 0):
 PSYoungGen      total 72704K, used 72668K [0x00000000eab00000, 0x00000000eff00000, 0x0000000100000000)
  eden space 64000K, 100% used [0x00000000eab00000,0x00000000ee980000,0x00000000ee980000)
  from space 8704K, 99% used [0x00000000ef380000,0x00000000efbf7348,0x00000000efc00000)
  to   space 10240K, 0% used [0x00000000ee980000,0x00000000ee980000,0x00000000ef380000)
 ParOldGen       total 44032K, used 12035K [0x00000000c0000000, 0x00000000c2b00000, 0x00000000eab00000)
  object space 44032K, 27% used [0x00000000c0000000,0x00000000c0bc0c58,0x00000000c2b00000)
 Metaspace       used 6403K, capacity 7216K, committed 7296K, reserved 1056768K
  class space    used 604K, capacity 616K, committed 640K, reserved 1048576K
Event: 11.466 GC heap after
Heap after GC invocations=7 (full 0):
 PSYoungGen      total 74240K, used 10209K [0x00000000eab00000, 0x00000000f4700000, 0x0000000100000000)
  eden space 64000K, 0% used [0x00000000eab00000,0x00000000eab00000,0x00000000ee980000)
  from space 10240K, 99% used [0x00000000ee980000,0x00000000ef378548,0x00000000ef380000)
  to   space 15872K, 0% used [0x00000000f3780000,0x00000000f3780000,0x00000000f4700000)
 ParOldGen       total 44032K, used 20236K [0x00000000c0000000, 0x00000000c2b00000, 0x00000000eab00000)
  object space 44032K, 45% used [0x00000000c0000000,0x00000000c13c30c8,0x00000000c2b00000)
 Metaspace       used 6403K, capacity 7216K, committed 7296K, reserved 1056768K
  class space    used 604K, capacity 616K, committed 640K, reserved 1048576K
}
Event: 13.713 GC heap before
{Heap before GC invocations=8 (full 0):
 PSYoungGen      total 74240K, used 74209K [0x00000000eab00000, 0x00000000f4700000, 0x0000000100000000)
  eden space 64000K, 100% used [0x00000000eab00000,0x00000000ee980000,0x00000000ee980000)
  from space 10240K, 99% used [0x00000000ee980000,0x00000000ef378548,0x00000000ef380000)
  to   space 15872K, 0% used [0x00000000f3780000,0x00000000f3780000,0x00000000f4700000)
 ParOldGen       total 44032K, used 20236K [0x00000000c0000000, 0x00000000c2b00000, 0x00000000eab00000)
  object space 44032K, 45% used [0x00000000c0000000,0x00000000c13c30c8,0x00000000c2b00000)
 Metaspace       used 6431K, capacity 7216K, committed 7296K, reserved 1056768K
  class space    used 604K, capacity 616K, committed 640K, reserved 1048576K
Event: 13.971 GC heap after
Heap after GC invocations=8 (full 0):
 PSYoungGen      total 138752K, used 15861K [0x00000000eab00000, 0x00000000f5100000, 0x0000000100000000)
  eden space 122880K, 0% used [0x00000000eab00000,0x00000000eab00000,0x00000000f2300000)
  from space 15872K, 99% used [0x00000000f3780000,0x00000000f46fd5f0,0x00000000f4700000)
  to   space 20992K, 0% used [0x00000000f2300000,0x00000000f2300000,0x00000000f3780000)
 ParOldGen       total 44032K, used 25606K [0x00000000c0000000, 0x00000000c2b00000, 0x00000000eab00000)
  object space 44032K, 58% used [0x00000000c0000000,0x00000000c1901b18,0x00000000c2b00000)
 Metaspace       used 6431K, capacity 7216K, committed 7296K, reserved 1056768K
  class space    used 604K, capacity 616K, committed 640K, reserved 1048576K
}
Event: 15.854 GC heap before
{Heap before GC invocations=9 (full 0):
 PSYoungGen      total 138752K, used 138741K [0x00000000eab00000, 0x00000000f5100000, 0x0000000100000000)
  eden space 122880K, 100% used [0x00000000eab00000,0x00000000f2300000,0x00000000f2300000)
  from space 15872K, 99% used [0x00000000f3780000,0x00000000f46fd5f0,0x00000000f4700000)
  to   space 20992K, 0% used [0x00000000f2300000,0x00000000f2300000,0x00000000f3780000)
 ParOldGen       total 44032K, used 25606K [0x00000000c0000000, 0x00000000c2b00000, 0x00000000eab00000)
  object space 44032K, 58% used [0x00000000c0000000,0x00000000c1901b18,0x00000000c2b00000)
 Metaspace       used 6537K, capacity 7256K, committed 7424K, reserved 1056768K
  class space    used 625K, capacity 656K, committed 768K, reserved 1048576K
Event: 15.976 GC heap after
Heap after GC invocations=9 (full 0):
 PSYoungGen      total 143872K, used 20961K [0x00000000eab00000, 0x00000000fa700000, 0x0000000100000000)
  eden space 122880K, 0% used [0x00000000eab00000,0x00000000eab00000,0x00000000f2300000)
  from space 20992K, 99% used [0x00000000f2300000,0x00000000f37786a0,0x00000000f3780000)
  to   space 30720K, 0% used [0x00000000f8900000,0x00000000f8900000,0x00000000fa700000)
 ParOldGen       total 44032K, used 40337K [0x00000000c0000000, 0x00000000c2b00000, 0x00000000eab00000)
  object space 44032K, 91% used [0x00000000c0000000,0x00000000c2764748,0x00000000c2b00000)
 Metaspace       used 6537K, capacity 7256K, committed 7424K, reserved 1056768K
  class space    used 625K, capacity 656K, committed 768K, reserved 1048576K
}
Event: 15.976 GC heap before
{Heap before GC invocations=10 (full 1):
 PSYoungGen      total 143872K, used 20961K [0x00000000eab00000, 0x00000000fa700000, 0x0000000100000000)
  eden space 122880K, 0% used [0x00000000eab00000,0x00000000eab00000,0x00000000f2300000)
  from space 20992K, 99% used [0x00000000f2300000,0x00000000f37786a0,0x00000000f3780000)
  to   space 30720K, 0% used [0x00000000f8900000,0x00000000f8900000,0x00000000fa700000)
 ParOldGen       total 44032K, used 40337K [0x00000000c0000000, 0x00000000c2b00000, 0x00000000eab00000)
  object space 44032K, 91% used [0x00000000c0000000,0x00000000c2764748,0x00000000c2b00000)
 Metaspace       used 6537K, capacity 7256K, committed 7424K, reserved 1056768K
  class space    used 625K, capacity 656K, committed 768K, reserved 1048576K
Event: 17.419 GC heap after
Heap after GC invocations=10 (full 1):
 PSYoungGen      total 143872K, used 13239K [0x00000000eab00000, 0x00000000fa700000, 0x0000000100000000)
  eden space 122880K, 0% used [0x00000000eab00000,0x00000000eab00000,0x00000000f2300000)
  from space 20992K, 63% used [0x00000000f2300000,0x00000000f2fedde8,0x00000000f3780000)
  to   space 30720K, 0% used [0x00000000f8900000,0x00000000f8900000,0x00000000fa700000)
 ParOldGen       total 81920K, used 43666K [0x00000000c0000000, 0x00000000c5000000, 0x00000000eab00000)
  object space 81920K, 53% used [0x00000000c0000000,0x00000000c2aa4990,0x00000000c5000000)
 Metaspace       used 6537K, capacity 7256K, committed 7424K, reserved 1056768K
  class space    used 625K, capacity 656K, committed 768K, reserved 1048576K
}

Deoptimization events (10 events):
Event: 18.133 Thread 0x00000000165d8800 Uncommon trap: reason=class_check action=maybe_recompile pc=0x0000000002e211b4 method=com.android.dx.ssa.LiteralOpUpgrader.isConstIntZeroOrKnownNull(Lcom/android/dx/rop/code/RegisterSpec;)Z @ 13
Event: 18.151 Thread 0x0000000016576800 Uncommon trap: reason=unstable_if action=reinterpret pc=0x0000000002e210ac method=com.android.dx.ssa.LiteralOpUpgrader$1.visitNonMoveInsn(Lcom/android/dx/ssa/NormalSsaInsn;)V @ 176
Event: 18.268 Thread 0x0000000016576800 Uncommon trap: reason=class_check action=maybe_recompile pc=0x0000000002b4fa0c method=com.android.dx.ssa.SCCP.replaceConstants()V @ 127
Event: 18.279 Thread 0x0000000016576800 Uncommon trap: reason=class_check action=maybe_recompile pc=0x0000000002b4fa0c method=com.android.dx.ssa.SCCP.replaceConstants()V @ 127
Event: 18.286 Thread 0x0000000002190800 Uncommon trap: reason=class_check action=maybe_recompile pc=0x00000000026edd08 method=java.util.Arrays.hashCode([Ljava/lang/Object;)I @ 43
Event: 18.286 Thread 0x0000000002190800 Uncommon trap: reason=class_check action=maybe_recompile pc=0x00000000026edd08 method=java.util.Arrays.hashCode([Ljava/lang/Object;)I @ 43
Event: 18.287 Thread 0x0000000002190800 Uncommon trap: reason=class_check action=maybe_recompile pc=0x00000000026edd08 method=java.util.Arrays.hashCode([Ljava/lang/Object;)I @ 43
Event: 18.287 Thread 0x0000000002190800 Uncommon trap: reason=class_check action=maybe_recompile pc=0x00000000026edd08 method=java.util.Arrays.hashCode([Ljava/lang/Object;)I @ 43
Event: 18.287 Thread 0x0000000002190800 Uncommon trap: reason=class_check action=maybe_recompile pc=0x00000000026f0934 method=java.util.Arrays.hashCode([Ljava/lang/Object;)I @ 43
Event: 18.379 Thread 0x0000000002190800 Uncommon trap: reason=class_check action=maybe_recompile pc=0x00000000026aa744 method=java.util.HashMap.putVal(ILjava/lang/Object;Ljava/lang/Object;ZZ)Ljava/lang/Object; @ 203

Internal exceptions (8 events):
Event: 0.050 Thread 0x0000000002190800 Exception <a 'java/lang/NoSuchMethodError': Method sun.misc.Unsafe.defineClass(Ljava/lang/String;[BII)Ljava/lang/Class; name or signature does not match> (0x00000000eab0d810) thrown at [C:\re\workspace\8-2-build-windows-amd64-cygwin\jdk8u66\5298\hotspot\srîUóäm©?
Event: 0.050 Thread 0x0000000002190800 Exception <a 'java/lang/NoSuchMethodError': Method sun.misc.Unsafe.prefetchRead(Ljava/lang/Object;J)V name or signature does not match> (0x00000000eab0daf8) thrown at [C:\re\workspace\8-2-build-windows-amd64-cygwin\jdk8u66\5298\hotspot\src\share\vm\prims\jªã~ñµwú?
Event: 1.654 Thread 0x00000000165d6800 Implicit null exception at 0x000000000258d962 to 0x000000000258da69
Event: 3.700 Thread 0x0000000016576800 Implicit null exception at 0x00000000025f2eb1 to 0x00000000025f461d
Event: 11.818 Thread 0x00000000165d7800 Implicit null exception at 0x00000000028c7f82 to 0x00000000028c91f9
Event: 14.391 Thread 0x00000000165d6800 Exception <a 'java/lang/ArrayIndexOutOfBoundsException': 18> (0x00000000eb959330) thrown at [C:\re\workspace\8-2-build-windows-amd64-cygwin\jdk8u66\5298\hotspot\src\share\vm\interpreter\interpreterRuntime.cpp, line 366]
Event: 14.392 Thread 0x00000000165d6800 Exception <a 'java/lang/ArrayIndexOutOfBoundsException'> (0x00000000eb95aeb0) thrown at [C:\re\workspace\8-2-build-windows-amd64-cygwin\jdk8u66\5298\hotspot\src\share\vm\runtime\sharedRuntime.cpp, line 605]
Event: 14.394 Thread 0x00000000165d6800 Exception <a 'java/lang/ArrayIndexOutOfBoundsException'> (0x00000000eb95c198) thrown at [C:\re\workspace\8-2-build-windows-amd64-cygwin\jdk8u66\5298\hotspot\src\share\vm\runtime\sharedRuntime.cpp, line 605]

Events (10 events):
Event: 18.288 Thread 0x0000000002190800 DEOPT PACKING pc=0x00000000026f0934 sp=0x000000000217ea30
Event: 18.288 Thread 0x0000000002190800 DEOPT UNPACKING pc=0x00000000022d582a sp=0x000000000217e9b8 mode 2
Event: 18.288 loading class com/android/dx/rop/cst/Zeroes
Event: 18.288 loading class com/android/dx/rop/cst/Zeroes done
Event: 18.311 Thread 0x00000000165d6800 Thread exited: 0x00000000165d6800
Event: 18.379 Thread 0x0000000002190800 Uncommon trap: trap_request=0xffffffde fr.pc=0x00000000026aa744
Event: 18.379 Thread 0x0000000002190800 DEOPT PACKING pc=0x00000000026aa744 sp=0x000000000217ee80
Event: 18.379 Thread 0x0000000002190800 DEOPT UNPACKING pc=0x00000000022d582a sp=0x000000000217eda0 mode 2
Event: 18.396 loading class com/android/dx/dex/file/CatchStructs
Event: 18.396 loading class com/android/dx/dex/file/CatchStructs done


Dynamic libraries:
0x00007ff6ae070000 - 0x00007ff6ae0a7000 	C:\Program Files\Java\jdk1.8.0_66\bin\java.exe
0x00007fff95050000 - 0x00007fff95211000 	C:\Windows\SYSTEM32\ntdll.dll
0x00007fff94420000 - 0x00007fff944cd000 	C:\Windows\system32\KERNEL32.DLL
0x00007fff917c0000 - 0x00007fff919a8000 	C:\Windows\system32\KERNELBASE.dll
0x00007fff94890000 - 0x00007fff94937000 	C:\Windows\system32\ADVAPI32.dll
0x00007fff939f0000 - 0x00007fff93a8d000 	C:\Windows\system32\msvcrt.dll
0x00007fff93cf0000 - 0x00007fff93d4b000 	C:\Windows\system32\sechost.dll
0x00007fff93db0000 - 0x00007fff93ecc000 	C:\Windows\system32\RPCRT4.dll
0x00007fff942c0000 - 0x00007fff94416000 	C:\Windows\system32\USER32.dll
0x00007fff93a90000 - 0x00007fff93c16000 	C:\Windows\system32\GDI32.dll
0x00007fff85030000 - 0x00007fff852a4000 	C:\Windows\WinSxS\amd64_microsoft.windows.common-controls_6595b64144ccf1df_6.0.10586.0_none_8c15ae12515e1c22\COMCTL32.dll
0x00007fff94dd0000 - 0x00007fff9504d000 	C:\Windows\system32\combase.dll
0x00007fff91750000 - 0x00007fff917ba000 	C:\Windows\system32\bcryptPrimitives.dll
0x00007fff92450000 - 0x00007fff9248b000 	C:\Windows\system32\IMM32.DLL
0x00000000545e0000 - 0x00000000546b2000 	C:\Program Files\Java\jdk1.8.0_66\jre\bin\msvcr100.dll
0x0000000054c10000 - 0x0000000055499000 	C:\Program Files\Java\jdk1.8.0_66\jre\bin\server\jvm.dll
0x00007fff93c20000 - 0x00007fff93c28000 	C:\Windows\system32\PSAPI.DLL
0x00007fff8de60000 - 0x00007fff8de69000 	C:\Windows\SYSTEM32\WSOCK32.dll
0x00007fff941d0000 - 0x00007fff9423b000 	C:\Windows\system32\WS2_32.dll
0x00007fff8f8f0000 - 0x00007fff8f913000 	C:\Windows\SYSTEM32\WINMM.dll
0x00007fff84930000 - 0x00007fff8493a000 	C:\Windows\SYSTEM32\VERSION.dll
0x0000000000530000 - 0x000000000055c000 	C:\Windows\SYSTEM32\WINMMBASE.dll
0x00007fff91700000 - 0x00007fff91743000 	C:\Windows\system32\cfgmgr32.dll
0x0000000054c00000 - 0x0000000054c0f000 	C:\Program Files\Java\jdk1.8.0_66\jre\bin\verify.dll
0x0000000054bd0000 - 0x0000000054bf9000 	C:\Program Files\Java\jdk1.8.0_66\jre\bin\java.dll
0x0000000054bb0000 - 0x0000000054bc6000 	C:\Program Files\Java\jdk1.8.0_66\jre\bin\zip.dll
0x00007fff92490000 - 0x00007fff939ec000 	C:\Windows\system32\SHELL32.dll
0x00007fff91e00000 - 0x00007fff92444000 	C:\Windows\system32\windows.storage.dll
0x00007fff93d50000 - 0x00007fff93da2000 	C:\Windows\system32\shlwapi.dll
0x00007fff916f0000 - 0x00007fff916ff000 	C:\Windows\system32\kernel.appcore.dll
0x00007fff91ba0000 - 0x00007fff91c55000 	C:\Windows\system32\shcore.dll
0x00007fff91690000 - 0x00007fff916db000 	C:\Windows\system32\powrprof.dll
0x00007fff91670000 - 0x00007fff91684000 	C:\Windows\system32\profapi.dll

VM Arguments:
jvm_args: -Djava.awt.headless=true -Xmx1024M -Dfile.encoding=windows-1252 -Duser.country=IT -Duser.language=it -Duser.variant 
java_command: com.android.dx.command.Main --dex --num-threads=4 --output C:\Users\Davide\AndroidStudioProjects\MioMeteo\app\build\intermediates\pre-dexed\debug\com.android.support-support-v4-23.4.0_aaab4edea211bdf5334c61199a8744e711966bf7.jar C:\Users\Davide\AndroidStudioProjects\MioMeteo\app\build\intermediates\exploded-aar\com.android.support\support-v4\23.4.0\jars\classes.jar
java_class_path (initial): C:\Users\Davide\AppData\Local\Android\sdk\build-tools\23.0.3\lib\dx.jar
Launcher Type: SUN_STANDARD

Environment Variables:
PATH=C:\ProgramData\Oracle\Java\javapath;C:\Program Files (x86)\Intel\iCLS Client\;C:\Program Files\Intel\iCLS Client\;C:\Windows\system32;C:\Windows;C:\Windows\System32\Wbem;C:\Windows\System32\WindowsPowerShell\v1.0\;c:\Program Files\Intel\WiFi\bin\;c:\Program Files\Common Files\Intel\WirelessCommon\;C:\Program Files\Intel\Intel(R) Management Engine Components\DAL;C:\Program Files (x86)\Intel\Intel(R) Management Engine Components\DAL;C:\Program Files\Intel\Intel(R) Management Engine Components\IPT;C:\Program Files (x86)\Intel\Intel(R) Management Engine Components\IPT;C:\Program Files\Hewlett-Packard\SimplePass\;C:\Program Files\Java\jdk1.8.0_66\bin;C:\Program Files\TortoiseSVN\bin;C:\Program Files (x86)\MySQL\MySQL Fabric 1.5 & MySQL Utilities 1.5\;C:\Program Files (x86)\MySQL\MySQL Fabric 1.5 & MySQL Utilities 1.5\Doctrine extensions for PHP\;C:\Program Files (x86)\Skype\Phone\
USERNAME=Davide
OS=Windows_NT
PROCESSOR_IDENTIFIER=Intel64 Family 6 Model 61 Stepping 4, GenuineIntel



---------------  S Y S T E M  ---------------

OS: Windows 10.0 , 64 bit Build 10586 (10.0.10586.0)

CPU:total 4 (2 cores per cpu, 2 threads per core) family 6 model 61 stepping 4, cmov, cx8, fxsr, mmx, sse, sse2, sse3, ssse3, sse4.1, sse4.2, popcnt, avx, avx2, aes, clmul, erms, 3dnowpref, lzcnt, ht, tsc, tscinvbit, bmi1, bmi2, adx

Memory: 4k page, physical 4109328k(149900k free), swap 5157904k(5812k free)

vm_info: Java HotSpot(TM) 64-Bit Server VM (25.66-b18) for windows-amd64 JRE (1.8.0_66-b18), built on Nov  9 2015 10:51:13 by "java_re" with MS VC++ 10.0 (VS2010)

time: Tue May 31 18:37:28 2016
elapsed time: 18 seconds (0d 0h 0m 18s)

