#
# There is insufficient memory for the Java Runtime Environment to continue.
# Native memory allocation (malloc) failed to allocate 1212256 bytes for Chunk::new
# Possible reasons:
#   The system is out of physical RAM or swap space
#   In 32 bit mode, the process size limit was hit
# Possible solutions:
#   Reduce memory load on the system
#   Increase physical memory or swap space
#   Check if swap backing store is full
#   Use 64 bit Java on a 64 bit OS
#   Decrease Java heap size (-Xmx/-Xms)
#   Decrease number of Java threads
#   Decrease Java thread stack sizes (-Xss)
#   Set larger code cache with -XX:ReservedCodeCacheSize=
# This output file may be truncated or incomplete.
#
#  Out of Memory Error (allocation.cpp:390), pid=7636, tid=6664
#
# JRE version: Java(TM) SE Runtime Environment (8.0_66-b18) (build 1.8.0_66-b18)
# Java VM: Java HotSpot(TM) 64-Bit Server VM (25.66-b18 mixed mode windows-amd64 compressed oops)
# Failed to write core dump. Minidumps are not enabled by default on client versions of Windows
#

---------------  T H R E A D  ---------------

Current thread (0x00000000148bc800):  JavaThread "C2 CompilerThread0" daemon [_thread_in_native, id=6664, stack(0x0000000015f30000,0x0000000016030000)]

Stack: [0x0000000015f30000,0x0000000016030000]
[error occurred during error reporting (printing stack bounds), id 0xc0000005]

Native frames: (J=compiled Java code, j=interpreted, Vv=VM code, C=native code)


Current CompileTask:
C2:   4957 1506       4       com.android.dx.ssa.SCCP::simulateBranch (666 bytes)


---------------  P R O C E S S  ---------------

Java Threads: ( => current thread )
  0x000000001640a800 JavaThread "pool-1-thread-4" [_thread_in_Java, id=5792, stack(0x0000000016c30000,0x0000000016d30000)]
  0x0000000016409800 JavaThread "pool-1-thread-3" [_thread_in_Java, id=2852, stack(0x0000000016b30000,0x0000000016c30000)]
  0x0000000016408800 JavaThread "pool-1-thread-2" [_thread_blocked, id=4980, stack(0x0000000016a30000,0x0000000016b30000)]
  0x0000000016407800 JavaThread "pool-2-thread-1" [_thread_blocked, id=7204, stack(0x0000000016930000,0x0000000016a30000)]
  0x0000000016403000 JavaThread "pool-1-thread-1" [_thread_blocked, id=7316, stack(0x0000000016830000,0x0000000016930000)]
  0x000000001613b000 JavaThread "Service Thread" daemon [_thread_blocked, id=5492, stack(0x0000000016630000,0x0000000016730000)]
  0x0000000016138800 JavaThread "C1 CompilerThread2" daemon [_thread_blocked, id=2912, stack(0x0000000016530000,0x0000000016630000)]
  0x0000000014904000 JavaThread "C2 CompilerThread1" daemon [_thread_in_native, id=2488, stack(0x0000000016030000,0x0000000016130000)]
=>0x00000000148bc800 JavaThread "C2 CompilerThread0" daemon [_thread_in_native, id=6664, stack(0x0000000015f30000,0x0000000016030000)]
  0x00000000148ba800 JavaThread "Attach Listener" daemon [_thread_blocked, id=7296, stack(0x0000000015e30000,0x0000000015f30000)]
  0x00000000148b9800 JavaThread "Signal Dispatcher" daemon [_thread_blocked, id=7284, stack(0x0000000015d30000,0x0000000015e30000)]
  0x00000000021e0800 JavaThread "Finalizer" daemon [_thread_blocked, id=4708, stack(0x0000000015b30000,0x0000000015c30000)]
  0x00000000021dd000 JavaThread "Reference Handler" daemon [_thread_blocked, id=8056, stack(0x0000000015a30000,0x0000000015b30000)]
  0x00000000020f0800 JavaThread "main" [_thread_blocked, id=2756, stack(0x0000000001ff0000,0x00000000020f0000)]

Other Threads:
  0x0000000014888000 VMThread [stack: 0x0000000015930000,0x0000000015a30000] [id=8060]
  0x000000001614f000 WatcherThread [stack: 0x0000000016730000,0x0000000016830000] [id=8160]

VM state:synchronizing (normal execution)

VM Mutex/Monitor currently owned by a thread:  ([mutex/lock_event])
[0x000000000074c630] Safepoint_lock - owner thread: 0x0000000014888000
[0x000000000074c9b0] Threads_lock - owner thread: 0x0000000014888000

Heap:
 PSYoungGen      total 35328K, used 34559K [0x00000000eab00000, 0x00000000ed000000, 0x0000000100000000)
  eden space 32768K, 97% used [0x00000000eab00000,0x00000000eca41438,0x00000000ecb00000)
  from space 2560K, 99% used [0x00000000ecd80000,0x00000000ecffeaa8,0x00000000ed000000)
  to   space 2560K, 0% used [0x00000000ecb00000,0x00000000ecb00000,0x00000000ecd80000)
 ParOldGen       total 44032K, used 3361K [0x00000000c0000000, 0x00000000c2b00000, 0x00000000eab00000)
  object space 44032K, 7% used [0x00000000c0000000,0x00000000c0348598,0x00000000c2b00000)
 Metaspace       used 6193K, capacity 7088K, committed 7296K, reserved 1056768K
  class space    used 599K, capacity 616K, committed 640K, reserved 1048576K

Card table byte_map: [0x00000000115b0000,0x00000000117c0000] byte_map_base: 0x0000000010fb0000

Marking Bits: (ParMarkBitMap*) 0x000000006cbaa5b0
 Begin Bits: [0x0000000011d20000, 0x0000000012d20000)
 End Bits:   [0x0000000012d20000, 0x0000000013d20000)

Polling page: 0x0000000000710000

CodeCache: size=245760Kb used=6362Kb max_used=6362Kb free=239397Kb
 bounds [0x00000000021f0000, 0x0000000002830000, 0x00000000111f0000]
 total_blobs=1799 nmethods=1531 adapters=181
 compilation: enabled

Compilation events (10 events):
Event: 4.866 Thread 0x0000000016138800 1537       3       java.util.concurrent.locks.LockSupport::setBlocker (12 bytes)
Event: 4.867 Thread 0x0000000016138800 nmethod 1537 0x0000000002826e10 code [0x0000000002826f60, 0x00000000028270b0]
Event: 4.867 Thread 0x0000000016138800 1539       3       java.util.concurrent.locks.ReentrantLock$FairSync::tryAcquire (74 bytes)
Event: 4.868 Thread 0x0000000016138800 nmethod 1539 0x00000000028274d0 code [0x0000000002827680, 0x0000000002827eb8]
Event: 4.878 Thread 0x0000000016138800 1540       3       com.android.dx.cf.code.Ropper::getMinimumUnreservedLabel (19 bytes)
Event: 4.878 Thread 0x0000000016138800 nmethod 1540 0x0000000002828050 code [0x00000000028281c0, 0x0000000002828590]
Event: 4.878 Thread 0x0000000016138800 1541       3       com.android.dx.cf.code.Ropper::removeBlockAndSpecialSuccessors (127 bytes)
Event: 4.880 Thread 0x0000000016138800 nmethod 1541 0x0000000002828710 code [0x00000000028289c0, 0x0000000002829c78]
Event: 4.886 Thread 0x0000000016138800 1542       3       java.util.concurrent.locks.AbstractQueuedSynchronizer::acquire (27 bytes)
Event: 4.887 Thread 0x0000000016138800 nmethod 1542 0x000000000282a890 code [0x000000000282aa40, 0x000000000282aef8]

GC Heap History (4 events):
Event: 2.465 GC heap before
{Heap before GC invocations=1 (full 0):
 PSYoungGen      total 18944K, used 16384K [0x00000000eab00000, 0x00000000ec000000, 0x0000000100000000)
  eden space 16384K, 100% used [0x00000000eab00000,0x00000000ebb00000,0x00000000ebb00000)
  from space 2560K, 0% used [0x00000000ebd80000,0x00000000ebd80000,0x00000000ec000000)
  to   space 2560K, 0% used [0x00000000ebb00000,0x00000000ebb00000,0x00000000ebd80000)
 ParOldGen       total 44032K, used 0K [0x00000000c0000000, 0x00000000c2b00000, 0x00000000eab00000)
  object space 44032K, 0% used [0x00000000c0000000,0x00000000c0000000,0x00000000c2b00000)
 Metaspace       used 5728K, capacity 6704K, committed 6784K, reserved 1056768K
  class space    used 596K, capacity 616K, committed 640K, reserved 1048576K
Event: 2.489 GC heap after
Heap after GC invocations=1 (full 0):
 PSYoungGen      total 18944K, used 2538K [0x00000000eab00000, 0x00000000ed000000, 0x0000000100000000)
  eden space 16384K, 0% used [0x00000000eab00000,0x00000000eab00000,0x00000000ebb00000)
  from space 2560K, 99% used [0x00000000ebb00000,0x00000000ebd7aac8,0x00000000ebd80000)
  to   space 2560K, 0% used [0x00000000ecd80000,0x00000000ecd80000,0x00000000ed000000)
 ParOldGen       total 44032K, used 1372K [0x00000000c0000000, 0x00000000c2b00000, 0x00000000eab00000)
  object space 44032K, 3% used [0x00000000c0000000,0x00000000c01570a8,0x00000000c2b00000)
 Metaspace       used 5728K, capacity 6704K, committed 6784K, reserved 1056768K
  class space    used 596K, capacity 616K, committed 640K, reserved 1048576K
}
Event: 3.482 GC heap before
{Heap before GC invocations=2 (full 0):
 PSYoungGen      total 18944K, used 18922K [0x00000000eab00000, 0x00000000ed000000, 0x0000000100000000)
  eden space 16384K, 100% used [0x00000000eab00000,0x00000000ebb00000,0x00000000ebb00000)
  from space 2560K, 99% used [0x00000000ebb00000,0x00000000ebd7aac8,0x00000000ebd80000)
  to   space 2560K, 0% used [0x00000000ecd80000,0x00000000ecd80000,0x00000000ed000000)
 ParOldGen       total 44032K, used 1372K [0x00000000c0000000, 0x00000000c2b00000, 0x00000000eab00000)
  object space 44032K, 3% used [0x00000000c0000000,0x00000000c01570a8,0x00000000c2b00000)
 Metaspace       used 6008K, capacity 6896K, committed 7040K, reserved 1056768K
  class space    used 598K, capacity 616K, committed 640K, reserved 1048576K
Event: 3.683 GC heap after
Heap after GC invocations=2 (full 0):
 PSYoungGen      total 35328K, used 2554K [0x00000000eab00000, 0x00000000ed000000, 0x0000000100000000)
  eden space 32768K, 0% used [0x00000000eab00000,0x00000000eab00000,0x00000000ecb00000)
  from space 2560K, 99% used [0x00000000ecd80000,0x00000000ecffeaa8,0x00000000ed000000)
  to   space 2560K, 0% used [0x00000000ecb00000,0x00000000ecb00000,0x00000000ecd80000)
 ParOldGen       total 44032K, used 3361K [0x00000000c0000000, 0x00000000c2b00000, 0x00000000eab00000)
  object space 44032K, 7% used [0x00000000c0000000,0x00000000c0348598,0x00000000c2b00000)
 Metaspace       used 6008K, capacity 6896K, committed 7040K, reserved 1056768K
  class space    used 598K, capacity 616K, committed 640K, reserved 1048576K
}

Deoptimization events (10 events):
Event: 4.358 Thread 0x0000000016408800 Uncommon trap: reason=bimorphic action=maybe_recompile pc=0x0000000002776724 method=com.android.dx.cf.code.BytecodeArray.parseInstruction(ILcom/android/dx/cf/code/BytecodeArray$Visitor;)I @ 2484
Event: 4.358 Thread 0x0000000016408800 Uncommon trap: reason=bimorphic action=maybe_recompile pc=0x0000000002776724 method=com.android.dx.cf.code.BytecodeArray.parseInstruction(ILcom/android/dx/cf/code/BytecodeArray$Visitor;)I @ 2484
Event: 4.359 Thread 0x0000000016408800 Uncommon trap: reason=unstable_if action=reinterpret pc=0x00000000025c78fc method=com.android.dx.util.IntList.binarysearch(I)I @ 105
Event: 4.412 Thread 0x0000000016409800 Uncommon trap: reason=bimorphic action=maybe_recompile pc=0x0000000002776438 method=com.android.dx.cf.code.BytecodeArray.parseInstruction(ILcom/android/dx/cf/code/BytecodeArray$Visitor;)I @ 2281
Event: 4.412 Thread 0x0000000016409800 Uncommon trap: reason=bimorphic action=maybe_recompile pc=0x0000000002776438 method=com.android.dx.cf.code.BytecodeArray.parseInstruction(ILcom/android/dx/cf/code/BytecodeArray$Visitor;)I @ 2281
Event: 4.432 Thread 0x0000000016409800 Uncommon trap: reason=class_check action=maybe_recompile pc=0x0000000002770a98 method=com.android.dx.ssa.SCCP.simulateBranch(Lcom/android/dx/ssa/SsaInsn;)V @ 145
Event: 4.432 Thread 0x0000000016409800 Uncommon trap: reason=class_check action=maybe_recompile pc=0x0000000002770a98 method=com.android.dx.ssa.SCCP.simulateBranch(Lcom/android/dx/ssa/SsaInsn;)V @ 145
Event: 4.432 Thread 0x0000000016409800 Uncommon trap: reason=class_check action=maybe_recompile pc=0x0000000002770a98 method=com.android.dx.ssa.SCCP.simulateBranch(Lcom/android/dx/ssa/SsaInsn;)V @ 145
Event: 4.432 Thread 0x0000000016409800 Uncommon trap: reason=class_check action=maybe_recompile pc=0x0000000002770a98 method=com.android.dx.ssa.SCCP.simulateBranch(Lcom/android/dx/ssa/SsaInsn;)V @ 145
Event: 4.728 Thread 0x00000000020f0800 Uncommon trap: reason=unloaded action=reinterpret pc=0x00000000026d8d00 method=com.android.dx.cf.cst.ConstantPoolParser.parse0(ILjava/util/BitSet;)Lcom/android/dx/rop/cst/Constant; @ 176

Internal exceptions (2 events):
Event: 0.412 Thread 0x00000000020f0800 Exception <a 'java/lang/NoSuchMethodError': Method sun.misc.Unsafe.defineClass(Ljava/lang/String;[BII)Ljava/lang/Class; name or signature does not match> (0x00000000eab0d7b0) thrown at [C:\re\workspace\8-2-build-windows-amd64-cygwin\jdk8u66\5298\hotspot\srðÔC>CfÚ?
Event: 0.412 Thread 0x00000000020f0800 Exception <a 'java/lang/NoSuchMethodError': Method sun.misc.Unsafe.prefetchRead(Ljava/lang/Object;J)V name or signature does not match> (0x00000000eab0da98) thrown at [C:\re\workspace\8-2-build-windows-amd64-cygwin\jdk8u66\5298\hotspot\src\share\vm\prims\j

Events (10 events):
Event: 4.432 Thread 0x0000000016409800 Uncommon trap: trap_request=0xffffffde fr.pc=0x0000000002770a98
Event: 4.432 Thread 0x0000000016409800 DEOPT PACKING pc=0x0000000002770a98 sp=0x0000000016c2e830
Event: 4.432 Thread 0x0000000016409800 DEOPT UNPACKING pc=0x000000000223582a sp=0x0000000016c2e7f8 mode 2
Event: 4.432 Thread 0x0000000016409800 Uncommon trap: trap_request=0xffffffde fr.pc=0x0000000002770a98
Event: 4.432 Thread 0x0000000016409800 DEOPT PACKING pc=0x0000000002770a98 sp=0x0000000016c2e790
Event: 4.433 Thread 0x0000000016409800 DEOPT UNPACKING pc=0x000000000223582a sp=0x0000000016c2e758 mode 2
Event: 4.728 Thread 0x00000000020f0800 Uncommon trap: trap_request=0x000000cd fr.pc=0x00000000026d8d00
Event: 4.728 Thread 0x00000000020f0800 DEOPT PACKING pc=0x00000000026d8d00 sp=0x00000000020eeb00
Event: 4.728 Thread 0x00000000020f0800 DEOPT UNPACKING pc=0x000000000223582a sp=0x00000000020eead0 mode 2
Event: 4.925 Executing VM operation: EnableBiasedLocking


Dynamic libraries:
0x00007ff719e50000 - 0x00007ff719e87000 	C:\Program Files\Java\jdk1.8.0_66\bin\java.exe
0x00007ffe06600000 - 0x00007ffe067c1000 	C:\Windows\SYSTEM32\ntdll.dll
0x00007ffe03c00000 - 0x00007ffe03cad000 	C:\Windows\system32\KERNEL32.DLL
0x00007ffe03670000 - 0x00007ffe03858000 	C:\Windows\system32\KERNELBASE.dll
0x00007ffe06110000 - 0x00007ffe061b7000 	C:\Windows\system32\ADVAPI32.dll
0x00007ffe06560000 - 0x00007ffe065fd000 	C:\Windows\system32\msvcrt.dll
0x00007ffe05d50000 - 0x00007ffe05dab000 	C:\Windows\system32\sechost.dll
0x00007ffe03ae0000 - 0x00007ffe03bfc000 	C:\Windows\system32\RPCRT4.dll
0x00007ffe05210000 - 0x00007ffe05366000 	C:\Windows\system32\USER32.dll
0x00007ffe059d0000 - 0x00007ffe05b56000 	C:\Windows\system32\GDI32.dll
0x00007ffdf6780000 - 0x00007ffdf69f4000 	C:\Windows\WinSxS\amd64_microsoft.windows.common-controls_6595b64144ccf1df_6.0.10586.0_none_8c15ae12515e1c22\COMCTL32.dll
0x00007ffe05db0000 - 0x00007ffe0602d000 	C:\Windows\system32\combase.dll
0x00007ffe035e0000 - 0x00007ffe0364a000 	C:\Windows\system32\bcryptPrimitives.dll
0x00007ffe05b60000 - 0x00007ffe05b9b000 	C:\Windows\system32\IMM32.DLL
0x000000006bd70000 - 0x000000006be42000 	C:\Program Files\Java\jdk1.8.0_66\jre\bin\msvcr100.dll
0x000000006c3a0000 - 0x000000006cc29000 	C:\Program Files\Java\jdk1.8.0_66\jre\bin\server\jvm.dll
0x00007ffe060a0000 - 0x00007ffe060a8000 	C:\Windows\system32\PSAPI.DLL
0x00007ffdff5f0000 - 0x00007ffdff5f9000 	C:\Windows\SYSTEM32\WSOCK32.dll
0x00007ffe06030000 - 0x00007ffe0609b000 	C:\Windows\system32\WS2_32.dll
0x00007ffe00e50000 - 0x00007ffe00e73000 	C:\Windows\SYSTEM32\WINMM.dll
0x00007ffdf5e50000 - 0x00007ffdf5e5a000 	C:\Windows\SYSTEM32\VERSION.dll
0x00007ffe00df0000 - 0x00007ffe00e1c000 	C:\Windows\SYSTEM32\WINMMBASE.dll
0x00007ffe039b0000 - 0x00007ffe039f3000 	C:\Windows\system32\cfgmgr32.dll
0x000000006c390000 - 0x000000006c39f000 	C:\Program Files\Java\jdk1.8.0_66\jre\bin\verify.dll
0x000000006c360000 - 0x000000006c389000 	C:\Program Files\Java\jdk1.8.0_66\jre\bin\java.dll
0x000000006c340000 - 0x000000006c356000 	C:\Program Files\Java\jdk1.8.0_66\jre\bin\zip.dll
0x00007ffe03cb0000 - 0x00007ffe0520c000 	C:\Windows\system32\SHELL32.dll
0x00007ffe02f90000 - 0x00007ffe035d4000 	C:\Windows\system32\windows.storage.dll
0x00007ffe06290000 - 0x00007ffe062e2000 	C:\Windows\system32\shlwapi.dll
0x00007ffe02c50000 - 0x00007ffe02c5f000 	C:\Windows\system32\kernel.appcore.dll
0x00007ffe038f0000 - 0x00007ffe039a5000 	C:\Windows\system32\shcore.dll
0x00007ffe02c60000 - 0x00007ffe02cab000 	C:\Windows\system32\powrprof.dll
0x00007ffe02c30000 - 0x00007ffe02c44000 	C:\Windows\system32\profapi.dll

VM Arguments:
jvm_args: -Djava.awt.headless=true -Xmx1024M -Dfile.encoding=windows-1252 -Duser.country=IT -Duser.language=it -Duser.variant 
java_command: com.android.dx.command.Main --dex --num-threads=4 --output C:\Users\Davide\AndroidStudioProjects\MioMeteo\app\build\intermediates\pre-dexed\debug\com.google.android.gms-play-services-base-9.0.0_da2ee48aa94a4bf0501d10ddc5b207eede6dc162.jar C:\Users\Davide\AndroidStudioProjects\MioMeteo\app\build\intermediates\exploded-aar\com.google.android.gms\play-services-base\9.0.0\jars\classes.jar
java_class_path (initial): C:\Users\Davide\AppData\Local\Android\sdk\build-tools\23.0.3\lib\dx.jar
Launcher Type: SUN_STANDARD

Environment Variables:
PATH=C:\ProgramData\Oracle\Java\javapath;C:\Program Files (x86)\Intel\iCLS Client\;C:\Program Files\Intel\iCLS Client\;C:\Windows\system32;C:\Windows;C:\Windows\System32\Wbem;C:\Windows\System32\WindowsPowerShell\v1.0\;c:\Program Files\Intel\WiFi\bin\;c:\Program Files\Common Files\Intel\WirelessCommon\;C:\Program Files\Intel\Intel(R) Management Engine Components\DAL;C:\Program Files (x86)\Intel\Intel(R) Management Engine Components\DAL;C:\Program Files\Intel\Intel(R) Management Engine Components\IPT;C:\Program Files (x86)\Intel\Intel(R) Management Engine Components\IPT;C:\Program Files\Hewlett-Packard\SimplePass\;C:\Program Files\Java\jdk1.8.0_66\bin;C:\Program Files\TortoiseSVN\bin;C:\Program Files (x86)\MySQL\MySQL Fabric 1.5 & MySQL Utilities 1.5\;C:\Program Files (x86)\MySQL\MySQL Fabric 1.5 & MySQL Utilities 1.5\Doctrine extensions for PHP\;C:\Program Files (x86)\Skype\Phone\
USERNAME=Davide
OS=Windows_NT
PROCESSOR_IDENTIFIER=Intel64 Family 6 Model 61 Stepping 4, GenuineIntel



---------------  S Y S T E M  ---------------

OS: Windows 10.0 , 64 bit Build 10586 (10.0.10586.0)

CPU:total 4 (2 cores per cpu, 2 threads per core) family 6 model 61 stepping 4, cmov, cx8, fxsr, mmx, sse, sse2, sse3, ssse3, sse4.1, sse4.2, popcnt, avx, avx2, aes, clmul, erms, 3dnowpref, lzcnt, ht, tsc, tscinvbit, bmi1, bmi2, adx

Memory: 4k page, physical 4109328k(193560k free), swap 5157904k(6188k free)

vm_info: Java HotSpot(TM) 64-Bit Server VM (25.66-b18) for windows-amd64 JRE (1.8.0_66-b18), built on Nov  9 2015 10:51:13 by "java_re" with MS VC++ 10.0 (VS2010)

time: Sun May 22 21:30:46 2016
elapsed time: 4 seconds (0d 0h 0m 4s)

