#
# There is insufficient memory for the Java Runtime Environment to continue.
# Native memory allocation (malloc) failed to allocate 1532960 bytes for Chunk::new
# Possible reasons:
#   The system is out of physical RAM or swap space
#   In 32 bit mode, the process size limit was hit
# Possible solutions:
#   Reduce memory load on the system
#   Increase physical memory or swap space
#   Check if swap backing store is full
#   Use 64 bit Java on a 64 bit OS
#   Decrease Java heap size (-Xmx/-Xms)
#   Decrease number of Java threads
#   Decrease Java thread stack sizes (-Xss)
#   Set larger code cache with -XX:ReservedCodeCacheSize=
# This output file may be truncated or incomplete.
#
#  Out of Memory Error (allocation.cpp:390), pid=8040, tid=5608
#
# JRE version: Java(TM) SE Runtime Environment (8.0_66-b18) (build 1.8.0_66-b18)
# Java VM: Java HotSpot(TM) 64-Bit Server VM (25.66-b18 mixed mode windows-amd64 compressed oops)
# Failed to write core dump. Minidumps are not enabled by default on client versions of Windows
#

---------------  T H R E A D  ---------------

Current thread (0x00000000148a0000):  JavaThread "C2 CompilerThread1" daemon [_thread_in_native, id=5608, stack(0x0000000016000000,0x0000000016100000)]

Stack: [0x0000000016000000,0x0000000016100000]
[error occurred during error reporting (printing stack bounds), id 0xc0000005]

Native frames: (J=compiled Java code, j=interpreted, Vv=VM code, C=native code)


Current CompileTask:
C2:   8320 1911       4       com.android.dx.cf.code.Simulator$SimVisitor::visitConstant (332 bytes)


---------------  P R O C E S S  ---------------

Java Threads: ( => current thread )
  0x000000001610d800 JavaThread "Service Thread" daemon [_thread_blocked, id=508, stack(0x0000000016600000,0x0000000016700000)]
  0x00000000148fc000 JavaThread "C1 CompilerThread2" daemon [_thread_blocked, id=76, stack(0x0000000016500000,0x0000000016600000)]
=>0x00000000148a0000 JavaThread "C2 CompilerThread1" daemon [_thread_in_native, id=5608, stack(0x0000000016000000,0x0000000016100000)]
  0x000000001489d000 JavaThread "C2 CompilerThread0" daemon [_thread_in_native, id=5352, stack(0x0000000015f00000,0x0000000016000000)]
  0x000000001489b000 JavaThread "Attach Listener" daemon [_thread_blocked, id=1016, stack(0x0000000015e00000,0x0000000015f00000)]
  0x0000000014899800 JavaThread "Signal Dispatcher" daemon [_thread_blocked, id=6168, stack(0x0000000015d00000,0x0000000015e00000)]
  0x0000000002160800 JavaThread "Finalizer" daemon [_thread_blocked, id=8104, stack(0x0000000015b00000,0x0000000015c00000)]
  0x000000000215d000 JavaThread "Reference Handler" daemon [_thread_blocked, id=220, stack(0x0000000015a00000,0x0000000015b00000)]
  0x0000000002070800 JavaThread "main" [_thread_in_vm, id=6944, stack(0x0000000001f40000,0x0000000002040000)]

Other Threads:
  0x0000000014868000 VMThread [stack: 0x0000000015900000,0x0000000015a00000] [id=4304]
  0x0000000016113000 WatcherThread [stack: 0x0000000016700000,0x0000000016800000] [id=3784]

VM state:not at safepoint (normal execution)

VM Mutex/Monitor currently owned by a thread: None

Heap:
 PSYoungGen      total 68096K, used 22527K [0x00000000eab00000, 0x00000000f4500000, 0x0000000100000000)
  eden space 65536K, 30% used [0x00000000eab00000,0x00000000ebe83ca0,0x00000000eeb00000)
  from space 2560K, 99% used [0x00000000eeb00000,0x00000000eed7c010,0x00000000eed80000)
  to   space 13312K, 0% used [0x00000000f3800000,0x00000000f3800000,0x00000000f4500000)
 ParOldGen       total 44032K, used 24216K [0x00000000c0000000, 0x00000000c2b00000, 0x00000000eab00000)
  object space 44032K, 54% used [0x00000000c0000000,0x00000000c17a6210,0x00000000c2b00000)
 Metaspace       used 6430K, capacity 7222K, committed 7296K, reserved 1056768K
  class space    used 604K, capacity 622K, committed 640K, reserved 1048576K

Card table byte_map: [0x0000000011590000,0x00000000117a0000] byte_map_base: 0x0000000010f90000

Marking Bits: (ParMarkBitMap*) 0x000000006fc1a5b0
 Begin Bits: [0x0000000011d00000, 0x0000000012d00000)
 End Bits:   [0x0000000012d00000, 0x0000000013d00000)

Polling page: 0x0000000002040000

CodeCache: size=245760Kb used=8029Kb max_used=8029Kb free=237730Kb
 bounds [0x00000000021d0000, 0x00000000029b0000, 0x00000000111d0000]
 total_blobs=2235 nmethods=1966 adapters=181
 compilation: enabled

Compilation events (10 events):
Event: 8.224 Thread 0x00000000148fc000 2017       2       com.android.dx.dex.file.AnnotationsDirectoryItem::addContents (160 bytes)
Event: 8.225 Thread 0x00000000148fc000 nmethod 2017 0x00000000029a8dd0 code [0x00000000029a9000, 0x00000000029a9868]
Event: 8.286 Thread 0x00000000148fc000 2018       2       com.android.dx.rop.annotation.Annotation::compareTo (147 bytes)
Event: 8.287 Thread 0x00000000148fc000 nmethod 2018 0x00000000029aa050 code [0x00000000029aa2a0, 0x00000000029aaa08]
Event: 8.288 Thread 0x00000000148fc000 2019       2       com.android.dx.dex.file.AnnotationSetItem::compareTo0 (17 bytes)
Event: 8.288 Thread 0x00000000148fc000 nmethod 2019 0x00000000029ab290 code [0x00000000029ab400, 0x00000000029ab5a8]
Event: 8.310 Thread 0x00000000148fc000 2020       2       com.android.dx.rop.cst.CstMemberRef::hashCode (19 bytes)
Event: 8.310 Thread 0x00000000148fc000 nmethod 2020 0x00000000029ab6d0 code [0x00000000029ab860, 0x00000000029aba88]
Event: 8.310 Thread 0x00000000148fc000 2021       2       com.android.dx.rop.cst.CstNat::hashCode (19 bytes)
Event: 8.311 Thread 0x00000000148fc000 nmethod 2021 0x00000000029abd50 code [0x00000000029abec0, 0x00000000029ac098]

GC Heap History (10 events):
Event: 1.048 GC heap before
{Heap before GC invocations=1 (full 0):
 PSYoungGen      total 18944K, used 16384K [0x00000000eab00000, 0x00000000ec000000, 0x0000000100000000)
  eden space 16384K, 100% used [0x00000000eab00000,0x00000000ebb00000,0x00000000ebb00000)
  from space 2560K, 0% used [0x00000000ebd80000,0x00000000ebd80000,0x00000000ec000000)
  to   space 2560K, 0% used [0x00000000ebb00000,0x00000000ebb00000,0x00000000ebd80000)
 ParOldGen       total 44032K, used 0K [0x00000000c0000000, 0x00000000c2b00000, 0x00000000eab00000)
  object space 44032K, 0% used [0x00000000c0000000,0x00000000c0000000,0x00000000c2b00000)
 Metaspace       used 5660K, capacity 6640K, committed 6784K, reserved 1056768K
  class space    used 589K, capacity 616K, committed 640K, reserved 1048576K
Event: 1.064 GC heap after
Heap after GC invocations=1 (full 0):
 PSYoungGen      total 18944K, used 2551K [0x00000000eab00000, 0x00000000ed000000, 0x0000000100000000)
  eden space 16384K, 0% used [0x00000000eab00000,0x00000000eab00000,0x00000000ebb00000)
  from space 2560K, 99% used [0x00000000ebb00000,0x00000000ebd7dc78,0x00000000ebd80000)
  to   space 2560K, 0% used [0x00000000ecd80000,0x00000000ecd80000,0x00000000ed000000)
 ParOldGen       total 44032K, used 1482K [0x00000000c0000000, 0x00000000c2b00000, 0x00000000eab00000)
  object space 44032K, 3% used [0x00000000c0000000,0x00000000c0172ab8,0x00000000c2b00000)
 Metaspace       used 5660K, capacity 6640K, committed 6784K, reserved 1056768K
  class space    used 589K, capacity 616K, committed 640K, reserved 1048576K
}
Event: 1.790 GC heap before
{Heap before GC invocations=2 (full 0):
 PSYoungGen      total 18944K, used 18935K [0x00000000eab00000, 0x00000000ed000000, 0x0000000100000000)
  eden space 16384K, 100% used [0x00000000eab00000,0x00000000ebb00000,0x00000000ebb00000)
  from space 2560K, 99% used [0x00000000ebb00000,0x00000000ebd7dc78,0x00000000ebd80000)
  to   space 2560K, 0% used [0x00000000ecd80000,0x00000000ecd80000,0x00000000ed000000)
 ParOldGen       total 44032K, used 1482K [0x00000000c0000000, 0x00000000c2b00000, 0x00000000eab00000)
  object space 44032K, 3% used [0x00000000c0000000,0x00000000c0172ab8,0x00000000c2b00000)
 Metaspace       used 5881K, capacity 6832K, committed 7040K, reserved 1056768K
  class space    used 592K, capacity 616K, committed 640K, reserved 1048576K
Event: 1.841 GC heap after
Heap after GC invocations=2 (full 0):
 PSYoungGen      total 35328K, used 2554K [0x00000000eab00000, 0x00000000ed000000, 0x0000000100000000)
  eden space 32768K, 0% used [0x00000000eab00000,0x00000000eab00000,0x00000000ecb00000)
  from space 2560K, 99% used [0x00000000ecd80000,0x00000000ecffeaa0,0x00000000ed000000)
  to   space 2560K, 0% used [0x00000000ecb00000,0x00000000ecb00000,0x00000000ecd80000)
 ParOldGen       total 44032K, used 3568K [0x00000000c0000000, 0x00000000c2b00000, 0x00000000eab00000)
  object space 44032K, 8% used [0x00000000c0000000,0x00000000c037c308,0x00000000c2b00000)
 Metaspace       used 5881K, capacity 6832K, committed 7040K, reserved 1056768K
  class space    used 592K, capacity 616K, committed 640K, reserved 1048576K
}
Event: 3.548 GC heap before
{Heap before GC invocations=3 (full 0):
 PSYoungGen      total 35328K, used 35322K [0x00000000eab00000, 0x00000000ed000000, 0x0000000100000000)
  eden space 32768K, 100% used [0x00000000eab00000,0x00000000ecb00000,0x00000000ecb00000)
  from space 2560K, 99% used [0x00000000ecd80000,0x00000000ecffeaa0,0x00000000ed000000)
  to   space 2560K, 0% used [0x00000000ecb00000,0x00000000ecb00000,0x00000000ecd80000)
 ParOldGen       total 44032K, used 3568K [0x00000000c0000000, 0x00000000c2b00000, 0x00000000eab00000)
  object space 44032K, 8% used [0x00000000c0000000,0x00000000c037c308,0x00000000c2b00000)
 Metaspace       used 6097K, capacity 7024K, committed 7296K, reserved 1056768K
  class space    used 596K, capacity 616K, committed 640K, reserved 1048576K
Event: 3.727 GC heap after
Heap after GC invocations=3 (full 0):
 PSYoungGen      total 35328K, used 2554K [0x00000000eab00000, 0x00000000ef000000, 0x0000000100000000)
  eden space 32768K, 0% used [0x00000000eab00000,0x00000000eab00000,0x00000000ecb00000)
  from space 2560K, 99% used [0x00000000ecb00000,0x00000000ecd7ea80,0x00000000ecd80000)
  to   space 2560K, 0% used [0x00000000eed80000,0x00000000eed80000,0x00000000ef000000)
 ParOldGen       total 44032K, used 8560K [0x00000000c0000000, 0x00000000c2b00000, 0x00000000eab00000)
  object space 44032K, 19% used [0x00000000c0000000,0x00000000c085c278,0x00000000c2b00000)
 Metaspace       used 6097K, capacity 7024K, committed 7296K, reserved 1056768K
  class space    used 596K, capacity 616K, committed 640K, reserved 1048576K
}
Event: 4.333 GC heap before
{Heap before GC invocations=4 (full 0):
 PSYoungGen      total 35328K, used 35322K [0x00000000eab00000, 0x00000000ef000000, 0x0000000100000000)
  eden space 32768K, 100% used [0x00000000eab00000,0x00000000ecb00000,0x00000000ecb00000)
  from space 2560K, 99% used [0x00000000ecb00000,0x00000000ecd7ea80,0x00000000ecd80000)
  to   space 2560K, 0% used [0x00000000eed80000,0x00000000eed80000,0x00000000ef000000)
 ParOldGen       total 44032K, used 8560K [0x00000000c0000000, 0x00000000c2b00000, 0x00000000eab00000)
  object space 44032K, 19% used [0x00000000c0000000,0x00000000c085c278,0x00000000c2b00000)
 Metaspace       used 6210K, capacity 7088K, committed 7296K, reserved 1056768K
  class space    used 596K, capacity 616K, committed 640K, reserved 1048576K
Event: 4.449 GC heap after
Heap after GC invocations=4 (full 0):
 PSYoungGen      total 68096K, used 2560K [0x00000000eab00000, 0x00000000ef000000, 0x0000000100000000)
  eden space 65536K, 0% used [0x00000000eab00000,0x00000000eab00000,0x00000000eeb00000)
  from space 2560K, 100% used [0x00000000eed80000,0x00000000ef000000,0x00000000ef000000)
  to   space 2560K, 0% used [0x00000000eeb00000,0x00000000eeb00000,0x00000000eed80000)
 ParOldGen       total 44032K, used 13594K [0x00000000c0000000, 0x00000000c2b00000, 0x00000000eab00000)
  object space 44032K, 30% used [0x00000000c0000000,0x00000000c0d46b78,0x00000000c2b00000)
 Metaspace       used 6210K, capacity 7088K, committed 7296K, reserved 1056768K
  class space    used 596K, capacity 616K, committed 640K, reserved 1048576K
}
Event: 7.415 GC heap before
{Heap before GC invocations=5 (full 0):
 PSYoungGen      total 68096K, used 68096K [0x00000000eab00000, 0x00000000ef000000, 0x0000000100000000)
  eden space 65536K, 100% used [0x00000000eab00000,0x00000000eeb00000,0x00000000eeb00000)
  from space 2560K, 100% used [0x00000000eed80000,0x00000000ef000000,0x00000000ef000000)
  to   space 2560K, 0% used [0x00000000eeb00000,0x00000000eeb00000,0x00000000eed80000)
 ParOldGen       total 44032K, used 13594K [0x00000000c0000000, 0x00000000c2b00000, 0x00000000eab00000)
  object space 44032K, 30% used [0x00000000c0000000,0x00000000c0d46b78,0x00000000c2b00000)
 Metaspace       used 6339K, capacity 7152K, committed 7296K, reserved 1056768K
  class space    used 597K, capacity 616K, committed 640K, reserved 1048576K
Event: 7.782 GC heap after
Heap after GC invocations=5 (full 0):
 PSYoungGen      total 68096K, used 2544K [0x00000000eab00000, 0x00000000f4500000, 0x0000000100000000)
  eden space 65536K, 0% used [0x00000000eab00000,0x00000000eab00000,0x00000000eeb00000)
  from space 2560K, 99% used [0x00000000eeb00000,0x00000000eed7c010,0x00000000eed80000)
  to   space 13312K, 0% used [0x00000000f3800000,0x00000000f3800000,0x00000000f4500000)
 ParOldGen       total 44032K, used 24216K [0x00000000c0000000, 0x00000000c2b00000, 0x00000000eab00000)
  object space 44032K, 54% used [0x00000000c0000000,0x00000000c17a6210,0x00000000c2b00000)
 Metaspace       used 6339K, capacity 7152K, committed 7296K, reserved 1056768K
  class space    used 597K, capacity 616K, committed 640K, reserved 1048576K
}

Deoptimization events (10 events):
Event: 5.349 Thread 0x00000000163b3000 Uncommon trap: reason=unstable_if action=reinterpret pc=0x00000000027a03cc method=com.android.dx.rop.code.RegisterSpecList.withFirst(Lcom/android/dx/rop/code/RegisterSpec;)Lcom/android/dx/rop/code/RegisterSpecList; @ 55
Event: 5.741 Thread 0x0000000002070800 Uncommon trap: reason=unloaded action=reinterpret pc=0x00000000028b08f4 method=com.android.dx.cf.cst.ConstantPoolParser.parse0(ILjava/util/BitSet;)Lcom/android/dx/rop/cst/Constant; @ 220
Event: 5.802 Thread 0x0000000016370000 Uncommon trap: reason=unstable_if action=reinterpret pc=0x000000000289e2a0 method=java.util.HashMap.putVal(ILjava/lang/Object;Ljava/lang/Object;ZZ)Ljava/lang/Object; @ 94
Event: 5.836 Thread 0x000000001636c000 Uncommon trap: reason=bimorphic action=maybe_recompile pc=0x000000000288481c method=com.android.dx.cf.code.RopperMachine.run(Lcom/android/dx/cf/code/Frame;II)V @ 988
Event: 5.836 Thread 0x000000001636c000 Uncommon trap: reason=bimorphic action=maybe_recompile pc=0x000000000288481c method=com.android.dx.cf.code.RopperMachine.run(Lcom/android/dx/cf/code/Frame;II)V @ 988
Event: 8.042 Thread 0x0000000002070800 Uncommon trap: reason=class_check action=maybe_recompile pc=0x00000000025e4ac8 method=java.util.Arrays.hashCode([Ljava/lang/Object;)I @ 43
Event: 8.042 Thread 0x0000000002070800 Uncommon trap: reason=class_check action=maybe_recompile pc=0x00000000025e4ac8 method=java.util.Arrays.hashCode([Ljava/lang/Object;)I @ 43
Event: 8.042 Thread 0x0000000002070800 Uncommon trap: reason=class_check action=maybe_recompile pc=0x00000000025e4ac8 method=java.util.Arrays.hashCode([Ljava/lang/Object;)I @ 43
Event: 8.042 Thread 0x0000000002070800 Uncommon trap: reason=class_check action=maybe_recompile pc=0x00000000025e4ac8 method=java.util.Arrays.hashCode([Ljava/lang/Object;)I @ 43
Event: 8.042 Thread 0x0000000002070800 Uncommon trap: reason=class_check action=maybe_recompile pc=0x00000000025e8bb4 method=java.util.Arrays.hashCode([Ljava/lang/Object;)I @ 43

Internal exceptions (3 events):
Event: 0.081 Thread 0x0000000002070800 Exception <a 'java/lang/NoSuchMethodError': Method sun.misc.Unsafe.defineClass(Ljava/lang/String;[BII)Ljava/lang/Class; name or signature does not match> (0x00000000eab0d848) thrown at [C:\re\workspace\8-2-build-windows-amd64-cygwin\jdk8u66\5298\hotspot\srð9 „¤Ú´?
Event: 0.081 Thread 0x0000000002070800 Exception <a 'java/lang/NoSuchMethodError': Method sun.misc.Unsafe.prefetchRead(Ljava/lang/Object;J)V name or signature does not match> (0x00000000eab0db30) thrown at [C:\re\workspace\8-2-build-windows-amd64-cygwin\jdk8u66\5298\hotspot\src\share\vm\prims\j{œK^ü?
Event: 1.773 Thread 0x00000000163b3000 Implicit null exception at 0x000000000252e7e2 to 0x000000000252e8da

Events (10 events):
Event: 8.042 Thread 0x0000000002070800 DEOPT UNPACKING pc=0x000000000221582a sp=0x000000000203eef0 mode 2
Event: 8.042 Thread 0x0000000002070800 Uncommon trap: trap_request=0xffffffde fr.pc=0x00000000025e4ac8
Event: 8.042 Thread 0x0000000002070800 DEOPT PACKING pc=0x00000000025e4ac8 sp=0x000000000203f000
Event: 8.042 Thread 0x0000000002070800 DEOPT UNPACKING pc=0x000000000221582a sp=0x000000000203ef30 mode 2
Event: 8.042 Thread 0x0000000002070800 Uncommon trap: trap_request=0xffffffde fr.pc=0x00000000025e4ac8
Event: 8.042 Thread 0x0000000002070800 DEOPT PACKING pc=0x00000000025e4ac8 sp=0x000000000203efc0
Event: 8.042 Thread 0x0000000002070800 DEOPT UNPACKING pc=0x000000000221582a sp=0x000000000203eef0 mode 2
Event: 8.042 Thread 0x0000000002070800 Uncommon trap: trap_request=0xffffffde fr.pc=0x00000000025e8bb4
Event: 8.042 Thread 0x0000000002070800 DEOPT PACKING pc=0x00000000025e8bb4 sp=0x000000000203efa0
Event: 8.042 Thread 0x0000000002070800 DEOPT UNPACKING pc=0x000000000221582a sp=0x000000000203ef28 mode 2


Dynamic libraries:
0x00007ff7e1010000 - 0x00007ff7e1047000 	C:\Program Files\Java\jdk1.8.0_66\bin\java.exe
0x00007ffbf7d80000 - 0x00007ffbf7f41000 	C:\Windows\SYSTEM32\ntdll.dll
0x00007ffbf51e0000 - 0x00007ffbf528d000 	C:\Windows\system32\KERNEL32.DLL
0x00007ffbf44c0000 - 0x00007ffbf46a8000 	C:\Windows\system32\KERNELBASE.dll
0x00007ffbf7760000 - 0x00007ffbf7807000 	C:\Windows\system32\ADVAPI32.dll
0x00007ffbf5300000 - 0x00007ffbf539d000 	C:\Windows\system32\msvcrt.dll
0x00007ffbf53b0000 - 0x00007ffbf540b000 	C:\Windows\system32\sechost.dll
0x00007ffbf7c60000 - 0x00007ffbf7d7c000 	C:\Windows\system32\RPCRT4.dll
0x00007ffbf7810000 - 0x00007ffbf7966000 	C:\Windows\system32\USER32.dll
0x00007ffbf5410000 - 0x00007ffbf5596000 	C:\Windows\system32\GDI32.dll
0x00007ffbe7e40000 - 0x00007ffbe80b4000 	C:\Windows\WinSxS\amd64_microsoft.windows.common-controls_6595b64144ccf1df_6.0.10586.0_none_8c15ae12515e1c22\COMCTL32.dll
0x00007ffbf79e0000 - 0x00007ffbf7c5d000 	C:\Windows\system32\combase.dll
0x00007ffbf46b0000 - 0x00007ffbf471a000 	C:\Windows\system32\bcryptPrimitives.dll
0x00007ffbf72f0000 - 0x00007ffbf732b000 	C:\Windows\system32\IMM32.DLL
0x000000006ede0000 - 0x000000006eeb2000 	C:\Program Files\Java\jdk1.8.0_66\jre\bin\msvcr100.dll
0x000000006f410000 - 0x000000006fc99000 	C:\Program Files\Java\jdk1.8.0_66\jre\bin\server\jvm.dll
0x00007ffbf6ee0000 - 0x00007ffbf6ee8000 	C:\Windows\system32\PSAPI.DLL
0x00007ffbf0fb0000 - 0x00007ffbf0fb9000 	C:\Windows\SYSTEM32\WSOCK32.dll
0x00007ffbf7280000 - 0x00007ffbf72eb000 	C:\Windows\system32\WS2_32.dll
0x00007ffbf2ad0000 - 0x00007ffbf2af3000 	C:\Windows\SYSTEM32\WINMM.dll
0x00007ffbe75f0000 - 0x00007ffbe75fa000 	C:\Windows\SYSTEM32\VERSION.dll
0x00007ffbf2a70000 - 0x00007ffbf2a9c000 	C:\Windows\SYSTEM32\WINMMBASE.dll
0x00007ffbf4f60000 - 0x00007ffbf4fa3000 	C:\Windows\system32\cfgmgr32.dll
0x000000006f400000 - 0x000000006f40f000 	C:\Program Files\Java\jdk1.8.0_66\jre\bin\verify.dll
0x000000006f3d0000 - 0x000000006f3f9000 	C:\Program Files\Java\jdk1.8.0_66\jre\bin\java.dll
0x000000006f3b0000 - 0x000000006f3c6000 	C:\Program Files\Java\jdk1.8.0_66\jre\bin\zip.dll
0x00007ffbf5980000 - 0x00007ffbf6edc000 	C:\Windows\system32\SHELL32.dll
0x00007ffbf47d0000 - 0x00007ffbf4e14000 	C:\Windows\system32\windows.storage.dll
0x00007ffbf7220000 - 0x00007ffbf7272000 	C:\Windows\system32\shlwapi.dll
0x00007ffbf4410000 - 0x00007ffbf441f000 	C:\Windows\system32\kernel.appcore.dll
0x00007ffbf4ea0000 - 0x00007ffbf4f55000 	C:\Windows\system32\shcore.dll
0x00007ffbf43c0000 - 0x00007ffbf440b000 	C:\Windows\system32\powrprof.dll
0x00007ffbf43a0000 - 0x00007ffbf43b4000 	C:\Windows\system32\profapi.dll

VM Arguments:
jvm_args: -Djava.awt.headless=true -Xmx1024M -Dfile.encoding=windows-1252 -Duser.country=IT -Duser.language=it -Duser.variant 
java_command: com.android.dx.command.Main --dex --num-threads=4 --output C:\Users\Davide\AndroidStudioProjects\MioMeteo\app\build\intermediates\pre-dexed\debug\com.google.android.gms-play-services-fitness-9.0.0_e971b419121a8125b91ef80d55e2e686cc098221.jar C:\Users\Davide\AndroidStudioProjects\MioMeteo\app\build\intermediates\exploded-aar\com.google.android.gms\play-services-fitness\9.0.0\jars\classes.jar
java_class_path (initial): C:\Users\Davide\AppData\Local\Android\sdk\build-tools\23.0.3\lib\dx.jar
Launcher Type: SUN_STANDARD

Environment Variables:
PATH=C:\ProgramData\Oracle\Java\javapath;C:\Program Files (x86)\Intel\iCLS Client\;C:\Program Files\Intel\iCLS Client\;C:\Windows\system32;C:\Windows;C:\Windows\System32\Wbem;C:\Windows\System32\WindowsPowerShell\v1.0\;c:\Program Files\Intel\WiFi\bin\;c:\Program Files\Common Files\Intel\WirelessCommon\;C:\Program Files\Intel\Intel(R) Management Engine Components\DAL;C:\Program Files (x86)\Intel\Intel(R) Management Engine Components\DAL;C:\Program Files\Intel\Intel(R) Management Engine Components\IPT;C:\Program Files (x86)\Intel\Intel(R) Management Engine Components\IPT;C:\Program Files\Hewlett-Packard\SimplePass\;C:\Program Files\Java\jdk1.8.0_66\bin;C:\Program Files\TortoiseSVN\bin;C:\Program Files (x86)\MySQL\MySQL Fabric 1.5 & MySQL Utilities 1.5\;C:\Program Files (x86)\MySQL\MySQL Fabric 1.5 & MySQL Utilities 1.5\Doctrine extensions for PHP\;C:\Program Files (x86)\Skype\Phone\
USERNAME=Davide
OS=Windows_NT
PROCESSOR_IDENTIFIER=Intel64 Family 6 Model 61 Stepping 4, GenuineIntel



---------------  S Y S T E M  ---------------

OS: Windows 10.0 , 64 bit Build 10586 (10.0.10586.0)

CPU:total 4 (2 cores per cpu, 2 threads per core) family 6 model 61 stepping 4, cmov, cx8, fxsr, mmx, sse, sse2, sse3, ssse3, sse4.1, sse4.2, popcnt, avx, avx2, aes, clmul, erms, 3dnowpref, lzcnt, ht, tsc, tscinvbit, bmi1, bmi2, adx

Memory: 4k page, physical 4109328k(282444k free), swap 5157904k(6108k free)

vm_info: Java HotSpot(TM) 64-Bit Server VM (25.66-b18) for windows-amd64 JRE (1.8.0_66-b18), built on Nov  9 2015 10:51:13 by "java_re" with MS VC++ 10.0 (VS2010)

time: Tue May 31 21:32:08 2016
elapsed time: 8 seconds (0d 0h 0m 8s)

