#
# There is insufficient memory for the Java Runtime Environment to continue.
# Native memory allocation (malloc) failed to allocate 711856 bytes for Chunk::new
# Possible reasons:
#   The system is out of physical RAM or swap space
#   In 32 bit mode, the process size limit was hit
# Possible solutions:
#   Reduce memory load on the system
#   Increase physical memory or swap space
#   Check if swap backing store is full
#   Use 64 bit Java on a 64 bit OS
#   Decrease Java heap size (-Xmx/-Xms)
#   Decrease number of Java threads
#   Decrease Java thread stack sizes (-Xss)
#   Set larger code cache with -XX:ReservedCodeCacheSize=
# This output file may be truncated or incomplete.
#
#  Out of Memory Error (allocation.cpp:390), pid=6688, tid=7512
#
# JRE version: Java(TM) SE Runtime Environment (8.0_66-b18) (build 1.8.0_66-b18)
# Java VM: Java HotSpot(TM) 64-Bit Server VM (25.66-b18 mixed mode windows-amd64 compressed oops)
# Failed to write core dump. Minidumps are not enabled by default on client versions of Windows
#

---------------  T H R E A D  ---------------

Current thread (0x00000000149cd000):  JavaThread "C2 CompilerThread0" daemon [_thread_in_native, id=7512, stack(0x0000000016040000,0x0000000016140000)]

Stack: [0x0000000016040000,0x0000000016140000]
[error occurred during error reporting (printing stack bounds), id 0xc0000005]

Native frames: (J=compiled Java code, j=interpreted, Vv=VM code, C=native code)


Current CompileTask:
C2:   2822 1340       4       com.android.dx.ssa.SCCP::simulateBranch (666 bytes)


---------------  P R O C E S S  ---------------

Java Threads: ( => current thread )
  0x0000000016615000 JavaThread "pool-1-thread-4" [_thread_in_Java, id=5844, stack(0x0000000016d40000,0x0000000016e40000)]
  0x0000000016614800 JavaThread "pool-1-thread-3" [_thread_in_Java, id=5412, stack(0x0000000016c40000,0x0000000016d40000)]
  0x0000000016613800 JavaThread "pool-1-thread-2" [_thread_in_Java, id=4848, stack(0x0000000016b40000,0x0000000016c40000)]
  0x00000000166bf000 JavaThread "pool-2-thread-1" [_thread_blocked, id=7896, stack(0x0000000016a40000,0x0000000016b40000)]
  0x00000000166b8000 JavaThread "pool-1-thread-1" [_thread_in_vm, id=6408, stack(0x0000000016940000,0x0000000016a40000)]
  0x000000001635d800 JavaThread "Service Thread" daemon [_thread_blocked, id=4864, stack(0x0000000016740000,0x0000000016840000)]
  0x00000000149d3000 JavaThread "C1 CompilerThread2" daemon [_thread_blocked, id=4172, stack(0x0000000016240000,0x0000000016340000)]
  0x00000000149d0000 JavaThread "C2 CompilerThread1" daemon [_thread_in_native, id=3304, stack(0x0000000016140000,0x0000000016240000)]
=>0x00000000149cd000 JavaThread "C2 CompilerThread0" daemon [_thread_in_native, id=7512, stack(0x0000000016040000,0x0000000016140000)]
  0x00000000149cb000 JavaThread "Attach Listener" daemon [_thread_blocked, id=8124, stack(0x0000000015f40000,0x0000000016040000)]
  0x00000000149c9800 JavaThread "Signal Dispatcher" daemon [_thread_blocked, id=3872, stack(0x0000000015e40000,0x0000000015f40000)]
  0x00000000022f6000 JavaThread "Finalizer" daemon [_thread_blocked, id=4160, stack(0x0000000015c40000,0x0000000015d40000)]
  0x00000000022ed000 JavaThread "Reference Handler" daemon [_thread_blocked, id=6428, stack(0x0000000015b40000,0x0000000015c40000)]
  0x0000000002200800 JavaThread "main" [_thread_in_Java, id=7624, stack(0x00000000020b0000,0x00000000021b0000)]

Other Threads:
  0x0000000014998000 VMThread [stack: 0x0000000015a40000,0x0000000015b40000] [id=8168]
  0x0000000016362800 WatcherThread [stack: 0x0000000016840000,0x0000000016940000] [id=7536]

VM state:not at safepoint (normal execution)

VM Mutex/Monitor currently owned by a thread: None

Heap:
 PSYoungGen      total 35328K, used 14788K [0x00000000eab00000, 0x00000000ed000000, 0x0000000100000000)
  eden space 32768K, 37% used [0x00000000eab00000,0x00000000eb6f2ae8,0x00000000ecb00000)
  from space 2560K, 99% used [0x00000000ecd80000,0x00000000ecffe798,0x00000000ed000000)
  to   space 2560K, 0% used [0x00000000ecb00000,0x00000000ecb00000,0x00000000ecd80000)
 ParOldGen       total 44032K, used 2224K [0x00000000c0000000, 0x00000000c2b00000, 0x00000000eab00000)
  object space 44032K, 5% used [0x00000000c0000000,0x00000000c022c0e0,0x00000000c2b00000)
 Metaspace       used 6074K, capacity 6960K, committed 7040K, reserved 1056768K
  class space    used 603K, capacity 616K, committed 640K, reserved 1048576K

Card table byte_map: [0x00000000116c0000,0x00000000118d0000] byte_map_base: 0x00000000110c0000

Marking Bits: (ParMarkBitMap*) 0x0000000057daa5b0
 Begin Bits: [0x0000000011e30000, 0x0000000012e30000)
 End Bits:   [0x0000000012e30000, 0x0000000013e30000)

Polling page: 0x0000000000510000

CodeCache: size=245760Kb used=5536Kb max_used=5551Kb free=240223Kb
 bounds [0x0000000002300000, 0x0000000002880000, 0x0000000011300000]
 total_blobs=1628 nmethods=1359 adapters=182
 compilation: enabled

Compilation events (10 events):
Event: 2.752 Thread 0x00000000149d3000 1361       3       com.android.dx.cf.direct.FieldListParser::set (30 bytes)
Event: 2.754 Thread 0x00000000149d3000 nmethod 1361 0x00000000028646d0 code [0x00000000028648c0, 0x0000000002865358]
Event: 2.754 Thread 0x00000000149d3000 1363       1       com.android.dx.dex.file.DexFile::getStringIds (5 bytes)
Event: 2.754 Thread 0x00000000149d3000 nmethod 1363 0x0000000002865bd0 code [0x0000000002865d20, 0x0000000002865e30]
Event: 2.754 Thread 0x00000000149d3000 1362       1       com.android.dx.cf.attrib.InnerClassList$Item::getInnerClass (5 bytes)
Event: 2.754 Thread 0x00000000149d3000 nmethod 1362 0x0000000002865e90 code [0x0000000002865fe0, 0x00000000028660f0]
Event: 2.754 Thread 0x00000000149d3000 1364       1       com.android.dx.rop.annotation.NameValuePair::getValue (5 bytes)
Event: 2.754 Thread 0x00000000149d3000 nmethod 1364 0x0000000002866150 code [0x00000000028662a0, 0x00000000028663b0]
Event: 2.788 Thread 0x00000000149cd000 nmethod 1243 0x000000000286a1d0 code [0x000000000286a6c0, 0x000000000286d5c0]
Event: 2.788 Thread 0x00000000149cd000 1340       4       com.android.dx.ssa.SCCP::simulateBranch (666 bytes)

GC Heap History (4 events):
Event: 0.767 GC heap before
{Heap before GC invocations=1 (full 0):
 PSYoungGen      total 18944K, used 16384K [0x00000000eab00000, 0x00000000ec000000, 0x0000000100000000)
  eden space 16384K, 100% used [0x00000000eab00000,0x00000000ebb00000,0x00000000ebb00000)
  from space 2560K, 0% used [0x00000000ebd80000,0x00000000ebd80000,0x00000000ec000000)
  to   space 2560K, 0% used [0x00000000ebb00000,0x00000000ebb00000,0x00000000ebd80000)
 ParOldGen       total 44032K, used 0K [0x00000000c0000000, 0x00000000c2b00000, 0x00000000eab00000)
  object space 44032K, 0% used [0x00000000c0000000,0x00000000c0000000,0x00000000c2b00000)
 Metaspace       used 3944K, capacity 5104K, committed 5376K, reserved 1056768K
  class space    used 442K, capacity 488K, committed 512K, reserved 1048576K
Event: 0.779 GC heap after
Heap after GC invocations=1 (full 0):
 PSYoungGen      total 18944K, used 1528K [0x00000000eab00000, 0x00000000ed000000, 0x0000000100000000)
  eden space 16384K, 0% used [0x00000000eab00000,0x00000000eab00000,0x00000000ebb00000)
  from space 2560K, 59% used [0x00000000ebb00000,0x00000000ebc7e0a0,0x00000000ebd80000)
  to   space 2560K, 0% used [0x00000000ecd80000,0x00000000ecd80000,0x00000000ed000000)
 ParOldGen       total 44032K, used 8K [0x00000000c0000000, 0x00000000c2b00000, 0x00000000eab00000)
  object space 44032K, 0% used [0x00000000c0000000,0x00000000c0002000,0x00000000c2b00000)
 Metaspace       used 3944K, capacity 5104K, committed 5376K, reserved 1056768K
  class space    used 442K, capacity 488K, committed 512K, reserved 1048576K
}
Event: 2.164 GC heap before
{Heap before GC invocations=2 (full 0):
 PSYoungGen      total 18944K, used 17912K [0x00000000eab00000, 0x00000000ed000000, 0x0000000100000000)
  eden space 16384K, 100% used [0x00000000eab00000,0x00000000ebb00000,0x00000000ebb00000)
  from space 2560K, 59% used [0x00000000ebb00000,0x00000000ebc7e0a0,0x00000000ebd80000)
  to   space 2560K, 0% used [0x00000000ecd80000,0x00000000ecd80000,0x00000000ed000000)
 ParOldGen       total 44032K, used 8K [0x00000000c0000000, 0x00000000c2b00000, 0x00000000eab00000)
  object space 44032K, 0% used [0x00000000c0000000,0x00000000c0002000,0x00000000c2b00000)
 Metaspace       used 5896K, capacity 6832K, committed 7040K, reserved 1056768K
  class space    used 601K, capacity 616K, committed 640K, reserved 1048576K
Event: 2.345 GC heap after
Heap after GC invocations=2 (full 0):
 PSYoungGen      total 35328K, used 2553K [0x00000000eab00000, 0x00000000ed000000, 0x0000000100000000)
  eden space 32768K, 0% used [0x00000000eab00000,0x00000000eab00000,0x00000000ecb00000)
  from space 2560K, 99% used [0x00000000ecd80000,0x00000000ecffe798,0x00000000ed000000)
  to   space 2560K, 0% used [0x00000000ecb00000,0x00000000ecb00000,0x00000000ecd80000)
 ParOldGen       total 44032K, used 2224K [0x00000000c0000000, 0x00000000c2b00000, 0x00000000eab00000)
  object space 44032K, 5% used [0x00000000c0000000,0x00000000c022c0e0,0x00000000c2b00000)
 Metaspace       used 5896K, capacity 6832K, committed 7040K, reserved 1056768K
  class space    used 601K, capacity 616K, committed 640K, reserved 1048576K
}

Deoptimization events (10 events):
Event: 1.457 Thread 0x0000000016615000 Uncommon trap: reason=unstable_if action=reinterpret pc=0x0000000002535454 method=java.util.HashMap.getNode(ILjava/lang/Object;)Ljava/util/HashMap$Node; @ 129
Event: 1.661 Thread 0x0000000002200800 Uncommon trap: reason=unstable_if action=reinterpret pc=0x0000000002529a70 method=java.util.BitSet.nextSetBit(I)I @ 87
Event: 2.615 Thread 0x0000000016613800 Uncommon trap: reason=unstable_if action=reinterpret pc=0x00000000026db3f8 method=com.android.dx.cf.code.Ropper.labelToResultIndex(I)I @ 34
Event: 2.615 Thread 0x0000000016613800 Uncommon trap: reason=class_check action=maybe_recompile pc=0x00000000025cd1e8 method=com.android.dx.rop.type.Type.equals(Ljava/lang/Object;)Z @ 8
Event: 2.615 Thread 0x0000000016613800 Uncommon trap: reason=class_check action=maybe_recompile pc=0x00000000025cd1e8 method=com.android.dx.rop.type.Type.equals(Ljava/lang/Object;)Z @ 8
Event: 2.615 Thread 0x0000000016613800 Uncommon trap: reason=class_check action=maybe_recompile pc=0x00000000025cd1e8 method=com.android.dx.rop.type.Type.equals(Ljava/lang/Object;)Z @ 8
Event: 2.627 Thread 0x0000000016613800 Uncommon trap: reason=class_check action=maybe_recompile pc=0x00000000025cd1e8 method=com.android.dx.rop.type.Type.equals(Ljava/lang/Object;)Z @ 8
Event: 2.637 Thread 0x0000000016613800 Uncommon trap: reason=class_check action=maybe_recompile pc=0x00000000025d143c method=com.android.dx.rop.type.Type.equals(Ljava/lang/Object;)Z @ 8
Event: 2.637 Thread 0x0000000016613800 Uncommon trap: reason=class_check action=maybe_recompile pc=0x0000000002611720 method=com.android.dx.rop.type.Type.equals(Ljava/lang/Object;)Z @ 8
Event: 2.740 Thread 0x0000000002200800 Uncommon trap: reason=unloaded action=reinterpret pc=0x0000000002801818 method=com.android.dx.cf.cst.ConstantPoolParser.parse0(ILjava/util/BitSet;)Lcom/android/dx/rop/cst/Constant; @ 198

Internal exceptions (2 events):
Event: 0.087 Thread 0x0000000002200800 Exception <a 'java/lang/NoSuchMethodError': Method sun.misc.Unsafe.defineClass(Ljava/lang/String;[BII)Ljava/lang/Class; name or signature does not match> (0x00000000eab0d810) thrown at [C:\re\workspace\8-2-build-windows-amd64-cygwin\jdk8u66\5298\hotspot\sr$кн=+Х?
Event: 0.087 Thread 0x0000000002200800 Exception <a 'java/lang/NoSuchMethodError': Method sun.misc.Unsafe.prefetchRead(Ljava/lang/Object;J)V name or signature does not match> (0x00000000eab0daf8) thrown at [C:\re\workspace\8-2-build-windows-amd64-cygwin\jdk8u66\5298\hotspot\src\share\vm\prims\j

Events (10 events):
Event: 2.627 Thread 0x0000000016613800 DEOPT UNPACKING pc=0x000000000234582a sp=0x0000000016c3e3e8 mode 2
Event: 2.637 Thread 0x0000000016613800 Uncommon trap: trap_request=0xffffffde fr.pc=0x00000000025d143c
Event: 2.637 Thread 0x0000000016613800 DEOPT PACKING pc=0x00000000025d143c sp=0x0000000016c3de40
Event: 2.637 Thread 0x0000000016613800 DEOPT UNPACKING pc=0x000000000234582a sp=0x0000000016c3dbc8 mode 2
Event: 2.637 Thread 0x0000000016613800 Uncommon trap: trap_request=0xffffffde fr.pc=0x0000000002611720
Event: 2.637 Thread 0x0000000016613800 DEOPT PACKING pc=0x0000000002611720 sp=0x0000000016c3dc20
Event: 2.637 Thread 0x0000000016613800 DEOPT UNPACKING pc=0x000000000234582a sp=0x0000000016c3da18 mode 2
Event: 2.740 Thread 0x0000000002200800 Uncommon trap: trap_request=0x000000d0 fr.pc=0x0000000002801818
Event: 2.740 Thread 0x0000000002200800 DEOPT PACKING pc=0x0000000002801818 sp=0x00000000021ae790
Event: 2.740 Thread 0x0000000002200800 DEOPT UNPACKING pc=0x000000000234582a sp=0x00000000021ae758 mode 2


Dynamic libraries:
0x00007ff71db00000 - 0x00007ff71db37000 	C:\Program Files\Java\jdk1.8.0_66\bin\java.exe
0x00007ff91b210000 - 0x00007ff91b3d1000 	C:\Windows\SYSTEM32\ntdll.dll
0x00007ff918d20000 - 0x00007ff918dcd000 	C:\Windows\system32\KERNEL32.DLL
0x00007ff9178c0000 - 0x00007ff917aa8000 	C:\Windows\system32\KERNELBASE.dll
0x00007ff918860000 - 0x00007ff918907000 	C:\Windows\system32\ADVAPI32.dll
0x00007ff919380000 - 0x00007ff91941d000 	C:\Windows\system32\msvcrt.dll
0x00007ff918970000 - 0x00007ff9189cb000 	C:\Windows\system32\sechost.dll
0x00007ff918dd0000 - 0x00007ff918eec000 	C:\Windows\system32\RPCRT4.dll
0x00007ff91b040000 - 0x00007ff91b196000 	C:\Windows\system32\USER32.dll
0x00007ff919530000 - 0x00007ff9196b6000 	C:\Windows\system32\GDI32.dll
0x00007ff90c270000 - 0x00007ff90c4e4000 	C:\Windows\WinSxS\amd64_microsoft.windows.common-controls_6595b64144ccf1df_6.0.10586.0_none_8c15ae12515e1c22\COMCTL32.dll
0x00007ff9189d0000 - 0x00007ff918c4d000 	C:\Windows\system32\combase.dll
0x00007ff9184f0000 - 0x00007ff91855a000 	C:\Windows\system32\bcryptPrimitives.dll
0x00007ff918c60000 - 0x00007ff918c9b000 	C:\Windows\system32\IMM32.DLL
0x0000000056f70000 - 0x0000000057042000 	C:\Program Files\Java\jdk1.8.0_66\jre\bin\msvcr100.dll
0x00000000575a0000 - 0x0000000057e29000 	C:\Program Files\Java\jdk1.8.0_66\jre\bin\server\jvm.dll
0x00007ff918c50000 - 0x00007ff918c58000 	C:\Windows\system32\PSAPI.DLL
0x00007ff913d90000 - 0x00007ff913d99000 	C:\Windows\SYSTEM32\WSOCK32.dll
0x00007ff91b1a0000 - 0x00007ff91b20b000 	C:\Windows\system32\WS2_32.dll
0x00007ff915a60000 - 0x00007ff915a83000 	C:\Windows\SYSTEM32\WINMM.dll
0x00007ff90b1e0000 - 0x00007ff90b1ea000 	C:\Windows\SYSTEM32\VERSION.dll
0x00007ff915a00000 - 0x00007ff915a2c000 	C:\Windows\SYSTEM32\WINMMBASE.dll
0x00007ff9184a0000 - 0x00007ff9184e3000 	C:\Windows\system32\cfgmgr32.dll
0x0000000057590000 - 0x000000005759f000 	C:\Program Files\Java\jdk1.8.0_66\jre\bin\verify.dll
0x0000000057560000 - 0x0000000057589000 	C:\Program Files\Java\jdk1.8.0_66\jre\bin\java.dll
0x0000000057540000 - 0x0000000057556000 	C:\Program Files\Java\jdk1.8.0_66\jre\bin\zip.dll
0x00007ff9196c0000 - 0x00007ff91ac1c000 	C:\Windows\system32\SHELL32.dll
0x00007ff917d40000 - 0x00007ff918384000 	C:\Windows\system32\windows.storage.dll
0x00007ff918910000 - 0x00007ff918962000 	C:\Windows\system32\shlwapi.dll
0x00007ff9178a0000 - 0x00007ff9178af000 	C:\Windows\system32\kernel.appcore.dll
0x00007ff917c80000 - 0x00007ff917d35000 	C:\Windows\system32\shcore.dll
0x00007ff917850000 - 0x00007ff91789b000 	C:\Windows\system32\powrprof.dll
0x00007ff917830000 - 0x00007ff917844000 	C:\Windows\system32\profapi.dll

VM Arguments:
jvm_args: -Djava.awt.headless=true -Xmx1024M -Dfile.encoding=windows-1252 -Duser.country=IT -Duser.language=it -Duser.variant 
java_command: com.android.dx.command.Main --dex --num-threads=4 --output C:\Users\Davide\AndroidStudioProjects\MioMeteo\app\build\intermediates\pre-dexed\debug\com.android.support-support-v4-23.4.0_aaab4edea211bdf5334c61199a8744e711966bf7.jar C:\Users\Davide\AndroidStudioProjects\MioMeteo\app\build\intermediates\exploded-aar\com.android.support\support-v4\23.4.0\jars\classes.jar
java_class_path (initial): C:\Users\Davide\AppData\Local\Android\sdk\build-tools\23.0.3\lib\dx.jar
Launcher Type: SUN_STANDARD

Environment Variables:
PATH=C:\ProgramData\Oracle\Java\javapath;C:\Program Files (x86)\Intel\iCLS Client\;C:\Program Files\Intel\iCLS Client\;C:\Windows\system32;C:\Windows;C:\Windows\System32\Wbem;C:\Windows\System32\WindowsPowerShell\v1.0\;c:\Program Files\Intel\WiFi\bin\;c:\Program Files\Common Files\Intel\WirelessCommon\;C:\Program Files\Intel\Intel(R) Management Engine Components\DAL;C:\Program Files (x86)\Intel\Intel(R) Management Engine Components\DAL;C:\Program Files\Intel\Intel(R) Management Engine Components\IPT;C:\Program Files (x86)\Intel\Intel(R) Management Engine Components\IPT;C:\Program Files\Hewlett-Packard\SimplePass\;C:\Program Files\Java\jdk1.8.0_66\bin;C:\Program Files\TortoiseSVN\bin;C:\Program Files (x86)\MySQL\MySQL Fabric 1.5 & MySQL Utilities 1.5\;C:\Program Files (x86)\MySQL\MySQL Fabric 1.5 & MySQL Utilities 1.5\Doctrine extensions for PHP\;C:\Program Files (x86)\Skype\Phone\
USERNAME=Davide
OS=Windows_NT
PROCESSOR_IDENTIFIER=Intel64 Family 6 Model 61 Stepping 4, GenuineIntel



---------------  S Y S T E M  ---------------

OS: Windows 10.0 , 64 bit Build 10586 (10.0.10586.0)

CPU:total 4 (2 cores per cpu, 2 threads per core) family 6 model 61 stepping 4, cmov, cx8, fxsr, mmx, sse, sse2, sse3, ssse3, sse4.1, sse4.2, popcnt, avx, avx2, aes, clmul, erms, 3dnowpref, lzcnt, ht, tsc, tscinvbit, bmi1, bmi2, adx

Memory: 4k page, physical 4109328k(296264k free), swap 5157904k(5684k free)

vm_info: Java HotSpot(TM) 64-Bit Server VM (25.66-b18) for windows-amd64 JRE (1.8.0_66-b18), built on Nov  9 2015 10:51:13 by "java_re" with MS VC++ 10.0 (VS2010)

time: Wed May 18 19:52:32 2016
elapsed time: 2 seconds (0d 0h 0m 2s)

