#
# There is insufficient memory for the Java Runtime Environment to continue.
# Native memory allocation (malloc) failed to allocate 1777056 bytes for Chunk::new
# Possible reasons:
#   The system is out of physical RAM or swap space
#   In 32 bit mode, the process size limit was hit
# Possible solutions:
#   Reduce memory load on the system
#   Increase physical memory or swap space
#   Check if swap backing store is full
#   Use 64 bit Java on a 64 bit OS
#   Decrease Java heap size (-Xmx/-Xms)
#   Decrease number of Java threads
#   Decrease Java thread stack sizes (-Xss)
#   Set larger code cache with -XX:ReservedCodeCacheSize=
# This output file may be truncated or incomplete.
#
#  Out of Memory Error (allocation.cpp:390), pid=1716, tid=536
#
# JRE version: Java(TM) SE Runtime Environment (8.0_66-b18) (build 1.8.0_66-b18)
# Java VM: Java HotSpot(TM) 64-Bit Server VM (25.66-b18 mixed mode windows-amd64 compressed oops)
# Failed to write core dump. Minidumps are not enabled by default on client versions of Windows
#

---------------  T H R E A D  ---------------

Current thread (0x00000000148dc000):  JavaThread "C2 CompilerThread1" daemon [_thread_in_native, id=536, stack(0x0000000016030000,0x0000000016130000)]

Stack: [0x0000000016030000,0x0000000016130000]
[error occurred during error reporting (printing stack bounds), id 0xc0000005]

Native frames: (J=compiled Java code, j=interpreted, Vv=VM code, C=native code)


Current CompileTask:
C2:  24691 2475       4       com.android.dx.dex.cf.CfTranslator::translate0 (259 bytes)


---------------  P R O C E S S  ---------------

Java Threads: ( => current thread )
  0x0000000016515000 JavaThread "pool-2-thread-4" [_thread_in_Java, id=5108, stack(0x0000000016c30000,0x0000000016d30000)]
  0x0000000016514800 JavaThread "pool-2-thread-3" [_thread_blocked, id=3576, stack(0x0000000016b30000,0x0000000016c30000)]
  0x0000000016513800 JavaThread "pool-2-thread-2" [_thread_blocked, id=6252, stack(0x0000000016a30000,0x0000000016b30000)]
  0x00000000165db800 JavaThread "pool-3-thread-1" [_thread_blocked, id=6644, stack(0x0000000016930000,0x0000000016a30000)]
  0x00000000165d4800 JavaThread "pool-2-thread-1" [_thread_blocked, id=7968, stack(0x0000000016830000,0x0000000016930000)]
  0x0000000016231800 JavaThread "Service Thread" daemon [_thread_blocked, id=6428, stack(0x0000000016630000,0x0000000016730000)]
  0x00000000148e4800 JavaThread "C1 CompilerThread2" daemon [_thread_blocked, id=4684, stack(0x0000000016130000,0x0000000016230000)]
=>0x00000000148dc000 JavaThread "C2 CompilerThread1" daemon [_thread_in_native, id=536, stack(0x0000000016030000,0x0000000016130000)]
  0x00000000148d9800 JavaThread "C2 CompilerThread0" daemon [_thread_in_native, id=4336, stack(0x0000000015f30000,0x0000000016030000)]
  0x00000000148e7000 JavaThread "Attach Listener" daemon [_thread_blocked, id=6216, stack(0x0000000015e30000,0x0000000015f30000)]
  0x00000000148e5800 JavaThread "Signal Dispatcher" daemon [_thread_blocked, id=8152, stack(0x0000000015d30000,0x0000000015e30000)]
  0x00000000021c0800 JavaThread "Finalizer" daemon [_thread_blocked, id=7816, stack(0x0000000015b30000,0x0000000015c30000)]
  0x00000000021bd000 JavaThread "Reference Handler" daemon [_thread_blocked, id=7084, stack(0x0000000015a30000,0x0000000015b30000)]
  0x00000000020d0800 JavaThread "main" [_thread_in_Java, id=5176, stack(0x00000000008a0000,0x00000000009a0000)]

Other Threads:
  0x00000000148a8000 VMThread [stack: 0x0000000015930000,0x0000000015a30000] [id=6756]
  0x000000001623c000 WatcherThread [stack: 0x0000000016730000,0x0000000016830000] [id=5772]

VM state:not at safepoint (normal execution)

VM Mutex/Monitor currently owned by a thread: None

Heap:
 PSYoungGen      total 146944K, used 74657K [0x00000000eab00000, 0x00000000fac00000, 0x0000000100000000)
  eden space 125440K, 49% used [0x00000000eab00000,0x00000000ee7783c0,0x00000000f2580000)
  from space 21504K, 59% used [0x00000000f2580000,0x00000000f31f0378,0x00000000f3a80000)
  to   space 31232K, 0% used [0x00000000f8d80000,0x00000000f8d80000,0x00000000fac00000)
 ParOldGen       total 44032K, used 44018K [0x00000000c0000000, 0x00000000c2b00000, 0x00000000eab00000)
  object space 44032K, 99% used [0x00000000c0000000,0x00000000c2afc980,0x00000000c2b00000)
 Metaspace       used 6528K, capacity 7256K, committed 7424K, reserved 1056768K
  class space    used 625K, capacity 656K, committed 768K, reserved 1048576K

Card table byte_map: [0x0000000011730000,0x0000000011940000] byte_map_base: 0x0000000011130000

Marking Bits: (ParMarkBitMap*) 0x000000006cbaa5b0
 Begin Bits: [0x0000000011d40000, 0x0000000012d40000)
 End Bits:   [0x0000000012d40000, 0x0000000013d40000)

Polling page: 0x0000000000510000

CodeCache: size=245760Kb used=9517Kb max_used=10113Kb free=236242Kb
 bounds [0x0000000002370000, 0x0000000002d80000, 0x0000000011370000]
 total_blobs=2250 nmethods=1980 adapters=182
 compilation: enabled

Compilation events (10 events):
Event: 24.607 Thread 0x00000000148d9800 nmethod 2486 0x0000000002675d50 code [0x00000000026776e0, 0x000000000267edc0]
Event: 24.607 Thread 0x00000000148d9800 2491       4       com.android.dx.cf.code.LineNumberList$Item::<init> (43 bytes)
Event: 24.608 Thread 0x00000000148d9800 nmethod 2491 0x0000000002748d50 code [0x0000000002748e80, 0x0000000002748f18]
Event: 24.608 Thread 0x00000000148d9800 2487       4       com.android.dx.cf.code.BytecodeArray$ConstantParserVisitor::visitConstant (18 bytes)
Event: 24.609 Thread 0x00000000148d9800 nmethod 2487 0x0000000002550950 code [0x0000000002550a80, 0x0000000002550af8]
Event: 24.642 Thread 0x00000000148e4800 2506   !   3       com.android.dx.cf.code.BytecodeArray::parseInstruction (2764 bytes)
Event: 24.666 Thread 0x00000000148e4800 nmethod 2506 0x0000000002d5c4d0 code [0x0000000002d5dc00, 0x0000000002d6e328]
Event: 24.669 Thread 0x00000000148e4800 2507       3       com.android.dx.rop.code.SourcePosition::equals (46 bytes)
Event: 24.669 Thread 0x00000000148e4800 nmethod 2507 0x00000000026c45d0 code [0x00000000026c4760, 0x00000000026c4c88]
Event: 24.684 Thread 0x00000000148d9800 2508       4       com.android.dx.ssa.back.FirstFitLocalCombiningAllocator::getLocalItemForReg (97 bytes)

GC Heap History (10 events):
Event: 12.307 GC heap before
{Heap before GC invocations=6 (full 0):
 PSYoungGen      total 35328K, used 35310K [0x00000000eab00000, 0x00000000eff00000, 0x0000000100000000)
  eden space 32768K, 100% used [0x00000000eab00000,0x00000000ecb00000,0x00000000ecb00000)
  from space 2560K, 99% used [0x00000000ecb00000,0x00000000ecd7b870,0x00000000ecd80000)
  to   space 10240K, 0% used [0x00000000ef500000,0x00000000ef500000,0x00000000eff00000)
 ParOldGen       total 44032K, used 14534K [0x00000000c0000000, 0x00000000c2b00000, 0x00000000eab00000)
  object space 44032K, 33% used [0x00000000c0000000,0x00000000c0e31818,0x00000000c2b00000)
 Metaspace       used 6242K, capacity 7088K, committed 7296K, reserved 1056768K
  class space    used 604K, capacity 616K, committed 640K, reserved 1048576K
Event: 12.558 GC heap after
Heap after GC invocations=6 (full 0):
 PSYoungGen      total 75264K, used 7948K [0x00000000eab00000, 0x00000000f0000000, 0x0000000100000000)
  eden space 65024K, 0% used [0x00000000eab00000,0x00000000eab00000,0x00000000eea80000)
  from space 10240K, 77% used [0x00000000ef500000,0x00000000efcc3338,0x00000000eff00000)
  to   space 10752K, 0% used [0x00000000eea80000,0x00000000eea80000,0x00000000ef500000)
 ParOldGen       total 44032K, used 14534K [0x00000000c0000000, 0x00000000c2b00000, 0x00000000eab00000)
  object space 44032K, 33% used [0x00000000c0000000,0x00000000c0e31818,0x00000000c2b00000)
 Metaspace       used 6242K, capacity 7088K, committed 7296K, reserved 1056768K
  class space    used 604K, capacity 616K, committed 640K, reserved 1048576K
}
Event: 15.772 GC heap before
{Heap before GC invocations=7 (full 0):
 PSYoungGen      total 75264K, used 72972K [0x00000000eab00000, 0x00000000f0000000, 0x0000000100000000)
  eden space 65024K, 100% used [0x00000000eab00000,0x00000000eea80000,0x00000000eea80000)
  from space 10240K, 77% used [0x00000000ef500000,0x00000000efcc3338,0x00000000eff00000)
  to   space 10752K, 0% used [0x00000000eea80000,0x00000000eea80000,0x00000000ef500000)
 ParOldGen       total 44032K, used 14534K [0x00000000c0000000, 0x00000000c2b00000, 0x00000000eab00000)
  object space 44032K, 33% used [0x00000000c0000000,0x00000000c0e31818,0x00000000c2b00000)
 Metaspace       used 6350K, capacity 7152K, committed 7296K, reserved 1056768K
  class space    used 604K, capacity 616K, committed 640K, reserved 1048576K
Event: 15.921 GC heap after
Heap after GC invocations=7 (full 0):
 PSYoungGen      total 75776K, used 10750K [0x00000000eab00000, 0x00000000f4b00000, 0x0000000100000000)
  eden space 65024K, 0% used [0x00000000eab00000,0x00000000eab00000,0x00000000eea80000)
  from space 10752K, 99% used [0x00000000eea80000,0x00000000ef4ff808,0x00000000ef500000)
  to   space 16896K, 0% used [0x00000000f3a80000,0x00000000f3a80000,0x00000000f4b00000)
 ParOldGen       total 44032K, used 22245K [0x00000000c0000000, 0x00000000c2b00000, 0x00000000eab00000)
  object space 44032K, 50% used [0x00000000c0000000,0x00000000c15b9598,0x00000000c2b00000)
 Metaspace       used 6350K, capacity 7152K, committed 7296K, reserved 1056768K
  class space    used 604K, capacity 616K, committed 640K, reserved 1048576K
}
Event: 18.738 GC heap before
{Heap before GC invocations=8 (full 0):
 PSYoungGen      total 75776K, used 75774K [0x00000000eab00000, 0x00000000f4b00000, 0x0000000100000000)
  eden space 65024K, 100% used [0x00000000eab00000,0x00000000eea80000,0x00000000eea80000)
  from space 10752K, 99% used [0x00000000eea80000,0x00000000ef4ff808,0x00000000ef500000)
  to   space 16896K, 0% used [0x00000000f3a80000,0x00000000f3a80000,0x00000000f4b00000)
 ParOldGen       total 44032K, used 22245K [0x00000000c0000000, 0x00000000c2b00000, 0x00000000eab00000)
  object space 44032K, 50% used [0x00000000c0000000,0x00000000c15b9598,0x00000000c2b00000)
 Metaspace       used 6386K, capacity 7152K, committed 7296K, reserved 1056768K
  class space    used 605K, capacity 616K, committed 640K, reserved 1048576K
Event: 19.210 GC heap after
Heap after GC invocations=8 (full 0):
 PSYoungGen      total 142336K, used 16869K [0x00000000eab00000, 0x00000000f5400000, 0x0000000100000000)
  eden space 125440K, 0% used [0x00000000eab00000,0x00000000eab00000,0x00000000f2580000)
  from space 16896K, 99% used [0x00000000f3a80000,0x00000000f4af95d0,0x00000000f4b00000)
  to   space 21504K, 0% used [0x00000000f2580000,0x00000000f2580000,0x00000000f3a80000)
 ParOldGen       total 44032K, used 26964K [0x00000000c0000000, 0x00000000c2b00000, 0x00000000eab00000)
  object space 44032K, 61% used [0x00000000c0000000,0x00000000c1a55288,0x00000000c2b00000)
 Metaspace       used 6386K, capacity 7152K, committed 7296K, reserved 1056768K
  class space    used 605K, capacity 616K, committed 640K, reserved 1048576K
}
Event: 22.655 GC heap before
{Heap before GC invocations=9 (full 0):
 PSYoungGen      total 142336K, used 142309K [0x00000000eab00000, 0x00000000f5400000, 0x0000000100000000)
  eden space 125440K, 100% used [0x00000000eab00000,0x00000000f2580000,0x00000000f2580000)
  from space 16896K, 99% used [0x00000000f3a80000,0x00000000f4af95d0,0x00000000f4b00000)
  to   space 21504K, 0% used [0x00000000f2580000,0x00000000f2580000,0x00000000f3a80000)
 ParOldGen       total 44032K, used 26964K [0x00000000c0000000, 0x00000000c2b00000, 0x00000000eab00000)
  object space 44032K, 61% used [0x00000000c0000000,0x00000000c1a55288,0x00000000c2b00000)
 Metaspace       used 6518K, capacity 7256K, committed 7424K, reserved 1056768K
  class space    used 625K, capacity 656K, committed 768K, reserved 1048576K
Event: 22.771 GC heap after
Heap after GC invocations=9 (full 0):
 PSYoungGen      total 146944K, used 21482K [0x00000000eab00000, 0x00000000fac00000, 0x0000000100000000)
  eden space 125440K, 0% used [0x00000000eab00000,0x00000000eab00000,0x00000000f2580000)
  from space 21504K, 99% used [0x00000000f2580000,0x00000000f3a7aaa0,0x00000000f3a80000)
  to   space 31232K, 0% used [0x00000000f8d80000,0x00000000f8d80000,0x00000000fac00000)
 ParOldGen       total 44032K, used 41696K [0x00000000c0000000, 0x00000000c2b00000, 0x00000000eab00000)
  object space 44032K, 94% used [0x00000000c0000000,0x00000000c28b8080,0x00000000c2b00000)
 Metaspace       used 6518K, capacity 7256K, committed 7424K, reserved 1056768K
  class space    used 625K, capacity 656K, committed 768K, reserved 1048576K
}
Event: 22.771 GC heap before
{Heap before GC invocations=10 (full 1):
 PSYoungGen      total 146944K, used 21482K [0x00000000eab00000, 0x00000000fac00000, 0x0000000100000000)
  eden space 125440K, 0% used [0x00000000eab00000,0x00000000eab00000,0x00000000f2580000)
  from space 21504K, 99% used [0x00000000f2580000,0x00000000f3a7aaa0,0x00000000f3a80000)
  to   space 31232K, 0% used [0x00000000f8d80000,0x00000000f8d80000,0x00000000fac00000)
 ParOldGen       total 44032K, used 41696K [0x00000000c0000000, 0x00000000c2b00000, 0x00000000eab00000)
  object space 44032K, 94% used [0x00000000c0000000,0x00000000c28b8080,0x00000000c2b00000)
 Metaspace       used 6518K, capacity 7256K, committed 7424K, reserved 1056768K
  class space    used 625K, capacity 656K, committed 768K, reserved 1048576K
Event: 24.119 GC heap after
Heap after GC invocations=10 (full 1):
 PSYoungGen      total 146944K, used 12736K [0x00000000eab00000, 0x00000000fac00000, 0x0000000100000000)
  eden space 125440K, 0% used [0x00000000eab00000,0x00000000eab00000,0x00000000f2580000)
  from space 21504K, 59% used [0x00000000f2580000,0x00000000f31f0378,0x00000000f3a80000)
  to   space 31232K, 0% used [0x00000000f8d80000,0x00000000f8d80000,0x00000000fac00000)
 ParOldGen       total 44032K, used 44018K [0x00000000c0000000, 0x00000000c2b00000, 0x00000000eab00000)
  object space 44032K, 99% used [0x00000000c0000000,0x00000000c2afc980,0x00000000c2b00000)
 Metaspace       used 6518K, capacity 7256K, committed 7424K, reserved 1056768K
  class space    used 625K, capacity 656K, committed 768K, reserved 1048576K
}

Deoptimization events (10 events):
Event: 21.991 Thread 0x0000000016514800 Uncommon trap: reason=unstable_if action=reinterpret pc=0x00000000026527f8 method=java.util.HashMap.putVal(ILjava/lang/Object;Ljava/lang/Object;ZZ)Ljava/lang/Object; @ 109
Event: 21.994 Thread 0x0000000016514800 Uncommon trap: reason=bimorphic action=maybe_recompile pc=0x000000000272cfa8 method=com.android.dx.cf.code.BytecodeArray.parseInstruction(ILcom/android/dx/cf/code/BytecodeArray$Visitor;)I @ 971
Event: 21.995 Thread 0x0000000016514800 Uncommon trap: reason=bimorphic action=maybe_recompile pc=0x000000000272cfa8 method=com.android.dx.cf.code.BytecodeArray.parseInstruction(ILcom/android/dx/cf/code/BytecodeArray$Visitor;)I @ 971
Event: 22.610 Thread 0x0000000016515000 Uncommon trap: reason=unstable_if action=reinterpret pc=0x00000000025790a0 method=java.util.HashMap.putVal(ILjava/lang/Object;Ljava/lang/Object;ZZ)Ljava/lang/Object; @ 109
Event: 24.268 Thread 0x0000000016513800 Uncommon trap: reason=bimorphic action=maybe_recompile pc=0x000000000268b0b4 method=com.android.dx.cf.code.BytecodeArray.parseInstruction(ILcom/android/dx/cf/code/BytecodeArray$Visitor;)I @ 1035
Event: 24.268 Thread 0x0000000016513800 Uncommon trap: reason=bimorphic action=maybe_recompile pc=0x000000000268af78 method=com.android.dx.cf.code.BytecodeArray.parseInstruction(ILcom/android/dx/cf/code/BytecodeArray$Visitor;)I @ 987
Event: 24.268 Thread 0x0000000016513800 Uncommon trap: reason=bimorphic action=maybe_recompile pc=0x000000000268b134 method=com.android.dx.cf.code.BytecodeArray.parseInstruction(ILcom/android/dx/cf/code/BytecodeArray$Visitor;)I @ 1051
Event: 24.268 Thread 0x0000000016513800 Uncommon trap: reason=bimorphic action=maybe_recompile pc=0x000000000268b0b4 method=com.android.dx.cf.code.BytecodeArray.parseInstruction(ILcom/android/dx/cf/code/BytecodeArray$Visitor;)I @ 1035
Event: 24.282 Thread 0x00000000020d0800 Uncommon trap: reason=unstable_if action=reinterpret pc=0x0000000002d13558 method=com.android.dx.cf.direct.StdAttributeFactory.parse0(Lcom/android/dx/cf/direct/DirectClassFile;ILjava/lang/String;IILcom/android/dx/cf/iface/ParseObserver;)Lcom/android/dx/cf/‚He=b¤8@
Event: 24.642 Thread 0x0000000016513800 Uncommon trap: reason=unstable_if action=reinterpret pc=0x0000000002679614 method=com.android.dx.cf.code.BytecodeArray.parseInstruction(ILcom/android/dx/cf/code/BytecodeArray$Visitor;)I @ 1261

Internal exceptions (7 events):
Event: 0.153 Thread 0x00000000020d0800 Exception <a 'java/lang/NoSuchMethodError': Method sun.misc.Unsafe.defineClass(Ljava/lang/String;[BII)Ljava/lang/Class; name or signature does not match> (0x00000000eab0d868) thrown at [C:\re\workspace\8-2-build-windows-amd64-cygwin\jdk8u66\5298\hotspot\srð©©aŽÃ?
Event: 0.153 Thread 0x00000000020d0800 Exception <a 'java/lang/NoSuchMethodError': Method sun.misc.Unsafe.prefetchRead(Ljava/lang/Object;J)V name or signature does not match> (0x00000000eab0db50) thrown at [C:\re\workspace\8-2-build-windows-amd64-cygwin\jdk8u66\5298\hotspot\src\share\vm\prims\j’§ëÃ@
Event: 2.312 Thread 0x0000000016514800 Implicit null exception at 0x000000000266ba22 to 0x000000000266bb29
Event: 16.907 Thread 0x00000000020d0800 Implicit null exception at 0x0000000002931ce5 to 0x000000000293348d
Event: 19.556 Thread 0x0000000016513800 Exception <a 'java/lang/ArrayIndexOutOfBoundsException': 18> (0x00000000eb875e08) thrown at [C:\re\workspace\8-2-build-windows-amd64-cygwin\jdk8u66\5298\hotspot\src\share\vm\interpreter\interpreterRuntime.cpp, line 366]
Event: 19.557 Thread 0x0000000016513800 Exception <a 'java/lang/ArrayIndexOutOfBoundsException'> (0x00000000eb877988) thrown at [C:\re\workspace\8-2-build-windows-amd64-cygwin\jdk8u66\5298\hotspot\src\share\vm\runtime\sharedRuntime.cpp, line 605]
Event: 19.561 Thread 0x0000000016513800 Exception <a 'java/lang/ArrayIndexOutOfBoundsException'> (0x00000000eb878c70) thrown at [C:\re\workspace\8-2-build-windows-amd64-cygwin\jdk8u66\5298\hotspot\src\share\vm\runtime\sharedRuntime.cpp, line 605]

Events (10 events):
Event: 24.282 Thread 0x00000000020d0800 Uncommon trap: trap_request=0xffffff65 fr.pc=0x0000000002d13558
Event: 24.282 Thread 0x00000000020d0800 DEOPT PACKING pc=0x0000000002d13558 sp=0x000000000099e2f0
Event: 24.282 Thread 0x00000000020d0800 DEOPT UNPACKING pc=0x00000000023b582a sp=0x000000000099e2e8 mode 2
Event: 24.388 Thread 0x00000000165d4800 DEOPT PACKING pc=0x000000000278f290 sp=0x000000001692ec50
Event: 24.388 Thread 0x00000000165d4800 DEOPT UNPACKING pc=0x00000000023b787f sp=0x000000001692ea38 mode 0
Event: 24.590 Thread 0x00000000165d4800 DEOPT PACKING pc=0x0000000002a9ccf1 sp=0x000000001692f360
Event: 24.590 Thread 0x00000000165d4800 DEOPT UNPACKING pc=0x00000000023b787f sp=0x000000001692f130 mode 0
Event: 24.642 Thread 0x0000000016513800 Uncommon trap: trap_request=0xffffff65 fr.pc=0x0000000002679614
Event: 24.642 Thread 0x0000000016513800 DEOPT PACKING pc=0x0000000002679614 sp=0x0000000016b2ec10
Event: 24.642 Thread 0x0000000016513800 DEOPT UNPACKING pc=0x00000000023b582a sp=0x0000000016b2eba8 mode 2


Dynamic libraries:
0x00007ff719e50000 - 0x00007ff719e87000 	C:\Program Files\Java\jdk1.8.0_66\bin\java.exe
0x00007ffe06600000 - 0x00007ffe067c1000 	C:\Windows\SYSTEM32\ntdll.dll
0x00007ffe03c00000 - 0x00007ffe03cad000 	C:\Windows\system32\KERNEL32.DLL
0x00007ffe03670000 - 0x00007ffe03858000 	C:\Windows\system32\KERNELBASE.dll
0x00007ffe06110000 - 0x00007ffe061b7000 	C:\Windows\system32\ADVAPI32.dll
0x00007ffe06560000 - 0x00007ffe065fd000 	C:\Windows\system32\msvcrt.dll
0x00007ffe05d50000 - 0x00007ffe05dab000 	C:\Windows\system32\sechost.dll
0x00007ffe03ae0000 - 0x00007ffe03bfc000 	C:\Windows\system32\RPCRT4.dll
0x00007ffe05210000 - 0x00007ffe05366000 	C:\Windows\system32\USER32.dll
0x00007ffe059d0000 - 0x00007ffe05b56000 	C:\Windows\system32\GDI32.dll
0x00007ffdf6780000 - 0x00007ffdf69f4000 	C:\Windows\WinSxS\amd64_microsoft.windows.common-controls_6595b64144ccf1df_6.0.10586.0_none_8c15ae12515e1c22\COMCTL32.dll
0x00007ffe05db0000 - 0x00007ffe0602d000 	C:\Windows\system32\combase.dll
0x00007ffe035e0000 - 0x00007ffe0364a000 	C:\Windows\system32\bcryptPrimitives.dll
0x00007ffe05b60000 - 0x00007ffe05b9b000 	C:\Windows\system32\IMM32.DLL
0x000000006bd70000 - 0x000000006be42000 	C:\Program Files\Java\jdk1.8.0_66\jre\bin\msvcr100.dll
0x000000006c3a0000 - 0x000000006cc29000 	C:\Program Files\Java\jdk1.8.0_66\jre\bin\server\jvm.dll
0x00007ffe060a0000 - 0x00007ffe060a8000 	C:\Windows\system32\PSAPI.DLL
0x00007ffdff5f0000 - 0x00007ffdff5f9000 	C:\Windows\SYSTEM32\WSOCK32.dll
0x00007ffe06030000 - 0x00007ffe0609b000 	C:\Windows\system32\WS2_32.dll
0x00007ffe00e50000 - 0x00007ffe00e73000 	C:\Windows\SYSTEM32\WINMM.dll
0x00007ffdf5e50000 - 0x00007ffdf5e5a000 	C:\Windows\SYSTEM32\VERSION.dll
0x00007ffe00df0000 - 0x00007ffe00e1c000 	C:\Windows\SYSTEM32\WINMMBASE.dll
0x00007ffe039b0000 - 0x00007ffe039f3000 	C:\Windows\system32\cfgmgr32.dll
0x000000006c390000 - 0x000000006c39f000 	C:\Program Files\Java\jdk1.8.0_66\jre\bin\verify.dll
0x000000006c360000 - 0x000000006c389000 	C:\Program Files\Java\jdk1.8.0_66\jre\bin\java.dll
0x000000006c340000 - 0x000000006c356000 	C:\Program Files\Java\jdk1.8.0_66\jre\bin\zip.dll
0x00007ffe03cb0000 - 0x00007ffe0520c000 	C:\Windows\system32\SHELL32.dll
0x00007ffe02f90000 - 0x00007ffe035d4000 	C:\Windows\system32\windows.storage.dll
0x00007ffe06290000 - 0x00007ffe062e2000 	C:\Windows\system32\shlwapi.dll
0x00007ffe02c50000 - 0x00007ffe02c5f000 	C:\Windows\system32\kernel.appcore.dll
0x00007ffe038f0000 - 0x00007ffe039a5000 	C:\Windows\system32\shcore.dll
0x00007ffe02c60000 - 0x00007ffe02cab000 	C:\Windows\system32\powrprof.dll
0x00007ffe02c30000 - 0x00007ffe02c44000 	C:\Windows\system32\profapi.dll

VM Arguments:
jvm_args: -Djava.awt.headless=true -Xmx1024M -Dfile.encoding=windows-1252 -Duser.country=IT -Duser.language=it -Duser.variant 
java_command: com.android.dx.command.Main --dex --force-jumbo --num-threads=4 --multi-dex --output C:\Users\Davide\AndroidStudioProjects\MioMeteo\app\build\intermediates\transforms\dex\debug\folders\1000\10\com.android.support-support-v4-23.4.0_aaab4edea211bdf5334c61199a8744e711966bf7 C:\Users\Davide\AndroidStudioProjects\MioMeteo\app\build\intermediates\exploded-aar\com.android.support\support-v4\23.4.0\jars\classes.jar
java_class_path (initial): C:\Users\Davide\AppData\Local\Android\sdk\build-tools\23.0.3\lib\dx.jar
Launcher Type: SUN_STANDARD

Environment Variables:
PATH=C:\ProgramData\Oracle\Java\javapath;C:\Program Files (x86)\Intel\iCLS Client\;C:\Program Files\Intel\iCLS Client\;C:\Windows\system32;C:\Windows;C:\Windows\System32\Wbem;C:\Windows\System32\WindowsPowerShell\v1.0\;c:\Program Files\Intel\WiFi\bin\;c:\Program Files\Common Files\Intel\WirelessCommon\;C:\Program Files\Intel\Intel(R) Management Engine Components\DAL;C:\Program Files (x86)\Intel\Intel(R) Management Engine Components\DAL;C:\Program Files\Intel\Intel(R) Management Engine Components\IPT;C:\Program Files (x86)\Intel\Intel(R) Management Engine Components\IPT;C:\Program Files\Hewlett-Packard\SimplePass\;C:\Program Files\Java\jdk1.8.0_66\bin;C:\Program Files\TortoiseSVN\bin;C:\Program Files (x86)\MySQL\MySQL Fabric 1.5 & MySQL Utilities 1.5\;C:\Program Files (x86)\MySQL\MySQL Fabric 1.5 & MySQL Utilities 1.5\Doctrine extensions for PHP\;C:\Program Files (x86)\Skype\Phone\
USERNAME=Davide
OS=Windows_NT
PROCESSOR_IDENTIFIER=Intel64 Family 6 Model 61 Stepping 4, GenuineIntel



---------------  S Y S T E M  ---------------

OS: Windows 10.0 , 64 bit Build 10586 (10.0.10586.0)

CPU:total 4 (2 cores per cpu, 2 threads per core) family 6 model 61 stepping 4, cmov, cx8, fxsr, mmx, sse, sse2, sse3, ssse3, sse4.1, sse4.2, popcnt, avx, avx2, aes, clmul, erms, 3dnowpref, lzcnt, ht, tsc, tscinvbit, bmi1, bmi2, adx

Memory: 4k page, physical 4109328k(243204k free), swap 5157904k(5816k free)

vm_info: Java HotSpot(TM) 64-Bit Server VM (25.66-b18) for windows-amd64 JRE (1.8.0_66-b18), built on Nov  9 2015 10:51:13 by "java_re" with MS VC++ 10.0 (VS2010)

time: Sun May 22 22:41:30 2016
elapsed time: 24 seconds (0d 0h 0m 24s)

