#
# There is insufficient memory for the Java Runtime Environment to continue.
# Native memory allocation (malloc) failed to allocate 1877936 bytes for Chunk::new
# Possible reasons:
#   The system is out of physical RAM or swap space
#   In 32 bit mode, the process size limit was hit
# Possible solutions:
#   Reduce memory load on the system
#   Increase physical memory or swap space
#   Check if swap backing store is full
#   Use 64 bit Java on a 64 bit OS
#   Decrease Java heap size (-Xmx/-Xms)
#   Decrease number of Java threads
#   Decrease Java thread stack sizes (-Xss)
#   Set larger code cache with -XX:ReservedCodeCacheSize=
# This output file may be truncated or incomplete.
#
#  Out of Memory Error (allocation.cpp:390), pid=5860, tid=4772
#
# JRE version: Java(TM) SE Runtime Environment (8.0_66-b18) (build 1.8.0_66-b18)
# Java VM: Java HotSpot(TM) 64-Bit Server VM (25.66-b18 mixed mode windows-amd64 compressed oops)
# Failed to write core dump. Minidumps are not enabled by default on client versions of Windows
#

---------------  T H R E A D  ---------------

Current thread (0x000000001493d000):  JavaThread "C2 CompilerThread0" daemon [_thread_in_native, id=4772, stack(0x0000000015fa0000,0x00000000160a0000)]

Stack: [0x0000000015fa0000,0x00000000160a0000]
[error occurred during error reporting (printing stack bounds), id 0xc0000005]

Native frames: (J=compiled Java code, j=interpreted, Vv=VM code, C=native code)


Current CompileTask:
C2:  15429 1867   !   4       com.android.dx.cf.code.BytecodeArray::parseInstruction (2764 bytes)


---------------  P R O C E S S  ---------------

Java Threads: ( => current thread )
  0x0000000016511000 JavaThread "pool-1-thread-4" [_thread_in_Java, id=1156, stack(0x0000000016ca0000,0x0000000016da0000)]
  0x000000001650e000 JavaThread "pool-1-thread-3" [_thread_in_Java, id=6192, stack(0x0000000016ba0000,0x0000000016ca0000)]
  0x0000000016510000 JavaThread "pool-1-thread-2" [_thread_in_Java, id=4980, stack(0x0000000016aa0000,0x0000000016ba0000)]
  0x000000001650e800 JavaThread "pool-2-thread-1" [_thread_blocked, id=7748, stack(0x00000000169a0000,0x0000000016aa0000)]
  0x000000001650f800 JavaThread "pool-1-thread-1" [_thread_in_Java, id=6832, stack(0x00000000168a0000,0x00000000169a0000)]
  0x00000000162a2800 JavaThread "Service Thread" daemon [_thread_blocked, id=6220, stack(0x00000000166a0000,0x00000000167a0000)]
  0x000000001499c000 JavaThread "C1 CompilerThread2" daemon [_thread_blocked, id=7180, stack(0x00000000161a0000,0x00000000162a0000)]
  0x0000000014999800 JavaThread "C2 CompilerThread1" daemon [_thread_in_native, id=5940, stack(0x00000000160a0000,0x00000000161a0000)]
=>0x000000001493d000 JavaThread "C2 CompilerThread0" daemon [_thread_in_native, id=4772, stack(0x0000000015fa0000,0x00000000160a0000)]
  0x000000001493b000 JavaThread "Attach Listener" daemon [_thread_blocked, id=7832, stack(0x0000000015ea0000,0x0000000015fa0000)]
  0x0000000014939800 JavaThread "Signal Dispatcher" daemon [_thread_blocked, id=3204, stack(0x0000000015da0000,0x0000000015ea0000)]
  0x0000000002260800 JavaThread "Finalizer" daemon [_thread_blocked, id=540, stack(0x0000000015ba0000,0x0000000015ca0000)]
  0x000000000225d000 JavaThread "Reference Handler" daemon [_thread_blocked, id=7624, stack(0x0000000015aa0000,0x0000000015ba0000)]
  0x0000000002170800 JavaThread "main" [_thread_in_Java, id=6628, stack(0x0000000001f90000,0x0000000002090000)]

Other Threads:
  0x0000000014908000 VMThread [stack: 0x00000000159a0000,0x0000000015aa0000] [id=3164]
  0x00000000162a7000 WatcherThread [stack: 0x00000000167a0000,0x00000000168a0000] [id=7004]

VM state:not at safepoint (normal execution)

VM Mutex/Monitor currently owned by a thread: None

Heap:
 PSYoungGen      total 68096K, used 24561K [0x00000000eab00000, 0x00000000ef000000, 0x0000000100000000)
  eden space 65536K, 37% used [0x00000000eab00000,0x00000000ec2fc768,0x00000000eeb00000)
  from space 2560K, 0% used [0x00000000eeb00000,0x00000000eeb00000,0x00000000eed80000)
  to   space 2560K, 0% used [0x00000000eed80000,0x00000000eed80000,0x00000000ef000000)
 ParOldGen       total 72704K, used 28773K [0x00000000c0000000, 0x00000000c4700000, 0x00000000eab00000)
  object space 72704K, 39% used [0x00000000c0000000,0x00000000c1c19530,0x00000000c4700000)
 Metaspace       used 6284K, capacity 7088K, committed 7296K, reserved 1056768K
  class space    used 601K, capacity 616K, committed 640K, reserved 1048576K

Card table byte_map: [0x0000000011630000,0x0000000011840000] byte_map_base: 0x0000000011030000

Marking Bits: (ParMarkBitMap*) 0x000000006fc1a5b0
 Begin Bits: [0x0000000011da0000, 0x0000000012da0000)
 End Bits:   [0x0000000012da0000, 0x0000000013da0000)

Polling page: 0x0000000000450000

CodeCache: size=245760Kb used=7873Kb max_used=7899Kb free=237886Kb
 bounds [0x0000000002270000, 0x0000000002a30000, 0x0000000011270000]
 total_blobs=2055 nmethods=1786 adapters=181
 compilation: enabled

Compilation events (10 events):
Event: 15.184 Thread 0x000000001499c000 1884       2       com.android.dx.dex.file.MethodAnnotationStruct::<init> (43 bytes)
Event: 15.184 Thread 0x000000001499c000 nmethod 1884 0x00000000029fd2d0 code [0x00000000029fd460, 0x00000000029fd738]
Event: 15.227 Thread 0x000000001499c000 1885       2       com.android.dx.dex.file.AnnotationUtils::makeCstArray (57 bytes)
Event: 15.228 Thread 0x000000001499c000 nmethod 1885 0x00000000029fc0d0 code [0x00000000029fc2e0, 0x00000000029fc9f8]
Event: 15.253 Thread 0x000000001499c000 1886       2       com.android.dx.ssa.SsaConverter::edgeSplitMoveExceptionsAndResults (157 bytes)
Event: 15.255 Thread 0x000000001499c000 nmethod 1886 0x0000000002a156d0 code [0x0000000002a15980, 0x0000000002a162c8]
Event: 15.279 Thread 0x000000001499c000 1887       2       java.util.BitSet::clear (28 bytes)
Event: 15.280 Thread 0x000000001499c000 nmethod 1887 0x0000000002a1d590 code [0x0000000002a1d700, 0x0000000002a1d8d0]
Event: 15.281 Thread 0x0000000014999800 nmethod 1846 0x0000000002a1d9d0 code [0x0000000002a1e040, 0x0000000002a23988]
Event: 15.281 Thread 0x0000000014999800 1808       4       com.android.dx.ssa.PhiTypeResolver::run (179 bytes)

GC Heap History (10 events):
Event: 6.598 GC heap before
{Heap before GC invocations=2 (full 0):
 PSYoungGen      total 18944K, used 18919K [0x00000000eab00000, 0x00000000ed000000, 0x0000000100000000)
  eden space 16384K, 100% used [0x00000000eab00000,0x00000000ebb00000,0x00000000ebb00000)
  from space 2560K, 99% used [0x00000000ebb00000,0x00000000ebd79fa0,0x00000000ebd80000)
  to   space 2560K, 0% used [0x00000000ecd80000,0x00000000ecd80000,0x00000000ed000000)
 ParOldGen       total 44032K, used 572K [0x00000000c0000000, 0x00000000c2b00000, 0x00000000eab00000)
  object space 44032K, 1% used [0x00000000c0000000,0x00000000c008f370,0x00000000c2b00000)
 Metaspace       used 5990K, capacity 6896K, committed 7040K, reserved 1056768K
  class space    used 600K, capacity 616K, committed 640K, reserved 1048576K
Event: 6.727 GC heap after
Heap after GC invocations=2 (full 0):
 PSYoungGen      total 35328K, used 2554K [0x00000000eab00000, 0x00000000ed000000, 0x0000000100000000)
  eden space 32768K, 0% used [0x00000000eab00000,0x00000000eab00000,0x00000000ecb00000)
  from space 2560K, 99% used [0x00000000ecd80000,0x00000000ecffead8,0x00000000ed000000)
  to   space 2560K, 0% used [0x00000000ecb00000,0x00000000ecb00000,0x00000000ecd80000)
 ParOldGen       total 44032K, used 2039K [0x00000000c0000000, 0x00000000c2b00000, 0x00000000eab00000)
  object space 44032K, 4% used [0x00000000c0000000,0x00000000c01fdde0,0x00000000c2b00000)
 Metaspace       used 5990K, capacity 6896K, committed 7040K, reserved 1056768K
  class space    used 600K, capacity 616K, committed 640K, reserved 1048576K
}
Event: 7.808 GC heap before
{Heap before GC invocations=3 (full 0):
 PSYoungGen      total 35328K, used 35322K [0x00000000eab00000, 0x00000000ed000000, 0x0000000100000000)
  eden space 32768K, 100% used [0x00000000eab00000,0x00000000ecb00000,0x00000000ecb00000)
  from space 2560K, 99% used [0x00000000ecd80000,0x00000000ecffead8,0x00000000ed000000)
  to   space 2560K, 0% used [0x00000000ecb00000,0x00000000ecb00000,0x00000000ecd80000)
 ParOldGen       total 44032K, used 2039K [0x00000000c0000000, 0x00000000c2b00000, 0x00000000eab00000)
  object space 44032K, 4% used [0x00000000c0000000,0x00000000c01fdde0,0x00000000c2b00000)
 Metaspace       used 6147K, capacity 7024K, committed 7296K, reserved 1056768K
  class space    used 600K, capacity 616K, committed 640K, reserved 1048576K
Event: 7.956 GC heap after
Heap after GC invocations=3 (full 0):
 PSYoungGen      total 35328K, used 2528K [0x00000000eab00000, 0x00000000ef000000, 0x0000000100000000)
  eden space 32768K, 0% used [0x00000000eab00000,0x00000000eab00000,0x00000000ecb00000)
  from space 2560K, 98% used [0x00000000ecb00000,0x00000000ecd78010,0x00000000ecd80000)
  to   space 2560K, 0% used [0x00000000eed80000,0x00000000eed80000,0x00000000ef000000)
 ParOldGen       total 44032K, used 7922K [0x00000000c0000000, 0x00000000c2b00000, 0x00000000eab00000)
  object space 44032K, 17% used [0x00000000c0000000,0x00000000c07bca70,0x00000000c2b00000)
 Metaspace       used 6147K, capacity 7024K, committed 7296K, reserved 1056768K
  class space    used 600K, capacity 616K, committed 640K, reserved 1048576K
}
Event: 9.026 GC heap before
{Heap before GC invocations=4 (full 0):
 PSYoungGen      total 35328K, used 35296K [0x00000000eab00000, 0x00000000ef000000, 0x0000000100000000)
  eden space 32768K, 100% used [0x00000000eab00000,0x00000000ecb00000,0x00000000ecb00000)
  from space 2560K, 98% used [0x00000000ecb00000,0x00000000ecd78010,0x00000000ecd80000)
  to   space 2560K, 0% used [0x00000000eed80000,0x00000000eed80000,0x00000000ef000000)
 ParOldGen       total 44032K, used 7922K [0x00000000c0000000, 0x00000000c2b00000, 0x00000000eab00000)
  object space 44032K, 17% used [0x00000000c0000000,0x00000000c07bca70,0x00000000c2b00000)
 Metaspace       used 6246K, capacity 7088K, committed 7296K, reserved 1056768K
  class space    used 601K, capacity 616K, committed 640K, reserved 1048576K
Event: 9.095 GC heap after
Heap after GC invocations=4 (full 0):
 PSYoungGen      total 68096K, used 2528K [0x00000000eab00000, 0x00000000ef000000, 0x0000000100000000)
  eden space 65536K, 0% used [0x00000000eab00000,0x00000000eab00000,0x00000000eeb00000)
  from space 2560K, 98% used [0x00000000eed80000,0x00000000eeff8010,0x00000000ef000000)
  to   space 2560K, 0% used [0x00000000eeb00000,0x00000000eeb00000,0x00000000eed80000)
 ParOldGen       total 44032K, used 13155K [0x00000000c0000000, 0x00000000c2b00000, 0x00000000eab00000)
  object space 44032K, 29% used [0x00000000c0000000,0x00000000c0cd8fe8,0x00000000c2b00000)
 Metaspace       used 6246K, capacity 7088K, committed 7296K, reserved 1056768K
  class space    used 601K, capacity 616K, committed 640K, reserved 1048576K
}
Event: 11.323 GC heap before
{Heap before GC invocations=5 (full 0):
 PSYoungGen      total 68096K, used 68064K [0x00000000eab00000, 0x00000000ef000000, 0x0000000100000000)
  eden space 65536K, 100% used [0x00000000eab00000,0x00000000eeb00000,0x00000000eeb00000)
  from space 2560K, 98% used [0x00000000eed80000,0x00000000eeff8010,0x00000000ef000000)
  to   space 2560K, 0% used [0x00000000eeb00000,0x00000000eeb00000,0x00000000eed80000)
 ParOldGen       total 44032K, used 13155K [0x00000000c0000000, 0x00000000c2b00000, 0x00000000eab00000)
  object space 44032K, 29% used [0x00000000c0000000,0x00000000c0cd8fe8,0x00000000c2b00000)
 Metaspace       used 6275K, capacity 7088K, committed 7296K, reserved 1056768K
  class space    used 601K, capacity 616K, committed 640K, reserved 1048576K
Event: 11.797 GC heap after
Heap after GC invocations=5 (full 0):
 PSYoungGen      total 68096K, used 2550K [0x00000000eab00000, 0x00000000ef000000, 0x0000000100000000)
  eden space 65536K, 0% used [0x00000000eab00000,0x00000000eab00000,0x00000000eeb00000)
  from space 2560K, 99% used [0x00000000eeb00000,0x00000000eed7d800,0x00000000eed80000)
  to   space 2560K, 0% used [0x00000000eed80000,0x00000000eed80000,0x00000000ef000000)
 ParOldGen       total 44032K, used 29117K [0x00000000c0000000, 0x00000000c2b00000, 0x00000000eab00000)
  object space 44032K, 66% used [0x00000000c0000000,0x00000000c1c6f6b8,0x00000000c2b00000)
 Metaspace       used 6275K, capacity 7088K, committed 7296K, reserved 1056768K
  class space    used 601K, capacity 616K, committed 640K, reserved 1048576K
}
Event: 11.797 GC heap before
{Heap before GC invocations=6 (full 1):
 PSYoungGen      total 68096K, used 2550K [0x00000000eab00000, 0x00000000ef000000, 0x0000000100000000)
  eden space 65536K, 0% used [0x00000000eab00000,0x00000000eab00000,0x00000000eeb00000)
  from space 2560K, 99% used [0x00000000eeb00000,0x00000000eed7d800,0x00000000eed80000)
  to   space 2560K, 0% used [0x00000000eed80000,0x00000000eed80000,0x00000000ef000000)
 ParOldGen       total 44032K, used 29117K [0x00000000c0000000, 0x00000000c2b00000, 0x00000000eab00000)
  object space 44032K, 66% used [0x00000000c0000000,0x00000000c1c6f6b8,0x00000000c2b00000)
 Metaspace       used 6275K, capacity 7088K, committed 7296K, reserved 1056768K
  class space    used 601K, capacity 616K, committed 640K, reserved 1048576K
Event: 15.122 GC heap after
Heap after GC invocations=6 (full 1):
 PSYoungGen      total 68096K, used 0K [0x00000000eab00000, 0x00000000ef000000, 0x0000000100000000)
  eden space 65536K, 0% used [0x00000000eab00000,0x00000000eab00000,0x00000000eeb00000)
  from space 2560K, 0% used [0x00000000eeb00000,0x00000000eeb00000,0x00000000eed80000)
  to   space 2560K, 0% used [0x00000000eed80000,0x00000000eed80000,0x00000000ef000000)
 ParOldGen       total 72704K, used 28773K [0x00000000c0000000, 0x00000000c4700000, 0x00000000eab00000)
  object space 72704K, 39% used [0x00000000c0000000,0x00000000c1c19530,0x00000000c4700000)
 Metaspace       used 6275K, capacity 7088K, committed 7296K, reserved 1056768K
  class space    used 601K, capacity 616K, committed 640K, reserved 1048576K
}

Deoptimization events (10 events):
Event: 9.141 Thread 0x0000000016510000 Uncommon trap: reason=bimorphic action=maybe_recompile pc=0x000000000288cb70 method=com.android.dx.ssa.SCCP.setLatticeValueTo(IILcom/android/dx/rop/cst/Constant;)Z @ 43
Event: 9.141 Thread 0x0000000016510000 Uncommon trap: reason=bimorphic action=maybe_recompile pc=0x000000000288cb70 method=com.android.dx.ssa.SCCP.setLatticeValueTo(IILcom/android/dx/rop/cst/Constant;)Z @ 43
Event: 9.141 Thread 0x0000000016510000 Uncommon trap: reason=bimorphic action=maybe_recompile pc=0x000000000288cb70 method=com.android.dx.ssa.SCCP.setLatticeValueTo(IILcom/android/dx/rop/cst/Constant;)Z @ 43
Event: 9.141 Thread 0x0000000016510000 Uncommon trap: reason=bimorphic action=maybe_recompile pc=0x0000000002871730 method=com.android.dx.ssa.SCCP.setLatticeValueTo(IILcom/android/dx/rop/cst/Constant;)Z @ 43
Event: 9.240 Thread 0x0000000016511000 Uncommon trap: reason=unstable_if action=reinterpret pc=0x00000000026d9188 method=com.android.dx.ssa.SsaMethod.deleteInsns(Ljava/util/Set;)V @ 130
Event: 10.482 Thread 0x000000001650f800 Uncommon trap: reason=unstable_if action=reinterpret pc=0x00000000029206e0 method=com.android.dx.cf.code.Ropper.isSynchronized()Z @ 12
Event: 11.102 Thread 0x0000000016511000 Uncommon trap: reason=bimorphic action=maybe_recompile pc=0x0000000002931e80 method=com.android.dx.cf.code.BytecodeArray.parseInstruction(ILcom/android/dx/cf/code/BytecodeArray$Visitor;)I @ 2135
Event: 11.102 Thread 0x0000000016511000 Uncommon trap: reason=bimorphic action=maybe_recompile pc=0x0000000002931e80 method=com.android.dx.cf.code.BytecodeArray.parseInstruction(ILcom/android/dx/cf/code/BytecodeArray$Visitor;)I @ 2135
Event: 11.103 Thread 0x0000000016511000 Uncommon trap: reason=bimorphic action=maybe_recompile pc=0x0000000002931e80 method=com.android.dx.cf.code.BytecodeArray.parseInstruction(ILcom/android/dx/cf/code/BytecodeArray$Visitor;)I @ 2135
Event: 11.103 Thread 0x0000000016511000 Uncommon trap: reason=bimorphic action=maybe_recompile pc=0x0000000002931e80 method=com.android.dx.cf.code.BytecodeArray.parseInstruction(ILcom/android/dx/cf/code/BytecodeArray$Visitor;)I @ 2135

Internal exceptions (3 events):
Event: 1.962 Thread 0x0000000002170800 Exception <a 'java/lang/NoSuchMethodError': Method sun.misc.Unsafe.defineClass(Ljava/lang/String;[BII)Ljava/lang/Class; name or signature does not match> (0x00000000eab0d9c8) thrown at [C:\re\workspace\8-2-build-windows-amd64-cygwin\jdk8u66\5298\hotspot\srFHâÙDfÿ?
Event: 1.962 Thread 0x0000000002170800 Exception <a 'java/lang/NoSuchMethodError': Method sun.misc.Unsafe.prefetchRead(Ljava/lang/Object;J)V name or signature does not match> (0x00000000eab0dcb0) thrown at [C:\re\workspace\8-2-build-windows-amd64-cygwin\jdk8u66\5298\hotspot\src\share\vm\prims\j|»’
Event: 7.199 Thread 0x0000000016510000 Implicit null exception at 0x0000000002584b22 to 0x0000000002584c1a

Events (10 events):
Event: 11.313 Executing VM operation: ParallelGCFailedAllocation
Event: 15.122 Executing VM operation: ParallelGCFailedAllocation done
Event: 15.170 Thread 0x0000000002170800 DEOPT PACKING pc=0x0000000002692f2c sp=0x000000000208e2a0
Event: 15.170 Thread 0x0000000002170800 DEOPT UNPACKING pc=0x00000000022b787f sp=0x000000000208dfb0 mode 0
Event: 15.220 Thread 0x000000001650e000 DEOPT PACKING pc=0x000000000263df3b sp=0x0000000016c9e580
Event: 15.220 Thread 0x000000001650e000 DEOPT UNPACKING pc=0x00000000022b787f sp=0x0000000016c9e390 mode 0
Event: 15.255 Thread 0x0000000016510000 DEOPT PACKING pc=0x000000000271777d sp=0x0000000016b9e580
Event: 15.255 Thread 0x0000000016510000 DEOPT UNPACKING pc=0x00000000022b787f sp=0x0000000016b9e2b8 mode 0
Event: 15.271 Thread 0x0000000016511000 DEOPT PACKING pc=0x000000000263df3b sp=0x0000000016d9ead0
Event: 15.271 Thread 0x0000000016511000 DEOPT UNPACKING pc=0x00000000022b787f sp=0x0000000016d9e8e0 mode 0


Dynamic libraries:
0x00007ff7e1010000 - 0x00007ff7e1047000 	C:\Program Files\Java\jdk1.8.0_66\bin\java.exe
0x00007ffbf7d80000 - 0x00007ffbf7f41000 	C:\Windows\SYSTEM32\ntdll.dll
0x00007ffbf51e0000 - 0x00007ffbf528d000 	C:\Windows\system32\KERNEL32.DLL
0x00007ffbf44c0000 - 0x00007ffbf46a8000 	C:\Windows\system32\KERNELBASE.dll
0x00007ffbf7760000 - 0x00007ffbf7807000 	C:\Windows\system32\ADVAPI32.dll
0x00007ffbf5300000 - 0x00007ffbf539d000 	C:\Windows\system32\msvcrt.dll
0x00007ffbf53b0000 - 0x00007ffbf540b000 	C:\Windows\system32\sechost.dll
0x00007ffbf7c60000 - 0x00007ffbf7d7c000 	C:\Windows\system32\RPCRT4.dll
0x00007ffbf7810000 - 0x00007ffbf7966000 	C:\Windows\system32\USER32.dll
0x00007ffbf5410000 - 0x00007ffbf5596000 	C:\Windows\system32\GDI32.dll
0x00007ffbe7e40000 - 0x00007ffbe80b4000 	C:\Windows\WinSxS\amd64_microsoft.windows.common-controls_6595b64144ccf1df_6.0.10586.0_none_8c15ae12515e1c22\COMCTL32.dll
0x00007ffbf79e0000 - 0x00007ffbf7c5d000 	C:\Windows\system32\combase.dll
0x00007ffbf46b0000 - 0x00007ffbf471a000 	C:\Windows\system32\bcryptPrimitives.dll
0x00007ffbf72f0000 - 0x00007ffbf732b000 	C:\Windows\system32\IMM32.DLL
0x000000006ede0000 - 0x000000006eeb2000 	C:\Program Files\Java\jdk1.8.0_66\jre\bin\msvcr100.dll
0x000000006f410000 - 0x000000006fc99000 	C:\Program Files\Java\jdk1.8.0_66\jre\bin\server\jvm.dll
0x00007ffbf6ee0000 - 0x00007ffbf6ee8000 	C:\Windows\system32\PSAPI.DLL
0x00007ffbf0fb0000 - 0x00007ffbf0fb9000 	C:\Windows\SYSTEM32\WSOCK32.dll
0x00007ffbf7280000 - 0x00007ffbf72eb000 	C:\Windows\system32\WS2_32.dll
0x00007ffbf2ad0000 - 0x00007ffbf2af3000 	C:\Windows\SYSTEM32\WINMM.dll
0x00007ffbe75f0000 - 0x00007ffbe75fa000 	C:\Windows\SYSTEM32\VERSION.dll
0x00007ffbf2a70000 - 0x00007ffbf2a9c000 	C:\Windows\SYSTEM32\WINMMBASE.dll
0x00007ffbf4f60000 - 0x00007ffbf4fa3000 	C:\Windows\system32\cfgmgr32.dll
0x000000006f400000 - 0x000000006f40f000 	C:\Program Files\Java\jdk1.8.0_66\jre\bin\verify.dll
0x000000006f3d0000 - 0x000000006f3f9000 	C:\Program Files\Java\jdk1.8.0_66\jre\bin\java.dll
0x000000006f3b0000 - 0x000000006f3c6000 	C:\Program Files\Java\jdk1.8.0_66\jre\bin\zip.dll
0x00007ffbf5980000 - 0x00007ffbf6edc000 	C:\Windows\system32\SHELL32.dll
0x00007ffbf47d0000 - 0x00007ffbf4e14000 	C:\Windows\system32\windows.storage.dll
0x00007ffbf7220000 - 0x00007ffbf7272000 	C:\Windows\system32\shlwapi.dll
0x00007ffbf4410000 - 0x00007ffbf441f000 	C:\Windows\system32\kernel.appcore.dll
0x00007ffbf4ea0000 - 0x00007ffbf4f55000 	C:\Windows\system32\shcore.dll
0x00007ffbf43c0000 - 0x00007ffbf440b000 	C:\Windows\system32\powrprof.dll
0x00007ffbf43a0000 - 0x00007ffbf43b4000 	C:\Windows\system32\profapi.dll

VM Arguments:
jvm_args: -Djava.awt.headless=true -Xmx1024M -Dfile.encoding=windows-1252 -Duser.country=IT -Duser.language=it -Duser.variant 
java_command: com.android.dx.command.Main --dex --num-threads=4 --output C:\Users\Davide\AndroidStudioProjects\MioMeteo\app\build\intermediates\pre-dexed\debug\com.google.android.gms-play-services-basement-9.0.0_ebe13ac9b3eaae77ffc08cf165ae5845375bf02f.jar C:\Users\Davide\AndroidStudioProjects\MioMeteo\app\build\intermediates\exploded-aar\com.google.android.gms\play-services-basement\9.0.0\jars\classes.jar
java_class_path (initial): C:\Users\Davide\AppData\Local\Android\sdk\build-tools\23.0.3\lib\dx.jar
Launcher Type: SUN_STANDARD

Environment Variables:
PATH=C:\ProgramData\Oracle\Java\javapath;C:\Program Files (x86)\Intel\iCLS Client\;C:\Program Files\Intel\iCLS Client\;C:\Windows\system32;C:\Windows;C:\Windows\System32\Wbem;C:\Windows\System32\WindowsPowerShell\v1.0\;c:\Program Files\Intel\WiFi\bin\;c:\Program Files\Common Files\Intel\WirelessCommon\;C:\Program Files\Intel\Intel(R) Management Engine Components\DAL;C:\Program Files (x86)\Intel\Intel(R) Management Engine Components\DAL;C:\Program Files\Intel\Intel(R) Management Engine Components\IPT;C:\Program Files (x86)\Intel\Intel(R) Management Engine Components\IPT;C:\Program Files\Hewlett-Packard\SimplePass\;C:\Program Files\Java\jdk1.8.0_66\bin;C:\Program Files\TortoiseSVN\bin;C:\Program Files (x86)\MySQL\MySQL Fabric 1.5 & MySQL Utilities 1.5\;C:\Program Files (x86)\MySQL\MySQL Fabric 1.5 & MySQL Utilities 1.5\Doctrine extensions for PHP\;C:\Program Files (x86)\Skype\Phone\
USERNAME=Davide
OS=Windows_NT
PROCESSOR_IDENTIFIER=Intel64 Family 6 Model 61 Stepping 4, GenuineIntel



---------------  S Y S T E M  ---------------

OS: Windows 10.0 , 64 bit Build 10586 (10.0.10586.0)

CPU:total 4 (2 cores per cpu, 2 threads per core) family 6 model 61 stepping 4, cmov, cx8, fxsr, mmx, sse, sse2, sse3, ssse3, sse4.1, sse4.2, popcnt, avx, avx2, aes, clmul, erms, 3dnowpref, lzcnt, ht, tsc, tscinvbit, bmi1, bmi2, adx

Memory: 4k page, physical 4109328k(231008k free), swap 5157904k(6688k free)

vm_info: Java HotSpot(TM) 64-Bit Server VM (25.66-b18) for windows-amd64 JRE (1.8.0_66-b18), built on Nov  9 2015 10:51:13 by "java_re" with MS VC++ 10.0 (VS2010)

time: Tue May 31 21:33:58 2016
elapsed time: 15 seconds (0d 0h 0m 15s)

