#
# There is insufficient memory for the Java Runtime Environment to continue.
# Native memory allocation (malloc) failed to allocate 110560 bytes for Chunk::new
# Possible reasons:
#   The system is out of physical RAM or swap space
#   In 32 bit mode, the process size limit was hit
# Possible solutions:
#   Reduce memory load on the system
#   Increase physical memory or swap space
#   Check if swap backing store is full
#   Use 64 bit Java on a 64 bit OS
#   Decrease Java heap size (-Xmx/-Xms)
#   Decrease number of Java threads
#   Decrease Java thread stack sizes (-Xss)
#   Set larger code cache with -XX:ReservedCodeCacheSize=
# This output file may be truncated or incomplete.
#
#  Out of Memory Error (allocation.cpp:390), pid=7936, tid=2488
#
# JRE version: Java(TM) SE Runtime Environment (8.0_66-b18) (build 1.8.0_66-b18)
# Java VM: Java HotSpot(TM) 64-Bit Server VM (25.66-b18 mixed mode windows-amd64 compressed oops)
# Failed to write core dump. Minidumps are not enabled by default on client versions of Windows
#

---------------  T H R E A D  ---------------

Current thread (0x00000000149da800):  JavaThread "C2 CompilerThread1" daemon [_thread_in_native, id=2488, stack(0x0000000016100000,0x0000000016200000)]

Stack: [0x0000000016100000,0x0000000016200000]
[error occurred during error reporting (printing stack bounds), id 0xc0000005]

Native frames: (J=compiled Java code, j=interpreted, Vv=VM code, C=native code)


Current CompileTask:
C2:    591  126       4       java.util.regex.Pattern::compile (406 bytes)


---------------  P R O C E S S  ---------------

Java Threads: ( => current thread )
  0x00000000149e6800 JavaThread "Service Thread" daemon [_thread_blocked, id=704, stack(0x0000000016300000,0x0000000016400000)]
  0x00000000149dd000 JavaThread "C1 CompilerThread2" daemon [_thread_blocked, id=8076, stack(0x0000000016200000,0x0000000016300000)]
=>0x00000000149da800 JavaThread "C2 CompilerThread1" daemon [_thread_in_native, id=2488, stack(0x0000000016100000,0x0000000016200000)]
  0x00000000149d7800 JavaThread "C2 CompilerThread0" daemon [_thread_blocked, id=796, stack(0x0000000016000000,0x0000000016100000)]
  0x00000000149d6800 JavaThread "Attach Listener" daemon [_thread_blocked, id=3344, stack(0x0000000015f00000,0x0000000016000000)]
  0x00000000022cd800 JavaThread "Signal Dispatcher" daemon [_thread_blocked, id=3984, stack(0x0000000015e00000,0x0000000015f00000)]
  0x00000000022b9800 JavaThread "Finalizer" daemon [_thread_blocked, id=5532, stack(0x0000000015c00000,0x0000000015d00000)]
  0x000000001498a000 JavaThread "Reference Handler" daemon [_thread_blocked, id=7716, stack(0x0000000015b00000,0x0000000015c00000)]
  0x00000000021d0800 JavaThread "main" [_thread_in_vm, id=8016, stack(0x00000000020a0000,0x00000000021a0000)]

Other Threads:
  0x0000000014988000 VMThread [stack: 0x0000000015a00000,0x0000000015b00000] [id=2340]
  0x000000001645b800 WatcherThread [stack: 0x0000000016800000,0x0000000016900000] [id=2684]

VM state:not at safepoint (normal execution)

VM Mutex/Monitor currently owned by a thread:  ([mutex/lock_event])
[0x00000000021cce30] AdapterHandlerLibrary_lock - owner thread: 0x00000000021d0800

Heap:
 PSYoungGen      total 18944K, used 8201K [0x00000000eab00000, 0x00000000ec000000, 0x0000000100000000)
  eden space 16384K, 50% used [0x00000000eab00000,0x00000000eb302478,0x00000000ebb00000)
  from space 2560K, 0% used [0x00000000ebd80000,0x00000000ebd80000,0x00000000ec000000)
  to   space 2560K, 0% used [0x00000000ebb00000,0x00000000ebb00000,0x00000000ebd80000)
 ParOldGen       total 44032K, used 0K [0x00000000c0000000, 0x00000000c2b00000, 0x00000000eab00000)
  object space 44032K, 0% used [0x00000000c0000000,0x00000000c0000000,0x00000000c2b00000)
 Metaspace       used 3464K, capacity 4720K, committed 4864K, reserved 1056768K
  class space    used 377K, capacity 424K, committed 512K, reserved 1048576K

Card table byte_map: [0x0000000011690000,0x00000000118a0000] byte_map_base: 0x0000000011090000

Marking Bits: (ParMarkBitMap*) 0x000000006fc1a5b0
 Begin Bits: [0x0000000011e00000, 0x0000000012e00000)
 End Bits:   [0x0000000012e00000, 0x0000000013e00000)

Polling page: 0x0000000000710000

CodeCache: size=245760Kb used=1341Kb max_used=1353Kb free=244418Kb
 bounds [0x00000000022d0000, 0x0000000002540000, 0x00000000112d0000]
 total_blobs=375 nmethods=129 adapters=159
 compilation: enabled

Compilation events (10 events):
Event: 0.551 Thread 0x00000000149da800  129       4       java.lang.String::replace (127 bytes)
Event: 0.564 Thread 0x00000000149da800 nmethod 129 0x0000000002420810 code [0x0000000002420960, 0x0000000002420dd8]
Event: 0.564 Thread 0x00000000149da800  126       4       java.util.regex.Pattern::compile (406 bytes)
Event: 0.567 Thread 0x00000000149d7800 nmethod 121 0x000000000241ddd0 code [0x000000000241df40, 0x000000000241e558]
Event: 0.567 Thread 0x00000000149d7800  128       4       java.util.regex.Pattern::newSlice (181 bytes)
Event: 0.573 Thread 0x00000000149d7800 nmethod 128 0x000000000241d810 code [0x000000000241d960, 0x000000000241dc58]
Event: 0.573 Thread 0x00000000149d7800  127       4       java.lang.String::compareTo (78 bytes)
Event: 0.577 Thread 0x00000000149d7800 nmethod 127 0x000000000241b910 code [0x000000000241ba60, 0x000000000241bbf8]
Event: 0.577 Thread 0x00000000149d7800  130       4       java.util.regex.Pattern$BnM::match (161 bytes)
Event: 0.586 Thread 0x00000000149d7800 nmethod 130 0x000000000241ce90 code [0x000000000241cfe0, 0x000000000241d4d8]

GC Heap History (0 events):
No events

Deoptimization events (0 events):
No events

Internal exceptions (2 events):
Event: 0.197 Thread 0x00000000021d0800 Exception <a 'java/lang/NoSuchMethodError': Method sun.misc.Unsafe.defineClass(Ljava/lang/String;[BII)Ljava/lang/Class; name or signature does not match> (0x00000000eab0d810) thrown at [C:\re\workspace\8-2-build-windows-amd64-cygwin\jdk8u66\5298\hotspot\srQ÷aÅ5É?
Event: 0.197 Thread 0x00000000021d0800 Exception <a 'java/lang/NoSuchMethodError': Method sun.misc.Unsafe.prefetchRead(Ljava/lang/Object;J)V name or signature does not match> (0x00000000eab0daf8) thrown at [C:\re\workspace\8-2-build-windows-amd64-cygwin\jdk8u66\5298\hotspot\src\share\vm\prims\j

Events (10 events):
Event: 0.557 loading class sun/util/calendar/Gregorian
Event: 0.557 loading class sun/util/calendar/BaseCalendar
Event: 0.557 loading class sun/util/calendar/AbstractCalendar
Event: 0.557 loading class sun/util/calendar/AbstractCalendar done
Event: 0.557 loading class sun/util/calendar/BaseCalendar done
Event: 0.557 loading class sun/util/calendar/Gregorian done
Event: 0.558 loading class java/util/TimeZone
Event: 0.558 loading class java/util/TimeZone done
Event: 0.558 loading class sun/util/calendar/ZoneInfo
Event: 0.559 loading class sun/util/calendar/ZoneInfo done


Dynamic libraries:
0x00007ff7e1010000 - 0x00007ff7e1047000 	C:\Program Files\Java\jdk1.8.0_66\bin\java.exe
0x00007ffbf7d80000 - 0x00007ffbf7f41000 	C:\Windows\SYSTEM32\ntdll.dll
0x00007ffbf51e0000 - 0x00007ffbf528d000 	C:\Windows\system32\KERNEL32.DLL
0x00007ffbf44c0000 - 0x00007ffbf46a8000 	C:\Windows\system32\KERNELBASE.dll
0x00007ffbf7760000 - 0x00007ffbf7807000 	C:\Windows\system32\ADVAPI32.dll
0x00007ffbf5300000 - 0x00007ffbf539d000 	C:\Windows\system32\msvcrt.dll
0x00007ffbf53b0000 - 0x00007ffbf540b000 	C:\Windows\system32\sechost.dll
0x00007ffbf7c60000 - 0x00007ffbf7d7c000 	C:\Windows\system32\RPCRT4.dll
0x00007ffbf7810000 - 0x00007ffbf7966000 	C:\Windows\system32\USER32.dll
0x00007ffbf5410000 - 0x00007ffbf5596000 	C:\Windows\system32\GDI32.dll
0x00007ffbe7e40000 - 0x00007ffbe80b4000 	C:\Windows\WinSxS\amd64_microsoft.windows.common-controls_6595b64144ccf1df_6.0.10586.0_none_8c15ae12515e1c22\COMCTL32.dll
0x00007ffbf79e0000 - 0x00007ffbf7c5d000 	C:\Windows\system32\combase.dll
0x00007ffbf46b0000 - 0x00007ffbf471a000 	C:\Windows\system32\bcryptPrimitives.dll
0x00007ffbf72f0000 - 0x00007ffbf732b000 	C:\Windows\system32\IMM32.DLL
0x000000006ede0000 - 0x000000006eeb2000 	C:\Program Files\Java\jdk1.8.0_66\jre\bin\msvcr100.dll
0x000000006f410000 - 0x000000006fc99000 	C:\Program Files\Java\jdk1.8.0_66\jre\bin\server\jvm.dll
0x00007ffbf6ee0000 - 0x00007ffbf6ee8000 	C:\Windows\system32\PSAPI.DLL
0x00007ffbf0fb0000 - 0x00007ffbf0fb9000 	C:\Windows\SYSTEM32\WSOCK32.dll
0x00007ffbf7280000 - 0x00007ffbf72eb000 	C:\Windows\system32\WS2_32.dll
0x00007ffbf2ad0000 - 0x00007ffbf2af3000 	C:\Windows\SYSTEM32\WINMM.dll
0x00007ffbe75f0000 - 0x00007ffbe75fa000 	C:\Windows\SYSTEM32\VERSION.dll
0x00007ffbf2a70000 - 0x00007ffbf2a9c000 	C:\Windows\SYSTEM32\WINMMBASE.dll
0x00007ffbf4f60000 - 0x00007ffbf4fa3000 	C:\Windows\system32\cfgmgr32.dll
0x000000006f400000 - 0x000000006f40f000 	C:\Program Files\Java\jdk1.8.0_66\jre\bin\verify.dll
0x000000006f3d0000 - 0x000000006f3f9000 	C:\Program Files\Java\jdk1.8.0_66\jre\bin\java.dll
0x000000006f3b0000 - 0x000000006f3c6000 	C:\Program Files\Java\jdk1.8.0_66\jre\bin\zip.dll
0x00007ffbf5980000 - 0x00007ffbf6edc000 	C:\Windows\system32\SHELL32.dll
0x00007ffbf47d0000 - 0x00007ffbf4e14000 	C:\Windows\system32\windows.storage.dll
0x00007ffbf7220000 - 0x00007ffbf7272000 	C:\Windows\system32\shlwapi.dll
0x00007ffbf4410000 - 0x00007ffbf441f000 	C:\Windows\system32\kernel.appcore.dll
0x00007ffbf4ea0000 - 0x00007ffbf4f55000 	C:\Windows\system32\shcore.dll
0x00007ffbf43c0000 - 0x00007ffbf440b000 	C:\Windows\system32\powrprof.dll
0x00007ffbf43a0000 - 0x00007ffbf43b4000 	C:\Windows\system32\profapi.dll

VM Arguments:
jvm_args: -Djava.awt.headless=true -Xmx1024M -Dfile.encoding=windows-1252 -Duser.country=IT -Duser.language=it -Duser.variant 
java_command: com.android.dx.command.Main --dex --num-threads=4 --output C:\Users\Davide\AndroidStudioProjects\MioMeteo\app\build\intermediates\pre-dexed\debug\internal_impl-23.0.0_942231dd49320230908712e6389f2c3a6772e2c0.jar C:\Users\Davide\AndroidStudioProjects\MioMeteo\app\build\intermediates\exploded-aar\com.android.support\support-v4\23.0.0\jars\libs\internal_impl-23.0.0.jar
java_class_path (initial): C:\Users\Davide\AppData\Local\Android\sdk\build-tools\23.0.3\lib\dx.jar
Launcher Type: SUN_STANDARD

Environment Variables:
PATH=C:\ProgramData\Oracle\Java\javapath;C:\Program Files (x86)\Intel\iCLS Client\;C:\Program Files\Intel\iCLS Client\;C:\Windows\system32;C:\Windows;C:\Windows\System32\Wbem;C:\Windows\System32\WindowsPowerShell\v1.0\;c:\Program Files\Intel\WiFi\bin\;c:\Program Files\Common Files\Intel\WirelessCommon\;C:\Program Files\Intel\Intel(R) Management Engine Components\DAL;C:\Program Files (x86)\Intel\Intel(R) Management Engine Components\DAL;C:\Program Files\Intel\Intel(R) Management Engine Components\IPT;C:\Program Files (x86)\Intel\Intel(R) Management Engine Components\IPT;C:\Program Files\Hewlett-Packard\SimplePass\;C:\Program Files\Java\jdk1.8.0_66\bin;C:\Program Files\TortoiseSVN\bin;C:\Program Files (x86)\MySQL\MySQL Fabric 1.5 & MySQL Utilities 1.5\;C:\Program Files (x86)\MySQL\MySQL Fabric 1.5 & MySQL Utilities 1.5\Doctrine extensions for PHP\;C:\Program Files (x86)\Skype\Phone\
USERNAME=Davide
OS=Windows_NT
PROCESSOR_IDENTIFIER=Intel64 Family 6 Model 61 Stepping 4, GenuineIntel



---------------  S Y S T E M  ---------------

OS: Windows 10.0 , 64 bit Build 10586 (10.0.10586.0)

CPU:total 4 (2 cores per cpu, 2 threads per core) family 6 model 61 stepping 4, cmov, cx8, fxsr, mmx, sse, sse2, sse3, ssse3, sse4.1, sse4.2, popcnt, avx, avx2, aes, clmul, erms, 3dnowpref, lzcnt, ht, tsc, tscinvbit, bmi1, bmi2, adx

Memory: 4k page, physical 4109328k(331952k free), swap 5157904k(3492k free)

vm_info: Java HotSpot(TM) 64-Bit Server VM (25.66-b18) for windows-amd64 JRE (1.8.0_66-b18), built on Nov  9 2015 10:51:13 by "java_re" with MS VC++ 10.0 (VS2010)

time: Tue May 31 21:34:17 2016
elapsed time: 0 seconds (0d 0h 0m 0s)

