#
# There is insufficient memory for the Java Runtime Environment to continue.
# Native memory allocation (malloc) failed to allocate 32744 bytes for ChunkPool::allocate
# Possible reasons:
#   The system is out of physical RAM or swap space
#   In 32 bit mode, the process size limit was hit
# Possible solutions:
#   Reduce memory load on the system
#   Increase physical memory or swap space
#   Check if swap backing store is full
#   Use 64 bit Java on a 64 bit OS
#   Decrease Java heap size (-Xmx/-Xms)
#   Decrease number of Java threads
#   Decrease Java thread stack sizes (-Xss)
#   Set larger code cache with -XX:ReservedCodeCacheSize=
# This output file may be truncated or incomplete.
#
#  Out of Memory Error (allocation.cpp:273), pid=6580, tid=2868
#
# JRE version: Java(TM) SE Runtime Environment (8.0_66-b18) (build 1.8.0_66-b18)
# Java VM: Java HotSpot(TM) 64-Bit Server VM (25.66-b18 mixed mode windows-amd64 compressed oops)
# Failed to write core dump. Minidumps are not enabled by default on client versions of Windows
#

---------------  T H R E A D  ---------------

Current thread (0x0000000014939000):  JavaThread "C1 CompilerThread2" daemon [_thread_in_native, id=2868, stack(0x0000000016140000,0x0000000016240000)]

Stack: [0x0000000016140000,0x0000000016240000]
[error occurred during error reporting (printing stack bounds), id 0xc0000005]

Native frames: (J=compiled Java code, j=interpreted, Vv=VM code, C=native code)


Current CompileTask:
C1:   3925   88       3       sun.nio.cs.UTF_8$Decoder::decode (779 bytes)


---------------  P R O C E S S  ---------------

Java Threads: ( => current thread )
  0x0000000016242800 JavaThread "Service Thread" daemon [_thread_blocked, id=3444, stack(0x0000000016640000,0x0000000016740000)]
=>0x0000000014939000 JavaThread "C1 CompilerThread2" daemon [_thread_in_native, id=2868, stack(0x0000000016140000,0x0000000016240000)]
  0x000000001492e800 JavaThread "C2 CompilerThread1" daemon [_thread_blocked, id=6512, stack(0x0000000016040000,0x0000000016140000)]
  0x00000000148d8800 JavaThread "C2 CompilerThread0" daemon [_thread_blocked, id=7016, stack(0x0000000015f40000,0x0000000016040000)]
  0x00000000148e6800 JavaThread "Attach Listener" daemon [_thread_blocked, id=3272, stack(0x0000000015e40000,0x0000000015f40000)]
  0x00000000148e5000 JavaThread "Signal Dispatcher" daemon [_thread_blocked, id=5596, stack(0x0000000015d40000,0x0000000015e40000)]
  0x0000000002200800 JavaThread "Finalizer" daemon [_thread_blocked, id=2952, stack(0x0000000015b40000,0x0000000015c40000)]
  0x00000000021fd000 JavaThread "Reference Handler" daemon [_thread_blocked, id=7184, stack(0x0000000015a40000,0x0000000015b40000)]
  0x0000000002110800 JavaThread "main" [_thread_in_native, id=5776, stack(0x0000000001f10000,0x0000000002010000)]

Other Threads:
  0x00000000148a8000 VMThread [stack: 0x0000000015940000,0x0000000015a40000] [id=3572]
  0x0000000016248800 WatcherThread [stack: 0x0000000016740000,0x0000000016840000] [id=6104]

VM state:not at safepoint (normal execution)

VM Mutex/Monitor currently owned by a thread: None

Heap:
 PSYoungGen      total 18944K, used 1981K [0x00000000eab00000, 0x00000000ec000000, 0x0000000100000000)
  eden space 16384K, 12% used [0x00000000eab00000,0x00000000eacef718,0x00000000ebb00000)
  from space 2560K, 0% used [0x00000000ebd80000,0x00000000ebd80000,0x00000000ec000000)
  to   space 2560K, 0% used [0x00000000ebb00000,0x00000000ebb00000,0x00000000ebd80000)
 ParOldGen       total 44032K, used 0K [0x00000000c0000000, 0x00000000c2b00000, 0x00000000eab00000)
  object space 44032K, 0% used [0x00000000c0000000,0x00000000c0000000,0x00000000c2b00000)
 Metaspace       used 3284K, capacity 4720K, committed 4864K, reserved 1056768K
  class space    used 364K, capacity 424K, committed 512K, reserved 1048576K

Card table byte_map: [0x00000000115d0000,0x00000000117e0000] byte_map_base: 0x0000000010fd0000

Marking Bits: (ParMarkBitMap*) 0x000000005541a5b0
 Begin Bits: [0x0000000011d40000, 0x0000000012d40000)
 End Bits:   [0x0000000012d40000, 0x0000000013d40000)

Polling page: 0x0000000000450000

CodeCache: size=245760Kb used=1213Kb max_used=1213Kb free=244546Kb
 bounds [0x0000000002210000, 0x0000000002480000, 0x0000000011210000]
 total_blobs=333 nmethods=90 adapters=156
 compilation: enabled

Compilation events (10 events):
Event: 3.912 Thread 0x0000000014939000 nmethod 81 0x000000000233cc50 code [0x000000000233cdc0, 0x000000000233cfc8]
Event: 3.913 Thread 0x0000000014939000   82       3       java.util.zip.ZipFile::access$400 (5 bytes)
Event: 3.914 Thread 0x0000000014939000 nmethod 82 0x000000000233d090 code [0x000000000233d1e0, 0x000000000233d310]
Event: 3.915 Thread 0x0000000014939000   84       1       java.util.zip.ZipFile::access$300 (5 bytes)
Event: 3.915 Thread 0x0000000014939000 nmethod 84 0x000000000233d790 code [0x000000000233d8e0, 0x000000000233d9d0]
Event: 3.915 Thread 0x0000000014939000   85       3       java.util.zip.ZipFile::ensureOpen (37 bytes)
Event: 3.916 Thread 0x0000000014939000 nmethod 85 0x000000000233da50 code [0x000000000233dbe0, 0x000000000233deb8]
Event: 3.916 Thread 0x0000000014939000   86       1       java.util.zip.ZipCoder::isUTF8 (5 bytes)
Event: 3.916 Thread 0x0000000014939000 nmethod 86 0x000000000233dfd0 code [0x000000000233e120, 0x000000000233e230]
Event: 3.917 Thread 0x0000000014939000   88       3       sun.nio.cs.UTF_8$Decoder::decode (779 bytes)

GC Heap History (0 events):
No events

Deoptimization events (0 events):
No events

Internal exceptions (2 events):
Event: 3.261 Thread 0x0000000002110800 Exception <a 'java/lang/NoSuchMethodError': Method sun.misc.Unsafe.defineClass(Ljava/lang/String;[BII)Ljava/lang/Class; name or signature does not match> (0x00000000eab0d9b8) thrown at [C:\re\workspace\8-2-build-windows-amd64-cygwin\jdk8u66\5298\hotspot\sr1ø5ø
@
Event: 3.261 Thread 0x0000000002110800 Exception <a 'java/lang/NoSuchMethodError': Method sun.misc.Unsafe.prefetchRead(Ljava/lang/Object;J)V name or signature does not match> (0x00000000eab0dca0) thrown at [C:\re\workspace\8-2-build-windows-amd64-cygwin\jdk8u66\5298\hotspot\src\share\vm\prims\j

Events (10 events):
Event: 3.910 loading class java/util/concurrent/LinkedBlockingQueue$Node
Event: 3.910 loading class java/util/concurrent/LinkedBlockingQueue$Node done
Event: 3.910 loading class com/android/dx/cf/direct/ClassPathOpener
Event: 3.910 loading class com/android/dx/cf/direct/ClassPathOpener done
Event: 3.911 loading class com/android/dx/cf/direct/ClassPathOpener$1
Event: 3.911 loading class com/android/dx/cf/direct/ClassPathOpener$1 done
Event: 3.912 loading class com/android/dx/command/dexer/Main$FileBytesConsumer
Event: 3.912 loading class com/android/dx/command/dexer/Main$FileBytesConsumer done
Event: 3.913 loading class java/util/zip/ZipFile$ZipEntryIterator
Event: 3.913 loading class java/util/zip/ZipFile$ZipEntryIterator done


Dynamic libraries:
0x00007ff6ae070000 - 0x00007ff6ae0a7000 	C:\Program Files\Java\jdk1.8.0_66\bin\java.exe
0x00007fff95050000 - 0x00007fff95211000 	C:\Windows\SYSTEM32\ntdll.dll
0x00007fff94420000 - 0x00007fff944cd000 	C:\Windows\system32\KERNEL32.DLL
0x00007fff917c0000 - 0x00007fff919a8000 	C:\Windows\system32\KERNELBASE.dll
0x00007fff94890000 - 0x00007fff94937000 	C:\Windows\system32\ADVAPI32.dll
0x00007fff939f0000 - 0x00007fff93a8d000 	C:\Windows\system32\msvcrt.dll
0x00007fff93cf0000 - 0x00007fff93d4b000 	C:\Windows\system32\sechost.dll
0x00007fff93db0000 - 0x00007fff93ecc000 	C:\Windows\system32\RPCRT4.dll
0x00007fff942c0000 - 0x00007fff94416000 	C:\Windows\system32\USER32.dll
0x00007fff93a90000 - 0x00007fff93c16000 	C:\Windows\system32\GDI32.dll
0x00007fff85030000 - 0x00007fff852a4000 	C:\Windows\WinSxS\amd64_microsoft.windows.common-controls_6595b64144ccf1df_6.0.10586.0_none_8c15ae12515e1c22\COMCTL32.dll
0x00007fff94dd0000 - 0x00007fff9504d000 	C:\Windows\system32\combase.dll
0x00007fff91750000 - 0x00007fff917ba000 	C:\Windows\system32\bcryptPrimitives.dll
0x00007fff92450000 - 0x00007fff9248b000 	C:\Windows\system32\IMM32.DLL
0x00000000545e0000 - 0x00000000546b2000 	C:\Program Files\Java\jdk1.8.0_66\jre\bin\msvcr100.dll
0x0000000054c10000 - 0x0000000055499000 	C:\Program Files\Java\jdk1.8.0_66\jre\bin\server\jvm.dll
0x00007fff93c20000 - 0x00007fff93c28000 	C:\Windows\system32\PSAPI.DLL
0x00007fff8de60000 - 0x00007fff8de69000 	C:\Windows\SYSTEM32\WSOCK32.dll
0x00007fff941d0000 - 0x00007fff9423b000 	C:\Windows\system32\WS2_32.dll
0x00007fff8f8f0000 - 0x00007fff8f913000 	C:\Windows\SYSTEM32\WINMM.dll
0x00007fff84930000 - 0x00007fff8493a000 	C:\Windows\SYSTEM32\VERSION.dll
0x00007fff8f890000 - 0x00007fff8f8bc000 	C:\Windows\SYSTEM32\WINMMBASE.dll
0x00007fff91700000 - 0x00007fff91743000 	C:\Windows\system32\cfgmgr32.dll
0x0000000054c00000 - 0x0000000054c0f000 	C:\Program Files\Java\jdk1.8.0_66\jre\bin\verify.dll
0x0000000054bd0000 - 0x0000000054bf9000 	C:\Program Files\Java\jdk1.8.0_66\jre\bin\java.dll
0x0000000054bb0000 - 0x0000000054bc6000 	C:\Program Files\Java\jdk1.8.0_66\jre\bin\zip.dll
0x00007fff92490000 - 0x00007fff939ec000 	C:\Windows\system32\SHELL32.dll
0x00007fff91e00000 - 0x00007fff92444000 	C:\Windows\system32\windows.storage.dll
0x00007fff93d50000 - 0x00007fff93da2000 	C:\Windows\system32\shlwapi.dll
0x00007fff916f0000 - 0x00007fff916ff000 	C:\Windows\system32\kernel.appcore.dll
0x00007fff91ba0000 - 0x00007fff91c55000 	C:\Windows\system32\shcore.dll
0x00007fff91690000 - 0x00007fff916db000 	C:\Windows\system32\powrprof.dll
0x00007fff91670000 - 0x00007fff91684000 	C:\Windows\system32\profapi.dll

VM Arguments:
jvm_args: -Djava.awt.headless=true -Xmx1024M -Dfile.encoding=windows-1252 -Duser.country=IT -Duser.language=it -Duser.variant 
java_command: com.android.dx.command.Main --dex --num-threads=4 --output C:\Users\Davide\AndroidStudioProjects\MioMeteo\app\build\intermediates\pre-dexed\debug\com.google.android.gms-play-services-maps-9.0.0_5e1a22836dccb8082603b8237532f16ec6598c05.jar C:\Users\Davide\AndroidStudioProjects\MioMeteo\app\build\intermediates\exploded-aar\com.google.android.gms\play-services-maps\9.0.0\jars\classes.jar
java_class_path (initial): C:\Users\Davide\AppData\Local\Android\sdk\build-tools\23.0.3\lib\dx.jar
Launcher Type: SUN_STANDARD

Environment Variables:
PATH=C:\ProgramData\Oracle\Java\javapath;C:\Program Files (x86)\Intel\iCLS Client\;C:\Program Files\Intel\iCLS Client\;C:\Windows\system32;C:\Windows;C:\Windows\System32\Wbem;C:\Windows\System32\WindowsPowerShell\v1.0\;c:\Program Files\Intel\WiFi\bin\;c:\Program Files\Common Files\Intel\WirelessCommon\;C:\Program Files\Intel\Intel(R) Management Engine Components\DAL;C:\Program Files (x86)\Intel\Intel(R) Management Engine Components\DAL;C:\Program Files\Intel\Intel(R) Management Engine Components\IPT;C:\Program Files (x86)\Intel\Intel(R) Management Engine Components\IPT;C:\Program Files\Hewlett-Packard\SimplePass\;C:\Program Files\Java\jdk1.8.0_66\bin;C:\Program Files\TortoiseSVN\bin;C:\Program Files (x86)\MySQL\MySQL Fabric 1.5 & MySQL Utilities 1.5\;C:\Program Files (x86)\MySQL\MySQL Fabric 1.5 & MySQL Utilities 1.5\Doctrine extensions for PHP\;C:\Program Files (x86)\Skype\Phone\
USERNAME=Davide
OS=Windows_NT
PROCESSOR_IDENTIFIER=Intel64 Family 6 Model 61 Stepping 4, GenuineIntel



---------------  S Y S T E M  ---------------

OS: Windows 10.0 , 64 bit Build 10586 (10.0.10586.0)

CPU:total 4 (2 cores per cpu, 2 threads per core) family 6 model 61 stepping 4, cmov, cx8, fxsr, mmx, sse, sse2, sse3, ssse3, sse4.1, sse4.2, popcnt, avx, avx2, aes, clmul, erms, 3dnowpref, lzcnt, ht, tsc, tscinvbit, bmi1, bmi2, adx

Memory: 4k page, physical 4109328k(160384k free), swap 5157904k(3060k free)

vm_info: Java HotSpot(TM) 64-Bit Server VM (25.66-b18) for windows-amd64 JRE (1.8.0_66-b18), built on Nov  9 2015 10:51:13 by "java_re" with MS VC++ 10.0 (VS2010)

time: Tue May 31 18:36:12 2016
elapsed time: 3 seconds (0d 0h 0m 3s)

