#
# There is insufficient memory for the Java Runtime Environment to continue.
# Native memory allocation (malloc) failed to allocate 54176 bytes for Chunk::new
# Possible reasons:
#   The system is out of physical RAM or swap space
#   In 32 bit mode, the process size limit was hit
# Possible solutions:
#   Reduce memory load on the system
#   Increase physical memory or swap space
#   Check if swap backing store is full
#   Use 64 bit Java on a 64 bit OS
#   Decrease Java heap size (-Xmx/-Xms)
#   Decrease number of Java threads
#   Decrease Java thread stack sizes (-Xss)
#   Set larger code cache with -XX:ReservedCodeCacheSize=
# This output file may be truncated or incomplete.
#
#  Out of Memory Error (allocation.cpp:390), pid=6928, tid=1220
#
# JRE version: Java(TM) SE Runtime Environment (8.0_66-b18) (build 1.8.0_66-b18)
# Java VM: Java HotSpot(TM) 64-Bit Server VM (25.66-b18 mixed mode windows-amd64 compressed oops)
# Failed to write core dump. Minidumps are not enabled by default on client versions of Windows
#

---------------  T H R E A D  ---------------

Current thread (0x0000000014909800):  JavaThread "C2 CompilerThread0" daemon [_thread_in_native, id=1220, stack(0x0000000015f60000,0x0000000016060000)]

Stack: [0x0000000015f60000,0x0000000016060000]
[error occurred during error reporting (printing stack bounds), id 0xc0000005]

Native frames: (J=compiled Java code, j=interpreted, Vv=VM code, C=native code)


Current CompileTask:
C2:   2011 1000       4       com.android.dx.util.LabeledList::addLabelIndex (43 bytes)


---------------  P R O C E S S  ---------------

Java Threads: ( => current thread )
  0x000000001654f800 JavaThread "pool-1-thread-4" [_thread_blocked, id=7908, stack(0x0000000016c60000,0x0000000016d60000)]
  0x000000001654e800 JavaThread "pool-1-thread-3" [_thread_blocked, id=3300, stack(0x0000000016b60000,0x0000000016c60000)]
  0x000000001654e000 JavaThread "pool-1-thread-2" [_thread_blocked, id=7240, stack(0x0000000016a60000,0x0000000016b60000)]
  0x0000000016542800 JavaThread "pool-2-thread-1" [_thread_blocked, id=7040, stack(0x0000000016960000,0x0000000016a60000)]
  0x0000000016542000 JavaThread "pool-1-thread-1" [_thread_blocked, id=4636, stack(0x0000000016860000,0x0000000016960000)]
  0x0000000016265800 JavaThread "Service Thread" daemon [_thread_blocked, id=1948, stack(0x0000000016660000,0x0000000016760000)]
  0x000000001496c800 JavaThread "C1 CompilerThread2" daemon [_thread_in_native, id=5264, stack(0x0000000016160000,0x0000000016260000)]
  0x000000001490c000 JavaThread "C2 CompilerThread1" daemon [_thread_in_native, id=364, stack(0x0000000016060000,0x0000000016160000)]
=>0x0000000014909800 JavaThread "C2 CompilerThread0" daemon [_thread_in_native, id=1220, stack(0x0000000015f60000,0x0000000016060000)]
  0x0000000014917000 JavaThread "Attach Listener" daemon [_thread_blocked, id=7064, stack(0x0000000015e60000,0x0000000015f60000)]
  0x0000000014915800 JavaThread "Signal Dispatcher" daemon [_thread_blocked, id=7740, stack(0x0000000015d60000,0x0000000015e60000)]
  0x00000000021e0800 JavaThread "Finalizer" daemon [_thread_blocked, id=5512, stack(0x0000000015b60000,0x0000000015c60000)]
  0x00000000021dd000 JavaThread "Reference Handler" daemon [_thread_blocked, id=3900, stack(0x0000000015a60000,0x0000000015b60000)]
  0x00000000020f0800 JavaThread "main" [_thread_in_Java, id=4196, stack(0x0000000001fd0000,0x00000000020d0000)]

Other Threads:
  0x00000000148d8000 VMThread [stack: 0x0000000015960000,0x0000000015a60000] [id=4924]
  0x000000001628a800 WatcherThread [stack: 0x0000000016760000,0x0000000016860000] [id=6960]

VM state:not at safepoint (normal execution)

VM Mutex/Monitor currently owned by a thread: None

Heap:
 PSYoungGen      total 18944K, used 7693K [0x00000000eab00000, 0x00000000ed000000, 0x0000000100000000)
  eden space 16384K, 31% used [0x00000000eab00000,0x00000000eb0047b0,0x00000000ebb00000)
  from space 2560K, 99% used [0x00000000ebb00000,0x00000000ebd7edd0,0x00000000ebd80000)
  to   space 2560K, 0% used [0x00000000ecd80000,0x00000000ecd80000,0x00000000ed000000)
 ParOldGen       total 44032K, used 1341K [0x00000000c0000000, 0x00000000c2b00000, 0x00000000eab00000)
  object space 44032K, 3% used [0x00000000c0000000,0x00000000c014f520,0x00000000c2b00000)
 Metaspace       used 5805K, capacity 6768K, committed 7040K, reserved 1058816K
  class space    used 592K, capacity 616K, committed 640K, reserved 1048576K

Card table byte_map: [0x0000000011600000,0x0000000011810000] byte_map_base: 0x0000000011000000

Marking Bits: (ParMarkBitMap*) 0x000000006fc1a5b0
 Begin Bits: [0x0000000011d70000, 0x0000000012d70000)
 End Bits:   [0x0000000012d70000, 0x0000000013d70000)

Polling page: 0x0000000000450000

CodeCache: size=245760Kb used=3970Kb max_used=3970Kb free=241789Kb
 bounds [0x0000000002240000, 0x0000000002630000, 0x0000000011240000]
 total_blobs=1256 nmethods=989 adapters=180
 compilation: enabled

Compilation events (10 events):
Event: 2.005 Thread 0x0000000014909800 nmethod 997 0x0000000002619590 code [0x00000000026196c0, 0x0000000002619738]
Event: 2.006 Thread 0x0000000014909800 1000       4       com.android.dx.util.LabeledList::addLabelIndex (43 bytes)
Event: 2.006 Thread 0x000000001496c800 nmethod 995 0x000000000261c450 code [0x000000000261c820, 0x000000000261ee28]
Event: 2.006 Thread 0x000000001496c800  999       3       com.android.dx.ssa.SsaBasicBlock::replaceSuccessor (125 bytes)
Event: 2.008 Thread 0x000000001496c800 nmethod 999 0x000000000261a9d0 code [0x000000000261ac60, 0x000000000261bad8]
Event: 2.008 Thread 0x000000001496c800  996       3       com.android.dx.rop.cst.TypedConstant::getBasicType (8 bytes)
Event: 2.008 Thread 0x000000001496c800 nmethod 996 0x000000000261a510 code [0x000000000261a680, 0x000000000261a928]
Event: 2.008 Thread 0x000000001496c800 1001       3       com.android.dx.rop.code.Insn$BaseVisitor::visitThrowingCstInsn (1 bytes)
Event: 2.009 Thread 0x000000001496c800 nmethod 1001 0x000000000261a1d0 code [0x000000000261a320, 0x000000000261a470]
Event: 2.009 Thread 0x000000001496c800 1002       3       com.android.dx.rop.code.RopMethod::calcPredecessors (227 bytes)

GC Heap History (2 events):
Event: 1.478 GC heap before
{Heap before GC invocations=1 (full 0):
 PSYoungGen      total 18944K, used 16384K [0x00000000eab00000, 0x00000000ec000000, 0x0000000100000000)
  eden space 16384K, 100% used [0x00000000eab00000,0x00000000ebb00000,0x00000000ebb00000)
  from space 2560K, 0% used [0x00000000ebd80000,0x00000000ebd80000,0x00000000ec000000)
  to   space 2560K, 0% used [0x00000000ebb00000,0x00000000ebb00000,0x00000000ebd80000)
 ParOldGen       total 44032K, used 0K [0x00000000c0000000, 0x00000000c2b00000, 0x00000000eab00000)
  object space 44032K, 0% used [0x00000000c0000000,0x00000000c0000000,0x00000000c2b00000)
 Metaspace       used 5699K, capacity 6640K, committed 6784K, reserved 1056768K
  class space    used 592K, capacity 616K, committed 640K, reserved 1048576K
Event: 1.578 GC heap after
Heap after GC invocations=1 (full 0):
 PSYoungGen      total 18944K, used 2555K [0x00000000eab00000, 0x00000000ed000000, 0x0000000100000000)
  eden space 16384K, 0% used [0x00000000eab00000,0x00000000eab00000,0x00000000ebb00000)
  from space 2560K, 99% used [0x00000000ebb00000,0x00000000ebd7edd0,0x00000000ebd80000)
  to   space 2560K, 0% used [0x00000000ecd80000,0x00000000ecd80000,0x00000000ed000000)
 ParOldGen       total 44032K, used 1341K [0x00000000c0000000, 0x00000000c2b00000, 0x00000000eab00000)
  object space 44032K, 3% used [0x00000000c0000000,0x00000000c014f520,0x00000000c2b00000)
 Metaspace       used 5699K, capacity 6640K, committed 6784K, reserved 1056768K
  class space    used 592K, capacity 616K, committed 640K, reserved 1048576K
}

Deoptimization events (1 events):
Event: 1.444 Thread 0x0000000016542000 Uncommon trap: reason=class_check action=maybe_recompile pc=0x00000000024ba930 method=com.android.dx.ssa.NormalSsaInsn.accept(Lcom/android/dx/ssa/SsaInsn$Visitor;)V @ 9

Internal exceptions (2 events):
Event: 0.123 Thread 0x00000000020f0800 Exception <a 'java/lang/NoSuchMethodError': Method sun.misc.Unsafe.defineClass(Ljava/lang/String;[BII)Ljava/lang/Class; name or signature does not match> (0x00000000eab0d850) thrown at [C:\re\workspace\8-2-build-windows-amd64-cygwin\jdk8u66\5298\hotspot\sr¿R½çy“¿?
Event: 0.123 Thread 0x00000000020f0800 Exception <a 'java/lang/NoSuchMethodError': Method sun.misc.Unsafe.prefetchRead(Ljava/lang/Object;J)V name or signature does not match> (0x00000000eab0db38) thrown at [C:\re\workspace\8-2-build-windows-amd64-cygwin\jdk8u66\5298\hotspot\src\share\vm\prims\j

Events (10 events):
Event: 1.444 Thread 0x0000000016542000 DEOPT PACKING pc=0x00000000024ba930 sp=0x000000001695e590
Event: 1.444 Thread 0x0000000016542000 DEOPT UNPACKING pc=0x000000000228582a sp=0x000000001695e520 mode 2
Event: 1.478 Executing VM operation: ParallelGCFailedAllocation
Event: 1.578 Executing VM operation: ParallelGCFailedAllocation done
Event: 1.794 Thread 0x00000000020f0800 DEOPT PACKING pc=0x00000000024ad902 sp=0x00000000020cdfe0
Event: 1.794 Thread 0x00000000020f0800 DEOPT UNPACKING pc=0x000000000228787f sp=0x00000000020cdd48 mode 0
Event: 1.797 Thread 0x00000000020f0800 DEOPT PACKING pc=0x00000000024ad902 sp=0x00000000020cdfe0
Event: 1.797 Thread 0x00000000020f0800 DEOPT UNPACKING pc=0x000000000228787f sp=0x00000000020cdd48 mode 0
Event: 1.987 Executing VM operation: CollectForMetadataAllocation
Event: 1.987 Executing VM operation: CollectForMetadataAllocation done


Dynamic libraries:
0x00007ff7e1010000 - 0x00007ff7e1047000 	C:\Program Files\Java\jdk1.8.0_66\bin\java.exe
0x00007ffbf7d80000 - 0x00007ffbf7f41000 	C:\Windows\SYSTEM32\ntdll.dll
0x00007ffbf51e0000 - 0x00007ffbf528d000 	C:\Windows\system32\KERNEL32.DLL
0x00007ffbf44c0000 - 0x00007ffbf46a8000 	C:\Windows\system32\KERNELBASE.dll
0x00007ffbf7760000 - 0x00007ffbf7807000 	C:\Windows\system32\ADVAPI32.dll
0x00007ffbf5300000 - 0x00007ffbf539d000 	C:\Windows\system32\msvcrt.dll
0x00007ffbf53b0000 - 0x00007ffbf540b000 	C:\Windows\system32\sechost.dll
0x00007ffbf7c60000 - 0x00007ffbf7d7c000 	C:\Windows\system32\RPCRT4.dll
0x00007ffbf7810000 - 0x00007ffbf7966000 	C:\Windows\system32\USER32.dll
0x00007ffbf5410000 - 0x00007ffbf5596000 	C:\Windows\system32\GDI32.dll
0x00007ffbe7e40000 - 0x00007ffbe80b4000 	C:\Windows\WinSxS\amd64_microsoft.windows.common-controls_6595b64144ccf1df_6.0.10586.0_none_8c15ae12515e1c22\COMCTL32.dll
0x00007ffbf79e0000 - 0x00007ffbf7c5d000 	C:\Windows\system32\combase.dll
0x00007ffbf46b0000 - 0x00007ffbf471a000 	C:\Windows\system32\bcryptPrimitives.dll
0x00007ffbf72f0000 - 0x00007ffbf732b000 	C:\Windows\system32\IMM32.DLL
0x000000006ede0000 - 0x000000006eeb2000 	C:\Program Files\Java\jdk1.8.0_66\jre\bin\msvcr100.dll
0x000000006f410000 - 0x000000006fc99000 	C:\Program Files\Java\jdk1.8.0_66\jre\bin\server\jvm.dll
0x00007ffbf6ee0000 - 0x00007ffbf6ee8000 	C:\Windows\system32\PSAPI.DLL
0x00007ffbf0fb0000 - 0x00007ffbf0fb9000 	C:\Windows\SYSTEM32\WSOCK32.dll
0x00007ffbf7280000 - 0x00007ffbf72eb000 	C:\Windows\system32\WS2_32.dll
0x00007ffbf2ad0000 - 0x00007ffbf2af3000 	C:\Windows\SYSTEM32\WINMM.dll
0x00007ffbe75f0000 - 0x00007ffbe75fa000 	C:\Windows\SYSTEM32\VERSION.dll
0x00007ffbf2a70000 - 0x00007ffbf2a9c000 	C:\Windows\SYSTEM32\WINMMBASE.dll
0x00007ffbf4f60000 - 0x00007ffbf4fa3000 	C:\Windows\system32\cfgmgr32.dll
0x000000006f400000 - 0x000000006f40f000 	C:\Program Files\Java\jdk1.8.0_66\jre\bin\verify.dll
0x000000006f3d0000 - 0x000000006f3f9000 	C:\Program Files\Java\jdk1.8.0_66\jre\bin\java.dll
0x000000006f3b0000 - 0x000000006f3c6000 	C:\Program Files\Java\jdk1.8.0_66\jre\bin\zip.dll
0x00007ffbf5980000 - 0x00007ffbf6edc000 	C:\Windows\system32\SHELL32.dll
0x00007ffbf47d0000 - 0x00007ffbf4e14000 	C:\Windows\system32\windows.storage.dll
0x00007ffbf7220000 - 0x00007ffbf7272000 	C:\Windows\system32\shlwapi.dll
0x00007ffbf4410000 - 0x00007ffbf441f000 	C:\Windows\system32\kernel.appcore.dll
0x00007ffbf4ea0000 - 0x00007ffbf4f55000 	C:\Windows\system32\shcore.dll
0x00007ffbf43c0000 - 0x00007ffbf440b000 	C:\Windows\system32\powrprof.dll
0x00007ffbf43a0000 - 0x00007ffbf43b4000 	C:\Windows\system32\profapi.dll

VM Arguments:
jvm_args: -Djava.awt.headless=true -Xmx1024M -Dfile.encoding=windows-1252 -Duser.country=IT -Duser.language=it -Duser.variant 
java_command: com.android.dx.command.Main --dex --num-threads=4 --output C:\Users\Davide\AndroidStudioProjects\MioMeteo\app\build\intermediates\pre-dexed\debug\com.google.android.gms-play-services-tagmanager-9.0.0_88a01ef47c025857804dc6428ad2374a943fc7ee.jar C:\Users\Davide\AndroidStudioProjects\MioMeteo\app\build\intermediates\exploded-aar\com.google.android.gms\play-services-tagmanager\9.0.0\jars\classes.jar
java_class_path (initial): C:\Users\Davide\AppData\Local\Android\sdk\build-tools\23.0.3\lib\dx.jar
Launcher Type: SUN_STANDARD

Environment Variables:
PATH=C:\ProgramData\Oracle\Java\javapath;C:\Program Files (x86)\Intel\iCLS Client\;C:\Program Files\Intel\iCLS Client\;C:\Windows\system32;C:\Windows;C:\Windows\System32\Wbem;C:\Windows\System32\WindowsPowerShell\v1.0\;c:\Program Files\Intel\WiFi\bin\;c:\Program Files\Common Files\Intel\WirelessCommon\;C:\Program Files\Intel\Intel(R) Management Engine Components\DAL;C:\Program Files (x86)\Intel\Intel(R) Management Engine Components\DAL;C:\Program Files\Intel\Intel(R) Management Engine Components\IPT;C:\Program Files (x86)\Intel\Intel(R) Management Engine Components\IPT;C:\Program Files\Hewlett-Packard\SimplePass\;C:\Program Files\Java\jdk1.8.0_66\bin;C:\Program Files\TortoiseSVN\bin;C:\Program Files (x86)\MySQL\MySQL Fabric 1.5 & MySQL Utilities 1.5\;C:\Program Files (x86)\MySQL\MySQL Fabric 1.5 & MySQL Utilities 1.5\Doctrine extensions for PHP\;C:\Program Files (x86)\Skype\Phone\
USERNAME=Davide
OS=Windows_NT
PROCESSOR_IDENTIFIER=Intel64 Family 6 Model 61 Stepping 4, GenuineIntel



---------------  S Y S T E M  ---------------

OS: Windows 10.0 , 64 bit Build 10586 (10.0.10586.0)

CPU:total 4 (2 cores per cpu, 2 threads per core) family 6 model 61 stepping 4, cmov, cx8, fxsr, mmx, sse, sse2, sse3, ssse3, sse4.1, sse4.2, popcnt, avx, avx2, aes, clmul, erms, 3dnowpref, lzcnt, ht, tsc, tscinvbit, bmi1, bmi2, adx

Memory: 4k page, physical 4109328k(105352k free), swap 5157904k(4204k free)

vm_info: Java HotSpot(TM) 64-Bit Server VM (25.66-b18) for windows-amd64 JRE (1.8.0_66-b18), built on Nov  9 2015 10:51:13 by "java_re" with MS VC++ 10.0 (VS2010)

time: Tue May 31 21:15:26 2016
elapsed time: 2 seconds (0d 0h 0m 2s)

