#
# There is insufficient memory for the Java Runtime Environment to continue.
# Native memory allocation (malloc) failed to allocate 201104 bytes for Chunk::new
# Possible reasons:
#   The system is out of physical RAM or swap space
#   In 32 bit mode, the process size limit was hit
# Possible solutions:
#   Reduce memory load on the system
#   Increase physical memory or swap space
#   Check if swap backing store is full
#   Use 64 bit Java on a 64 bit OS
#   Decrease Java heap size (-Xmx/-Xms)
#   Decrease number of Java threads
#   Decrease Java thread stack sizes (-Xss)
#   Set larger code cache with -XX:ReservedCodeCacheSize=
# This output file may be truncated or incomplete.
#
#  Out of Memory Error (allocation.cpp:390), pid=3924, tid=7112
#
# JRE version: Java(TM) SE Runtime Environment (8.0_66-b18) (build 1.8.0_66-b18)
# Java VM: Java HotSpot(TM) 64-Bit Server VM (25.66-b18 mixed mode windows-amd64 compressed oops)
# Failed to write core dump. Minidumps are not enabled by default on client versions of Windows
#

---------------  T H R E A D  ---------------

Current thread (0x0000000014a2c800):  JavaThread "C2 CompilerThread1" daemon [_thread_in_native, id=7112, stack(0x0000000016190000,0x0000000016290000)]

Stack: [0x0000000016190000,0x0000000016290000]
[error occurred during error reporting (printing stack bounds), id 0xc0000005]

Native frames: (J=compiled Java code, j=interpreted, Vv=VM code, C=native code)


Current CompileTask:
C2:   2842 1392       4       com.android.dx.ssa.SCCP::simulateBranch (666 bytes)


---------------  P R O C E S S  ---------------

Java Threads: ( => current thread )
  0x0000000016691000 JavaThread "pool-1-thread-4" [_thread_in_Java, id=3976, stack(0x0000000017590000,0x0000000017690000)]
  0x0000000016690000 JavaThread "pool-1-thread-3" [_thread_in_Java, id=6680, stack(0x0000000017490000,0x0000000017590000)]
  0x000000001668f000 JavaThread "pool-1-thread-2" [_thread_blocked, id=3872, stack(0x0000000017390000,0x0000000017490000)]
  0x000000001665a800 JavaThread "pool-2-thread-1" [_thread_blocked, id=6108, stack(0x0000000017290000,0x0000000017390000)]
  0x000000001662c000 JavaThread "pool-1-thread-1" [_thread_in_Java, id=3884, stack(0x0000000017190000,0x0000000017290000)]
  0x00000000163ae800 JavaThread "Service Thread" daemon [_thread_blocked, id=4168, stack(0x0000000016790000,0x0000000016890000)]
  0x0000000014a35000 JavaThread "C1 CompilerThread2" daemon [_thread_blocked, id=7944, stack(0x0000000016290000,0x0000000016390000)]
=>0x0000000014a2c800 JavaThread "C2 CompilerThread1" daemon [_thread_in_native, id=7112, stack(0x0000000016190000,0x0000000016290000)]
  0x0000000014a39800 JavaThread "C2 CompilerThread0" daemon [_thread_in_native, id=7392, stack(0x0000000016090000,0x0000000016190000)]
  0x0000000014a38000 JavaThread "Attach Listener" daemon [_thread_blocked, id=1712, stack(0x0000000015f90000,0x0000000016090000)]
  0x0000000014a36800 JavaThread "Signal Dispatcher" daemon [_thread_blocked, id=6428, stack(0x0000000015e90000,0x0000000015f90000)]
  0x0000000002356000 JavaThread "Finalizer" daemon [_thread_blocked, id=8060, stack(0x0000000015c90000,0x0000000015d90000)]
  0x000000000234d000 JavaThread "Reference Handler" daemon [_thread_blocked, id=3236, stack(0x0000000015b90000,0x0000000015c90000)]
  0x0000000002260800 JavaThread "main" [_thread_in_Java, id=7100, stack(0x0000000002160000,0x0000000002260000)]

Other Threads:
  0x00000000149f8000 VMThread [stack: 0x0000000015a90000,0x0000000015b90000] [id=8168]
  0x00000000163b3800 WatcherThread [stack: 0x0000000016890000,0x0000000016990000] [id=4160]

VM state:not at safepoint (normal execution)

VM Mutex/Monitor currently owned by a thread: None

Heap:
 PSYoungGen      total 35328K, used 27129K [0x00000000eab00000, 0x00000000ed000000, 0x0000000100000000)
  eden space 32768K, 75% used [0x00000000eab00000,0x00000000ec303970,0x00000000ecb00000)
  from space 2560K, 99% used [0x00000000ecd80000,0x00000000ecffaa90,0x00000000ed000000)
  to   space 2560K, 0% used [0x00000000ecb00000,0x00000000ecb00000,0x00000000ecd80000)
 ParOldGen       total 44032K, used 2125K [0x00000000c0000000, 0x00000000c2b00000, 0x00000000eab00000)
  object space 44032K, 4% used [0x00000000c0000000,0x00000000c0213668,0x00000000c2b00000)
 Metaspace       used 6149K, capacity 7024K, committed 7296K, reserved 1056768K
  class space    used 601K, capacity 616K, committed 640K, reserved 1048576K

Card table byte_map: [0x0000000011720000,0x0000000011930000] byte_map_base: 0x0000000011120000

Marking Bits: (ParMarkBitMap*) 0x0000000057daa5b0
 Begin Bits: [0x0000000011e90000, 0x0000000012e90000)
 End Bits:   [0x0000000012e90000, 0x0000000013e90000)

Polling page: 0x00000000004f0000

CodeCache: size=245760Kb used=5860Kb max_used=5860Kb free=239899Kb
 bounds [0x0000000002360000, 0x0000000002920000, 0x0000000011360000]
 total_blobs=1713 nmethods=1444 adapters=182
 compilation: enabled

Compilation events (10 events):
Event: 2.827 Thread 0x0000000014a35000 1453       3       com.android.dx.rop.cst.CstBaseMethodRef::getParameterWordCount (12 bytes)
Event: 2.827 Thread 0x0000000014a35000 nmethod 1453 0x00000000029189d0 code [0x0000000002918b80, 0x00000000029193e8]
Event: 2.827 Thread 0x0000000014a35000 1455       3       com.android.dx.dex.code.RopTranslator::translateAndGetResult (48 bytes)
Event: 2.828 Thread 0x0000000014a35000 nmethod 1455 0x0000000002919710 code [0x00000000029198e0, 0x0000000002919e18]
Event: 2.831 Thread 0x0000000014a35000 1457       1       com.android.dx.util.Bits::makeBitSet (11 bytes)
Event: 2.831 Thread 0x0000000014a35000 nmethod 1457 0x000000000291a0d0 code [0x000000000291a220, 0x000000000291a390]
Event: 2.835 Thread 0x0000000014a35000 1459       3       java.util.concurrent.locks.ReentrantLock$Sync::tryRelease (45 bytes)
Event: 2.835 Thread 0x0000000014a35000 nmethod 1459 0x000000000291a410 code [0x000000000291a5a0, 0x000000000291ab48]
Event: 2.838 Thread 0x0000000014a35000 1460       3       com.android.dx.rop.annotation.Annotations::add (75 bytes)
Event: 2.839 Thread 0x0000000014a35000 nmethod 1460 0x000000000291ac90 code [0x000000000291af00, 0x000000000291be28]

GC Heap History (4 events):
Event: 1.082 GC heap before
{Heap before GC invocations=1 (full 0):
 PSYoungGen      total 18944K, used 16384K [0x00000000eab00000, 0x00000000ec000000, 0x0000000100000000)
  eden space 16384K, 100% used [0x00000000eab00000,0x00000000ebb00000,0x00000000ebb00000)
  from space 2560K, 0% used [0x00000000ebd80000,0x00000000ebd80000,0x00000000ec000000)
  to   space 2560K, 0% used [0x00000000ebb00000,0x00000000ebb00000,0x00000000ebd80000)
 ParOldGen       total 44032K, used 0K [0x00000000c0000000, 0x00000000c2b00000, 0x00000000eab00000)
  object space 44032K, 0% used [0x00000000c0000000,0x00000000c0000000,0x00000000c2b00000)
 Metaspace       used 5263K, capacity 6256K, committed 6528K, reserved 1056768K
  class space    used 583K, capacity 616K, committed 640K, reserved 1048576K
Event: 1.101 GC heap after
Heap after GC invocations=1 (full 0):
 PSYoungGen      total 18944K, used 2534K [0x00000000eab00000, 0x00000000ed000000, 0x0000000100000000)
  eden space 16384K, 0% used [0x00000000eab00000,0x00000000eab00000,0x00000000ebb00000)
  from space 2560K, 98% used [0x00000000ebb00000,0x00000000ebd798a8,0x00000000ebd80000)
  to   space 2560K, 0% used [0x00000000ecd80000,0x00000000ecd80000,0x00000000ed000000)
 ParOldGen       total 44032K, used 568K [0x00000000c0000000, 0x00000000c2b00000, 0x00000000eab00000)
  object space 44032K, 1% used [0x00000000c0000000,0x00000000c008e120,0x00000000c2b00000)
 Metaspace       used 5263K, capacity 6256K, committed 6528K, reserved 1056768K
  class space    used 583K, capacity 616K, committed 640K, reserved 1048576K
}
Event: 1.955 GC heap before
{Heap before GC invocations=2 (full 0):
 PSYoungGen      total 18944K, used 18918K [0x00000000eab00000, 0x00000000ed000000, 0x0000000100000000)
  eden space 16384K, 100% used [0x00000000eab00000,0x00000000ebb00000,0x00000000ebb00000)
  from space 2560K, 98% used [0x00000000ebb00000,0x00000000ebd798a8,0x00000000ebd80000)
  to   space 2560K, 0% used [0x00000000ecd80000,0x00000000ecd80000,0x00000000ed000000)
 ParOldGen       total 44032K, used 568K [0x00000000c0000000, 0x00000000c2b00000, 0x00000000eab00000)
  object space 44032K, 1% used [0x00000000c0000000,0x00000000c008e120,0x00000000c2b00000)
 Metaspace       used 6021K, capacity 6896K, committed 7040K, reserved 1056768K
  class space    used 601K, capacity 616K, committed 640K, reserved 1048576K
Event: 1.965 GC heap after
Heap after GC invocations=2 (full 0):
 PSYoungGen      total 35328K, used 2538K [0x00000000eab00000, 0x00000000ed000000, 0x0000000100000000)
  eden space 32768K, 0% used [0x00000000eab00000,0x00000000eab00000,0x00000000ecb00000)
  from space 2560K, 99% used [0x00000000ecd80000,0x00000000ecffaa90,0x00000000ed000000)
  to   space 2560K, 0% used [0x00000000ecb00000,0x00000000ecb00000,0x00000000ecd80000)
 ParOldGen       total 44032K, used 2125K [0x00000000c0000000, 0x00000000c2b00000, 0x00000000eab00000)
  object space 44032K, 4% used [0x00000000c0000000,0x00000000c0213668,0x00000000c2b00000)
 Metaspace       used 6021K, capacity 6896K, committed 7040K, reserved 1056768K
  class space    used 601K, capacity 616K, committed 640K, reserved 1048576K
}

Deoptimization events (9 events):
Event: 0.333 Thread 0x0000000002260800 Uncommon trap: reason=unstable_if action=reinterpret pc=0x00000000024b74e4 method=java.util.regex.Pattern$BnM.match(Ljava/util/regex/Matcher;ILjava/lang/CharSequence;)Z @ 56
Event: 1.184 Thread 0x0000000016690000 Uncommon trap: reason=unstable_if action=reinterpret pc=0x0000000002592cf8 method=java.util.HashMap.getNode(ILjava/lang/Object;)Ljava/util/HashMap$Node; @ 129
Event: 1.425 Thread 0x0000000016691000 Uncommon trap: reason=class_check action=maybe_recompile pc=0x0000000002658078 method=com.android.dx.ssa.NormalSsaInsn.accept(Lcom/android/dx/ssa/SsaInsn$Visitor;)V @ 9
Event: 1.425 Thread 0x0000000016691000 Uncommon trap: reason=class_check action=maybe_recompile pc=0x00000000025f3cb0 method=com.android.dx.ssa.NormalSsaInsn.accept(Lcom/android/dx/ssa/SsaInsn$Visitor;)V @ 9
Event: 1.425 Thread 0x0000000016691000 Uncommon trap: reason=class_check action=maybe_recompile pc=0x00000000025f3cb0 method=com.android.dx.ssa.NormalSsaInsn.accept(Lcom/android/dx/ssa/SsaInsn$Visitor;)V @ 9
Event: 1.425 Thread 0x0000000016691000 Uncommon trap: reason=class_check action=maybe_recompile pc=0x00000000025f3cb0 method=com.android.dx.ssa.NormalSsaInsn.accept(Lcom/android/dx/ssa/SsaInsn$Visitor;)V @ 9
Event: 1.429 Thread 0x0000000016691000 Uncommon trap: reason=class_check action=maybe_recompile pc=0x0000000002658078 method=com.android.dx.ssa.NormalSsaInsn.accept(Lcom/android/dx/ssa/SsaInsn$Visitor;)V @ 9
Event: 1.772 Thread 0x0000000002260800 Uncommon trap: reason=unstable_if action=reinterpret pc=0x00000000026908c8 method=java.lang.String.<init>([CII)V @ 18
Event: 2.057 Thread 0x000000001662c000 Uncommon trap: reason=unstable_if action=reinterpret pc=0x00000000026d2ddc method=com.android.dx.rop.cst.Constant.compareTo(Lcom/android/dx/rop/cst/Constant;)I @ 12

Internal exceptions (2 events):
Event: 0.059 Thread 0x0000000002260800 Exception <a 'java/lang/NoSuchMethodError': Method sun.misc.Unsafe.defineClass(Ljava/lang/String;[BII)Ljava/lang/Class; name or signature does not match> (0x00000000eab0d848) thrown at [C:\re\workspace\8-2-build-windows-amd64-cygwin\jdk8u66\5298\hotspot\sr©'ËØ§G®?
Event: 0.059 Thread 0x0000000002260800 Exception <a 'java/lang/NoSuchMethodError': Method sun.misc.Unsafe.prefetchRead(Ljava/lang/Object;J)V name or signature does not match> (0x00000000eab0db30) thrown at [C:\re\workspace\8-2-build-windows-amd64-cygwin\jdk8u66\5298\hotspot\src\share\vm\prims\j

Events (10 events):
Event: 1.772 Thread 0x0000000002260800 DEOPT UNPACKING pc=0x00000000023a582a sp=0x000000000225e510 mode 2
Event: 1.864 Executing VM operation: ForceSafepoint
Event: 1.950 Executing VM operation: ForceSafepoint done
Event: 1.954 Executing VM operation: ParallelGCFailedAllocation
Event: 1.965 Executing VM operation: ParallelGCFailedAllocation done
Event: 2.056 Thread 0x000000001662c000 Uncommon trap: trap_request=0xffffff65 fr.pc=0x00000000026d2ddc
Event: 2.057 Thread 0x000000001662c000 DEOPT PACKING pc=0x00000000026d2ddc sp=0x000000001728e4e0
Event: 2.057 Thread 0x000000001662c000 DEOPT UNPACKING pc=0x00000000023a582a sp=0x000000001728e480 mode 2
Event: 2.581 loading class com/android/dx/cf/code/BytecodeArray$ConstantParserVisitor
Event: 2.581 loading class com/android/dx/cf/code/BytecodeArray$ConstantParserVisitor done


Dynamic libraries:
0x00007ff71db00000 - 0x00007ff71db37000 	C:\Program Files\Java\jdk1.8.0_66\bin\java.exe
0x00007ff91b210000 - 0x00007ff91b3d1000 	C:\Windows\SYSTEM32\ntdll.dll
0x00007ff918d20000 - 0x00007ff918dcd000 	C:\Windows\system32\KERNEL32.DLL
0x00007ff9178c0000 - 0x00007ff917aa8000 	C:\Windows\system32\KERNELBASE.dll
0x00007ff918860000 - 0x00007ff918907000 	C:\Windows\system32\ADVAPI32.dll
0x00007ff919380000 - 0x00007ff91941d000 	C:\Windows\system32\msvcrt.dll
0x00007ff918970000 - 0x00007ff9189cb000 	C:\Windows\system32\sechost.dll
0x00007ff918dd0000 - 0x00007ff918eec000 	C:\Windows\system32\RPCRT4.dll
0x00007ff91b040000 - 0x00007ff91b196000 	C:\Windows\system32\USER32.dll
0x00007ff919530000 - 0x00007ff9196b6000 	C:\Windows\system32\GDI32.dll
0x00007ff90c270000 - 0x00007ff90c4e4000 	C:\Windows\WinSxS\amd64_microsoft.windows.common-controls_6595b64144ccf1df_6.0.10586.0_none_8c15ae12515e1c22\COMCTL32.dll
0x00007ff9189d0000 - 0x00007ff918c4d000 	C:\Windows\system32\combase.dll
0x00007ff9184f0000 - 0x00007ff91855a000 	C:\Windows\system32\bcryptPrimitives.dll
0x00007ff918c60000 - 0x00007ff918c9b000 	C:\Windows\system32\IMM32.DLL
0x0000000056f70000 - 0x0000000057042000 	C:\Program Files\Java\jdk1.8.0_66\jre\bin\msvcr100.dll
0x00000000575a0000 - 0x0000000057e29000 	C:\Program Files\Java\jdk1.8.0_66\jre\bin\server\jvm.dll
0x00007ff918c50000 - 0x00007ff918c58000 	C:\Windows\system32\PSAPI.DLL
0x00007ff913d90000 - 0x00007ff913d99000 	C:\Windows\SYSTEM32\WSOCK32.dll
0x00007ff91b1a0000 - 0x00007ff91b20b000 	C:\Windows\system32\WS2_32.dll
0x00007ff915a60000 - 0x00007ff915a83000 	C:\Windows\SYSTEM32\WINMM.dll
0x00007ff90b1e0000 - 0x00007ff90b1ea000 	C:\Windows\SYSTEM32\VERSION.dll
0x00007ff915a00000 - 0x00007ff915a2c000 	C:\Windows\SYSTEM32\WINMMBASE.dll
0x00007ff9184a0000 - 0x00007ff9184e3000 	C:\Windows\system32\cfgmgr32.dll
0x0000000057590000 - 0x000000005759f000 	C:\Program Files\Java\jdk1.8.0_66\jre\bin\verify.dll
0x0000000057560000 - 0x0000000057589000 	C:\Program Files\Java\jdk1.8.0_66\jre\bin\java.dll
0x0000000057540000 - 0x0000000057556000 	C:\Program Files\Java\jdk1.8.0_66\jre\bin\zip.dll
0x00007ff9196c0000 - 0x00007ff91ac1c000 	C:\Windows\system32\SHELL32.dll
0x00007ff917d40000 - 0x00007ff918384000 	C:\Windows\system32\windows.storage.dll
0x00007ff918910000 - 0x00007ff918962000 	C:\Windows\system32\shlwapi.dll
0x00007ff9178a0000 - 0x00007ff9178af000 	C:\Windows\system32\kernel.appcore.dll
0x00007ff917c80000 - 0x00007ff917d35000 	C:\Windows\system32\shcore.dll
0x00007ff917850000 - 0x00007ff91789b000 	C:\Windows\system32\powrprof.dll
0x00007ff917830000 - 0x00007ff917844000 	C:\Windows\system32\profapi.dll

VM Arguments:
jvm_args: -Djava.awt.headless=true -Xmx1024M -Dfile.encoding=windows-1252 -Duser.country=IT -Duser.language=it -Duser.variant 
java_command: com.android.dx.command.Main --dex --num-threads=4 --output C:\Users\Davide\AndroidStudioProjects\MioMeteo\app\build\intermediates\pre-dexed\debug\com.google.android.gms-play-services-basement-8.4.0_3013a74c5a4f87319a74fd9f52916b8d95f0d285.jar C:\Users\Davide\AndroidStudioProjects\MioMeteo\app\build\intermediates\exploded-aar\com.google.android.gms\play-services-basement\8.4.0\jars\classes.jar
java_class_path (initial): C:\Users\Davide\AppData\Local\Android\sdk\build-tools\23.0.3\lib\dx.jar
Launcher Type: SUN_STANDARD

Environment Variables:
PATH=C:\ProgramData\Oracle\Java\javapath;C:\Program Files (x86)\Intel\iCLS Client\;C:\Program Files\Intel\iCLS Client\;C:\Windows\system32;C:\Windows;C:\Windows\System32\Wbem;C:\Windows\System32\WindowsPowerShell\v1.0\;c:\Program Files\Intel\WiFi\bin\;c:\Program Files\Common Files\Intel\WirelessCommon\;C:\Program Files\Intel\Intel(R) Management Engine Components\DAL;C:\Program Files (x86)\Intel\Intel(R) Management Engine Components\DAL;C:\Program Files\Intel\Intel(R) Management Engine Components\IPT;C:\Program Files (x86)\Intel\Intel(R) Management Engine Components\IPT;C:\Program Files\Hewlett-Packard\SimplePass\;C:\Program Files\Java\jdk1.8.0_66\bin;C:\Program Files\TortoiseSVN\bin;C:\Program Files (x86)\MySQL\MySQL Fabric 1.5 & MySQL Utilities 1.5\;C:\Program Files (x86)\MySQL\MySQL Fabric 1.5 & MySQL Utilities 1.5\Doctrine extensions for PHP\;C:\Program Files (x86)\Skype\Phone\
USERNAME=Davide
OS=Windows_NT
PROCESSOR_IDENTIFIER=Intel64 Family 6 Model 61 Stepping 4, GenuineIntel



---------------  S Y S T E M  ---------------

OS: Windows 10.0 , 64 bit Build 10586 (10.0.10586.0)

CPU:total 4 (2 cores per cpu, 2 threads per core) family 6 model 61 stepping 4, cmov, cx8, fxsr, mmx, sse, sse2, sse3, ssse3, sse4.1, sse4.2, popcnt, avx, avx2, aes, clmul, erms, 3dnowpref, lzcnt, ht, tsc, tscinvbit, bmi1, bmi2, adx

Memory: 4k page, physical 4109328k(151168k free), swap 5157904k(5456k free)

vm_info: Java HotSpot(TM) 64-Bit Server VM (25.66-b18) for windows-amd64 JRE (1.8.0_66-b18), built on Nov  9 2015 10:51:13 by "java_re" with MS VC++ 10.0 (VS2010)

time: Wed May 18 19:51:58 2016
elapsed time: 2 seconds (0d 0h 0m 2s)

