#
# There is insufficient memory for the Java Runtime Environment to continue.
# Native memory allocation (malloc) failed to allocate 364656 bytes for Chunk::new
# Possible reasons:
#   The system is out of physical RAM or swap space
#   In 32 bit mode, the process size limit was hit
# Possible solutions:
#   Reduce memory load on the system
#   Increase physical memory or swap space
#   Check if swap backing store is full
#   Use 64 bit Java on a 64 bit OS
#   Decrease Java heap size (-Xmx/-Xms)
#   Decrease number of Java threads
#   Decrease Java thread stack sizes (-Xss)
#   Set larger code cache with -XX:ReservedCodeCacheSize=
# This output file may be truncated or incomplete.
#
#  Out of Memory Error (allocation.cpp:390), pid=236, tid=6628
#
# JRE version: Java(TM) SE Runtime Environment (8.0_66-b18) (build 1.8.0_66-b18)
# Java VM: Java HotSpot(TM) 64-Bit Server VM (25.66-b18 mixed mode windows-amd64 compressed oops)
# Failed to write core dump. Minidumps are not enabled by default on client versions of Windows
#

---------------  T H R E A D  ---------------

Current thread (0x000000001493d000):  JavaThread "C2 CompilerThread0" daemon [_thread_in_native, id=6628, stack(0x0000000015f90000,0x0000000016090000)]

Stack: [0x0000000015f90000,0x0000000016090000]
[error occurred during error reporting (printing stack bounds), id 0xc0000005]

Native frames: (J=compiled Java code, j=interpreted, Vv=VM code, C=native code)


Current CompileTask:
C2:  11462 2535       4       com.android.dx.rop.cst.CstBaseMethodRef::getPrototype (41 bytes)


---------------  P R O C E S S  ---------------

Java Threads: ( => current thread )
  0x0000000016535800 JavaThread "pool-1-thread-1" [_thread_in_Java, id=4456, stack(0x0000000019650000,0x0000000019750000)]
  0x0000000016295800 JavaThread "Service Thread" daemon [_thread_blocked, id=7812, stack(0x0000000016690000,0x0000000016790000)]
  0x000000001499c000 JavaThread "C1 CompilerThread2" daemon [_thread_blocked, id=948, stack(0x0000000016190000,0x0000000016290000)]
  0x0000000014999800 JavaThread "C2 CompilerThread1" daemon [_thread_in_native, id=4196, stack(0x0000000016090000,0x0000000016190000)]
=>0x000000001493d000 JavaThread "C2 CompilerThread0" daemon [_thread_in_native, id=6628, stack(0x0000000015f90000,0x0000000016090000)]
  0x000000001493b000 JavaThread "Attach Listener" daemon [_thread_blocked, id=2484, stack(0x0000000015e90000,0x0000000015f90000)]
  0x0000000014939800 JavaThread "Signal Dispatcher" daemon [_thread_blocked, id=5948, stack(0x0000000015d90000,0x0000000015e90000)]
  0x0000000002260800 JavaThread "Finalizer" daemon [_thread_blocked, id=344, stack(0x0000000015b90000,0x0000000015c90000)]
  0x000000000225d000 JavaThread "Reference Handler" daemon [_thread_blocked, id=6772, stack(0x0000000015a90000,0x0000000015b90000)]
  0x0000000002170800 JavaThread "main" [_thread_blocked, id=7224, stack(0x0000000002070000,0x0000000002170000)]

Other Threads:
  0x0000000014908000 VMThread [stack: 0x0000000015990000,0x0000000015a90000] [id=3484]
  0x00000000162a2800 WatcherThread [stack: 0x0000000016790000,0x0000000016890000] [id=7936]

VM state:not at safepoint (normal execution)

VM Mutex/Monitor currently owned by a thread: None

Heap:
 PSYoungGen      total 142848K, used 132243K [0x00000000eab00000, 0x00000000f4800000, 0x0000000100000000)
  eden space 129536K, 92% used [0x00000000eab00000,0x00000000f206d668,0x00000000f2980000)
  from space 13312K, 90% used [0x00000000f3800000,0x00000000f43b75c0,0x00000000f4500000)
  to   space 14848K, 0% used [0x00000000f2980000,0x00000000f2980000,0x00000000f3800000)
 ParOldGen       total 44032K, used 22885K [0x00000000c0000000, 0x00000000c2b00000, 0x00000000eab00000)
  object space 44032K, 51% used [0x00000000c0000000,0x00000000c1659480,0x00000000c2b00000)
 Metaspace       used 6951K, capacity 7672K, committed 7936K, reserved 1056768K
  class space    used 645K, capacity 688K, committed 768K, reserved 1048576K

Card table byte_map: [0x0000000011630000,0x0000000011840000] byte_map_base: 0x0000000011030000

Marking Bits: (ParMarkBitMap*) 0x00000000744ca5b0
 Begin Bits: [0x0000000011da0000, 0x0000000012da0000)
 End Bits:   [0x0000000012da0000, 0x0000000013da0000)

Polling page: 0x0000000001f40000

CodeCache: size=245760Kb used=10144Kb max_used=10146Kb free=235615Kb
 bounds [0x0000000002270000, 0x0000000002c70000, 0x0000000011270000]
 total_blobs=2789 nmethods=2518 adapters=183
 compilation: enabled

Compilation events (10 events):
Event: 11.404 Thread 0x0000000014999800 nmethod 2545 0x0000000002c38190 code [0x0000000002c382c0, 0x0000000002c38378]
Event: 11.404 Thread 0x000000001499c000 2547       3       com.android.dx.dex.code.form.Form10x::writeTo (10 bytes)
Event: 11.405 Thread 0x000000001499c000 nmethod 2547 0x0000000002c48c50 code [0x0000000002c48de0, 0x0000000002c49038]
Event: 11.405 Thread 0x000000001499c000 2548       3       com.android.dx.dex.code.form.Form22x::writeTo (31 bytes)
Event: 11.406 Thread 0x000000001499c000 nmethod 2548 0x0000000002c60e50 code [0x0000000002c61040, 0x0000000002c619e8]
Event: 11.406 Thread 0x000000001499c000 2549       1       com.android.dx.dex.code.CatchTable$Entry::getHandlers (5 bytes)
Event: 11.406 Thread 0x000000001499c000 nmethod 2549 0x0000000002c07d90 code [0x0000000002c07ee0, 0x0000000002c07ff0]
Event: 11.408 Thread 0x000000001499c000 2550       3       com.android.dx.dex.code.form.Form10t::writeTo (22 bytes)
Event: 11.408 Thread 0x0000000014999800 2551 %     4       com.android.dx.dex.code.DalvInsnList::getOutsSize @ 9 (105 bytes)
Event: 11.408 Thread 0x000000001499c000 nmethod 2550 0x0000000002c5ea90 code [0x0000000002c5ec60, 0x0000000002c5f458]

GC Heap History (10 events):
Event: 4.759 GC heap before
{Heap before GC invocations=2 (full 0):
 PSYoungGen      total 18944K, used 18932K [0x00000000eab00000, 0x00000000ed000000, 0x0000000100000000)
  eden space 16384K, 100% used [0x00000000eab00000,0x00000000ebb00000,0x00000000ebb00000)
  from space 2560K, 99% used [0x00000000ebb00000,0x00000000ebd7d2b8,0x00000000ebd80000)
  to   space 2560K, 0% used [0x00000000ecd80000,0x00000000ecd80000,0x00000000ed000000)
 ParOldGen       total 44032K, used 1013K [0x00000000c0000000, 0x00000000c2b00000, 0x00000000eab00000)
  object space 44032K, 2% used [0x00000000c0000000,0x00000000c00fd500,0x00000000c2b00000)
 Metaspace       used 5974K, capacity 6896K, committed 7040K, reserved 1056768K
  class space    used 601K, capacity 616K, committed 640K, reserved 1048576K
Event: 4.841 GC heap after
Heap after GC invocations=2 (full 0):
 PSYoungGen      total 35328K, used 2550K [0x00000000eab00000, 0x00000000ed000000, 0x0000000100000000)
  eden space 32768K, 0% used [0x00000000eab00000,0x00000000eab00000,0x00000000ecb00000)
  from space 2560K, 99% used [0x00000000ecd80000,0x00000000ecffdb30,0x00000000ed000000)
  to   space 2560K, 0% used [0x00000000ecb00000,0x00000000ecb00000,0x00000000ecd80000)
 ParOldGen       total 44032K, used 3169K [0x00000000c0000000, 0x00000000c2b00000, 0x00000000eab00000)
  object space 44032K, 7% used [0x00000000c0000000,0x00000000c03185c0,0x00000000c2b00000)
 Metaspace       used 5974K, capacity 6896K, committed 7040K, reserved 1056768K
  class space    used 601K, capacity 616K, committed 640K, reserved 1048576K
}
Event: 5.726 GC heap before
{Heap before GC invocations=3 (full 0):
 PSYoungGen      total 35328K, used 35318K [0x00000000eab00000, 0x00000000ed000000, 0x0000000100000000)
  eden space 32768K, 100% used [0x00000000eab00000,0x00000000ecb00000,0x00000000ecb00000)
  from space 2560K, 99% used [0x00000000ecd80000,0x00000000ecffdb30,0x00000000ed000000)
  to   space 2560K, 0% used [0x00000000ecb00000,0x00000000ecb00000,0x00000000ecd80000)
 ParOldGen       total 44032K, used 3169K [0x00000000c0000000, 0x00000000c2b00000, 0x00000000eab00000)
  object space 44032K, 7% used [0x00000000c0000000,0x00000000c03185c0,0x00000000c2b00000)
 Metaspace       used 6192K, capacity 7088K, committed 7296K, reserved 1056768K
  class space    used 602K, capacity 616K, committed 640K, reserved 1048576K
Event: 5.795 GC heap after
Heap after GC invocations=3 (full 0):
 PSYoungGen      total 35328K, used 2534K [0x00000000eab00000, 0x00000000ef000000, 0x0000000100000000)
  eden space 32768K, 0% used [0x00000000eab00000,0x00000000eab00000,0x00000000ecb00000)
  from space 2560K, 99% used [0x00000000ecb00000,0x00000000ecd79b20,0x00000000ecd80000)
  to   space 2560K, 0% used [0x00000000eed80000,0x00000000eed80000,0x00000000ef000000)
 ParOldGen       total 44032K, used 8136K [0x00000000c0000000, 0x00000000c2b00000, 0x00000000eab00000)
  object space 44032K, 18% used [0x00000000c0000000,0x00000000c07f2088,0x00000000c2b00000)
 Metaspace       used 6192K, capacity 7088K, committed 7296K, reserved 1056768K
  class space    used 602K, capacity 616K, committed 640K, reserved 1048576K
}
Event: 6.264 GC heap before
{Heap before GC invocations=4 (full 0):
 PSYoungGen      total 35328K, used 35302K [0x00000000eab00000, 0x00000000ef000000, 0x0000000100000000)
  eden space 32768K, 100% used [0x00000000eab00000,0x00000000ecb00000,0x00000000ecb00000)
  from space 2560K, 99% used [0x00000000ecb00000,0x00000000ecd79b20,0x00000000ecd80000)
  to   space 2560K, 0% used [0x00000000eed80000,0x00000000eed80000,0x00000000ef000000)
 ParOldGen       total 44032K, used 8136K [0x00000000c0000000, 0x00000000c2b00000, 0x00000000eab00000)
  object space 44032K, 18% used [0x00000000c0000000,0x00000000c07f2088,0x00000000c2b00000)
 Metaspace       used 6249K, capacity 7152K, committed 7296K, reserved 1056768K
  class space    used 602K, capacity 616K, committed 640K, reserved 1048576K
Event: 6.353 GC heap after
Heap after GC invocations=4 (full 0):
 PSYoungGen      total 68096K, used 2552K [0x00000000eab00000, 0x00000000ef000000, 0x0000000100000000)
  eden space 65536K, 0% used [0x00000000eab00000,0x00000000eab00000,0x00000000eeb00000)
  from space 2560K, 99% used [0x00000000eed80000,0x00000000eeffe190,0x00000000ef000000)
  to   space 2560K, 0% used [0x00000000eeb00000,0x00000000eeb00000,0x00000000eed80000)
 ParOldGen       total 44032K, used 12985K [0x00000000c0000000, 0x00000000c2b00000, 0x00000000eab00000)
  object space 44032K, 29% used [0x00000000c0000000,0x00000000c0cae408,0x00000000c2b00000)
 Metaspace       used 6249K, capacity 7152K, committed 7296K, reserved 1056768K
  class space    used 602K, capacity 616K, committed 640K, reserved 1048576K
}
Event: 7.385 GC heap before
{Heap before GC invocations=5 (full 0):
 PSYoungGen      total 68096K, used 68088K [0x00000000eab00000, 0x00000000ef000000, 0x0000000100000000)
  eden space 65536K, 100% used [0x00000000eab00000,0x00000000eeb00000,0x00000000eeb00000)
  from space 2560K, 99% used [0x00000000eed80000,0x00000000eeffe190,0x00000000ef000000)
  to   space 2560K, 0% used [0x00000000eeb00000,0x00000000eeb00000,0x00000000eed80000)
 ParOldGen       total 44032K, used 12985K [0x00000000c0000000, 0x00000000c2b00000, 0x00000000eab00000)
  object space 44032K, 29% used [0x00000000c0000000,0x00000000c0cae408,0x00000000c2b00000)
 Metaspace       used 6295K, capacity 7152K, committed 7296K, reserved 1056768K
  class space    used 602K, capacity 616K, committed 640K, reserved 1048576K
Event: 7.417 GC heap after
Heap after GC invocations=5 (full 0):
 PSYoungGen      total 68096K, used 2552K [0x00000000eab00000, 0x00000000f4500000, 0x0000000100000000)
  eden space 65536K, 0% used [0x00000000eab00000,0x00000000eab00000,0x00000000eeb00000)
  from space 2560K, 99% used [0x00000000eeb00000,0x00000000eed7e128,0x00000000eed80000)
  to   space 13312K, 0% used [0x00000000f3800000,0x00000000f3800000,0x00000000f4500000)
 ParOldGen       total 44032K, used 22885K [0x00000000c0000000, 0x00000000c2b00000, 0x00000000eab00000)
  object space 44032K, 51% used [0x00000000c0000000,0x00000000c1659480,0x00000000c2b00000)
 Metaspace       used 6295K, capacity 7152K, committed 7296K, reserved 1056768K
  class space    used 602K, capacity 616K, committed 640K, reserved 1048576K
}
Event: 8.004 GC heap before
{Heap before GC invocations=6 (full 0):
 PSYoungGen      total 68096K, used 68088K [0x00000000eab00000, 0x00000000f4500000, 0x0000000100000000)
  eden space 65536K, 100% used [0x00000000eab00000,0x00000000eeb00000,0x00000000eeb00000)
  from space 2560K, 99% used [0x00000000eeb00000,0x00000000eed7e128,0x00000000eed80000)
  to   space 13312K, 0% used [0x00000000f3800000,0x00000000f3800000,0x00000000f4500000)
 ParOldGen       total 44032K, used 22885K [0x00000000c0000000, 0x00000000c2b00000, 0x00000000eab00000)
  object space 44032K, 51% used [0x00000000c0000000,0x00000000c1659480,0x00000000c2b00000)
 Metaspace       used 6410K, capacity 7192K, committed 7424K, reserved 1056768K
  class space    used 623K, capacity 656K, committed 768K, reserved 1048576K
Event: 8.039 GC heap after
Heap after GC invocations=6 (full 0):
 PSYoungGen      total 142848K, used 11997K [0x00000000eab00000, 0x00000000f4800000, 0x0000000100000000)
  eden space 129536K, 0% used [0x00000000eab00000,0x00000000eab00000,0x00000000f2980000)
  from space 13312K, 90% used [0x00000000f3800000,0x00000000f43b75c0,0x00000000f4500000)
  to   space 14848K, 0% used [0x00000000f2980000,0x00000000f2980000,0x00000000f3800000)
 ParOldGen       total 44032K, used 22885K [0x00000000c0000000, 0x00000000c2b00000, 0x00000000eab00000)
  object space 44032K, 51% used [0x00000000c0000000,0x00000000c1659480,0x00000000c2b00000)
 Metaspace       used 6410K, capacity 7192K, committed 7424K, reserved 1056768K
  class space    used 623K, capacity 656K, committed 768K, reserved 1048576K
}

Deoptimization events (10 events):
Event: 9.131 Thread 0x0000000016535800 Uncommon trap: reason=class_check action=maybe_recompile pc=0x0000000002806948 method=java.util.Arrays.hashCode([Ljava/lang/Object;)I @ 43
Event: 9.131 Thread 0x0000000016535800 Uncommon trap: reason=class_check action=maybe_recompile pc=0x0000000002806948 method=java.util.Arrays.hashCode([Ljava/lang/Object;)I @ 43
Event: 9.131 Thread 0x0000000016535800 Uncommon trap: reason=class_check action=maybe_recompile pc=0x0000000002806948 method=java.util.Arrays.hashCode([Ljava/lang/Object;)I @ 43
Event: 9.131 Thread 0x0000000016535800 Uncommon trap: reason=class_check action=maybe_recompile pc=0x0000000002806948 method=java.util.Arrays.hashCode([Ljava/lang/Object;)I @ 43
Event: 9.131 Thread 0x0000000016535800 Uncommon trap: reason=class_check action=maybe_recompile pc=0x0000000002770734 method=java.util.Arrays.hashCode([Ljava/lang/Object;)I @ 43
Event: 9.351 Thread 0x0000000016535800 Uncommon trap: reason=unstable_if action=reinterpret pc=0x00000000028b7a8c method=java.util.HashMap.putVal(ILjava/lang/Object;Ljava/lang/Object;ZZ)Ljava/lang/Object; @ 162
Event: 10.158 Thread 0x0000000016535800 Uncommon trap: reason=unstable_if action=reinterpret pc=0x0000000002a35a2c method=java.util.TreeMap.put(Ljava/lang/Object;Ljava/lang/Object;)Ljava/lang/Object; @ 163
Event: 10.175 Thread 0x0000000016535800 Uncommon trap: reason=unstable_if action=reinterpret pc=0x0000000002af590c method=com.android.dx.rop.code.RegisterSpec.matchesVariable(Lcom/android/dx/rop/code/RegisterSpec;)Z @ 59
Event: 11.035 Thread 0x0000000016535800 Uncommon trap: reason=unstable_if action=reinterpret pc=0x0000000002b11264 method=java.util.ArrayList.<init>(I)V @ 5
Event: 11.203 Thread 0x0000000016535800 Uncommon trap: reason=unstable_if action=reinterpret pc=0x0000000002ba8e84 method=com.android.dx.util.ByteArrayAnnotatedOutput.writeByte(I)V @ 13

Internal exceptions (5 events):
Event: 1.853 Thread 0x0000000002170800 Exception <a 'java/lang/NoSuchMethodError': Method sun.misc.Unsafe.defineClass(Ljava/lang/String;[BII)Ljava/lang/Class; name or signature does not match> (0x00000000eab0d9f0) thrown at [C:\re\workspace\8-2-build-windows-amd64-cygwin\jdk8u66\5298\hotspot\sr#Ç÷C¨ý?
Event: 1.854 Thread 0x0000000002170800 Exception <a 'java/lang/NoSuchMethodError': Method sun.misc.Unsafe.prefetchRead(Ljava/lang/Object;J)V name or signature does not match> (0x00000000eab0dcd8) thrown at [C:\re\workspace\8-2-build-windows-amd64-cygwin\jdk8u66\5298\hotspot\src\share\vm\prims\jV›"ºäâ@
Event: 7.472 Thread 0x000000001657b800 Exception <a 'java/lang/ArrayIndexOutOfBoundsException': 18> (0x00000000eb050ac8) thrown at [C:\re\workspace\8-2-build-windows-amd64-cygwin\jdk8u66\5298\hotspot\src\share\vm\interpreter\interpreterRuntime.cpp, line 366]
Event: 7.472 Thread 0x000000001657b800 Exception <a 'java/lang/ArrayIndexOutOfBoundsException': 145> (0x00000000eb052648) thrown at [C:\re\workspace\8-2-build-windows-amd64-cygwin\jdk8u66\5298\hotspot\src\share\vm\interpreter\interpreterRuntime.cpp, line 366]
Event: 7.473 Thread 0x000000001657b800 Exception <a 'java/lang/ArrayIndexOutOfBoundsException'> (0x00000000eb053930) thrown at [C:\re\workspace\8-2-build-windows-amd64-cygwin\jdk8u66\5298\hotspot\src\share\vm\runtime\sharedRuntime.cpp, line 605]

Events (10 events):
Event: 11.035 Thread 0x0000000016535800 DEOPT UNPACKING pc=0x00000000022b582a sp=0x000000001974e7a8 mode 2
Event: 11.144 loading class com/android/dex/EncodedValueCodec
Event: 11.144 loading class com/android/dex/EncodedValueCodec done
Event: 11.182 loading class com/android/dx/dex/file/MapItem
Event: 11.182 loading class com/android/dx/dex/file/MapItem done
Event: 11.192 loading class com/android/dex/DexFormat
Event: 11.192 loading class com/android/dex/DexFormat done
Event: 11.203 Thread 0x0000000016535800 Uncommon trap: trap_request=0xffffff65 fr.pc=0x0000000002ba8e84
Event: 11.203 Thread 0x0000000016535800 DEOPT PACKING pc=0x0000000002ba8e84 sp=0x000000001974ea90
Event: 11.203 Thread 0x0000000016535800 DEOPT UNPACKING pc=0x00000000022b582a sp=0x000000001974ea48 mode 2


Dynamic libraries:
0x00007ff624f40000 - 0x00007ff624f77000 	C:\Program Files\Java\jdk1.8.0_66\bin\java.exe
0x00007ffd6b150000 - 0x00007ffd6b311000 	C:\Windows\SYSTEM32\ntdll.dll
0x00007ffd687d0000 - 0x00007ffd6887d000 	C:\Windows\system32\KERNEL32.DLL
0x00007ffd68020000 - 0x00007ffd68208000 	C:\Windows\system32\KERNELBASE.dll
0x00007ffd68880000 - 0x00007ffd68927000 	C:\Windows\system32\ADVAPI32.dll
0x00007ffd692e0000 - 0x00007ffd6937d000 	C:\Windows\system32\msvcrt.dll
0x00007ffd6ae80000 - 0x00007ffd6aedb000 	C:\Windows\system32\sechost.dll
0x00007ffd68ba0000 - 0x00007ffd68cbc000 	C:\Windows\system32\RPCRT4.dll
0x00007ffd68990000 - 0x00007ffd68ae6000 	C:\Windows\system32\USER32.dll
0x00007ffd68550000 - 0x00007ffd686d6000 	C:\Windows\system32\GDI32.dll
0x00007ffd5b220000 - 0x00007ffd5b494000 	C:\Windows\WinSxS\amd64_microsoft.windows.common-controls_6595b64144ccf1df_6.0.10586.0_none_8c15ae12515e1c22\COMCTL32.dll
0x00007ffd6aba0000 - 0x00007ffd6ae1d000 	C:\Windows\system32\combase.dll
0x00007ffd68430000 - 0x00007ffd6849a000 	C:\Windows\system32\bcryptPrimitives.dll
0x00007ffd6b110000 - 0x00007ffd6b14b000 	C:\Windows\system32\IMM32.DLL
0x0000000073840000 - 0x0000000073912000 	C:\Program Files\Java\jdk1.8.0_66\jre\bin\msvcr100.dll
0x0000000073cc0000 - 0x0000000074549000 	C:\Program Files\Java\jdk1.8.0_66\jre\bin\server\jvm.dll
0x00007ffd68ea0000 - 0x00007ffd68ea8000 	C:\Windows\system32\PSAPI.DLL
0x00007ffd64190000 - 0x00007ffd64199000 	C:\Windows\SYSTEM32\WSOCK32.dll
0x00007ffd6aee0000 - 0x00007ffd6af4b000 	C:\Windows\system32\WS2_32.dll
0x00007ffd659f0000 - 0x00007ffd65a13000 	C:\Windows\SYSTEM32\WINMM.dll
0x00007ffd5aa30000 - 0x00007ffd5aa3a000 	C:\Windows\SYSTEM32\VERSION.dll
0x00007ffd65990000 - 0x00007ffd659bc000 	C:\Windows\SYSTEM32\WINMMBASE.dll
0x00007ffd68210000 - 0x00007ffd68253000 	C:\Windows\system32\cfgmgr32.dll
0x0000000073cb0000 - 0x0000000073cbf000 	C:\Program Files\Java\jdk1.8.0_66\jre\bin\verify.dll
0x0000000073c80000 - 0x0000000073ca9000 	C:\Program Files\Java\jdk1.8.0_66\jre\bin\java.dll
0x0000000073c60000 - 0x0000000073c76000 	C:\Program Files\Java\jdk1.8.0_66\jre\bin\zip.dll
0x00007ffd69640000 - 0x00007ffd6ab9c000 	C:\Windows\system32\SHELL32.dll
0x00007ffd678b0000 - 0x00007ffd67ef4000 	C:\Windows\system32\windows.storage.dll
0x00007ffd68930000 - 0x00007ffd68982000 	C:\Windows\system32\shlwapi.dll
0x00007ffd677f0000 - 0x00007ffd677ff000 	C:\Windows\system32\kernel.appcore.dll
0x00007ffd67f00000 - 0x00007ffd67fb5000 	C:\Windows\system32\shcore.dll
0x00007ffd67770000 - 0x00007ffd677bb000 	C:\Windows\system32\powrprof.dll
0x00007ffd677c0000 - 0x00007ffd677d4000 	C:\Windows\system32\profapi.dll

VM Arguments:
jvm_args: -Djava.awt.headless=true -Xmx1024M -Dfile.encoding=windows-1252 -Duser.country=IT -Duser.language=it -Duser.variant 
java_command: com.android.dx.command.Main --dex --force-jumbo --num-threads=4 --multi-dex --output C:\Users\Davide\AndroidStudioProjects\MioMeteo\app\build\intermediates\transforms\dex\debug\folders\1000\10\com.android.support-appcompat-v7-23.4.0_f203f7abbf7217ee477bc292e1ace76d22b8cd4e C:\Users\Davide\AndroidStudioProjects\MioMeteo\app\build\intermediates\exploded-aar\com.android.support\appcompat-v7\23.4.0\jars\classes.jar
java_class_path (initial): C:\Users\Davide\AppData\Local\Android\sdk\build-tools\23.0.3\lib\dx.jar
Launcher Type: SUN_STANDARD

Environment Variables:
PATH=C:\ProgramData\Oracle\Java\javapath;C:\Program Files (x86)\Intel\iCLS Client\;C:\Program Files\Intel\iCLS Client\;C:\Windows\system32;C:\Windows;C:\Windows\System32\Wbem;C:\Windows\System32\WindowsPowerShell\v1.0\;c:\Program Files\Intel\WiFi\bin\;c:\Program Files\Common Files\Intel\WirelessCommon\;C:\Program Files\Intel\Intel(R) Management Engine Components\DAL;C:\Program Files (x86)\Intel\Intel(R) Management Engine Components\DAL;C:\Program Files\Intel\Intel(R) Management Engine Components\IPT;C:\Program Files (x86)\Intel\Intel(R) Management Engine Components\IPT;C:\Program Files\Hewlett-Packard\SimplePass\;C:\Program Files\Java\jdk1.8.0_66\bin;C:\Program Files\TortoiseSVN\bin;C:\Program Files (x86)\MySQL\MySQL Fabric 1.5 & MySQL Utilities 1.5\;C:\Program Files (x86)\MySQL\MySQL Fabric 1.5 & MySQL Utilities 1.5\Doctrine extensions for PHP\;C:\Program Files (x86)\Skype\Phone\
USERNAME=Davide
OS=Windows_NT
PROCESSOR_IDENTIFIER=Intel64 Family 6 Model 61 Stepping 4, GenuineIntel



---------------  S Y S T E M  ---------------

OS: Windows 10.0 , 64 bit Build 10586 (10.0.10586.0)

CPU:total 4 (2 cores per cpu, 2 threads per core) family 6 model 61 stepping 4, cmov, cx8, fxsr, mmx, sse, sse2, sse3, ssse3, sse4.1, sse4.2, popcnt, avx, avx2, aes, clmul, erms, 3dnowpref, lzcnt, ht, tsc, tscinvbit, bmi1, bmi2, adx

Memory: 4k page, physical 4109328k(124988k free), swap 5157904k(5176k free)

vm_info: Java HotSpot(TM) 64-Bit Server VM (25.66-b18) for windows-amd64 JRE (1.8.0_66-b18), built on Nov  9 2015 10:51:13 by "java_re" with MS VC++ 10.0 (VS2010)

time: Thu May 19 14:20:35 2016
elapsed time: 11 seconds (0d 0h 0m 11s)

