#
# There is insufficient memory for the Java Runtime Environment to continue.
# Native memory allocation (malloc) failed to allocate 1219792 bytes for Chunk::new
# Possible reasons:
#   The system is out of physical RAM or swap space
#   In 32 bit mode, the process size limit was hit
# Possible solutions:
#   Reduce memory load on the system
#   Increase physical memory or swap space
#   Check if swap backing store is full
#   Use 64 bit Java on a 64 bit OS
#   Decrease Java heap size (-Xmx/-Xms)
#   Decrease number of Java threads
#   Decrease Java thread stack sizes (-Xss)
#   Set larger code cache with -XX:ReservedCodeCacheSize=
# This output file may be truncated or incomplete.
#
#  Out of Memory Error (allocation.cpp:390), pid=1788, tid=1260
#
# JRE version: Java(TM) SE Runtime Environment (8.0_66-b18) (build 1.8.0_66-b18)
# Java VM: Java HotSpot(TM) 64-Bit Server VM (25.66-b18 mixed mode windows-amd64 compressed oops)
# Failed to write core dump. Minidumps are not enabled by default on client versions of Windows
#

---------------  T H R E A D  ---------------

Current thread (0x0000000014a51000):  JavaThread "C2 CompilerThread1" daemon [_thread_in_native, id=1260, stack(0x00000000161c0000,0x00000000162c0000)]

Stack: [0x00000000161c0000,0x00000000162c0000]
[error occurred during error reporting (printing stack bounds), id 0xc0000005]

Native frames: (J=compiled Java code, j=interpreted, Vv=VM code, C=native code)


Current CompileTask:
C2:  15118 2287   !   4       com.android.dx.cf.code.BytecodeArray::parseInstruction (2764 bytes)


---------------  P R O C E S S  ---------------

Java Threads: ( => current thread )
  0x000000001650e800 JavaThread "pool-1-thread-4" [_thread_in_Java, id=7276, stack(0x0000000016dc0000,0x0000000016ec0000)]
  0x0000000016529800 JavaThread "pool-1-thread-3" [_thread_in_Java, id=3420, stack(0x0000000016cc0000,0x0000000016dc0000)]
  0x0000000016528800 JavaThread "pool-1-thread-2" [_thread_in_Java, id=7264, stack(0x0000000016bc0000,0x0000000016cc0000)]
  0x000000001654e800 JavaThread "pool-2-thread-1" [_thread_blocked, id=4060, stack(0x0000000016ac0000,0x0000000016bc0000)]
  0x000000001654d800 JavaThread "pool-1-thread-1" [_thread_in_Java, id=5656, stack(0x00000000169c0000,0x0000000016ac0000)]
  0x0000000014aad000 JavaThread "Service Thread" daemon [_thread_blocked, id=7376, stack(0x00000000167c0000,0x00000000168c0000)]
  0x00000000162c8800 JavaThread "C1 CompilerThread2" daemon [_thread_blocked, id=1292, stack(0x00000000166c0000,0x00000000167c0000)]
=>0x0000000014a51000 JavaThread "C2 CompilerThread1" daemon [_thread_in_native, id=1260, stack(0x00000000161c0000,0x00000000162c0000)]
  0x0000000014a4e000 JavaThread "C2 CompilerThread0" daemon [_thread_in_native, id=308, stack(0x00000000160c0000,0x00000000161c0000)]
  0x0000000014a4c000 JavaThread "Attach Listener" daemon [_thread_blocked, id=2424, stack(0x0000000015fc0000,0x00000000160c0000)]
  0x0000000014a4b000 JavaThread "Signal Dispatcher" daemon [_thread_blocked, id=5308, stack(0x0000000015ec0000,0x0000000015fc0000)]
  0x0000000002296000 JavaThread "Finalizer" daemon [_thread_blocked, id=128, stack(0x0000000015cc0000,0x0000000015dc0000)]
  0x000000000228d000 JavaThread "Reference Handler" daemon [_thread_blocked, id=6520, stack(0x0000000015bc0000,0x0000000015cc0000)]
  0x00000000021a0800 JavaThread "main" [_thread_blocked, id=5668, stack(0x0000000001ff0000,0x00000000020f0000)]

Other Threads:
  0x0000000014a18000 VMThread [stack: 0x0000000015ac0000,0x0000000015bc0000] [id=6192]
  0x00000000162f4800 WatcherThread [stack: 0x00000000168c0000,0x00000000169c0000] [id=2144]

VM state:not at safepoint (normal execution)

VM Mutex/Monitor currently owned by a thread: None

Heap:
 PSYoungGen      total 148480K, used 37808K [0x00000000eab00000, 0x00000000fe400000, 0x0000000100000000)
  eden space 127488K, 22% used [0x00000000eab00000,0x00000000ec760c20,0x00000000f2780000)
  from space 20992K, 41% used [0x00000000f2780000,0x00000000f300b7d8,0x00000000f3c00000)
  to   space 32768K, 0% used [0x00000000fc400000,0x00000000fc400000,0x00000000fe400000)
 ParOldGen       total 44032K, used 43827K [0x00000000c0000000, 0x00000000c2b00000, 0x00000000eab00000)
  object space 44032K, 99% used [0x00000000c0000000,0x00000000c2accd20,0x00000000c2b00000)
 Metaspace       used 6420K, capacity 7154K, committed 7296K, reserved 1056768K
  class space    used 603K, capacity 618K, committed 640K, reserved 1048576K

Card table byte_map: [0x0000000011740000,0x0000000011950000] byte_map_base: 0x0000000011140000

Marking Bits: (ParMarkBitMap*) 0x000000006cbaa5b0
 Begin Bits: [0x0000000011eb0000, 0x0000000012eb0000)
 End Bits:   [0x0000000012eb0000, 0x0000000013eb0000)

Polling page: 0x0000000000450000

CodeCache: size=245760Kb used=9547Kb max_used=9553Kb free=236212Kb
 bounds [0x0000000002380000, 0x0000000002ce0000, 0x0000000011380000]
 total_blobs=2353 nmethods=2084 adapters=181
 compilation: enabled

Compilation events (10 events):
Event: 15.067 Thread 0x00000000162c8800 2326       2       com.android.dx.rop.code.BasicBlockList$RegCountVisitor::visitSwitchInsn (6 bytes)
Event: 15.067 Thread 0x00000000162c8800 nmethod 2326 0x0000000002c7b050 code [0x0000000002c7b1c0, 0x0000000002c7b328]
Event: 15.067 Thread 0x00000000162c8800 2327       2       com.android.dx.rop.code.SwitchInsn::getCatches (4 bytes)
Event: 15.068 Thread 0x00000000162c8800 nmethod 2327 0x0000000002c85f90 code [0x0000000002c860e0, 0x0000000002c86230]
Event: 15.078 Thread 0x00000000162c8800 2328       1       com.android.dx.rop.code.SwitchInsn::getCases (5 bytes)
Event: 15.078 Thread 0x00000000162c8800 nmethod 2328 0x0000000002c85cd0 code [0x0000000002c85e20, 0x0000000002c85f30]
Event: 15.078 Thread 0x00000000162c8800 2329       1       com.android.dx.dex.code.SwitchData::isPacked (5 bytes)
Event: 15.079 Thread 0x00000000162c8800 nmethod 2329 0x0000000002cd3050 code [0x0000000002cd31a0, 0x0000000002cd32b0]
Event: 15.079 Thread 0x00000000162c8800 2330       2       com.android.dx.dex.code.VariableSizeInsn::<init> (10 bytes)
Event: 15.079 Thread 0x00000000162c8800 nmethod 2330 0x0000000002cd2cd0 code [0x0000000002cd2e40, 0x0000000002cd2fc8]

GC Heap History (10 events):
Event: 3.407 GC heap before
{Heap before GC invocations=4 (full 0):
 PSYoungGen      total 35328K, used 35296K [0x00000000eab00000, 0x00000000ef000000, 0x0000000100000000)
  eden space 32768K, 100% used [0x00000000eab00000,0x00000000ecb00000,0x00000000ecb00000)
  from space 2560K, 98% used [0x00000000ecb00000,0x00000000ecd78028,0x00000000ecd80000)
  to   space 2560K, 0% used [0x00000000eed80000,0x00000000eed80000,0x00000000ef000000)
 ParOldGen       total 44032K, used 6977K [0x00000000c0000000, 0x00000000c2b00000, 0x00000000eab00000)
  object space 44032K, 15% used [0x00000000c0000000,0x00000000c06d0500,0x00000000c2b00000)
 Metaspace       used 6237K, capacity 7088K, committed 7296K, reserved 1056768K
  class space    used 600K, capacity 616K, committed 640K, reserved 1048576K
Event: 3.447 GC heap after
Heap after GC invocations=4 (full 0):
 PSYoungGen      total 68096K, used 2528K [0x00000000eab00000, 0x00000000ef000000, 0x0000000100000000)
  eden space 65536K, 0% used [0x00000000eab00000,0x00000000eab00000,0x00000000eeb00000)
  from space 2560K, 98% used [0x00000000eed80000,0x00000000eeff8028,0x00000000ef000000)
  to   space 2560K, 0% used [0x00000000eeb00000,0x00000000eeb00000,0x00000000eed80000)
 ParOldGen       total 44032K, used 12098K [0x00000000c0000000, 0x00000000c2b00000, 0x00000000eab00000)
  object space 44032K, 27% used [0x00000000c0000000,0x00000000c0bd08a0,0x00000000c2b00000)
 Metaspace       used 6237K, capacity 7088K, committed 7296K, reserved 1056768K
  class space    used 600K, capacity 616K, committed 640K, reserved 1048576K
}
Event: 4.420 GC heap before
{Heap before GC invocations=5 (full 0):
 PSYoungGen      total 68096K, used 68064K [0x00000000eab00000, 0x00000000ef000000, 0x0000000100000000)
  eden space 65536K, 100% used [0x00000000eab00000,0x00000000eeb00000,0x00000000eeb00000)
  from space 2560K, 98% used [0x00000000eed80000,0x00000000eeff8028,0x00000000ef000000)
  to   space 2560K, 0% used [0x00000000eeb00000,0x00000000eeb00000,0x00000000eed80000)
 ParOldGen       total 44032K, used 12098K [0x00000000c0000000, 0x00000000c2b00000, 0x00000000eab00000)
  object space 44032K, 27% used [0x00000000c0000000,0x00000000c0bd08a0,0x00000000c2b00000)
 Metaspace       used 6295K, capacity 7088K, committed 7296K, reserved 1056768K
  class space    used 600K, capacity 616K, committed 640K, reserved 1048576K
Event: 4.524 GC heap after
Heap after GC invocations=5 (full 0):
 PSYoungGen      total 68096K, used 2550K [0x00000000eab00000, 0x00000000f4d00000, 0x0000000100000000)
  eden space 65536K, 0% used [0x00000000eab00000,0x00000000eab00000,0x00000000eeb00000)
  from space 2560K, 99% used [0x00000000eeb00000,0x00000000eed7d818,0x00000000eed80000)
  to   space 17408K, 0% used [0x00000000f3c00000,0x00000000f3c00000,0x00000000f4d00000)
 ParOldGen       total 44032K, used 27606K [0x00000000c0000000, 0x00000000c2b00000, 0x00000000eab00000)
  object space 44032K, 62% used [0x00000000c0000000,0x00000000c1af5990,0x00000000c2b00000)
 Metaspace       used 6295K, capacity 7088K, committed 7296K, reserved 1056768K
  class space    used 600K, capacity 616K, committed 640K, reserved 1048576K
}
Event: 5.942 GC heap before
{Heap before GC invocations=6 (full 0):
 PSYoungGen      total 68096K, used 68086K [0x00000000eab00000, 0x00000000f4d00000, 0x0000000100000000)
  eden space 65536K, 100% used [0x00000000eab00000,0x00000000eeb00000,0x00000000eeb00000)
  from space 2560K, 99% used [0x00000000eeb00000,0x00000000eed7d818,0x00000000eed80000)
  to   space 17408K, 0% used [0x00000000f3c00000,0x00000000f3c00000,0x00000000f4d00000)
 ParOldGen       total 44032K, used 27606K [0x00000000c0000000, 0x00000000c2b00000, 0x00000000eab00000)
  object space 44032K, 62% used [0x00000000c0000000,0x00000000c1af5990,0x00000000c2b00000)
 Metaspace       used 6335K, capacity 7152K, committed 7296K, reserved 1056768K
  class space    used 600K, capacity 616K, committed 640K, reserved 1048576K
Event: 6.228 GC heap after
Heap after GC invocations=6 (full 0):
 PSYoungGen      total 144896K, used 16557K [0x00000000eab00000, 0x00000000f5400000, 0x0000000100000000)
  eden space 127488K, 0% used [0x00000000eab00000,0x00000000eab00000,0x00000000f2780000)
  from space 17408K, 95% used [0x00000000f3c00000,0x00000000f4c2b478,0x00000000f4d00000)
  to   space 20992K, 0% used [0x00000000f2780000,0x00000000f2780000,0x00000000f3c00000)
 ParOldGen       total 44032K, used 27606K [0x00000000c0000000, 0x00000000c2b00000, 0x00000000eab00000)
  object space 44032K, 62% used [0x00000000c0000000,0x00000000c1af5990,0x00000000c2b00000)
 Metaspace       used 6335K, capacity 7152K, committed 7296K, reserved 1056768K
  class space    used 600K, capacity 616K, committed 640K, reserved 1048576K
}
Event: 11.792 GC heap before
{Heap before GC invocations=7 (full 0):
 PSYoungGen      total 144896K, used 144045K [0x00000000eab00000, 0x00000000f5400000, 0x0000000100000000)
  eden space 127488K, 100% used [0x00000000eab00000,0x00000000f2780000,0x00000000f2780000)
  from space 17408K, 95% used [0x00000000f3c00000,0x00000000f4c2b478,0x00000000f4d00000)
  to   space 20992K, 0% used [0x00000000f2780000,0x00000000f2780000,0x00000000f3c00000)
 ParOldGen       total 44032K, used 27606K [0x00000000c0000000, 0x00000000c2b00000, 0x00000000eab00000)
  object space 44032K, 62% used [0x00000000c0000000,0x00000000c1af5990,0x00000000c2b00000)
 Metaspace       used 6408K, capacity 7152K, committed 7296K, reserved 1056768K
  class space    used 601K, capacity 616K, committed 640K, reserved 1048576K
Event: 12.055 GC heap after
Heap after GC invocations=7 (full 0):
 PSYoungGen      total 148480K, used 20972K [0x00000000eab00000, 0x00000000fe400000, 0x0000000100000000)
  eden space 127488K, 0% used [0x00000000eab00000,0x00000000eab00000,0x00000000f2780000)
  from space 20992K, 99% used [0x00000000f2780000,0x00000000f3bfb3f0,0x00000000f3c00000)
  to   space 32768K, 0% used [0x00000000fc400000,0x00000000fc400000,0x00000000fe400000)
 ParOldGen       total 44032K, used 43183K [0x00000000c0000000, 0x00000000c2b00000, 0x00000000eab00000)
  object space 44032K, 98% used [0x00000000c0000000,0x00000000c2a2bf98,0x00000000c2b00000)
 Metaspace       used 6408K, capacity 7152K, committed 7296K, reserved 1056768K
  class space    used 601K, capacity 616K, committed 640K, reserved 1048576K
}
Event: 12.055 GC heap before
{Heap before GC invocations=8 (full 1):
 PSYoungGen      total 148480K, used 20972K [0x00000000eab00000, 0x00000000fe400000, 0x0000000100000000)
  eden space 127488K, 0% used [0x00000000eab00000,0x00000000eab00000,0x00000000f2780000)
  from space 20992K, 99% used [0x00000000f2780000,0x00000000f3bfb3f0,0x00000000f3c00000)
  to   space 32768K, 0% used [0x00000000fc400000,0x00000000fc400000,0x00000000fe400000)
 ParOldGen       total 44032K, used 43183K [0x00000000c0000000, 0x00000000c2b00000, 0x00000000eab00000)
  object space 44032K, 98% used [0x00000000c0000000,0x00000000c2a2bf98,0x00000000c2b00000)
 Metaspace       used 6408K, capacity 7152K, committed 7296K, reserved 1056768K
  class space    used 601K, capacity 616K, committed 640K, reserved 1048576K
Event: 14.907 GC heap after
Heap after GC invocations=8 (full 1):
 PSYoungGen      total 148480K, used 8749K [0x00000000eab00000, 0x00000000fe400000, 0x0000000100000000)
  eden space 127488K, 0% used [0x00000000eab00000,0x00000000eab00000,0x00000000f2780000)
  from space 20992K, 41% used [0x00000000f2780000,0x00000000f300b7d8,0x00000000f3c00000)
  to   space 32768K, 0% used [0x00000000fc400000,0x00000000fc400000,0x00000000fe400000)
 ParOldGen       total 44032K, used 43827K [0x00000000c0000000, 0x00000000c2b00000, 0x00000000eab00000)
  object space 44032K, 99% used [0x00000000c0000000,0x00000000c2accd20,0x00000000c2b00000)
 Metaspace       used 6408K, capacity 7152K, committed 7296K, reserved 1056768K
  class space    used 601K, capacity 616K, committed 640K, reserved 1048576K
}

Deoptimization events (10 events):
Event: 3.776 Thread 0x00000000021a0800 Uncommon trap: reason=bimorphic action=maybe_recompile pc=0x0000000002a3b828 method=com.android.dx.cf.code.RopperMachine.run(Lcom/android/dx/cf/code/Frame;II)V @ 310
Event: 3.777 Thread 0x00000000021a0800 Uncommon trap: reason=bimorphic action=maybe_recompile pc=0x00000000029830bc method=com.android.dx.ssa.LiteralOpUpgrader.tryReplacingWithConstant(Lcom/android/dx/ssa/NormalSsaInsn;)Z @ 52
Event: 4.058 Thread 0x0000000016529800 Uncommon trap: reason=unstable_if action=reinterpret pc=0x0000000002943d4c method=com.android.dx.ssa.MoveParamCombiner$1.visitNonMoveInsn(Lcom/android/dx/ssa/NormalSsaInsn;)V @ 27
Event: 4.066 Thread 0x0000000016529800 Uncommon trap: reason=unstable_if action=reinterpret pc=0x0000000002a3aee0 method=com.android.dx.cf.code.RopperMachine.run(Lcom/android/dx/cf/code/Frame;II)V @ 1250
Event: 6.456 Thread 0x000000001654d800 Uncommon trap: reason=class_check action=maybe_recompile pc=0x0000000002b07078 method=com.android.dx.cf.code.Ropper.processBlock(Lcom/android/dx/cf/code/ByteBlock;Lcom/android/dx/cf/code/Frame;[I)V @ 711
Event: 6.463 Thread 0x000000001654d800 Uncommon trap: reason=class_check action=maybe_recompile pc=0x0000000002b07078 method=com.android.dx.cf.code.Ropper.processBlock(Lcom/android/dx/cf/code/ByteBlock;Lcom/android/dx/cf/code/Frame;[I)V @ 711
Event: 7.354 Thread 0x0000000016528800 Uncommon trap: reason=class_check action=maybe_recompile pc=0x00000000029868ec method=java.util.HashMap.putVal(ILjava/lang/Object;Ljava/lang/Object;ZZ)Ljava/lang/Object; @ 203
Event: 8.222 Thread 0x000000001654d800 Uncommon trap: reason=class_check action=maybe_recompile pc=0x0000000002b07078 method=com.android.dx.cf.code.Ropper.processBlock(Lcom/android/dx/cf/code/ByteBlock;Lcom/android/dx/cf/code/Frame;[I)V @ 711
Event: 9.793 Thread 0x0000000016528800 Uncommon trap: reason=class_check action=maybe_recompile pc=0x0000000002b07078 method=com.android.dx.cf.code.Ropper.processBlock(Lcom/android/dx/cf/code/ByteBlock;Lcom/android/dx/cf/code/Frame;[I)V @ 711
Event: 15.052 Thread 0x000000001654d800 Uncommon trap: reason=unstable_if action=reinterpret pc=0x0000000002c87f7c method=com.android.dx.ssa.SCCP.simulateStmt(Lcom/android/dx/ssa/SsaInsn;)V @ 59

Internal exceptions (3 events):
Event: 0.058 Thread 0x00000000021a0800 Exception <a 'java/lang/NoSuchMethodError': Method sun.misc.Unsafe.defineClass(Ljava/lang/String;[BII)Ljava/lang/Class; name or signature does not match> (0x00000000eab0d710) thrown at [C:\re\workspace\8-2-build-windows-amd64-cygwin\jdk8u66\5298\hotspot\sr‹?ß«‡­?
Event: 0.058 Thread 0x00000000021a0800 Exception <a 'java/lang/NoSuchMethodError': Method sun.misc.Unsafe.prefetchRead(Ljava/lang/Object;J)V name or signature does not match> (0x00000000eab0d9f8) thrown at [C:\re\workspace\8-2-build-windows-amd64-cygwin\jdk8u66\5298\hotspot\src\share\vm\prims\j(áü\Ö@
Event: 2.886 Thread 0x0000000016529800 Implicit null exception at 0x0000000002920222 to 0x000000000292031a

Events (10 events):
Event: 15.064 Thread 0x000000001654d800 DEOPT PACKING pc=0x000000000276b946 sp=0x0000000016abed10
Event: 15.064 Thread 0x000000001654d800 DEOPT UNPACKING pc=0x00000000023c787f sp=0x0000000016abeb50 mode 0
Event: 15.064 Thread 0x000000001654d800 DEOPT PACKING pc=0x00000000027dc968 sp=0x0000000016abeeb0
Event: 15.064 Thread 0x000000001654d800 DEOPT UNPACKING pc=0x00000000023c787f sp=0x0000000016abec10 mode 0
Event: 15.068 Thread 0x000000001654d800 DEOPT PACKING pc=0x00000000027f4b85 sp=0x0000000016abeec0
Event: 15.068 Thread 0x000000001654d800 DEOPT UNPACKING pc=0x00000000023c787f sp=0x0000000016abec50 mode 0
Event: 15.088 loading class java/util/HashMap$KeySet
Event: 15.090 loading class java/util/HashMap$KeySet done
Event: 15.090 loading class java/util/HashMap$KeyIterator
Event: 15.090 loading class java/util/HashMap$KeyIterator done


Dynamic libraries:
0x00007ff719e50000 - 0x00007ff719e87000 	C:\Program Files\Java\jdk1.8.0_66\bin\java.exe
0x00007ffe06600000 - 0x00007ffe067c1000 	C:\Windows\SYSTEM32\ntdll.dll
0x00007ffe03c00000 - 0x00007ffe03cad000 	C:\Windows\system32\KERNEL32.DLL
0x00007ffe03670000 - 0x00007ffe03858000 	C:\Windows\system32\KERNELBASE.dll
0x00007ffe06110000 - 0x00007ffe061b7000 	C:\Windows\system32\ADVAPI32.dll
0x00007ffe06560000 - 0x00007ffe065fd000 	C:\Windows\system32\msvcrt.dll
0x00007ffe05d50000 - 0x00007ffe05dab000 	C:\Windows\system32\sechost.dll
0x00007ffe03ae0000 - 0x00007ffe03bfc000 	C:\Windows\system32\RPCRT4.dll
0x00007ffe05210000 - 0x00007ffe05366000 	C:\Windows\system32\USER32.dll
0x00007ffe059d0000 - 0x00007ffe05b56000 	C:\Windows\system32\GDI32.dll
0x00007ffdf6780000 - 0x00007ffdf69f4000 	C:\Windows\WinSxS\amd64_microsoft.windows.common-controls_6595b64144ccf1df_6.0.10586.0_none_8c15ae12515e1c22\COMCTL32.dll
0x00007ffe05db0000 - 0x00007ffe0602d000 	C:\Windows\system32\combase.dll
0x00007ffe035e0000 - 0x00007ffe0364a000 	C:\Windows\system32\bcryptPrimitives.dll
0x00007ffe05b60000 - 0x00007ffe05b9b000 	C:\Windows\system32\IMM32.DLL
0x000000006bd70000 - 0x000000006be42000 	C:\Program Files\Java\jdk1.8.0_66\jre\bin\msvcr100.dll
0x000000006c3a0000 - 0x000000006cc29000 	C:\Program Files\Java\jdk1.8.0_66\jre\bin\server\jvm.dll
0x00007ffe060a0000 - 0x00007ffe060a8000 	C:\Windows\system32\PSAPI.DLL
0x00007ffdff5f0000 - 0x00007ffdff5f9000 	C:\Windows\SYSTEM32\WSOCK32.dll
0x00007ffe06030000 - 0x00007ffe0609b000 	C:\Windows\system32\WS2_32.dll
0x00007ffe00e50000 - 0x00007ffe00e73000 	C:\Windows\SYSTEM32\WINMM.dll
0x00007ffdf5e50000 - 0x00007ffdf5e5a000 	C:\Windows\SYSTEM32\VERSION.dll
0x00007ffe00df0000 - 0x00007ffe00e1c000 	C:\Windows\SYSTEM32\WINMMBASE.dll
0x00007ffe039b0000 - 0x00007ffe039f3000 	C:\Windows\system32\cfgmgr32.dll
0x000000006c390000 - 0x000000006c39f000 	C:\Program Files\Java\jdk1.8.0_66\jre\bin\verify.dll
0x000000006c360000 - 0x000000006c389000 	C:\Program Files\Java\jdk1.8.0_66\jre\bin\java.dll
0x000000006c340000 - 0x000000006c356000 	C:\Program Files\Java\jdk1.8.0_66\jre\bin\zip.dll
0x00007ffe03cb0000 - 0x00007ffe0520c000 	C:\Windows\system32\SHELL32.dll
0x00007ffe02f90000 - 0x00007ffe035d4000 	C:\Windows\system32\windows.storage.dll
0x00007ffe06290000 - 0x00007ffe062e2000 	C:\Windows\system32\shlwapi.dll
0x00007ffe02c50000 - 0x00007ffe02c5f000 	C:\Windows\system32\kernel.appcore.dll
0x00007ffe038f0000 - 0x00007ffe039a5000 	C:\Windows\system32\shcore.dll
0x00007ffe02c60000 - 0x00007ffe02cab000 	C:\Windows\system32\powrprof.dll
0x00007ffe02c30000 - 0x00007ffe02c44000 	C:\Windows\system32\profapi.dll

VM Arguments:
jvm_args: -Djava.awt.headless=true -Xmx1024M -Dfile.encoding=windows-1252 -Duser.country=IT -Duser.language=it -Duser.variant 
java_command: com.android.dx.command.Main --dex --num-threads=4 --output C:\Users\Davide\AndroidStudioProjects\MioMeteo\app\build\intermediates\pre-dexed\debug\com.google.android.gms-play-services-basement-9.0.0_ebe13ac9b3eaae77ffc08cf165ae5845375bf02f.jar C:\Users\Davide\AndroidStudioProjects\MioMeteo\app\build\intermediates\exploded-aar\com.google.android.gms\play-services-basement\9.0.0\jars\classes.jar
java_class_path (initial): C:\Users\Davide\AppData\Local\Android\sdk\build-tools\23.0.3\lib\dx.jar
Launcher Type: SUN_STANDARD

Environment Variables:
PATH=C:\ProgramData\Oracle\Java\javapath;C:\Program Files (x86)\Intel\iCLS Client\;C:\Program Files\Intel\iCLS Client\;C:\Windows\system32;C:\Windows;C:\Windows\System32\Wbem;C:\Windows\System32\WindowsPowerShell\v1.0\;c:\Program Files\Intel\WiFi\bin\;c:\Program Files\Common Files\Intel\WirelessCommon\;C:\Program Files\Intel\Intel(R) Management Engine Components\DAL;C:\Program Files (x86)\Intel\Intel(R) Management Engine Components\DAL;C:\Program Files\Intel\Intel(R) Management Engine Components\IPT;C:\Program Files (x86)\Intel\Intel(R) Management Engine Components\IPT;C:\Program Files\Hewlett-Packard\SimplePass\;C:\Program Files\Java\jdk1.8.0_66\bin;C:\Program Files\TortoiseSVN\bin;C:\Program Files (x86)\MySQL\MySQL Fabric 1.5 & MySQL Utilities 1.5\;C:\Program Files (x86)\MySQL\MySQL Fabric 1.5 & MySQL Utilities 1.5\Doctrine extensions for PHP\;C:\Program Files (x86)\Skype\Phone\
USERNAME=Davide
OS=Windows_NT
PROCESSOR_IDENTIFIER=Intel64 Family 6 Model 61 Stepping 4, GenuineIntel



---------------  S Y S T E M  ---------------

OS: Windows 10.0 , 64 bit Build 10586 (10.0.10586.0)

CPU:total 4 (2 cores per cpu, 2 threads per core) family 6 model 61 stepping 4, cmov, cx8, fxsr, mmx, sse, sse2, sse3, ssse3, sse4.1, sse4.2, popcnt, avx, avx2, aes, clmul, erms, 3dnowpref, lzcnt, ht, tsc, tscinvbit, bmi1, bmi2, adx

Memory: 4k page, physical 4109328k(74896k free), swap 5157904k(5360k free)

vm_info: Java HotSpot(TM) 64-Bit Server VM (25.66-b18) for windows-amd64 JRE (1.8.0_66-b18), built on Nov  9 2015 10:51:13 by "java_re" with MS VC++ 10.0 (VS2010)

time: Sun May 22 21:30:38 2016
elapsed time: 15 seconds (0d 0h 0m 15s)

