#
# There is insufficient memory for the Java Runtime Environment to continue.
# Native memory allocation (malloc) failed to allocate 1748416 bytes for Chunk::new
# Possible reasons:
#   The system is out of physical RAM or swap space
#   In 32 bit mode, the process size limit was hit
# Possible solutions:
#   Reduce memory load on the system
#   Increase physical memory or swap space
#   Check if swap backing store is full
#   Use 64 bit Java on a 64 bit OS
#   Decrease Java heap size (-Xmx/-Xms)
#   Decrease number of Java threads
#   Decrease Java thread stack sizes (-Xss)
#   Set larger code cache with -XX:ReservedCodeCacheSize=
# This output file may be truncated or incomplete.
#
#  Out of Memory Error (allocation.cpp:390), pid=3280, tid=3760
#
# JRE version: Java(TM) SE Runtime Environment (8.0_66-b18) (build 1.8.0_66-b18)
# Java VM: Java HotSpot(TM) 64-Bit Server VM (25.66-b18 mixed mode windows-amd64 compressed oops)
# Failed to write core dump. Minidumps are not enabled by default on client versions of Windows
#

---------------  T H R E A D  ---------------

Current thread (0x00000000149ac800):  JavaThread "C2 CompilerThread0" daemon [_thread_in_native, id=3760, stack(0x0000000016020000,0x0000000016120000)]

Stack: [0x0000000016020000,0x0000000016120000]
[error occurred during error reporting (printing stack bounds), id 0xc0000005]

Native frames: (J=compiled Java code, j=interpreted, Vv=VM code, C=native code)


Current CompileTask:
C2:   6927 1412       4       com.android.dx.rop.code.Rops::ropFor (771 bytes)


---------------  P R O C E S S  ---------------

Java Threads: ( => current thread )
  0x0000000016599800 JavaThread "pool-1-thread-4" [_thread_blocked, id=6280, stack(0x0000000016d20000,0x0000000016e20000)]
  0x0000000016599000 JavaThread "pool-1-thread-3" [_thread_in_Java, id=4172, stack(0x0000000016c20000,0x0000000016d20000)]
  0x0000000016586800 JavaThread "pool-1-thread-2" [_thread_blocked, id=4888, stack(0x0000000016b20000,0x0000000016c20000)]
  0x0000000016571000 JavaThread "pool-2-thread-1" [_thread_blocked, id=7764, stack(0x0000000016a20000,0x0000000016b20000)]
  0x0000000016570800 JavaThread "pool-1-thread-1" [_thread_in_Java, id=3940, stack(0x0000000016920000,0x0000000016a20000)]
  0x000000001632d800 JavaThread "Service Thread" daemon [_thread_blocked, id=6276, stack(0x0000000016720000,0x0000000016820000)]
  0x0000000014a0c000 JavaThread "C1 CompilerThread2" daemon [_thread_blocked, id=7064, stack(0x0000000016220000,0x0000000016320000)]
  0x00000000149af800 JavaThread "C2 CompilerThread1" daemon [_thread_in_native, id=1344, stack(0x0000000016120000,0x0000000016220000)]
=>0x00000000149ac800 JavaThread "C2 CompilerThread0" daemon [_thread_in_native, id=3760, stack(0x0000000016020000,0x0000000016120000)]
  0x00000000149aa800 JavaThread "Attach Listener" daemon [_thread_blocked, id=4256, stack(0x0000000015f20000,0x0000000016020000)]
  0x00000000149a9800 JavaThread "Signal Dispatcher" daemon [_thread_blocked, id=6444, stack(0x0000000015e20000,0x0000000015f20000)]
  0x00000000022d1800 JavaThread "Finalizer" daemon [_thread_blocked, id=224, stack(0x0000000015c20000,0x0000000015d20000)]
  0x00000000022ce800 JavaThread "Reference Handler" daemon [_thread_blocked, id=1984, stack(0x0000000015b20000,0x0000000015c20000)]
  0x00000000021e0800 JavaThread "main" [_thread_in_vm, id=5088, stack(0x00000000020e0000,0x00000000021e0000)]

Other Threads:
  0x0000000014977000 VMThread [stack: 0x0000000015a20000,0x0000000015b20000] [id=6148]
  0x0000000016332000 WatcherThread [stack: 0x0000000016820000,0x0000000016920000] [id=5692]

VM state:not at safepoint (normal execution)

VM Mutex/Monitor currently owned by a thread:  ([mutex/lock_event])
[0x000000000202e140] MethodData_lock - owner thread: 0x0000000014a0c000

Heap:
 PSYoungGen      total 35328K, used 9657K [0x00000000eab00000, 0x00000000ed000000, 0x0000000100000000)
  eden space 32768K, 21% used [0x00000000eab00000,0x00000000eb1f1968,0x00000000ecb00000)
  from space 2560K, 99% used [0x00000000ecb00000,0x00000000ecd7cd30,0x00000000ecd80000)
  to   space 2560K, 0% used [0x00000000ecd80000,0x00000000ecd80000,0x00000000ed000000)
 ParOldGen       total 44032K, used 7985K [0x00000000c0000000, 0x00000000c2b00000, 0x00000000eab00000)
  object space 44032K, 18% used [0x00000000c0000000,0x00000000c07cc728,0x00000000c2b00000)
 Metaspace       used 6151K, capacity 7024K, committed 7296K, reserved 1056768K
  class space    used 594K, capacity 616K, committed 640K, reserved 1048576K

Card table byte_map: [0x00000000116a0000,0x00000000118b0000] byte_map_base: 0x00000000110a0000

Marking Bits: (ParMarkBitMap*) 0x000000006fc1a5b0
 Begin Bits: [0x0000000011e10000, 0x0000000012e10000)
 End Bits:   [0x0000000012e10000, 0x0000000013e10000)

Polling page: 0x00000000004f0000

CodeCache: size=245760Kb used=6141Kb max_used=6141Kb free=239618Kb
 bounds [0x00000000022e0000, 0x00000000028f0000, 0x00000000112e0000]
 total_blobs=1800 nmethods=1532 adapters=181
 compilation: enabled

Compilation events (10 events):
Event: 6.901 Thread 0x0000000014a0c000 1539       3       com.android.dx.cf.code.Ropper::labelToBlock (52 bytes)
Event: 6.902 Thread 0x0000000014a0c000 nmethod 1539 0x00000000028d3d10 code [0x00000000028d3f60, 0x00000000028d4b98]
Event: 6.904 Thread 0x0000000014a0c000 1540       3       com.android.dx.ssa.back.FirstFitLocalCombiningAllocator$1::visitPhiInsn (6 bytes)
Event: 6.904 Thread 0x0000000014a0c000 nmethod 1540 0x00000000028d3990 code [0x00000000028d3b00, 0x00000000028d3c88]
Event: 6.905 Thread 0x0000000014a0c000 1541       3       com.android.dx.ssa.back.SsaToRop$PhiVisitor::visitPhiInsn (67 bytes)
Event: 6.906 Thread 0x0000000014a0c000 nmethod 1541 0x00000000028dc410 code [0x00000000028dc680, 0x00000000028dd688]
Event: 6.908 Thread 0x0000000014a0c000 1542       3       com.android.dx.dex.file.ValueEncoder::addContents (75 bytes)
Event: 6.910 Thread 0x0000000014a0c000 nmethod 1542 0x00000000028de290 code [0x00000000028de540, 0x00000000028dfb98]
Event: 6.917 Thread 0x0000000014a0c000 1543  s    3       com.android.dx.dex.file.FieldIdsSection::intern (55 bytes)
Event: 6.918 Thread 0x0000000014a0c000 nmethod 1543 0x00000000028e0810 code [0x00000000028e0a40, 0x00000000028e1748]

GC Heap History (6 events):
Event: 3.154 GC heap before
{Heap before GC invocations=1 (full 0):
 PSYoungGen      total 18944K, used 16384K [0x00000000eab00000, 0x00000000ec000000, 0x0000000100000000)
  eden space 16384K, 100% used [0x00000000eab00000,0x00000000ebb00000,0x00000000ebb00000)
  from space 2560K, 0% used [0x00000000ebd80000,0x00000000ebd80000,0x00000000ec000000)
  to   space 2560K, 0% used [0x00000000ebb00000,0x00000000ebb00000,0x00000000ebd80000)
 ParOldGen       total 44032K, used 0K [0x00000000c0000000, 0x00000000c2b00000, 0x00000000eab00000)
  object space 44032K, 0% used [0x00000000c0000000,0x00000000c0000000,0x00000000c2b00000)
 Metaspace       used 5641K, capacity 6640K, committed 6784K, reserved 1056768K
  class space    used 590K, capacity 616K, committed 640K, reserved 1048576K
Event: 3.478 GC heap after
Heap after GC invocations=1 (full 0):
 PSYoungGen      total 18944K, used 2538K [0x00000000eab00000, 0x00000000ed000000, 0x0000000100000000)
  eden space 16384K, 0% used [0x00000000eab00000,0x00000000eab00000,0x00000000ebb00000)
  from space 2560K, 99% used [0x00000000ebb00000,0x00000000ebd7aaa8,0x00000000ebd80000)
  to   space 2560K, 0% used [0x00000000ecd80000,0x00000000ecd80000,0x00000000ed000000)
 ParOldGen       total 44032K, used 1315K [0x00000000c0000000, 0x00000000c2b00000, 0x00000000eab00000)
  object space 44032K, 2% used [0x00000000c0000000,0x00000000c0148d50,0x00000000c2b00000)
 Metaspace       used 5641K, capacity 6640K, committed 6784K, reserved 1056768K
  class space    used 590K, capacity 616K, committed 640K, reserved 1048576K
}
Event: 4.961 GC heap before
{Heap before GC invocations=2 (full 0):
 PSYoungGen      total 18944K, used 18922K [0x00000000eab00000, 0x00000000ed000000, 0x0000000100000000)
  eden space 16384K, 100% used [0x00000000eab00000,0x00000000ebb00000,0x00000000ebb00000)
  from space 2560K, 99% used [0x00000000ebb00000,0x00000000ebd7aaa8,0x00000000ebd80000)
  to   space 2560K, 0% used [0x00000000ecd80000,0x00000000ecd80000,0x00000000ed000000)
 ParOldGen       total 44032K, used 1315K [0x00000000c0000000, 0x00000000c2b00000, 0x00000000eab00000)
  object space 44032K, 2% used [0x00000000c0000000,0x00000000c0148d50,0x00000000c2b00000)
 Metaspace       used 5948K, capacity 6896K, committed 7040K, reserved 1056768K
  class space    used 593K, capacity 616K, committed 640K, reserved 1048576K
Event: 5.102 GC heap after
Heap after GC invocations=2 (full 0):
 PSYoungGen      total 35328K, used 2549K [0x00000000eab00000, 0x00000000ed000000, 0x0000000100000000)
  eden space 32768K, 0% used [0x00000000eab00000,0x00000000eab00000,0x00000000ecb00000)
  from space 2560K, 99% used [0x00000000ecd80000,0x00000000ecffd6a8,0x00000000ed000000)
  to   space 2560K, 0% used [0x00000000ecb00000,0x00000000ecb00000,0x00000000ecd80000)
 ParOldGen       total 44032K, used 3284K [0x00000000c0000000, 0x00000000c2b00000, 0x00000000eab00000)
  object space 44032K, 7% used [0x00000000c0000000,0x00000000c03352d0,0x00000000c2b00000)
 Metaspace       used 5948K, capacity 6896K, committed 7040K, reserved 1056768K
  class space    used 593K, capacity 616K, committed 640K, reserved 1048576K
}
Event: 6.687 GC heap before
{Heap before GC invocations=3 (full 0):
 PSYoungGen      total 35328K, used 35317K [0x00000000eab00000, 0x00000000ed000000, 0x0000000100000000)
  eden space 32768K, 100% used [0x00000000eab00000,0x00000000ecb00000,0x00000000ecb00000)
  from space 2560K, 99% used [0x00000000ecd80000,0x00000000ecffd6a8,0x00000000ed000000)
  to   space 2560K, 0% used [0x00000000ecb00000,0x00000000ecb00000,0x00000000ecd80000)
 ParOldGen       total 44032K, used 3284K [0x00000000c0000000, 0x00000000c2b00000, 0x00000000eab00000)
  object space 44032K, 7% used [0x00000000c0000000,0x00000000c03352d0,0x00000000c2b00000)
 Metaspace       used 6141K, capacity 7024K, committed 7296K, reserved 1056768K
  class space    used 594K, capacity 616K, committed 640K, reserved 1048576K
Event: 6.841 GC heap after
Heap after GC invocations=3 (full 0):
 PSYoungGen      total 35328K, used 2547K [0x00000000eab00000, 0x00000000ed000000, 0x0000000100000000)
  eden space 32768K, 0% used [0x00000000eab00000,0x00000000eab00000,0x00000000ecb00000)
  from space 2560K, 99% used [0x00000000ecb00000,0x00000000ecd7cd30,0x00000000ecd80000)
  to   space 2560K, 0% used [0x00000000ecd80000,0x00000000ecd80000,0x00000000ed000000)
 ParOldGen       total 44032K, used 7985K [0x00000000c0000000, 0x00000000c2b00000, 0x00000000eab00000)
  object space 44032K, 18% used [0x00000000c0000000,0x00000000c07cc728,0x00000000c2b00000)
 Metaspace       used 6141K, capacity 7024K, committed 7296K, reserved 1056768K
  class space    used 594K, capacity 616K, committed 640K, reserved 1048576K
}

Deoptimization events (5 events):
Event: 3.150 Thread 0x00000000021e0800 Uncommon trap: reason=unstable_if action=reinterpret pc=0x00000000024e8d88 method=java.util.HashMap.getNode(ILjava/lang/Object;)Ljava/util/HashMap$Node; @ 129
Event: 3.563 Thread 0x0000000016586800 Uncommon trap: reason=unstable_if action=reinterpret pc=0x00000000024e7270 method=java.util.BitSet.nextSetBit(I)I @ 87
Event: 4.241 Thread 0x0000000016599800 Uncommon trap: reason=unstable_if action=reinterpret pc=0x000000000264f71c method=com.android.dx.ssa.SsaMethod.onSourcesChanged(Lcom/android/dx/ssa/SsaInsn;Lcom/android/dx/rop/code/RegisterSpecList;)V @ 4
Event: 5.421 Thread 0x00000000021e0800 Uncommon trap: reason=unstable_if action=reinterpret pc=0x0000000002840fa0 method=com.android.dx.ssa.SCCP.simulateBranch(Lcom/android/dx/ssa/SsaInsn;)V @ 64
Event: 5.423 Thread 0x00000000021e0800 Uncommon trap: reason=unstable_if action=reinterpret pc=0x00000000026b239c method=com.android.dx.ssa.SsaMethod.updateOneDefinition(Lcom/android/dx/ssa/SsaInsn;Lcom/android/dx/rop/code/RegisterSpec;)V @ 4

Internal exceptions (2 events):
Event: 0.073 Thread 0x00000000021e0800 Exception <a 'java/lang/NoSuchMethodError': Method sun.misc.Unsafe.defineClass(Ljava/lang/String;[BII)Ljava/lang/Class; name or signature does not match> (0x00000000eab0d9b8) thrown at [C:\re\workspace\8-2-build-windows-amd64-cygwin\jdk8u66\5298\hotspot\sr ¢¨¸Ò²?
Event: 0.074 Thread 0x00000000021e0800 Exception <a 'java/lang/NoSuchMethodError': Method sun.misc.Unsafe.prefetchRead(Ljava/lang/Object;J)V name or signature does not match> (0x00000000eab0dca0) thrown at [C:\re\workspace\8-2-build-windows-amd64-cygwin\jdk8u66\5298\hotspot\src\share\vm\prims\j

Events (10 events):
Event: 5.422 loading class com/android/dx/rop/code/RegOps done
Event: 5.423 Thread 0x00000000021e0800 Uncommon trap: trap_request=0xffffff65 fr.pc=0x00000000026b239c
Event: 5.423 Thread 0x00000000021e0800 DEOPT PACKING pc=0x00000000026b239c sp=0x00000000021de1a0
Event: 5.423 Thread 0x00000000021e0800 DEOPT UNPACKING pc=0x000000000232582a sp=0x00000000021de148 mode 2
Event: 5.964 Thread 0x0000000016570800 DEOPT PACKING pc=0x000000000255eb50 sp=0x0000000016a1e330
Event: 5.964 Thread 0x0000000016570800 DEOPT UNPACKING pc=0x000000000232787f sp=0x0000000016a1e0c8 mode 0
Event: 5.989 Thread 0x00000000021e0800 DEOPT PACKING pc=0x000000000255ebed sp=0x00000000021de3e0
Event: 5.989 Thread 0x00000000021e0800 DEOPT UNPACKING pc=0x000000000232787f sp=0x00000000021de178 mode 0
Event: 6.681 Executing VM operation: ParallelGCFailedAllocation
Event: 6.841 Executing VM operation: ParallelGCFailedAllocation done


Dynamic libraries:
0x00007ff7e1010000 - 0x00007ff7e1047000 	C:\Program Files\Java\jdk1.8.0_66\bin\java.exe
0x00007ffbf7d80000 - 0x00007ffbf7f41000 	C:\Windows\SYSTEM32\ntdll.dll
0x00007ffbf51e0000 - 0x00007ffbf528d000 	C:\Windows\system32\KERNEL32.DLL
0x00007ffbf44c0000 - 0x00007ffbf46a8000 	C:\Windows\system32\KERNELBASE.dll
0x00007ffbf7760000 - 0x00007ffbf7807000 	C:\Windows\system32\ADVAPI32.dll
0x00007ffbf5300000 - 0x00007ffbf539d000 	C:\Windows\system32\msvcrt.dll
0x00007ffbf53b0000 - 0x00007ffbf540b000 	C:\Windows\system32\sechost.dll
0x00007ffbf7c60000 - 0x00007ffbf7d7c000 	C:\Windows\system32\RPCRT4.dll
0x00007ffbf7810000 - 0x00007ffbf7966000 	C:\Windows\system32\USER32.dll
0x00007ffbf5410000 - 0x00007ffbf5596000 	C:\Windows\system32\GDI32.dll
0x00007ffbe7e40000 - 0x00007ffbe80b4000 	C:\Windows\WinSxS\amd64_microsoft.windows.common-controls_6595b64144ccf1df_6.0.10586.0_none_8c15ae12515e1c22\COMCTL32.dll
0x00007ffbf79e0000 - 0x00007ffbf7c5d000 	C:\Windows\system32\combase.dll
0x00007ffbf46b0000 - 0x00007ffbf471a000 	C:\Windows\system32\bcryptPrimitives.dll
0x00007ffbf72f0000 - 0x00007ffbf732b000 	C:\Windows\system32\IMM32.DLL
0x000000006ede0000 - 0x000000006eeb2000 	C:\Program Files\Java\jdk1.8.0_66\jre\bin\msvcr100.dll
0x000000006f410000 - 0x000000006fc99000 	C:\Program Files\Java\jdk1.8.0_66\jre\bin\server\jvm.dll
0x00007ffbf6ee0000 - 0x00007ffbf6ee8000 	C:\Windows\system32\PSAPI.DLL
0x00007ffbf0fb0000 - 0x00007ffbf0fb9000 	C:\Windows\SYSTEM32\WSOCK32.dll
0x00007ffbf7280000 - 0x00007ffbf72eb000 	C:\Windows\system32\WS2_32.dll
0x00007ffbf2ad0000 - 0x00007ffbf2af3000 	C:\Windows\SYSTEM32\WINMM.dll
0x00007ffbe75f0000 - 0x00007ffbe75fa000 	C:\Windows\SYSTEM32\VERSION.dll
0x00007ffbf2a70000 - 0x00007ffbf2a9c000 	C:\Windows\SYSTEM32\WINMMBASE.dll
0x00007ffbf4f60000 - 0x00007ffbf4fa3000 	C:\Windows\system32\cfgmgr32.dll
0x000000006f400000 - 0x000000006f40f000 	C:\Program Files\Java\jdk1.8.0_66\jre\bin\verify.dll
0x000000006f3d0000 - 0x000000006f3f9000 	C:\Program Files\Java\jdk1.8.0_66\jre\bin\java.dll
0x000000006f3b0000 - 0x000000006f3c6000 	C:\Program Files\Java\jdk1.8.0_66\jre\bin\zip.dll
0x00007ffbf5980000 - 0x00007ffbf6edc000 	C:\Windows\system32\SHELL32.dll
0x00007ffbf47d0000 - 0x00007ffbf4e14000 	C:\Windows\system32\windows.storage.dll
0x00007ffbf7220000 - 0x00007ffbf7272000 	C:\Windows\system32\shlwapi.dll
0x00007ffbf4410000 - 0x00007ffbf441f000 	C:\Windows\system32\kernel.appcore.dll
0x00007ffbf4ea0000 - 0x00007ffbf4f55000 	C:\Windows\system32\shcore.dll
0x00007ffbf43c0000 - 0x00007ffbf440b000 	C:\Windows\system32\powrprof.dll
0x00007ffbf43a0000 - 0x00007ffbf43b4000 	C:\Windows\system32\profapi.dll

VM Arguments:
jvm_args: -Djava.awt.headless=true -Xmx1024M -Dfile.encoding=windows-1252 -Duser.country=IT -Duser.language=it -Duser.variant 
java_command: com.android.dx.command.Main --dex --num-threads=4 --output C:\Users\Davide\AndroidStudioProjects\MioMeteo\app\build\intermediates\pre-dexed\debug\com.google.android.gms-play-services-maps-9.0.0_5e1a22836dccb8082603b8237532f16ec6598c05.jar C:\Users\Davide\AndroidStudioProjects\MioMeteo\app\build\intermediates\exploded-aar\com.google.android.gms\play-services-maps\9.0.0\jars\classes.jar
java_class_path (initial): C:\Users\Davide\AppData\Local\Android\sdk\build-tools\23.0.3\lib\dx.jar
Launcher Type: SUN_STANDARD

Environment Variables:
PATH=C:\ProgramData\Oracle\Java\javapath;C:\Program Files (x86)\Intel\iCLS Client\;C:\Program Files\Intel\iCLS Client\;C:\Windows\system32;C:\Windows;C:\Windows\System32\Wbem;C:\Windows\System32\WindowsPowerShell\v1.0\;c:\Program Files\Intel\WiFi\bin\;c:\Program Files\Common Files\Intel\WirelessCommon\;C:\Program Files\Intel\Intel(R) Management Engine Components\DAL;C:\Program Files (x86)\Intel\Intel(R) Management Engine Components\DAL;C:\Program Files\Intel\Intel(R) Management Engine Components\IPT;C:\Program Files (x86)\Intel\Intel(R) Management Engine Components\IPT;C:\Program Files\Hewlett-Packard\SimplePass\;C:\Program Files\Java\jdk1.8.0_66\bin;C:\Program Files\TortoiseSVN\bin;C:\Program Files (x86)\MySQL\MySQL Fabric 1.5 & MySQL Utilities 1.5\;C:\Program Files (x86)\MySQL\MySQL Fabric 1.5 & MySQL Utilities 1.5\Doctrine extensions for PHP\;C:\Program Files (x86)\Skype\Phone\
USERNAME=Davide
OS=Windows_NT
PROCESSOR_IDENTIFIER=Intel64 Family 6 Model 61 Stepping 4, GenuineIntel



---------------  S Y S T E M  ---------------

OS: Windows 10.0 , 64 bit Build 10586 (10.0.10586.0)

CPU:total 4 (2 cores per cpu, 2 threads per core) family 6 model 61 stepping 4, cmov, cx8, fxsr, mmx, sse, sse2, sse3, ssse3, sse4.1, sse4.2, popcnt, avx, avx2, aes, clmul, erms, 3dnowpref, lzcnt, ht, tsc, tscinvbit, bmi1, bmi2, adx

Memory: 4k page, physical 4109328k(316780k free), swap 5157904k(7060k free)

vm_info: Java HotSpot(TM) 64-Bit Server VM (25.66-b18) for windows-amd64 JRE (1.8.0_66-b18), built on Nov  9 2015 10:51:13 by "java_re" with MS VC++ 10.0 (VS2010)

time: Tue May 31 21:34:30 2016
elapsed time: 6 seconds (0d 0h 0m 6s)

