#
# There is insufficient memory for the Java Runtime Environment to continue.
# Native memory allocation (malloc) failed to allocate 32784 bytes for Chunk::new
# Possible reasons:
#   The system is out of physical RAM or swap space
#   In 32 bit mode, the process size limit was hit
# Possible solutions:
#   Reduce memory load on the system
#   Increase physical memory or swap space
#   Check if swap backing store is full
#   Use 64 bit Java on a 64 bit OS
#   Decrease Java heap size (-Xmx/-Xms)
#   Decrease number of Java threads
#   Decrease Java thread stack sizes (-Xss)
#   Set larger code cache with -XX:ReservedCodeCacheSize=
# This output file may be truncated or incomplete.
#
#  Out of Memory Error (allocation.cpp:390), pid=2180, tid=5356
#
# JRE version: Java(TM) SE Runtime Environment (8.0_66-b18) (build 1.8.0_66-b18)
# Java VM: Java HotSpot(TM) 64-Bit Server VM (25.66-b18 mixed mode windows-amd64 compressed oops)
# Failed to write core dump. Minidumps are not enabled by default on client versions of Windows
#

---------------  T H R E A D  ---------------

Current thread (0x00000000149dd000):  JavaThread "C2 CompilerThread0" daemon [_thread_in_native, id=5356, stack(0x0000000016030000,0x0000000016130000)]

Stack: [0x0000000016030000,0x0000000016130000]
[error occurred during error reporting (printing stack bounds), id 0xc0000005]

Native frames: (J=compiled Java code, j=interpreted, Vv=VM code, C=native code)


Current CompileTask:
C2:   7147 1596 %     4       com.android.dx.ssa.SsaMethod::mapRegisters @ 36 (87 bytes)


---------------  P R O C E S S  ---------------

Java Threads: ( => current thread )
  0x00000000165af000 JavaThread "pool-2-thread-4" [_thread_blocked, id=7940, stack(0x0000000017530000,0x0000000017630000)]
  0x00000000165ad800 JavaThread "pool-2-thread-3" [_thread_blocked, id=5596, stack(0x0000000017430000,0x0000000017530000)]
  0x00000000165ad000 JavaThread "pool-2-thread-2" [_thread_blocked, id=7848, stack(0x0000000017330000,0x0000000017430000)]
  0x00000000165a8000 JavaThread "pool-3-thread-1" [_thread_blocked, id=7856, stack(0x0000000017230000,0x0000000017330000)]
  0x00000000165a7000 JavaThread "pool-2-thread-1" [_thread_blocked, id=2452, stack(0x0000000017130000,0x0000000017230000)]
  0x0000000016352000 JavaThread "Service Thread" daemon [_thread_blocked, id=8076, stack(0x0000000016730000,0x0000000016830000)]
  0x0000000014a31000 JavaThread "C1 CompilerThread2" daemon [_thread_blocked, id=5272, stack(0x0000000016230000,0x0000000016330000)]
  0x00000000149e0000 JavaThread "C2 CompilerThread1" daemon [_thread_in_native, id=6680, stack(0x0000000016130000,0x0000000016230000)]
=>0x00000000149dd000 JavaThread "C2 CompilerThread0" daemon [_thread_in_native, id=5356, stack(0x0000000016030000,0x0000000016130000)]
  0x00000000149db000 JavaThread "Attach Listener" daemon [_thread_blocked, id=6616, stack(0x0000000015f30000,0x0000000016030000)]
  0x00000000149d9800 JavaThread "Signal Dispatcher" daemon [_thread_blocked, id=4332, stack(0x0000000015e30000,0x0000000015f30000)]
  0x0000000002300800 JavaThread "Finalizer" daemon [_thread_blocked, id=4892, stack(0x0000000015c30000,0x0000000015d30000)]
  0x00000000022fd000 JavaThread "Reference Handler" daemon [_thread_blocked, id=4468, stack(0x0000000015b30000,0x0000000015c30000)]
  0x0000000002210800 JavaThread "main" [_thread_in_vm, id=8112, stack(0x0000000002110000,0x0000000002210000)]

Other Threads:
  0x00000000149a8000 VMThread [stack: 0x0000000015a30000,0x0000000015b30000] [id=7776]
  0x0000000016358000 WatcherThread [stack: 0x0000000016830000,0x0000000016930000] [id=4656]

VM state:not at safepoint (normal execution)

VM Mutex/Monitor currently owned by a thread: None

Heap:
 PSYoungGen      total 35328K, used 21727K [0x00000000eab00000, 0x00000000ef000000, 0x0000000100000000)
  eden space 32768K, 58% used [0x00000000eab00000,0x00000000ebdbb8d0,0x00000000ecb00000)
  from space 2560K, 99% used [0x00000000ecb00000,0x00000000ecd7c5d0,0x00000000ecd80000)
  to   space 2560K, 0% used [0x00000000eed80000,0x00000000eed80000,0x00000000ef000000)
 ParOldGen       total 44032K, used 7610K [0x00000000c0000000, 0x00000000c2b00000, 0x00000000eab00000)
  object space 44032K, 17% used [0x00000000c0000000,0x00000000c076e8d0,0x00000000c2b00000)
 Metaspace       used 6205K, capacity 7088K, committed 7296K, reserved 1056768K
  class space    used 601K, capacity 616K, committed 640K, reserved 1048576K

Card table byte_map: [0x00000000116d0000,0x00000000118e0000] byte_map_base: 0x00000000110d0000

Marking Bits: (ParMarkBitMap*) 0x000000006695a5b0
 Begin Bits: [0x0000000011e40000, 0x0000000012e40000)
 End Bits:   [0x0000000012e40000, 0x0000000013e40000)

Polling page: 0x0000000000510000

CodeCache: size=245760Kb used=6927Kb max_used=6947Kb free=238832Kb
 bounds [0x0000000002310000, 0x00000000029f0000, 0x0000000011310000]
 total_blobs=1853 nmethods=1584 adapters=182
 compilation: enabled

Compilation events (10 events):
Event: 7.123 Thread 0x00000000149e0000 1592       4       com.android.dx.ssa.BasicRegisterMapper::addMapping (68 bytes)
Event: 7.133 Thread 0x00000000149e0000 nmethod 1592 0x00000000029adc10 code [0x00000000029add60, 0x00000000029ae218]
Event: 7.135 Thread 0x00000000149dd000 1593       4       java.util.BitSet::set (124 bytes)
Event: 7.139 Thread 0x00000000149e0000 1594       4       java.util.BitSet::checkRange (104 bytes)
Event: 7.139 Thread 0x00000000149e0000 nmethod 1594 0x00000000029c1710 code [0x00000000029c1840, 0x00000000029c18d8]
Event: 7.140 Thread 0x00000000149dd000 nmethod 1593 0x00000000029bfad0 code [0x00000000029bfc20, 0x00000000029c0058]
Event: 7.140 Thread 0x00000000149e0000 1595       4       com.android.dx.ssa.SsaBasicBlock::scheduleMovesFromPhis (108 bytes)
Event: 7.141 Thread 0x00000000149e0000 nmethod 1595 0x00000000029ad950 code [0x00000000029ada80, 0x00000000029adb38]
Event: 7.142 Thread 0x00000000149dd000 1596 %     4       com.android.dx.ssa.SsaMethod::mapRegisters @ 36 (87 bytes)
Event: 7.142 Thread 0x00000000149e0000 1597 %     4       com.android.dx.ssa.SsaMethod::forEachBlockDepthFirst @ 62 (194 bytes)

GC Heap History (6 events):
Event: 0.748 GC heap before
{Heap before GC invocations=1 (full 0):
 PSYoungGen      total 18944K, used 16384K [0x00000000eab00000, 0x00000000ec000000, 0x0000000100000000)
  eden space 16384K, 100% used [0x00000000eab00000,0x00000000ebb00000,0x00000000ebb00000)
  from space 2560K, 0% used [0x00000000ebd80000,0x00000000ebd80000,0x00000000ec000000)
  to   space 2560K, 0% used [0x00000000ebb00000,0x00000000ebb00000,0x00000000ebd80000)
 ParOldGen       total 44032K, used 0K [0x00000000c0000000, 0x00000000c2b00000, 0x00000000eab00000)
  object space 44032K, 0% used [0x00000000c0000000,0x00000000c0000000,0x00000000c2b00000)
 Metaspace       used 3936K, capacity 5104K, committed 5376K, reserved 1056768K
  class space    used 441K, capacity 488K, committed 512K, reserved 1048576K
Event: 0.760 GC heap after
Heap after GC invocations=1 (full 0):
 PSYoungGen      total 18944K, used 1525K [0x00000000eab00000, 0x00000000ed000000, 0x0000000100000000)
  eden space 16384K, 0% used [0x00000000eab00000,0x00000000eab00000,0x00000000ebb00000)
  from space 2560K, 59% used [0x00000000ebb00000,0x00000000ebc7d598,0x00000000ebd80000)
  to   space 2560K, 0% used [0x00000000ecd80000,0x00000000ecd80000,0x00000000ed000000)
 ParOldGen       total 44032K, used 8K [0x00000000c0000000, 0x00000000c2b00000, 0x00000000eab00000)
  object space 44032K, 0% used [0x00000000c0000000,0x00000000c0002000,0x00000000c2b00000)
 Metaspace       used 3936K, capacity 5104K, committed 5376K, reserved 1056768K
  class space    used 441K, capacity 488K, committed 512K, reserved 1048576K
}
Event: 2.124 GC heap before
{Heap before GC invocations=2 (full 0):
 PSYoungGen      total 18944K, used 17909K [0x00000000eab00000, 0x00000000ed000000, 0x0000000100000000)
  eden space 16384K, 100% used [0x00000000eab00000,0x00000000ebb00000,0x00000000ebb00000)
  from space 2560K, 59% used [0x00000000ebb00000,0x00000000ebc7d598,0x00000000ebd80000)
  to   space 2560K, 0% used [0x00000000ecd80000,0x00000000ecd80000,0x00000000ed000000)
 ParOldGen       total 44032K, used 8K [0x00000000c0000000, 0x00000000c2b00000, 0x00000000eab00000)
  object space 44032K, 0% used [0x00000000c0000000,0x00000000c0002000,0x00000000c2b00000)
 Metaspace       used 5886K, capacity 6832K, committed 7040K, reserved 1056768K
  class space    used 600K, capacity 616K, committed 640K, reserved 1048576K
Event: 2.132 GC heap after
Heap after GC invocations=2 (full 0):
 PSYoungGen      total 35328K, used 2557K [0x00000000eab00000, 0x00000000ed000000, 0x0000000100000000)
  eden space 32768K, 0% used [0x00000000eab00000,0x00000000eab00000,0x00000000ecb00000)
  from space 2560K, 99% used [0x00000000ecd80000,0x00000000ecfff5d8,0x00000000ed000000)
  to   space 2560K, 0% used [0x00000000ecb00000,0x00000000ecb00000,0x00000000ecd80000)
 ParOldGen       total 44032K, used 2331K [0x00000000c0000000, 0x00000000c2b00000, 0x00000000eab00000)
  object space 44032K, 5% used [0x00000000c0000000,0x00000000c0246c20,0x00000000c2b00000)
 Metaspace       used 5886K, capacity 6832K, committed 7040K, reserved 1056768K
  class space    used 600K, capacity 616K, committed 640K, reserved 1048576K
}
Event: 4.934 GC heap before
{Heap before GC invocations=3 (full 0):
 PSYoungGen      total 35328K, used 35325K [0x00000000eab00000, 0x00000000ed000000, 0x0000000100000000)
  eden space 32768K, 100% used [0x00000000eab00000,0x00000000ecb00000,0x00000000ecb00000)
  from space 2560K, 99% used [0x00000000ecd80000,0x00000000ecfff5d8,0x00000000ed000000)
  to   space 2560K, 0% used [0x00000000ecb00000,0x00000000ecb00000,0x00000000ecd80000)
 ParOldGen       total 44032K, used 2331K [0x00000000c0000000, 0x00000000c2b00000, 0x00000000eab00000)
  object space 44032K, 5% used [0x00000000c0000000,0x00000000c0246c20,0x00000000c2b00000)
 Metaspace       used 6195K, capacity 7088K, committed 7296K, reserved 1056768K
  class space    used 601K, capacity 616K, committed 640K, reserved 1048576K
Event: 5.362 GC heap after
Heap after GC invocations=3 (full 0):
 PSYoungGen      total 35328K, used 2545K [0x00000000eab00000, 0x00000000ef000000, 0x0000000100000000)
  eden space 32768K, 0% used [0x00000000eab00000,0x00000000eab00000,0x00000000ecb00000)
  from space 2560K, 99% used [0x00000000ecb00000,0x00000000ecd7c5d0,0x00000000ecd80000)
  to   space 2560K, 0% used [0x00000000eed80000,0x00000000eed80000,0x00000000ef000000)
 ParOldGen       total 44032K, used 7610K [0x00000000c0000000, 0x00000000c2b00000, 0x00000000eab00000)
  object space 44032K, 17% used [0x00000000c0000000,0x00000000c076e8d0,0x00000000c2b00000)
 Metaspace       used 6195K, capacity 7088K, committed 7296K, reserved 1056768K
  class space    used 601K, capacity 616K, committed 640K, reserved 1048576K
}

Deoptimization events (10 events):
Event: 2.220 Thread 0x00000000165a7000 Uncommon trap: reason=class_check action=maybe_recompile pc=0x00000000026014e8 method=com.android.dx.rop.type.Type.equals(Ljava/lang/Object;)Z @ 8
Event: 2.222 Thread 0x00000000165a7000 Uncommon trap: reason=class_check action=maybe_recompile pc=0x00000000026014e8 method=com.android.dx.rop.type.Type.equals(Ljava/lang/Object;)Z @ 8
Event: 2.804 Thread 0x0000000002210800 Uncommon trap: reason=unloaded action=reinterpret pc=0x00000000027119d4 method=com.android.dx.cf.cst.ConstantPoolParser.parse0(ILjava/util/BitSet;)Lcom/android/dx/rop/cst/Constant; @ 198
Event: 2.816 Thread 0x0000000002210800 Uncommon trap: reason=unstable_if action=reinterpret pc=0x0000000002730a78 method=com.android.dx.cf.code.Ropper.labelToResultIndex(I)I @ 34
Event: 2.818 Thread 0x0000000002210800 Uncommon trap: reason=unstable_if action=reinterpret pc=0x000000000260f95c method=com.android.dx.rop.cst.Constant.compareTo(Lcom/android/dx/rop/cst/Constant;)I @ 12
Event: 4.362 Thread 0x00000000165af000 Uncommon trap: reason=bimorphic action=maybe_recompile pc=0x00000000027ec720 method=com.android.dx.cf.code.BytecodeArray.parseInstruction(ILcom/android/dx/cf/code/BytecodeArray$Visitor;)I @ 2484
Event: 4.362 Thread 0x00000000165af000 Uncommon trap: reason=bimorphic action=maybe_recompile pc=0x00000000027ec720 method=com.android.dx.cf.code.BytecodeArray.parseInstruction(ILcom/android/dx/cf/code/BytecodeArray$Visitor;)I @ 2484
Event: 5.452 Thread 0x00000000165af000 Uncommon trap: reason=unstable_if action=reinterpret pc=0x000000000268cf7c method=com.android.dx.util.IntList.binarysearch(I)I @ 105
Event: 5.456 Thread 0x00000000165af000 Uncommon trap: reason=unstable_if action=reinterpret pc=0x000000000289645c method=com.android.dx.ssa.SCCP.simulateStmt(Lcom/android/dx/ssa/SsaInsn;)V @ 59
Event: 6.580 Thread 0x0000000002210800 Uncommon trap: reason=unstable_if action=reinterpret pc=0x0000000002987d50 method=com.android.dx.ssa.SsaRenamer$BlockRenamer.visitMoveInsn(Lcom/android/dx/ssa/NormalSsaInsn;)V @ 104

Internal exceptions (2 events):
Event: 0.053 Thread 0x0000000002210800 Exception <a 'java/lang/NoSuchMethodError': Method sun.misc.Unsafe.defineClass(Ljava/lang/String;[BII)Ljava/lang/Class; name or signature does not match> (0x00000000eab0d868) thrown at [C:\re\workspace\8-2-build-windows-amd64-cygwin\jdk8u66\5298\hotspot\srØÁR‰ÑB«?
Event: 0.053 Thread 0x0000000002210800 Exception <a 'java/lang/NoSuchMethodError': Method sun.misc.Unsafe.prefetchRead(Ljava/lang/Object;J)V name or signature does not match> (0x00000000eab0db50) thrown at [C:\re\workspace\8-2-build-windows-amd64-cygwin\jdk8u66\5298\hotspot\src\share\vm\prims\j

Events (10 events):
Event: 5.362 Executing VM operation: ParallelGCFailedAllocation done
Event: 5.452 Thread 0x00000000165af000 Uncommon trap: trap_request=0xffffff65 fr.pc=0x000000000268cf7c
Event: 5.452 Thread 0x00000000165af000 DEOPT PACKING pc=0x000000000268cf7c sp=0x000000001762e610
Event: 5.452 Thread 0x00000000165af000 DEOPT UNPACKING pc=0x000000000235582a sp=0x000000001762e588 mode 2
Event: 5.456 Thread 0x00000000165af000 Uncommon trap: trap_request=0xffffff65 fr.pc=0x000000000289645c
Event: 5.456 Thread 0x00000000165af000 DEOPT PACKING pc=0x000000000289645c sp=0x000000001762e5e0
Event: 5.456 Thread 0x00000000165af000 DEOPT UNPACKING pc=0x000000000235582a sp=0x000000001762e5c8 mode 2
Event: 6.580 Thread 0x0000000002210800 Uncommon trap: trap_request=0xffffff65 fr.pc=0x0000000002987d50
Event: 6.580 Thread 0x0000000002210800 DEOPT PACKING pc=0x0000000002987d50 sp=0x000000000220e060
Event: 6.580 Thread 0x0000000002210800 DEOPT UNPACKING pc=0x000000000235582a sp=0x000000000220df10 mode 2


Dynamic libraries:
0x00007ff62de70000 - 0x00007ff62dea7000 	C:\Program Files\Java\jdk1.8.0_66\bin\java.exe
0x00007ffb346b0000 - 0x00007ffb34871000 	C:\Windows\SYSTEM32\ntdll.dll
0x00007ffb32ae0000 - 0x00007ffb32b8d000 	C:\Windows\system32\KERNEL32.DLL
0x00007ffb30fd0000 - 0x00007ffb311b8000 	C:\Windows\system32\KERNELBASE.dll
0x00007ffb32510000 - 0x00007ffb325b7000 	C:\Windows\system32\ADVAPI32.dll
0x00007ffb32870000 - 0x00007ffb3290d000 	C:\Windows\system32\msvcrt.dll
0x00007ffb34640000 - 0x00007ffb3469b000 	C:\Windows\system32\sechost.dll
0x00007ffb322d0000 - 0x00007ffb323ec000 	C:\Windows\system32\RPCRT4.dll
0x00007ffb32980000 - 0x00007ffb32ad6000 	C:\Windows\system32\USER32.dll
0x00007ffb344b0000 - 0x00007ffb34636000 	C:\Windows\system32\GDI32.dll
0x00007ffb260a0000 - 0x00007ffb26314000 	C:\Windows\WinSxS\amd64_microsoft.windows.common-controls_6595b64144ccf1df_6.0.10586.0_none_8c15ae12515e1c22\COMCTL32.dll
0x00007ffb32b90000 - 0x00007ffb32e0d000 	C:\Windows\system32\combase.dll
0x00007ffb30d60000 - 0x00007ffb30dca000 	C:\Windows\system32\bcryptPrimitives.dll
0x00007ffb31ab0000 - 0x00007ffb31aeb000 	C:\Windows\system32\IMM32.DLL
0x0000000065cd0000 - 0x0000000065da2000 	C:\Program Files\Java\jdk1.8.0_66\jre\bin\msvcr100.dll
0x0000000066150000 - 0x00000000669d9000 	C:\Program Files\Java\jdk1.8.0_66\jre\bin\server\jvm.dll
0x00007ffb346a0000 - 0x00007ffb346a8000 	C:\Windows\system32\PSAPI.DLL
0x00007ffb2d450000 - 0x00007ffb2d459000 	C:\Windows\SYSTEM32\WSOCK32.dll
0x00007ffb32910000 - 0x00007ffb3297b000 	C:\Windows\system32\WS2_32.dll
0x00007ffb2ef50000 - 0x00007ffb2ef73000 	C:\Windows\SYSTEM32\WINMM.dll
0x00007ffb24800000 - 0x00007ffb2480a000 	C:\Windows\SYSTEM32\VERSION.dll
0x00007ffb2eef0000 - 0x00007ffb2ef1c000 	C:\Windows\SYSTEM32\WINMMBASE.dll
0x00007ffb31830000 - 0x00007ffb31873000 	C:\Windows\system32\cfgmgr32.dll
0x0000000066140000 - 0x000000006614f000 	C:\Program Files\Java\jdk1.8.0_66\jre\bin\verify.dll
0x0000000066110000 - 0x0000000066139000 	C:\Program Files\Java\jdk1.8.0_66\jre\bin\java.dll
0x00000000660f0000 - 0x0000000066106000 	C:\Program Files\Java\jdk1.8.0_66\jre\bin\zip.dll
0x00007ffb32e10000 - 0x00007ffb3436c000 	C:\Windows\system32\SHELL32.dll
0x00007ffb311c0000 - 0x00007ffb31804000 	C:\Windows\system32\windows.storage.dll
0x00007ffb32270000 - 0x00007ffb322c2000 	C:\Windows\system32\shlwapi.dll
0x00007ffb30cf0000 - 0x00007ffb30cff000 	C:\Windows\system32\kernel.appcore.dll
0x00007ffb30e60000 - 0x00007ffb30f15000 	C:\Windows\system32\shcore.dll
0x00007ffb30d00000 - 0x00007ffb30d4b000 	C:\Windows\system32\powrprof.dll
0x00007ffb30cd0000 - 0x00007ffb30ce4000 	C:\Windows\system32\profapi.dll

VM Arguments:
jvm_args: -Djava.awt.headless=true -Xmx1024M -Dfile.encoding=windows-1252 -Duser.country=IT -Duser.language=it -Duser.variant 
java_command: com.android.dx.command.Main --dex --force-jumbo --num-threads=4 --multi-dex --output C:\Users\Davide\AndroidStudioProjects\MioMeteo\app\build\intermediates\transforms\dex\debug\folders\1000\10\com.android.support-support-v4-23.4.0_aaab4edea211bdf5334c61199a8744e711966bf7 C:\Users\Davide\AndroidStudioProjects\MioMeteo\app\build\intermediates\exploded-aar\com.android.support\support-v4\23.4.0\jars\classes.jar
java_class_path (initial): C:\Users\Davide\AppData\Local\Android\sdk\build-tools\23.0.3\lib\dx.jar
Launcher Type: SUN_STANDARD

Environment Variables:
PATH=C:\ProgramData\Oracle\Java\javapath;C:\Program Files (x86)\Intel\iCLS Client\;C:\Program Files\Intel\iCLS Client\;C:\Windows\system32;C:\Windows;C:\Windows\System32\Wbem;C:\Windows\System32\WindowsPowerShell\v1.0\;c:\Program Files\Intel\WiFi\bin\;c:\Program Files\Common Files\Intel\WirelessCommon\;C:\Program Files\Intel\Intel(R) Management Engine Components\DAL;C:\Program Files (x86)\Intel\Intel(R) Management Engine Components\DAL;C:\Program Files\Intel\Intel(R) Management Engine Components\IPT;C:\Program Files (x86)\Intel\Intel(R) Management Engine Components\IPT;C:\Program Files\Hewlett-Packard\SimplePass\;C:\Program Files\Java\jdk1.8.0_66\bin;C:\Program Files\TortoiseSVN\bin;C:\Program Files (x86)\MySQL\MySQL Fabric 1.5 & MySQL Utilities 1.5\;C:\Program Files (x86)\MySQL\MySQL Fabric 1.5 & MySQL Utilities 1.5\Doctrine extensions for PHP\;C:\Program Files (x86)\Skype\Phone\
USERNAME=Davide
OS=Windows_NT
PROCESSOR_IDENTIFIER=Intel64 Family 6 Model 61 Stepping 4, GenuineIntel



---------------  S Y S T E M  ---------------

OS: Windows 10.0 , 64 bit Build 10586 (10.0.10586.0)

CPU:total 4 (2 cores per cpu, 2 threads per core) family 6 model 61 stepping 4, cmov, cx8, fxsr, mmx, sse, sse2, sse3, ssse3, sse4.1, sse4.2, popcnt, avx, avx2, aes, clmul, erms, 3dnowpref, lzcnt, ht, tsc, tscinvbit, bmi1, bmi2, adx

Memory: 4k page, physical 4109328k(231124k free), swap 5157904k(4108k free)

vm_info: Java HotSpot(TM) 64-Bit Server VM (25.66-b18) for windows-amd64 JRE (1.8.0_66-b18), built on Nov  9 2015 10:51:13 by "java_re" with MS VC++ 10.0 (VS2010)

time: Tue May 17 10:51:19 2016
elapsed time: 7 seconds (0d 0h 0m 7s)

