#
# There is insufficient memory for the Java Runtime Environment to continue.
# Native memory allocation (malloc) failed to allocate 692496 bytes for Chunk::new
# Possible reasons:
#   The system is out of physical RAM or swap space
#   In 32 bit mode, the process size limit was hit
# Possible solutions:
#   Reduce memory load on the system
#   Increase physical memory or swap space
#   Check if swap backing store is full
#   Use 64 bit Java on a 64 bit OS
#   Decrease Java heap size (-Xmx/-Xms)
#   Decrease number of Java threads
#   Decrease Java thread stack sizes (-Xss)
#   Set larger code cache with -XX:ReservedCodeCacheSize=
# This output file may be truncated or incomplete.
#
#  Out of Memory Error (allocation.cpp:390), pid=4356, tid=3992
#
# JRE version: Java(TM) SE Runtime Environment (8.0_66-b18) (build 1.8.0_66-b18)
# Java VM: Java HotSpot(TM) 64-Bit Server VM (25.66-b18 mixed mode windows-amd64 compressed oops)
# Failed to write core dump. Minidumps are not enabled by default on client versions of Windows
#

---------------  T H R E A D  ---------------

Current thread (0x000000001493d000):  JavaThread "C2 CompilerThread0" daemon [_thread_in_native, id=3992, stack(0x0000000015f90000,0x0000000016090000)]

Stack: [0x0000000015f90000,0x0000000016090000]
[error occurred during error reporting (printing stack bounds), id 0xc0000005]

Native frames: (J=compiled Java code, j=interpreted, Vv=VM code, C=native code)


Current CompileTask:
C2:  16711 2848       4       com.android.dx.dex.code.DalvCode::finishProcessingIfNecessary (69 bytes)


---------------  P R O C E S S  ---------------

Java Threads: ( => current thread )
  0x000000001619d800 JavaThread "Service Thread" daemon [_thread_blocked, id=5576, stack(0x0000000016690000,0x0000000016790000)]
  0x0000000016198800 JavaThread "C1 CompilerThread2" daemon [_thread_blocked, id=7936, stack(0x0000000016590000,0x0000000016690000)]
  0x0000000014940000 JavaThread "C2 CompilerThread1" daemon [_thread_blocked, id=6856, stack(0x0000000016090000,0x0000000016190000)]
=>0x000000001493d000 JavaThread "C2 CompilerThread0" daemon [_thread_in_native, id=3992, stack(0x0000000015f90000,0x0000000016090000)]
  0x000000001493b000 JavaThread "Attach Listener" daemon [_thread_blocked, id=3452, stack(0x0000000015e90000,0x0000000015f90000)]
  0x0000000014939800 JavaThread "Signal Dispatcher" daemon [_thread_blocked, id=6312, stack(0x0000000015d90000,0x0000000015e90000)]
  0x0000000002266800 JavaThread "Finalizer" daemon [_thread_blocked, id=3384, stack(0x0000000015b90000,0x0000000015c90000)]
  0x000000000225e800 JavaThread "Reference Handler" daemon [_thread_blocked, id=6828, stack(0x0000000015a90000,0x0000000015b90000)]
  0x0000000002170800 JavaThread "main" [_thread_in_vm, id=2264, stack(0x0000000002070000,0x0000000002170000)]

Other Threads:
  0x0000000014907000 VMThread [stack: 0x0000000015990000,0x0000000015a90000] [id=4948]
  0x00000000161aa000 WatcherThread [stack: 0x0000000016790000,0x0000000016890000] [id=6584]

VM state:not at safepoint (normal execution)

VM Mutex/Monitor currently owned by a thread: None

Heap:
 PSYoungGen      total 145920K, used 29697K [0x00000000eab00000, 0x00000000fa980000, 0x0000000100000000)
  eden space 124416K, 14% used [0x00000000eab00000,0x00000000ebc902d0,0x00000000f2480000)
  from space 21504K, 54% used [0x00000000f2480000,0x00000000f2ff03a0,0x00000000f3980000)
  to   space 30720K, 0% used [0x00000000f8b80000,0x00000000f8b80000,0x00000000fa980000)
 ParOldGen       total 84480K, used 43933K [0x00000000c0000000, 0x00000000c5280000, 0x00000000eab00000)
  object space 84480K, 52% used [0x00000000c0000000,0x00000000c2ae7438,0x00000000c5280000)
 Metaspace       used 6797K, capacity 7544K, committed 7808K, reserved 1056768K
  class space    used 620K, capacity 624K, committed 640K, reserved 1048576K

Card table byte_map: [0x0000000011630000,0x0000000011840000] byte_map_base: 0x0000000011030000

Marking Bits: (ParMarkBitMap*) 0x000000005541a5b0
 Begin Bits: [0x0000000011da0000, 0x0000000012da0000)
 End Bits:   [0x0000000012da0000, 0x0000000013da0000)

Polling page: 0x0000000000430000

CodeCache: size=245760Kb used=11769Kb max_used=11781Kb free=233990Kb
 bounds [0x0000000002270000, 0x0000000002e00000, 0x0000000011270000]
 total_blobs=2870 nmethods=2601 adapters=181
 compilation: enabled

Compilation events (10 events):
Event: 16.669 Thread 0x0000000016198800 nmethod 2856 0x0000000002df4e50 code [0x0000000002df5020, 0x0000000002df5818]
Event: 16.669 Thread 0x0000000016198800 2858       3       com.android.dx.dex.code.form.Form10x::writeTo (10 bytes)
Event: 16.669 Thread 0x0000000016198800 nmethod 2858 0x0000000002df4910 code [0x0000000002df4aa0, 0x0000000002df4cf8]
Event: 16.670 Thread 0x0000000016198800 2859       3       com.android.dx.rop.cst.CstFloat::getType (4 bytes)
Event: 16.670 Thread 0x0000000016198800 nmethod 2859 0x0000000002dd9910 code [0x0000000002dd9a60, 0x0000000002dd9bb0]
Event: 16.677 Thread 0x0000000014940000 nmethod 2854% 0x0000000002df8c90 code [0x0000000002df8e00, 0x0000000002df9268]
Event: 16.677 Thread 0x0000000014940000 2857 % !   4       com.android.dx.dex.code.DalvInsnList::writeTo @ 132 (254 bytes)
Event: 16.684 Thread 0x0000000014940000 nmethod 2857% 0x0000000002df9850 code [0x0000000002df99c0, 0x0000000002df9dd8]
Event: 16.684 Thread 0x0000000014940000 2855       4       com.android.dx.dex.code.InsnFormat::makeByte (42 bytes)
Event: 16.685 Thread 0x0000000014940000 nmethod 2855 0x0000000002df5d90 code [0x0000000002df5ec0, 0x0000000002df5f58]

GC Heap History (10 events):
Event: 3.771 GC heap before
{Heap before GC invocations=6 (full 0):
 PSYoungGen      total 35328K, used 35328K [0x00000000eab00000, 0x00000000efb00000, 0x0000000100000000)
  eden space 32768K, 100% used [0x00000000eab00000,0x00000000ecb00000,0x00000000ecb00000)
  from space 2560K, 100% used [0x00000000ecb00000,0x00000000ecd80000,0x00000000ecd80000)
  to   space 8192K, 0% used [0x00000000ef300000,0x00000000ef300000,0x00000000efb00000)
 ParOldGen       total 44032K, used 11858K [0x00000000c0000000, 0x00000000c2b00000, 0x00000000eab00000)
  object space 44032K, 26% used [0x00000000c0000000,0x00000000c0b94a78,0x00000000c2b00000)
 Metaspace       used 6270K, capacity 7088K, committed 7296K, reserved 1056768K
  class space    used 600K, capacity 616K, committed 640K, reserved 1048576K
Event: 3.793 GC heap after
Heap after GC invocations=6 (full 0):
 PSYoungGen      total 72704K, used 7648K [0x00000000eab00000, 0x00000000efd00000, 0x0000000100000000)
  eden space 64512K, 0% used [0x00000000eab00000,0x00000000eab00000,0x00000000eea00000)
  from space 8192K, 93% used [0x00000000ef300000,0x00000000efa78000,0x00000000efb00000)
  to   space 9216K, 0% used [0x00000000eea00000,0x00000000eea00000,0x00000000ef300000)
 ParOldGen       total 44032K, used 11866K [0x00000000c0000000, 0x00000000c2b00000, 0x00000000eab00000)
  object space 44032K, 26% used [0x00000000c0000000,0x00000000c0b96a78,0x00000000c2b00000)
 Metaspace       used 6270K, capacity 7088K, committed 7296K, reserved 1056768K
  class space    used 600K, capacity 616K, committed 640K, reserved 1048576K
}
Event: 5.185 GC heap before
{Heap before GC invocations=7 (full 0):
 PSYoungGen      total 72704K, used 72160K [0x00000000eab00000, 0x00000000efd00000, 0x0000000100000000)
  eden space 64512K, 100% used [0x00000000eab00000,0x00000000eea00000,0x00000000eea00000)
  from space 8192K, 93% used [0x00000000ef300000,0x00000000efa78000,0x00000000efb00000)
  to   space 9216K, 0% used [0x00000000eea00000,0x00000000eea00000,0x00000000ef300000)
 ParOldGen       total 44032K, used 11866K [0x00000000c0000000, 0x00000000c2b00000, 0x00000000eab00000)
  object space 44032K, 26% used [0x00000000c0000000,0x00000000c0b96a78,0x00000000c2b00000)
 Metaspace       used 6297K, capacity 7152K, committed 7296K, reserved 1056768K
  class space    used 600K, capacity 616K, committed 640K, reserved 1048576K
Event: 5.517 GC heap after
Heap after GC invocations=7 (full 0):
 PSYoungGen      total 73728K, used 9200K [0x00000000eab00000, 0x00000000f4a00000, 0x0000000100000000)
  eden space 64512K, 0% used [0x00000000eab00000,0x00000000eab00000,0x00000000eea00000)
  from space 9216K, 99% used [0x00000000eea00000,0x00000000ef2fc020,0x00000000ef300000)
  to   space 16896K, 0% used [0x00000000f3980000,0x00000000f3980000,0x00000000f4a00000)
 ParOldGen       total 44032K, used 24100K [0x00000000c0000000, 0x00000000c2b00000, 0x00000000eab00000)
  object space 44032K, 54% used [0x00000000c0000000,0x00000000c1789360,0x00000000c2b00000)
 Metaspace       used 6297K, capacity 7152K, committed 7296K, reserved 1056768K
  class space    used 600K, capacity 616K, committed 640K, reserved 1048576K
}
Event: 7.155 GC heap before
{Heap before GC invocations=8 (full 0):
 PSYoungGen      total 73728K, used 73712K [0x00000000eab00000, 0x00000000f4a00000, 0x0000000100000000)
  eden space 64512K, 100% used [0x00000000eab00000,0x00000000eea00000,0x00000000eea00000)
  from space 9216K, 99% used [0x00000000eea00000,0x00000000ef2fc020,0x00000000ef300000)
  to   space 16896K, 0% used [0x00000000f3980000,0x00000000f3980000,0x00000000f4a00000)
 ParOldGen       total 44032K, used 24100K [0x00000000c0000000, 0x00000000c2b00000, 0x00000000eab00000)
  object space 44032K, 54% used [0x00000000c0000000,0x00000000c1789360,0x00000000c2b00000)
 Metaspace       used 6369K, capacity 7152K, committed 7296K, reserved 1056768K
  class space    used 601K, capacity 616K, committed 640K, reserved 1048576K
Event: 7.344 GC heap after
Heap after GC invocations=8 (full 0):
 PSYoungGen      total 141312K, used 16880K [0x00000000eab00000, 0x00000000f5300000, 0x0000000100000000)
  eden space 124416K, 0% used [0x00000000eab00000,0x00000000eab00000,0x00000000f2480000)
  from space 16896K, 99% used [0x00000000f3980000,0x00000000f49fc0b0,0x00000000f4a00000)
  to   space 21504K, 0% used [0x00000000f2480000,0x00000000f2480000,0x00000000f3980000)
 ParOldGen       total 44032K, used 28600K [0x00000000c0000000, 0x00000000c2b00000, 0x00000000eab00000)
  object space 44032K, 64% used [0x00000000c0000000,0x00000000c1bee350,0x00000000c2b00000)
 Metaspace       used 6369K, capacity 7152K, committed 7296K, reserved 1056768K
  class space    used 601K, capacity 616K, committed 640K, reserved 1048576K
}
Event: 12.000 GC heap before
{Heap before GC invocations=9 (full 0):
 PSYoungGen      total 141312K, used 141296K [0x00000000eab00000, 0x00000000f5300000, 0x0000000100000000)
  eden space 124416K, 100% used [0x00000000eab00000,0x00000000f2480000,0x00000000f2480000)
  from space 16896K, 99% used [0x00000000f3980000,0x00000000f49fc0b0,0x00000000f4a00000)
  to   space 21504K, 0% used [0x00000000f2480000,0x00000000f2480000,0x00000000f3980000)
 ParOldGen       total 44032K, used 28600K [0x00000000c0000000, 0x00000000c2b00000, 0x00000000eab00000)
  object space 44032K, 64% used [0x00000000c0000000,0x00000000c1bee350,0x00000000c2b00000)
 Metaspace       used 6406K, capacity 7216K, committed 7296K, reserved 1056768K
  class space    used 601K, capacity 616K, committed 640K, reserved 1048576K
Event: 12.287 GC heap after
Heap after GC invocations=9 (full 0):
 PSYoungGen      total 145920K, used 21482K [0x00000000eab00000, 0x00000000fa980000, 0x0000000100000000)
  eden space 124416K, 0% used [0x00000000eab00000,0x00000000eab00000,0x00000000f2480000)
  from space 21504K, 99% used [0x00000000f2480000,0x00000000f397a8b0,0x00000000f3980000)
  to   space 30720K, 0% used [0x00000000f8b80000,0x00000000f8b80000,0x00000000fa980000)
 ParOldGen       total 44032K, used 42523K [0x00000000c0000000, 0x00000000c2b00000, 0x00000000eab00000)
  object space 44032K, 96% used [0x00000000c0000000,0x00000000c2986df0,0x00000000c2b00000)
 Metaspace       used 6406K, capacity 7216K, committed 7296K, reserved 1056768K
  class space    used 601K, capacity 616K, committed 640K, reserved 1048576K
}
Event: 12.287 GC heap before
{Heap before GC invocations=10 (full 1):
 PSYoungGen      total 145920K, used 21482K [0x00000000eab00000, 0x00000000fa980000, 0x0000000100000000)
  eden space 124416K, 0% used [0x00000000eab00000,0x00000000eab00000,0x00000000f2480000)
  from space 21504K, 99% used [0x00000000f2480000,0x00000000f397a8b0,0x00000000f3980000)
  to   space 30720K, 0% used [0x00000000f8b80000,0x00000000f8b80000,0x00000000fa980000)
 ParOldGen       total 44032K, used 42523K [0x00000000c0000000, 0x00000000c2b00000, 0x00000000eab00000)
  object space 44032K, 96% used [0x00000000c0000000,0x00000000c2986df0,0x00000000c2b00000)
 Metaspace       used 6406K, capacity 7216K, committed 7296K, reserved 1056768K
  class space    used 601K, capacity 616K, committed 640K, reserved 1048576K
Event: 14.927 GC heap after
Heap after GC invocations=10 (full 1):
 PSYoungGen      total 145920K, used 11712K [0x00000000eab00000, 0x00000000fa980000, 0x0000000100000000)
  eden space 124416K, 0% used [0x00000000eab00000,0x00000000eab00000,0x00000000f2480000)
  from space 21504K, 54% used [0x00000000f2480000,0x00000000f2ff03a0,0x00000000f3980000)
  to   space 30720K, 0% used [0x00000000f8b80000,0x00000000f8b80000,0x00000000fa980000)
 ParOldGen       total 84480K, used 43933K [0x00000000c0000000, 0x00000000c5280000, 0x00000000eab00000)
  object space 84480K, 52% used [0x00000000c0000000,0x00000000c2ae7438,0x00000000c5280000)
 Metaspace       used 6406K, capacity 7216K, committed 7296K, reserved 1056768K
  class space    used 601K, capacity 616K, committed 640K, reserved 1048576K
}

Deoptimization events (10 events):
Event: 15.604 Thread 0x0000000002170800 Uncommon trap: reason=bimorphic action=maybe_recompile pc=0x0000000002b75ea8 method=java.util.TreeMap.compare(Ljava/lang/Object;Ljava/lang/Object;)I @ 12
Event: 15.607 Thread 0x0000000002170800 Uncommon trap: reason=unstable_if action=reinterpret pc=0x0000000002973734 method=com.android.dx.rop.code.RegisterSpecSet.equals(Ljava/lang/Object;)Z @ 30
Event: 15.607 Thread 0x0000000002170800 Uncommon trap: reason=bimorphic action=maybe_recompile pc=0x0000000002b75ea8 method=java.util.TreeMap.compare(Ljava/lang/Object;Ljava/lang/Object;)I @ 12
Event: 15.608 Thread 0x0000000002170800 Uncommon trap: reason=bimorphic action=maybe_recompile pc=0x0000000002b75ea8 method=java.util.TreeMap.compare(Ljava/lang/Object;Ljava/lang/Object;)I @ 12
Event: 15.634 Thread 0x0000000002170800 Uncommon trap: reason=unstable_if action=reinterpret pc=0x0000000002cb4c00 method=com.android.dx.dex.code.OutputFinisher.findOpcodeForInsn(Lcom/android/dx/dex/code/DalvInsn;Lcom/android/dx/dex/code/Dop;)Lcom/android/dx/dex/code/Dop; @ 1
Event: 16.159 Thread 0x0000000002170800 Uncommon trap: reason=unstable_if action=reinterpret pc=0x0000000002d45044 method=com.android.dx.dex.code.form.Form35c.wordCount(Lcom/android/dx/rop/code/RegisterSpecList;)I @ 65
Event: 16.301 Thread 0x0000000002170800 Uncommon trap: reason=unstable_if action=reinterpret pc=0x0000000002d4fea4 method=com.android.dx.dex.code.form.Form22c.isCompatible(Lcom/android/dx/dex/code/DalvInsn;)Z @ 45
Event: 16.301 Thread 0x0000000002170800 Uncommon trap: reason=unstable_if action=reinterpret pc=0x0000000002d3a2c4 method=com.android.dx.dex.code.form.Form35c.wordCount(Lcom/android/dx/rop/code/RegisterSpecList;)I @ 65
Event: 16.420 Thread 0x0000000002170800 Uncommon trap: reason=unstable_if action=reinterpret pc=0x0000000002d82a98 method=com.android.dx.util.ByteArrayAnnotatedOutput.ensureCapacity(I)V @ 6
Event: 16.440 Thread 0x0000000002170800 Uncommon trap: reason=unstable_if action=reinterpret pc=0x0000000002d68c04 method=com.android.dx.util.ByteArrayAnnotatedOutput.writeByte(I)V @ 13

Internal exceptions (3 events):
Event: 0.056 Thread 0x0000000002170800 Exception <a 'java/lang/NoSuchMethodError': Method sun.misc.Unsafe.defineClass(Ljava/lang/String;[BII)Ljava/lang/Class; name or signature does not match> (0x00000000eab0d5a8) thrown at [C:\re\workspace\8-2-build-windows-amd64-cygwin\jdk8u66\5298\hotspot\sr“fVi ¬?
Event: 0.056 Thread 0x0000000002170800 Exception <a 'java/lang/NoSuchMethodError': Method sun.misc.Unsafe.prefetchRead(Ljava/lang/Object;J)V name or signature does not match> (0x00000000eab0d890) thrown at [C:\re\workspace\8-2-build-windows-amd64-cygwin\jdk8u66\5298\hotspot\src\share\vm\prims\j²â-—,
Event: 2.022 Thread 0x0000000002170800 Implicit null exception at 0x000000000259b522 to 0x000000000259b61a

Events (10 events):
Event: 16.420 Thread 0x0000000002170800 Uncommon trap: trap_request=0xffffff65 fr.pc=0x0000000002d82a98
Event: 16.420 Thread 0x0000000002170800 DEOPT PACKING pc=0x0000000002d82a98 sp=0x000000000216f0d0
Event: 16.420 Thread 0x0000000002170800 DEOPT UNPACKING pc=0x00000000022b582a sp=0x000000000216f030 mode 2
Event: 16.431 loading class com/android/dx/dex/file/MapItem
Event: 16.431 loading class com/android/dx/dex/file/MapItem done
Event: 16.439 loading class com/android/dex/DexFormat
Event: 16.439 loading class com/android/dex/DexFormat done
Event: 16.440 Thread 0x0000000002170800 Uncommon trap: trap_request=0xffffff65 fr.pc=0x0000000002d68c04
Event: 16.440 Thread 0x0000000002170800 DEOPT PACKING pc=0x0000000002d68c04 sp=0x000000000216f230
Event: 16.440 Thread 0x0000000002170800 DEOPT UNPACKING pc=0x00000000022b582a sp=0x000000000216f1e8 mode 2


Dynamic libraries:
0x00007ff6ae070000 - 0x00007ff6ae0a7000 	C:\Program Files\Java\jdk1.8.0_66\bin\java.exe
0x00007fff95050000 - 0x00007fff95211000 	C:\Windows\SYSTEM32\ntdll.dll
0x00007fff94420000 - 0x00007fff944cd000 	C:\Windows\system32\KERNEL32.DLL
0x00007fff917c0000 - 0x00007fff919a8000 	C:\Windows\system32\KERNELBASE.dll
0x00007fff94890000 - 0x00007fff94937000 	C:\Windows\system32\ADVAPI32.dll
0x00007fff939f0000 - 0x00007fff93a8d000 	C:\Windows\system32\msvcrt.dll
0x00007fff93cf0000 - 0x00007fff93d4b000 	C:\Windows\system32\sechost.dll
0x00007fff93db0000 - 0x00007fff93ecc000 	C:\Windows\system32\RPCRT4.dll
0x00007fff942c0000 - 0x00007fff94416000 	C:\Windows\system32\USER32.dll
0x00007fff93a90000 - 0x00007fff93c16000 	C:\Windows\system32\GDI32.dll
0x00007fff85030000 - 0x00007fff852a4000 	C:\Windows\WinSxS\amd64_microsoft.windows.common-controls_6595b64144ccf1df_6.0.10586.0_none_8c15ae12515e1c22\COMCTL32.dll
0x00007fff94dd0000 - 0x00007fff9504d000 	C:\Windows\system32\combase.dll
0x00007fff91750000 - 0x00007fff917ba000 	C:\Windows\system32\bcryptPrimitives.dll
0x00007fff92450000 - 0x00007fff9248b000 	C:\Windows\system32\IMM32.DLL
0x00000000545e0000 - 0x00000000546b2000 	C:\Program Files\Java\jdk1.8.0_66\jre\bin\msvcr100.dll
0x0000000054c10000 - 0x0000000055499000 	C:\Program Files\Java\jdk1.8.0_66\jre\bin\server\jvm.dll
0x00007fff93c20000 - 0x00007fff93c28000 	C:\Windows\system32\PSAPI.DLL
0x00007fff8de60000 - 0x00007fff8de69000 	C:\Windows\SYSTEM32\WSOCK32.dll
0x00007fff941d0000 - 0x00007fff9423b000 	C:\Windows\system32\WS2_32.dll
0x00007fff8f8f0000 - 0x00007fff8f913000 	C:\Windows\SYSTEM32\WINMM.dll
0x00007fff84930000 - 0x00007fff8493a000 	C:\Windows\SYSTEM32\VERSION.dll
0x00007fff8f890000 - 0x00007fff8f8bc000 	C:\Windows\SYSTEM32\WINMMBASE.dll
0x00007fff91700000 - 0x00007fff91743000 	C:\Windows\system32\cfgmgr32.dll
0x0000000054c00000 - 0x0000000054c0f000 	C:\Program Files\Java\jdk1.8.0_66\jre\bin\verify.dll
0x0000000054bd0000 - 0x0000000054bf9000 	C:\Program Files\Java\jdk1.8.0_66\jre\bin\java.dll
0x0000000054bb0000 - 0x0000000054bc6000 	C:\Program Files\Java\jdk1.8.0_66\jre\bin\zip.dll
0x00007fff92490000 - 0x00007fff939ec000 	C:\Windows\system32\SHELL32.dll
0x00007fff91e00000 - 0x00007fff92444000 	C:\Windows\system32\windows.storage.dll
0x00007fff93d50000 - 0x00007fff93da2000 	C:\Windows\system32\shlwapi.dll
0x00007fff916f0000 - 0x00007fff916ff000 	C:\Windows\system32\kernel.appcore.dll
0x00007fff91ba0000 - 0x00007fff91c55000 	C:\Windows\system32\shcore.dll
0x00007fff91690000 - 0x00007fff916db000 	C:\Windows\system32\powrprof.dll
0x00007fff91670000 - 0x00007fff91684000 	C:\Windows\system32\profapi.dll

VM Arguments:
jvm_args: -Djava.awt.headless=true -Xmx1024M -Dfile.encoding=windows-1252 -Duser.country=IT -Duser.language=it -Duser.variant 
java_command: com.android.dx.command.Main --dex --num-threads=4 --output C:\Users\Davide\AndroidStudioProjects\MioMeteo\app\build\intermediates\pre-dexed\debug\com.google.android.gms-play-services-basement-9.0.0_ebe13ac9b3eaae77ffc08cf165ae5845375bf02f.jar C:\Users\Davide\AndroidStudioProjects\MioMeteo\app\build\intermediates\exploded-aar\com.google.android.gms\play-services-basement\9.0.0\jars\classes.jar
java_class_path (initial): C:\Users\Davide\AppData\Local\Android\sdk\build-tools\23.0.3\lib\dx.jar
Launcher Type: SUN_STANDARD

Environment Variables:
PATH=C:\ProgramData\Oracle\Java\javapath;C:\Program Files (x86)\Intel\iCLS Client\;C:\Program Files\Intel\iCLS Client\;C:\Windows\system32;C:\Windows;C:\Windows\System32\Wbem;C:\Windows\System32\WindowsPowerShell\v1.0\;c:\Program Files\Intel\WiFi\bin\;c:\Program Files\Common Files\Intel\WirelessCommon\;C:\Program Files\Intel\Intel(R) Management Engine Components\DAL;C:\Program Files (x86)\Intel\Intel(R) Management Engine Components\DAL;C:\Program Files\Intel\Intel(R) Management Engine Components\IPT;C:\Program Files (x86)\Intel\Intel(R) Management Engine Components\IPT;C:\Program Files\Hewlett-Packard\SimplePass\;C:\Program Files\Java\jdk1.8.0_66\bin;C:\Program Files\TortoiseSVN\bin;C:\Program Files (x86)\MySQL\MySQL Fabric 1.5 & MySQL Utilities 1.5\;C:\Program Files (x86)\MySQL\MySQL Fabric 1.5 & MySQL Utilities 1.5\Doctrine extensions for PHP\;C:\Program Files (x86)\Skype\Phone\
USERNAME=Davide
OS=Windows_NT
PROCESSOR_IDENTIFIER=Intel64 Family 6 Model 61 Stepping 4, GenuineIntel



---------------  S Y S T E M  ---------------

OS: Windows 10.0 , 64 bit Build 10586 (10.0.10586.0)

CPU:total 4 (2 cores per cpu, 2 threads per core) family 6 model 61 stepping 4, cmov, cx8, fxsr, mmx, sse, sse2, sse3, ssse3, sse4.1, sse4.2, popcnt, avx, avx2, aes, clmul, erms, 3dnowpref, lzcnt, ht, tsc, tscinvbit, bmi1, bmi2, adx

Memory: 4k page, physical 4109328k(97180k free), swap 5157904k(5644k free)

vm_info: Java HotSpot(TM) 64-Bit Server VM (25.66-b18) for windows-amd64 JRE (1.8.0_66-b18), built on Nov  9 2015 10:51:13 by "java_re" with MS VC++ 10.0 (VS2010)

time: Tue May 31 18:35:00 2016
elapsed time: 16 seconds (0d 0h 0m 16s)

