#
# There is insufficient memory for the Java Runtime Environment to continue.
# Native memory allocation (malloc) failed to allocate 32744 bytes for ChunkPool::allocate
# Possible reasons:
#   The system is out of physical RAM or swap space
#   In 32 bit mode, the process size limit was hit
# Possible solutions:
#   Reduce memory load on the system
#   Increase physical memory or swap space
#   Check if swap backing store is full
#   Use 64 bit Java on a 64 bit OS
#   Decrease Java heap size (-Xmx/-Xms)
#   Decrease number of Java threads
#   Decrease Java thread stack sizes (-Xss)
#   Set larger code cache with -XX:ReservedCodeCacheSize=
# This output file may be truncated or incomplete.
#
#  Out of Memory Error (allocation.cpp:273), pid=7208, tid=4952
#
# JRE version: Java(TM) SE Runtime Environment (8.0_66-b18) (build 1.8.0_66-b18)
# Java VM: Java HotSpot(TM) 64-Bit Server VM (25.66-b18 mixed mode windows-amd64 compressed oops)
# Failed to write core dump. Minidumps are not enabled by default on client versions of Windows
#

---------------  T H R E A D  ---------------

Current thread (0x00000000148fc800):  JavaThread "C2 CompilerThread0" daemon [_thread_in_native, id=4952, stack(0x0000000015f60000,0x0000000016060000)]

Stack: [0x0000000015f60000,0x0000000016060000]
[error occurred during error reporting (printing stack bounds), id 0xc0000005]

Native frames: (J=compiled Java code, j=interpreted, Vv=VM code, C=native code)


Current CompileTask:
C2:  19514 1795   !   4       com.android.dx.cf.code.Ropper::processBlock (1101 bytes)


---------------  P R O C E S S  ---------------

Java Threads: ( => current thread )
  0x00000000164e4000 JavaThread "pool-1-thread-4" [_thread_in_Java, id=7656, stack(0x0000000017460000,0x0000000017560000)]
  0x00000000164e2800 JavaThread "pool-1-thread-3" [_thread_in_Java, id=6776, stack(0x0000000017360000,0x0000000017460000)]
  0x00000000164f2000 JavaThread "pool-1-thread-2" [_thread_in_Java, id=2636, stack(0x0000000017260000,0x0000000017360000)]
  0x000000001654c800 JavaThread "pool-2-thread-1" [_thread_blocked, id=4496, stack(0x0000000017160000,0x0000000017260000)]
  0x000000001651e000 JavaThread "pool-1-thread-1" [_thread_in_Java, id=7652, stack(0x0000000017060000,0x0000000017160000)]
  0x0000000016263800 JavaThread "Service Thread" daemon [_thread_blocked, id=7008, stack(0x0000000016660000,0x0000000016760000)]
  0x0000000014958800 JavaThread "C1 CompilerThread2" daemon [_thread_blocked, id=4456, stack(0x0000000016160000,0x0000000016260000)]
  0x00000000148ff800 JavaThread "C2 CompilerThread1" daemon [_thread_in_native, id=4384, stack(0x0000000016060000,0x0000000016160000)]
=>0x00000000148fc800 JavaThread "C2 CompilerThread0" daemon [_thread_in_native, id=4952, stack(0x0000000015f60000,0x0000000016060000)]
  0x00000000148fa800 JavaThread "Attach Listener" daemon [_thread_blocked, id=8100, stack(0x0000000015e60000,0x0000000015f60000)]
  0x00000000148f9800 JavaThread "Signal Dispatcher" daemon [_thread_blocked, id=4464, stack(0x0000000015d60000,0x0000000015e60000)]
  0x0000000002220800 JavaThread "Finalizer" daemon [_thread_blocked, id=7584, stack(0x0000000015b60000,0x0000000015c60000)]
  0x000000000221d000 JavaThread "Reference Handler" daemon [_thread_blocked, id=3296, stack(0x0000000015a60000,0x0000000015b60000)]
  0x0000000002130800 JavaThread "main" [_thread_in_vm, id=3612, stack(0x0000000001f30000,0x0000000002030000)]

Other Threads:
  0x00000000148c8000 VMThread [stack: 0x0000000015960000,0x0000000015a60000] [id=7468]
  0x000000001495e000 WatcherThread [stack: 0x0000000016760000,0x0000000016860000] [id=2764]

VM state:not at safepoint (normal execution)

VM Mutex/Monitor currently owned by a thread: None

Heap:
 PSYoungGen      total 61952K, used 21023K [0x00000000eab00000, 0x00000000f1280000, 0x0000000100000000)
  eden space 20992K, 63% used [0x00000000eab00000,0x00000000eb804b60,0x00000000ebf80000)
  from space 40960K, 18% used [0x00000000ebf80000,0x00000000ec7032b0,0x00000000ee780000)
  to   space 40448K, 0% used [0x00000000eeb00000,0x00000000eeb00000,0x00000000f1280000)
 ParOldGen       total 107008K, used 44629K [0x00000000c0000000, 0x00000000c6880000, 0x00000000eab00000)
  object space 107008K, 41% used [0x00000000c0000000,0x00000000c2b95670,0x00000000c6880000)
 Metaspace       used 6443K, capacity 7192K, committed 7424K, reserved 1056768K
  class space    used 622K, capacity 656K, committed 768K, reserved 1048576K

Card table byte_map: [0x00000000115f0000,0x0000000011800000] byte_map_base: 0x0000000010ff0000

Marking Bits: (ParMarkBitMap*) 0x000000006fc1a5b0
 Begin Bits: [0x0000000011d60000, 0x0000000012d60000)
 End Bits:   [0x0000000012d60000, 0x0000000013d60000)

Polling page: 0x0000000000710000

CodeCache: size=245760Kb used=8530Kb max_used=8530Kb free=237229Kb
 bounds [0x0000000002230000, 0x0000000002a90000, 0x0000000011230000]
 total_blobs=2208 nmethods=1939 adapters=181
 compilation: enabled

Compilation events (10 events):
Event: 19.294 Thread 0x0000000014958800 2054   !   2       java.util.concurrent.ArrayBlockingQueue::offer (55 bytes)
Event: 19.295 Thread 0x0000000014958800 nmethod 2054 0x0000000002a88cd0 code [0x0000000002a88e80, 0x0000000002a891b8]
Event: 19.295 Thread 0x0000000014958800 2055       2       java.util.concurrent.locks.ReentrantLock$FairSync::lock (6 bytes)
Event: 19.296 Thread 0x0000000014958800 nmethod 2055 0x0000000002a89510 code [0x0000000002a896a0, 0x0000000002a898b8]
Event: 19.303 Thread 0x0000000014958800 2056       2       com.android.dx.command.dexer.Main$ClassTranslatorTask::call (5 bytes)
Event: 19.304 Thread 0x0000000014958800 nmethod 2056 0x0000000002a89a10 code [0x0000000002a89b80, 0x0000000002a89d08]
Event: 19.304 Thread 0x0000000014958800 2057   !   2       com.android.dx.dex.cf.CfTranslator::translate (44 bytes)
Event: 19.304 Thread 0x0000000014958800 nmethod 2057 0x0000000002a89dd0 code [0x0000000002a89f80, 0x0000000002a8a308]
Event: 19.304 Thread 0x0000000014958800 2058       2       com.android.dx.dex.cf.AttributeTranslator::translateEnclosingMethod (50 bytes)
Event: 19.305 Thread 0x0000000014958800 nmethod 2058 0x0000000002a8a5d0 code [0x0000000002a8a7c0, 0x0000000002a8ad48]

GC Heap History (10 events):
Event: 17.114 GC heap before
{Heap before GC invocations=15 (full 1):
 PSYoungGen      total 44032K, used 39475K [0x00000000eab00000, 0x00000000ef980000, 0x0000000100000000)
  eden space 16896K, 100% used [0x00000000eab00000,0x00000000ebb80000,0x00000000ebb80000)
  from space 27136K, 83% used [0x00000000ebb80000,0x00000000ed18cee8,0x00000000ed600000)
  to   space 29696K, 0% used [0x00000000edc80000,0x00000000edc80000,0x00000000ef980000)
 ParOldGen       total 82944K, used 45877K [0x00000000c0000000, 0x00000000c5100000, 0x00000000eab00000)
  object space 82944K, 55% used [0x00000000c0000000,0x00000000c2ccd728,0x00000000c5100000)
 Metaspace       used 6378K, capacity 7128K, committed 7424K, reserved 1056768K
  class space    used 622K, capacity 656K, committed 768K, reserved 1048576K
Event: 17.162 GC heap after
Heap after GC invocations=15 (full 1):
 PSYoungGen      total 46592K, used 29052K [0x00000000eab00000, 0x00000000f0180000, 0x0000000100000000)
  eden space 16896K, 0% used [0x00000000eab00000,0x00000000eab00000,0x00000000ebb80000)
  from space 29696K, 97% used [0x00000000edc80000,0x00000000ef8df008,0x00000000ef980000)
  to   space 33792K, 0% used [0x00000000ebb80000,0x00000000ebb80000,0x00000000edc80000)
 ParOldGen       total 82944K, used 45877K [0x00000000c0000000, 0x00000000c5100000, 0x00000000eab00000)
  object space 82944K, 55% used [0x00000000c0000000,0x00000000c2ccd728,0x00000000c5100000)
 Metaspace       used 6378K, capacity 7128K, committed 7424K, reserved 1056768K
  class space    used 622K, capacity 656K, committed 768K, reserved 1048576K
}
Event: 17.311 GC heap before
{Heap before GC invocations=16 (full 1):
 PSYoungGen      total 46592K, used 45948K [0x00000000eab00000, 0x00000000f0180000, 0x0000000100000000)
  eden space 16896K, 100% used [0x00000000eab00000,0x00000000ebb80000,0x00000000ebb80000)
  from space 29696K, 97% used [0x00000000edc80000,0x00000000ef8df008,0x00000000ef980000)
  to   space 33792K, 0% used [0x00000000ebb80000,0x00000000ebb80000,0x00000000edc80000)
 ParOldGen       total 82944K, used 45877K [0x00000000c0000000, 0x00000000c5100000, 0x00000000eab00000)
  object space 82944K, 55% used [0x00000000c0000000,0x00000000c2ccd728,0x00000000c5100000)
 Metaspace       used 6383K, capacity 7192K, committed 7424K, reserved 1056768K
  class space    used 622K, capacity 656K, committed 768K, reserved 1048576K
Event: 17.380 GC heap after
Heap after GC invocations=16 (full 1):
 PSYoungGen      total 50688K, used 33773K [0x00000000eab00000, 0x00000000f0f80000, 0x0000000100000000)
  eden space 16896K, 0% used [0x00000000eab00000,0x00000000eab00000,0x00000000ebb80000)
  from space 33792K, 99% used [0x00000000ebb80000,0x00000000edc7b6c8,0x00000000edc80000)
  to   space 40960K, 0% used [0x00000000ee780000,0x00000000ee780000,0x00000000f0f80000)
 ParOldGen       total 82944K, used 50459K [0x00000000c0000000, 0x00000000c5100000, 0x00000000eab00000)
  object space 82944K, 60% used [0x00000000c0000000,0x00000000c3146eb0,0x00000000c5100000)
 Metaspace       used 6383K, capacity 7192K, committed 7424K, reserved 1056768K
  class space    used 622K, capacity 656K, committed 768K, reserved 1048576K
}
Event: 17.616 GC heap before
{Heap before GC invocations=17 (full 1):
 PSYoungGen      total 50688K, used 50669K [0x00000000eab00000, 0x00000000f0f80000, 0x0000000100000000)
  eden space 16896K, 100% used [0x00000000eab00000,0x00000000ebb80000,0x00000000ebb80000)
  from space 33792K, 99% used [0x00000000ebb80000,0x00000000edc7b6c8,0x00000000edc80000)
  to   space 40960K, 0% used [0x00000000ee780000,0x00000000ee780000,0x00000000f0f80000)
 ParOldGen       total 82944K, used 50459K [0x00000000c0000000, 0x00000000c5100000, 0x00000000eab00000)
  object space 82944K, 60% used [0x00000000c0000000,0x00000000c3146eb0,0x00000000c5100000)
 Metaspace       used 6387K, capacity 7192K, committed 7424K, reserved 1056768K
  class space    used 622K, capacity 656K, committed 768K, reserved 1048576K
Event: 17.736 GC heap after
Heap after GC invocations=17 (full 1):
 PSYoungGen      total 61952K, used 23424K [0x00000000eab00000, 0x00000000f0f80000, 0x0000000100000000)
  eden space 20992K, 0% used [0x00000000eab00000,0x00000000eab00000,0x00000000ebf80000)
  from space 40960K, 57% used [0x00000000ee780000,0x00000000efe60000,0x00000000f0f80000)
  to   space 40960K, 0% used [0x00000000ebf80000,0x00000000ebf80000,0x00000000ee780000)
 ParOldGen       total 82944K, used 68211K [0x00000000c0000000, 0x00000000c5100000, 0x00000000eab00000)
  object space 82944K, 82% used [0x00000000c0000000,0x00000000c429ceb0,0x00000000c5100000)
 Metaspace       used 6387K, capacity 7192K, committed 7424K, reserved 1056768K
  class space    used 622K, capacity 656K, committed 768K, reserved 1048576K
}
Event: 17.736 GC heap before
{Heap before GC invocations=18 (full 2):
 PSYoungGen      total 61952K, used 23424K [0x00000000eab00000, 0x00000000f0f80000, 0x0000000100000000)
  eden space 20992K, 0% used [0x00000000eab00000,0x00000000eab00000,0x00000000ebf80000)
  from space 40960K, 57% used [0x00000000ee780000,0x00000000efe60000,0x00000000f0f80000)
  to   space 40960K, 0% used [0x00000000ebf80000,0x00000000ebf80000,0x00000000ee780000)
 ParOldGen       total 82944K, used 68211K [0x00000000c0000000, 0x00000000c5100000, 0x00000000eab00000)
  object space 82944K, 82% used [0x00000000c0000000,0x00000000c429ceb0,0x00000000c5100000)
 Metaspace       used 6387K, capacity 7192K, committed 7424K, reserved 1056768K
  class space    used 622K, capacity 656K, committed 768K, reserved 1048576K
Event: 18.242 GC heap after
Heap after GC invocations=18 (full 2):
 PSYoungGen      total 61952K, used 0K [0x00000000eab00000, 0x00000000f0f80000, 0x0000000100000000)
  eden space 20992K, 0% used [0x00000000eab00000,0x00000000eab00000,0x00000000ebf80000)
  from space 40960K, 0% used [0x00000000ee780000,0x00000000ee780000,0x00000000f0f80000)
  to   space 40960K, 0% used [0x00000000ebf80000,0x00000000ebf80000,0x00000000ee780000)
 ParOldGen       total 107008K, used 44621K [0x00000000c0000000, 0x00000000c6880000, 0x00000000eab00000)
  object space 107008K, 41% used [0x00000000c0000000,0x00000000c2b93670,0x00000000c6880000)
 Metaspace       used 6387K, capacity 7192K, committed 7424K, reserved 1056768K
  class space    used 622K, capacity 656K, committed 768K, reserved 1048576K
}
Event: 18.947 GC heap before
{Heap before GC invocations=19 (full 2):
 PSYoungGen      total 61952K, used 20992K [0x00000000eab00000, 0x00000000f0f80000, 0x0000000100000000)
  eden space 20992K, 100% used [0x00000000eab00000,0x00000000ebf80000,0x00000000ebf80000)
  from space 40960K, 0% used [0x00000000ee780000,0x00000000ee780000,0x00000000f0f80000)
  to   space 40960K, 0% used [0x00000000ebf80000,0x00000000ebf80000,0x00000000ee780000)
 ParOldGen       total 107008K, used 44621K [0x00000000c0000000, 0x00000000c6880000, 0x00000000eab00000)
  object space 107008K, 41% used [0x00000000c0000000,0x00000000c2b93670,0x00000000c6880000)
 Metaspace       used 6404K, capacity 7192K, committed 7424K, reserved 1056768K
  class space    used 622K, capacity 656K, committed 768K, reserved 1048576K
Event: 18.958 GC heap after
Heap after GC invocations=19 (full 2):
 PSYoungGen      total 61952K, used 7692K [0x00000000eab00000, 0x00000000f1280000, 0x0000000100000000)
  eden space 20992K, 0% used [0x00000000eab00000,0x00000000eab00000,0x00000000ebf80000)
  from space 40960K, 18% used [0x00000000ebf80000,0x00000000ec7032b0,0x00000000ee780000)
  to   space 40448K, 0% used [0x00000000eeb00000,0x00000000eeb00000,0x00000000f1280000)
 ParOldGen       total 107008K, used 44629K [0x00000000c0000000, 0x00000000c6880000, 0x00000000eab00000)
  object space 107008K, 41% used [0x00000000c0000000,0x00000000c2b95670,0x00000000c6880000)
 Metaspace       used 6404K, capacity 7192K, committed 7424K, reserved 1056768K
  class space    used 622K, capacity 656K, committed 768K, reserved 1048576K
}

Deoptimization events (10 events):
Event: 16.643 Thread 0x0000000002130800 Uncommon trap: reason=class_check action=maybe_recompile pc=0x000000000266adc4 method=com.android.dx.ssa.back.InterferenceGraph.add(II)V @ 19
Event: 16.643 Thread 0x0000000002130800 Uncommon trap: reason=class_check action=maybe_recompile pc=0x000000000266adc4 method=com.android.dx.ssa.back.InterferenceGraph.add(II)V @ 19
Event: 16.643 Thread 0x0000000002130800 Uncommon trap: reason=class_check action=maybe_recompile pc=0x000000000266adc4 method=com.android.dx.ssa.back.InterferenceGraph.add(II)V @ 19
Event: 16.643 Thread 0x0000000002130800 Uncommon trap: reason=class_check action=maybe_recompile pc=0x000000000266adc4 method=com.android.dx.ssa.back.InterferenceGraph.add(II)V @ 19
Event: 17.252 Thread 0x0000000002130800 Uncommon trap: reason=unstable_if action=reinterpret pc=0x000000000298abb8 method=java.util.HashMap.getNode(ILjava/lang/Object;)Ljava/util/HashMap$Node; @ 84
Event: 17.254 Thread 0x0000000002130800 Uncommon trap: reason=unstable_if action=reinterpret pc=0x00000000026e4fe4 method=java.util.HashMap.putVal(ILjava/lang/Object;Ljava/lang/Object;ZZ)Ljava/lang/Object; @ 109
Event: 17.266 Thread 0x0000000002130800 Uncommon trap: reason=unstable_if action=reinterpret pc=0x00000000028b7044 method=com.android.dx.ssa.SCCP.simulateStmt(Lcom/android/dx/ssa/SsaInsn;)V @ 59
Event: 18.258 Thread 0x0000000002130800 Uncommon trap: reason=bimorphic action=maybe_recompile pc=0x000000000295073c method=com.android.dx.cf.code.BytecodeArray.parseInstruction(ILcom/android/dx/cf/code/BytecodeArray$Visitor;)I @ 1357
Event: 18.258 Thread 0x0000000002130800 Uncommon trap: reason=bimorphic action=maybe_recompile pc=0x000000000295073c method=com.android.dx.cf.code.BytecodeArray.parseInstruction(ILcom/android/dx/cf/code/BytecodeArray$Visitor;)I @ 1357
Event: 19.030 Thread 0x0000000002130800 Uncommon trap: reason=unstable_if action=reinterpret pc=0x0000000002a16c98 method=com.android.dx.ssa.LiteralOpUpgrader$1.visitNonMoveInsn(Lcom/android/dx/ssa/NormalSsaInsn;)V @ 55

Internal exceptions (6 events):
Event: 0.547 Thread 0x0000000002130800 Exception <a 'java/lang/NoSuchMethodError': Method sun.misc.Unsafe.defineClass(Ljava/lang/String;[BII)Ljava/lang/Class; name or signature does not match> (0x00000000eab0d838) thrown at [C:\re\workspace\8-2-build-windows-amd64-cygwin\jdk8u66\5298\hotspot\srBaÜ-ΩÅ·?
Event: 0.547 Thread 0x0000000002130800 Exception <a 'java/lang/NoSuchMethodError': Method sun.misc.Unsafe.prefetchRead(Ljava/lang/Object;J)V name or signature does not match> (0x00000000eab0db20) thrown at [C:\re\workspace\8-2-build-windows-amd64-cygwin\jdk8u66\5298\hotspot\src\share\vm\prims\jVnÃ‹0@
Event: 2.274 Thread 0x0000000002130800 Implicit null exception at 0x0000000002502ca2 to 0x0000000002502d9a
Event: 6.717 Thread 0x00000000164e4000 Exception <a 'java/lang/ArrayIndexOutOfBoundsException': 18> (0x00000000ec0a68e0) thrown at [C:\re\workspace\8-2-build-windows-amd64-cygwin\jdk8u66\5298\hotspot\src\share\vm\interpreter\interpreterRuntime.cpp, line 366]
Event: 6.718 Thread 0x00000000164e4000 Exception <a 'java/lang/ArrayIndexOutOfBoundsException'> (0x00000000ec0a8460) thrown at [C:\re\workspace\8-2-build-windows-amd64-cygwin\jdk8u66\5298\hotspot\src\share\vm\runtime\sharedRuntime.cpp, line 605]
Event: 6.719 Thread 0x00000000164e4000 Exception <a 'java/lang/ArrayIndexOutOfBoundsException'> (0x00000000ec0a9748) thrown at [C:\re\workspace\8-2-build-windows-amd64-cygwin\jdk8u66\5298\hotspot\src\share\vm\runtime\sharedRuntime.cpp, line 605]

Events (10 events):
Event: 19.029 Thread 0x0000000002130800 DEOPT UNPACKING pc=0x000000000227787f sp=0x000000000202e1d0 mode 0
Event: 19.030 Thread 0x0000000002130800 Uncommon trap: trap_request=0xffffff65 fr.pc=0x0000000002a16c98
Event: 19.030 Thread 0x0000000002130800 DEOPT PACKING pc=0x0000000002a16c98 sp=0x000000000202e380
Event: 19.030 Thread 0x0000000002130800 DEOPT UNPACKING pc=0x000000000227582a sp=0x000000000202e330 mode 2
Event: 19.151 Thread 0x0000000002130800 DEOPT PACKING pc=0x0000000002614dec sp=0x000000000202e440
Event: 19.151 Thread 0x0000000002130800 DEOPT UNPACKING pc=0x000000000227787f sp=0x000000000202e1c0 mode 0
Event: 19.152 Thread 0x0000000002130800 DEOPT PACKING pc=0x000000000266cf16 sp=0x000000000202e490
Event: 19.152 Thread 0x0000000002130800 DEOPT UNPACKING pc=0x000000000227787f sp=0x000000000202e1f8 mode 0
Event: 19.285 Thread 0x0000000002130800 DEOPT PACKING pc=0x00000000026d50c1 sp=0x000000000202e410
Event: 19.285 Thread 0x0000000002130800 DEOPT UNPACKING pc=0x000000000227787f sp=0x000000000202e1f0 mode 0


Dynamic libraries:
0x00007ff7e1010000 - 0x00007ff7e1047000 	C:\Program Files\Java\jdk1.8.0_66\bin\java.exe
0x00007ffbf7d80000 - 0x00007ffbf7f41000 	C:\Windows\SYSTEM32\ntdll.dll
0x00007ffbf51e0000 - 0x00007ffbf528d000 	C:\Windows\system32\KERNEL32.DLL
0x00007ffbf44c0000 - 0x00007ffbf46a8000 	C:\Windows\system32\KERNELBASE.dll
0x00007ffbf7760000 - 0x00007ffbf7807000 	C:\Windows\system32\ADVAPI32.dll
0x00007ffbf5300000 - 0x00007ffbf539d000 	C:\Windows\system32\msvcrt.dll
0x00007ffbf53b0000 - 0x00007ffbf540b000 	C:\Windows\system32\sechost.dll
0x00007ffbf7c60000 - 0x00007ffbf7d7c000 	C:\Windows\system32\RPCRT4.dll
0x00007ffbf7810000 - 0x00007ffbf7966000 	C:\Windows\system32\USER32.dll
0x00007ffbf5410000 - 0x00007ffbf5596000 	C:\Windows\system32\GDI32.dll
0x00007ffbe7e40000 - 0x00007ffbe80b4000 	C:\Windows\WinSxS\amd64_microsoft.windows.common-controls_6595b64144ccf1df_6.0.10586.0_none_8c15ae12515e1c22\COMCTL32.dll
0x00007ffbf79e0000 - 0x00007ffbf7c5d000 	C:\Windows\system32\combase.dll
0x00007ffbf46b0000 - 0x00007ffbf471a000 	C:\Windows\system32\bcryptPrimitives.dll
0x00007ffbf72f0000 - 0x00007ffbf732b000 	C:\Windows\system32\IMM32.DLL
0x000000006ede0000 - 0x000000006eeb2000 	C:\Program Files\Java\jdk1.8.0_66\jre\bin\msvcr100.dll
0x000000006f410000 - 0x000000006fc99000 	C:\Program Files\Java\jdk1.8.0_66\jre\bin\server\jvm.dll
0x00007ffbf6ee0000 - 0x00007ffbf6ee8000 	C:\Windows\system32\PSAPI.DLL
0x00007ffbf0fb0000 - 0x00007ffbf0fb9000 	C:\Windows\SYSTEM32\WSOCK32.dll
0x00007ffbf7280000 - 0x00007ffbf72eb000 	C:\Windows\system32\WS2_32.dll
0x00007ffbf2ad0000 - 0x00007ffbf2af3000 	C:\Windows\SYSTEM32\WINMM.dll
0x00007ffbe75f0000 - 0x00007ffbe75fa000 	C:\Windows\SYSTEM32\VERSION.dll
0x00007ffbf2a70000 - 0x00007ffbf2a9c000 	C:\Windows\SYSTEM32\WINMMBASE.dll
0x00007ffbf4f60000 - 0x00007ffbf4fa3000 	C:\Windows\system32\cfgmgr32.dll
0x000000006f400000 - 0x000000006f40f000 	C:\Program Files\Java\jdk1.8.0_66\jre\bin\verify.dll
0x000000006f3d0000 - 0x000000006f3f9000 	C:\Program Files\Java\jdk1.8.0_66\jre\bin\java.dll
0x000000006f3b0000 - 0x000000006f3c6000 	C:\Program Files\Java\jdk1.8.0_66\jre\bin\zip.dll
0x00007ffbf5980000 - 0x00007ffbf6edc000 	C:\Windows\system32\SHELL32.dll
0x00007ffbf47d0000 - 0x00007ffbf4e14000 	C:\Windows\system32\windows.storage.dll
0x00007ffbf7220000 - 0x00007ffbf7272000 	C:\Windows\system32\shlwapi.dll
0x00007ffbf4410000 - 0x00007ffbf441f000 	C:\Windows\system32\kernel.appcore.dll
0x00007ffbf4ea0000 - 0x00007ffbf4f55000 	C:\Windows\system32\shcore.dll
0x00007ffbf43c0000 - 0x00007ffbf440b000 	C:\Windows\system32\powrprof.dll
0x00007ffbf43a0000 - 0x00007ffbf43b4000 	C:\Windows\system32\profapi.dll

VM Arguments:
jvm_args: -Djava.awt.headless=true -Xmx1024M -Dfile.encoding=windows-1252 -Duser.country=IT -Duser.language=it -Duser.variant 
java_command: com.android.dx.command.Main --dex --num-threads=4 --output C:\Users\Davide\AndroidStudioProjects\MioMeteo\app\build\intermediates\pre-dexed\debug\com.google.android.gms-play-services-ads-9.0.0_b709c3ccdbe969a4c1ad31889d8390b7122bb938.jar C:\Users\Davide\AndroidStudioProjects\MioMeteo\app\build\intermediates\exploded-aar\com.google.android.gms\play-services-ads\9.0.0\jars\classes.jar
java_class_path (initial): C:\Users\Davide\AppData\Local\Android\sdk\build-tools\23.0.3\lib\dx.jar
Launcher Type: SUN_STANDARD

Environment Variables:
PATH=C:\ProgramData\Oracle\Java\javapath;C:\Program Files (x86)\Intel\iCLS Client\;C:\Program Files\Intel\iCLS Client\;C:\Windows\system32;C:\Windows;C:\Windows\System32\Wbem;C:\Windows\System32\WindowsPowerShell\v1.0\;c:\Program Files\Intel\WiFi\bin\;c:\Program Files\Common Files\Intel\WirelessCommon\;C:\Program Files\Intel\Intel(R) Management Engine Components\DAL;C:\Program Files (x86)\Intel\Intel(R) Management Engine Components\DAL;C:\Program Files\Intel\Intel(R) Management Engine Components\IPT;C:\Program Files (x86)\Intel\Intel(R) Management Engine Components\IPT;C:\Program Files\Hewlett-Packard\SimplePass\;C:\Program Files\Java\jdk1.8.0_66\bin;C:\Program Files\TortoiseSVN\bin;C:\Program Files (x86)\MySQL\MySQL Fabric 1.5 & MySQL Utilities 1.5\;C:\Program Files (x86)\MySQL\MySQL Fabric 1.5 & MySQL Utilities 1.5\Doctrine extensions for PHP\;C:\Program Files (x86)\Skype\Phone\
USERNAME=Davide
OS=Windows_NT
PROCESSOR_IDENTIFIER=Intel64 Family 6 Model 61 Stepping 4, GenuineIntel



---------------  S Y S T E M  ---------------

OS: Windows 10.0 , 64 bit Build 10586 (10.0.10586.0)

CPU:total 4 (2 cores per cpu, 2 threads per core) family 6 model 61 stepping 4, cmov, cx8, fxsr, mmx, sse, sse2, sse3, ssse3, sse4.1, sse4.2, popcnt, avx, avx2, aes, clmul, erms, 3dnowpref, lzcnt, ht, tsc, tscinvbit, bmi1, bmi2, adx

Memory: 4k page, physical 4109328k(280668k free), swap 5157904k(4096k free)

vm_info: Java HotSpot(TM) 64-Bit Server VM (25.66-b18) for windows-amd64 JRE (1.8.0_66-b18), built on Nov  9 2015 10:51:13 by "java_re" with MS VC++ 10.0 (VS2010)

time: Tue May 31 21:17:16 2016
elapsed time: 19 seconds (0d 0h 0m 19s)

