#
# There is insufficient memory for the Java Runtime Environment to continue.
# Native memory allocation (malloc) failed to allocate 2066416 bytes for Chunk::new
# Possible reasons:
#   The system is out of physical RAM or swap space
#   In 32 bit mode, the process size limit was hit
# Possible solutions:
#   Reduce memory load on the system
#   Increase physical memory or swap space
#   Check if swap backing store is full
#   Use 64 bit Java on a 64 bit OS
#   Decrease Java heap size (-Xmx/-Xms)
#   Decrease number of Java threads
#   Decrease Java thread stack sizes (-Xss)
#   Set larger code cache with -XX:ReservedCodeCacheSize=
# This output file may be truncated or incomplete.
#
#  Out of Memory Error (allocation.cpp:390), pid=7764, tid=6352
#
# JRE version: Java(TM) SE Runtime Environment (8.0_66-b18) (build 1.8.0_66-b18)
# Java VM: Java HotSpot(TM) 64-Bit Server VM (25.66-b18 mixed mode windows-amd64 compressed oops)
# Failed to write core dump. Minidumps are not enabled by default on client versions of Windows
#

---------------  T H R E A D  ---------------

Current thread (0x000000001495d000):  JavaThread "C2 CompilerThread0" daemon [_thread_in_native, id=6352, stack(0x0000000015fc0000,0x00000000160c0000)]

Stack: [0x0000000015fc0000,0x00000000160c0000]
[error occurred during error reporting (printing stack bounds), id 0xc0000005]

Native frames: (J=compiled Java code, j=interpreted, Vv=VM code, C=native code)


Current CompileTask:
C2:   7636 1872   !   4       com.android.dx.cf.cst.ConstantPoolParser::parse0 (731 bytes)


---------------  P R O C E S S  ---------------

Java Threads: ( => current thread )
  0x000000001640b800 JavaThread "pool-1-thread-4" [_thread_in_Java, id=528, stack(0x0000000016cc0000,0x0000000016dc0000)]
  0x0000000016457800 JavaThread "pool-1-thread-3" [_thread_blocked, id=5996, stack(0x0000000016bc0000,0x0000000016cc0000)]
  0x0000000016456800 JavaThread "pool-1-thread-2" [_thread_blocked, id=6832, stack(0x0000000016ac0000,0x0000000016bc0000)]
  0x000000001644f800 JavaThread "pool-2-thread-1" [_thread_blocked, id=4088, stack(0x00000000169c0000,0x0000000016ac0000)]
  0x0000000016458800 JavaThread "pool-1-thread-1" [_thread_blocked, id=8188, stack(0x00000000168c0000,0x00000000169c0000)]
  0x00000000161cd800 JavaThread "Service Thread" daemon [_thread_blocked, id=2136, stack(0x00000000166c0000,0x00000000167c0000)]
  0x00000000161c8800 JavaThread "C1 CompilerThread2" daemon [_thread_blocked, id=4700, stack(0x00000000165c0000,0x00000000166c0000)]
  0x0000000014960000 JavaThread "C2 CompilerThread1" daemon [_thread_in_native, id=5476, stack(0x00000000160c0000,0x00000000161c0000)]
=>0x000000001495d000 JavaThread "C2 CompilerThread0" daemon [_thread_in_native, id=6352, stack(0x0000000015fc0000,0x00000000160c0000)]
  0x000000001495b000 JavaThread "Attach Listener" daemon [_thread_blocked, id=4828, stack(0x0000000015ec0000,0x0000000015fc0000)]
  0x0000000014959800 JavaThread "Signal Dispatcher" daemon [_thread_blocked, id=2920, stack(0x0000000015dc0000,0x0000000015ec0000)]
  0x0000000002280800 JavaThread "Finalizer" daemon [_thread_blocked, id=5860, stack(0x0000000015bc0000,0x0000000015cc0000)]
  0x000000000227d000 JavaThread "Reference Handler" daemon [_thread_blocked, id=7148, stack(0x0000000015ac0000,0x0000000015bc0000)]
  0x0000000002190800 JavaThread "main" [_thread_in_vm, id=1968, stack(0x0000000001f90000,0x0000000002090000)]

Other Threads:
  0x0000000014928000 VMThread [stack: 0x00000000159c0000,0x0000000015ac0000] [id=1480]
  0x00000000161e2800 WatcherThread [stack: 0x00000000167c0000,0x00000000168c0000] [id=8184]

VM state:not at safepoint (normal execution)

VM Mutex/Monitor currently owned by a thread: None

Heap:
 PSYoungGen      total 144896K, used 123313K [0x00000000eab00000, 0x00000000f5000000, 0x0000000100000000)
  eden space 128512K, 84% used [0x00000000eab00000,0x00000000f14db558,0x00000000f2880000)
  from space 16384K, 91% used [0x00000000f3b00000,0x00000000f4990ed0,0x00000000f4b00000)
  to   space 18944K, 0% used [0x00000000f2880000,0x00000000f2880000,0x00000000f3b00000)
 ParOldGen       total 44032K, used 26319K [0x00000000c0000000, 0x00000000c2b00000, 0x00000000eab00000)
  object space 44032K, 59% used [0x00000000c0000000,0x00000000c19b3ca0,0x00000000c2b00000)
 Metaspace       used 6383K, capacity 7152K, committed 7296K, reserved 1056768K
  class space    used 601K, capacity 616K, committed 640K, reserved 1048576K

Card table byte_map: [0x0000000011650000,0x0000000011860000] byte_map_base: 0x0000000011050000

Marking Bits: (ParMarkBitMap*) 0x000000006fc1a5b0
 Begin Bits: [0x0000000011dc0000, 0x0000000012dc0000)
 End Bits:   [0x0000000012dc0000, 0x0000000013dc0000)

Polling page: 0x0000000000880000

CodeCache: size=245760Kb used=7513Kb max_used=7516Kb free=238246Kb
 bounds [0x0000000002290000, 0x00000000029f0000, 0x0000000011290000]
 total_blobs=2156 nmethods=1887 adapters=181
 compilation: enabled

Compilation events (10 events):
Event: 7.579 Thread 0x00000000161c8800 1943       2       sun.util.calendar.AbstractCalendar::getCalendarDate (217 bytes)
Event: 7.580 Thread 0x00000000161c8800 nmethod 1943 0x00000000029e1fd0 code [0x00000000029e21a0, 0x00000000029e2758]
Event: 7.580 Thread 0x00000000161c8800 1944       2       com.android.dx.command.dexer.Main$FileBytesConsumer::processFileBytes (8 bytes)
Event: 7.581 Thread 0x00000000161c8800 nmethod 1944 0x00000000029e1c10 code [0x00000000029e1d80, 0x00000000029e1f08]
Event: 7.581 Thread 0x00000000161c8800 1945       2       com.android.dx.command.dexer.Main::fixPath (56 bytes)
Event: 7.581 Thread 0x00000000161c8800 nmethod 1945 0x00000000029e1590 code [0x00000000029e1740, 0x00000000029e19c8]
Event: 7.590 Thread 0x00000000161c8800 1946       1       com.android.dx.ssa.LiteralOpUpgrader$1::visitPhiInsn (1 bytes)
Event: 7.590 Thread 0x00000000161c8800 nmethod 1946 0x00000000029e12d0 code [0x00000000029e1420, 0x00000000029e1530]
Event: 7.630 Thread 0x00000000161c8800 1948   !   2       java.util.concurrent.locks.AbstractQueuedSynchronizer::acquireQueued (93 bytes)
Event: 7.631 Thread 0x00000000161c8800 nmethod 1948 0x00000000029e0710 code [0x00000000029e08e0, 0x00000000029e0e18]

GC Heap History (10 events):
Event: 5.224 GC heap before
{Heap before GC invocations=2 (full 0):
 PSYoungGen      total 18944K, used 18920K [0x00000000eab00000, 0x00000000ed000000, 0x0000000100000000)
  eden space 16384K, 100% used [0x00000000eab00000,0x00000000ebb00000,0x00000000ebb00000)
  from space 2560K, 99% used [0x00000000ebb00000,0x00000000ebd7a268,0x00000000ebd80000)
  to   space 2560K, 0% used [0x00000000ecd80000,0x00000000ecd80000,0x00000000ed000000)
 ParOldGen       total 44032K, used 499K [0x00000000c0000000, 0x00000000c2b00000, 0x00000000eab00000)
  object space 44032K, 1% used [0x00000000c0000000,0x00000000c007cf40,0x00000000c2b00000)
 Metaspace       used 5910K, capacity 6832K, committed 7040K, reserved 1056768K
  class space    used 600K, capacity 616K, committed 640K, reserved 1048576K
Event: 5.232 GC heap after
Heap after GC invocations=2 (full 0):
 PSYoungGen      total 35328K, used 2554K [0x00000000eab00000, 0x00000000ed000000, 0x0000000100000000)
  eden space 32768K, 0% used [0x00000000eab00000,0x00000000eab00000,0x00000000ecb00000)
  from space 2560K, 99% used [0x00000000ecd80000,0x00000000ecffeab8,0x00000000ed000000)
  to   space 2560K, 0% used [0x00000000ecb00000,0x00000000ecb00000,0x00000000ecd80000)
 ParOldGen       total 44032K, used 2094K [0x00000000c0000000, 0x00000000c2b00000, 0x00000000eab00000)
  object space 44032K, 4% used [0x00000000c0000000,0x00000000c020b978,0x00000000c2b00000)
 Metaspace       used 5910K, capacity 6832K, committed 7040K, reserved 1056768K
  class space    used 600K, capacity 616K, committed 640K, reserved 1048576K
}
Event: 5.699 GC heap before
{Heap before GC invocations=3 (full 0):
 PSYoungGen      total 35328K, used 35322K [0x00000000eab00000, 0x00000000ed000000, 0x0000000100000000)
  eden space 32768K, 100% used [0x00000000eab00000,0x00000000ecb00000,0x00000000ecb00000)
  from space 2560K, 99% used [0x00000000ecd80000,0x00000000ecffeab8,0x00000000ed000000)
  to   space 2560K, 0% used [0x00000000ecb00000,0x00000000ecb00000,0x00000000ecd80000)
 ParOldGen       total 44032K, used 2094K [0x00000000c0000000, 0x00000000c2b00000, 0x00000000eab00000)
  object space 44032K, 4% used [0x00000000c0000000,0x00000000c020b978,0x00000000c2b00000)
 Metaspace       used 6153K, capacity 7024K, committed 7296K, reserved 1056768K
  class space    used 600K, capacity 616K, committed 640K, reserved 1048576K
Event: 5.722 GC heap after
Heap after GC invocations=3 (full 0):
 PSYoungGen      total 35328K, used 2528K [0x00000000eab00000, 0x00000000ef000000, 0x0000000100000000)
  eden space 32768K, 0% used [0x00000000eab00000,0x00000000eab00000,0x00000000ecb00000)
  from space 2560K, 98% used [0x00000000ecb00000,0x00000000ecd78028,0x00000000ecd80000)
  to   space 2560K, 0% used [0x00000000eed80000,0x00000000eed80000,0x00000000ef000000)
 ParOldGen       total 44032K, used 7637K [0x00000000c0000000, 0x00000000c2b00000, 0x00000000eab00000)
  object space 44032K, 17% used [0x00000000c0000000,0x00000000c07755e0,0x00000000c2b00000)
 Metaspace       used 6153K, capacity 7024K, committed 7296K, reserved 1056768K
  class space    used 600K, capacity 616K, committed 640K, reserved 1048576K
}
Event: 5.989 GC heap before
{Heap before GC invocations=4 (full 0):
 PSYoungGen      total 35328K, used 35296K [0x00000000eab00000, 0x00000000ef000000, 0x0000000100000000)
  eden space 32768K, 100% used [0x00000000eab00000,0x00000000ecb00000,0x00000000ecb00000)
  from space 2560K, 98% used [0x00000000ecb00000,0x00000000ecd78028,0x00000000ecd80000)
  to   space 2560K, 0% used [0x00000000eed80000,0x00000000eed80000,0x00000000ef000000)
 ParOldGen       total 44032K, used 7637K [0x00000000c0000000, 0x00000000c2b00000, 0x00000000eab00000)
  object space 44032K, 17% used [0x00000000c0000000,0x00000000c07755e0,0x00000000c2b00000)
 Metaspace       used 6238K, capacity 7088K, committed 7296K, reserved 1056768K
  class space    used 600K, capacity 616K, committed 640K, reserved 1048576K
Event: 6.007 GC heap after
Heap after GC invocations=4 (full 0):
 PSYoungGen      total 68096K, used 2528K [0x00000000eab00000, 0x00000000ef000000, 0x0000000100000000)
  eden space 65536K, 0% used [0x00000000eab00000,0x00000000eab00000,0x00000000eeb00000)
  from space 2560K, 98% used [0x00000000eed80000,0x00000000eeff8018,0x00000000ef000000)
  to   space 2560K, 0% used [0x00000000eeb00000,0x00000000eeb00000,0x00000000eed80000)
 ParOldGen       total 44032K, used 13038K [0x00000000c0000000, 0x00000000c2b00000, 0x00000000eab00000)
  object space 44032K, 29% used [0x00000000c0000000,0x00000000c0cbba80,0x00000000c2b00000)
 Metaspace       used 6238K, capacity 7088K, committed 7296K, reserved 1056768K
  class space    used 600K, capacity 616K, committed 640K, reserved 1048576K
}
Event: 6.452 GC heap before
{Heap before GC invocations=5 (full 0):
 PSYoungGen      total 68096K, used 68064K [0x00000000eab00000, 0x00000000ef000000, 0x0000000100000000)
  eden space 65536K, 100% used [0x00000000eab00000,0x00000000eeb00000,0x00000000eeb00000)
  from space 2560K, 98% used [0x00000000eed80000,0x00000000eeff8018,0x00000000ef000000)
  to   space 2560K, 0% used [0x00000000eeb00000,0x00000000eeb00000,0x00000000eed80000)
 ParOldGen       total 44032K, used 13038K [0x00000000c0000000, 0x00000000c2b00000, 0x00000000eab00000)
  object space 44032K, 29% used [0x00000000c0000000,0x00000000c0cbba80,0x00000000c2b00000)
 Metaspace       used 6295K, capacity 7088K, committed 7296K, reserved 1056768K
  class space    used 600K, capacity 616K, committed 640K, reserved 1048576K
Event: 6.481 GC heap after
Heap after GC invocations=5 (full 0):
 PSYoungGen      total 68096K, used 2550K [0x00000000eab00000, 0x00000000f4b00000, 0x0000000100000000)
  eden space 65536K, 0% used [0x00000000eab00000,0x00000000eab00000,0x00000000eeb00000)
  from space 2560K, 99% used [0x00000000eeb00000,0x00000000eed7d808,0x00000000eed80000)
  to   space 16384K, 0% used [0x00000000f3b00000,0x00000000f3b00000,0x00000000f4b00000)
 ParOldGen       total 44032K, used 26319K [0x00000000c0000000, 0x00000000c2b00000, 0x00000000eab00000)
  object space 44032K, 59% used [0x00000000c0000000,0x00000000c19b3ca0,0x00000000c2b00000)
 Metaspace       used 6295K, capacity 7088K, committed 7296K, reserved 1056768K
  class space    used 600K, capacity 616K, committed 640K, reserved 1048576K
}
Event: 6.877 GC heap before
{Heap before GC invocations=6 (full 0):
 PSYoungGen      total 68096K, used 68086K [0x00000000eab00000, 0x00000000f4b00000, 0x0000000100000000)
  eden space 65536K, 100% used [0x00000000eab00000,0x00000000eeb00000,0x00000000eeb00000)
  from space 2560K, 99% used [0x00000000eeb00000,0x00000000eed7d808,0x00000000eed80000)
  to   space 16384K, 0% used [0x00000000f3b00000,0x00000000f3b00000,0x00000000f4b00000)
 ParOldGen       total 44032K, used 26319K [0x00000000c0000000, 0x00000000c2b00000, 0x00000000eab00000)
  object space 44032K, 59% used [0x00000000c0000000,0x00000000c19b3ca0,0x00000000c2b00000)
 Metaspace       used 6350K, capacity 7152K, committed 7296K, reserved 1056768K
  class space    used 601K, capacity 616K, committed 640K, reserved 1048576K
Event: 6.912 GC heap after
Heap after GC invocations=6 (full 0):
 PSYoungGen      total 144896K, used 14915K [0x00000000eab00000, 0x00000000f5000000, 0x0000000100000000)
  eden space 128512K, 0% used [0x00000000eab00000,0x00000000eab00000,0x00000000f2880000)
  from space 16384K, 91% used [0x00000000f3b00000,0x00000000f4990ed0,0x00000000f4b00000)
  to   space 18944K, 0% used [0x00000000f2880000,0x00000000f2880000,0x00000000f3b00000)
 ParOldGen       total 44032K, used 26319K [0x00000000c0000000, 0x00000000c2b00000, 0x00000000eab00000)
  object space 44032K, 59% used [0x00000000c0000000,0x00000000c19b3ca0,0x00000000c2b00000)
 Metaspace       used 6350K, capacity 7152K, committed 7296K, reserved 1056768K
  class space    used 601K, capacity 616K, committed 640K, reserved 1048576K
}

Deoptimization events (10 events):
Event: 5.825 Thread 0x0000000002190800 Uncommon trap: reason=unstable_if action=reinterpret pc=0x000000000255e4d0 method=java.lang.String.<init>([CII)V @ 18
Event: 5.912 Thread 0x0000000002190800 Uncommon trap: reason=unstable_if action=reinterpret pc=0x000000000246c268 method=java.lang.String.<init>([CII)V @ 18
Event: 5.959 Thread 0x0000000002190800 Uncommon trap: reason=unstable_if action=reinterpret pc=0x000000000289a058 method=com.android.dx.ssa.SCCP.simulateBranch(Lcom/android/dx/ssa/SsaInsn;)V @ 548
Event: 5.983 Thread 0x0000000016458800 Uncommon trap: reason=unstable_if action=reinterpret pc=0x000000000272f1a0 method=com.android.dx.ssa.SCCP.simulateStmt(Lcom/android/dx/ssa/SsaInsn;)V @ 53
Event: 6.012 Thread 0x0000000016458800 Uncommon trap: reason=uninitialized action=reinterpret pc=0x00000000027eb43c method=com.android.dx.cf.code.BytecodeArray.parseInstruction(ILcom/android/dx/cf/code/BytecodeArray$Visitor;)I @ 1031
Event: 6.036 Thread 0x0000000016456800 Uncommon trap: reason=unstable_if action=reinterpret pc=0x00000000026a7108 method=com.android.dx.ssa.SsaMethod.deleteInsns(Ljava/util/Set;)V @ 130
Event: 6.066 Thread 0x0000000016456800 Uncommon trap: reason=bimorphic action=maybe_recompile pc=0x00000000028846ec method=com.android.dx.ssa.LiteralOpUpgrader.tryReplacingWithConstant(Lcom/android/dx/ssa/NormalSsaInsn;)Z @ 52
Event: 6.116 Thread 0x0000000002190800 Uncommon trap: reason=bimorphic action=maybe_recompile pc=0x00000000028846ec method=com.android.dx.ssa.LiteralOpUpgrader.tryReplacingWithConstant(Lcom/android/dx/ssa/NormalSsaInsn;)Z @ 52
Event: 6.135 Thread 0x000000001640b800 Uncommon trap: reason=bimorphic action=maybe_recompile pc=0x00000000028846ec method=com.android.dx.ssa.LiteralOpUpgrader.tryReplacingWithConstant(Lcom/android/dx/ssa/NormalSsaInsn;)Z @ 52
Event: 6.136 Thread 0x000000001640b800 Uncommon trap: reason=bimorphic action=maybe_recompile pc=0x00000000028846ec method=com.android.dx.ssa.LiteralOpUpgrader.tryReplacingWithConstant(Lcom/android/dx/ssa/NormalSsaInsn;)Z @ 52

Internal exceptions (3 events):
Event: 0.496 Thread 0x0000000002190800 Exception <a 'java/lang/NoSuchMethodError': Method sun.misc.Unsafe.defineClass(Ljava/lang/String;[BII)Ljava/lang/Class; name or signature does not match> (0x00000000eab0d848) thrown at [C:\re\workspace\8-2-build-windows-amd64-cygwin\jdk8u66\5298\hotspot\sr”M»Iï¿ß?
Event: 0.496 Thread 0x0000000002190800 Exception <a 'java/lang/NoSuchMethodError': Method sun.misc.Unsafe.prefetchRead(Ljava/lang/Object;J)V name or signature does not match> (0x00000000eab0db30) thrown at [C:\re\workspace\8-2-build-windows-amd64-cygwin\jdk8u66\5298\hotspot\src\share\vm\prims\j™†ôÉpx@
Event: 5.368 Thread 0x0000000016458800 Implicit null exception at 0x000000000253b3a2 to 0x000000000253b49a

Events (10 events):
Event: 7.089 Thread 0x0000000016457800 DEOPT PACKING pc=0x000000000285eaa3 sp=0x0000000016cbee10
Event: 7.089 Thread 0x0000000016457800 DEOPT UNPACKING pc=0x00000000022d787f sp=0x0000000016cbebf0 mode 0
Event: 7.257 Thread 0x0000000016457800 DEOPT PACKING pc=0x000000000255360c sp=0x0000000016cbe950
Event: 7.257 Thread 0x0000000016457800 DEOPT UNPACKING pc=0x00000000022d787f sp=0x0000000016cbe668 mode 0
Event: 7.300 Thread 0x000000001640b800 DEOPT PACKING pc=0x00000000029660bf sp=0x0000000016dbe580
Event: 7.300 Thread 0x000000001640b800 DEOPT UNPACKING pc=0x00000000022d787f sp=0x0000000016dbe2e8 mode 0
Event: 7.574 Thread 0x0000000016456800 DEOPT PACKING pc=0x000000000255360c sp=0x0000000016bbec00
Event: 7.574 Thread 0x0000000016456800 DEOPT UNPACKING pc=0x00000000022d787f sp=0x0000000016bbe918 mode 0
Event: 7.624 Thread 0x000000001640b800 DEOPT PACKING pc=0x0000000002948a33 sp=0x0000000016dbe870
Event: 7.624 Thread 0x000000001640b800 DEOPT UNPACKING pc=0x00000000022d787f sp=0x0000000016dbe600 mode 0


Dynamic libraries:
0x00007ff7e1010000 - 0x00007ff7e1047000 	C:\Program Files\Java\jdk1.8.0_66\bin\java.exe
0x00007ffbf7d80000 - 0x00007ffbf7f41000 	C:\Windows\SYSTEM32\ntdll.dll
0x00007ffbf51e0000 - 0x00007ffbf528d000 	C:\Windows\system32\KERNEL32.DLL
0x00007ffbf44c0000 - 0x00007ffbf46a8000 	C:\Windows\system32\KERNELBASE.dll
0x00007ffbf7760000 - 0x00007ffbf7807000 	C:\Windows\system32\ADVAPI32.dll
0x00007ffbf5300000 - 0x00007ffbf539d000 	C:\Windows\system32\msvcrt.dll
0x00007ffbf53b0000 - 0x00007ffbf540b000 	C:\Windows\system32\sechost.dll
0x00007ffbf7c60000 - 0x00007ffbf7d7c000 	C:\Windows\system32\RPCRT4.dll
0x00007ffbf7810000 - 0x00007ffbf7966000 	C:\Windows\system32\USER32.dll
0x00007ffbf5410000 - 0x00007ffbf5596000 	C:\Windows\system32\GDI32.dll
0x00007ffbe7e40000 - 0x00007ffbe80b4000 	C:\Windows\WinSxS\amd64_microsoft.windows.common-controls_6595b64144ccf1df_6.0.10586.0_none_8c15ae12515e1c22\COMCTL32.dll
0x00007ffbf79e0000 - 0x00007ffbf7c5d000 	C:\Windows\system32\combase.dll
0x00007ffbf46b0000 - 0x00007ffbf471a000 	C:\Windows\system32\bcryptPrimitives.dll
0x00007ffbf72f0000 - 0x00007ffbf732b000 	C:\Windows\system32\IMM32.DLL
0x000000006ede0000 - 0x000000006eeb2000 	C:\Program Files\Java\jdk1.8.0_66\jre\bin\msvcr100.dll
0x000000006f410000 - 0x000000006fc99000 	C:\Program Files\Java\jdk1.8.0_66\jre\bin\server\jvm.dll
0x00007ffbf6ee0000 - 0x00007ffbf6ee8000 	C:\Windows\system32\PSAPI.DLL
0x00007ffbf0fb0000 - 0x00007ffbf0fb9000 	C:\Windows\SYSTEM32\WSOCK32.dll
0x00007ffbf7280000 - 0x00007ffbf72eb000 	C:\Windows\system32\WS2_32.dll
0x00007ffbf2ad0000 - 0x00007ffbf2af3000 	C:\Windows\SYSTEM32\WINMM.dll
0x00007ffbe75f0000 - 0x00007ffbe75fa000 	C:\Windows\SYSTEM32\VERSION.dll
0x00007ffbf2a70000 - 0x00007ffbf2a9c000 	C:\Windows\SYSTEM32\WINMMBASE.dll
0x00007ffbf4f60000 - 0x00007ffbf4fa3000 	C:\Windows\system32\cfgmgr32.dll
0x000000006f400000 - 0x000000006f40f000 	C:\Program Files\Java\jdk1.8.0_66\jre\bin\verify.dll
0x000000006f3d0000 - 0x000000006f3f9000 	C:\Program Files\Java\jdk1.8.0_66\jre\bin\java.dll
0x000000006f3b0000 - 0x000000006f3c6000 	C:\Program Files\Java\jdk1.8.0_66\jre\bin\zip.dll
0x00007ffbf5980000 - 0x00007ffbf6edc000 	C:\Windows\system32\SHELL32.dll
0x00007ffbf47d0000 - 0x00007ffbf4e14000 	C:\Windows\system32\windows.storage.dll
0x00007ffbf7220000 - 0x00007ffbf7272000 	C:\Windows\system32\shlwapi.dll
0x00007ffbf4410000 - 0x00007ffbf441f000 	C:\Windows\system32\kernel.appcore.dll
0x00007ffbf4ea0000 - 0x00007ffbf4f55000 	C:\Windows\system32\shcore.dll
0x00007ffbf43c0000 - 0x00007ffbf440b000 	C:\Windows\system32\powrprof.dll
0x00007ffbf43a0000 - 0x00007ffbf43b4000 	C:\Windows\system32\profapi.dll

VM Arguments:
jvm_args: -Djava.awt.headless=true -Xmx1024M -Dfile.encoding=windows-1252 -Duser.country=IT -Duser.language=it -Duser.variant 
java_command: com.android.dx.command.Main --dex --num-threads=4 --output C:\Users\Davide\AndroidStudioProjects\MioMeteo\app\build\intermediates\pre-dexed\debug\com.google.android.gms-play-services-basement-9.0.0_ebe13ac9b3eaae77ffc08cf165ae5845375bf02f.jar C:\Users\Davide\AndroidStudioProjects\MioMeteo\app\build\intermediates\exploded-aar\com.google.android.gms\play-services-basement\9.0.0\jars\classes.jar
java_class_path (initial): C:\Users\Davide\AppData\Local\Android\sdk\build-tools\23.0.3\lib\dx.jar
Launcher Type: SUN_STANDARD

Environment Variables:
PATH=C:\ProgramData\Oracle\Java\javapath;C:\Program Files (x86)\Intel\iCLS Client\;C:\Program Files\Intel\iCLS Client\;C:\Windows\system32;C:\Windows;C:\Windows\System32\Wbem;C:\Windows\System32\WindowsPowerShell\v1.0\;c:\Program Files\Intel\WiFi\bin\;c:\Program Files\Common Files\Intel\WirelessCommon\;C:\Program Files\Intel\Intel(R) Management Engine Components\DAL;C:\Program Files (x86)\Intel\Intel(R) Management Engine Components\DAL;C:\Program Files\Intel\Intel(R) Management Engine Components\IPT;C:\Program Files (x86)\Intel\Intel(R) Management Engine Components\IPT;C:\Program Files\Hewlett-Packard\SimplePass\;C:\Program Files\Java\jdk1.8.0_66\bin;C:\Program Files\TortoiseSVN\bin;C:\Program Files (x86)\MySQL\MySQL Fabric 1.5 & MySQL Utilities 1.5\;C:\Program Files (x86)\MySQL\MySQL Fabric 1.5 & MySQL Utilities 1.5\Doctrine extensions for PHP\;C:\Program Files (x86)\Skype\Phone\
USERNAME=Davide
OS=Windows_NT
PROCESSOR_IDENTIFIER=Intel64 Family 6 Model 61 Stepping 4, GenuineIntel



---------------  S Y S T E M  ---------------

OS: Windows 10.0 , 64 bit Build 10586 (10.0.10586.0)

CPU:total 4 (2 cores per cpu, 2 threads per core) family 6 model 61 stepping 4, cmov, cx8, fxsr, mmx, sse, sse2, sse3, ssse3, sse4.1, sse4.2, popcnt, avx, avx2, aes, clmul, erms, 3dnowpref, lzcnt, ht, tsc, tscinvbit, bmi1, bmi2, adx

Memory: 4k page, physical 4109328k(384624k free), swap 5157904k(6004k free)

vm_info: Java HotSpot(TM) 64-Bit Server VM (25.66-b18) for windows-amd64 JRE (1.8.0_66-b18), built on Nov  9 2015 10:51:13 by "java_re" with MS VC++ 10.0 (VS2010)

time: Tue May 31 21:16:52 2016
elapsed time: 7 seconds (0d 0h 0m 7s)

