#
# There is insufficient memory for the Java Runtime Environment to continue.
# Native memory allocation (malloc) failed to allocate 8072 bytes for AllocateHeap
# Possible reasons:
#   The system is out of physical RAM or swap space
#   In 32 bit mode, the process size limit was hit
# Possible solutions:
#   Reduce memory load on the system
#   Increase physical memory or swap space
#   Check if swap backing store is full
#   Use 64 bit Java on a 64 bit OS
#   Decrease Java heap size (-Xmx/-Xms)
#   Decrease number of Java threads
#   Decrease Java thread stack sizes (-Xss)
#   Set larger code cache with -XX:ReservedCodeCacheSize=
# This output file may be truncated or incomplete.
#
#  Out of Memory Error (memory/allocation.inline.hpp:61), pid=5292, tid=4316
#
# JRE version:  (8.0_66-b18) (build )
# Java VM: Java HotSpot(TM) 64-Bit Server VM (25.66-b18 mixed mode windows-amd64 compressed oops)
# Failed to write core dump. Minidumps are not enabled by default on client versions of Windows
#

---------------  T H R E A D  ---------------

Current thread (0x00000000021a0800):  JavaThread "Unknown thread" [_thread_in_vm, id=4316, stack(0x0000000000790000,0x0000000000890000)]

Stack: [0x0000000000790000,0x0000000000890000]
[error occurred during error reporting (printing stack bounds), id 0xc0000005]

Native frames: (J=compiled Java code, j=interpreted, Vv=VM code, C=native code)


---------------  P R O C E S S  ---------------

Java Threads: ( => current thread )

Other Threads:

=>0x00000000021a0800 (exited) JavaThread "Unknown thread" [_thread_in_vm, id=4316, stack(0x0000000000790000,0x0000000000890000)]

VM state:not at safepoint (not fully initialized)

VM Mutex/Monitor currently owned by a thread: None

GC Heap History (0 events):
No events

Deoptimization events (0 events):
No events

Internal exceptions (0 events):
No events

Events (0 events):
No events


Dynamic libraries:
0x00007ff6ae070000 - 0x00007ff6ae0a7000 	C:\Program Files\Java\jdk1.8.0_66\bin\java.exe
0x00007fff95050000 - 0x00007fff95211000 	C:\Windows\SYSTEM32\ntdll.dll
0x00007fff94420000 - 0x00007fff944cd000 	C:\Windows\system32\KERNEL32.DLL
0x00007fff917c0000 - 0x00007fff919a8000 	C:\Windows\system32\KERNELBASE.dll
0x00007fff94890000 - 0x00007fff94937000 	C:\Windows\system32\ADVAPI32.dll
0x00007fff939f0000 - 0x00007fff93a8d000 	C:\Windows\system32\msvcrt.dll
0x00007fff93cf0000 - 0x00007fff93d4b000 	C:\Windows\system32\sechost.dll
0x00007fff93db0000 - 0x00007fff93ecc000 	C:\Windows\system32\RPCRT4.dll
0x00007fff942c0000 - 0x00007fff94416000 	C:\Windows\system32\USER32.dll
0x00007fff93a90000 - 0x00007fff93c16000 	C:\Windows\system32\GDI32.dll
0x00007fff85030000 - 0x00007fff852a4000 	C:\Windows\WinSxS\amd64_microsoft.windows.common-controls_6595b64144ccf1df_6.0.10586.0_none_8c15ae12515e1c22\COMCTL32.dll
0x00007fff94dd0000 - 0x00007fff9504d000 	C:\Windows\system32\combase.dll
0x00007fff91750000 - 0x00007fff917ba000 	C:\Windows\system32\bcryptPrimitives.dll
0x00007fff92450000 - 0x00007fff9248b000 	C:\Windows\system32\IMM32.DLL
0x00000000545e0000 - 0x00000000546b2000 	C:\Program Files\Java\jdk1.8.0_66\jre\bin\msvcr100.dll
0x0000000054c10000 - 0x0000000055499000 	C:\Program Files\Java\jdk1.8.0_66\jre\bin\server\jvm.dll
0x00007fff93c20000 - 0x00007fff93c28000 	C:\Windows\system32\PSAPI.DLL
0x00007fff8de60000 - 0x00007fff8de69000 	C:\Windows\SYSTEM32\WSOCK32.dll
0x00007fff941d0000 - 0x00007fff9423b000 	C:\Windows\system32\WS2_32.dll
0x00007fff8f8f0000 - 0x00007fff8f913000 	C:\Windows\SYSTEM32\WINMM.dll
0x00007fff84930000 - 0x00007fff8493a000 	C:\Windows\SYSTEM32\VERSION.dll
0x00007fff8f890000 - 0x00007fff8f8bc000 	C:\Windows\SYSTEM32\WINMMBASE.dll
0x00007fff91700000 - 0x00007fff91743000 	C:\Windows\system32\cfgmgr32.dll
0x0000000054c00000 - 0x0000000054c0f000 	C:\Program Files\Java\jdk1.8.0_66\jre\bin\verify.dll
0x0000000054bd0000 - 0x0000000054bf9000 	C:\Program Files\Java\jdk1.8.0_66\jre\bin\java.dll
0x0000000054bb0000 - 0x0000000054bc6000 	C:\Program Files\Java\jdk1.8.0_66\jre\bin\zip.dll

VM Arguments:
jvm_args: -Djava.awt.headless=true -Xmx1024M -Dfile.encoding=windows-1252 -Duser.country=IT -Duser.language=it -Duser.variant 
java_command: com.android.dx.command.Main --dex --num-threads=4 --output C:\Users\Davide\AndroidStudioProjects\MioMeteo\app\build\intermediates\pre-dexed\debug\com.google.android.gms-play-services-maps-9.0.0_5e1a22836dccb8082603b8237532f16ec6598c05.jar C:\Users\Davide\AndroidStudioProjects\MioMeteo\app\build\intermediates\exploded-aar\com.google.android.gms\play-services-maps\9.0.0\jars\classes.jar
java_class_path (initial): C:\Users\Davide\AppData\Local\Android\sdk\build-tools\23.0.3\lib\dx.jar
Launcher Type: SUN_STANDARD

Environment Variables:
PATH=C:\ProgramData\Oracle\Java\javapath;C:\Program Files (x86)\Intel\iCLS Client\;C:\Program Files\Intel\iCLS Client\;C:\Windows\system32;C:\Windows;C:\Windows\System32\Wbem;C:\Windows\System32\WindowsPowerShell\v1.0\;c:\Program Files\Intel\WiFi\bin\;c:\Program Files\Common Files\Intel\WirelessCommon\;C:\Program Files\Intel\Intel(R) Management Engine Components\DAL;C:\Program Files (x86)\Intel\Intel(R) Management Engine Components\DAL;C:\Program Files\Intel\Intel(R) Management Engine Components\IPT;C:\Program Files (x86)\Intel\Intel(R) Management Engine Components\IPT;C:\Program Files\Hewlett-Packard\SimplePass\;C:\Program Files\Java\jdk1.8.0_66\bin;C:\Program Files\TortoiseSVN\bin;C:\Program Files (x86)\MySQL\MySQL Fabric 1.5 & MySQL Utilities 1.5\;C:\Program Files (x86)\MySQL\MySQL Fabric 1.5 & MySQL Utilities 1.5\Doctrine extensions for PHP\;C:\Program Files (x86)\Skype\Phone\
USERNAME=Davide
OS=Windows_NT
PROCESSOR_IDENTIFIER=Intel64 Family 6 Model 61 Stepping 4, GenuineIntel



---------------  S Y S T E M  ---------------

OS: Windows 10.0 , 64 bit Build 10586 (10.0.10586.0)

CPU:total 4 (2 cores per cpu, 2 threads per core) family 6 model 61 stepping 4, cmov, cx8, fxsr, mmx, sse, sse2, sse3, ssse3, sse4.1, sse4.2, popcnt, avx, avx2, aes, clmul, erms, 3dnowpref, lzcnt, ht, tsc, tscinvbit, bmi1, bmi2, adx

Memory: 4k page, physical 4109328k(159428k free), swap 5157904k(3452k free)

vm_info: Java HotSpot(TM) 64-Bit Server VM (25.66-b18) for windows-amd64 JRE (1.8.0_66-b18), built on Nov  9 2015 10:51:13 by "java_re" with MS VC++ 10.0 (VS2010)

time: Tue May 31 18:37:25 2016
elapsed time: 0 seconds (0d 0h 0m 0s)

