#
# There is insufficient memory for the Java Runtime Environment to continue.
# Native memory allocation (malloc) failed to allocate 1428912 bytes for Chunk::new
# Possible reasons:
#   The system is out of physical RAM or swap space
#   In 32 bit mode, the process size limit was hit
# Possible solutions:
#   Reduce memory load on the system
#   Increase physical memory or swap space
#   Check if swap backing store is full
#   Use 64 bit Java on a 64 bit OS
#   Decrease Java heap size (-Xmx/-Xms)
#   Decrease number of Java threads
#   Decrease Java thread stack sizes (-Xss)
#   Set larger code cache with -XX:ReservedCodeCacheSize=
# This output file may be truncated or incomplete.
#
#  Out of Memory Error (allocation.cpp:390), pid=7140, tid=7672
#
# JRE version: Java(TM) SE Runtime Environment (8.0_66-b18) (build 1.8.0_66-b18)
# Java VM: Java HotSpot(TM) 64-Bit Server VM (25.66-b18 mixed mode windows-amd64 compressed oops)
# Failed to write core dump. Minidumps are not enabled by default on client versions of Windows
#

---------------  T H R E A D  ---------------

Current thread (0x0000000014920000):  JavaThread "C2 CompilerThread1" daemon [_thread_in_native, id=7672, stack(0x0000000016080000,0x0000000016180000)]

Stack: [0x0000000016080000,0x0000000016180000]
[error occurred during error reporting (printing stack bounds), id 0xc0000005]

Native frames: (J=compiled Java code, j=interpreted, Vv=VM code, C=native code)


Current CompileTask:
C2:  20029 2148   !   4       com.android.dx.cf.cst.ConstantPoolParser::parse0 (731 bytes)


---------------  P R O C E S S  ---------------

Java Threads: ( => current thread )
  0x00000000164f1000 JavaThread "pool-2-thread-4" [_thread_blocked, id=7372, stack(0x0000000017480000,0x0000000017580000)]
  0x00000000164f0800 JavaThread "pool-2-thread-3" [_thread_blocked, id=6280, stack(0x0000000017380000,0x0000000017480000)]
  0x00000000164ef800 JavaThread "pool-2-thread-2" [_thread_blocked, id=5672, stack(0x0000000017280000,0x0000000017380000)]
  0x00000000164eb000 JavaThread "pool-3-thread-1" [_thread_blocked, id=7676, stack(0x0000000017180000,0x0000000017280000)]
  0x00000000164ea000 JavaThread "pool-2-thread-1" [_thread_blocked, id=2648, stack(0x0000000017080000,0x0000000017180000)]
  0x0000000016285800 JavaThread "Service Thread" daemon [_thread_blocked, id=7584, stack(0x0000000016680000,0x0000000016780000)]
  0x000000001497c000 JavaThread "C1 CompilerThread2" daemon [_thread_blocked, id=2756, stack(0x0000000016180000,0x0000000016280000)]
=>0x0000000014920000 JavaThread "C2 CompilerThread1" daemon [_thread_in_native, id=7672, stack(0x0000000016080000,0x0000000016180000)]
  0x000000001491d000 JavaThread "C2 CompilerThread0" daemon [_thread_in_native, id=7956, stack(0x0000000015f80000,0x0000000016080000)]
  0x000000001491b000 JavaThread "Attach Listener" daemon [_thread_blocked, id=6256, stack(0x0000000015e80000,0x0000000015f80000)]
  0x0000000014919800 JavaThread "Signal Dispatcher" daemon [_thread_blocked, id=4660, stack(0x0000000015d80000,0x0000000015e80000)]
  0x0000000002240800 JavaThread "Finalizer" daemon [_thread_blocked, id=2936, stack(0x0000000015b80000,0x0000000015c80000)]
  0x00000000148e9000 JavaThread "Reference Handler" daemon [_thread_blocked, id=7800, stack(0x0000000015a80000,0x0000000015b80000)]
  0x0000000002150800 JavaThread "main" [_thread_blocked, id=3828, stack(0x0000000000720000,0x0000000000820000)]

Other Threads:
  0x00000000148e7000 VMThread [stack: 0x0000000015980000,0x0000000015a80000] [id=3600]
  0x00000000162a2000 WatcherThread [stack: 0x0000000016780000,0x0000000016880000] [id=4300]

VM state:at safepoint (normal execution)

VM Mutex/Monitor currently owned by a thread:  ([mutex/lock_event])
[0x00000000020dc960] Threads_lock - owner thread: 0x00000000148e7000
[0x00000000020dc4e0] Heap_lock - owner thread: 0x00000000164ea000

Heap:
 PSYoungGen      total 144896K, used 143946K [0x00000000eab00000, 0x00000000f5200000, 0x0000000100000000)
  eden space 128000K, 100% used [0x00000000eab00000,0x00000000f2800000,0x00000000f2800000)
  from space 16896K, 94% used [0x00000000f3b80000,0x00000000f4b128a0,0x00000000f4c00000)
  to   space 19968K, 83% used [0x00000000f2800000,0x00000000f383d800,0x00000000f3b80000)
 ParOldGen       total 44032K, used 27387K [0x00000000c0000000, 0x00000000c2b00000, 0x00000000eab00000)
  object space 44032K, 62% used [0x00000000c0000000,0x00000000c1abef70,0x00000000c2b00000)
 Metaspace       used 6437K, capacity 7152K, committed 7296K, reserved 1056768K
  class space    used 600K, capacity 616K, committed 640K, reserved 1048576K

Card table byte_map: [0x0000000011610000,0x0000000011820000] byte_map_base: 0x0000000011010000

Marking Bits: (ParMarkBitMap*) 0x000000006cbaa5b0
 Begin Bits: [0x0000000011d80000, 0x0000000012d80000)
 End Bits:   [0x0000000012d80000, 0x0000000013d80000)

Polling page: 0x0000000000510000

CodeCache: size=245760Kb used=7948Kb max_used=9990Kb free=237811Kb
 bounds [0x0000000002250000, 0x0000000002c20000, 0x0000000011250000]
 total_blobs=1995 nmethods=1726 adapters=181
 compilation: enabled

Compilation events (10 events):
Event: 19.798 Thread 0x000000001497c000 2168       2       java.lang.Integer::bitCount (49 bytes)
Event: 19.799 Thread 0x000000001497c000 nmethod 2168 0x00000000025d8410 code [0x00000000025d8560, 0x00000000025d86d0]
Event: 19.878 Thread 0x000000001497c000 2171       3       com.android.dx.ssa.back.FirstFitLocalCombiningAllocator::handleCheckCastResults (413 bytes)
Event: 19.883 Thread 0x000000001497c000 nmethod 2171 0x00000000025a2bd0 code [0x00000000025a3160, 0x00000000025a6df8]
Event: 19.894 Thread 0x000000001497c000 2172       2       com.android.dx.cf.code.SwitchList::<init> (37 bytes)
Event: 19.895 Thread 0x000000001497c000 nmethod 2172 0x00000000027fb8d0 code [0x00000000027fba40, 0x00000000027fbcf8]
Event: 19.895 Thread 0x000000001497c000 2174       2       com.android.dx.cf.code.SwitchList::removeSuperfluousDefaults (149 bytes)
Event: 19.895 Thread 0x000000001497c000 nmethod 2174 0x00000000024abf10 code [0x00000000024ac100, 0x00000000024ac618]
Event: 19.895 Thread 0x000000001497c000 2173       2       com.android.dx.cf.code.SwitchList::setDefaultTarget (51 bytes)
Event: 19.896 Thread 0x000000001497c000 nmethod 2173 0x0000000002bb2650 code [0x0000000002bb2800, 0x0000000002bb2b98]

GC Heap History (10 events):
Event: 7.536 GC heap after
Heap after GC invocations=2 (full 0):
 PSYoungGen      total 35328K, used 2528K [0x00000000eab00000, 0x00000000ed000000, 0x0000000100000000)
  eden space 32768K, 0% used [0x00000000eab00000,0x00000000eab00000,0x00000000ecb00000)
  from space 2560K, 98% used [0x00000000ecd80000,0x00000000ecff8018,0x00000000ed000000)
  to   space 2560K, 0% used [0x00000000ecb00000,0x00000000ecb00000,0x00000000ecd80000)
 ParOldGen       total 44032K, used 1733K [0x00000000c0000000, 0x00000000c2b00000, 0x00000000eab00000)
  object space 44032K, 3% used [0x00000000c0000000,0x00000000c01b1488,0x00000000c2b00000)
 Metaspace       used 6055K, capacity 6960K, committed 7040K, reserved 1056768K
  class space    used 598K, capacity 616K, committed 640K, reserved 1048576K
}
Event: 9.635 GC heap before
{Heap before GC invocations=3 (full 0):
 PSYoungGen      total 35328K, used 35296K [0x00000000eab00000, 0x00000000ed000000, 0x0000000100000000)
  eden space 32768K, 100% used [0x00000000eab00000,0x00000000ecb00000,0x00000000ecb00000)
  from space 2560K, 98% used [0x00000000ecd80000,0x00000000ecff8018,0x00000000ed000000)
  to   space 2560K, 0% used [0x00000000ecb00000,0x00000000ecb00000,0x00000000ecd80000)
 ParOldGen       total 44032K, used 1733K [0x00000000c0000000, 0x00000000c2b00000, 0x00000000eab00000)
  object space 44032K, 3% used [0x00000000c0000000,0x00000000c01b1488,0x00000000c2b00000)
 Metaspace       used 6203K, capacity 7088K, committed 7296K, reserved 1056768K
  class space    used 599K, capacity 616K, committed 640K, reserved 1048576K
Event: 9.736 GC heap after
Heap after GC invocations=3 (full 0):
 PSYoungGen      total 35328K, used 2544K [0x00000000eab00000, 0x00000000ef000000, 0x0000000100000000)
  eden space 32768K, 0% used [0x00000000eab00000,0x00000000eab00000,0x00000000ecb00000)
  from space 2560K, 99% used [0x00000000ecb00000,0x00000000ecd7c038,0x00000000ecd80000)
  to   space 2560K, 0% used [0x00000000eed80000,0x00000000eed80000,0x00000000ef000000)
 ParOldGen       total 44032K, used 6738K [0x00000000c0000000, 0x00000000c2b00000, 0x00000000eab00000)
  object space 44032K, 15% used [0x00000000c0000000,0x00000000c0694be0,0x00000000c2b00000)
 Metaspace       used 6203K, capacity 7088K, committed 7296K, reserved 1056768K
  class space    used 599K, capacity 616K, committed 640K, reserved 1048576K
}
Event: 11.817 GC heap before
{Heap before GC invocations=4 (full 0):
 PSYoungGen      total 35328K, used 35312K [0x00000000eab00000, 0x00000000ef000000, 0x0000000100000000)
  eden space 32768K, 100% used [0x00000000eab00000,0x00000000ecb00000,0x00000000ecb00000)
  from space 2560K, 99% used [0x00000000ecb00000,0x00000000ecd7c038,0x00000000ecd80000)
  to   space 2560K, 0% used [0x00000000eed80000,0x00000000eed80000,0x00000000ef000000)
 ParOldGen       total 44032K, used 6738K [0x00000000c0000000, 0x00000000c2b00000, 0x00000000eab00000)
  object space 44032K, 15% used [0x00000000c0000000,0x00000000c0694be0,0x00000000c2b00000)
 Metaspace       used 6284K, capacity 7088K, committed 7296K, reserved 1056768K
  class space    used 599K, capacity 616K, committed 640K, reserved 1048576K
Event: 12.112 GC heap after
Heap after GC invocations=4 (full 0):
 PSYoungGen      total 68096K, used 2560K [0x00000000eab00000, 0x00000000ef000000, 0x0000000100000000)
  eden space 65536K, 0% used [0x00000000eab00000,0x00000000eab00000,0x00000000eeb00000)
  from space 2560K, 100% used [0x00000000eed80000,0x00000000ef000000,0x00000000ef000000)
  to   space 2560K, 0% used [0x00000000eeb00000,0x00000000eeb00000,0x00000000eed80000)
 ParOldGen       total 44032K, used 12056K [0x00000000c0000000, 0x00000000c2b00000, 0x00000000eab00000)
  object space 44032K, 27% used [0x00000000c0000000,0x00000000c0bc6350,0x00000000c2b00000)
 Metaspace       used 6284K, capacity 7088K, committed 7296K, reserved 1056768K
  class space    used 599K, capacity 616K, committed 640K, reserved 1048576K
}
Event: 15.818 GC heap before
{Heap before GC invocations=5 (full 0):
 PSYoungGen      total 68096K, used 68096K [0x00000000eab00000, 0x00000000ef000000, 0x0000000100000000)
  eden space 65536K, 100% used [0x00000000eab00000,0x00000000eeb00000,0x00000000eeb00000)
  from space 2560K, 100% used [0x00000000eed80000,0x00000000ef000000,0x00000000ef000000)
  to   space 2560K, 0% used [0x00000000eeb00000,0x00000000eeb00000,0x00000000eed80000)
 ParOldGen       total 44032K, used 12056K [0x00000000c0000000, 0x00000000c2b00000, 0x00000000eab00000)
  object space 44032K, 27% used [0x00000000c0000000,0x00000000c0bc6350,0x00000000c2b00000)
 Metaspace       used 6343K, capacity 7088K, committed 7296K, reserved 1056768K
  class space    used 600K, capacity 616K, committed 640K, reserved 1048576K
Event: 16.220 GC heap after
Heap after GC invocations=5 (full 0):
 PSYoungGen      total 68096K, used 2528K [0x00000000eab00000, 0x00000000f4c00000, 0x0000000100000000)
  eden space 65536K, 0% used [0x00000000eab00000,0x00000000eab00000,0x00000000eeb00000)
  from space 2560K, 98% used [0x00000000eeb00000,0x00000000eed78010,0x00000000eed80000)
  to   space 16896K, 0% used [0x00000000f3b80000,0x00000000f3b80000,0x00000000f4c00000)
 ParOldGen       total 44032K, used 26090K [0x00000000c0000000, 0x00000000c2b00000, 0x00000000eab00000)
  object space 44032K, 59% used [0x00000000c0000000,0x00000000c197a8b8,0x00000000c2b00000)
 Metaspace       used 6343K, capacity 7088K, committed 7296K, reserved 1056768K
  class space    used 600K, capacity 616K, committed 640K, reserved 1048576K
}
Event: 18.924 GC heap before
{Heap before GC invocations=6 (full 0):
 PSYoungGen      total 68096K, used 68064K [0x00000000eab00000, 0x00000000f4c00000, 0x0000000100000000)
  eden space 65536K, 100% used [0x00000000eab00000,0x00000000eeb00000,0x00000000eeb00000)
  from space 2560K, 98% used [0x00000000eeb00000,0x00000000eed78010,0x00000000eed80000)
  to   space 16896K, 0% used [0x00000000f3b80000,0x00000000f3b80000,0x00000000f4c00000)
 ParOldGen       total 44032K, used 26090K [0x00000000c0000000, 0x00000000c2b00000, 0x00000000eab00000)
  object space 44032K, 59% used [0x00000000c0000000,0x00000000c197a8b8,0x00000000c2b00000)
 Metaspace       used 6415K, capacity 7152K, committed 7296K, reserved 1056768K
  class space    used 600K, capacity 616K, committed 640K, reserved 1048576K
Event: 19.115 GC heap after
Heap after GC invocations=6 (full 0):
 PSYoungGen      total 144896K, used 15946K [0x00000000eab00000, 0x00000000f5200000, 0x0000000100000000)
  eden space 128000K, 0% used [0x00000000eab00000,0x00000000eab00000,0x00000000f2800000)
  from space 16896K, 94% used [0x00000000f3b80000,0x00000000f4b128a0,0x00000000f4c00000)
  to   space 19968K, 0% used [0x00000000f2800000,0x00000000f2800000,0x00000000f3b80000)
 ParOldGen       total 44032K, used 26098K [0x00000000c0000000, 0x00000000c2b00000, 0x00000000eab00000)
  object space 44032K, 59% used [0x00000000c0000000,0x00000000c197c8b8,0x00000000c2b00000)
 Metaspace       used 6415K, capacity 7152K, committed 7296K, reserved 1056768K
  class space    used 600K, capacity 616K, committed 640K, reserved 1048576K
}
Event: 19.967 GC heap before
{Heap before GC invocations=7 (full 0):
 PSYoungGen      total 144896K, used 143946K [0x00000000eab00000, 0x00000000f5200000, 0x0000000100000000)
  eden space 128000K, 100% used [0x00000000eab00000,0x00000000f2800000,0x00000000f2800000)
  from space 16896K, 94% used [0x00000000f3b80000,0x00000000f4b128a0,0x00000000f4c00000)
  to   space 19968K, 0% used [0x00000000f2800000,0x00000000f2800000,0x00000000f3b80000)
 ParOldGen       total 44032K, used 26098K [0x00000000c0000000, 0x00000000c2b00000, 0x00000000eab00000)
  object space 44032K, 59% used [0x00000000c0000000,0x00000000c197c8b8,0x00000000c2b00000)
 Metaspace       used 6437K, capacity 7152K, committed 7296K, reserved 1056768K
  class space    used 600K, capacity 616K, committed 640K, reserved 1048576K

Deoptimization events (10 events):
Event: 15.187 Thread 0x00000000164f0800 Uncommon trap: reason=bimorphic action=maybe_recompile pc=0x0000000002aad154 method=com.android.dx.cf.code.BytecodeArray.parseInstruction(ILcom/android/dx/cf/code/BytecodeArray$Visitor;)I @ 2135
Event: 15.187 Thread 0x00000000164f0800 Uncommon trap: reason=bimorphic action=maybe_recompile pc=0x0000000002aad154 method=com.android.dx.cf.code.BytecodeArray.parseInstruction(ILcom/android/dx/cf/code/BytecodeArray$Visitor;)I @ 2135
Event: 15.188 Thread 0x00000000164f0800 Uncommon trap: reason=bimorphic action=maybe_recompile pc=0x0000000002aad154 method=com.android.dx.cf.code.BytecodeArray.parseInstruction(ILcom/android/dx/cf/code/BytecodeArray$Visitor;)I @ 2135
Event: 17.981 Thread 0x0000000002150800 Uncommon trap: reason=unloaded action=reinterpret pc=0x0000000002a1768c method=com.android.dx.cf.cst.ConstantPoolParser.parse0(ILjava/util/BitSet;)Lcom/android/dx/rop/cst/Constant; @ 220
Event: 18.902 Thread 0x00000000164f0800 Uncommon trap: reason=bimorphic action=maybe_recompile pc=0x0000000002b57620 method=com.android.dx.cf.code.BytecodeArray.parseInstruction(ILcom/android/dx/cf/code/BytecodeArray$Visitor;)I @ 2281
Event: 18.902 Thread 0x00000000164f0800 Uncommon trap: reason=bimorphic action=maybe_recompile pc=0x0000000002b57620 method=com.android.dx.cf.code.BytecodeArray.parseInstruction(ILcom/android/dx/cf/code/BytecodeArray$Visitor;)I @ 2281
Event: 19.274 Thread 0x00000000164ea000 Uncommon trap: reason=unstable_if action=reinterpret pc=0x0000000002acdbf0 method=com.android.dx.dex.code.RopTranslator.pickOrder()V @ 130
Event: 19.780 Thread 0x00000000164ef800 Uncommon trap: reason=unstable_if action=reinterpret pc=0x0000000002af4c9c method=com.android.dx.ssa.PhiTypeResolver.resolveResultType(Lcom/android/dx/ssa/PhiInsn;)Z @ 64
Event: 19.782 Thread 0x00000000164ef800 Uncommon trap: reason=bimorphic action=maybe_recompile pc=0x00000000028e78f0 method=com.android.dx.cf.code.BytecodeArray.parseInstruction(ILcom/android/dx/cf/code/BytecodeArray$Visitor;)I @ 907
Event: 19.782 Thread 0x00000000164ef800 Uncommon trap: reason=bimorphic action=maybe_recompile pc=0x00000000028e78f0 method=com.android.dx.cf.code.BytecodeArray.parseInstruction(ILcom/android/dx/cf/code/BytecodeArray$Visitor;)I @ 907

Internal exceptions (4 events):
Event: 0.112 Thread 0x0000000002150800 Exception <a 'java/lang/NoSuchMethodError': Method sun.misc.Unsafe.defineClass(Ljava/lang/String;[BII)Ljava/lang/Class; name or signature does not match> (0x00000000eab0d8a0) thrown at [C:\re\workspace\8-2-build-windows-amd64-cygwin\jdk8u66\5298\hotspot\srqÌ„¾¼?
Event: 0.112 Thread 0x0000000002150800 Exception <a 'java/lang/NoSuchMethodError': Method sun.misc.Unsafe.prefetchRead(Ljava/lang/Object;J)V name or signature does not match> (0x00000000eab0db88) thrown at [C:\re\workspace\8-2-build-windows-amd64-cygwin\jdk8u66\5298\hotspot\src\share\vm\prims\j&«L¶ @
Event: 8.356 Thread 0x00000000164f0800 Implicit null exception at 0x00000000026df922 to 0x00000000026dfa1a
Event: 19.780 Thread 0x00000000164ef800 Implicit null exception at 0x0000000002af331d to 0x0000000002af4c53

Events (10 events):
Event: 19.780 Thread 0x00000000164ef800 DEOPT UNPACKING pc=0x000000000229582a sp=0x000000001737e8b0 mode 2
Event: 19.782 Thread 0x00000000164ef800 Uncommon trap: trap_request=0xffffffc6 fr.pc=0x00000000028e78f0
Event: 19.782 Thread 0x00000000164ef800 DEOPT PACKING pc=0x00000000028e78f0 sp=0x000000001737e730
Event: 19.782 Thread 0x00000000164ef800 DEOPT UNPACKING pc=0x000000000229582a sp=0x000000001737e6b8 mode 2
Event: 19.782 Thread 0x00000000164ef800 Uncommon trap: trap_request=0xffffffc6 fr.pc=0x00000000028e78f0
Event: 19.782 Thread 0x00000000164ef800 DEOPT PACKING pc=0x00000000028e78f0 sp=0x000000001737e590
Event: 19.782 Thread 0x00000000164ef800 DEOPT UNPACKING pc=0x000000000229582a sp=0x000000001737e518 mode 2
Event: 19.878 Thread 0x00000000164f1000 DEOPT PACKING pc=0x000000000277af63 sp=0x000000001757eb40
Event: 19.878 Thread 0x00000000164f1000 DEOPT UNPACKING pc=0x000000000229787f sp=0x000000001757e890 mode 0
Event: 19.919 Executing VM operation: ParallelGCFailedAllocation


Dynamic libraries:
0x00007ff719e50000 - 0x00007ff719e87000 	C:\Program Files\Java\jdk1.8.0_66\bin\java.exe
0x00007ffe06600000 - 0x00007ffe067c1000 	C:\Windows\SYSTEM32\ntdll.dll
0x00007ffe03c00000 - 0x00007ffe03cad000 	C:\Windows\system32\KERNEL32.DLL
0x00007ffe03670000 - 0x00007ffe03858000 	C:\Windows\system32\KERNELBASE.dll
0x00007ffe06110000 - 0x00007ffe061b7000 	C:\Windows\system32\ADVAPI32.dll
0x00007ffe06560000 - 0x00007ffe065fd000 	C:\Windows\system32\msvcrt.dll
0x00007ffe05d50000 - 0x00007ffe05dab000 	C:\Windows\system32\sechost.dll
0x00007ffe03ae0000 - 0x00007ffe03bfc000 	C:\Windows\system32\RPCRT4.dll
0x00007ffe05210000 - 0x00007ffe05366000 	C:\Windows\system32\USER32.dll
0x00007ffe059d0000 - 0x00007ffe05b56000 	C:\Windows\system32\GDI32.dll
0x00007ffdf6780000 - 0x00007ffdf69f4000 	C:\Windows\WinSxS\amd64_microsoft.windows.common-controls_6595b64144ccf1df_6.0.10586.0_none_8c15ae12515e1c22\COMCTL32.dll
0x00007ffe05db0000 - 0x00007ffe0602d000 	C:\Windows\system32\combase.dll
0x00007ffe035e0000 - 0x00007ffe0364a000 	C:\Windows\system32\bcryptPrimitives.dll
0x00007ffe05b60000 - 0x00007ffe05b9b000 	C:\Windows\system32\IMM32.DLL
0x000000006bd70000 - 0x000000006be42000 	C:\Program Files\Java\jdk1.8.0_66\jre\bin\msvcr100.dll
0x000000006c3a0000 - 0x000000006cc29000 	C:\Program Files\Java\jdk1.8.0_66\jre\bin\server\jvm.dll
0x00007ffe060a0000 - 0x00007ffe060a8000 	C:\Windows\system32\PSAPI.DLL
0x00007ffdff5f0000 - 0x00007ffdff5f9000 	C:\Windows\SYSTEM32\WSOCK32.dll
0x00007ffe06030000 - 0x00007ffe0609b000 	C:\Windows\system32\WS2_32.dll
0x00007ffe00e50000 - 0x00007ffe00e73000 	C:\Windows\SYSTEM32\WINMM.dll
0x00007ffdf5e50000 - 0x00007ffdf5e5a000 	C:\Windows\SYSTEM32\VERSION.dll
0x00007ffe00df0000 - 0x00007ffe00e1c000 	C:\Windows\SYSTEM32\WINMMBASE.dll
0x00007ffe039b0000 - 0x00007ffe039f3000 	C:\Windows\system32\cfgmgr32.dll
0x000000006c390000 - 0x000000006c39f000 	C:\Program Files\Java\jdk1.8.0_66\jre\bin\verify.dll
0x000000006c360000 - 0x000000006c389000 	C:\Program Files\Java\jdk1.8.0_66\jre\bin\java.dll
0x000000006c340000 - 0x000000006c356000 	C:\Program Files\Java\jdk1.8.0_66\jre\bin\zip.dll
0x00007ffe03cb0000 - 0x00007ffe0520c000 	C:\Windows\system32\SHELL32.dll
0x00007ffe02f90000 - 0x00007ffe035d4000 	C:\Windows\system32\windows.storage.dll
0x00007ffe06290000 - 0x00007ffe062e2000 	C:\Windows\system32\shlwapi.dll
0x00007ffe02c50000 - 0x00007ffe02c5f000 	C:\Windows\system32\kernel.appcore.dll
0x00007ffe038f0000 - 0x00007ffe039a5000 	C:\Windows\system32\shcore.dll
0x00007ffe02c60000 - 0x00007ffe02cab000 	C:\Windows\system32\powrprof.dll
0x00007ffe02c30000 - 0x00007ffe02c44000 	C:\Windows\system32\profapi.dll

VM Arguments:
jvm_args: -Djava.awt.headless=true -Xmx1024M -Dfile.encoding=windows-1252 -Duser.country=IT -Duser.language=it -Duser.variant 
java_command: com.android.dx.command.Main --dex --force-jumbo --num-threads=4 --multi-dex --output C:\Users\Davide\AndroidStudioProjects\MioMeteo\app\build\intermediates\transforms\dex\debug\folders\1000\10\com.google.android.gms-play-services-basement-9.0.0_ebe13ac9b3eaae77ffc08cf165ae5845375bf02f C:\Users\Davide\AndroidStudioProjects\MioMeteo\app\build\intermediates\exploded-aar\com.google.android.gms\play-services-basement\9.0.0\jars\classes.jar
java_class_path (initial): C:\Users\Davide\AppData\Local\Android\sdk\build-tools\23.0.3\lib\dx.jar
Launcher Type: SUN_STANDARD

Environment Variables:
PATH=C:\ProgramData\Oracle\Java\javapath;C:\Program Files (x86)\Intel\iCLS Client\;C:\Program Files\Intel\iCLS Client\;C:\Windows\system32;C:\Windows;C:\Windows\System32\Wbem;C:\Windows\System32\WindowsPowerShell\v1.0\;c:\Program Files\Intel\WiFi\bin\;c:\Program Files\Common Files\Intel\WirelessCommon\;C:\Program Files\Intel\Intel(R) Management Engine Components\DAL;C:\Program Files (x86)\Intel\Intel(R) Management Engine Components\DAL;C:\Program Files\Intel\Intel(R) Management Engine Components\IPT;C:\Program Files (x86)\Intel\Intel(R) Management Engine Components\IPT;C:\Program Files\Hewlett-Packard\SimplePass\;C:\Program Files\Java\jdk1.8.0_66\bin;C:\Program Files\TortoiseSVN\bin;C:\Program Files (x86)\MySQL\MySQL Fabric 1.5 & MySQL Utilities 1.5\;C:\Program Files (x86)\MySQL\MySQL Fabric 1.5 & MySQL Utilities 1.5\Doctrine extensions for PHP\;C:\Program Files (x86)\Skype\Phone\
USERNAME=Davide
OS=Windows_NT
PROCESSOR_IDENTIFIER=Intel64 Family 6 Model 61 Stepping 4, GenuineIntel



---------------  S Y S T E M  ---------------

OS: Windows 10.0 , 64 bit Build 10586 (10.0.10586.0)

CPU:total 4 (2 cores per cpu, 2 threads per core) family 6 model 61 stepping 4, cmov, cx8, fxsr, mmx, sse, sse2, sse3, ssse3, sse4.1, sse4.2, popcnt, avx, avx2, aes, clmul, erms, 3dnowpref, lzcnt, ht, tsc, tscinvbit, bmi1, bmi2, adx

Memory: 4k page, physical 4109328k(93996k free), swap 5157904k(5340k free)

vm_info: Java HotSpot(TM) 64-Bit Server VM (25.66-b18) for windows-amd64 JRE (1.8.0_66-b18), built on Nov  9 2015 10:51:13 by "java_re" with MS VC++ 10.0 (VS2010)

time: Sun May 22 21:41:37 2016
elapsed time: 20 seconds (0d 0h 0m 20s)

