#
# There is insufficient memory for the Java Runtime Environment to continue.
# Native memory allocation (malloc) failed to allocate 1586176 bytes for Chunk::new
# Possible reasons:
#   The system is out of physical RAM or swap space
#   In 32 bit mode, the process size limit was hit
# Possible solutions:
#   Reduce memory load on the system
#   Increase physical memory or swap space
#   Check if swap backing store is full
#   Use 64 bit Java on a 64 bit OS
#   Decrease Java heap size (-Xmx/-Xms)
#   Decrease number of Java threads
#   Decrease Java thread stack sizes (-Xss)
#   Set larger code cache with -XX:ReservedCodeCacheSize=
# This output file may be truncated or incomplete.
#
#  Out of Memory Error (allocation.cpp:390), pid=7692, tid=3796
#
# JRE version: Java(TM) SE Runtime Environment (8.0_66-b18) (build 1.8.0_66-b18)
# Java VM: Java HotSpot(TM) 64-Bit Server VM (25.66-b18 mixed mode windows-amd64 compressed oops)
# Failed to write core dump. Minidumps are not enabled by default on client versions of Windows
#

---------------  T H R E A D  ---------------

Current thread (0x0000000015400000):  JavaThread "C2 CompilerThread1" daemon [_thread_in_native, id=3796, stack(0x0000000016b60000,0x0000000016c60000)]

Stack: [0x0000000016b60000,0x0000000016c60000]
[error occurred during error reporting (printing stack bounds), id 0xc0000005]

Native frames: (J=compiled Java code, j=interpreted, Vv=VM code, C=native code)


Current CompileTask:
C2:   1773 1465   !   4       com.android.dx.cf.cst.ConstantPoolParser::parse0 (731 bytes)


---------------  P R O C E S S  ---------------

Java Threads: ( => current thread )
  0x0000000016fed000 JavaThread "pool-1-thread-4" [_thread_blocked, id=7324, stack(0x0000000017760000,0x0000000017860000)]
  0x0000000016fec000 JavaThread "pool-1-thread-3" [_thread_in_Java, id=4240, stack(0x0000000017660000,0x0000000017760000)]
  0x0000000016ffe000 JavaThread "pool-1-thread-2" [_thread_in_Java, id=6260, stack(0x0000000017560000,0x0000000017660000)]
  0x0000000016fb9000 JavaThread "pool-2-thread-1" [_thread_blocked, id=5664, stack(0x0000000017460000,0x0000000017560000)]
  0x0000000016fb8000 JavaThread "pool-1-thread-1" [_thread_in_Java, id=3808, stack(0x0000000017360000,0x0000000017460000)]
  0x0000000016d65800 JavaThread "Service Thread" daemon [_thread_blocked, id=4344, stack(0x0000000017160000,0x0000000017260000)]
  0x0000000015459000 JavaThread "C1 CompilerThread2" daemon [_thread_blocked, id=6256, stack(0x0000000016c60000,0x0000000016d60000)]
=>0x0000000015400000 JavaThread "C2 CompilerThread1" daemon [_thread_in_native, id=3796, stack(0x0000000016b60000,0x0000000016c60000)]
  0x00000000153fd000 JavaThread "C2 CompilerThread0" daemon [_thread_in_native, id=4212, stack(0x0000000016a60000,0x0000000016b60000)]
  0x00000000153fb000 JavaThread "Attach Listener" daemon [_thread_blocked, id=4060, stack(0x0000000016960000,0x0000000016a60000)]
  0x00000000153fa000 JavaThread "Signal Dispatcher" daemon [_thread_blocked, id=7200, stack(0x0000000016860000,0x0000000016960000)]
  0x0000000002d26000 JavaThread "Finalizer" daemon [_thread_blocked, id=8072, stack(0x0000000016660000,0x0000000016760000)]
  0x0000000002d1d000 JavaThread "Reference Handler" daemon [_thread_blocked, id=5792, stack(0x0000000016560000,0x0000000016660000)]
  0x0000000002c30800 JavaThread "main" [_thread_blocked, id=7652, stack(0x0000000002a60000,0x0000000002b60000)]

Other Threads:
  0x00000000153c8000 VMThread [stack: 0x0000000016460000,0x0000000016560000] [id=7972]
  0x0000000016d82800 WatcherThread [stack: 0x0000000017260000,0x0000000017360000] [id=7388]

VM state:synchronizing (normal execution)

VM Mutex/Monitor currently owned by a thread:  ([mutex/lock_event])
[0x0000000002c2cc30] Safepoint_lock - owner thread: 0x00000000153c8000
[0x0000000002c2c330] Threads_lock - owner thread: 0x00000000153c8000
[0x0000000002c2c9b0] Heap_lock - owner thread: 0x0000000002c30800

Heap:
 PSYoungGen      total 18944K, used 18912K [0x00000000eab00000, 0x00000000ec000000, 0x0000000100000000)
  eden space 16384K, 100% used [0x00000000eab00000,0x00000000ebb00000,0x00000000ebb00000)
  from space 2560K, 98% used [0x00000000ebb00000,0x00000000ebd78018,0x00000000ebd80000)
  to   space 2560K, 0% used [0x00000000ebd80000,0x00000000ebd80000,0x00000000ec000000)
 ParOldGen       total 44032K, used 4639K [0x00000000c0000000, 0x00000000c2b00000, 0x00000000eab00000)
  object space 44032K, 10% used [0x00000000c0000000,0x00000000c0487ff8,0x00000000c2b00000)
 Metaspace       used 6254K, capacity 7152K, committed 7296K, reserved 1056768K
  class space    used 601K, capacity 616K, committed 640K, reserved 1048576K

Card table byte_map: [0x00000000120f0000,0x0000000012300000] byte_map_base: 0x0000000011af0000

Marking Bits: (ParMarkBitMap*) 0x000000006c10a5b0
 Begin Bits: [0x0000000012860000, 0x0000000013860000)
 End Bits:   [0x0000000013860000, 0x0000000014860000)

Polling page: 0x00000000012c0000

CodeCache: size=245760Kb used=6225Kb max_used=6225Kb free=239534Kb
 bounds [0x0000000002d30000, 0x0000000003350000, 0x0000000011d30000]
 total_blobs=1835 nmethods=1566 adapters=182
 compilation: enabled

Compilation events (10 events):
Event: 1.764 Thread 0x0000000015459000 1579       3       com.android.dx.util.Hex::u2 (44 bytes)
Event: 1.765 Thread 0x0000000015459000 nmethod 1579 0x0000000003347350 code [0x0000000003347500, 0x0000000003347b78]
Event: 1.765 Thread 0x0000000015459000 1580       3       java.util.concurrent.ThreadPoolExecutor$Worker::unlock (7 bytes)
Event: 1.766 Thread 0x0000000015459000 nmethod 1580 0x0000000003347e50 code [0x0000000003347fe0, 0x0000000003348508]
Event: 1.766 Thread 0x0000000015459000 1581       3       java.util.concurrent.ThreadPoolExecutor$Worker::tryRelease (12 bytes)
Event: 1.766 Thread 0x0000000015459000 nmethod 1581 0x00000000033486d0 code [0x0000000003348840, 0x0000000003348b70]
Event: 1.766 Thread 0x0000000015459000 1582       3       java.util.concurrent.ThreadPoolExecutor$Worker::lock (6 bytes)
Event: 1.767 Thread 0x0000000015459000 nmethod 1582 0x0000000003348c50 code [0x0000000003348e00, 0x00000000033495a8]
Event: 1.767 Thread 0x0000000015459000 1583       1       com.android.dx.dex.file.ClassDefItem::getThisClass (5 bytes)
Event: 1.767 Thread 0x0000000015459000 nmethod 1583 0x0000000003349810 code [0x0000000003349960, 0x0000000003349a70]

GC Heap History (6 events):
Event: 0.603 GC heap before
{Heap before GC invocations=1 (full 0):
 PSYoungGen      total 18944K, used 16384K [0x00000000eab00000, 0x00000000ec000000, 0x0000000100000000)
  eden space 16384K, 100% used [0x00000000eab00000,0x00000000ebb00000,0x00000000ebb00000)
  from space 2560K, 0% used [0x00000000ebd80000,0x00000000ebd80000,0x00000000ec000000)
  to   space 2560K, 0% used [0x00000000ebb00000,0x00000000ebb00000,0x00000000ebd80000)
 ParOldGen       total 44032K, used 0K [0x00000000c0000000, 0x00000000c2b00000, 0x00000000eab00000)
  object space 44032K, 0% used [0x00000000c0000000,0x00000000c0000000,0x00000000c2b00000)
 Metaspace       used 5442K, capacity 6448K, committed 6528K, reserved 1056768K
  class space    used 590K, capacity 616K, committed 640K, reserved 1048576K
Event: 0.608 GC heap after
Heap after GC invocations=1 (full 0):
 PSYoungGen      total 18944K, used 2531K [0x00000000eab00000, 0x00000000ec000000, 0x0000000100000000)
  eden space 16384K, 0% used [0x00000000eab00000,0x00000000eab00000,0x00000000ebb00000)
  from space 2560K, 98% used [0x00000000ebb00000,0x00000000ebd78e60,0x00000000ebd80000)
  to   space 2560K, 0% used [0x00000000ebd80000,0x00000000ebd80000,0x00000000ec000000)
 ParOldGen       total 44032K, used 697K [0x00000000c0000000, 0x00000000c2b00000, 0x00000000eab00000)
  object space 44032K, 1% used [0x00000000c0000000,0x00000000c00ae670,0x00000000c2b00000)
 Metaspace       used 5442K, capacity 6448K, committed 6528K, reserved 1056768K
  class space    used 590K, capacity 616K, committed 640K, reserved 1048576K
}
Event: 1.094 GC heap before
{Heap before GC invocations=2 (full 0):
 PSYoungGen      total 18944K, used 18915K [0x00000000eab00000, 0x00000000ec000000, 0x0000000100000000)
  eden space 16384K, 100% used [0x00000000eab00000,0x00000000ebb00000,0x00000000ebb00000)
  from space 2560K, 98% used [0x00000000ebb00000,0x00000000ebd78e60,0x00000000ebd80000)
  to   space 2560K, 0% used [0x00000000ebd80000,0x00000000ebd80000,0x00000000ec000000)
 ParOldGen       total 44032K, used 697K [0x00000000c0000000, 0x00000000c2b00000, 0x00000000eab00000)
  object space 44032K, 1% used [0x00000000c0000000,0x00000000c00ae670,0x00000000c2b00000)
 Metaspace       used 5917K, capacity 6832K, committed 7040K, reserved 1056768K
  class space    used 595K, capacity 616K, committed 640K, reserved 1048576K
Event: 1.104 GC heap after
Heap after GC invocations=2 (full 0):
 PSYoungGen      total 18944K, used 2535K [0x00000000eab00000, 0x00000000ec000000, 0x0000000100000000)
  eden space 16384K, 0% used [0x00000000eab00000,0x00000000eab00000,0x00000000ebb00000)
  from space 2560K, 99% used [0x00000000ebd80000,0x00000000ebff9c68,0x00000000ec000000)
  to   space 2560K, 0% used [0x00000000ebb00000,0x00000000ebb00000,0x00000000ebd80000)
 ParOldGen       total 44032K, used 2327K [0x00000000c0000000, 0x00000000c2b00000, 0x00000000eab00000)
  object space 44032K, 5% used [0x00000000c0000000,0x00000000c0245da0,0x00000000c2b00000)
 Metaspace       used 5917K, capacity 6832K, committed 7040K, reserved 1056768K
  class space    used 595K, capacity 616K, committed 640K, reserved 1048576K
}
Event: 1.515 GC heap before
{Heap before GC invocations=3 (full 0):
 PSYoungGen      total 18944K, used 18919K [0x00000000eab00000, 0x00000000ec000000, 0x0000000100000000)
  eden space 16384K, 100% used [0x00000000eab00000,0x00000000ebb00000,0x00000000ebb00000)
  from space 2560K, 99% used [0x00000000ebd80000,0x00000000ebff9c68,0x00000000ec000000)
  to   space 2560K, 0% used [0x00000000ebb00000,0x00000000ebb00000,0x00000000ebd80000)
 ParOldGen       total 44032K, used 2327K [0x00000000c0000000, 0x00000000c2b00000, 0x00000000eab00000)
  object space 44032K, 5% used [0x00000000c0000000,0x00000000c0245da0,0x00000000c2b00000)
 Metaspace       used 6151K, capacity 7024K, committed 7296K, reserved 1056768K
  class space    used 601K, capacity 616K, committed 640K, reserved 1048576K
Event: 1.537 GC heap after
Heap after GC invocations=3 (full 0):
 PSYoungGen      total 18944K, used 2528K [0x00000000eab00000, 0x00000000ec000000, 0x0000000100000000)
  eden space 16384K, 0% used [0x00000000eab00000,0x00000000eab00000,0x00000000ebb00000)
  from space 2560K, 98% used [0x00000000ebb00000,0x00000000ebd78018,0x00000000ebd80000)
  to   space 2560K, 0% used [0x00000000ebd80000,0x00000000ebd80000,0x00000000ec000000)
 ParOldGen       total 44032K, used 4639K [0x00000000c0000000, 0x00000000c2b00000, 0x00000000eab00000)
  object space 44032K, 10% used [0x00000000c0000000,0x00000000c0487ff8,0x00000000c2b00000)
 Metaspace       used 6151K, capacity 7024K, committed 7296K, reserved 1056768K
  class space    used 601K, capacity 616K, committed 640K, reserved 1048576K
}

Deoptimization events (10 events):
Event: 0.642 Thread 0x0000000016fec000 Uncommon trap: reason=unstable_if action=reinterpret pc=0x0000000002f41db0 method=java.util.BitSet.nextSetBit(I)I @ 87
Event: 0.646 Thread 0x0000000016fec000 Uncommon trap: reason=unstable_if action=reinterpret pc=0x0000000002f4c69c method=java.util.HashMap.getNode(ILjava/lang/Object;)Ljava/util/HashMap$Node; @ 129
Event: 0.653 Thread 0x0000000016fec000 Uncommon trap: reason=class_check action=maybe_recompile pc=0x0000000002f53db0 method=com.android.dx.ssa.NormalSsaInsn.accept(Lcom/android/dx/ssa/SsaInsn$Visitor;)V @ 9
Event: 0.684 Thread 0x0000000016fec000 Uncommon trap: reason=class_check action=maybe_recompile pc=0x0000000002f53db0 method=com.android.dx.ssa.NormalSsaInsn.accept(Lcom/android/dx/ssa/SsaInsn$Visitor;)V @ 9
Event: 0.708 Thread 0x0000000016ffe000 Uncommon trap: reason=class_check action=maybe_recompile pc=0x0000000002f53db0 method=com.android.dx.ssa.NormalSsaInsn.accept(Lcom/android/dx/ssa/SsaInsn$Visitor;)V @ 9
Event: 0.708 Thread 0x0000000016ffe000 Uncommon trap: reason=class_check action=maybe_recompile pc=0x0000000002f53db0 method=com.android.dx.ssa.NormalSsaInsn.accept(Lcom/android/dx/ssa/SsaInsn$Visitor;)V @ 9
Event: 0.849 Thread 0x0000000016fb8000 Uncommon trap: reason=unstable_if action=reinterpret pc=0x0000000002fe7f5c method=com.android.dx.rop.cst.Constant.compareTo(Lcom/android/dx/rop/cst/Constant;)I @ 12
Event: 1.141 Thread 0x0000000002c30800 Uncommon trap: reason=null_check action=make_not_entrant pc=0x00000000030147d4 method=com.android.dx.ssa.SsaRenamer.getLocalForNewReg(I)Lcom/android/dx/rop/code/LocalItem; @ 19
Event: 1.141 Thread 0x0000000002c30800 Uncommon trap: reason=null_check action=make_not_entrant pc=0x0000000002ff11e8 method=com.android.dx.ssa.SsaRenamer.getLocalForNewReg(I)Lcom/android/dx/rop/code/LocalItem; @ 19
Event: 1.637 Thread 0x0000000016fed000 Uncommon trap: reason=unstable_if action=reinterpret pc=0x00000000032e79a4 method=com.android.dx.ssa.SCCP.simulateStmt(Lcom/android/dx/ssa/SsaInsn;)V @ 53

Internal exceptions (4 events):
Event: 0.057 Thread 0x0000000002c30800 Exception <a 'java/lang/NoSuchMethodError': Method sun.misc.Unsafe.defineClass(Ljava/lang/String;[BII)Ljava/lang/Class; name or signature does not match> (0x00000000eab0d6f8) thrown at [C:\re\workspace\8-2-build-windows-amd64-cygwin\jdk8u66\5298\hotspot\sr(¡ñe%­?
Event: 0.057 Thread 0x0000000002c30800 Exception <a 'java/lang/NoSuchMethodError': Method sun.misc.Unsafe.prefetchRead(Ljava/lang/Object;J)V name or signature does not match> (0x00000000eab0d9e0) thrown at [C:\re\workspace\8-2-build-windows-amd64-cygwin\jdk8u66\5298\hotspot\src\share\vm\prims\jc˜vf@ò?
Event: 1.141 Thread 0x0000000002c30800 Implicit null exception at 0x0000000003012eeb to 0x0000000003014789
Event: 1.141 Thread 0x0000000002c30800 Implicit null exception at 0x0000000002fefe91 to 0x0000000002ff11c9

Events (10 events):
Event: 1.495 loading class com/android/dx/cf/attrib/BaseAnnotations
Event: 1.495 loading class com/android/dx/cf/attrib/BaseAnnotations done
Event: 1.505 Executing VM operation: ParallelGCFailedAllocation
Event: 1.537 Executing VM operation: ParallelGCFailedAllocation done
Event: 1.636 Thread 0x0000000016fed000 Uncommon trap: trap_request=0xffffff65 fr.pc=0x00000000032e79a4
Event: 1.637 Thread 0x0000000016fed000 DEOPT PACKING pc=0x00000000032e79a4 sp=0x000000001785e700
Event: 1.637 Thread 0x0000000016fed000 DEOPT UNPACKING pc=0x0000000002d7582a sp=0x000000001785e6e8 mode 2
Event: 1.668 loading class com/android/dx/cf/code/SwitchList
Event: 1.668 loading class com/android/dx/cf/code/SwitchList done
Event: 1.768 Executing VM operation: ParallelGCFailedAllocation


Dynamic libraries:
0x00007ff7e1040000 - 0x00007ff7e1077000 	C:\Program Files\Java\jdk1.8.0_66\bin\java.exe
0x00007ffc8afc0000 - 0x00007ffc8b181000 	C:\Windows\SYSTEM32\ntdll.dll
0x00007ffc885c0000 - 0x00007ffc8866d000 	C:\Windows\system32\KERNEL32.DLL
0x00007ffc88120000 - 0x00007ffc88308000 	C:\Windows\system32\KERNELBASE.dll
0x00007ffc8a5a0000 - 0x00007ffc8a647000 	C:\Windows\system32\ADVAPI32.dll
0x00007ffc8a260000 - 0x00007ffc8a2fd000 	C:\Windows\system32\msvcrt.dll
0x00007ffc8a200000 - 0x00007ffc8a25b000 	C:\Windows\system32\sechost.dll
0x00007ffc88830000 - 0x00007ffc8894c000 	C:\Windows\system32\RPCRT4.dll
0x00007ffc88670000 - 0x00007ffc887c6000 	C:\Windows\system32\USER32.dll
0x00007ffc88b10000 - 0x00007ffc88c96000 	C:\Windows\system32\GDI32.dll
0x00007ffc7b4a0000 - 0x00007ffc7b714000 	C:\Windows\WinSxS\amd64_microsoft.windows.common-controls_6595b64144ccf1df_6.0.10586.0_none_8c15ae12515e1c22\COMCTL32.dll
0x00007ffc8a320000 - 0x00007ffc8a59d000 	C:\Windows\system32\combase.dll
0x00007ffc87840000 - 0x00007ffc878aa000 	C:\Windows\system32\bcryptPrimitives.dll
0x00007ffc887f0000 - 0x00007ffc8882b000 	C:\Windows\system32\IMM32.DLL
0x000000006b2d0000 - 0x000000006b3a2000 	C:\Program Files\Java\jdk1.8.0_66\jre\bin\msvcr100.dll
0x000000006b900000 - 0x000000006c189000 	C:\Program Files\Java\jdk1.8.0_66\jre\bin\server\jvm.dll
0x00007ffc8a310000 - 0x00007ffc8a318000 	C:\Windows\system32\PSAPI.DLL
0x00007ffc83f00000 - 0x00007ffc83f09000 	C:\Windows\SYSTEM32\WSOCK32.dll
0x00007ffc8a790000 - 0x00007ffc8a7fb000 	C:\Windows\system32\WS2_32.dll
0x00007ffc85d10000 - 0x00007ffc85d33000 	C:\Windows\SYSTEM32\WINMM.dll
0x00007ffc7a1f0000 - 0x00007ffc7a1fa000 	C:\Windows\SYSTEM32\VERSION.dll
0x00007ffc85cb0000 - 0x00007ffc85cdc000 	C:\Windows\SYSTEM32\WINMMBASE.dll
0x00007ffc87a20000 - 0x00007ffc87a63000 	C:\Windows\system32\cfgmgr32.dll
0x000000006b8f0000 - 0x000000006b8ff000 	C:\Program Files\Java\jdk1.8.0_66\jre\bin\verify.dll
0x000000006b8c0000 - 0x000000006b8e9000 	C:\Program Files\Java\jdk1.8.0_66\jre\bin\java.dll
0x000000006b8a0000 - 0x000000006b8b6000 	C:\Program Files\Java\jdk1.8.0_66\jre\bin\zip.dll
0x00007ffc88ca0000 - 0x00007ffc8a1fc000 	C:\Windows\system32\SHELL32.dll
0x00007ffc87a70000 - 0x00007ffc880b4000 	C:\Windows\system32\windows.storage.dll
0x00007ffc8af50000 - 0x00007ffc8afa2000 	C:\Windows\system32\shlwapi.dll
0x00007ffc875e0000 - 0x00007ffc875ef000 	C:\Windows\system32\kernel.appcore.dll
0x00007ffc878b0000 - 0x00007ffc87965000 	C:\Windows\system32\shcore.dll
0x00007ffc875f0000 - 0x00007ffc8763b000 	C:\Windows\system32\powrprof.dll
0x00007ffc87640000 - 0x00007ffc87654000 	C:\Windows\system32\profapi.dll

VM Arguments:
jvm_args: -Djava.awt.headless=true -Xmx1024M -Dfile.encoding=windows-1252 -Duser.country=IT -Duser.language=it -Duser.variant 
java_command: com.android.dx.command.Main --dex --num-threads=4 --output C:\Users\Davide\AndroidStudioProjects\MioMeteo\app\build\intermediates\pre-dexed\debug\internal_impl-23.4.0_ccb40db8ecd3cf978bb37c3b2c07e9999c472974.jar C:\Users\Davide\AndroidStudioProjects\MioMeteo\app\build\intermediates\exploded-aar\com.android.support\support-v4\23.4.0\jars\libs\internal_impl-23.4.0.jar
java_class_path (initial): C:\Users\Davide\AppData\Local\Android\sdk\build-tools\23.0.3\lib\dx.jar
Launcher Type: SUN_STANDARD

Environment Variables:
PATH=C:\ProgramData\Oracle\Java\javapath;C:\Program Files (x86)\Intel\iCLS Client\;C:\Program Files\Intel\iCLS Client\;C:\Windows\system32;C:\Windows;C:\Windows\System32\Wbem;C:\Windows\System32\WindowsPowerShell\v1.0\;c:\Program Files\Intel\WiFi\bin\;c:\Program Files\Common Files\Intel\WirelessCommon\;C:\Program Files\Intel\Intel(R) Management Engine Components\DAL;C:\Program Files (x86)\Intel\Intel(R) Management Engine Components\DAL;C:\Program Files\Intel\Intel(R) Management Engine Components\IPT;C:\Program Files (x86)\Intel\Intel(R) Management Engine Components\IPT;C:\Program Files\Hewlett-Packard\SimplePass\;C:\Program Files\Java\jdk1.8.0_66\bin;C:\Program Files\TortoiseSVN\bin;C:\Program Files (x86)\MySQL\MySQL Fabric 1.5 & MySQL Utilities 1.5\;C:\Program Files (x86)\MySQL\MySQL Fabric 1.5 & MySQL Utilities 1.5\Doctrine extensions for PHP\;C:\Program Files (x86)\Skype\Phone\
USERNAME=Davide
OS=Windows_NT
PROCESSOR_IDENTIFIER=Intel64 Family 6 Model 61 Stepping 4, GenuineIntel



---------------  S Y S T E M  ---------------

OS: Windows 10.0 , 64 bit Build 10586 (10.0.10586.0)

CPU:total 4 (2 cores per cpu, 2 threads per core) family 6 model 61 stepping 4, cmov, cx8, fxsr, mmx, sse, sse2, sse3, ssse3, sse4.1, sse4.2, popcnt, avx, avx2, aes, clmul, erms, 3dnowpref, lzcnt, ht, tsc, tscinvbit, bmi1, bmi2, adx

Memory: 4k page, physical 4109328k(156032k free), swap 5157904k(5480k free)

vm_info: Java HotSpot(TM) 64-Bit Server VM (25.66-b18) for windows-amd64 JRE (1.8.0_66-b18), built on Nov  9 2015 10:51:13 by "java_re" with MS VC++ 10.0 (VS2010)

time: Tue Jun 28 12:16:50 2016
elapsed time: 1 seconds (0d 0h 0m 1s)

