#
# There is insufficient memory for the Java Runtime Environment to continue.
# Native memory allocation (malloc) failed to allocate 32744 bytes for ChunkPool::allocate
# Possible reasons:
#   The system is out of physical RAM or swap space
#   In 32 bit mode, the process size limit was hit
# Possible solutions:
#   Reduce memory load on the system
#   Increase physical memory or swap space
#   Check if swap backing store is full
#   Use 64 bit Java on a 64 bit OS
#   Decrease Java heap size (-Xmx/-Xms)
#   Decrease number of Java threads
#   Decrease Java thread stack sizes (-Xss)
#   Set larger code cache with -XX:ReservedCodeCacheSize=
# This output file may be truncated or incomplete.
#
#  Out of Memory Error (allocation.cpp:273), pid=780, tid=6936
#
# JRE version: Java(TM) SE Runtime Environment (8.0_66-b18) (build 1.8.0_66-b18)
# Java VM: Java HotSpot(TM) 64-Bit Server VM (25.66-b18 mixed mode windows-amd64 compressed oops)
# Failed to write core dump. Minidumps are not enabled by default on client versions of Windows
#

---------------  T H R E A D  ---------------

Current thread (0x00000000148dd000):  JavaThread "C2 CompilerThread0" daemon [_thread_in_native, id=6936, stack(0x0000000015f30000,0x0000000016030000)]

Stack: [0x0000000015f30000,0x0000000016030000]
[error occurred during error reporting (printing stack bounds), id 0xc0000005]

Native frames: (J=compiled Java code, j=interpreted, Vv=VM code, C=native code)


Current CompileTask:
C2:  16742 2127 % !   4       com.android.dx.cf.code.Ropper::processBlock @ 290 (1101 bytes)


---------------  P R O C E S S  ---------------

Java Threads: ( => current thread )
  0x000000001648f000 JavaThread "pool-1-thread-4" [_thread_in_Java, id=3956, stack(0x0000000017430000,0x0000000017530000)]
  0x000000001648e000 JavaThread "pool-1-thread-3" [_thread_blocked, id=5668, stack(0x0000000017330000,0x0000000017430000)]
  0x00000000164c6800 JavaThread "pool-1-thread-2" [_thread_blocked, id=7392, stack(0x0000000017230000,0x0000000017330000)]
  0x00000000164c5800 JavaThread "pool-2-thread-1" [_thread_blocked, id=2508, stack(0x0000000017130000,0x0000000017230000)]
  0x00000000164c5000 JavaThread "pool-1-thread-1" [_thread_blocked, id=7080, stack(0x0000000017030000,0x0000000017130000)]
  0x0000000016232800 JavaThread "Service Thread" daemon [_thread_blocked, id=1996, stack(0x0000000016630000,0x0000000016730000)]
  0x000000001493c000 JavaThread "C1 CompilerThread2" daemon [_thread_blocked, id=5868, stack(0x0000000016130000,0x0000000016230000)]
  0x0000000014939800 JavaThread "C2 CompilerThread1" daemon [_thread_in_native, id=4120, stack(0x0000000016030000,0x0000000016130000)]
=>0x00000000148dd000 JavaThread "C2 CompilerThread0" daemon [_thread_in_native, id=6936, stack(0x0000000015f30000,0x0000000016030000)]
  0x00000000148db000 JavaThread "Attach Listener" daemon [_thread_blocked, id=5480, stack(0x0000000015e30000,0x0000000015f30000)]
  0x00000000148d9800 JavaThread "Signal Dispatcher" daemon [_thread_blocked, id=3880, stack(0x0000000015d30000,0x0000000015e30000)]
  0x0000000002200800 JavaThread "Finalizer" daemon [_thread_blocked, id=2192, stack(0x0000000015b30000,0x0000000015c30000)]
  0x00000000021fd000 JavaThread "Reference Handler" daemon [_thread_blocked, id=7184, stack(0x0000000015a30000,0x0000000015b30000)]
  0x0000000002110800 JavaThread "main" [_thread_blocked, id=3672, stack(0x0000000001f60000,0x0000000002060000)]

Other Threads:
  0x00000000148a8000 VMThread [stack: 0x0000000015930000,0x0000000015a30000] [id=3168]
  0x000000001623a800 WatcherThread [stack: 0x0000000016730000,0x0000000016830000] [id=5816]

VM state:not at safepoint (normal execution)

VM Mutex/Monitor currently owned by a thread: None

Heap:
 PSYoungGen      total 147456K, used 9756K [0x00000000eab00000, 0x00000000fe200000, 0x0000000100000000)
  eden space 128512K, 0% used [0x00000000eab00000,0x00000000eab972c0,0x00000000f2880000)
  from space 18944K, 48% used [0x00000000f2880000,0x00000000f316ff90,0x00000000f3b00000)
  to   space 30720K, 0% used [0x00000000fc400000,0x00000000fc400000,0x00000000fe200000)
 ParOldGen       total 84992K, used 43947K [0x00000000c0000000, 0x00000000c5300000, 0x00000000eab00000)
  object space 84992K, 51% used [0x00000000c0000000,0x00000000c2aeac70,0x00000000c5300000)
 Metaspace       used 6412K, capacity 7216K, committed 7296K, reserved 1056768K
  class space    used 602K, capacity 616K, committed 640K, reserved 1048576K

Card table byte_map: [0x00000000115d0000,0x00000000117e0000] byte_map_base: 0x0000000010fd0000

Marking Bits: (ParMarkBitMap*) 0x0000000061eaa5b0
 Begin Bits: [0x0000000011d40000, 0x0000000012d40000)
 End Bits:   [0x0000000012d40000, 0x0000000013d40000)

Polling page: 0x0000000000710000

CodeCache: size=245760Kb used=9450Kb max_used=9463Kb free=236309Kb
 bounds [0x0000000002210000, 0x0000000002b70000, 0x0000000011210000]
 total_blobs=2261 nmethods=1992 adapters=181
 compilation: enabled

Compilation events (10 events):
Event: 16.654 Thread 0x00000000148dd000 nmethod 2060 0x0000000002359910 code [0x0000000002359a40, 0x0000000002359af8]
Event: 16.655 Thread 0x00000000148dd000 1995       4       com.android.dx.ssa.SsaRenamer$BlockRenamer::processResultReg (56 bytes)
Event: 16.663 Thread 0x00000000148dd000 nmethod 1995 0x000000000235f7d0 code [0x000000000235f920, 0x000000000235fc08]
Event: 16.692 Thread 0x000000001493c000 2124       1       java.lang.ref.Reference::access$100 (4 bytes)
Event: 16.693 Thread 0x000000001493c000 nmethod 2124 0x0000000002994190 code [0x00000000029942e0, 0x00000000029943d0]
Event: 16.693 Thread 0x000000001493c000 2125       1       java.lang.ref.Finalizer::access$000 (4 bytes)
Event: 16.693 Thread 0x000000001493c000 nmethod 2125 0x000000000235cdd0 code [0x000000000235cf20, 0x000000000235d010]
Event: 16.697 Thread 0x00000000148dd000 2126       4       com.android.dx.rop.code.RopMethod::<init> (53 bytes)
Event: 16.698 Thread 0x00000000148dd000 nmethod 2126 0x0000000002328210 code [0x0000000002328340, 0x00000000023283f8]
Event: 16.700 Thread 0x00000000148dd000 2127 % !   4       com.android.dx.cf.code.Ropper::processBlock @ 290 (1101 bytes)

GC Heap History (10 events):
Event: 5.754 GC heap before
{Heap before GC invocations=4 (full 0):
 PSYoungGen      total 35328K, used 35306K [0x00000000eab00000, 0x00000000ef000000, 0x0000000100000000)
  eden space 32768K, 100% used [0x00000000eab00000,0x00000000ecb00000,0x00000000ecb00000)
  from space 2560K, 99% used [0x00000000ecb00000,0x00000000ecd7aab8,0x00000000ecd80000)
  to   space 2560K, 0% used [0x00000000eed80000,0x00000000eed80000,0x00000000ef000000)
 ParOldGen       total 44032K, used 7741K [0x00000000c0000000, 0x00000000c2b00000, 0x00000000eab00000)
  object space 44032K, 17% used [0x00000000c0000000,0x00000000c078f590,0x00000000c2b00000)
 Metaspace       used 6252K, capacity 7088K, committed 7296K, reserved 1056768K
  class space    used 601K, capacity 616K, committed 640K, reserved 1048576K
Event: 6.025 GC heap after
Heap after GC invocations=4 (full 0):
 PSYoungGen      total 68096K, used 2528K [0x00000000eab00000, 0x00000000ef000000, 0x0000000100000000)
  eden space 65536K, 0% used [0x00000000eab00000,0x00000000eab00000,0x00000000eeb00000)
  from space 2560K, 98% used [0x00000000eed80000,0x00000000eeff8028,0x00000000ef000000)
  to   space 2560K, 0% used [0x00000000eeb00000,0x00000000eeb00000,0x00000000eed80000)
 ParOldGen       total 44032K, used 13013K [0x00000000c0000000, 0x00000000c2b00000, 0x00000000eab00000)
  object space 44032K, 29% used [0x00000000c0000000,0x00000000c0cb54c0,0x00000000c2b00000)
 Metaspace       used 6252K, capacity 7088K, committed 7296K, reserved 1056768K
  class space    used 601K, capacity 616K, committed 640K, reserved 1048576K
}
Event: 9.704 GC heap before
{Heap before GC invocations=5 (full 0):
 PSYoungGen      total 68096K, used 68064K [0x00000000eab00000, 0x00000000ef000000, 0x0000000100000000)
  eden space 65536K, 100% used [0x00000000eab00000,0x00000000eeb00000,0x00000000eeb00000)
  from space 2560K, 98% used [0x00000000eed80000,0x00000000eeff8028,0x00000000ef000000)
  to   space 2560K, 0% used [0x00000000eeb00000,0x00000000eeb00000,0x00000000eed80000)
 ParOldGen       total 44032K, used 13013K [0x00000000c0000000, 0x00000000c2b00000, 0x00000000eab00000)
  object space 44032K, 29% used [0x00000000c0000000,0x00000000c0cb54c0,0x00000000c2b00000)
 Metaspace       used 6320K, capacity 7152K, committed 7296K, reserved 1056768K
  class space    used 601K, capacity 616K, committed 640K, reserved 1048576K
Event: 11.024 GC heap after
Heap after GC invocations=5 (full 0):
 PSYoungGen      total 68096K, used 2528K [0x00000000eab00000, 0x00000000f4b00000, 0x0000000100000000)
  eden space 65536K, 0% used [0x00000000eab00000,0x00000000eab00000,0x00000000eeb00000)
  from space 2560K, 98% used [0x00000000eeb00000,0x00000000eed78028,0x00000000eed80000)
  to   space 16384K, 0% used [0x00000000f3b00000,0x00000000f3b00000,0x00000000f4b00000)
 ParOldGen       total 44032K, used 26904K [0x00000000c0000000, 0x00000000c2b00000, 0x00000000eab00000)
  object space 44032K, 61% used [0x00000000c0000000,0x00000000c1a46328,0x00000000c2b00000)
 Metaspace       used 6320K, capacity 7152K, committed 7296K, reserved 1056768K
  class space    used 601K, capacity 616K, committed 640K, reserved 1048576K
}
Event: 13.814 GC heap before
{Heap before GC invocations=6 (full 0):
 PSYoungGen      total 68096K, used 68064K [0x00000000eab00000, 0x00000000f4b00000, 0x0000000100000000)
  eden space 65536K, 100% used [0x00000000eab00000,0x00000000eeb00000,0x00000000eeb00000)
  from space 2560K, 98% used [0x00000000eeb00000,0x00000000eed78028,0x00000000eed80000)
  to   space 16384K, 0% used [0x00000000f3b00000,0x00000000f3b00000,0x00000000f4b00000)
 ParOldGen       total 44032K, used 26904K [0x00000000c0000000, 0x00000000c2b00000, 0x00000000eab00000)
  object space 44032K, 61% used [0x00000000c0000000,0x00000000c1a46328,0x00000000c2b00000)
 Metaspace       used 6388K, capacity 7152K, committed 7296K, reserved 1056768K
  class space    used 602K, capacity 616K, committed 640K, reserved 1048576K
Event: 14.041 GC heap after
Heap after GC invocations=6 (full 0):
 PSYoungGen      total 144896K, used 14928K [0x00000000eab00000, 0x00000000f5000000, 0x0000000100000000)
  eden space 128512K, 0% used [0x00000000eab00000,0x00000000eab00000,0x00000000f2880000)
  from space 16384K, 91% used [0x00000000f3b00000,0x00000000f49940b8,0x00000000f4b00000)
  to   space 18944K, 0% used [0x00000000f2880000,0x00000000f2880000,0x00000000f3b00000)
 ParOldGen       total 44032K, used 26904K [0x00000000c0000000, 0x00000000c2b00000, 0x00000000eab00000)
  object space 44032K, 61% used [0x00000000c0000000,0x00000000c1a46328,0x00000000c2b00000)
 Metaspace       used 6388K, capacity 7152K, committed 7296K, reserved 1056768K
  class space    used 602K, capacity 616K, committed 640K, reserved 1048576K
}
Event: 15.460 GC heap before
{Heap before GC invocations=7 (full 0):
 PSYoungGen      total 144896K, used 143440K [0x00000000eab00000, 0x00000000f5000000, 0x0000000100000000)
  eden space 128512K, 100% used [0x00000000eab00000,0x00000000f2880000,0x00000000f2880000)
  from space 16384K, 91% used [0x00000000f3b00000,0x00000000f49940b8,0x00000000f4b00000)
  to   space 18944K, 0% used [0x00000000f2880000,0x00000000f2880000,0x00000000f3b00000)
 ParOldGen       total 44032K, used 26904K [0x00000000c0000000, 0x00000000c2b00000, 0x00000000eab00000)
  object space 44032K, 61% used [0x00000000c0000000,0x00000000c1a46328,0x00000000c2b00000)
 Metaspace       used 6412K, capacity 7216K, committed 7296K, reserved 1056768K
  class space    used 602K, capacity 616K, committed 640K, reserved 1048576K
Event: 15.614 GC heap after
Heap after GC invocations=7 (full 0):
 PSYoungGen      total 147456K, used 18922K [0x00000000eab00000, 0x00000000fe200000, 0x0000000100000000)
  eden space 128512K, 0% used [0x00000000eab00000,0x00000000eab00000,0x00000000f2880000)
  from space 18944K, 99% used [0x00000000f2880000,0x00000000f3afa8b0,0x00000000f3b00000)
  to   space 30720K, 0% used [0x00000000fc400000,0x00000000fc400000,0x00000000fe200000)
 ParOldGen       total 44032K, used 43149K [0x00000000c0000000, 0x00000000c2b00000, 0x00000000eab00000)
  object space 44032K, 97% used [0x00000000c0000000,0x00000000c2a236c0,0x00000000c2b00000)
 Metaspace       used 6412K, capacity 7216K, committed 7296K, reserved 1056768K
  class space    used 602K, capacity 616K, committed 640K, reserved 1048576K
}
Event: 15.614 GC heap before
{Heap before GC invocations=8 (full 1):
 PSYoungGen      total 147456K, used 18922K [0x00000000eab00000, 0x00000000fe200000, 0x0000000100000000)
  eden space 128512K, 0% used [0x00000000eab00000,0x00000000eab00000,0x00000000f2880000)
  from space 18944K, 99% used [0x00000000f2880000,0x00000000f3afa8b0,0x00000000f3b00000)
  to   space 30720K, 0% used [0x00000000fc400000,0x00000000fc400000,0x00000000fe200000)
 ParOldGen       total 44032K, used 43149K [0x00000000c0000000, 0x00000000c2b00000, 0x00000000eab00000)
  object space 44032K, 97% used [0x00000000c0000000,0x00000000c2a236c0,0x00000000c2b00000)
 Metaspace       used 6412K, capacity 7216K, committed 7296K, reserved 1056768K
  class space    used 602K, capacity 616K, committed 640K, reserved 1048576K
Event: 16.366 GC heap after
Heap after GC invocations=8 (full 1):
 PSYoungGen      total 147456K, used 9151K [0x00000000eab00000, 0x00000000fe200000, 0x0000000100000000)
  eden space 128512K, 0% used [0x00000000eab00000,0x00000000eab00000,0x00000000f2880000)
  from space 18944K, 48% used [0x00000000f2880000,0x00000000f316ff90,0x00000000f3b00000)
  to   space 30720K, 0% used [0x00000000fc400000,0x00000000fc400000,0x00000000fe200000)
 ParOldGen       total 84992K, used 43947K [0x00000000c0000000, 0x00000000c5300000, 0x00000000eab00000)
  object space 84992K, 51% used [0x00000000c0000000,0x00000000c2aeac70,0x00000000c5300000)
 Metaspace       used 6412K, capacity 7216K, committed 7296K, reserved 1056768K
  class space    used 602K, capacity 616K, committed 640K, reserved 1048576K
}

Deoptimization events (10 events):
Event: 7.740 Thread 0x000000001648e000 Uncommon trap: reason=unstable_if action=reinterpret pc=0x00000000026f960c method=com.android.dx.ssa.MoveParamCombiner$1.visitNonMoveInsn(Lcom/android/dx/ssa/NormalSsaInsn;)V @ 27
Event: 13.739 Thread 0x0000000002110800 Uncommon trap: reason=unstable_if action=reinterpret pc=0x0000000002a9858c method=com.android.dx.cf.code.Ropper.isSynchronized()Z @ 12
Event: 14.159 Thread 0x00000000164c6800 Uncommon trap: reason=bimorphic action=maybe_recompile pc=0x0000000002a0b088 method=com.android.dx.cf.code.BytecodeArray.parseInstruction(ILcom/android/dx/cf/code/BytecodeArray$Visitor;)I @ 2281
Event: 14.159 Thread 0x00000000164c6800 Uncommon trap: reason=bimorphic action=maybe_recompile pc=0x0000000002a0b088 method=com.android.dx.cf.code.BytecodeArray.parseInstruction(ILcom/android/dx/cf/code/BytecodeArray$Visitor;)I @ 2281
Event: 14.266 Thread 0x000000001648e000 Uncommon trap: reason=bimorphic action=maybe_recompile pc=0x0000000002a0b088 method=com.android.dx.cf.code.BytecodeArray.parseInstruction(ILcom/android/dx/cf/code/BytecodeArray$Visitor;)I @ 2281
Event: 14.266 Thread 0x000000001648e000 Uncommon trap: reason=bimorphic action=maybe_recompile pc=0x0000000002a0b088 method=com.android.dx.cf.code.BytecodeArray.parseInstruction(ILcom/android/dx/cf/code/BytecodeArray$Visitor;)I @ 2281
Event: 14.526 Thread 0x00000000164c5000 Uncommon trap: reason=bimorphic action=maybe_recompile pc=0x000000000280e79c method=com.android.dx.ssa.SCCP.setLatticeValueTo(IILcom/android/dx/rop/cst/Constant;)Z @ 43
Event: 15.047 Thread 0x00000000164c6800 Uncommon trap: reason=unstable_if action=reinterpret pc=0x0000000002abf194 method=com.android.dx.ssa.PhiTypeResolver.resolveResultType(Lcom/android/dx/ssa/PhiInsn;)Z @ 64
Event: 15.289 Thread 0x00000000164c6800 Uncommon trap: reason=bimorphic action=maybe_recompile pc=0x0000000002b40318 method=com.android.dx.cf.code.BytecodeArray.parseInstruction(ILcom/android/dx/cf/code/BytecodeArray$Visitor;)I @ 907
Event: 15.290 Thread 0x00000000164c6800 Uncommon trap: reason=bimorphic action=maybe_recompile pc=0x0000000002b40318 method=com.android.dx.cf.code.BytecodeArray.parseInstruction(ILcom/android/dx/cf/code/BytecodeArray$Visitor;)I @ 907

Internal exceptions (3 events):
Event: 0.052 Thread 0x0000000002110800 Exception <a 'java/lang/NoSuchMethodError': Method sun.misc.Unsafe.defineClass(Ljava/lang/String;[BII)Ljava/lang/Class; name or signature does not match> (0x00000000eab0d848) thrown at [C:\re\workspace\8-2-build-windows-amd64-cygwin\jdk8u66\5298\hotspot\sr é+â£ª?
Event: 0.052 Thread 0x0000000002110800 Exception <a 'java/lang/NoSuchMethodError': Method sun.misc.Unsafe.prefetchRead(Ljava/lang/Object;J)V name or signature does not match> (0x00000000eab0db30) thrown at [C:\re\workspace\8-2-build-windows-amd64-cygwin\jdk8u66\5298\hotspot\src\share\vm\prims\j^´7.@
Event: 15.047 Thread 0x00000000164c6800 Implicit null exception at 0x0000000002abd938 to 0x0000000002abf14b

Events (10 events):
Event: 15.280 Thread 0x00000000164c6800 DEOPT PACKING pc=0x0000000002656a31 sp=0x000000001732ed40
Event: 15.280 Thread 0x00000000164c6800 DEOPT UNPACKING pc=0x000000000225787f sp=0x000000001732ead0 mode 0
Event: 15.289 Thread 0x00000000164c6800 Uncommon trap: trap_request=0xffffffc6 fr.pc=0x0000000002b40318
Event: 15.289 Thread 0x00000000164c6800 DEOPT PACKING pc=0x0000000002b40318 sp=0x000000001732ea40
Event: 15.289 Thread 0x00000000164c6800 DEOPT UNPACKING pc=0x000000000225582a sp=0x000000001732ea08 mode 2
Event: 15.290 Thread 0x00000000164c6800 Uncommon trap: trap_request=0xffffffc6 fr.pc=0x0000000002b40318
Event: 15.290 Thread 0x00000000164c6800 DEOPT PACKING pc=0x0000000002b40318 sp=0x000000001732e8a0
Event: 15.290 Thread 0x00000000164c6800 DEOPT UNPACKING pc=0x000000000225582a sp=0x000000001732e868 mode 2
Event: 15.456 Executing VM operation: ParallelGCFailedAllocation
Event: 16.366 Executing VM operation: ParallelGCFailedAllocation done


Dynamic libraries:
0x00007ff68c3a0000 - 0x00007ff68c3d7000 	C:\Program Files\Java\jdk1.8.0_66\bin\java.exe
0x00007ffc48180000 - 0x00007ffc48341000 	C:\Windows\SYSTEM32\ntdll.dll
0x00007ffc47fa0000 - 0x00007ffc4804d000 	C:\Windows\system32\KERNEL32.DLL
0x00007ffc44830000 - 0x00007ffc44a18000 	C:\Windows\system32\KERNELBASE.dll
0x00007ffc476b0000 - 0x00007ffc47757000 	C:\Windows\system32\ADVAPI32.dll
0x00007ffc46c10000 - 0x00007ffc46cad000 	C:\Windows\system32\msvcrt.dll
0x00007ffc47f30000 - 0x00007ffc47f8b000 	C:\Windows\system32\sechost.dll
0x00007ffc45590000 - 0x00007ffc456ac000 	C:\Windows\system32\RPCRT4.dll
0x00007ffc47af0000 - 0x00007ffc47c46000 	C:\Windows\system32\USER32.dll
0x00007ffc47480000 - 0x00007ffc47606000 	C:\Windows\system32\GDI32.dll
0x00007ffc382d0000 - 0x00007ffc38544000 	C:\Windows\WinSxS\amd64_microsoft.windows.common-controls_6595b64144ccf1df_6.0.10586.0_none_8c15ae12515e1c22\COMCTL32.dll
0x00007ffc47c50000 - 0x00007ffc47ecd000 	C:\Windows\system32\combase.dll
0x00007ffc44b90000 - 0x00007ffc44bfa000 	C:\Windows\system32\bcryptPrimitives.dll
0x00007ffc47610000 - 0x00007ffc4764b000 	C:\Windows\system32\IMM32.DLL
0x0000000061070000 - 0x0000000061142000 	C:\Program Files\Java\jdk1.8.0_66\jre\bin\msvcr100.dll
0x00000000616a0000 - 0x0000000061f29000 	C:\Program Files\Java\jdk1.8.0_66\jre\bin\server\jvm.dll
0x00007ffc47f90000 - 0x00007ffc47f98000 	C:\Windows\system32\PSAPI.DLL
0x00007ffc40d70000 - 0x00007ffc40d79000 	C:\Windows\SYSTEM32\WSOCK32.dll
0x00007ffc47760000 - 0x00007ffc477cb000 	C:\Windows\system32\WS2_32.dll
0x00007ffc42f50000 - 0x00007ffc42f73000 	C:\Windows\SYSTEM32\WINMM.dll
0x00007ffc37250000 - 0x00007ffc3725a000 	C:\Windows\SYSTEM32\VERSION.dll
0x00007ffc42ef0000 - 0x00007ffc42f1c000 	C:\Windows\SYSTEM32\WINMMBASE.dll
0x00007ffc44c00000 - 0x00007ffc44c43000 	C:\Windows\system32\cfgmgr32.dll
0x0000000061690000 - 0x000000006169f000 	C:\Program Files\Java\jdk1.8.0_66\jre\bin\verify.dll
0x0000000061660000 - 0x0000000061689000 	C:\Program Files\Java\jdk1.8.0_66\jre\bin\java.dll
0x0000000061640000 - 0x0000000061656000 	C:\Program Files\Java\jdk1.8.0_66\jre\bin\zip.dll
0x00007ffc456b0000 - 0x00007ffc46c0c000 	C:\Windows\system32\SHELL32.dll
0x00007ffc44f30000 - 0x00007ffc45574000 	C:\Windows\system32\windows.storage.dll
0x00007ffc47650000 - 0x00007ffc476a2000 	C:\Windows\system32\shlwapi.dll
0x00007ffc447b0000 - 0x00007ffc447bf000 	C:\Windows\system32\kernel.appcore.dll
0x00007ffc44a20000 - 0x00007ffc44ad5000 	C:\Windows\system32\shcore.dll
0x00007ffc447e0000 - 0x00007ffc4482b000 	C:\Windows\system32\powrprof.dll
0x00007ffc447c0000 - 0x00007ffc447d4000 	C:\Windows\system32\profapi.dll

VM Arguments:
jvm_args: -Djava.awt.headless=true -Xmx1024M -Dfile.encoding=windows-1252 -Duser.country=IT -Duser.language=it -Duser.variant 
java_command: com.android.dx.command.Main --dex --num-threads=4 --output C:\Users\Davide\AndroidStudioProjects\MioMeteo\app\build\intermediates\pre-dexed\debug\com.google.android.gms-play-services-basement-9.0.0_ebe13ac9b3eaae77ffc08cf165ae5845375bf02f.jar C:\Users\Davide\AndroidStudioProjects\MioMeteo\app\build\intermediates\exploded-aar\com.google.android.gms\play-services-basement\9.0.0\jars\classes.jar
java_class_path (initial): C:\Users\Davide\AppData\Local\Android\sdk\build-tools\23.0.3\lib\dx.jar
Launcher Type: SUN_STANDARD

Environment Variables:
PATH=C:\ProgramData\Oracle\Java\javapath;C:\Program Files (x86)\Intel\iCLS Client\;C:\Program Files\Intel\iCLS Client\;C:\Windows\system32;C:\Windows;C:\Windows\System32\Wbem;C:\Windows\System32\WindowsPowerShell\v1.0\;c:\Program Files\Intel\WiFi\bin\;c:\Program Files\Common Files\Intel\WirelessCommon\;C:\Program Files\Intel\Intel(R) Management Engine Components\DAL;C:\Program Files (x86)\Intel\Intel(R) Management Engine Components\DAL;C:\Program Files\Intel\Intel(R) Management Engine Components\IPT;C:\Program Files (x86)\Intel\Intel(R) Management Engine Components\IPT;C:\Program Files\Hewlett-Packard\SimplePass\;C:\Program Files\Java\jdk1.8.0_66\bin;C:\Program Files\TortoiseSVN\bin;C:\Program Files (x86)\MySQL\MySQL Fabric 1.5 & MySQL Utilities 1.5\;C:\Program Files (x86)\MySQL\MySQL Fabric 1.5 & MySQL Utilities 1.5\Doctrine extensions for PHP\;C:\Program Files (x86)\Skype\Phone\
USERNAME=Davide
OS=Windows_NT
PROCESSOR_IDENTIFIER=Intel64 Family 6 Model 61 Stepping 4, GenuineIntel



---------------  S Y S T E M  ---------------

OS: Windows 10.0 , 64 bit Build 10586 (10.0.10586.0)

CPU:total 4 (2 cores per cpu, 2 threads per core) family 6 model 61 stepping 4, cmov, cx8, fxsr, mmx, sse, sse2, sse3, ssse3, sse4.1, sse4.2, popcnt, avx, avx2, aes, clmul, erms, 3dnowpref, lzcnt, ht, tsc, tscinvbit, bmi1, bmi2, adx

Memory: 4k page, physical 4109328k(128616k free), swap 5157904k(4132k free)

vm_info: Java HotSpot(TM) 64-Bit Server VM (25.66-b18) for windows-amd64 JRE (1.8.0_66-b18), built on Nov  9 2015 10:51:13 by "java_re" with MS VC++ 10.0 (VS2010)

time: Mon May 23 17:52:35 2016
elapsed time: 16 seconds (0d 0h 0m 16s)

