#
# There is insufficient memory for the Java Runtime Environment to continue.
# Native memory allocation (malloc) failed to allocate 291088 bytes for Chunk::new
# Possible reasons:
#   The system is out of physical RAM or swap space
#   In 32 bit mode, the process size limit was hit
# Possible solutions:
#   Reduce memory load on the system
#   Increase physical memory or swap space
#   Check if swap backing store is full
#   Use 64 bit Java on a 64 bit OS
#   Decrease Java heap size (-Xmx/-Xms)
#   Decrease number of Java threads
#   Decrease Java thread stack sizes (-Xss)
#   Set larger code cache with -XX:ReservedCodeCacheSize=
# This output file may be truncated or incomplete.
#
#  Out of Memory Error (allocation.cpp:390), pid=5832, tid=1428
#
# JRE version: Java(TM) SE Runtime Environment (8.0_66-b18) (build 1.8.0_66-b18)
# Java VM: Java HotSpot(TM) 64-Bit Server VM (25.66-b18 mixed mode windows-amd64 compressed oops)
# Failed to write core dump. Minidumps are not enabled by default on client versions of Windows
#

---------------  T H R E A D  ---------------

Current thread (0x000000001491d000):  JavaThread "C2 CompilerThread0" daemon [_thread_in_native, id=1428, stack(0x0000000015f90000,0x0000000016090000)]

Stack: [0x0000000015f90000,0x0000000016090000]
[error occurred during error reporting (printing stack bounds), id 0xc0000005]

Native frames: (J=compiled Java code, j=interpreted, Vv=VM code, C=native code)


Current CompileTask:
C2:   3201 1289 %     4       com.android.dx.ssa.SsaMethod::computeReachability @ 8 (131 bytes)


---------------  P R O C E S S  ---------------

Java Threads: ( => current thread )
  0x00000000164e1000 JavaThread "pool-2-thread-4" [_thread_in_Java, id=6240, stack(0x0000000016c90000,0x0000000016d90000)]
  0x00000000164dd000 JavaThread "pool-2-thread-3" [_thread_in_vm, id=4904, stack(0x0000000016b90000,0x0000000016c90000)]
  0x0000000016407000 JavaThread "pool-3-thread-1" [_thread_blocked, id=3412, stack(0x0000000016990000,0x0000000016a90000)]
  0x00000000162b2800 JavaThread "Service Thread" daemon [_thread_blocked, id=5044, stack(0x0000000016690000,0x0000000016790000)]
  0x0000000014973800 JavaThread "C1 CompilerThread2" daemon [_thread_in_native, id=1264, stack(0x0000000016190000,0x0000000016290000)]
  0x0000000014920000 JavaThread "C2 CompilerThread1" daemon [_thread_in_native, id=7808, stack(0x0000000016090000,0x0000000016190000)]
=>0x000000001491d000 JavaThread "C2 CompilerThread0" daemon [_thread_in_native, id=1428, stack(0x0000000015f90000,0x0000000016090000)]
  0x000000001491b000 JavaThread "Attach Listener" daemon [_thread_blocked, id=752, stack(0x0000000015e90000,0x0000000015f90000)]
  0x0000000014919800 JavaThread "Signal Dispatcher" daemon [_thread_blocked, id=6776, stack(0x0000000015d90000,0x0000000015e90000)]
  0x00000000021d6800 JavaThread "Finalizer" daemon [_thread_blocked, id=5156, stack(0x0000000015b90000,0x0000000015c90000)]
  0x00000000021ce800 JavaThread "Reference Handler" daemon [_thread_blocked, id=6296, stack(0x0000000015a90000,0x0000000015b90000)]
  0x00000000020e0800 JavaThread "main" [_thread_blocked, id=3996, stack(0x0000000001fa0000,0x00000000020a0000)]

Other Threads:
  0x00000000148e7800 VMThread [stack: 0x0000000015990000,0x0000000015a90000] [id=3272]
  0x00000000162b7800 WatcherThread [stack: 0x0000000016790000,0x0000000016890000] [id=4596]

VM state:not at safepoint (normal execution)

VM Mutex/Monitor currently owned by a thread: None

Heap:
 PSYoungGen      total 35328K, used 6448K [0x00000000eab00000, 0x00000000ed000000, 0x0000000100000000)
  eden space 32768K, 11% used [0x00000000eab00000,0x00000000eaed2ac0,0x00000000ecb00000)
  from space 2560K, 98% used [0x00000000ecd80000,0x00000000ecff9798,0x00000000ed000000)
  to   space 2560K, 0% used [0x00000000ecb00000,0x00000000ecb00000,0x00000000ecd80000)
 ParOldGen       total 44032K, used 4289K [0x00000000c0000000, 0x00000000c2b00000, 0x00000000eab00000)
  object space 44032K, 9% used [0x00000000c0000000,0x00000000c04306c0,0x00000000c2b00000)
 Metaspace       used 6064K, capacity 6962K, committed 7040K, reserved 1056768K
  class space    used 603K, capacity 618K, committed 640K, reserved 1048576K

Card table byte_map: [0x0000000011610000,0x0000000011820000] byte_map_base: 0x0000000011010000

Marking Bits: (ParMarkBitMap*) 0x00000000765aa5b0
 Begin Bits: [0x0000000011d80000, 0x0000000012d80000)
 End Bits:   [0x0000000012d80000, 0x0000000013d80000)

Polling page: 0x0000000000500000

CodeCache: size=245760Kb used=5255Kb max_used=5255Kb free=240505Kb
 bounds [0x0000000002250000, 0x0000000002780000, 0x0000000011250000]
 total_blobs=1563 nmethods=1294 adapters=182
 compilation: enabled

Compilation events (10 events):
Event: 3.152 Thread 0x0000000014973800 1296       1       com.android.dx.rop.cst.CstString::getType (4 bytes)
Event: 3.153 Thread 0x0000000014973800 nmethod 1296 0x000000000276e210 code [0x000000000276e360, 0x000000000276e470]
Event: 3.160 Thread 0x0000000014973800 1297       3       com.android.dx.dex.file.MethodIdItem::<init> (6 bytes)
Event: 3.161 Thread 0x0000000014973800 nmethod 1297 0x0000000002775310 code [0x00000000027754a0, 0x00000000027759a8]
Event: 3.183 Thread 0x0000000014973800 1298       1       com.android.dx.rop.code.Insn$BaseVisitor::visitThrowingCstInsn (1 bytes)
Event: 3.184 Thread 0x0000000014973800 nmethod 1298 0x000000000276df50 code [0x000000000276e0a0, 0x000000000276e1b0]
Event: 3.193 Thread 0x0000000014973800 1300       3       com.android.dx.cf.iface.StdMethodList::get (9 bytes)
Event: 3.194 Thread 0x0000000014973800 nmethod 1300 0x0000000002774dd0 code [0x0000000002774f40, 0x0000000002775248]
Event: 3.194 Thread 0x0000000014973800 1301       3       com.android.dx.rop.code.AccessFlags::isPrivate (12 bytes)
Event: 3.194 Thread 0x0000000014973800 nmethod 1301 0x0000000002774a50 code [0x0000000002774ba0, 0x0000000002774d30]

GC Heap History (4 events):
Event: 2.160 GC heap before
{Heap before GC invocations=1 (full 0):
 PSYoungGen      total 18944K, used 16384K [0x00000000eab00000, 0x00000000ec000000, 0x0000000100000000)
  eden space 16384K, 100% used [0x00000000eab00000,0x00000000ebb00000,0x00000000ebb00000)
  from space 2560K, 0% used [0x00000000ebd80000,0x00000000ebd80000,0x00000000ec000000)
  to   space 2560K, 0% used [0x00000000ebb00000,0x00000000ebb00000,0x00000000ebd80000)
 ParOldGen       total 44032K, used 0K [0x00000000c0000000, 0x00000000c2b00000, 0x00000000eab00000)
  object space 44032K, 0% used [0x00000000c0000000,0x00000000c0000000,0x00000000c2b00000)
 Metaspace       used 5893K, capacity 6832K, committed 7040K, reserved 1056768K
  class space    used 599K, capacity 616K, committed 640K, reserved 1048576K
Event: 2.229 GC heap after
Heap after GC invocations=1 (full 0):
 PSYoungGen      total 18944K, used 2535K [0x00000000eab00000, 0x00000000ed000000, 0x0000000100000000)
  eden space 16384K, 0% used [0x00000000eab00000,0x00000000eab00000,0x00000000ebb00000)
  from space 2560K, 99% used [0x00000000ebb00000,0x00000000ebd79c88,0x00000000ebd80000)
  to   space 2560K, 0% used [0x00000000ecd80000,0x00000000ecd80000,0x00000000ed000000)
 ParOldGen       total 44032K, used 2180K [0x00000000c0000000, 0x00000000c2b00000, 0x00000000eab00000)
  object space 44032K, 4% used [0x00000000c0000000,0x00000000c0221330,0x00000000c2b00000)
 Metaspace       used 5893K, capacity 6832K, committed 7040K, reserved 1056768K
  class space    used 599K, capacity 616K, committed 640K, reserved 1048576K
}
Event: 3.116 GC heap before
{Heap before GC invocations=2 (full 0):
 PSYoungGen      total 18944K, used 18919K [0x00000000eab00000, 0x00000000ed000000, 0x0000000100000000)
  eden space 16384K, 100% used [0x00000000eab00000,0x00000000ebb00000,0x00000000ebb00000)
  from space 2560K, 99% used [0x00000000ebb00000,0x00000000ebd79c88,0x00000000ebd80000)
  to   space 2560K, 0% used [0x00000000ecd80000,0x00000000ecd80000,0x00000000ed000000)
 ParOldGen       total 44032K, used 2180K [0x00000000c0000000, 0x00000000c2b00000, 0x00000000eab00000)
  object space 44032K, 4% used [0x00000000c0000000,0x00000000c0221330,0x00000000c2b00000)
 Metaspace       used 6063K, capacity 6962K, committed 7040K, reserved 1056768K
  class space    used 603K, capacity 618K, committed 640K, reserved 1048576K
Event: 3.148 GC heap after
Heap after GC invocations=2 (full 0):
 PSYoungGen      total 35328K, used 2533K [0x00000000eab00000, 0x00000000ed000000, 0x0000000100000000)
  eden space 32768K, 0% used [0x00000000eab00000,0x00000000eab00000,0x00000000ecb00000)
  from space 2560K, 98% used [0x00000000ecd80000,0x00000000ecff9798,0x00000000ed000000)
  to   space 2560K, 0% used [0x00000000ecb00000,0x00000000ecb00000,0x00000000ecd80000)
 ParOldGen       total 44032K, used 4289K [0x00000000c0000000, 0x00000000c2b00000, 0x00000000eab00000)
  object space 44032K, 9% used [0x00000000c0000000,0x00000000c04306c0,0x00000000c2b00000)
 Metaspace       used 6063K, capacity 6962K, committed 7040K, reserved 1056768K
  class space    used 603K, capacity 618K, committed 640K, reserved 1048576K
}

Deoptimization events (10 events):
Event: 2.747 Thread 0x00000000164dd000 Uncommon trap: reason=unstable_if action=reinterpret pc=0x00000000026533f8 method=com.android.dx.cf.code.Ropper.labelToResultIndex(I)I @ 34
Event: 2.912 Thread 0x0000000016409800 Uncommon trap: reason=unstable_if action=reinterpret pc=0x0000000002601e2c method=com.android.dx.rop.code.RegisterSpecSet.put(Lcom/android/dx/rop/code/RegisterSpec;)V @ 77
Event: 2.912 Thread 0x0000000016409800 Uncommon trap: reason=unstable_if action=reinterpret pc=0x000000000262e92c method=com.android.dx.rop.code.RegisterSpecSet.put(Lcom/android/dx/rop/code/RegisterSpec;)V @ 77
Event: 2.922 Thread 0x0000000016409800 Uncommon trap: reason=bimorphic action=maybe_recompile pc=0x00000000025b7f28 method=java.util.HashMap.getNode(ILjava/lang/Object;)Ljava/util/HashMap$Node; @ 126
Event: 2.922 Thread 0x0000000016409800 Uncommon trap: reason=class_check action=maybe_recompile pc=0x000000000268fe78 method=java.util.HashMap.putVal(ILjava/lang/Object;Ljava/lang/Object;ZZ)Ljava/lang/Object; @ 203
Event: 3.001 Thread 0x00000000164e1000 Uncommon trap: reason=unstable_if action=reinterpret pc=0x00000000026ef0fc method=com.android.dx.util.IntList.binarysearch(I)I @ 105
Event: 3.027 Thread 0x00000000164e1000 Uncommon trap: reason=bimorphic action=maybe_recompile pc=0x00000000025b7f28 method=java.util.HashMap.getNode(ILjava/lang/Object;)Ljava/util/HashMap$Node; @ 126
Event: 3.027 Thread 0x00000000164e1000 Uncommon trap: reason=class_check action=maybe_recompile pc=0x0000000002692e84 method=java.util.HashMap.putVal(ILjava/lang/Object;Ljava/lang/Object;ZZ)Ljava/lang/Object; @ 203
Event: 3.034 Thread 0x00000000164e1000 Uncommon trap: reason=null_check action=make_not_entrant pc=0x000000000264ec28 method=com.android.dx.rop.type.Type.equals(Ljava/lang/Object;)Z @ 8
Event: 3.084 Thread 0x00000000164dd000 Uncommon trap: reason=unstable_if action=reinterpret pc=0x000000000258d47c method=com.android.dx.rop.code.RegisterSpec.equals(ILcom/android/dx/rop/type/TypeBearer;Lcom/android/dx/rop/code/LocalItem;)Z @ 42

Internal exceptions (3 events):
Event: 0.069 Thread 0x00000000020e0800 Exception <a 'java/lang/NoSuchMethodError': Method sun.misc.Unsafe.defineClass(Ljava/lang/String;[BII)Ljava/lang/Class; name or signature does not match> (0x00000000eab0d4c0) thrown at [C:\re\workspace\8-2-build-windows-amd64-cygwin\jdk8u66\5298\hotspot\sr?¤pLî¾±?
Event: 0.069 Thread 0x00000000020e0800 Exception <a 'java/lang/NoSuchMethodError': Method sun.misc.Unsafe.prefetchRead(Ljava/lang/Object;J)V name or signature does not match> (0x00000000eab0d7a8) thrown at [C:\re\workspace\8-2-build-windows-amd64-cygwin\jdk8u66\5298\hotspot\src\share\vm\prims\j“j©ÅrE@
Event: 3.034 Thread 0x00000000164e1000 Implicit null exception at 0x000000000264eb22 to 0x000000000264ec1a

Events (10 events):
Event: 3.077 Thread 0x00000000164dd000 DEOPT PACKING pc=0x00000000026f0f42 sp=0x0000000016c8e8d0
Event: 3.077 Thread 0x00000000164dd000 DEOPT UNPACKING pc=0x000000000229787f sp=0x0000000016c8e638 mode 0
Event: 3.082 Thread 0x00000000164dd000 DEOPT PACKING pc=0x00000000026f0f42 sp=0x0000000016c8e8d0
Event: 3.082 Thread 0x00000000164dd000 DEOPT UNPACKING pc=0x000000000229787f sp=0x0000000016c8e638 mode 0
Event: 3.084 Thread 0x00000000164dd000 Uncommon trap: trap_request=0xffffff65 fr.pc=0x000000000258d47c
Event: 3.084 Thread 0x00000000164dd000 DEOPT PACKING pc=0x000000000258d47c sp=0x0000000016c8ea30
Event: 3.084 Thread 0x00000000164dd000 DEOPT UNPACKING pc=0x000000000229582a sp=0x0000000016c8e9b8 mode 2
Event: 3.098 Executing VM operation: ParallelGCFailedAllocation
Event: 3.148 Executing VM operation: ParallelGCFailedAllocation done
Event: 3.192 Thread 0x0000000016409800 Thread exited: 0x0000000016409800


Dynamic libraries:
0x00007ff64b5e0000 - 0x00007ff64b617000 	C:\Program Files\Java\jdk1.8.0_66\bin\java.exe
0x00007ffbf4730000 - 0x00007ffbf48f1000 	C:\Windows\SYSTEM32\ntdll.dll
0x00007ffbf3440000 - 0x00007ffbf34ed000 	C:\Windows\system32\KERNEL32.DLL
0x00007ffbf1170000 - 0x00007ffbf1358000 	C:\Windows\system32\KERNELBASE.dll
0x00007ffbf3c40000 - 0x00007ffbf3ce7000 	C:\Windows\system32\ADVAPI32.dll
0x00007ffbf3fe0000 - 0x00007ffbf407d000 	C:\Windows\system32\msvcrt.dll
0x00007ffbf44c0000 - 0x00007ffbf451b000 	C:\Windows\system32\sechost.dll
0x00007ffbf1b30000 - 0x00007ffbf1c4c000 	C:\Windows\system32\RPCRT4.dll
0x00007ffbf3cf0000 - 0x00007ffbf3e46000 	C:\Windows\system32\USER32.dll
0x00007ffbf3e50000 - 0x00007ffbf3fd6000 	C:\Windows\system32\GDI32.dll
0x00007ffbe48d0000 - 0x00007ffbe4b44000 	C:\Windows\WinSxS\amd64_microsoft.windows.common-controls_6595b64144ccf1df_6.0.10586.0_none_8c15ae12515e1c22\COMCTL32.dll
0x00007ffbf1c60000 - 0x00007ffbf1edd000 	C:\Windows\system32\combase.dll
0x00007ffbf1450000 - 0x00007ffbf14ba000 	C:\Windows\system32\bcryptPrimitives.dll
0x00007ffbf46f0000 - 0x00007ffbf472b000 	C:\Windows\system32\IMM32.DLL
0x0000000076980000 - 0x0000000076a52000 	C:\Program Files\Java\jdk1.8.0_66\jre\bin\msvcr100.dll
0x0000000075da0000 - 0x0000000076629000 	C:\Program Files\Java\jdk1.8.0_66\jre\bin\server\jvm.dll
0x00007ffbf4520000 - 0x00007ffbf4528000 	C:\Windows\system32\PSAPI.DLL
0x00007ffbed540000 - 0x00007ffbed549000 	C:\Windows\SYSTEM32\WSOCK32.dll
0x00007ffbf4680000 - 0x00007ffbf46eb000 	C:\Windows\system32\WS2_32.dll
0x00007ffbeefd0000 - 0x00007ffbeeff3000 	C:\Windows\SYSTEM32\WINMM.dll
0x00007ffbe4020000 - 0x00007ffbe402a000 	C:\Windows\SYSTEM32\VERSION.dll
0x00007ffbeef70000 - 0x00007ffbeef9c000 	C:\Windows\SYSTEM32\WINMMBASE.dll
0x00007ffbf1120000 - 0x00007ffbf1163000 	C:\Windows\system32\cfgmgr32.dll
0x0000000050000000 - 0x000000005000f000 	C:\Program Files\Java\jdk1.8.0_66\jre\bin\verify.dll
0x0000000076dc0000 - 0x0000000076de9000 	C:\Program Files\Java\jdk1.8.0_66\jre\bin\java.dll
0x0000000076da0000 - 0x0000000076db6000 	C:\Program Files\Java\jdk1.8.0_66\jre\bin\zip.dll
0x00007ffbf1ee0000 - 0x00007ffbf343c000 	C:\Windows\system32\SHELL32.dll
0x00007ffbf14c0000 - 0x00007ffbf1b04000 	C:\Windows\system32\windows.storage.dll
0x00007ffbf43f0000 - 0x00007ffbf4442000 	C:\Windows\system32\shlwapi.dll
0x00007ffbf0d80000 - 0x00007ffbf0d8f000 	C:\Windows\system32\kernel.appcore.dll
0x00007ffbf0fb0000 - 0x00007ffbf1065000 	C:\Windows\system32\shcore.dll
0x00007ffbf0d90000 - 0x00007ffbf0ddb000 	C:\Windows\system32\powrprof.dll
0x00007ffbf0d60000 - 0x00007ffbf0d74000 	C:\Windows\system32\profapi.dll

VM Arguments:
jvm_args: -Djava.awt.headless=true -Xmx1024M -Dfile.encoding=windows-1252 -Duser.country=IT -Duser.language=it -Duser.variant 
java_command: com.android.dx.command.Main --dex --force-jumbo --num-threads=4 --multi-dex --output C:\Users\Davide\AndroidStudioProjects\MioMeteo\app\build\intermediates\transforms\dex\debug\folders\1000\10\com.android.support-support-vector-drawable-23.4.0_3492a2c744c83f9bb047c2313ee4bd148df5b9d0 C:\Users\Davide\AndroidStudioProjects\MioMeteo\app\build\intermediates\exploded-aar\com.android.support\support-vector-drawable\23.4.0\jars\classes.jar
java_class_path (initial): C:\Users\Davide\AppData\Local\Android\sdk\build-tools\23.0.3\lib\dx.jar
Launcher Type: SUN_STANDARD

Environment Variables:
PATH=C:\ProgramData\Oracle\Java\javapath;C:\Program Files (x86)\Intel\iCLS Client\;C:\Program Files\Intel\iCLS Client\;C:\Windows\system32;C:\Windows;C:\Windows\System32\Wbem;C:\Windows\System32\WindowsPowerShell\v1.0\;c:\Program Files\Intel\WiFi\bin\;c:\Program Files\Common Files\Intel\WirelessCommon\;C:\Program Files\Intel\Intel(R) Management Engine Components\DAL;C:\Program Files (x86)\Intel\Intel(R) Management Engine Components\DAL;C:\Program Files\Intel\Intel(R) Management Engine Components\IPT;C:\Program Files (x86)\Intel\Intel(R) Management Engine Components\IPT;C:\Program Files\Hewlett-Packard\SimplePass\;C:\Program Files\Java\jdk1.8.0_66\bin;C:\Program Files\TortoiseSVN\bin;C:\Program Files (x86)\MySQL\MySQL Fabric 1.5 & MySQL Utilities 1.5\;C:\Program Files (x86)\MySQL\MySQL Fabric 1.5 & MySQL Utilities 1.5\Doctrine extensions for PHP\;C:\Program Files (x86)\Skype\Phone\
USERNAME=Davide
OS=Windows_NT
PROCESSOR_IDENTIFIER=Intel64 Family 6 Model 61 Stepping 4, GenuineIntel



---------------  S Y S T E M  ---------------

OS: Windows 10.0 , 64 bit Build 10586 (10.0.10586.0)

CPU:total 4 (2 cores per cpu, 2 threads per core) family 6 model 61 stepping 4, cmov, cx8, fxsr, mmx, sse, sse2, sse3, ssse3, sse4.1, sse4.2, popcnt, avx, avx2, aes, clmul, erms, 3dnowpref, lzcnt, ht, tsc, tscinvbit, bmi1, bmi2, adx

Memory: 4k page, physical 4109328k(111484k free), swap 5157904k(5308k free)

vm_info: Java HotSpot(TM) 64-Bit Server VM (25.66-b18) for windows-amd64 JRE (1.8.0_66-b18), built on Nov  9 2015 10:51:13 by "java_re" with MS VC++ 10.0 (VS2010)

time: Sun May 15 00:15:01 2016
elapsed time: 3 seconds (0d 0h 0m 3s)

