#
# There is insufficient memory for the Java Runtime Environment to continue.
# Native memory allocation (malloc) failed to allocate 453776 bytes for Chunk::new
# Possible reasons:
#   The system is out of physical RAM or swap space
#   In 32 bit mode, the process size limit was hit
# Possible solutions:
#   Reduce memory load on the system
#   Increase physical memory or swap space
#   Check if swap backing store is full
#   Use 64 bit Java on a 64 bit OS
#   Decrease Java heap size (-Xmx/-Xms)
#   Decrease number of Java threads
#   Decrease Java thread stack sizes (-Xss)
#   Set larger code cache with -XX:ReservedCodeCacheSize=
# This output file may be truncated or incomplete.
#
#  Out of Memory Error (allocation.cpp:390), pid=5560, tid=7112
#
# JRE version: Java(TM) SE Runtime Environment (8.0_66-b18) (build 1.8.0_66-b18)
# Java VM: Java HotSpot(TM) 64-Bit Server VM (25.66-b18 mixed mode windows-amd64 compressed oops)
# Failed to write core dump. Minidumps are not enabled by default on client versions of Windows
#

---------------  T H R E A D  ---------------

Current thread (0x000000001487c800):  JavaThread "C2 CompilerThread0" daemon [_thread_in_native, id=7112, stack(0x0000000015ef0000,0x0000000015ff0000)]

Stack: [0x0000000015ef0000,0x0000000015ff0000]
[error occurred during error reporting (printing stack bounds), id 0xc0000005]

Native frames: (J=compiled Java code, j=interpreted, Vv=VM code, C=native code)


Current CompileTask:
C2:   2872 1185   !   4       com.android.dx.rop.code.RegisterSpec::intern (70 bytes)


---------------  P R O C E S S  ---------------

Java Threads: ( => current thread )
  0x00000000163bf800 JavaThread "pool-1-thread-4" [_thread_in_Java, id=1816, stack(0x00000000173f0000,0x00000000174f0000)]
  0x00000000163be800 JavaThread "pool-1-thread-3" [_thread_in_Java, id=6768, stack(0x00000000172f0000,0x00000000173f0000)]
  0x00000000163be000 JavaThread "pool-1-thread-2" [_thread_in_Java, id=704, stack(0x00000000171f0000,0x00000000172f0000)]
  0x0000000016403000 JavaThread "pool-2-thread-1" [_thread_blocked, id=2100, stack(0x00000000170f0000,0x00000000171f0000)]
  0x00000000163f8000 JavaThread "pool-1-thread-1" [_thread_in_Java, id=2676, stack(0x0000000016ff0000,0x00000000170f0000)]
  0x00000000160ff000 JavaThread "Service Thread" daemon [_thread_blocked, id=6996, stack(0x00000000165f0000,0x00000000166f0000)]
  0x00000000148dc000 JavaThread "C1 CompilerThread2" daemon [_thread_in_vm, id=8124, stack(0x00000000164f0000,0x00000000165f0000)]
  0x00000000148d1800 JavaThread "C2 CompilerThread1" daemon [_thread_in_native, id=8056, stack(0x0000000015ff0000,0x00000000160f0000)]
=>0x000000001487c800 JavaThread "C2 CompilerThread0" daemon [_thread_in_native, id=7112, stack(0x0000000015ef0000,0x0000000015ff0000)]
  0x000000001487b000 JavaThread "Attach Listener" daemon [_thread_blocked, id=4936, stack(0x0000000015df0000,0x0000000015ef0000)]
  0x0000000014879800 JavaThread "Signal Dispatcher" daemon [_thread_blocked, id=4180, stack(0x0000000015cf0000,0x0000000015df0000)]
  0x00000000021a0800 JavaThread "Finalizer" daemon [_thread_blocked, id=6280, stack(0x0000000015ae0000,0x0000000015be0000)]
  0x000000000219d000 JavaThread "Reference Handler" daemon [_thread_blocked, id=4052, stack(0x00000000159e0000,0x0000000015ae0000)]
  0x00000000020b0800 JavaThread "main" [_thread_in_Java, id=7384, stack(0x0000000001fa0000,0x00000000020a0000)]

Other Threads:
  0x0000000014848000 VMThread [stack: 0x00000000158e0000,0x00000000159e0000] [id=7100]
  0x000000001610c800 WatcherThread [stack: 0x00000000166f0000,0x00000000167f0000] [id=4308]

VM state:not at safepoint (normal execution)

VM Mutex/Monitor currently owned by a thread: None

Heap:
 PSYoungGen      total 18944K, used 13181K [0x00000000eab00000, 0x00000000ed000000, 0x0000000100000000)
  eden space 16384K, 64% used [0x00000000eab00000,0x00000000eb564cc8,0x00000000ebb00000)
  from space 2560K, 99% used [0x00000000ebd80000,0x00000000ebffab20,0x00000000ec000000)
  to   space 2560K, 0% used [0x00000000ebb00000,0x00000000ebb00000,0x00000000ebd80000)
 ParOldGen       total 44032K, used 2461K [0x00000000c0000000, 0x00000000c2b00000, 0x00000000eab00000)
  object space 44032K, 5% used [0x00000000c0000000,0x00000000c0267560,0x00000000c2b00000)
 Metaspace       used 6004K, capacity 6896K, committed 7040K, reserved 1056768K
  class space    used 603K, capacity 616K, committed 640K, reserved 1048576K

Card table byte_map: [0x0000000011570000,0x0000000011780000] byte_map_base: 0x0000000010f70000

Marking Bits: (ParMarkBitMap*) 0x0000000057daa5b0
 Begin Bits: [0x0000000011ce0000, 0x0000000012ce0000)
 End Bits:   [0x0000000012ce0000, 0x0000000013ce0000)

Polling page: 0x0000000000810000

CodeCache: size=245760Kb used=4763Kb max_used=4763Kb free=240996Kb
 bounds [0x00000000021b0000, 0x0000000002660000, 0x00000000111b0000]
 total_blobs=1496 nmethods=1227 adapters=182
 compilation: enabled

Compilation events (10 events):
Event: 2.862 Thread 0x00000000148dc000 nmethod 1224 0x0000000002646590 code [0x00000000026466e0, 0x00000000026468d0]
Event: 2.862 Thread 0x00000000148dc000 1223       3       com.android.dx.rop.code.LocalVariableInfo::addAssignment (43 bytes)
Event: 2.863 Thread 0x00000000148dc000 nmethod 1223 0x000000000264b550 code [0x000000000264b720, 0x000000000264bd18]
Event: 2.863 Thread 0x00000000148dc000 1220       3       com.android.dx.dex.code.RopTranslator$TranslationVisitor::visitPlainCstInsn (161 bytes)
Event: 2.866 Thread 0x00000000148dc000 nmethod 1220 0x000000000264bf90 code [0x000000000264c340, 0x000000000264e7f8]
Event: 2.866 Thread 0x00000000148dc000 1225       3       com.android.dx.ssa.SsaMethod::forEachBlockDepthFirst (194 bytes)
Event: 2.870 Thread 0x00000000148dc000 nmethod 1225 0x00000000026535d0 code [0x0000000002653a40, 0x0000000002656e08]
Event: 2.870 Thread 0x00000000148dc000 1229       3       com.android.dx.rop.code.BasicBlockList::getInstructionCount (48 bytes)
Event: 2.871 Thread 0x00000000148d1800 nmethod 1188 0x0000000002658e50 code [0x0000000002658fa0, 0x00000000026594f8]
Event: 2.871 Thread 0x00000000148d1800 1173       4       com.android.dx.ssa.SsaBasicBlock::forEachPhiInsn (54 bytes)

GC Heap History (4 events):
Event: 0.830 GC heap before
{Heap before GC invocations=1 (full 0):
 PSYoungGen      total 18944K, used 16384K [0x00000000eab00000, 0x00000000ec000000, 0x0000000100000000)
  eden space 16384K, 100% used [0x00000000eab00000,0x00000000ebb00000,0x00000000ebb00000)
  from space 2560K, 0% used [0x00000000ebd80000,0x00000000ebd80000,0x00000000ec000000)
  to   space 2560K, 0% used [0x00000000ebb00000,0x00000000ebb00000,0x00000000ebd80000)
 ParOldGen       total 44032K, used 0K [0x00000000c0000000, 0x00000000c2b00000, 0x00000000eab00000)
  object space 44032K, 0% used [0x00000000c0000000,0x00000000c0000000,0x00000000c2b00000)
 Metaspace       used 3944K, capacity 5104K, committed 5376K, reserved 1056768K
  class space    used 442K, capacity 488K, committed 512K, reserved 1048576K
Event: 0.833 GC heap after
Heap after GC invocations=1 (full 0):
 PSYoungGen      total 18944K, used 1588K [0x00000000eab00000, 0x00000000ec000000, 0x0000000100000000)
  eden space 16384K, 0% used [0x00000000eab00000,0x00000000eab00000,0x00000000ebb00000)
  from space 2560K, 62% used [0x00000000ebb00000,0x00000000ebc8d280,0x00000000ebd80000)
  to   space 2560K, 0% used [0x00000000ebd80000,0x00000000ebd80000,0x00000000ec000000)
 ParOldGen       total 44032K, used 8K [0x00000000c0000000, 0x00000000c2b00000, 0x00000000eab00000)
  object space 44032K, 0% used [0x00000000c0000000,0x00000000c0002000,0x00000000c2b00000)
 Metaspace       used 3944K, capacity 5104K, committed 5376K, reserved 1056768K
  class space    used 442K, capacity 488K, committed 512K, reserved 1048576K
}
Event: 2.383 GC heap before
{Heap before GC invocations=2 (full 0):
 PSYoungGen      total 18944K, used 17972K [0x00000000eab00000, 0x00000000ec000000, 0x0000000100000000)
  eden space 16384K, 100% used [0x00000000eab00000,0x00000000ebb00000,0x00000000ebb00000)
  from space 2560K, 62% used [0x00000000ebb00000,0x00000000ebc8d280,0x00000000ebd80000)
  to   space 2560K, 0% used [0x00000000ebd80000,0x00000000ebd80000,0x00000000ec000000)
 ParOldGen       total 44032K, used 8K [0x00000000c0000000, 0x00000000c2b00000, 0x00000000eab00000)
  object space 44032K, 0% used [0x00000000c0000000,0x00000000c0002000,0x00000000c2b00000)
 Metaspace       used 5908K, capacity 6832K, committed 7040K, reserved 1056768K
  class space    used 601K, capacity 616K, committed 640K, reserved 1048576K
Event: 2.523 GC heap after
Heap after GC invocations=2 (full 0):
 PSYoungGen      total 18944K, used 2538K [0x00000000eab00000, 0x00000000ed000000, 0x0000000100000000)
  eden space 16384K, 0% used [0x00000000eab00000,0x00000000eab00000,0x00000000ebb00000)
  from space 2560K, 99% used [0x00000000ebd80000,0x00000000ebffab20,0x00000000ec000000)
  to   space 2560K, 0% used [0x00000000ebb00000,0x00000000ebb00000,0x00000000ebd80000)
 ParOldGen       total 44032K, used 2461K [0x00000000c0000000, 0x00000000c2b00000, 0x00000000eab00000)
  object space 44032K, 5% used [0x00000000c0000000,0x00000000c0267560,0x00000000c2b00000)
 Metaspace       used 5908K, capacity 6832K, committed 7040K, reserved 1056768K
  class space    used 601K, capacity 616K, committed 640K, reserved 1048576K
}

Deoptimization events (10 events):
Event: 1.687 Thread 0x00000000163bf800 Uncommon trap: reason=unstable_if action=reinterpret pc=0x00000000024057f0 method=java.util.HashMap.getNode(ILjava/lang/Object;)Ljava/util/HashMap$Node; @ 62
Event: 2.379 Thread 0x00000000163be000 Uncommon trap: reason=unstable_if action=reinterpret pc=0x00000000023ed470 method=java.util.BitSet.nextSetBit(I)I @ 87
Event: 2.619 Thread 0x00000000163be800 Uncommon trap: reason=unstable_if action=reinterpret pc=0x000000000257abb8 method=com.android.dx.cf.code.Ropper.labelToResultIndex(I)I @ 34
Event: 2.619 Thread 0x00000000163be800 Uncommon trap: reason=class_check action=maybe_recompile pc=0x000000000248da28 method=com.android.dx.rop.type.Type.equals(Ljava/lang/Object;)Z @ 8
Event: 2.620 Thread 0x00000000163be800 Uncommon trap: reason=class_check action=maybe_recompile pc=0x000000000248da28 method=com.android.dx.rop.type.Type.equals(Ljava/lang/Object;)Z @ 8
Event: 2.620 Thread 0x00000000163be800 Uncommon trap: reason=class_check action=maybe_recompile pc=0x000000000248da28 method=com.android.dx.rop.type.Type.equals(Ljava/lang/Object;)Z @ 8
Event: 2.636 Thread 0x00000000020b0800 Uncommon trap: reason=unloaded action=reinterpret pc=0x000000000255a914 method=com.android.dx.cf.cst.ConstantPoolParser.parse0(ILjava/util/BitSet;)Lcom/android/dx/rop/cst/Constant; @ 198
Event: 2.654 Thread 0x00000000163be800 Uncommon trap: reason=class_check action=maybe_recompile pc=0x000000000248da28 method=com.android.dx.rop.type.Type.equals(Ljava/lang/Object;)Z @ 8
Event: 2.660 Thread 0x00000000163be800 Uncommon trap: reason=class_check action=maybe_recompile pc=0x00000000024bc200 method=com.android.dx.rop.type.Type.equals(Ljava/lang/Object;)Z @ 8
Event: 2.660 Thread 0x00000000163be800 Uncommon trap: reason=class_check action=maybe_recompile pc=0x00000000024b67a8 method=com.android.dx.rop.type.Type.equals(Ljava/lang/Object;)Z @ 8

Internal exceptions (2 events):
Event: 0.056 Thread 0x00000000020b0800 Exception <a 'java/lang/NoSuchMethodError': Method sun.misc.Unsafe.defineClass(Ljava/lang/String;[BII)Ljava/lang/Class; name or signature does not match> (0x00000000eab0d810) thrown at [C:\re\workspace\8-2-build-windows-amd64-cygwin\jdk8u66\5298\hotspot\srŸ³aáü¨¬?
Event: 0.056 Thread 0x00000000020b0800 Exception <a 'java/lang/NoSuchMethodError': Method sun.misc.Unsafe.prefetchRead(Ljava/lang/Object;J)V name or signature does not match> (0x00000000eab0daf8) thrown at [C:\re\workspace\8-2-build-windows-amd64-cygwin\jdk8u66\5298\hotspot\src\share\vm\prims\j

Events (10 events):
Event: 2.636 Thread 0x00000000020b0800 DEOPT UNPACKING pc=0x00000000021f582a sp=0x000000000209e648 mode 2
Event: 2.654 Thread 0x00000000163be800 Uncommon trap: trap_request=0xffffffde fr.pc=0x000000000248da28
Event: 2.654 Thread 0x00000000163be800 DEOPT PACKING pc=0x000000000248da28 sp=0x00000000173ee790
Event: 2.654 Thread 0x00000000163be800 DEOPT UNPACKING pc=0x00000000021f582a sp=0x00000000173ee6c8 mode 2
Event: 2.660 Thread 0x00000000163be800 Uncommon trap: trap_request=0xffffffde fr.pc=0x00000000024bc200
Event: 2.660 Thread 0x00000000163be800 DEOPT PACKING pc=0x00000000024bc200 sp=0x00000000173ee0b0
Event: 2.660 Thread 0x00000000163be800 DEOPT UNPACKING pc=0x00000000021f582a sp=0x00000000173eddd8 mode 2
Event: 2.660 Thread 0x00000000163be800 Uncommon trap: trap_request=0xffffffde fr.pc=0x00000000024b67a8
Event: 2.660 Thread 0x00000000163be800 DEOPT PACKING pc=0x00000000024b67a8 sp=0x00000000173ede60
Event: 2.660 Thread 0x00000000163be800 DEOPT UNPACKING pc=0x00000000021f582a sp=0x00000000173edc40 mode 2


Dynamic libraries:
0x00007ff71db00000 - 0x00007ff71db37000 	C:\Program Files\Java\jdk1.8.0_66\bin\java.exe
0x00007ff91b210000 - 0x00007ff91b3d1000 	C:\Windows\SYSTEM32\ntdll.dll
0x00007ff918d20000 - 0x00007ff918dcd000 	C:\Windows\system32\KERNEL32.DLL
0x00007ff9178c0000 - 0x00007ff917aa8000 	C:\Windows\system32\KERNELBASE.dll
0x00007ff918860000 - 0x00007ff918907000 	C:\Windows\system32\ADVAPI32.dll
0x00007ff919380000 - 0x00007ff91941d000 	C:\Windows\system32\msvcrt.dll
0x00007ff918970000 - 0x00007ff9189cb000 	C:\Windows\system32\sechost.dll
0x00007ff918dd0000 - 0x00007ff918eec000 	C:\Windows\system32\RPCRT4.dll
0x00007ff91b040000 - 0x00007ff91b196000 	C:\Windows\system32\USER32.dll
0x00007ff919530000 - 0x00007ff9196b6000 	C:\Windows\system32\GDI32.dll
0x00007ff90c270000 - 0x00007ff90c4e4000 	C:\Windows\WinSxS\amd64_microsoft.windows.common-controls_6595b64144ccf1df_6.0.10586.0_none_8c15ae12515e1c22\COMCTL32.dll
0x00007ff9189d0000 - 0x00007ff918c4d000 	C:\Windows\system32\combase.dll
0x00007ff9184f0000 - 0x00007ff91855a000 	C:\Windows\system32\bcryptPrimitives.dll
0x00007ff918c60000 - 0x00007ff918c9b000 	C:\Windows\system32\IMM32.DLL
0x0000000056f70000 - 0x0000000057042000 	C:\Program Files\Java\jdk1.8.0_66\jre\bin\msvcr100.dll
0x00000000575a0000 - 0x0000000057e29000 	C:\Program Files\Java\jdk1.8.0_66\jre\bin\server\jvm.dll
0x00007ff918c50000 - 0x00007ff918c58000 	C:\Windows\system32\PSAPI.DLL
0x00007ff913d90000 - 0x00007ff913d99000 	C:\Windows\SYSTEM32\WSOCK32.dll
0x00007ff91b1a0000 - 0x00007ff91b20b000 	C:\Windows\system32\WS2_32.dll
0x00007ff915a60000 - 0x00007ff915a83000 	C:\Windows\SYSTEM32\WINMM.dll
0x00007ff90b1e0000 - 0x00007ff90b1ea000 	C:\Windows\SYSTEM32\VERSION.dll
0x00007ff915a00000 - 0x00007ff915a2c000 	C:\Windows\SYSTEM32\WINMMBASE.dll
0x00007ff9184a0000 - 0x00007ff9184e3000 	C:\Windows\system32\cfgmgr32.dll
0x0000000057590000 - 0x000000005759f000 	C:\Program Files\Java\jdk1.8.0_66\jre\bin\verify.dll
0x0000000057560000 - 0x0000000057589000 	C:\Program Files\Java\jdk1.8.0_66\jre\bin\java.dll
0x0000000057540000 - 0x0000000057556000 	C:\Program Files\Java\jdk1.8.0_66\jre\bin\zip.dll
0x00007ff9196c0000 - 0x00007ff91ac1c000 	C:\Windows\system32\SHELL32.dll
0x00007ff917d40000 - 0x00007ff918384000 	C:\Windows\system32\windows.storage.dll
0x00007ff918910000 - 0x00007ff918962000 	C:\Windows\system32\shlwapi.dll
0x00007ff9178a0000 - 0x00007ff9178af000 	C:\Windows\system32\kernel.appcore.dll
0x00007ff917c80000 - 0x00007ff917d35000 	C:\Windows\system32\shcore.dll
0x00007ff917850000 - 0x00007ff91789b000 	C:\Windows\system32\powrprof.dll
0x00007ff917830000 - 0x00007ff917844000 	C:\Windows\system32\profapi.dll

VM Arguments:
jvm_args: -Djava.awt.headless=true -Xmx1024M -Dfile.encoding=windows-1252 -Duser.country=IT -Duser.language=it -Duser.variant 
java_command: com.android.dx.command.Main --dex --num-threads=4 --output C:\Users\Davide\AndroidStudioProjects\MioMeteo\app\build\intermediates\pre-dexed\debug\com.android.support-support-v4-23.4.0_aaab4edea211bdf5334c61199a8744e711966bf7.jar C:\Users\Davide\AndroidStudioProjects\MioMeteo\app\build\intermediates\exploded-aar\com.android.support\support-v4\23.4.0\jars\classes.jar
java_class_path (initial): C:\Users\Davide\AppData\Local\Android\sdk\build-tools\23.0.3\lib\dx.jar
Launcher Type: SUN_STANDARD

Environment Variables:
PATH=C:\ProgramData\Oracle\Java\javapath;C:\Program Files (x86)\Intel\iCLS Client\;C:\Program Files\Intel\iCLS Client\;C:\Windows\system32;C:\Windows;C:\Windows\System32\Wbem;C:\Windows\System32\WindowsPowerShell\v1.0\;c:\Program Files\Intel\WiFi\bin\;c:\Program Files\Common Files\Intel\WirelessCommon\;C:\Program Files\Intel\Intel(R) Management Engine Components\DAL;C:\Program Files (x86)\Intel\Intel(R) Management Engine Components\DAL;C:\Program Files\Intel\Intel(R) Management Engine Components\IPT;C:\Program Files (x86)\Intel\Intel(R) Management Engine Components\IPT;C:\Program Files\Hewlett-Packard\SimplePass\;C:\Program Files\Java\jdk1.8.0_66\bin;C:\Program Files\TortoiseSVN\bin;C:\Program Files (x86)\MySQL\MySQL Fabric 1.5 & MySQL Utilities 1.5\;C:\Program Files (x86)\MySQL\MySQL Fabric 1.5 & MySQL Utilities 1.5\Doctrine extensions for PHP\;C:\Program Files (x86)\Skype\Phone\
USERNAME=Davide
OS=Windows_NT
PROCESSOR_IDENTIFIER=Intel64 Family 6 Model 61 Stepping 4, GenuineIntel



---------------  S Y S T E M  ---------------

OS: Windows 10.0 , 64 bit Build 10586 (10.0.10586.0)

CPU:total 4 (2 cores per cpu, 2 threads per core) family 6 model 61 stepping 4, cmov, cx8, fxsr, mmx, sse, sse2, sse3, ssse3, sse4.1, sse4.2, popcnt, avx, avx2, aes, clmul, erms, 3dnowpref, lzcnt, ht, tsc, tscinvbit, bmi1, bmi2, adx

Memory: 4k page, physical 4109328k(306596k free), swap 5157904k(5864k free)

vm_info: Java HotSpot(TM) 64-Bit Server VM (25.66-b18) for windows-amd64 JRE (1.8.0_66-b18), built on Nov  9 2015 10:51:13 by "java_re" with MS VC++ 10.0 (VS2010)

time: Wed May 18 19:53:38 2016
elapsed time: 2 seconds (0d 0h 0m 2s)

