#
# There is insufficient memory for the Java Runtime Environment to continue.
# Native memory allocation (malloc) failed to allocate 346336 bytes for Chunk::new
# Possible reasons:
#   The system is out of physical RAM or swap space
#   In 32 bit mode, the process size limit was hit
# Possible solutions:
#   Reduce memory load on the system
#   Increase physical memory or swap space
#   Check if swap backing store is full
#   Use 64 bit Java on a 64 bit OS
#   Decrease Java heap size (-Xmx/-Xms)
#   Decrease number of Java threads
#   Decrease Java thread stack sizes (-Xss)
#   Set larger code cache with -XX:ReservedCodeCacheSize=
# This output file may be truncated or incomplete.
#
#  Out of Memory Error (allocation.cpp:390), pid=4048, tid=6936
#
# JRE version: Java(TM) SE Runtime Environment (8.0_66-b18) (build 1.8.0_66-b18)
# Java VM: Java HotSpot(TM) 64-Bit Server VM (25.66-b18 mixed mode windows-amd64 compressed oops)
# Failed to write core dump. Minidumps are not enabled by default on client versions of Windows
#

---------------  T H R E A D  ---------------

Current thread (0x0000000014948800):  JavaThread "C2 CompilerThread0" daemon [_thread_in_native, id=6936, stack(0x0000000015fc0000,0x00000000160c0000)]

Stack: [0x0000000015fc0000,0x00000000160c0000]
[error occurred during error reporting (printing stack bounds), id 0xc0000005]

Native frames: (J=compiled Java code, j=interpreted, Vv=VM code, C=native code)


Current CompileTask:
C2:   4808 1113       4       com.android.dx.ssa.SsaMethod::forEachInsn (36 bytes)


---------------  P R O C E S S  ---------------

Java Threads: ( => current thread )
  0x0000000016a85800 JavaThread "pool-1-thread-4" [_thread_in_Java, id=2160, stack(0x00000000174c0000,0x00000000175c0000)]
  0x0000000016535800 JavaThread "pool-1-thread-3" [_thread_in_Java, id=6532, stack(0x00000000173c0000,0x00000000174c0000)]
  0x0000000016535000 JavaThread "pool-1-thread-2" [_thread_in_vm, id=6576, stack(0x00000000172c0000,0x00000000173c0000)]
  0x0000000016ab7000 JavaThread "pool-2-thread-1" [_thread_blocked, id=7808, stack(0x00000000171c0000,0x00000000172c0000)]
  0x00000000166be800 JavaThread "pool-1-thread-1" [_thread_in_Java, id=7528, stack(0x00000000170c0000,0x00000000171c0000)]
  0x000000001499d800 JavaThread "Service Thread" daemon [_thread_blocked, id=4052, stack(0x00000000166c0000,0x00000000167c0000)]
  0x0000000014999000 JavaThread "C1 CompilerThread2" daemon [_thread_in_vm, id=4124, stack(0x00000000161c0000,0x00000000162c0000)]
  0x000000001493b800 JavaThread "C2 CompilerThread1" daemon [_thread_in_native, id=7948, stack(0x00000000160c0000,0x00000000161c0000)]
=>0x0000000014948800 JavaThread "C2 CompilerThread0" daemon [_thread_in_native, id=6936, stack(0x0000000015fc0000,0x00000000160c0000)]
  0x0000000014946800 JavaThread "Attach Listener" daemon [_thread_blocked, id=5064, stack(0x0000000015ec0000,0x0000000015fc0000)]
  0x0000000014945000 JavaThread "Signal Dispatcher" daemon [_thread_blocked, id=3996, stack(0x0000000015dc0000,0x0000000015ec0000)]
  0x0000000002260800 JavaThread "Finalizer" daemon [_thread_blocked, id=7212, stack(0x0000000015bc0000,0x0000000015cc0000)]
  0x000000000225d000 JavaThread "Reference Handler" daemon [_thread_blocked, id=4316, stack(0x0000000015ac0000,0x0000000015bc0000)]
  0x0000000002170800 JavaThread "main" [_thread_in_vm, id=6164, stack(0x0000000002050000,0x0000000002150000)]

Other Threads:
  0x0000000014908000 VMThread [stack: 0x00000000159c0000,0x0000000015ac0000] [id=6076]
  0x00000000162c3800 WatcherThread [stack: 0x00000000167c0000,0x00000000168c0000] [id=4128]

VM state:not at safepoint (normal execution)

VM Mutex/Monitor currently owned by a thread: None

Heap:
 PSYoungGen      total 35328K, used 13558K [0x00000000eab00000, 0x00000000ed000000, 0x0000000100000000)
  eden space 32768K, 33% used [0x00000000eab00000,0x00000000eb5bff78,0x00000000ecb00000)
  from space 2560K, 99% used [0x00000000ecd80000,0x00000000ecffdc78,0x00000000ed000000)
  to   space 2560K, 0% used [0x00000000ecb00000,0x00000000ecb00000,0x00000000ecd80000)
 ParOldGen       total 44032K, used 1372K [0x00000000c0000000, 0x00000000c2b00000, 0x00000000eab00000)
  object space 44032K, 3% used [0x00000000c0000000,0x00000000c01571a0,0x00000000c2b00000)
 Metaspace       used 5931K, capacity 6832K, committed 7040K, reserved 1056768K
  class space    used 596K, capacity 616K, committed 640K, reserved 1048576K

Card table byte_map: [0x0000000011630000,0x0000000011840000] byte_map_base: 0x0000000011030000

Marking Bits: (ParMarkBitMap*) 0x0000000057daa5b0
 Begin Bits: [0x0000000011da0000, 0x0000000012da0000)
 End Bits:   [0x0000000012da0000, 0x0000000013da0000)

Polling page: 0x0000000000450000

CodeCache: size=245760Kb used=4417Kb max_used=4417Kb free=241342Kb
 bounds [0x0000000002270000, 0x00000000026d0000, 0x0000000011270000]
 total_blobs=1371 nmethods=1102 adapters=182
 compilation: enabled

Compilation events (10 events):
Event: 4.794 Thread 0x0000000014999000 nmethod 1121 0x00000000026b3e10 code [0x00000000026b3fa0, 0x00000000026b43f8]
Event: 4.795 Thread 0x0000000014999000 1122       3       com.android.dx.ssa.Dominators::run (506 bytes)
Event: 4.802 Thread 0x0000000014999000 nmethod 1122 0x00000000026b9810 code [0x00000000026b9e00, 0x00000000026bdf18]
Event: 4.802 Thread 0x0000000014999000 1123       3       java.util.ArrayList::set (20 bytes)
Event: 4.803 Thread 0x0000000014999000 nmethod 1123 0x00000000026b34d0 code [0x00000000026b3680, 0x00000000026b3b38]
Event: 4.803 Thread 0x0000000014999000 1124       3       com.android.dx.ssa.SsaRenamer$BlockRenamer::visitPhiInsn (6 bytes)
Event: 4.803 Thread 0x0000000014999000 nmethod 1124 0x00000000026abe10 code [0x00000000026abf80, 0x00000000026ac108]
Event: 4.803 Thread 0x0000000014999000 1125       3       com.android.dx.ssa.MoveParamCombiner$1::visitPhiInsn (1 bytes)
Event: 4.803 Thread 0x0000000014999000 nmethod 1125 0x00000000026b3190 code [0x00000000026b32e0, 0x00000000026b3430]
Event: 4.804 Thread 0x0000000014999000 1127       3       java.util.TreeMap::fixAfterInsertion (267 bytes)

GC Heap History (4 events):
Event: 3.081 GC heap before
{Heap before GC invocations=1 (full 0):
 PSYoungGen      total 18944K, used 16384K [0x00000000eab00000, 0x00000000ec000000, 0x0000000100000000)
  eden space 16384K, 100% used [0x00000000eab00000,0x00000000ebb00000,0x00000000ebb00000)
  from space 2560K, 0% used [0x00000000ebd80000,0x00000000ebd80000,0x00000000ec000000)
  to   space 2560K, 0% used [0x00000000ebb00000,0x00000000ebb00000,0x00000000ebd80000)
 ParOldGen       total 44032K, used 0K [0x00000000c0000000, 0x00000000c2b00000, 0x00000000eab00000)
  object space 44032K, 0% used [0x00000000c0000000,0x00000000c0000000,0x00000000c2b00000)
 Metaspace       used 3398K, capacity 4720K, committed 4864K, reserved 1056768K
  class space    used 371K, capacity 424K, committed 512K, reserved 1048576K
Event: 3.160 GC heap after
Heap after GC invocations=1 (full 0):
 PSYoungGen      total 18944K, used 862K [0x00000000eab00000, 0x00000000ed000000, 0x0000000100000000)
  eden space 16384K, 0% used [0x00000000eab00000,0x00000000eab00000,0x00000000ebb00000)
  from space 2560K, 33% used [0x00000000ebb00000,0x00000000ebbd7958,0x00000000ebd80000)
  to   space 2560K, 0% used [0x00000000ecd80000,0x00000000ecd80000,0x00000000ed000000)
 ParOldGen       total 44032K, used 0K [0x00000000c0000000, 0x00000000c2b00000, 0x00000000eab00000)
  object space 44032K, 0% used [0x00000000c0000000,0x00000000c0000000,0x00000000c2b00000)
 Metaspace       used 3398K, capacity 4720K, committed 4864K, reserved 1056768K
  class space    used 371K, capacity 424K, committed 512K, reserved 1048576K
}
Event: 4.313 GC heap before
{Heap before GC invocations=2 (full 0):
 PSYoungGen      total 18944K, used 17246K [0x00000000eab00000, 0x00000000ed000000, 0x0000000100000000)
  eden space 16384K, 100% used [0x00000000eab00000,0x00000000ebb00000,0x00000000ebb00000)
  from space 2560K, 33% used [0x00000000ebb00000,0x00000000ebbd7958,0x00000000ebd80000)
  to   space 2560K, 0% used [0x00000000ecd80000,0x00000000ecd80000,0x00000000ed000000)
 ParOldGen       total 44032K, used 0K [0x00000000c0000000, 0x00000000c2b00000, 0x00000000eab00000)
  object space 44032K, 0% used [0x00000000c0000000,0x00000000c0000000,0x00000000c2b00000)
 Metaspace       used 5762K, capacity 6704K, committed 6784K, reserved 1056768K
  class space    used 594K, capacity 616K, committed 640K, reserved 1048576K
Event: 4.354 GC heap after
Heap after GC invocations=2 (full 0):
 PSYoungGen      total 35328K, used 2551K [0x00000000eab00000, 0x00000000ed000000, 0x0000000100000000)
  eden space 32768K, 0% used [0x00000000eab00000,0x00000000eab00000,0x00000000ecb00000)
  from space 2560K, 99% used [0x00000000ecd80000,0x00000000ecffdc78,0x00000000ed000000)
  to   space 2560K, 0% used [0x00000000ecb00000,0x00000000ecb00000,0x00000000ecd80000)
 ParOldGen       total 44032K, used 1372K [0x00000000c0000000, 0x00000000c2b00000, 0x00000000eab00000)
  object space 44032K, 3% used [0x00000000c0000000,0x00000000c01571a0,0x00000000c2b00000)
 Metaspace       used 5762K, capacity 6704K, committed 6784K, reserved 1056768K
  class space    used 594K, capacity 616K, committed 640K, reserved 1048576K
}

Deoptimization events (5 events):
Event: 4.227 Thread 0x0000000016535800 Uncommon trap: reason=unstable_if action=reinterpret pc=0x000000000249e060 method=java.util.HashMap.getNode(ILjava/lang/Object;)Ljava/util/HashMap$Node; @ 129
Event: 4.404 Thread 0x0000000016535000 Uncommon trap: reason=unstable_if action=reinterpret pc=0x00000000024b1370 method=java.util.BitSet.nextSetBit(I)I @ 87
Event: 4.462 Thread 0x0000000016a85800 Uncommon trap: reason=unstable_if action=reinterpret pc=0x00000000025d951c method=com.android.dx.rop.cst.Constant.compareTo(Lcom/android/dx/rop/cst/Constant;)I @ 12
Event: 4.687 Thread 0x0000000002170800 Uncommon trap: reason=null_check action=make_not_entrant pc=0x0000000002565428 method=com.android.dx.rop.type.Type.equals(Ljava/lang/Object;)Z @ 8
Event: 4.695 Thread 0x0000000002170800 Uncommon trap: reason=class_check action=maybe_recompile pc=0x000000000250f330 method=com.android.dx.ssa.NormalSsaInsn.accept(Lcom/android/dx/ssa/SsaInsn$Visitor;)V @ 9

Internal exceptions (3 events):
Event: 1.983 Thread 0x0000000002170800 Exception <a 'java/lang/NoSuchMethodError': Method sun.misc.Unsafe.defineClass(Ljava/lang/String;[BII)Ljava/lang/Class; name or signature does not match> (0x00000000eab0d838) thrown at [C:\re\workspace\8-2-build-windows-amd64-cygwin\jdk8u66\5298\hotspot\srì
³*ç»ÿ?
Event: 1.983 Thread 0x0000000002170800 Exception <a 'java/lang/NoSuchMethodError': Method sun.misc.Unsafe.prefetchRead(Ljava/lang/Object;J)V name or signature does not match> (0x00000000eab0db20) thrown at [C:\re\workspace\8-2-build-windows-amd64-cygwin\jdk8u66\5298\hotspot\src\share\vm\prims\jœá©óh¿@
Event: 4.687 Thread 0x0000000002170800 Implicit null exception at 0x0000000002565322 to 0x000000000256541a

Events (10 events):
Event: 4.687 Thread 0x0000000002170800 DEOPT UNPACKING pc=0x00000000022b582a sp=0x000000000214dcd8 mode 2
Event: 4.687 Thread 0x0000000016535000 DEOPT PACKING pc=0x00000000024c5a82 sp=0x00000000173be670
Event: 4.687 Thread 0x0000000016535000 DEOPT UNPACKING pc=0x00000000022b787f sp=0x00000000173be3d8 mode 0
Event: 4.688 Thread 0x0000000002170800 DEOPT PACKING pc=0x00000000024c5a82 sp=0x000000000214df20
Event: 4.688 Thread 0x0000000002170800 DEOPT UNPACKING pc=0x00000000022b787f sp=0x000000000214dc88 mode 0
Event: 4.695 Thread 0x0000000002170800 Uncommon trap: trap_request=0xffffffde fr.pc=0x000000000250f330
Event: 4.695 Thread 0x0000000002170800 DEOPT PACKING pc=0x000000000250f330 sp=0x000000000214e020
Event: 4.695 Thread 0x0000000002170800 DEOPT UNPACKING pc=0x00000000022b582a sp=0x000000000214df60 mode 2
Event: 4.701 loading class com/android/dx/cf/attrib/AttAnnotationDefault
Event: 4.701 loading class com/android/dx/cf/attrib/AttAnnotationDefault done


Dynamic libraries:
0x00007ff71db00000 - 0x00007ff71db37000 	C:\Program Files\Java\jdk1.8.0_66\bin\java.exe
0x00007ff91b210000 - 0x00007ff91b3d1000 	C:\Windows\SYSTEM32\ntdll.dll
0x00007ff918d20000 - 0x00007ff918dcd000 	C:\Windows\system32\KERNEL32.DLL
0x00007ff9178c0000 - 0x00007ff917aa8000 	C:\Windows\system32\KERNELBASE.dll
0x00007ff918860000 - 0x00007ff918907000 	C:\Windows\system32\ADVAPI32.dll
0x00007ff919380000 - 0x00007ff91941d000 	C:\Windows\system32\msvcrt.dll
0x00007ff918970000 - 0x00007ff9189cb000 	C:\Windows\system32\sechost.dll
0x00007ff918dd0000 - 0x00007ff918eec000 	C:\Windows\system32\RPCRT4.dll
0x00007ff91b040000 - 0x00007ff91b196000 	C:\Windows\system32\USER32.dll
0x00007ff919530000 - 0x00007ff9196b6000 	C:\Windows\system32\GDI32.dll
0x00007ff90c270000 - 0x00007ff90c4e4000 	C:\Windows\WinSxS\amd64_microsoft.windows.common-controls_6595b64144ccf1df_6.0.10586.0_none_8c15ae12515e1c22\COMCTL32.dll
0x00007ff9189d0000 - 0x00007ff918c4d000 	C:\Windows\system32\combase.dll
0x00007ff9184f0000 - 0x00007ff91855a000 	C:\Windows\system32\bcryptPrimitives.dll
0x00007ff918c60000 - 0x00007ff918c9b000 	C:\Windows\system32\IMM32.DLL
0x0000000056f70000 - 0x0000000057042000 	C:\Program Files\Java\jdk1.8.0_66\jre\bin\msvcr100.dll
0x00000000575a0000 - 0x0000000057e29000 	C:\Program Files\Java\jdk1.8.0_66\jre\bin\server\jvm.dll
0x00007ff918c50000 - 0x00007ff918c58000 	C:\Windows\system32\PSAPI.DLL
0x00007ff913d90000 - 0x00007ff913d99000 	C:\Windows\SYSTEM32\WSOCK32.dll
0x00007ff91b1a0000 - 0x00007ff91b20b000 	C:\Windows\system32\WS2_32.dll
0x00007ff915a60000 - 0x00007ff915a83000 	C:\Windows\SYSTEM32\WINMM.dll
0x00007ff90b1e0000 - 0x00007ff90b1ea000 	C:\Windows\SYSTEM32\VERSION.dll
0x00007ff915a00000 - 0x00007ff915a2c000 	C:\Windows\SYSTEM32\WINMMBASE.dll
0x00007ff9184a0000 - 0x00007ff9184e3000 	C:\Windows\system32\cfgmgr32.dll
0x0000000057590000 - 0x000000005759f000 	C:\Program Files\Java\jdk1.8.0_66\jre\bin\verify.dll
0x0000000057560000 - 0x0000000057589000 	C:\Program Files\Java\jdk1.8.0_66\jre\bin\java.dll
0x0000000057540000 - 0x0000000057556000 	C:\Program Files\Java\jdk1.8.0_66\jre\bin\zip.dll
0x00007ff9196c0000 - 0x00007ff91ac1c000 	C:\Windows\system32\SHELL32.dll
0x00007ff917d40000 - 0x00007ff918384000 	C:\Windows\system32\windows.storage.dll
0x00007ff918910000 - 0x00007ff918962000 	C:\Windows\system32\shlwapi.dll
0x00007ff9178a0000 - 0x00007ff9178af000 	C:\Windows\system32\kernel.appcore.dll
0x00007ff917c80000 - 0x00007ff917d35000 	C:\Windows\system32\shcore.dll
0x00007ff917850000 - 0x00007ff91789b000 	C:\Windows\system32\powrprof.dll
0x00007ff917830000 - 0x00007ff917844000 	C:\Windows\system32\profapi.dll

VM Arguments:
jvm_args: -Djava.awt.headless=true -Xmx1024M -Dfile.encoding=windows-1252 -Duser.country=IT -Duser.language=it -Duser.variant 
java_command: com.android.dx.command.Main --dex --num-threads=4 --output C:\Users\Davide\AndroidStudioProjects\MioMeteo\app\build\intermediates\pre-dexed\debug\com.google.android.gms-play-services-ads-8.4.0_a6fd10e450791d362247a31607fa8d6fc799376c.jar C:\Users\Davide\AndroidStudioProjects\MioMeteo\app\build\intermediates\exploded-aar\com.google.android.gms\play-services-ads\8.4.0\jars\classes.jar
java_class_path (initial): C:\Users\Davide\AppData\Local\Android\sdk\build-tools\23.0.3\lib\dx.jar
Launcher Type: SUN_STANDARD

Environment Variables:
PATH=C:\ProgramData\Oracle\Java\javapath;C:\Program Files (x86)\Intel\iCLS Client\;C:\Program Files\Intel\iCLS Client\;C:\Windows\system32;C:\Windows;C:\Windows\System32\Wbem;C:\Windows\System32\WindowsPowerShell\v1.0\;c:\Program Files\Intel\WiFi\bin\;c:\Program Files\Common Files\Intel\WirelessCommon\;C:\Program Files\Intel\Intel(R) Management Engine Components\DAL;C:\Program Files (x86)\Intel\Intel(R) Management Engine Components\DAL;C:\Program Files\Intel\Intel(R) Management Engine Components\IPT;C:\Program Files (x86)\Intel\Intel(R) Management Engine Components\IPT;C:\Program Files\Hewlett-Packard\SimplePass\;C:\Program Files\Java\jdk1.8.0_66\bin;C:\Program Files\TortoiseSVN\bin;C:\Program Files (x86)\MySQL\MySQL Fabric 1.5 & MySQL Utilities 1.5\;C:\Program Files (x86)\MySQL\MySQL Fabric 1.5 & MySQL Utilities 1.5\Doctrine extensions for PHP\;C:\Program Files (x86)\Skype\Phone\
USERNAME=Davide
OS=Windows_NT
PROCESSOR_IDENTIFIER=Intel64 Family 6 Model 61 Stepping 4, GenuineIntel



---------------  S Y S T E M  ---------------

OS: Windows 10.0 , 64 bit Build 10586 (10.0.10586.0)

CPU:total 4 (2 cores per cpu, 2 threads per core) family 6 model 61 stepping 4, cmov, cx8, fxsr, mmx, sse, sse2, sse3, ssse3, sse4.1, sse4.2, popcnt, avx, avx2, aes, clmul, erms, 3dnowpref, lzcnt, ht, tsc, tscinvbit, bmi1, bmi2, adx

Memory: 4k page, physical 4109328k(100884k free), swap 5157904k(5228k free)

vm_info: Java HotSpot(TM) 64-Bit Server VM (25.66-b18) for windows-amd64 JRE (1.8.0_66-b18), built on Nov  9 2015 10:51:13 by "java_re" with MS VC++ 10.0 (VS2010)

time: Wed May 18 19:52:05 2016
elapsed time: 4 seconds (0d 0h 0m 4s)

