#
# There is insufficient memory for the Java Runtime Environment to continue.
# Native memory allocation (malloc) failed to allocate 32744 bytes for ChunkPool::allocate
# Possible reasons:
#   The system is out of physical RAM or swap space
#   In 32 bit mode, the process size limit was hit
# Possible solutions:
#   Reduce memory load on the system
#   Increase physical memory or swap space
#   Check if swap backing store is full
#   Use 64 bit Java on a 64 bit OS
#   Decrease Java heap size (-Xmx/-Xms)
#   Decrease number of Java threads
#   Decrease Java thread stack sizes (-Xss)
#   Set larger code cache with -XX:ReservedCodeCacheSize=
# This output file may be truncated or incomplete.
#
#  Out of Memory Error (allocation.cpp:273), pid=3704, tid=7484
#
# JRE version: Java(TM) SE Runtime Environment (8.0_66-b18) (build 1.8.0_66-b18)
# Java VM: Java HotSpot(TM) 64-Bit Server VM (25.66-b18 mixed mode windows-amd64 compressed oops)
# Failed to write core dump. Minidumps are not enabled by default on client versions of Windows
#

---------------  T H R E A D  ---------------

Current thread (0x0000000014a90000):  JavaThread "C2 CompilerThread1" daemon [_thread_in_native, id=7484, stack(0x00000000161e0000,0x00000000162e0000)]

Stack: [0x00000000161e0000,0x00000000162e0000]
[error occurred during error reporting (printing stack bounds), id 0xc0000005]

Native frames: (J=compiled Java code, j=interpreted, Vv=VM code, C=native code)


Current CompileTask:
C2:   7117 1663   !   4       com.android.dx.cf.cst.ConstantPoolParser::parse0 (731 bytes)


---------------  P R O C E S S  ---------------

Java Threads: ( => current thread )
  0x0000000016bbd000 JavaThread "pool-2-thread-4" [_thread_in_Java, id=7596, stack(0x00000000185b0000,0x00000000186b0000)]
  0x0000000016bbc000 JavaThread "pool-2-thread-3" [_thread_in_vm, id=7716, stack(0x00000000184b0000,0x00000000185b0000)]
  0x0000000016bbb800 JavaThread "pool-2-thread-2" [_thread_in_Java, id=6912, stack(0x00000000183b0000,0x00000000184b0000)]
  0x000000001661a000 JavaThread "pool-3-thread-1" [_thread_blocked, id=2912, stack(0x00000000182b0000,0x00000000183b0000)]
  0x0000000016619000 JavaThread "pool-2-thread-1" [_thread_in_Java, id=6500, stack(0x00000000181b0000,0x00000000182b0000)]
  0x0000000016303800 JavaThread "Service Thread" daemon [_thread_blocked, id=7356, stack(0x00000000167e0000,0x00000000168e0000)]
  0x00000000162e8800 JavaThread "C1 CompilerThread2" daemon [_thread_blocked, id=3700, stack(0x00000000166e0000,0x00000000167e0000)]
=>0x0000000014a90000 JavaThread "C2 CompilerThread1" daemon [_thread_in_native, id=7484, stack(0x00000000161e0000,0x00000000162e0000)]
  0x0000000014a8d000 JavaThread "C2 CompilerThread0" daemon [_thread_in_native, id=8008, stack(0x00000000160e0000,0x00000000161e0000)]
  0x0000000014a8b000 JavaThread "Attach Listener" daemon [_thread_blocked, id=3780, stack(0x0000000015fe0000,0x00000000160e0000)]
  0x0000000014a89800 JavaThread "Signal Dispatcher" daemon [_thread_blocked, id=5132, stack(0x0000000015ee0000,0x0000000015fe0000)]
  0x00000000023b0800 JavaThread "Finalizer" daemon [_thread_blocked, id=1560, stack(0x0000000015ce0000,0x0000000015de0000)]
  0x00000000023ad800 JavaThread "Reference Handler" daemon [_thread_blocked, id=2184, stack(0x0000000015be0000,0x0000000015ce0000)]
  0x00000000022c0800 JavaThread "main" [_thread_in_Java, id=1600, stack(0x00000000021c0000,0x00000000022c0000)]

Other Threads:
  0x0000000014a58800 VMThread [stack: 0x0000000015ae0000,0x0000000015be0000] [id=7288]
  0x0000000016308000 WatcherThread [stack: 0x00000000168e0000,0x00000000169e0000] [id=6856]

VM state:not at safepoint (normal execution)

VM Mutex/Monitor currently owned by a thread: None

Heap:
 PSYoungGen      total 35328K, used 17617K [0x00000000eab00000, 0x00000000efd00000, 0x0000000100000000)
  eden space 32768K, 46% used [0x00000000eab00000,0x00000000eb9bc7b0,0x00000000ecb00000)
  from space 2560K, 98% used [0x00000000ecb00000,0x00000000ecd78028,0x00000000ecd80000)
  to   space 9216K, 0% used [0x00000000ef400000,0x00000000ef400000,0x00000000efd00000)
 ParOldGen       total 44032K, used 11159K [0x00000000c0000000, 0x00000000c2b00000, 0x00000000eab00000)
  object space 44032K, 25% used [0x00000000c0000000,0x00000000c0ae5f80,0x00000000c2b00000)
 Metaspace       used 6303K, capacity 7152K, committed 7296K, reserved 1056768K
  class space    used 602K, capacity 616K, committed 640K, reserved 1048576K

Card table byte_map: [0x0000000011780000,0x0000000011990000] byte_map_base: 0x0000000011180000

Marking Bits: (ParMarkBitMap*) 0x000000006695a5b0
 Begin Bits: [0x0000000011ef0000, 0x0000000012ef0000)
 End Bits:   [0x0000000012ef0000, 0x0000000013ef0000)

Polling page: 0x0000000000500000

CodeCache: size=245760Kb used=7454Kb max_used=7454Kb free=238305Kb
 bounds [0x00000000023c0000, 0x0000000002b10000, 0x00000000113c0000]
 total_blobs=2021 nmethods=1751 adapters=182
 compilation: enabled

Compilation events (10 events):
Event: 7.067 Thread 0x00000000162e8800 1771       1       com.android.dx.cf.attrib.AttInnerClasses::getInnerClasses (5 bytes)
Event: 7.067 Thread 0x00000000162e8800 nmethod 1771 0x0000000002b0c490 code [0x0000000002b0c5e0, 0x0000000002b0c6f0]
Event: 7.068 Thread 0x00000000162e8800 1772       2       com.android.dx.dex.code.BlockAddresses::getStart (7 bytes)
Event: 7.068 Thread 0x00000000162e8800 nmethod 1772 0x0000000002b0c750 code [0x0000000002b0c8a0, 0x0000000002b0ca10]
Event: 7.068 Thread 0x00000000162e8800 1773       2       com.android.dx.rop.cst.CstInterfaceMethodRef::<init> (12 bytes)
Event: 7.069 Thread 0x00000000162e8800 nmethod 1773 0x0000000002b0cb10 code [0x0000000002b0cc80, 0x0000000002b0ce78]
Event: 7.073 Thread 0x00000000162e8800 1775       2       com.android.dx.ssa.SsaMethod::makeNewSsaReg (26 bytes)
Event: 7.074 Thread 0x00000000162e8800 nmethod 1775 0x0000000002b0cfd0 code [0x0000000002b0d120, 0x0000000002b0d2b0]
Event: 7.074 Thread 0x00000000162e8800 1776       2       com.android.dx.ssa.SsaInsn::makeFromRop (10 bytes)
Event: 7.074 Thread 0x00000000162e8800 nmethod 1776 0x0000000002b0d350 code [0x0000000002b0d4c0, 0x0000000002b0d748]

GC Heap History (10 events):
Event: 0.458 GC heap before
{Heap before GC invocations=1 (full 0):
 PSYoungGen      total 18944K, used 16384K [0x00000000eab00000, 0x00000000ec000000, 0x0000000100000000)
  eden space 16384K, 100% used [0x00000000eab00000,0x00000000ebb00000,0x00000000ebb00000)
  from space 2560K, 0% used [0x00000000ebd80000,0x00000000ebd80000,0x00000000ec000000)
  to   space 2560K, 0% used [0x00000000ebb00000,0x00000000ebb00000,0x00000000ebd80000)
 ParOldGen       total 44032K, used 0K [0x00000000c0000000, 0x00000000c2b00000, 0x00000000eab00000)
  object space 44032K, 0% used [0x00000000c0000000,0x00000000c0000000,0x00000000c2b00000)
 Metaspace       used 3393K, capacity 4720K, committed 4864K, reserved 1056768K
  class space    used 370K, capacity 424K, committed 512K, reserved 1048576K
Event: 0.462 GC heap after
Heap after GC invocations=1 (full 0):
 PSYoungGen      total 18944K, used 909K [0x00000000eab00000, 0x00000000ec000000, 0x0000000100000000)
  eden space 16384K, 0% used [0x00000000eab00000,0x00000000eab00000,0x00000000ebb00000)
  from space 2560K, 35% used [0x00000000ebb00000,0x00000000ebbe3630,0x00000000ebd80000)
  to   space 2560K, 0% used [0x00000000ebd80000,0x00000000ebd80000,0x00000000ec000000)
 ParOldGen       total 44032K, used 8K [0x00000000c0000000, 0x00000000c2b00000, 0x00000000eab00000)
  object space 44032K, 0% used [0x00000000c0000000,0x00000000c0002000,0x00000000c2b00000)
 Metaspace       used 3393K, capacity 4720K, committed 4864K, reserved 1056768K
  class space    used 370K, capacity 424K, committed 512K, reserved 1048576K
}
Event: 1.355 GC heap before
{Heap before GC invocations=2 (full 0):
 PSYoungGen      total 18944K, used 17293K [0x00000000eab00000, 0x00000000ec000000, 0x0000000100000000)
  eden space 16384K, 100% used [0x00000000eab00000,0x00000000ebb00000,0x00000000ebb00000)
  from space 2560K, 35% used [0x00000000ebb00000,0x00000000ebbe3630,0x00000000ebd80000)
  to   space 2560K, 0% used [0x00000000ebd80000,0x00000000ebd80000,0x00000000ec000000)
 ParOldGen       total 44032K, used 8K [0x00000000c0000000, 0x00000000c2b00000, 0x00000000eab00000)
  object space 44032K, 0% used [0x00000000c0000000,0x00000000c0002000,0x00000000c2b00000)
 Metaspace       used 5732K, capacity 6640K, committed 6784K, reserved 1056768K
  class space    used 593K, capacity 616K, committed 640K, reserved 1048576K
Event: 1.509 GC heap after
Heap after GC invocations=2 (full 0):
 PSYoungGen      total 18944K, used 2551K [0x00000000eab00000, 0x00000000ed000000, 0x0000000100000000)
  eden space 16384K, 0% used [0x00000000eab00000,0x00000000eab00000,0x00000000ebb00000)
  from space 2560K, 99% used [0x00000000ebd80000,0x00000000ebffdc78,0x00000000ec000000)
  to   space 2560K, 0% used [0x00000000ebb00000,0x00000000ebb00000,0x00000000ebd80000)
 ParOldGen       total 44032K, used 1297K [0x00000000c0000000, 0x00000000c2b00000, 0x00000000eab00000)
  object space 44032K, 2% used [0x00000000c0000000,0x00000000c01444f0,0x00000000c2b00000)
 Metaspace       used 5732K, capacity 6640K, committed 6784K, reserved 1056768K
  class space    used 593K, capacity 616K, committed 640K, reserved 1048576K
}
Event: 3.191 GC heap before
{Heap before GC invocations=3 (full 0):
 PSYoungGen      total 18944K, used 18935K [0x00000000eab00000, 0x00000000ed000000, 0x0000000100000000)
  eden space 16384K, 100% used [0x00000000eab00000,0x00000000ebb00000,0x00000000ebb00000)
  from space 2560K, 99% used [0x00000000ebd80000,0x00000000ebffdc78,0x00000000ec000000)
  to   space 2560K, 0% used [0x00000000ebb00000,0x00000000ebb00000,0x00000000ebd80000)
 ParOldGen       total 44032K, used 1297K [0x00000000c0000000, 0x00000000c2b00000, 0x00000000eab00000)
  object space 44032K, 2% used [0x00000000c0000000,0x00000000c01444f0,0x00000000c2b00000)
 Metaspace       used 6024K, capacity 6960K, committed 7040K, reserved 1056768K
  class space    used 597K, capacity 616K, committed 640K, reserved 1048576K
Event: 3.386 GC heap after
Heap after GC invocations=3 (full 0):
 PSYoungGen      total 18944K, used 2554K [0x00000000eab00000, 0x00000000ed000000, 0x0000000100000000)
  eden space 16384K, 0% used [0x00000000eab00000,0x00000000eab00000,0x00000000ebb00000)
  from space 2560K, 99% used [0x00000000ebb00000,0x00000000ebd7eaa8,0x00000000ebd80000)
  to   space 2560K, 0% used [0x00000000ecd80000,0x00000000ecd80000,0x00000000ed000000)
 ParOldGen       total 44032K, used 3471K [0x00000000c0000000, 0x00000000c2b00000, 0x00000000eab00000)
  object space 44032K, 7% used [0x00000000c0000000,0x00000000c0363f38,0x00000000c2b00000)
 Metaspace       used 6024K, capacity 6960K, committed 7040K, reserved 1056768K
  class space    used 597K, capacity 616K, committed 640K, reserved 1048576K
}
Event: 4.984 GC heap before
{Heap before GC invocations=4 (full 0):
 PSYoungGen      total 18944K, used 18938K [0x00000000eab00000, 0x00000000ed000000, 0x0000000100000000)
  eden space 16384K, 100% used [0x00000000eab00000,0x00000000ebb00000,0x00000000ebb00000)
  from space 2560K, 99% used [0x00000000ebb00000,0x00000000ebd7eaa8,0x00000000ebd80000)
  to   space 2560K, 0% used [0x00000000ecd80000,0x00000000ecd80000,0x00000000ed000000)
 ParOldGen       total 44032K, used 3658K [0x00000000c0000000, 0x00000000c2b00000, 0x00000000eab00000)
  object space 44032K, 8% used [0x00000000c0000000,0x00000000c0392b18,0x00000000c2b00000)
 Metaspace       used 6141K, capacity 7024K, committed 7296K, reserved 1056768K
  class space    used 600K, capacity 616K, committed 640K, reserved 1048576K
Event: 4.998 GC heap after
Heap after GC invocations=4 (full 0):
 PSYoungGen      total 35328K, used 2528K [0x00000000eab00000, 0x00000000ed000000, 0x0000000100000000)
  eden space 32768K, 0% used [0x00000000eab00000,0x00000000eab00000,0x00000000ecb00000)
  from space 2560K, 98% used [0x00000000ecd80000,0x00000000ecff8028,0x00000000ed000000)
  to   space 2560K, 0% used [0x00000000ecb00000,0x00000000ecb00000,0x00000000ecd80000)
 ParOldGen       total 44032K, used 6208K [0x00000000c0000000, 0x00000000c2b00000, 0x00000000eab00000)
  object space 44032K, 14% used [0x00000000c0000000,0x00000000c06100a8,0x00000000c2b00000)
 Metaspace       used 6141K, capacity 7024K, committed 7296K, reserved 1056768K
  class space    used 600K, capacity 616K, committed 640K, reserved 1048576K
}
Event: 6.508 GC heap before
{Heap before GC invocations=5 (full 0):
 PSYoungGen      total 35328K, used 35296K [0x00000000eab00000, 0x00000000ed000000, 0x0000000100000000)
  eden space 32768K, 100% used [0x00000000eab00000,0x00000000ecb00000,0x00000000ecb00000)
  from space 2560K, 98% used [0x00000000ecd80000,0x00000000ecff8028,0x00000000ed000000)
  to   space 2560K, 0% used [0x00000000ecb00000,0x00000000ecb00000,0x00000000ecd80000)
 ParOldGen       total 44032K, used 6209K [0x00000000c0000000, 0x00000000c2b00000, 0x00000000eab00000)
  object space 44032K, 14% used [0x00000000c0000000,0x00000000c06106f0,0x00000000c2b00000)
 Metaspace       used 6279K, capacity 7152K, committed 7296K, reserved 1056768K
  class space    used 601K, capacity 616K, committed 640K, reserved 1048576K
Event: 6.894 GC heap after
Heap after GC invocations=5 (full 0):
 PSYoungGen      total 35328K, used 2528K [0x00000000eab00000, 0x00000000efd00000, 0x0000000100000000)
  eden space 32768K, 0% used [0x00000000eab00000,0x00000000eab00000,0x00000000ecb00000)
  from space 2560K, 98% used [0x00000000ecb00000,0x00000000ecd78028,0x00000000ecd80000)
  to   space 9216K, 0% used [0x00000000ef400000,0x00000000ef400000,0x00000000efd00000)
 ParOldGen       total 44032K, used 11159K [0x00000000c0000000, 0x00000000c2b00000, 0x00000000eab00000)
  object space 44032K, 25% used [0x00000000c0000000,0x00000000c0ae5f80,0x00000000c2b00000)
 Metaspace       used 6279K, capacity 7152K, committed 7296K, reserved 1056768K
  class space    used 601K, capacity 616K, committed 640K, reserved 1048576K
}

Deoptimization events (10 events):
Event: 4.973 Thread 0x0000000016bbd000 Uncommon trap: reason=unstable_if action=reinterpret pc=0x000000000298bb0c method=com.android.dx.rop.code.RegisterSpecSet.put(Lcom/android/dx/rop/code/RegisterSpec;)V @ 77
Event: 5.004 Thread 0x0000000016bbd000 Uncommon trap: reason=unstable_if action=reinterpret pc=0x00000000028dcbc4 method=java.util.BitSet.clone()Ljava/lang/Object; @ 4
Event: 5.081 Thread 0x0000000016619000 Uncommon trap: reason=unstable_if action=reinterpret pc=0x00000000027282bc method=com.android.dx.util.IntList.binarysearch(I)I @ 105
Event: 5.081 Thread 0x0000000016619000 Uncommon trap: reason=unstable_if action=reinterpret pc=0x00000000029b0f9c method=com.android.dx.ssa.SsaBasicBlock.newFromRop(Lcom/android/dx/rop/code/RopMethod;ILcom/android/dx/ssa/SsaMethod;)Lcom/android/dx/ssa/SsaBasicBlock; @ 164
Event: 5.087 Thread 0x0000000016619000 Uncommon trap: reason=unstable_if action=reinterpret pc=0x00000000029b93c8 method=com.android.dx.ssa.SsaMethod.blockIndexToRopLabel(I)I @ 1
Event: 5.102 Thread 0x0000000016bbc000 Uncommon trap: reason=unstable_if action=reinterpret pc=0x00000000028fac54 method=com.android.dx.cf.code.BytecodeArray.parseInstruction(ILcom/android/dx/cf/code/BytecodeArray$Visitor;)I @ 1198
Event: 5.731 Thread 0x0000000016bbb800 Uncommon trap: reason=bimorphic action=maybe_recompile pc=0x000000000269d370 method=java.util.HashMap.getNode(ILjava/lang/Object;)Ljava/util/HashMap$Node; @ 126
Event: 5.743 Thread 0x0000000016619000 Uncommon trap: reason=bimorphic action=maybe_recompile pc=0x000000000269d370 method=java.util.HashMap.getNode(ILjava/lang/Object;)Ljava/util/HashMap$Node; @ 126
Event: 6.406 Thread 0x0000000016bbd000 Uncommon trap: reason=unloaded action=reinterpret pc=0x000000000299831c method=com.android.dx.ssa.LiteralOpUpgrader$1.visitNonMoveInsn(Lcom/android/dx/ssa/NormalSsaInsn;)V @ 72
Event: 6.407 Thread 0x0000000016bbd000 Uncommon trap: reason=unstable_if action=reinterpret pc=0x0000000002724d1c method=com.android.dx.ssa.SsaMethod.updateOneDefinition(Lcom/android/dx/ssa/SsaInsn;Lcom/android/dx/rop/code/RegisterSpec;)V @ 4

Internal exceptions (3 events):
Event: 0.056 Thread 0x00000000022c0800 Exception <a 'java/lang/NoSuchMethodError': Method sun.misc.Unsafe.defineClass(Ljava/lang/String;[BII)Ljava/lang/Class; name or signature does not match> (0x00000000eab0d888) thrown at [C:\re\workspace\8-2-build-windows-amd64-cygwin\jdk8u66\5298\hotspot\srzÿ∏e§¢¨?
Event: 0.056 Thread 0x00000000022c0800 Exception <a 'java/lang/NoSuchMethodError': Method sun.misc.Unsafe.prefetchRead(Ljava/lang/Object;J)V name or signature does not match> (0x00000000eab0db70) thrown at [C:\re\workspace\8-2-build-windows-amd64-cygwin\jdk8u66\5298\hotspot\src\share\vm\prims\j`<ñí|ˇ?
Event: 1.968 Thread 0x00000000022c0800 Implicit null exception at 0x00000000026ac922 to 0x00000000026aca1a

Events (10 events):
Event: 6.406 loading class com/android/dx/rop/code/RegOps done
Event: 6.407 Thread 0x0000000016bbd000 DEOPT PACKING pc=0x000000000299831c sp=0x00000000186aecc0
Event: 6.407 Thread 0x0000000016bbd000 DEOPT UNPACKING pc=0x000000000240582a sp=0x00000000186aeca8 mode 2
Event: 6.407 Thread 0x0000000016bbd000 Uncommon trap: trap_request=0xffffff65 fr.pc=0x0000000002724d1c
Event: 6.407 Thread 0x0000000016bbd000 DEOPT PACKING pc=0x0000000002724d1c sp=0x00000000186aeb20
Event: 6.407 Thread 0x0000000016bbd000 DEOPT UNPACKING pc=0x000000000240582a sp=0x00000000186aeac8 mode 2
Event: 6.508 Executing VM operation: ParallelGCFailedAllocation
Event: 6.894 Executing VM operation: ParallelGCFailedAllocation done
Event: 7.028 loading class com/android/dx/cf/code/BytecodeArray$ConstantParserVisitor
Event: 7.028 loading class com/android/dx/cf/code/BytecodeArray$ConstantParserVisitor done


Dynamic libraries:
0x00007ff62de70000 - 0x00007ff62dea7000 	C:\Program Files\Java\jdk1.8.0_66\bin\java.exe
0x00007ffb346b0000 - 0x00007ffb34871000 	C:\Windows\SYSTEM32\ntdll.dll
0x00007ffb32ae0000 - 0x00007ffb32b8d000 	C:\Windows\system32\KERNEL32.DLL
0x00007ffb30fd0000 - 0x00007ffb311b8000 	C:\Windows\system32\KERNELBASE.dll
0x00007ffb32510000 - 0x00007ffb325b7000 	C:\Windows\system32\ADVAPI32.dll
0x00007ffb32870000 - 0x00007ffb3290d000 	C:\Windows\system32\msvcrt.dll
0x00007ffb34640000 - 0x00007ffb3469b000 	C:\Windows\system32\sechost.dll
0x00007ffb322d0000 - 0x00007ffb323ec000 	C:\Windows\system32\RPCRT4.dll
0x00007ffb32980000 - 0x00007ffb32ad6000 	C:\Windows\system32\USER32.dll
0x00007ffb344b0000 - 0x00007ffb34636000 	C:\Windows\system32\GDI32.dll
0x00007ffb260a0000 - 0x00007ffb26314000 	C:\Windows\WinSxS\amd64_microsoft.windows.common-controls_6595b64144ccf1df_6.0.10586.0_none_8c15ae12515e1c22\COMCTL32.dll
0x00007ffb32b90000 - 0x00007ffb32e0d000 	C:\Windows\system32\combase.dll
0x00007ffb30d60000 - 0x00007ffb30dca000 	C:\Windows\system32\bcryptPrimitives.dll
0x00007ffb31ab0000 - 0x00007ffb31aeb000 	C:\Windows\system32\IMM32.DLL
0x0000000065cd0000 - 0x0000000065da2000 	C:\Program Files\Java\jdk1.8.0_66\jre\bin\msvcr100.dll
0x0000000066150000 - 0x00000000669d9000 	C:\Program Files\Java\jdk1.8.0_66\jre\bin\server\jvm.dll
0x00007ffb346a0000 - 0x00007ffb346a8000 	C:\Windows\system32\PSAPI.DLL
0x00007ffb2d450000 - 0x00007ffb2d459000 	C:\Windows\SYSTEM32\WSOCK32.dll
0x00007ffb32910000 - 0x00007ffb3297b000 	C:\Windows\system32\WS2_32.dll
0x00007ffb2ef50000 - 0x00007ffb2ef73000 	C:\Windows\SYSTEM32\WINMM.dll
0x00007ffb24800000 - 0x00007ffb2480a000 	C:\Windows\SYSTEM32\VERSION.dll
0x00000000020b0000 - 0x00000000020dc000 	C:\Windows\SYSTEM32\WINMMBASE.dll
0x00007ffb31830000 - 0x00007ffb31873000 	C:\Windows\system32\cfgmgr32.dll
0x0000000066140000 - 0x000000006614f000 	C:\Program Files\Java\jdk1.8.0_66\jre\bin\verify.dll
0x0000000066110000 - 0x0000000066139000 	C:\Program Files\Java\jdk1.8.0_66\jre\bin\java.dll
0x00000000660f0000 - 0x0000000066106000 	C:\Program Files\Java\jdk1.8.0_66\jre\bin\zip.dll
0x00007ffb32e10000 - 0x00007ffb3436c000 	C:\Windows\system32\SHELL32.dll
0x00007ffb311c0000 - 0x00007ffb31804000 	C:\Windows\system32\windows.storage.dll
0x00007ffb32270000 - 0x00007ffb322c2000 	C:\Windows\system32\shlwapi.dll
0x00007ffb30cf0000 - 0x00007ffb30cff000 	C:\Windows\system32\kernel.appcore.dll
0x00007ffb30e60000 - 0x00007ffb30f15000 	C:\Windows\system32\shcore.dll
0x00007ffb30d00000 - 0x00007ffb30d4b000 	C:\Windows\system32\powrprof.dll
0x00007ffb30cd0000 - 0x00007ffb30ce4000 	C:\Windows\system32\profapi.dll

VM Arguments:
jvm_args: -Djava.awt.headless=true -Xmx1024M -Dfile.encoding=windows-1252 -Duser.country=IT -Duser.language=it -Duser.variant 
java_command: com.android.dx.command.Main --dex --force-jumbo --num-threads=4 --multi-dex --output C:\Users\Davide\AndroidStudioProjects\MioMeteo\app\build\intermediates\transforms\dex\debug\folders\1000\10\com.google.android.gms-play-services-ads-8.4.0_a6fd10e450791d362247a31607fa8d6fc799376c C:\Users\Davide\AndroidStudioProjects\MioMeteo\app\build\intermediates\exploded-aar\com.google.android.gms\play-services-ads\8.4.0\jars\classes.jar
java_class_path (initial): C:\Users\Davide\AppData\Local\Android\sdk\build-tools\23.0.3\lib\dx.jar
Launcher Type: SUN_STANDARD

Environment Variables:
PATH=C:\ProgramData\Oracle\Java\javapath;C:\Program Files (x86)\Intel\iCLS Client\;C:\Program Files\Intel\iCLS Client\;C:\Windows\system32;C:\Windows;C:\Windows\System32\Wbem;C:\Windows\System32\WindowsPowerShell\v1.0\;c:\Program Files\Intel\WiFi\bin\;c:\Program Files\Common Files\Intel\WirelessCommon\;C:\Program Files\Intel\Intel(R) Management Engine Components\DAL;C:\Program Files (x86)\Intel\Intel(R) Management Engine Components\DAL;C:\Program Files\Intel\Intel(R) Management Engine Components\IPT;C:\Program Files (x86)\Intel\Intel(R) Management Engine Components\IPT;C:\Program Files\Hewlett-Packard\SimplePass\;C:\Program Files\Java\jdk1.8.0_66\bin;C:\Program Files\TortoiseSVN\bin;C:\Program Files (x86)\MySQL\MySQL Fabric 1.5 & MySQL Utilities 1.5\;C:\Program Files (x86)\MySQL\MySQL Fabric 1.5 & MySQL Utilities 1.5\Doctrine extensions for PHP\;C:\Program Files (x86)\Skype\Phone\
USERNAME=Davide
OS=Windows_NT
PROCESSOR_IDENTIFIER=Intel64 Family 6 Model 61 Stepping 4, GenuineIntel



---------------  S Y S T E M  ---------------

OS: Windows 10.0 , 64 bit Build 10586 (10.0.10586.0)

CPU:total 4 (2 cores per cpu, 2 threads per core) family 6 model 61 stepping 4, cmov, cx8, fxsr, mmx, sse, sse2, sse3, ssse3, sse4.1, sse4.2, popcnt, avx, avx2, aes, clmul, erms, 3dnowpref, lzcnt, ht, tsc, tscinvbit, bmi1, bmi2, adx

Memory: 4k page, physical 4109328k(235264k free), swap 5157904k(5140k free)

vm_info: Java HotSpot(TM) 64-Bit Server VM (25.66-b18) for windows-amd64 JRE (1.8.0_66-b18), built on Nov  9 2015 10:51:13 by "java_re" with MS VC++ 10.0 (VS2010)

time: Tue May 17 10:51:19 2016
elapsed time: 7 seconds (0d 0h 0m 7s)

